ARM GAS  C:\Users\CYIRKO~1\AppData\Local\Temp\cccsxI9e.s 			page 1


   1              		.cpu cortex-m7
   2              		.eabi_attribute 20, 1
   3              		.eabi_attribute 21, 1
   4              		.eabi_attribute 23, 3
   5              		.eabi_attribute 24, 1
   6              		.eabi_attribute 25, 1
   7              		.eabi_attribute 26, 1
   8              		.eabi_attribute 30, 2
   9              		.eabi_attribute 34, 1
  10              		.eabi_attribute 18, 4
  11              		.file	"ADC.c"
  12              		.text
  13              	.Ltext0:
  14              		.section	.gnu.lto_.profile.bd26d927,"",%progbits
  15 0000 789C6365 		.ascii	"x\234ce`b`a```d\2504\007\000\001\251\000\275"
  15      60626061 
  15      60606064 
  15      A8340700 
  15      01A900BD 
  16              		.text
  17              		.section	.gnu.lto_.icf.bd26d927,"",%progbits
  18 0000 789C6365 		.ascii	"x\234ce`b\320a@\000v\206\275MK\276326\036\275r\202\207"
  18      6062D061 
  18      40007686 
  18      BD4D4BBE 
  18      3332361E 
  19 0018 094C32EF 		.ascii	"\011L2\357\330yd\037\037\313\225\273S\266\361\263nj"
  19      D879641F 
  19      1FCB95BB 
  19      53B6F1B3 
  19      6E6A
  20 002a 587A979B 		.ascii	"Xz\227\233\015L2\000\000\326\333\024\220"
  20      0D4C3200 
  20      00D6DB14 
  20      90
  21              		.text
  22              		.section	.gnu.lto_.jmpfuncs.bd26d927,"",%progbits
  23 0000 789C6365 		.ascii	"x\234ce`b\360b@\000f fb\234\316\314\270g~\317J\256>"
  23      6062F062 
  23      40006620 
  23      66629CCE 
  23      CCB8677E 
  24 0018 E6F9CC0C 		.ascii	"\346\371\314\014\214L\214\313\031e\240\302[\333\317"
  24      8C4C8CCB 
  24      1965A0C2 
  24      5BDBCF
  25 0027 6C840A33 		.ascii	"l\204\01232\256\000\011\203\26401B\224\260\200\231\020"
  25      32AE0009 
  25      83B43031 
  25      4294B080 
  25      9910
  26 0039 610039FC 		.ascii	"a\0009\374\014|"
  26      0C7C
  27              		.text
  28              		.section	.gnu.lto_.inline.bd26d927,"",%progbits
  29 0000 789C6365 		.ascii	"x\234ce`b\210f@\000f\006\006!SF\006&\201\013\235L\014"
  29      60628866 
ARM GAS  C:\Users\CYIRKO~1\AppData\Local\Temp\cccsxI9e.s 			page 2


  29      40006606 
  29      06215346 
  29      0626810B 
  30 0017 6C0BE499 		.ascii	"l\013\344\231\300\202<\014\014\214P\222\221\013\254"
  30      C0823C0C 
  30      0C8C5092 
  30      910BAC
  31 0026 4A421EA8 		.ascii	"JB\036\250HeM?\272\"\026\006a\025\240\214\324\203\353"
  31      48654D3F 
  31      BA221606 
  31      6115A08C 
  31      D483EB
  32 0039 E8320C00 		.ascii	"\3502\014\000\232\017\010j"
  32      9A0F086A 
  33              		.text
  34              		.section	.gnu.lto_.pureconst.bd26d927,"",%progbits
  35 0000 789C6365 		.ascii	"x\234ce`b`g```f\220`\226`\221\000\000\001\302\000a"
  35      60626067 
  35      60606066 
  35      90609660 
  35      91000001 
  36              		.text
  37              		.section	.gnu.lto_initADC.bd26d927,"",%progbits
  38 0000 789C7D92 		.ascii	"x\234}\222]k\323p\024\306\317\223\177\332\244Y\273\025"
  38      5D6BD370 
  38      14C6CF93 
  38      7FDAA459 
  38      BB15
  39 0012 6F446C3F 		.ascii	"oDl?\300&(\373\010\242\337\244\367\342\313\007h\\5\221"
  39      C02628FB 
  39      08A2DFA4 
  39      F7E2CB07 
  39      685C3591 
  40 0026 5AE66EEC 		.ascii	"Z\346n\354\0102\022\360\242\233\253\2665v3(R\206\010"
  40      083212F0 
  40      A29BABB6 
  40      35763328 
  40      528608
  41 0039 83A2C397 		.ascii	"\203\242\303\227y!\210(T\334\364\2467\352\205\323s\222"
  41      79218828 
  41      54DCF4A6 
  41      37EA85D3 
  41      7392
  42 004b 0EEC2606 		.ascii	"\016\354&\006r\222\236\363<\347\374\373;I\221FEE\224"
  42      72929EF3 
  42      3CE7FCFB 
  42      3B499146 
  42      454594
  43 005e 25A2E37C 		.ascii	"%\242\343|C\021\264\205\347D\227M\015\220\027\333\004"
  43      4311B485 
  43      E744974D 
  43      0D9017DB 
  43      04
  44 006f 95359471 		.ascii	"\2255\224qC-*l\270\203H\233n\330|\365\026\207\307\354"
  44      432D2A6C 
  44      B883489B 
  44      6ED87CF5 
ARM GAS  C:\Users\CYIRKO~1\AppData\Local\Temp\cccsxI9e.s 			page 3


  44      1687C7EC 
  45 0083 E51E7CB6 		.ascii	"\345\036|\266{|\313\205\006\246\211e\037;{7si=\311c"
  45      7B7CCB85 
  45      06A68965 
  45      1F3B7B37 
  45      73693DC9 
  46 0098 1969F0B3 		.ascii	"\031i\360\263\365\022={\357\267k\367\266\217VKGt\362"
  46      F5123D7B 
  46      EFB76BF7 
  46      B68F564B 
  46      4774F2
  47 00ab 15521CB4 		.ascii	"\025R\034\264\264\004\203\2032%d8\350Y\251\346\2440"
  47      B4048383 
  47      32256438 
  47      E859A9E6 
  47      A430
  48 00bd 29614A42 		.ascii	")aJB^\012DUn*'\273\2564y\252]T\202\357'd\212\214\216"
  48      5E0A4455 
  48      6E2A27BB 
  48      AE3479AA 
  48      5D5482EF 
  49 00d6 A2AFEF8C 		.ascii	"\242\257\357\214\362/\333\364U\312S<\027+(\2631M\273"
  49      F22FDBF4 
  49      55CA533C 
  49      172B28B3 
  49      314DBB
  50 00e9 B812ACD6 		.ascii	"\270\022\254\326fD\270\244\364q\251\341q3\302\035\226"
  50      6644B8A4 
  50      F471A9E1 
  50      7133C21D 
  50      96
  51 00fa 72A1EBF6 		.ascii	"r\241\353\366;\326\274\362\225\011`\025\005\237\317"
  51      3BD6BCF2 
  51      95096015 
  51      059FCF
  52 0109 F4057343 		.ascii	"\364\005sC\027\2119\305~NT\352N4\221d$\311\306\352|"
  52      178939C5 
  52      7E4E54EA 
  52      4E349164 
  52      24C9C6EA 
  53 011e 6DDD14A3 		.ascii	"m\335\024\243\206\366y4Q\020\333\266\343\345\022\225"
  53      86F67934 
  53      5110DBB6 
  53      E3E51295 
  54 012e C142F16D 		.ascii	"\301B\361m9\243F&\347\330\266Vy\322\265\212\267\354"
  54      39A34626 
  54      E7D8B656 
  54      79D2B58A 
  54      B7EC
  55 0140 6BB69D57 		.ascii	"k\266\235Wd\007\341\240\357\205\203&\243\345u\334EQ"
  55      6407E1A0 
  55      EF858326 
  55      A3E575DC 
  55      4551
  56 0152 BABC767E 		.ascii	"\272\274v~\252\304\224a\237d\352\031\371\315\366\372"
  56      AAC49461 
  56      9F64EA19 
ARM GAS  C:\Users\CYIRKO~1\AppData\Local\Temp\cccsxI9e.s 			page 4


  56      F9CDF6FA 
  57 0162 D58D1786 		.ascii	"\325\215\027\206L\265p\200\200u[\026\300\271\235\376"
  57      4CB57080 
  57      80755B16 
  57      C0B99DFE 
  58 0172 9BA7968F 		.ascii	"\233\247\226\217%n9\201\026o\363\036\237M\012\217^\275"
  58      256E3981 
  58      166FF31E 
  58      9F4D0A8F 
  58      5EBD
  59 0184 6FE8B32D 		.ascii	"o\350\263-Yhp\316WY\264\341\0033\205x\233\035\314\362"
  59      596870CE 
  59      5759B4E1 
  59      03338578 
  59      9B1DCCF2 
  60 0198 B8185C6B 		.ascii	"\270\030\\k\037\\\366\237\340\356'\340\036\373\265\225"
  60      1F5CF69F 
  60      E0EE27E0 
  60      1EFBB595 
  61 01a8 11380DE1 		.ascii	"\0218\015\341ap9\366'\3406G\340&9\311\306\346\333\315"
  61      617039F6 
  61      27E03647 
  61      E02639C9 
  61      C6E6DBCD 
  62 01bc 2D3D01F7 		.ascii	"-=\001\367\343\002\036\304\340*m'\032\201\233b!\253"
  62      E3021EC4 
  62      E02A6D27 
  62      1A819B62 
  62      21AB
  63 01ce 3E7C0E3F 		.ascii	">|\016?\031\211\352\031\241\233\340\035\272\373`\362"
  63      1989EA19 
  63      A19BE01D 
  63      BAFB60F2 
  64 01de 2C1C0333 		.ascii	",\034\0033N\002\207I\254\375\217\304\372_$\036\012\211"
  64      4E028749 
  64      ACFD8FC4 
  64      FA5F241E 
  64      0A89
  65 01f0 3C7DC35C 		.ascii	"<}\303\\\020\326\342?\023\177\357Un\312\237 \023\260"
  65      10D6E23F 
  65      137FEF55 
  65      6ECA9F20 
  65      13B0
  66 0202 2E5D2C9D 		.ascii	".],\235:}\366\314\311\022\375\001\247\020\370="
  66      3A7DF6CC 
  66      C912FD01 
  66      A710F83D 
  67              		.text
  68              		.section	.gnu.lto_DinADC.bd26d927,"",%progbits
  69 0000 789C6365 		.ascii	"x\234ce`b\320e```d\200\200\351\314\214\353\337\354\374"
  69      6062D065 
  69      60606064 
  69      8080E9CC 
  69      8CEBDFEC 
  70 0015 C9DBC73C 		.ascii	"\311\333\307<\237\031(\010\344\336\235\276\245\225\327"
  70      9F192808 
  70      E4DE9DBE 
ARM GAS  C:\Users\CYIRKO~1\AppData\Local\Temp\cccsxI9e.s 			page 5


  70      A595D7
  71 0024 625B43C7 		.ascii	"b[C\307\202\006\201\371\314\214\214\2062\214\313\031"
  71      820681F9 
  71      CC8C8C86 
  71      328CCB19 
  72 0034 65181857 		.ascii	"e\030\030W0Z0\000\000\221\331\016r"
  72      305A3000 
  72      0091D90E 
  72      72
  73              		.text
  74              		.section	.gnu.lto_DinCur.bd26d927,"",%progbits
  75 0000 789C6365 		.ascii	"x\234ce`b\320e```d\200\200\351\314\214\353\337\354\374"
  75      6062D065 
  75      60606064 
  75      8080E9CC 
  75      8CEBDFEC 
  76 0015 C9DBC73C 		.ascii	"\311\333\307<\237\031(\010\344\336\235\276\245\225\327"
  76      9F192808 
  76      E4DE9DBE 
  76      A595D7
  77 0024 625B43C7 		.ascii	"b[C\307\202\006\201\371\314\214\214\2062\214\313\031"
  77      820681F9 
  77      CC8C8C86 
  77      328CCB19 
  78 0034 65181857 		.ascii	"e\030\030W0Z0\000\000\221\331\016r"
  78      305A3000 
  78      0091D90E 
  78      72
  79              		.text
  80              		.section	.gnu.lto_get_current.bd26d927,"",%progbits
  81 0000 789C8D53 		.ascii	"x\234\215S[O\023Q\020\236\331\263\333m\267\305\226k"
  81      5B4F1351 
  81      109ED9B3 
  81      DB6DB7C5 
  81      966B
  82 0012 3429C157 		.ascii	"4)\301W0\2214\361\017\030\375'\274\233\250\317\332#"
  82      309134F1 
  82      0F18FD27 
  82      BC9BA8CF 
  82      DA23
  83 0024 9722172F 		.ascii	"\227\"\027/\017\012Y\011.\206\207\202\200\200(P\271"
  83      0F0A5909 
  83      2E868782 
  83      80802850 
  83      B9
  84 0035 15D0074C 		.ascii	"\025\320\007L\203\202b\322\230\360 \204\200\227H\014"
  84      838262D2 
  84      98F02084 
  84      8097480C 
  85 0045 81182375 		.ascii	"\201\030#uf\317jJ\242H\223\316\356\371\3167\363}gg\216"
  85      66CF6A4A 
  85      A24893CE 
  85      EEF9CE37 
  85      F37D6767 
  86 005a 011A6CEA 		.ascii	"\001\032l\352\000!\0008C\1774\000\265\333\213\000\327"
  86      00210038 
  86      437F3400 
ARM GAS  C:\Users\CYIRKO~1\AppData\Local\Temp\cccsxI9e.s 			page 6


  86      B5DB8B00 
  86      D7
  87 006b FC9A2696 		.ascii	"\374\232&\226\242 -}&\0062$PW\260\216\310/\322\217\020"
  87      A2202D7D 
  87      26063224 
  87      5057B08E 
  87      C82FD28F 
  88 0080 D7848E71 		.ascii	"\327\204\216q\274%\332\005\276\310\355\245\3037\205"
  88      BC25DA05 
  88      BEC8EDA5 
  88      C33785
  89 008f 23289F96 		.ascii	"#(\237\226\313\333\231\316 /\021#\264\354\237\335I\032"
  89      CBDB99CE 
  89      202F1123 
  89      B4EC9FDD 
  89      491A
  90 00a1 954949BF 		.ascii	"\225II\277t\373\250\317\036z-\015Gh`\023\275\007\243"
  90      74FBA8CF 
  90      1E7A2D0D 
  90      47686013 
  90      BD07A3
  91 00b4 98C4288B 		.ascii	"\230\304(\213\367b%\020\373\303\360\376\335\002\237"
  91      F7622510 
  91      FBC3F0FE 
  91      DD029F
  92 00c3 CEBB043E 		.ascii	"\316\273\004>D\037\322sp\031\323r?\327(\323\033'\036"
  92      441FD273 
  92      7019D372 
  92      3FD728D3 
  92      1B271E
  93 00d6 4C151CD7 		.ascii	"L\025\034\327\301\021\302\240\240\3738\230\034\374\034"
  93      C111C2A0 
  93      A0FB3898 
  93      1CFC1C
  94 00e5 021C2C0A 		.ascii	"\002\034,\012F\220C\210\202/\314!B\301,\344P\304\313"
  94      46904388 
  94      822FCC21 
  94      42C12CE4 
  94      50C4CB
  95 00f8 627E2BE1 		.ascii	"b~+\341P\312\241\2141\200f\322\344\363\265\220;z\212"
  95      50CAA18C 
  95      318066D2 
  95      E4F3B590 
  95      3B7A8A
  96 010b 4F58DFB5 		.ascii	"OX\337\265\327Z\315.:\205N\346R\251\317\357\315\370"
  96      D75ACD2E 
  96      3A854EE6 
  96      52A9CFEF 
  96      CDF8
  97 011d 4FE97784 		.ascii	"O\351w\204\337\026\344\014\3730\316\256'\235\326^\213"
  97      DF16E40C 
  97      FB30CEAE 
  97      279DD65E 
  97      8B
  98 012e 8F1C400D 		.ascii	"\217\034@\015\3731\352\010\013\266\260\366[#\252d\203"
  98      FB31EA08 
  98      0BB6B0F6 
ARM GAS  C:\Users\CYIRKO~1\AppData\Local\Temp\cccsxI9e.s 			page 7


  98      5B23AA64 
  98      83
  99 013f F209A86B 		.ascii	"\362\011\250kK\330\005\012a\220\022\353\266'\273\221"
  99      4BD8050A 
  99      619012EB 
  99      B627BB91 
 100 014f 13751CB8 		.ascii	"\023u\034\270\210\003\364)\210u/\321\024V,\223\210\304"
 100      8803F429 
 100      88752FD1 
 100      14562C93 
 100      88C4
 101 0161 7AD9BD3B 		.ascii	"z\331\275;g(\326:\340#\305\032Jd=\226\237\210\304\332"
 101      6728D63A 
 101      E023C51A 
 101      4A643D96 
 101      9F88C4DA 
 102 0175 696ED813 		.ascii	"in\330\023\212e\342\240K\252]M\330\206\"\005\210\247"
 102      8A65E2A0 
 102      4BAA5D4D 
 102      D8862205 
 102      88A7
 103 0187 3C35C514 		.ascii	"<5\305\024b\021\250Ly.\203\204Q\235;\375\035Y\3670\006"
 103      6211A84C 
 103      792E8384 
 103      519D3BFD 
 103      1D59F730 
 104 019c F6FC1038 		.ascii	"\366\374\0208\244*\3759K\210\210\014\264-T0@\011m\015"
 104      A42AFD39 
 104      4B88880C 
 104      B42D5430 
 104      40096D0D 
 105 01b0 73AF4C4E 		.ascii	"s\257LN\010\"\034\374J\301nn#a\0373+\317-\007;\321\021"
 105      08221CFC 
 105      4AC16E6E 
 105      23611F33 
 105      2BCF2D07 
 106 01c7 217C4C83 		.ascii	"!|L\2033\314]\247\215\2117\253I=6\310\323\321u\201\306"
 106      33CC5DA7 
 106      8D8937AB 
 106      493D36C8 
 106      D3D17581 
 107 01dc 0247D041 		.ascii	"\002G\320A<\305#\001\370\004c\244\007\353X\2778\277"
 107      3CC52301 
 107      F80463A4 
 107      07EB58BF 
 107      38BF
 108 01ee 6B1FF3F4 		.ascii	"k\037\363\364\363\0255\004|\352\016\020\267M\300RT\220"
 108      F3153504 
 108      7CEA0E10 
 108      B74DC052 
 108      5490
 109 0200 B59DCD9E 		.ascii	"\265\235\315\2365\3133\367_7\243\377ps\225\253\217\345"
 109      35CB33F7 
 109      5F37A3FF 
 109      707395AB 
 109      8FE5
 110 0212 B919C798 		.ascii	"\271\031\307\230\247\325B\335\344\001!\251\351\255\276"
ARM GAS  C:\Users\CYIRKO~1\AppData\Local\Temp\cccsxI9e.s 			page 8


 110      A7D542DD 
 110      E40121A9 
 110      E9ADBE
 111 0221 B5A03216 		.ascii	"\265\2402\026>\212Z\352\357j'Y\354Y\236\330\004\306"
 111      3E8A5AEA 
 111      EF6A2759 
 111      EC599ED8 
 111      04C6
 112 0233 F823BF4B 		.ascii	"\370#\277K\364\232\252z\204\004\324px}($\214\212\214"
 112      F49AAA7A 
 112      8404D470 
 112      787D2824 
 112      8C8A8C
 113 0246 7F5D9681 		.ascii	"\177]\226\201\362\016y]\312\010]M\367\232mdl\0223\001"
 113      F20E795D 
 113      CA085D4D 
 113      F79A6D64 
 113      6C123301 
 114 025a 27B19CAB 		.ascii	"'\261\234\253L/\\Q9EG\2618u\210\305i\266X\245,\316\374"
 114      4C2F5C51 
 114      394547B1 
 114      387588C5 
 114      69B658A5 
 115 0271 B6B8E5CD 		.ascii	"\266\270\345\315t1\011\034\260XB\030\025Y\311\246\356"
 115      7431091C 
 115      B0584218 
 115      1559C9A6 
 115      EE
 116 0282 9B9EC55C 		.ascii	"\233\236\305\\.W\241\\\312\221\215\214r\231v]\322\034"
 116      2E57A15C 
 116      CA918D8C 
 116      7299765D 
 116      D21C
 117 0294 66032AAF 		.ascii	"f\003*\257\324=]\011W\177\233\370.\024XF\270;w\201\243"
 117      D43D5D09 
 117      577F9BF8 
 117      2E145846 
 117      B83B7781 
 118 02a9 7676F6B0 		.ascii	"vv\366\2609\233\313;\311<\317Y\031|\301\332\256\261"
 118      399BCB3B 
 118      C93CCF59 
 118      197CC1DA 
 118      AEB1
 119 02bb 1B559E1C 		.ascii	"\033U\236\034\3574\323%\247Fk\000\326\345K5\325g\317"
 119      EF34D325 
 119      A7466B00 
 119      D6E54B35 
 119      D567CF
 120 02ce 9F3B5D03 		.ascii	"\237;]\003\277\000\231z\216\022"
 120      BF00997A 
 120      8E12
 121              		.text
 122              		.section	.gnu.lto_get_wheel_pos.bd26d927,"",%progbits
 123 0000 789C8D52 		.ascii	"x\234\215R\317o\022Q\020\236\331\267\313.\273,P\342"
 123      CF6F1251 
 123      109ED9B7 
 123      CB2EBB2C 
ARM GAS  C:\Users\CYIRKO~1\AppData\Local\Temp\cccsxI9e.s 			page 9


 123      50E2
 124 0012 AD347A6D 		.ascii	"\2554zmM4\374\011F\377\223\336\215\321?\200gQ0\250\350"
 124      4D34FC09 
 124      46FF93DE 
 124      8DD13F80 
 124      675130A8 
 125 0027 45EA6AE8 		.ascii	"E\352j\350bz@\024\005DZ\211\011\242\321x!\332\324\037"
 125      627A4014 
 125      05445A89 
 125      09A2D178 
 125      21DAD41F 
 126 003b 17130F9A 		.ascii	"\027\023\017\232\220Tkb\324\330p\2608\303[\214$F\335"
 126      90546B62 
 126      D4D870B0 
 126      38C35B8C 
 126      2446DD
 127 004e 846F79DF 		.ascii	"\204oy\337\233\231o\346\2335@\203\025\001\020\001\200"
 127      9B996FE6 
 127      9B354083 
 127      15011001 
 127      80
 128 005f 59FAA100 		.ascii	"Y\372\241\000\324.>\0038ii\210\374GZ\010i\015\323xA"
 128      D42E3E03 
 128      38696988 
 128      FC475A08 
 128      690DD378 
 129 0074 2C0B7C32 		.ascii	",\013|2\332\351\305\012\302\3470:n~\356\227\034>\"\306"
 129      DAE9C50A 
 129      C2E7303A 
 129      6E7EEE97 
 129      1C3E22C6 
 130 0088 E9587BF8 		.ascii	"\351X{\370\255b\314W$=\275\345\357!\257\261!\015_h\340"
 130      AD62CC57 
 130      243DBDE5 
 130      EF21AFB1 
 130      210D5F68 
 131 009d 51F8754C 		.ascii	"Q\370uLb\005\223\254Q\305y\240\350w\315\335KnH\347["
 131      620593AC 
 131      51C579A0 
 131      E877CDDD 
 131      4B6E48E7 
 132 00b2 226F6008 		.ascii	"\"o`\010\351]\337\304\236\334\035\345do0{\255\032\335"
 132      E95DDFC4 
 132      9EDC1DE5 
 132      646F307B 
 132      AD1ADD
 133 00c5 23C01742 		.ascii	"#\300\027B'\320\015\206\020\201a2X\004!\233\301!0#|"
 133      27D00D86 
 133      10816132 
 133      5804219B 
 133      C1213023 
 134 00da EB324419 		.ascii	"\3532D\031b\314\305\031f\030\022\034\007\220'%\236\351"
 134      62CCC519 
 134      6618121C 
 134      07902725 
 134      9EE9
 135 00ec 2CF5446F 		.ascii	",\365Do\361\021O\225w\316/\260vI\360x\235\316\366\033"
ARM GAS  C:\Users\CYIRKO~1\AppData\Local\Temp\cccsxI9e.s 			page 10


 135      F1114F95 
 135      77CE2FB0 
 135      7649F078 
 135      9DCEF61B 
 136 0100 33FD435A 		.ascii	"3\375CZ\276\260<A\375\340MLs\257\355\\\277i\363\240"
 136      BEB03C41 
 136      FDE04D4C 
 136      73AFED5C 
 136      BF69F3A0 
 137 0114 6144AC61 		.ascii	"aD\254a\322\0276l\341\322\227\034\252d\235\362\211\310"
 137      D217366C 
 137      E1D2971C 
 137      AA649DF2 
 137      89C8
 138 0126 14B31D47 		.ascii	"\024\263\035G1\006\221\224\230/\234[\2678Q\307\3061"
 138      31069194 
 138      982F9C5B 
 138      B73851C7 
 138      C631
 139 0138 BC450650 		.ascii	"\274E\006P\332\353\254\347\252(\016\344\274\215lP\310"
 139      DAEBACE7 
 139      AA280EE4 
 139      BC8D6C50 
 139      C8
 140 0149 248ED2D6 		.ascii	"$\216\322\3262\335\266=wU\236\2212.@\226[\203\276\327"
 140      32DDB63D 
 140      77559E91 
 140      322E4096 
 140      5B83BED7 
 141 015d 1AD49006 		.ascii	"\032\324\220\006\007\274\215s\\\345ev(T\222Ey\314\024"
 141      07BC8D73 
 141      5CE56576 
 141      28549245 
 141      79CC14
 142 0170 C37CA6F4 		.ascii	"\303|\246\364\342\351G\317MVu\020\246\307rV\331m\342"
 142      E2E947CF 
 142      4D567510 
 142      A6C77256 
 142      D96DE2
 143 0183 3EF45F3D 		.ascii	">\364_=\266},Q\311\0106h\277u^\016]\334\177\361\266"
 143      B67D2C51 
 143      C9083668 
 143      BF755E0E 
 143      5DDC7FF1 
 144 0198 A2A7EABC 		.ascii	"\242\247\352\274\304\362Q\332\0366\321G\334\317\233"
 144      C4F251DA 
 144      1E36D147 
 144      DCCF9B
 145 01a7 03BC8329 		.ascii	"\003\274\203)\222c\255\356\326\203\367\301\250\366\377"
 145      9263ADEE 
 145      D683F7C1 
 145      A8F6FF
 146 01b6 48B4FE2C 		.ascii	"H\264\376,\261\217\025\356\262\302\202RhcJY\3241Uu\247"
 146      B18F15EE 
 146      B2C28252 
 146      68634A59 
 146      D4315575 
ARM GAS  C:\Users\CYIRKO~1\AppData\Local\Temp\cccsxI9e.s 			page 11


 147 01cb 34F17A18 		.ascii	"4\361z\030\350E~1^L1\256j*s9[\015\214\215\216\303\\"
 147      E8457E31 
 147      5E4C31AE 
 147      6A2A7339 
 147      5B0D8C8D 
 148 01e2 556A1856 		.ascii	"Uj\030Vd\214x\016\2732q;N\034\365\263\375\365i7\026"
 148      648C780E 
 148      BB32713B 
 148      4E1CF5B3 
 148      FDF56937 
 149 01f7 B83D1A8D 		.ascii	"\270=\032\215\366\202\234<\324\272\011\27066\234\252"
 149      F6829C3C 
 149      D4BA09B8 
 149      36369CAA 
 150 0207 4F7A9A19 		.ascii	"Oz\232\031\267\025\237\336B\202\370\251-\374\323\223"
 150      B7159FDE 
 150      4282F8A9 
 150      2DFCD393 
 151 0217 F5BFD97E 		.ascii	"\365\277\331~\3577S:l{\002>\341Ry\265\020|\257\011\276"
 151      EF37533A 
 151      6C7B023E 
 151      E15279B5 
 151      107CAF09 
 152 022c C9D3474A 		.ascii	"\311\323GJ_\262\006`\2378\276x\360\320\221\303\007\026"
 152      5FB20660 
 152      9F38BE78 
 152      F0D091C3 
 152      0716
 153 023e E1271D1E 		.ascii	"\341'\035\036\"\360"
 153      22F0
 154              		.text
 155              		.section	.gnu.lto_.symbol_nodes.bd26d927,"",%progbits
 156 0000 789C558B 		.ascii	"x\234U\213\261\021\3020\020\004W\367\326\330]x\206J"
 156      B111C230 
 156      100457F7 
 156      D6D85D78 
 156      864A
 157 0012 A0B21709 		.ascii	"\240\262\027\0111-\030\013\003-\020\023S\003\005P\003"
 157      312D180B 
 157      032D1013 
 157      53030550 
 157      03
 158 0023 834622C0 		.ascii	"\203F\"\300\237\354\315\376]D,\224\323Y\016\307'\024"
 158      9FECCDFE 
 158      5D442C94 
 158      D3590EC7 
 158      2714
 159 0035 DCD30E62 		.ascii	"\334\323\016b\026\373My\305Y\241\006-\362\260\352\350"
 159      16FB4D79 
 159      C559A106 
 159      2DF2B0EA 
 159      E8
 160 0046 22D77A75 		.ascii	"\"\327zu\222\332j\222\325\020nr\253\035Hi[\304U\336"
 160      92DA6A92 
 160      D5106E72 
 160      AB1D4869 
 160      5BC455DE 
ARM GAS  C:\Users\CYIRKO~1\AppData\Local\Temp\cccsxI9e.s 			page 12


 161 005a FD0B6320 		.ascii	"\375\013c \277>\301\350y\374\230\017\357\321\254o\276"
 161      BF3EC1E8 
 161      79FC980F 
 161      EFD1AC6F 
 161      BE
 162 006b 6BE40B34 		.ascii	"k\344\0134('\237"
 162      28279F
 163              		.text
 164              		.section	.gnu.lto_.refs.bd26d927,"",%progbits
 165 0000 789C0DC9 		.ascii	"x\234\015\311\301\015\000\020\024D\301}\373\011\021"
 165      C10D0010 
 165      1444C17D 
 165      FB0911
 166 000f 848312F4 		.ascii	"\204\203\022\364\337\"\227\271L\226u\245/T<s\340\206"
 166      DF2297B9 
 166      4C9675A5 
 166      2F543C73 
 166      E086
 167 0021 BB3CE485 		.ascii	"\273<\344\205O$(\372\307\326\003\022\325\000\323"
 167      4F2428FA 
 167      C7D60312 
 167      D500D3
 168              		.text
 169              		.section	.gnu.lto_.decls.bd26d927,"",%progbits
 170 0000 789CAD54 		.ascii	"x\234\255TkL\024W\024\2363\263\010\014\317\022cH%\015"
 170      6B4C1457 
 170      149E33B3 
 170      080CCF12 
 170      6348250D 
 171 0014 314AF851 		.ascii	"1J\370QA0Qc\372\243\015Z\333\304\232&>\376t\233\015"
 171      41305163 
 171      FAA30D5A 
 171      DBC49A26 
 171      3EFE749B 
 172 0029 B0A36CB2 		.ascii	"\260\243l\262\354Rv\2611i\232+hT\214\004\265\250\320"
 172      EC5276B1 
 172      31699A2B 
 172      68548C04 
 172      B5A8D0
 173 003c 1AA8B422 		.ascii	"\032\250\264\"*b\021PPay(\242\240 \340\003\344! 4\321"
 173      2A621150 
 173      50617928 
 173      A2A020E0 
 173      03E42120 
 174 0052 283E5245 		.ascii	"(>RE\233\322s\037\313,\012m\177\364f\316\314\334{\317"
 174      9BD2731F 
 174      CB2C0A6D 
 174      7FF466CE 
 174      CCDC7BCF 
 175 0066 F9BEF3BA 		.ascii	"\371\276\363\272\327K\222\245v\037I\032\004IjD\231\300"
 175      D74B92A5 
 175      761F491A 
 175      04496A44 
 175      99C0
 176 0078 314B92A4 		.ascii	"1K\222\244\022\024\234J\245\022\037^(\225(u(\015(7Q"
 176      12149C4A 
 176      A5121F5E 
ARM GAS  C:\Users\CYIRKO~1\AppData\Local\Temp\cccsxI9e.s 			page 13


 176      28952875 
 176      280D2837 
 177 008d 3A510C28 		.ascii	":Q\014(\335(\367P\372Q\356KSG2\202\004\340w\003J\004"
 177      DD28F750 
 177      FA51EE4B 
 177      53473282 
 177      04E07703 
 178 00a3 CA97282B 		.ascii	"\312\227(+QBQ\006Q*P\206\004O;\3120\312]\224\032a\257"
 178      51425106 
 178      512A5086 
 178      044F3BCA 
 178      30CA5D94 
 179 00ba 08DE4EC1 		.ascii	"\010\336N\301){\360y\216\012\340{\241\302~\246Q\365"
 179      297BF079 
 179      8E0AE07B 
 179      A1C27EA6 
 179      51F5
 180 00cc 1FF53284 		.ascii	"\037\3652\204\337!(\263\205?n\377G\205}\334\014\276"
 180      DF2128B3 
 180      853F6EFF 
 180      47857DDC 
 180      0CBE
 181 00de 4BC2CF3A 		.ascii	"K\302\317:\3413L\343\357\216\177\300w\347\347\337\360"
 181      E1334CE3 
 181      EF8E7FC0 
 181      77E7E7DF 
 181      F0
 182 00ef DD750091 		.ascii	"\335u\000\221\023\317qP\201\322\355\303\305>Y\012\204"
 182      13CF7150 
 182      81D2EDC3 
 182      C53E590A 
 182      84
 183 0100 A9300174 		.ascii	"\2510\001t\376\250j<\200\317\351v\377\370\261O\243N"
 183      FEA86A3C 
 183      80CFE976 
 183      FFF8B14F 
 183      A34E
 184 0112 123E7C64 		.ascii	"\022>|d\335\256\334\365\274\304\240\370Q%\271\262|8"
 184      DDAEDCF5 
 184      BCC4A0F8 
 184      5125B9B2 
 184      7C38
 185 0124 4F8548F5 		.ascii	"O\205H\365(Ur=y6\347\034!\301p\022T8\016\012\024C\024"
 185      2855723D 
 185      7936E71C 
 185      21C17012 
 185      54380E0A 
 186 013b A50F53F1 		.ascii	"\245\017S\361\275\223\220t2v\204(\241\022,\016\203E"
 186      BD939074 
 186      32768428 
 186      A1122C0E 
 186      8345
 187 014d 61129C80 		.ascii	"a\022\234\200HJF\265\340\030\204A\021\204Q\374\342\374"
 187      484A46B5 
 187      E0188441 
 187      118451FC 
 187      E2FC
ARM GAS  C:\Users\CYIRKO~1\AppData\Local\Temp\cccsxI9e.s 			page 14


 188 015f 638D01CA 		.ascii	"c\215\001\312w\014?7\247\256<p\022\177\364\330\2743"
 188      770C3F37 
 188      A7AE3C70 
 188      127FF4D8 
 188      BC33
 189 0171 DB0991A1 		.ascii	"\333\011\221\241\024\011Jt\002\344\233\236\341\3244"
 189      14094A74 
 189      02E49B9E 
 189      E1D434
 190 0180 0CD41859 		.ascii	"\014\324\030Y*\3674^\224\373\340\036`d\020\314b\003"
 190      2AF7345E 
 190      94FBE01E 
 190      606410CC 
 190      6203
 191 0192 E06F60C2 		.ascii	"\340o`\302\246\023\356\001\300\326qUfo\256\310\226\300"
 191      A613EE01 
 191      C0D67155 
 191      666FAEC8 
 191      96C0
 192 01a4 6D21E6B2 		.ascii	"m!\346\262\230\312\002\222=\302\030<\020\3716gr\017"
 192      98CA0292 
 192      3DC2183C 
 192      10F93667 
 192      720F
 193 01b6 5E2DFEC3 		.ascii	"^-\376\303\314\334\326 \353\004\000\236\006\036\200"
 193      CCDCD620 
 193      EB04009E 
 193      061E80
 194 01c5 DC6DB13F 		.ascii	"\334m\261?\351\237\244\007\007\356\032>\315m\031Q\373"
 194      E99FA407 
 194      07EE1A3E 
 194      CD6D1951 
 194      FB
 195 01d6 A197AE16 		.ascii	"\241\227\256\026|\014l\255\251\"\357\262\2672\000\254"
 195      7C0C6CAD 
 195      A922EFB2 
 195      B73200AC 
 196 01e6 FA97265E 		.ascii	"\372\227&^\272\202\260\031BT\220qzs\254\345\260\037"
 196      BA82B019 
 196      42549071 
 196      7A73ACE5 
 196      B01F
 197 01f8 4E67AB10 		.ascii	"Ng\253\020\214\323W[\273\352\324\320\003\25452H\260"
 197      8CD3575B 
 197      BBEAD4D0 
 197      03AC3532 
 197      48B0
 198 020a 0C1BE640 		.ascii	"\014\033\346@9\346\367\014\346W\202\012\300\356\204"
 198      39E6F70C 
 198      E657820A 
 198      C0EE84
 199 0219 0403A7AA 		.ascii	"\004\003\247\252\311\312o\362\237W@\012\006\210\253"
 199      C9CA6FF2 
 199      9F57400A 
 199      0688AB
 200 0228 E9E2FCD1 		.ascii	"\351\342\374\3212B\260\206\304@\325\240L/\"\376\342"
 200      3242B086 
ARM GAS  C:\Users\CYIRKO~1\AppData\Local\Temp\cccsxI9e.s 			page 15


 200      C440D5A0 
 200      4C2F22FE 
 200      E2
 201 0239 FB37E807 		.ascii	"\3737\350\0078\015}\350x%\314C\363\254m;*\003\224\347"
 201      380D7DE8 
 201      7825CC43 
 201      F3AC6D3B 
 201      2A0394E7 
 202 024d DCABA123 		.ascii	"\334\253\241#\327\013et#\024[\226\365l\236\253\355k"
 202      D70B6574 
 202      23145B96 
 202      F56C9EAB 
 202      ED6B
 203 025f 3E27E47B 		.ascii	">'\344{\234\237\351yQ,+\023L[~\235\327\323\240\202\032"
 203      9C9FE979 
 203      512C2B13 
 203      4C5B7E9D 
 203      D7D3A082 
 204 0274 B953F8E9 		.ascii	"\271S\370\351\025)Mz\011\027\2605BEkT\341\3429\\tw\361"
 204      15294D7A 
 204      0917B035 
 204      42456B54 
 204      E1E2395C 
 205 028b 5CD6C5E7 		.ascii	"\\\326\305\347\261\311\252u\377BU\036O\305\241\326\375"
 205      B1C9AA75 
 205      FF42551E 
 205      4FC5A1D6 
 205      FD
 206 029c 81CA2E99 		.ascii	"\201\312.\231Q\324\026\355j\366\236\211\242vF\012l\344"
 206      51D416ED 
 206      6AF69E89 
 206      A276460A 
 206      6CE4
 207 02ae 72D6C835 		.ascii	"r\326\3105\310qQ\3478\017\202\244,\363\227\022_\317"
 207      C87151E7 
 207      380F82A4 
 207      2CF39712 
 207      5FCF
 208 02c0 0453453D 		.ascii	"\004SE=\303\256)\031\316\376!k\273\357d\206?\314-\033"
 208      C3AE2919 
 208      CEFE216B 
 208      BBEF6486 
 208      3FCC2D1B 
 209 02d4 26443550 		.ascii	"&D5P%8\253c\237};\277u,\277\231}5k\225\275,\032\250"
 209      2538AB63 
 209      9F7D3BBF 
 209      752CBF99 
 209      7D356B95 
 210 02ec E8A9AA57 		.ascii	"\350\251\252W\004P\367\334\\\342J'\324I\012T\257\003"
 210      0450F7DC 
 210      5CE24A27 
 210      D4490A54 
 210      AF03
 211 02fe D5BF0DD4 		.ascii	"\325\277\015\324\300\200:^<\273\245(\371\034\351i\323"
 211      C0803A5E 
 211      3CBBA528 
 211      F91CE969 
ARM GAS  C:\Users\CYIRKO~1\AppData\Local\Temp\cccsxI9e.s 			page 16


 211      D3
 212 030f 700E18E8 		.ascii	"p\016\030\350\321\242G\025\035\305\265__\277\031S\260"
 212      D1A24715 
 212      1DC5B55F 
 212      5FBF1953 
 212      B0
 213 0320 5811B478 		.ascii	"X\021\264x\212\307\205\023\301/\234\332k\315G\375\225"
 213      8AC78513 
 213      C12F9CDA 
 213      6BCD47FD 
 213      95
 214 0331 4A9ED8EC 		.ascii	"J\236\330\354\237O\354\366\345\211M\177'\261W1\261\021"
 214      9F4FECF6 
 214      E5894D7F 
 214      27B15731 
 214      B111
 215 0343 22B14DB8 		.ascii	"\"\261M\270xY\257]\331\007U\264v\315\310zEw9B\244\265"
 215      7859AF5D 
 215      D90755B4 
 215      76CDC87A 
 215      45773942 
 216 0359 666FCF88 		.ascii	"fo\317\210\252\324q\212?3\016<1x\334-\261\215\254$\255"
 216      AAD4718A 
 216      3F330E3C 
 216      3178DC2D 
 216      B18DAC24 
 217 036e 687A4D37 		.ascii	"hzM7m\326\357\226\267\335h\231\306\015$9\\x#\335O\271"
 217      6DD6EF96 
 217      B7DD6899 
 217      C60D2439 
 217      5C7823DD 
 218 0384 CA498EB7 		.ascii	"\312I\216\267u\224zM\222\274\354^\326\332IH8\264!\311"
 218      75947A4D 
 218      92BCEC5E 
 218      D6DA4948 
 218      38B421C9 
 219 0398 759DA475 		.ascii	"u\235\244uf\222\033\323\223\\\331\375\373\310\224\006"
 219      66921BD3 
 219      935CD9FD 
 219      FBC89406 
 220 03a8 699BD220 		.ascii	"i\233\322 \355\254A.\201\350\220\375\217\366=\246gp"
 220      EDAC412E 
 220      81E890FD 
 220      8FF63DA6 
 220      6770
 221 03ba 8006FA70 		.ascii	"\200\006\372p\376\371\352a\262SeZ\320\250{\321H\013"
 221      FEF9EA61 
 221      B253655A 
 221      D0A87BD1 
 221      480B
 222 03cc 4B7F6EB2 		.ascii	"K\177n\262\202\376\365:\347\211\227rJa\305i-{\370\276"
 222      82FEF53A 
 222      E7899772 
 222      4A61C569 
 222      2D7BF8BE 
 223 03e0 00B85EE5 		.ascii	"\000\270^\345\237K\352ev~;t\353\016\267u'\263\336\363"
 223      9F4BEA65 
ARM GAS  C:\Users\CYIRKO~1\AppData\Local\Temp\cccsxI9e.s 			page 17


 223      767E3B74 
 223      EB0EB775 
 223      27B3DEF3 
 224 03f4 63F11B3F 		.ascii	"c\361\033?\245\216[\267o;\375\223\302o\023\003\355\216"
 224      A58E5BB7 
 224      6F3BFD93 
 224      C26F1303 
 224      ED8E
 225 0406 D6BCA140 		.ascii	"\326\274\241@~\233\204\323\026\254\354\3503\250\354"
 225      7E9B84D3 
 225      16ACECE8 
 225      33A8EC
 226 0415 08656710 		.ascii	"\010eg\020\337\317\250\332m\014\345\026\013\345\016"
 226      DFCFA8DA 
 226      6D0CE516 
 226      0BE50E
 227 0424 CD0D44B3 		.ascii	"\315\015D\263\013\035\225\217\027\025\325\006\205d3"
 227      0B1D958F 
 227      1715D506 
 227      856433
 228 0433 65CC243F 		.ascii	"e\314$?\031\272\366]\010q\333\260>\274\334\325cXPH\012"
 228      19BAF65D 
 228      0871DBB0 
 228      3EBCDCD5 
 228      63585048 
 229 0448 5CF4687C 		.ascii	"\\\364h|\264\257\020\255\200*A\027\367\334\303\224\256"
 229      B4AF10AD 
 229      802A4117 
 229      F7DCC394 
 229      AE
 230 0459 ACC3DBBD 		.ascii	"\254\303\333\275\033\026\240e\365\211\227=\001\312\025"
 230      1B16A065 
 230      F589973D 
 230      01CA15
 231 0468 EEFFB9FA 		.ascii	"\356\377\271\372\361\211@\001\363,\204\314g\010=\357"
 231      F1894001 
 231      F32C84CC 
 231      67083DEF 
 232 0478 20F40884 		.ascii	" \364\010\204{\014a\250\345Z\2757FI\033\212\202T\227"
 232      7B0C61A8 
 232      E55ABD37 
 232      46491B8A 
 232      825497
 233 048b 0EE50429 		.ascii	"\016\345\004)78\342\235\336\206R/\212XO\\\217\217(\207"
 233      3738E29D 
 233      DE86522F 
 233      8A584F5C 
 233      8F8F2887 
 234 049f 888B775E 		.ascii	"\210\213w^\237\000\325KIWzi'\3643\324\321\013;:A\351"
 234      9F00D54B 
 234      49577A69 
 234      27F433D4 
 234      D10B3B3A 
 235 04b5 E5285DE3 		.ascii	"\345(]\343[\363}\005\312`\272Bf3\214\201w0\006\334\030"
 235      5BF37D05 
 235      CA60BA42 
 235      66338C81 
ARM GAS  C:\Users\CYIRKO~1\AppData\Local\Temp\cccsxI9e.s 			page 18


 235      773006DC 
 236 04ca F71946FF 		.ascii	"\367\031F\377\253\333}\376\376\231\264\335x\302i)\365"
 236      ABDB7DFE 
 236      FE99B4DD 
 236      78C26929 
 236      F5
 237 04db 3006C1DF 		.ascii	"0\006\301\337]T\374E\375\221\321\243{eO\375\366)\372"
 237      5D54FC45 
 237      FD91D1A3 
 237      7B654FFD 
 237      F629FA
 238 04ee 43E0CF0A 		.ascii	"C\340\317\012?\304\224\3778X\367@\365T\246\271\322\225"
 238      3FC494FF 
 238      3858F740 
 238      F554A6B9 
 238      D295
 239 0500 8785F230 		.ascii	"\207\205\3620UV\012\357g\256\301-\372\250y\004[`lb\""
 239      55560AEF 
 239      67AEC12D 
 239      FAA87904 
 239      5B606C62 
 240 0515 0846B17C 		.ascii	"\010F\261|y\304\207}\247;\024\022\333\221`\004\347\017"
 240      79C4877D 
 240      A73B1412 
 240      DB916004 
 240      E70F
 241 0527 685874EA 		.ascii	"hXt\352\263j\315\372\360\270\230\030\311\327dJ\263\330"
 241      B36ACDFA 
 241      F0B89818 
 241      C9D7644A 
 241      B3D8
 242 0539 9CCB4CCE 		.ascii	"\234\313L\316\215\332rcb\222%\301\342p\246\231-v\243"
 242      8DDA7263 
 242      629225C1 
 242      E270A699 
 242      2D76A3
 243 054c D36EB73A 		.ascii	"\323n\267:\214\233li\341\354/<>59\\KN\320\314f\315l"
 243      8C9B6C69 
 243      E1EC2F3C 
 243      3E35395C 
 243      4B4ED0CC 
 244 0563 5C12B538 		.ascii	"\\\022\2658<vQ\314\322ob\214\270\276\320f\267i\013\265"
 244      3C7651CC 
 244      D26F628C 
 244      B8BED066 
 244      B7690BB5 
 245 0577 F8048BD1 		.ascii	"\370\004\213\321bK\264\246\2315cr<b\3314\243\311\254"
 245      624BB4A6 
 245      99356372 
 245      3C62D934 
 245      A3C9AC
 246 058a 6D8C4FB3 		.ascii	"m\214O\263:M\316-)\232#*I\362\026t_\375\257t\216-\016"
 246      3A4DCE2D 
 246      299A232A 
 246      49F21674 
 246      5FFDAF74 
 247 05a1 A3C9E134 		.ascii	"\243\311\3414#6\345\260\330,\316OV\304\251\216\324\304"
ARM GAS  C:\Users\CYIRKO~1\AppData\Local\Temp\cccsxI9e.s 			page 19


 247      2336E5B0 
 247      D82CCE4F 
 247      56C4A98E 
 247      D4C4
 248 05b3 68FC4625 		.ascii	"h\374F%J~\2334\247)1-5U\26391f\324\213Ybrz\213o\000"
 248      4A7E9B34 
 248      A729312D 
 248      3555B339 
 248      3166D48B 
 249 05ce DDFD3649 		.ascii	"\335\3756I\323\254\246\024\273cN\242=9\331nC\303\230"
 249      D3ACA614 
 249      BB634EA2 
 249      3D39D96E 
 249      43C398
 250 05e1 F508B44A 		.ascii	"\365\010\264Jsn\210\267\246i*O\025\325\367q\377\370"
 250      736E88B7 
 250      A6692A4F 
 250      15D5F771 
 250      FFF8
 251 05f3 C59B131D 		.ascii	"\305\233\023\035\361\311)V\315\344\\\271r\2711\216F"
 251      F1C92956 
 251      CDE45CB9 
 251      72B9318E 
 251      46
 252 0604 B49647C4 		.ascii	"\264\226G\304\242\263;b\226.\211\266;\242\223\342\255"
 252      A2B33B62 
 252      962E89B6 
 252      3BA293E2 
 252      AD
 253 0615 D129F654 		.ascii	"\321)\366T\247#z\355\272/\026\307F\257^\275\202\272"
 253      A7237AED 
 253      BA2F16C7 
 253      46AF5EBD 
 253      82BA
 254 0627 B63996EE 		.ascii	"\2669\226\356\230\020\306d\265\232\321\367\367DH\321"
 254      9810C664 
 254      B59AD1F7 
 254      F74448D1 
 255 0637 DC095C09 		.ascii	"\334\011\\\011\231\352\316\347(\263VX\350\234~\342\322"
 255      99EACEE7 
 255      28B35658 
 255      E89C7EE2 
 255      D2
 256 0648 5203445C 		.ascii	"R\003D\\\246\315\324M/\366\376\033\253\345I\206"
 256      A6CDD44D 
 256      2FF6FE1B 
 256      ABE54986 
 257              		.text
 258              		.section	.gnu.lto_.symtab.bd26d927,"",%progbits
 259 0000 696E6974 		.ascii	"initADC\000"
 259      41444300 
 260 0008 00       		.ascii	"\000"
 261 0009 00       		.ascii	"\000"
 262 000a 00       		.ascii	"\000"
 263 000b 00000000 		.ascii	"\000\000\000\000\000\000\000\000"
 263      00000000 
 264 0013 B6000000 		.ascii	"\266\000\000\000"
ARM GAS  C:\Users\CYIRKO~1\AppData\Local\Temp\cccsxI9e.s 			page 20


 265 0017 44696E41 		.ascii	"DinADC\000"
 265      444300
 266 001e 00       		.ascii	"\000"
 267 001f 00       		.ascii	"\000"
 268 0020 00       		.ascii	"\000"
 269 0021 00000000 		.ascii	"\000\000\000\000\000\000\000\000"
 269      00000000 
 270 0029 DA000000 		.ascii	"\332\000\000\000"
 271 002d 44696E43 		.ascii	"DinCur\000"
 271      757200
 272 0034 00       		.ascii	"\000"
 273 0035 00       		.ascii	"\000"
 274 0036 00       		.ascii	"\000"
 275 0037 00000000 		.ascii	"\000\000\000\000\000\000\000\000"
 275      00000000 
 276 003f DC000000 		.ascii	"\334\000\000\000"
 277 0043 6765745F 		.ascii	"get_current\000"
 277      63757272 
 277      656E7400 
 278 004f 00       		.ascii	"\000"
 279 0050 00       		.ascii	"\000"
 280 0051 00       		.ascii	"\000"
 281 0052 00000000 		.ascii	"\000\000\000\000\000\000\000\000"
 281      00000000 
 282 005a C1000000 		.ascii	"\301\000\000\000"
 283 005e 6765745F 		.ascii	"get_wheel_pos\000"
 283      77686565 
 283      6C5F706F 
 283      7300
 284 006c 00       		.ascii	"\000"
 285 006d 00       		.ascii	"\000"
 286 006e 00       		.ascii	"\000"
 287 006f 00000000 		.ascii	"\000\000\000\000\000\000\000\000"
 287      00000000 
 288 0077 C3000000 		.ascii	"\303\000\000\000"
 289 007b 63757272 		.ascii	"current_value\000"
 289      656E745F 
 289      76616C75 
 289      6500
 290 0089 00       		.ascii	"\000"
 291 008a 00       		.ascii	"\000"
 292 008b 00       		.ascii	"\000"
 293 008c 00000000 		.ascii	"\000\000\000\000\000\000\000\000"
 293      00000000 
 294 0094 DF000000 		.ascii	"\337\000\000\000"
 295 0098 76616C75 		.ascii	"value\000"
 295      6500
 296 009e 00       		.ascii	"\000"
 297 009f 00       		.ascii	"\000"
 298 00a0 00       		.ascii	"\000"
 299 00a1 00000000 		.ascii	"\000\000\000\000\000\000\000\000"
 299      00000000 
 300 00a9 E1000000 		.ascii	"\341\000\000\000"
 301 00ad 636F6D6D 		.ascii	"commonADC1UnitGetValue\000"
 301      6F6E4144 
 301      4331556E 
 301      69744765 
ARM GAS  C:\Users\CYIRKO~1\AppData\Local\Temp\cccsxI9e.s 			page 21


 301      7456616C 
 302 00c4 00       		.ascii	"\000"
 303 00c5 02       		.ascii	"\002"
 304 00c6 00       		.ascii	"\000"
 305 00c7 00000000 		.ascii	"\000\000\000\000\000\000\000\000"
 305      00000000 
 306 00cf D2000000 		.ascii	"\322\000\000\000"
 307 00d3 636F6D6D 		.ascii	"commonADC1UnitInit\000"
 307      6F6E4144 
 307      4331556E 
 307      6974496E 
 307      697400
 308 00e6 00       		.ascii	"\000"
 309 00e7 02       		.ascii	"\002"
 310 00e8 00       		.ascii	"\000"
 311 00e9 00000000 		.ascii	"\000\000\000\000\000\000\000\000"
 311      00000000 
 312 00f1 D4000000 		.ascii	"\324\000\000\000"
 313              		.text
 314              		.section	.gnu.lto_.opts,"",%progbits
 315 0000 272D666D 		.ascii	"'-fmath-errno' '-fsigned-zeros' '-ftrapping-math' '"
 315      6174682D 
 315      6572726E 
 315      6F272027 
 315      2D667369 
 316 0033 2D666E6F 		.ascii	"-fno-trapv' '-fno-openmp' '-fno-openacc' '-mcpu=cor"
 316      2D747261 
 316      70762720 
 316      272D666E 
 316      6F2D6F70 
 317 0066 7465782D 		.ascii	"tex-m7' '-mno-thumb-interwork' '-mthumb' '-ggdb' '-"
 317      6D372720 
 317      272D6D6E 
 317      6F2D7468 
 317      756D622D 
 318 0099 4F322720 		.ascii	"O2' '-fomit-frame-pointer' '-falign-functions=16' '"
 318      272D666F 
 318      6D69742D 
 318      6672616D 
 318      652D706F 
 319 00cc 2D666675 		.ascii	"-ffunction-sections' '-fdata-sections' '-fno-common"
 319      6E637469 
 319      6F6E2D73 
 319      65637469 
 319      6F6E7327 
 320 00ff 2720272D 		.ascii	"' '-flto'\000"
 320      666C746F 
 320      2700
 321              		.text
 322              		.comm	__gnu_lto_v1,1,1
 323              		.comm	__gnu_lto_slim,1,1
 324              		.ident	"GCC: (GNU Tools for ARM Embedded Processors 6-2017-q1-update) 6.3.1 20170215 (release) [AR
ARM GAS  C:\Users\CYIRKO~1\AppData\Local\Temp\cccsxI9e.s 			page 22


DEFINED SYMBOLS
                            *ABS*:00000000 ADC.c
                            *COM*:00000001 __gnu_lto_v1
                            *COM*:00000001 __gnu_lto_slim

NO UNDEFINED SYMBOLS
