ARM GAS  C:\Users\CYIRKO~1\AppData\Local\Temp\ccdwFKxe.s 			page 1


   1              		.cpu cortex-m7
   2              		.eabi_attribute 20, 1
   3              		.eabi_attribute 21, 1
   4              		.eabi_attribute 23, 3
   5              		.eabi_attribute 24, 1
   6              		.eabi_attribute 25, 1
   7              		.eabi_attribute 26, 1
   8              		.eabi_attribute 30, 2
   9              		.eabi_attribute 34, 1
  10              		.eabi_attribute 18, 4
  11              		.file	"board.c"
  12              		.text
  13              	.Ltext0:
  14              		.section	.gnu.lto_.profile.5638cc08,"",%progbits
  15 0000 789C6365 		.ascii	"x\234ce`b`a```d\340c\006\000\000\237\000\036"
  15      60626061 
  15      60606064 
  15      E0630600 
  15      009F001E 
  16              		.text
  17              		.section	.gnu.lto_.icf.5638cc08,"",%progbits
  18 0000 789C6365 		.ascii	"x\234ce`b\020a@\000f\206\205??\354\345a\354m}r\233\213"
  18      60621061 
  18      40006686 
  18      853F3FEC 
  18      E561EC6D 
  19 0018 E9EBEF93 		.ascii	"\351\353\357\223\027\371\030\000h\037\011\350"
  19      17F91800 
  19      681F09E8 
  20              		.text
  21              		.section	.gnu.lto_.jmpfuncs.5638cc08,"",%progbits
  22 0000 789C6365 		.ascii	"x\234ce`b\340d@\000&\020\301\010\304\000\001\227\000"
  22      6062E064 
  22      40002610 
  22      C108C400 
  22      019700
  23 0013 14       		.ascii	"\024"
  24              		.text
  25              		.section	.gnu.lto_.inline.5638cc08,"",%progbits
  26 0000 789C6365 		.ascii	"x\234ce`b\320f@\000&\006\006\026\036F\020\305\300\266"
  26      6062D066 
  26      40002606 
  26      06161E46 
  26      10C5C0B6 
  27 0014 401E4431 		.ascii	"@\036D10r\201\010\006f&Ta\006\000-\355\001\352"
  27      30728108 
  27      06662654 
  27      6106002D 
  27      ED01EA
  28              		.text
  29              		.section	.gnu.lto_.pureconst.5638cc08,"",%progbits
  30 0000 789C6365 		.ascii	"x\234ce`b`e`\000\222\022\214\014\000\000\345\000("
  30      60626065 
  30      60009212 
  30      8C0C0000 
  30      E50028
  31              		.text
ARM GAS  C:\Users\CYIRKO~1\AppData\Local\Temp\ccdwFKxe.s 			page 2


  32              		.section	.gnu.lto___early_init.5638cc08,"",%progbits
  33 0000 789C6365 		.ascii	"x\234ce`bX\312\300\300\340\006\304\322@\314\310\314"
  33      606258CA 
  33      C0C0E006 
  33      C4D240CC 
  33      C8CC
  34 0012 C0C834E1 		.ascii	"\300\3104\341\034\003C#\007\023##\210\321\300\301\310"
  34      1C034323 
  34      07132323 
  34      88D1C0C1 
  34      C8
  35 0023 50CFC458 		.ascii	"P\317\304X\317\330\317<\235\231\361P\373\263\235L\232"
  35      CFD8CF3C 
  35      9D99F150 
  35      FBB39D4C 
  35      9A
  36 0034 CB1B80E0 		.ascii	"\313\033\200\340\300\364klm\015\255\022\363\231\031"
  36      C0F46B6C 
  36      6D0DAD12 
  36      F39919
  37 0043 18660231 		.ascii	"\030f\0021\0100.g\324d\000*{\264\361\337T^6\026\210"
  37      08302E67 
  37      D464002A 
  37      7BB4F1DF 
  37      545E3616 
  38 0058 38E30A46 		.ascii	"8\343\012F6F \275\376\022\343\201\206\177\377\333\033"
  38      364620BD 
  38      FE12E381 
  38      867FFFDB 
  38      1B
  39 0069 0E9C59CC 		.ascii	"\016\234Y\314x\327\015(\325\005\304 ;\272\231\231@4"
  39      78D70D28 
  39      D505C420 
  39      3BBA9999 
  39      4034
  40 007b F36BC6E6 		.ascii	"\363k\306\346\005\333{\231A\032@\246\354\334\371\346"
  40      05DB7B99 
  40      411A40A6 
  40      ECDCF9E6 
  41 008b 367BFDDF 		.ascii	"6{\375\337\006\216\371\314\2143\231\201F0\256d\254g"
  41      068EF9CC 
  41      8C339981 
  41      4630AE64 
  41      AC67
  42 009d 980F54FC 		.ascii	"\230\017T\374\226\261i\301\356^F\260B\020\350\002\312"
  42      96B169C1 
  42      EE5E46B0 
  42      4210E802 
  42      CA
  43 00ae 020D6062 		.ascii	"\002\015`b`pq\265\212q\316\310L\312\014.)M\311\314\217"
  43      607071B5 
  43      8A71CEC8 
  43      4CCA0C2E 
  43      294DC9CC 
  44 00c3 4906B1F3 		.ascii	"I\006\261\363\213\015\315\315\364\363\213\3653\022s"
  44      8B0DCDCD 
  44      F4F38BF5 
ARM GAS  C:\Users\CYIRKO~1\AppData\Local\Temp\ccdwFKxe.s 			page 3


  44      331273
  45 00d2 F493F213 		.ascii	"\364\223\362\023\213R\212\365\203C\342\375B\235}\\\375"
  45      8B528AF5 
  45      8343E2FD 
  45      429D7D5C 
  45      FD
  46 00e3 0D4D4CE2 		.ascii	"\015ML\342\335\314\315\314\243<!Rz\311\014\000\355\335"
  46      DDCCCDCC 
  46      A33C2152 
  46      7AC90C00 
  46      EDDD
  47 00f5 4E75     		.ascii	"Nu"
  48              		.text
  49              		.section	.gnu.lto_boardInit.5638cc08,"",%progbits
  50 0000 789C6365 		.ascii	"x\234ce`b\250d``p\003bi fdf`d\232p\216\201\241\221\203"
  50      6062A864 
  50      60607003 
  50      62692066 
  50      64666064 
  51 001b 899111C4 		.ascii	"\211\221\021\304h\340`d\250gb\254g\354g\236\316\314"
  51      68E06064 
  51      A86762AC 
  51      67EC679E 
  51      CECC
  52 002d 78A8FDD9 		.ascii	"x\250\375\331N&\315\345\015@p`\372\006\256\266\206V"
  52      4E26CDE5 
  52      0D407060 
  52      FA06AEB6 
  52      8656
  53 003f 89F9CC0C 		.ascii	"\211\371\314\014\0143\201\030\004\030\2273j2\000\225"
  53      0C338118 
  53      04189733 
  53      6A320095 
  54 004f 3DDAF86F 		.ascii	"=\332\370o*/\033\013D\234q\005#\033#\220^\177\211\361"
  54      2A2F1B0B 
  54      449C7105 
  54      231B2390 
  54      5E7F89F1 
  55 0063 40C3BFFF 		.ascii	"@\303\277\377\355\015\007\276,b\334\354\305\304\300"
  55      ED0D07BE 
  55      2C62DCEC 
  55      C5C4C0
  56 0072 D0059406 		.ascii	"\320\005\224\006\331\321\315\314\004\242\231\33726)"
  56      D9D1CDCC 
  56      04A299DF 
  56      323629
  57 0081 805483CD 		.ascii	"\200T\203\315\352bf\004\011\002\225\271\270Z\3058gd"
  57      EA626604 
  57      090295B9 
  57      B85AC538 
  57      6764
  58 0093 26650697 		.ascii	"&e\006\227\224\246d\346\307$\203\330\371\305\206\346"
  58      94A664E6 
  58      C72483D8 
  58      F9C586E6 
  59 00a3 66FAF9C5 		.ascii	"f\372\371\305\372\031\2119\372I\371\211E)\305\372\301"
  59      FA198939 
ARM GAS  C:\Users\CYIRKO~1\AppData\Local\Temp\ccdwFKxe.s 			page 4


  59      FA49F989 
  59      4529C5FA 
  59      C1
  60 00b4 21F17EA1 		.ascii	"!\361~\241\316>\256\376\206&&\361n\346f\346Q\236\020"
  60      CE3EAEFE 
  60      862626F1 
  60      6EE666E6 
  60      519E10
  61 00c7 29BD6406 		.ascii	")\275d\006\000\247j?k"
  61      00A76A3F 
  61      6B
  62              		.text
  63              		.section	.gnu.lto_pal_default_config.5638cc08,"",%progbits
  64 0000 789CCD93 		.ascii	"x\234\315\223[o\022Q\020\307w8@\013\275\240\211\217"
  64      5B6F1251 
  64      10C77738 
  64      400BBDA0 
  64      898F
  65 0012 7E0063E2 		.ascii	"~\000c\342;_\301o\343G8\024\023\021//&\262\301\030\210"
  65      3B5FC16F 
  65      E3473814 
  65      13112F2F 
  65      26B2C118 
  66 0027 0DB12C14 		.ascii	"\015\261,\024\220\332*h[@,\240\326\226\312Z\201\336"
  66      90DA2A68 
  66      5B402CA0 
  66      D696CA5A 
  66      81DE
  67 0039 1243432A 		.ascii	"\022CC*\365\322\242mEY\317p\316j\266i\350\253\373\260"
  67      F5D2A26D 
  67      4559CF70 
  67      CE6AB669 
  67      E8ABFBB0 
  68 004d FFCC7F77 		.ascii	"\377\314\177wg~3g\326\"\231\244\313\026I\002\211_>\002"
  68      677E3367 
  68      D62299A4 
  68      CB164902 
  68      895F3E02 
  69 0061 F156EA68 		.ascii	"\361V\352h\3446\011\020f\2620\364\263\363\225\360P\323"
  69      E4360910 
  69      66B230F4 
  69      B3F395F0 
  69      50D3
  70 0073 08335662 		.ascii	"\0103Vb!\217\231\033\252\242*\026f\215\357mfm\316\031"
  70      218F991B 
  70      AAA22A16 
  70      668DEF6D 
  70      666DCE19 
  71 0087 EA09D22B 		.ascii	"\352\011\322+\001\0022{\364\020\316\313\004\270\230"
  71      0102327B 
  71      F410CECB 
  71      04B898
  72 0096 B81008A3 		.ascii	"\270\020\010\243\230a\002\305\302M+\212\364\037\345"
  72      986102C5 
  72      C24D2B8A 
  72      F41FE5
  73 00a5 B8B5F245 		.ascii	"\270\265\362E\265\360\366\226E{\261\275v\314\312-\007"
ARM GAS  C:\Users\CYIRKO~1\AppData\Local\Temp\ccdwFKxe.s 			page 5


  73      B5F0F696 
  73      457BB1BD 
  73      76CCCA2D 
  73      07
  74 00b6 0BF783E5 		.ascii	"\013\367\203\345\222\265_\225\030\2572\331\247J\335"
  74      92B55F95 
  74      18AF32D9 
  74      A74ADD
  75 00c5 B750019E 		.ascii	"\267P\001\236\222n\345\260\210\277\032\273\364w\252"
  75      926EE5B0 
  75      88BF1ABB 
  75      F477AA
  76 00d4 1E74B49A 		.ascii	"\036t\264\232\177\307\241\2773\265\215\263\337\371\264"
  76      7FC7A1BF 
  76      33B58DB3 
  76      DFF9B4
  77 00e3 DB167094 		.ascii	"\333\026p\224\322|\217\267\363\273e6\322L\031h\222\234"
  77      D27C8FB7 
  77      F3BB6536 
  77      D24C1968 
  77      929C
  78 00f5 E6D14934 		.ascii	"\346\321I4\011N\023.\245V\005\215\026\320\2009\321\007"
  78      094E132E 
  78      A556058D 
  78      16D08039 
  78      D107
  79 0107 4B9F4DFD 		.ascii	"K\237M\375z\234>}\222\263\353nY\300\356k\2326\314\254"
  79      7A9C3E7D 
  79      92B3EB6E 
  79      59C0EE6B 
  79      9A36CCAC 
  80 011b 395FF8FE 		.ascii	"9_\370\376h\277\264ONO[\227\033q\001{\200q\363pr\315"
  80      68BFB44F 
  80      4E4F5B97 
  80      1B71017B 
  80      8071F370 
  81 0131 AE4F2EDB 		.ascii	"\256O.\333;\260\255\345\233!\207\276\263\363]<\264\314"
  81      3BB0ADE5 
  81      9B2187BE 
  81      B3F35D3C 
  81      B4CC
  82 0143 55DA1CD4 		.ascii	"U\332\034\324'w\201\031\207\205n\340\330)>7\240<\343"
  82      27778119 
  82      87856EE0 
  82      D8293E37 
  82      A03CE3
  83 0156 28E99350 		.ascii	"(\351\223PR\034%S\331\316\011\224\204\253\205\225\277"
  83      521C2553 
  83      D9CE0994 
  83      84AB8595 
  83      BF
  84 0167 8D353E98 		.ascii	"\2155>\230\270S\016\252v\346\270\223\311\252Yg\321\264"
  84      B8530EAA 
  84      76E6B893 
  84      C9AA5967 
  84      D1B4
  85 0179 DE675157 		.ascii	"\336gQW]\274\3449\307\342\315\245\26161\242d\015(\031"
ARM GAS  C:\Users\CYIRKO~1\AppData\Local\Temp\ccdwFKxe.s 			page 6


  85      5DBCE439 
  85      C7E2CDA5 
  85      B13631A2 
  85      640D2819 
  86 018d 8E326F40 		.ascii	"\2162o@\2313LE\233~\367\336\246\367\227A\024z\267\266"
  86      99334C45 
  86      9B7EF7DE 
  86      A6F79741 
  86      147AB7B6 
  87 01a1 2A9C6ED7 		.ascii	"*\234n\327\304\214\305\374\265\232([Q*\212\231Y\353"
  87      C48CC5FC 
  87      B59A285B 
  87      512A8A99 
  87      59EB
  88 01b3 C57084FC 		.ascii	"\305p\204\374\203\303A\3359\360&\305\357\357\242\256"
  88      83C341DD 
  88      39F026C5 
  88      EFEFA2AE 
  89 01c3 0C2E837B 		.ascii	"\014.\203{\355h\343\330\212\025\014|\013\234\357%\347"
  89      ED68E3D8 
  89      8A150C7C 
  89      0B9CEF25 
  89      E7
  90 01d4 CB1B46F5 		.ascii	"\313\033F\365\202\363e\275\015\357\000O\353\255\\d\206"
  90      82F365BD 
  90      0DEF004F 
  90      EBAD5C64 
  90      86
  91 01e5 52FD7143 		.ascii	"R\375qC\320$|\224\0161+\362\353\343=qle\305E\021P\365"
  91      D0247C94 
  91      0E312BF2 
  91      EBE33D71 
  91      6C65C545 
  92 01fc 8F5F173B 		.ascii	"\217_\027;4A\323*\266\261\333\334\3508\2144oN\242ym"
  92      3441D32A 
  92      B6B1DBDC 
  92      E8388C34 
  92      6F4EA279 
  93 0211 98D62B4E 		.ascii	"\230\326+NS\3424\205\342\367\264\330\303\004Kn\222\311"
  93      53E23485 
  93      E2F7B4D8 
  93      C3044B6E 
  93      92C9
  94 0223 002C8253 		.ascii	"\000,\202S&\203PD\261A\016\305\016\263(C\360\024e\030"
  94      26835044 
  94      B1410EC5 
  94      0EB32843 
  94      F0146518 
  95 0237 665046E0 		.ascii	"fPF\3401\312(\304Q\034\020E9\003\021\224\263\240\200"
  95      31CA28C4 
  95      511C1045 
  95      39031194 
  95      B3A080
  96 024a 5382B7EC 		.ascii	"S\202\267\354\366\007\272\363\251\016"
  96      F607BAF3 
  96      A90E
  97              		.text
ARM GAS  C:\Users\CYIRKO~1\AppData\Local\Temp\ccdwFKxe.s 			page 7


  98              		.section	.gnu.lto_.symbol_nodes.5638cc08,"",%progbits
  99 0000 789C6365 		.ascii	"x\234ce`b\360`\000\002\246\271L\365\014\014\023\316"
  99      6062F060 
  99      0002A6B9 
  99      4CF50C0C 
  99      13CE
 100 0012 313000A9 		.ascii	"10\000\251]\015\216@\221yL\365\214(\"\254s\230\030\032"
 100      5D0D8E40 
 100      91794CF5 
 100      8C2822AC 
 100      7398181A 
 101 0026 95808A19 		.ascii	"\225\200\212\031\3473\3253\201\245\030\030\032\032\034"
 101      E733D533 
 101      81A51818 
 101      1A1A1C
 102 0035 18189881 		.ascii	"\030\030\230\201p\311\203\177\214\014\000se\020\322"
 102      70C9837F 
 102      8C0C0073 
 102      6510D2
 103              		.text
 104              		.section	.gnu.lto_.refs.5638cc08,"",%progbits
 105 0000 789C6365 		.ascii	"x\234ce`b`d\000\002\000\000I\000\011"
 105      60626064 
 105      00020000 
 105      490009
 106              		.text
 107              		.section	.gnu.lto_.decls.5638cc08,"",%progbits
 108 0000 789CAD56 		.ascii	"x\234\255VkLTG\024\276\347\316\262\302\202b\240i\374"
 108      6B4C5447 
 108      14BEE7CE 
 108      B2C28262 
 108      A069FC
 109 0013 61223134 		.ascii	"a\"14\322\246\205\202V\032\323\330Z\020\265\245J\242"
 109      D2A68582 
 109      561AD3D8 
 109      5A10B5A5 
 109      4AA2
 110 0025 F547BBCD 		.ascii	"\365G\273\315fa\027\334ta\267\273K\243i\232\\\025\213"
 110      666117DC 
 110      7461B7BB 
 110      4BA3699A 
 110      5C158B
 111 0038 B5F555ED 		.ascii	"\265\365U\355\003+-V[\241>@\024\013\210\272\242\"\""
 111      032B2D56 
 111      5BA13E40 
 111      140B88BA 
 111      A22222
 112 004b 28BE5094 		.ascii	"(\276P\224\227\217b\255\200\212\250hEzf\346.\367z\241"
 112      978F62AD 
 112      808AA868 
 112      457A66E6 
 112      2EF77AA1 
 113 005f 694C3BE1 		.ascii	"iL;\341\273s\317\234o\276s\346\314\314e\375\004Q\230"
 113      BB73CF9C 
 113      6FBE73E6 
 113      CCCC65FD 
 113      045198
ARM GAS  C:\Users\CYIRKO~1\AppData\Local\Temp\ccdwFKxe.s 			page 8


 114 0072 1528089F 		.ascii	"\025(\010\237\212\202\240\003A\350\307\246\023\004a"
 114      8A82A003 
 114      41E8C7A6 
 114      130461
 115 0081 9BA03482 		.ascii	"\233\2404\202\330\216(B\024#\220&\364\011O\266\017\200"
 115      D88E2842 
 115      14239026 
 115      F4094FB6 
 115      0F80
 116 0093 F3E6221E 		.ascii	"\363\346\"\036\253\346\213\362\334bap3\003\327\232+"
 116      ABE68BF2 
 116      DC626170 
 116      3303D79A 
 116      2B
 117 00a4 DB20C7D0 		.ascii	"\333 \307\320\266\277d\355q\210F\304#D\010\242\036q"
 117      B6BF64ED 
 117      718846C4 
 117      234408A2 
 117      1E71
 118 00b6 16711A71 		.ascii	"\026q\032q\022q\012\321\2008\201\350Bt#z\020\267\021"
 118      12710AD1 
 118      803881E8 
 118      4274237A 
 118      10B711
 119 00c9 B7107711 		.ascii	"\267\020w\021\367\020\275\210;\210N\304\315!\342\321"
 119      F710BD88 
 119      3B884EC4 
 119      CD21E2D1 
 120 00d9 F62D81DD 		.ascii	"\366-\201\335\313\017\355\025[\240\011p\0150\222g\010"
 120      CB0FED15 
 120      5BA00970 
 120      0D309267 
 120      08
 121 00ea FC090CCC 		.ascii	"\374\011\014\314\354\3675\0006\216\243\242 /\3147\004"
 121      ECF73500 
 121      368EA3A2 
 121      202FCC37 
 121      04
 122 00fb BE19B22D 		.ascii	"\276\031\262-\312\246(K\262?y2\250\024\271\233G\362"
 122      CAA6284B 
 122      B23F7932 
 122      A814B99B 
 122      47F2
 123 010d 355E27FE 		.ascii	"5^'\376\302\246\371f\203\250\004\000POP\011\362\264"
 123      C2A6F966 
 123      83A80400 
 123      504F5009 
 123      F2B4
 124 011f 65FF407E 		.ascii	"e\377@~\202\2628\360\255\376vNm\273\241\025\232\351"
 124      82B238F0 
 124      ADFE764E 
 124      6DBBA115 
 124      9AE9
 125 0131 68DE1BC0 		.ascii	"h\336\033\300\307:W\036\017&\"\320\367\326\007\371\011"
 125      C73A571E 
 125      0F2622D0 
 125      F7D607F9 
ARM GAS  C:\Users\CYIRKO~1\AppData\Local\Temp\ccdwFKxe.s 			page 9


 125      09
 126 0142 915B25DE 		.ascii	"\221[%\336\374\307(e;\334\177\337\033\274\202@\210\001"
 126      FCC72865 
 126      3BDC7FDF 
 126      1BBC8240 
 126      8801
 127 0154 44344FDD 		.ascii	"D4O\335\252\315\015D\363\031\003\214D\263w\341\331\003"
 127      AACD0D44 
 127      F319038C 
 127      44B377E1 
 127      D903
 128 0166 8651DFB0 		.ascii	"\206Q\337\260Y\213\245\221\"\314}\026\266\302h\330\002"
 128      598BA591 
 128      22CC7D16 
 128      B6C268D8 
 128      02
 129 0177 A331F836 		.ascii	"\2431\3706\030\205\317d\035W\372\271\363x\241\377\330"
 129      1885CF64 
 129      1D57FAB9 
 129      F378A1FF 
 129      D8
 130 0188 3C29AF4D 		.ascii	"<)\257M\362\036\271\362\302\245bIZ\202\323t\224\006"
 130      F21EB9F2 
 130      C2A56249 
 130      5A82D374 
 130      9406
 131 019a 0540E057 		.ascii	"\005@\340W\210\244)\343+>\363\241\025`3\264\340\202"
 131      88A429E3 
 131      2B3EF3A1 
 131      156033B4 
 131      E082
 132 01ac B6C3589C 		.ascii	"\266\303X\234^\333\336\374\011\371\200%\233\225w\265"
 132      5EDBDEFC 
 132      09F98025 
 132      9B9577B5 
 133 01bc 4C8F4A45 		.ascii	"L\217JE\250T\371|\216\344]\204:\"\323)Tt\012\265:EL"
 133      A854F97C 
 133      8EE45D84 
 133      3A22D329 
 133      54740AB5 
 134 01d3 47FA634F 		.ascii	"G\372cOS0IcB\205\033\033\326\016G\2416\011S\372\361"
 134      53304963 
 134      42851B1B 
 134      D60E47A1 
 134      360953FA 
 135 01e8 B5FEECAA 		.ascii	"\265\376\354\252/\245\015\300\022\207\035\212\322\016"
 135      2FA50DC0 
 135      12871D8A 
 135      D20E
 136 01f6 AA445F8A 		.ascii	"\252D_\212\231B\365\301\355\367\002I90\211\372\365\271"
 136      9942F5C1 
 136      EDF70249 
 136      393089FA 
 136      F5B9
 137 0208 357EBC3E 		.ascii	"5~\274>\273h\201\226\027\366\373\363\372\344\205R\263"
 137      BB688196 
 137      17F6FBF3 
ARM GAS  C:\Users\CYIRKO~1\AppData\Local\Temp\ccdwFKxe.s 			page 10


 137      FAE48552 
 137      B3
 138 0219 E0F118EE 		.ascii	"\340\361\030\356\375\216zK\367v\306ps4Z\345\315\267"
 138      FD8E7A4B 
 138      F776C670 
 138      73345AE5 
 138      CDB7
 139 022b BD7231DB 		.ascii	"\275r1\333\200nH\335\272+#\270\035FMiyv\020g\367R\367"
 139      806E48DD 
 139      BA2B23B8 
 139      1D464D69 
 139      79761067 
 140 0242 D186DC2E 		.ascii	"\321\206\334.\003\251\343q\273\262~o\013\344\316Qh\236"
 140      03A9E371 
 140      BBB27E6F 
 140      0BE4CE51 
 140      689E
 141 0254 CC2A5A4F 		.ascii	"\314*ZO\270\251SmS\010\337\246\246\317?\373AO\316\360"
 141      B8A9536D 
 141      5308DFA6 
 141      A6CF3FFB 
 141      414FCEF0 
 142 0268 99CDD505 		.ascii	"\231\315\325\005[(u\234\001\350)\012\246u\350({0\234"
 142      5B28759C 
 142      01E8290A 
 142      A675E828 
 142      7B309C
 143 027b 0F51C6A9 		.ascii	"\017Q\306\251\225\335\233\206\221FF\027sj\316U\352 "
 143      95DD9B86 
 143      91464617 
 143      736ACE55 
 143      EA20
 144 028d C2F00BDD 		.ascii	"\302\360\013\335c\357\265\212\3119\335\222\024\006\207"
 144      63EFB58A 
 144      C939DD92 
 144      140687
 145 029c C000954A 		.ascii	"\300\000\225J\211\306\031\360\271T\222\026I\253\026"
 145      89C619F0 
 145      B9549216 
 145      49AB16
 146 02ab 4B01D305 		.ascii	"K\001\323\005(\303S\260\027O\001\034\204\010\252Kyp"
 146      28C353B0 
 146      174F011C 
 146      8408AA4B 
 146      7970
 147 02bd 0007BD38 		.ascii	"\000\007\2758\2101\0126\255\376IO\216\261\323'V\355"
 147      88310A36 
 147      ADFE494F 
 147      8EB1D327 
 147      56ED
 148 02cf BB785E07 		.ascii	"\273x^\007\206\210!\005\216\014! 'sal\325\022\272\363"
 148      86882105 
 148      8E0C2120 
 148      2773616C 
 148      D512BAF3 
 149 02e3 5598CC61 		.ascii	"U\230\314a%\031\314\215\037\271\313\345M\013ERD\330"
 149      2519CC8D 
ARM GAS  C:\Users\CYIRKO~1\AppData\Local\Temp\ccdwFKxe.s 			page 11


 149      1FB9CBE5 
 149      4D0B4552 
 149      44D8
 150 02f5 AAD6EDE9 		.ascii	"\252\326\355\351\361\355\224?\2327\327\034\256\023\311"
 150      F1ED943F 
 150      9A37D71C 
 150      AE13C9
 151 0304 2EEE6B3F 		.ascii	".\356k?\2778GO\312\271\261\252\257Q\322\223Jn,\277\331"
 151      BF38474F 
 151      CAB9B1AA 
 151      AF51D293 
 151      4A6E2CBF 
 152 0319 BB41478E 		.ascii	"\273AG\216r\243q\361\375\206\341\344\0043\002>+,\335"
 152      72A371F1 
 152      FD86E1E4 
 152      0433023E 
 152      2B2CDD
 153 032c 1504E1B4 		.ascii	"\025\004\341\264\205\206\207G\374Ds\367^{\370bu\367"
 153      85868747 
 153      FC4473F7 
 153      5E7BF862 
 153      75F7
 154 033e 5549FA2A 		.ascii	"UI\372*\210%u\034\223:\003\241\312b*\330\305\210\306"
 154      8825751C 
 154      933A03A1 
 154      CA622AD8 
 154      C588C6
 155 0351 87C0273C 		.ascii	"\207\300'<\234\214\3477\2130v\235\226\035\245!\377\371"
 155      9C8CE737 
 155      8B30769D 
 155      961DA521 
 155      FFF9
 156 0363 BA42AED1 		.ascii	"\272B\256\321\222\2172\3512Pi\253\350\325Z\372>m&\027"
 156      928F32E9 
 156      325069AB 
 156      E8D55AFA 
 156      3E6D2617 
 157 0377 54EC6343 		.ascii	"T\354cC\2133\366jZ\373U\222\364\206N\200R\364\377\306"
 157      8B33F66A 
 157      5AFB5592 
 157      F4864E80 
 157      52F4FFC6 
 158 038b 5C948DE5 		.ascii	"\\\224\215\345\207s\270[\365\020\016g\021\247\021'\021"
 158      8773B85B 
 158      F5100E67 
 158      11A71127 
 158      11
 159 039c A7100D88 		.ascii	"\247\020\015\210\023\020\316\356\021\217W\243\212W;"
 159      1310CEEE 
 159      118F57A3 
 159      8A573B
 160 03ab E4CAD56B 		.ascii	"\344\312\325k\251\231\256\260\367\017\275\026N\347G"
 160      A999AEB0 
 160      F70FBD16 
 160      4EE747
 161 03ba A36B5FC8 		.ascii	"\243k_\310BI\002J\023\344c!\177\320\366?\316\252\327"
 161      4249024A 
ARM GAS  C:\Users\CYIRKO~1\AppData\Local\Temp\ccdwFKxe.s 			page 12


 161      13E46321 
 161      7FD0F63F 
 161      CEAAD7
 162 03cd 93EF75EC 		.ascii	"\223\357u\354\340mZV\273\333\037B#\206Z\023\\\300\245"
 162      E06D5A56 
 162      BBDB1F42 
 162      23865A13 
 162      5CC0A5
 163 03e0 3CCDB278 		.ascii	"<\315\262x\344\366j=~A\241\021'\236W\216$\315\203\205"
 163      E4F66A3D 
 163      7E41A111 
 163      279E578E 
 163      24CD8385 
 164 03f4 F7DDF910 		.ascii	"\367\335\371\020\371\316g\327\335\335,\222\355,\035"
 164      F9CE67D7 
 164      DDDD2C92 
 164      ED2C1D
 165 0403 28AAC8EA 		.ascii	"(\252\310\352\034\301\235^\352\374b\311\312\317\207"
 165      1CC19D5E 
 165      EAFC62C9 
 165      CACF87
 166 0412 9112EEBC 		.ascii	"\221\022\356\274\223_\374\203?w\346S\347\365\276\252"
 166      935FFC83 
 166      3F77E653 
 166      E7F5BEAA 
 167 0422 1B7EA482 		.ascii	"\033~\244\202;\267\326\035i\222\357\377R\352<}\277>"
 167      3BB7D61D 
 167      6992EFFF 
 167      52EA3C7D 
 167      BF3E
 168 0434 DB400E72 		.ascii	"\333@\016rg\377\365\306\215\001\334y\213\332\313J\326"
 168      67FFF5C6 
 168      8D01DC79 
 168      8BDACB4A 
 168      D6
 169 0445 6C0C2635 		.ascii	"l\014&5\334y\272}C\226\374\225\251\247\366\212\225;"
 169      DC79BA7D 
 169      4396FC95 
 169      A9A7F68A 
 169      953B
 170 0457 7718C849 		.ascii	"w\030\310I\356\314o_\277Bv\276\212fI]i\213\0379\317"
 170      EECC6F5F 
 170      BF4276BE 
 170      8A66495D 
 170      698B1F39 
 171 046c 7D4DDD0D 		.ascii	"}M\335\015\331\201\244\225\033\205\217\326n\326\223"
 171      D981A495 
 171      1B858FD6 
 171      6ED693
 172 047b 766EACC8 		.ascii	"vn\254\310i.2\220Nf\014\357k\355\331\037\010\241\341"
 172      692E3290 
 172      4E660CEF 
 172      6BEDD91F 
 172      08A1E1
 173 048e 032D225C 		.ascii	"\003-\"\\]\355\022\254\366.\266}\035r\251\357c\251\273"
 173      5DED12AC 
 173      F62EB67D 
ARM GAS  C:\Users\CYIRKO~1\AppData\Local\Temp\ccdwFKxe.s 			page 13


 173      1D72A9EF 
 173      63A9BB
 174 04a1 B0ACDD88 		.ascii	"\260\254\335\210\036\304m\304-\304]\304=D/\342\016\242"
 174      1EC46DC4 
 174      2DC45DC4 
 174      3D442FE2 
 174      0EA2
 175 04b3 13715339 		.ascii	"\023qS9Q\264\364\307C\326HR\365\313\254\370{\260\370"
 175      51B4F4C7 
 175      43D64852 
 175      F5CBACF8 
 175      7BB0F8
 176 04c6 5472603B 		.ascii	"Tr`;\313\237\274\037\310\257|k!;S\224\376\247\226\376"
 176      CB9FBC1F 
 176      C8AF7C6B 
 176      213B5394 
 176      FEA796FE 
 177 04da C4DDA3E4 		.ascii	"\304\335\243\344Y\012\371\206\226\274\033\264\354D\205"
 177      590AF986 
 177      96BC1BB4 
 177      EC4485
 178 04e9 7D55CBBE 		.ascii	"}U\313\276\242e_~[a\267k\331\277\017\312\373\262*\357"
 178      A2655F7E 
 178      5B61B76B 
 178      D9BF0FCA 
 178      FBB22AEF 
 179 04fd EB5A7AC5 		.ascii	"\353Zz\305\340e\316T\350MZ\372\305A\231\253r\371C\313"
 179      E065CE54 
 179      E84D5AFA 
 179      C54199AB 
 179      72F943CB 
 180 0511 BE362873 		.ascii	"\2766(s\325:/k\331\227\006\247\362\216Bo\323\322[\025"
 180      D53A2F6B 
 180      D99706A7 
 180      F28E426F 
 180      D3D25B15 
 181 0525 71F9121F 		.ascii	"q\371\022\037\345\227\270\343\311K,ov\235j\263[\264"
 181      E597B8E3 
 181      C94B2C6F 
 181      769D6AB3 
 181      5BB4
 182 0537 5ACDAAD0 		.ascii	"Z\315\252\320x\"\017<\350X\022Lz\370\245\357k\272\372"
 182      78220F3C 
 182      E858124C 
 182      7AF8A5EF 
 182      6BBAFA
 183 054a 8AE6CEFB 		.ascii	"\212\346\316\373N!\374\205\207\357\277\034D\236x\303"
 183      4E21FC85 
 183      87EFBF1C 
 183      449E78C3 
 184 055a 09F60D78 		.ascii	"\011\366\015x\210B\017\224o@\207\357\033\220\333\346"
 184      88420F94 
 184      6F4087EF 
 184      1B90DBE6 
 185 056a BDE2172A 		.ascii	"\275\342\027*\307_\372O\361\205\247\016\216\322\305"
 185      C75FFA4F 
 185      F185A70E 
ARM GAS  C:\Users\CYIRKO~1\AppData\Local\Temp\ccdwFKxe.s 			page 14


 185      8ED2C5
 186 0579 778F7D1D 		.ascii	"w\217}\035\370\334F\251\310\213\277h\016\006\027\340"
 186      F8DC46A9 
 186      C88BBF68 
 186      0E0617E0 
 187 0589 2FA30078 		.ascii	"/\243\000x\204\202;y\036\252\373FG\346\340\217\333>"
 187      84823B79 
 187      1EAAFB46 
 187      47E6E08F 
 187      DB3E
 188 059b 788EFE00 		.ascii	"x\216\376\000\354=\327\022\024\264l\340\0370\373\015"
 188      EC3DD712 
 188      14B46CE0 
 188      1F30FB0D 
 189 05ab E4FBC00A 		.ascii	"\344\373\300\012\360\030\202|\313\300W!\310d\262\232"
 189      F018827C 
 189      CBC05721 
 189      C864B29A 
 190 05bb 5DF60526 		.ascii	"]\366\005&[\206\315\343?m\346\273aq\321\321B\374\324"
 190      5B86CDE3 
 190      3F6DE6BB 
 190      6171D1D1 
 190      42FCD4
 191 05ce 49C6B879 		.ascii	"I\306\270y\266d\333lO\246\305\3460\246\320w\207;:vb"
 191      B664DB6C 
 191      4FA6C5E6 
 191      30A6D077 
 191      873B3A76 
 192 05e3 94C31D35 		.ascii	"\224\303\0355\317l\217Jv\230]\026w\324\3549\246\231"
 192      CF6C8F4A 
 192      76985D16 
 192      77D4EC39 
 192      A699
 193 05f5 EFC6254E 		.ascii	"\357\306%N\235\025=a\202)!vb\354{3\270+2E\010`/3Pw\244"
 193      9D153D61 
 193      82292176 
 193      62EC7B33 
 193      B82B3245 
 194 0610 DB933E3E 		.ascii	"\333\223>>\306\224bw\244|\310\002M\371W}\247\303\345"
 194      C6946277 
 194      A47CC802 
 194      4DF9577D 
 194      A7C3E5
 195 0623 A1F2EF8C 		.ascii	"\241\362\357\214\217\341\317\204\330\371\363\251\307"
 195      8FE1CF84 
 195      D8F9F3A9 
 195      C7
 196 0630 64B75B22 		.ascii	"d\267[\"\347\011!N|\265XS\315\231v\217)\305\221\221"
 196      E709214E 
 196      7CB55853 
 196      CD99768F 
 196      29C59191 
 197 0644 6A4BD327 		.ascii	"jK\323'\275\025o\366\230u\346T\227\335`2e\3322<\030"
 197      BD156FF6 
 197      9875E654 
 197      97DD6032 
 197      65DA323C 
ARM GAS  C:\Users\CYIRKO~1\AppData\Local\Temp\ccdwFKxe.s 			page 15


 198 0659 D4936A9D 		.ascii	"\324\223j\235\304\365\335<\226\307\341\260\273\215i"
 198      C4F5DD3C 
 198      96C7E1B0 
 198      BB8D69
 199 0668 199961EC 		.ascii	"\031\231a\354-\314\354J\017\263\246'[-\026\253\3058"
 199      2DCCEC4A 
 199      0FB3A627 
 199      5B2D16AB 
 199      C538
 200 067a 31727C58 		.ascii	"1r|X\314\313\321\261\037E\033q\374\245\014G\206\365"
 200      CCCBD1B1 
 200      1F451B71 
 200      FCA50C47 
 200      86F5
 201 068c 25AB39D9 		.ascii	"%\2539\331f\264e\244\3303-Vc\272\031\2652\254\306\201"
 201      66B465A4 
 201      D8332D56 
 201      63BA19B5 
 201      32ACC681 
 202 06a0 D89E054E 		.ascii	"\330\236\005N\253\033\023\362\367\305{\377\177\215\347"
 202      AB1B13F2 
 202      F7C57BFF 
 202      7F8DE7
 203 06af 5EE0369A 		.ascii	"^\3406\232\334\036\013\212c\020\342\260\270\374\234"
 203      DC1E0B8A 
 203      6310E2B0 
 203      B8FC9C
 204 06be 994E8B6B 		.ascii	"\231N\213k\230\303\355\264Z-.\275\203&\340\362KwX\254"
 204      98C3EDB4 
 204      5A2D2EBD 
 204      8326E0F2 
 204      4B7758AC 
 205 06d2 2EBAF479 		.ascii	".\272\364y\011OU\333\304\304\370\250iI3f}\034\303\212"
 205      094F55DB 
 205      C4C4F8A8 
 205      69493366 
 205      7D1CC38A 
 206 06e6 EB540ACC 		.ascii	"\353T\012\314\367,\315is\230\334VO\246\323\344\321'"
 206      F72CCD69 
 206      7398DC56 
 206      4FA6D3E4 
 206      D127
 207 06f8 CDA005D6 		.ascii	"\315\240\005\326'M\347\3354\336%\360n*\357\342y\027"
 207      274DE7DD 
 207      34DE25F0 
 207      6E2AEFE2 
 207      7917
 208 070a C7BB3779 		.ascii	"\307\2737y7\205wo\323. iJb\034\333\260\277\001la\036"
 208      3785776F 
 208      D32E2069 
 208      4A621CDB 
 208      B0BF016C 
 209 0720 EE       		.ascii	"\356"
 210              		.text
 211              		.section	.gnu.lto_.symtab.5638cc08,"",%progbits
 212 0000 5F5F6561 		.ascii	"__early_init\000"
 212      726C795F 
ARM GAS  C:\Users\CYIRKO~1\AppData\Local\Temp\ccdwFKxe.s 			page 16


 212      696E6974 
 212      00
 213 000d 00       		.ascii	"\000"
 214 000e 00       		.ascii	"\000"
 215 000f 00       		.ascii	"\000"
 216 0010 00000000 		.ascii	"\000\000\000\000\000\000\000\000"
 216      00000000 
 217 0018 AE000000 		.ascii	"\256\000\000\000"
 218 001c 626F6172 		.ascii	"boardInit\000"
 218      64496E69 
 218      7400
 219 0026 00       		.ascii	"\000"
 220 0027 00       		.ascii	"\000"
 221 0028 00       		.ascii	"\000"
 222 0029 00000000 		.ascii	"\000\000\000\000\000\000\000\000"
 222      00000000 
 223 0031 B0000000 		.ascii	"\260\000\000\000"
 224 0035 70616C5F 		.ascii	"pal_default_config\000"
 224      64656661 
 224      756C745F 
 224      636F6E66 
 224      696700
 225 0048 00       		.ascii	"\000"
 226 0049 00       		.ascii	"\000"
 227 004a 00       		.ascii	"\000"
 228 004b 00000000 		.ascii	"\000\000\000\000\000\000\000\000"
 228      00000000 
 229 0053 FD000000 		.ascii	"\375\000\000\000"
 230 0057 73746D33 		.ascii	"stm32_clock_init\000"
 230      325F636C 
 230      6F636B5F 
 230      696E6974 
 230      00
 231 0068 00       		.ascii	"\000"
 232 0069 02       		.ascii	"\002"
 233 006a 00       		.ascii	"\000"
 234 006b 00000000 		.ascii	"\000\000\000\000\000\000\000\000"
 234      00000000 
 235 0073 B2000000 		.ascii	"\262\000\000\000"
 236              		.text
 237              		.section	.gnu.lto_.opts,"",%progbits
 238 0000 272D666D 		.ascii	"'-fmath-errno' '-fsigned-zeros' '-ftrapping-math' '"
 238      6174682D 
 238      6572726E 
 238      6F272027 
 238      2D667369 
 239 0033 2D666E6F 		.ascii	"-fno-trapv' '-fno-openmp' '-fno-openacc' '-mcpu=cor"
 239      2D747261 
 239      70762720 
 239      272D666E 
 239      6F2D6F70 
 240 0066 7465782D 		.ascii	"tex-m7' '-mno-thumb-interwork' '-mthumb' '-ggdb' '-"
 240      6D372720 
 240      272D6D6E 
 240      6F2D7468 
 240      756D622D 
 241 0099 4F322720 		.ascii	"O2' '-fomit-frame-pointer' '-falign-functions=16' '"
ARM GAS  C:\Users\CYIRKO~1\AppData\Local\Temp\ccdwFKxe.s 			page 17


 241      272D666F 
 241      6D69742D 
 241      6672616D 
 241      652D706F 
 242 00cc 2D666675 		.ascii	"-ffunction-sections' '-fdata-sections' '-fno-common"
 242      6E637469 
 242      6F6E2D73 
 242      65637469 
 242      6F6E7327 
 243 00ff 2720272D 		.ascii	"' '-flto'\000"
 243      666C746F 
 243      2700
 244              		.text
 245              		.comm	__gnu_lto_v1,1,1
 246              		.comm	__gnu_lto_slim,1,1
 247              		.ident	"GCC: (GNU Tools for ARM Embedded Processors 6-2017-q1-update) 6.3.1 20170215 (release) [AR
ARM GAS  C:\Users\CYIRKO~1\AppData\Local\Temp\ccdwFKxe.s 			page 18


DEFINED SYMBOLS
                            *ABS*:00000000 board.c
                            *COM*:00000001 __gnu_lto_v1
                            *COM*:00000001 __gnu_lto_slim

NO UNDEFINED SYMBOLS
