ARM GAS  C:\Users\CYIRKO~1\AppData\Local\Temp\ccwezqbl.s 			page 1


   1              		.cpu cortex-m7
   2              		.eabi_attribute 20, 1
   3              		.eabi_attribute 21, 1
   4              		.eabi_attribute 23, 3
   5              		.eabi_attribute 24, 1
   6              		.eabi_attribute 25, 1
   7              		.eabi_attribute 26, 1
   8              		.eabi_attribute 30, 2
   9              		.eabi_attribute 34, 1
  10              		.eabi_attribute 18, 4
  11              		.file	"brake_sensor.c"
  12              		.text
  13              	.Ltext0:
  14              		.section	.gnu.lto_.profile.bd26dab2,"",%progbits
  15 0000 789C6365 		.ascii	"x\234ce`b`a```dH6\004\000\001w\000\241"
  15      60626061 
  15      60606064 
  15      48360400 
  15      017700A1 
  16              		.text
  17              		.section	.gnu.lto_.icf.bd26dab2,"",%progbits
  18 0000 789C6365 		.ascii	"x\234ce`b\360d@\000\036\206e\027ondf|\266vR\023\023"
  18      6062F064 
  18      40001E86 
  18      65176F6E 
  18      64667CB6 
  19 0018 D3A686A5 		.ascii	"\323\246\206\245w\271\231\247m:\273\235\215\005\314"
  19      77B999A7 
  19      6D3ABB9D 
  19      8D05CC
  20 0027 66ED5DD3 		.ascii	"f\355]\323-\300\266\346\357\215\353l\354\035\013\356"
  20      2DC0B6E6 
  20      EF8DEB6C 
  20      EC1D0BEE 
  21 0037 9C60E3E8 		.ascii	"\234`\343\350]\177\373\013/\347\362\225M\253\331\271"
  21      5D7FFB0B 
  21      2FE7F295 
  21      4DABD9B9 
  22 0047 B67FBDDC 		.ascii	"\266\177\275\334\314\317\375l\302\375?\374\014\000\365"
  22      CCCFFD6C 
  22      C2FD3FFC 
  22      0C00F5
  23 0056 BC22AD   		.ascii	"\274\"\255"
  24              		.text
  25              		.section	.gnu.lto_.jmpfuncs.bd26dab2,"",%progbits
  26 0000 789C6365 		.ascii	"x\234ce`b(f@\000V\020\301\3068\235\231\361\313\355G"
  26      60622866 
  26      40005610 
  26      C1C6389D 
  26      99F1CBED 
  27 0015 E718FB98 		.ascii	"\347\030\373\230\34733064t4\2600.g\224a`\344`\000\311"
  27      E7333330 
  27      36347434 
  27      B0302E67 
  27      946160E4 
  28 002c 6D3972BC 		.ascii	"m9r\274\215\003$\307\010\004+\200\342`\321\366\227\015"
  28      8D0324C7 
ARM GAS  C:\Users\CYIRKO~1\AppData\Local\Temp\ccwezqbl.s 			page 2


  28      08042B80 
  28      E260D1F6 
  28      970D
  29 003e 7B5940A2 		.ascii	"{Y@\242L\214\012\214+A\242\354@\3038\030\0308\031\030"
  29      4C8C0A8C 
  29      2B41A2EC 
  29      40C33818 
  29      18381918 
  30 0052 98400AA6 		.ascii	"\230@\012\246\265\036:\317\016R\300\314\310\300\270"
  30      B51E3ACF 
  30      0E52C0CC 
  30      C8C0B8
  31 0061 0AA4801B 		.ascii	"\012\244\200\033\250\000\000l\257\030\362"
  31      A800006C 
  31      AF18F2
  32              		.text
  33              		.section	.gnu.lto_.inline.bd26dab2,"",%progbits
  34 0000 789C6365 		.ascii	"x\234ce`b\250f@\000V\006\006a]F\006&\261\003;\230\030"
  34      6062A866 
  34      40005606 
  34      06615D46 
  34      0626B103 
  35 0017 D816C833 		.ascii	"\330\026\3103\201\004\031\271\200\004\013/\003\0033"
  35      810419B9 
  35      80040B2F 
  35      030333
  36 0026 90666760 		.ascii	"\220fg`\347\004*`\373\240\207*\317\301\300\306\212&"
  36      E7042A60 
  36      FBA0872A 
  36      CFC1C0C6 
  36      8A26
  37 0038 CEC92022 		.ascii	"\316\311 \"\005\024\222i;\301\010\027c\346\001\252g"
  37      05149269 
  37      3BC10817 
  37      63E601AA 
  37      67
  38 0049 E0666067 		.ascii	"\340f`g\003\312p|\260\205K0\000\000\374t\013\345"
  38      03CA707C 
  38      B0854B30 
  38      0000FC74 
  38      0BE5
  39              		.text
  40              		.section	.gnu.lto_.pureconst.bd26dab2,"",%progbits
  41 0000 789C6365 		.ascii	"x\234ce`b\340f```e\220`\227\340\220\342\224\340f\001"
  41      6062E066 
  41      60606065 
  41      906097E0 
  41      90E294E0 
  42 0016 00046000 		.ascii	"\000\004`\000\241"
  42      A1
  43              		.text
  44              		.section	.gnu.lto_brakeSensorInit.part.0.bd26dab2,"",%progbits
  45 0000 789C6D93 		.ascii	"x\234m\223\317k\023A\024\307\347\2733\373#kc\202\342"
  45      CF6B1341 
  45      14C7E7BB 
  45      33FB236B 
  45      6382E2
ARM GAS  C:\Users\CYIRKO~1\AppData\Local\Temp\ccwezqbl.s 			page 3


  46 0013 4149C56B 		.ascii	"AI\305k\005\365/\360\337\360$\210\226\236\004\205\004"
  46      05F52FF0 
  46      DFF02488 
  46      969E0485 
  46      04
  47 0024 BC66B498 		.ascii	"\274f\264\230\225\024\252\007m\033l\331B\016m\255\032"
  47      9514AA07 
  47      6D1B6CD9 
  47      420E6DAD 
  47      1A
  48 0035 A3AD9A6A 		.ascii	"\243\255\232j\265\224`\025J\025QAr+(\215mEK/\"V\337"
  48      B5946015 
  48      4A155141 
  48      722B288D 
  48      6D454B2F 
  49 004c 9B4D0349 		.ascii	"\233M\003I\034\3307\263o\336\373\274\357\274\331\265"
  49      1CD837B3 
  49      6FDEFBBC 
  49      EFBCD9B5 
  50 005c 8525CA52 		.ascii	"\205%\312R\210\003B\210c\364\300\026P7Vh\241`\231\331"
  50      88034288 
  50      63F4C016 
  50      50375668 
  50      A16099D9 
  51 0070 82E4F9B2 		.ascii	"\202\344\371\262'\001^h\017\"\253,\211,\256\313a\211"
  51      27015E68 
  51      0F22AB2C 
  51      892CAECB 
  51      6189
  52 0082 C5E06BC5 		.ascii	"\305\340k\305\352\231\3204\026\206o\036\324\223\013"
  52      EA99D034 
  52      16866F1E 
  52      D4930B
  53 0091 080958A0 		.ascii	"\010\011X\240\207\007&\320#(l\265\274s+\356\250\310"
  53      870726D0 
  53      23286CB5 
  53      BC732BEE 
  53      A8C8
  54 00a3 8F4938A0 		.ascii	"\217I8\240\271\364\036Z\357\374\015\264\236;\204}\020"
  54      B9F41E5A 
  54      EFFC0DB4 
  54      9E3B847D 
  54      10
  55 00b4 A18445C6 		.ascii	"\241\204E\306\222\274R\274\262\311H\207\215\313\306"
  55      92BC52BC 
  55      B2C94887 
  55      8DCBC6
  56 00c3 23A3626C 		.ascii	"#\243bl|\016\021\"O8V\225\227\212g9 -3\257\243\177\374"
  56      7C0E1122 
  56      4F385695 
  56      978A6739 
  56      202D33AF 
  57 00da E551AEC3 		.ascii	"\345Q\256\303\305+\225\215\232\233\375\243\275P\332"
  57      C52B958D 
  57      9A9BFDA3 
  57      BD50DA
  58 00e9 054EC314 		.ascii	"\005N\303\024\262\004p\304:r\343_\254\377\304\271\005"
ARM GAS  C:\Users\CYIRKO~1\AppData\Local\Temp\ccwezqbl.s 			page 4


  58      B20470C4 
  58      3A72E35F 
  58      ACFFC4B9 
  58      05
  59 00fa 2209DCA1 		.ascii	"\"\011\334\2418\332\330\256\255\256`P\206\322#\301\327"
  59      38DAD8AE 
  59      ADAE6050 
  59      86D223C1 
  59      D7
  60 010b B4C23452 		.ascii	"\264\3024R\344\236\251.\345<v\307\000\3345\256\240\256"
  60      E49EA92E 
  60      E53C76C7 
  60      00DC35AE 
  60      A0AE
  61 011d E715BB7C 		.ascii	"\347\025\273|\034\301=\244B\271G\324qe\250^\273\304"
  61      1CC13DA4 
  61      42B947D4 
  61      7165A85E 
  61      BBC4
  62 012f 55C62428 		.ascii	"U\306$(\250\264Q\371\025\347\240.0\375\367\253\321\301"
  62      A8B451F9 
  62      15E7A02E 
  62      30FDF7AB 
  62      D1C1
  63 0141 4454B6AB 		.ascii	"DT\266\253\310\375!_u\351\373hW\2101j&P\242f\337G\212"
  63      C8FD215F 
  63      75E9FB68 
  63      5788316A 
  63      2650A266 
  64 0158 F43C4008 		.ascii	"\364<@\010\346}\310!\302YD4\005b\374N\211CW\027\337"
  64      E67DC821 
  64      C2594434 
  64      0562FC4E 
  64      89435717 
  65 016d BACC8EA3 		.ascii	"\272\314\216\243\355H\361\"\037\235|\337\226?V\375\210"
  65      ED48F122 
  65      1F9D7CDF 
  65      963F56FD 
  65      88
  66 017e BD170F89 		.ascii	"\275\027\017\211]6\354G\304&\240\241M\235\216\360\262"
  66      5D36EC47 
  66      C426A0A1 
  66      4D9D8EF0 
  66      B2
  67 018f 439ED529 		.ascii	"C\236\325)o\246)o\266]\236\"D\213\274V=\262S\317\343"
  67      6FA6296F 
  67      B65D9E22 
  67      448BBC56 
  67      3DB253CF 
  68 01a4 A69E2746 		.ascii	"\246\236'F\217\342\364\255`s\372pD\264\033\022\267\202"
  68      8FE2F4AD 
  68      6073FA70 
  68      44B41B12 
  68      B782
  69 01b6 4609278A 		.ascii	"F\011'\212\351\037\331\255\351\232 \207\203>\345>\307"
  69      E91FD9AD 
  69      E99A2087 
ARM GAS  C:\Users\CYIRKO~1\AppData\Local\Temp\ccwezqbl.s 			page 5


  69      833EE53E 
  69      C7
  70 01c7 22A7477E 		.ascii	"\"\247G~\216z\267\033\025\243\302?\177\324\023\335\267"
  70      8E7AB71B 
  70      15A3C23F 
  70      7FD413DD 
  70      B7
  71 01d8 E94275D2 		.ascii	"\351Bu\322\025\2721^\223\014%\360\024\335\224\325R\311"
  71      15BA315E 
  71      930C25F0 
  71      14DD94D5 
  71      52C9
  72 01ea A72C7398 		.ascii	"\247,s\2307'\033\247im\215\352lM\245\331\2329s\032\237"
  72      37271BA7 
  72      696D8DEA 
  72      6C4DA5D9 
  72      9A39731A 
  73 01ff F3B7D7D6 		.ascii	"\363\267\327\326N\265\337V\242\375\266\022Ei\267w'\211"
  73      4EB5DF56 
  73      A2FDB612 
  73      4569B777 
  73      2789
  74 0211 E7C47B66 		.ascii	"\347\304{fx\363\304\243\335\331`\271\3543 I\237\340"
  74      78F3C4A3 
  74      DDD960B9 
  74      EC332049 
  74      9FE0
  75 0223 0BDE1103 		.ascii	"\013\336\021\003\324V\376\0076\351g2#O\367N\016z\333"
  75      D456FE07 
  75      36E96732 
  75      234FF74E 
  75      0E7ADB
  76 0236 9F49F79E 		.ascii	"\237I\367\2368\227>{\276\357L\246\357B\346b\372x\257"
  76      38973E7B 
  76      BEEF4CA6 
  76      EF42E662 
  76      FA78AF
  77 0249 F807C5D9 		.ascii	"\370\007\305\331+\231"
  77      2B99
  78              		.text
  79              		.section	.gnu.lto_brakeSensorInit.bd26dab2,"",%progbits
  80 0000 789C6D8F 		.ascii	"x\234m\217?K\003A\020\305\347\355\354%G\320J-\024Ig"
  80      3F4B0341 
  80      10C5E7ED 
  80      EC2547D0 
  80      4A2D1449 
  81 0015 91C614FA 		.ascii	"\221\306\024\372}DC*A!\367\001n\025%\020A-4!E\270\302"
  81      7D44432A 
  81      4121F701 
  81      6E152510 
  81      412D3421 
  82 002c 22312A62 		.ascii	"\"1*by\251\216\2302(\010\332\004,D\204\370\347#\030"
  82      79A98E98 
  82      322808DA 
  82      042C4484 
  82      F8E72318 
  83 0040 9D493A71 		.ascii	"\235I:qa\030\366\307\333\367\336zdh\011DsD\264\"\003"
ARM GAS  C:\Users\CYIRKO~1\AppData\Local\Temp\ccwezqbl.s 			page 6


  83      6118F6C7 
  83      DBF7DE7A 
  83      64680944 
  83      7344B422 
  84 0055 8F608EEF 		.ascii	"\217`\216\357\210v|c\354S\236\\\206;YrS\014\253\030"
  84      88767C63 
  84      EC539E5C 
  84      863B5972 
  84      530CAB18 
  85 0069 16D0ED7C 		.ascii	"\026\320\355|Ph\330\"\304\021\327\030\335\362[lrM''"
  85      5068D822 
  85      C411D718 
  85      DDF25B6C 
  85      724D2727 
  86 007d A99DCCBB 		.ascii	"\251\235\314\273V\202\210\211\3522z\320D\216D\366r3"
  86      56828889 
  86      EA327AD0 
  86      448E44F6 
  86      7233
  87 008f 3A9D4ED9 		.ascii	":\235N\331\011G\013)\211\246\353\007$n\364Sv\311\363"
  87      09470B29 
  87      89A6EB07 
  87      246EF453 
  87      76C9F3
  88 00a2 6C7BC133 		.ascii	"l{\3013\024\261\340\212H4\351\200\215n\036b\267:\354"
  88      14B1E08A 
  88      4834E980 
  88      8D6E1E62 
  88      B73AEC
  89 00b5 AFEAA306 		.ascii	"\257\352\243\006\033\361\252\356w\357\323\207\034\261"
  89      1BF1AAEE 
  89      77EFD387 
  89      1CB1
  90 00c3 815AC7F1 		.ascii	"\201Z\307\361\347 \035~;_\300\231\332\013{\357?\366"
  90      E7201D7E 
  90      3B5FC099 
  90      DA0B7BEF 
  90      3FF6
  91 00d5 32111AD2 		.ascii	"2\021\032\322\005hK\327s,J\356\005\"\320+\366\006\267"
  91      05684BD7 
  91      732C4AEE 
  91      0522D02B 
  91      F606B7
  92 00e8 3DFCE307 		.ascii	"=\374\343\007\020.UH\232\316\324\311\362\007X\205\177"
  92      102E5548 
  92      9ACED4C9 
  92      F2075885 
  92      7F
  93 00f9 72B8AE45 		.ascii	"r\270\256Eq\205P*\333\261\332\216\273~\301L\376]\021"
  93      7185502A 
  93      DBB1DA8E 
  93      BB7EC14C 
  93      FE5D11
  94 010c 8100B9CD 		.ascii	"\201\000\271\315\004\245B~\243\264\276Y\\\013\212[\301"
  94      04A5427E 
  94      A3B4BE59 
  94      5C0B8A5B 
ARM GAS  C:\Users\CYIRKO~1\AppData\Local\Temp\ccwezqbl.s 			page 7


  94      C1
  95 011d 7669B940 		.ascii	"vi\271@\2777\010d\337"
  95      BF370864 
  95      DF
  96              		.text
  97              		.section	.gnu.lto_brakeSensorIsPressed.bd26dab2,"",%progbits
  98 0000 789C2D8F 		.ascii	"x\234-\217\317JBA\024\306\3177s5\021\244E\024\204.\334"
  98      CF4A4241 
  98      14C6CF37 
  98      733511A4 
  98      4514842E 
  99 0015 BAC9A04D 		.ascii	"\272\311\240M\017\320{D\211\253\240\300\373\000\236"
  99      0FD07B44 
  99      89ABA0C0 
  99      FB009E
 100 0024 6BA55151 		.ascii	"k\245QQ\271(k!w\251\3751\011*\250\325E\202\242\300\240"
 100      B9286B21 
 100      77A9FD31 
 100      092AA8D5 
 100      4582A2C0 
 101 0039 459B5649 		.ascii	"E\233VI\004\027r\027TP\326\231\256\003sf\346\234\337"
 101      04177217 
 101      5450D699 
 101      AE037366 
 101      E69CDF
 102 004c F9BE3921 		.ascii	"\371\2769!R4\005\242a\"\212\313\206&\250\2556\221\023"
 102      523405A2 
 102      61228ACB 
 102      8626A8AD 
 102      369113
 103 005f 5180B970 		.ascii	"Q\200\271p\004\224W\310cSW4\356>n\326\243\251\032s\201"
 103      049457C8 
 103      63535734 
 103      EE3E6ED6 
 103      A3A91A73 
 104 0074 BDCAE368 		.ascii	"\275\312\343h\245\356\301\325D{\3226\221\300x\302H\324"
 104      A5EEC1D5 
 104      447BD236 
 104      91C078C2 
 104      48D4
 105 0086 9022413B 		.ascii	"\220\"A;'\275\355X\33025I\326\021\026\033j>\300\343"
 105      27BDED58 
 105      D8323549 
 105      D611161B 
 105      6A3EC0E3 
 106 009a DE6F89BD 		.ascii	"\336o\211\275\327\221\333xH\221\253\305R\202EF\207V"
 106      D791DB78 
 106      4891ABC5 
 106      52824546 
 106      8756
 107 00ac 2518D735 		.ascii	"%\030\3275\255\314\251}\264.\375\356\244i\257j%\252"
 107      ADCCA97D 
 107      B42EFDEE 
 107      A469AF6A 
 107      25AA
 108 00be 3BCBADFB 		.ascii	";\313\255\373\201\015\355j\005c\362\376\324i#x2\257"
 108      810DED6A 
ARM GAS  C:\Users\CYIRKO~1\AppData\Local\Temp\ccwezqbl.s 			page 8


 108      0563F2FE 
 108      D4692378 
 108      32AF
 109 00d0 B02529E7 		.ascii	"\260%)\347\354\245\034uQu\2309\351j\215\003$\260\017"
 109      ECA51C75 
 109      51759839 
 109      E96A8D03 
 109      24B00F
 110 00e3 F99A147F 		.ascii	"\371\232\024\177>\237\313\203\351\006/9\246f\341\020"
 110      3E9FCB83 
 110      E9062F39 
 110      A666E110 
 111 00f3 2E768D31 		.ascii	".v\2151\341\010i\362\261\370]D\340\246\003\303\323\253"
 111      E10869F2 
 111      B1F85D44 
 111      E0A603C3 
 111      D3AB
 112 0105 EB62C438 		.ascii	"\353b\3048@VCd\2049/\365\031K0a\232o\027_\261\200!\034"
 112      40564364 
 112      84392FF5 
 112      194B3061 
 112      9A6F175F 
 113 011d 0BD34521 		.ascii	"\013\323E!\331'\350\177*\230i\024\321\220\235\313\244"
 113      D927E87F 
 113      2A986914 
 113      D1909DCB 
 113      A4
 114 012e 67733373 		.ascii	"gs3s\331i;;o/\344\3062\364\007\204il\237"
 114      D9693B3B 
 114      6F2FE4C6 
 114      32F40784 
 114      696C9F
 115              		.text
 116              		.section	.gnu.lto_brakeSensorGetPressPower.bd26dab2,"",%progbits
 117 0000 789C6D52 		.ascii	"x\234mRKOSQ\020\236\271s\037}\335\266F\243\233.\330"
 117      4B4F5351 
 117      109EB973 
 117      1F7DDDB6 
 117      46A39B2E 
 118 0015 90C84663 		.ascii	"\220\310Fc\342BWn\374\001\376\003#\244+\215&\255\256"
 118      E242576E 
 118      FC01FE03 
 118      23A42B8D 
 118      26ADAE
 119 0028 7BA13C82 		.ascii	"{\241<\202\030t#\024C\251I\027X@\021\337\255h\252 &"
 119      18742314 
 119      43A94917 
 119      584011DF 
 119      AD68AA20 
 120 003d 8660828A 		.ascii	"\206`\202\212A6H0\021EBP\203b\244\316\234[\264%6\351"
 120      41364830 
 120      11454250 
 120      8362A4CE 
 120      9C5BB425 
 121 0053 9C73E6CE 		.ascii	"\234s\346\316|\363}3c\200\006\023\004P\003\000G\371"
 121      7CF37D33 
 121      63800613 
ARM GAS  C:\Users\CYIRKO~1\AppData\Local\Temp\ccwezqbl.s 			page 9


 121      04500300 
 121      47F9
 122 0065 8F26A076 		.ascii	"\217&\240vi\012\240\321\243iF\237\005N\200\326&\000"
 122      690AA0D1 
 122      A369469F 
 122      054E80D6 
 122      2600
 123 0077 1C1F697A 		.ascii	"\034\037iz\352\010\237\306\217 ;u4\334(\003Q.\216\007"
 123      EA089FC6 
 123      8F203B75 
 123      34DC2803 
 123      512E8E07 
 124 008b 21A1916E 		.ascii	"!\241\221n`\002/R7\341\263\322z1\324I\031b<~N\257N\246"
 124      60022F52 
 124      37E1B3D2 
 124      7A31D449 
 124      19623C7E 
 125 00a3 FDF2440C 		.ascii	"\375\362D\014\363s\350\311\267~\243\256\337\341_\261"
 125      F373E8C9 
 125      B77EA3AE 
 125      DFE15FB1 
 126 00b3 7BB5B631 		.ascii	"{\265\2661\331\2627C\032\364p\3645\214`?F\204K\016\353"
 126      D9B23743 
 126      1AF470F4 
 126      358C603F 
 126      46844B0E 
 127 00c8 8083E773 		.ascii	"\200\203\347s\027\332m\332\215r\237\231\371\370U\253"
 127      17DA6DDA 
 127      8D729F99 
 127      F9F855AB 
 128 00d8 CDAAC4CD 		.ascii	"\315\252\304\315\267\224r\212M5\234\211\003H\325\311"
 128      B794728A 
 128      4D359C89 
 128      0348D5C9 
 129 00e8 20D10B23 		.ascii	" \321\013#\233\227mS\307A\254\025l\206\034B\023\371"
 129      9B976D53 
 129      C741AC15 
 129      6C861C42 
 129      13F9
 130 00fa 10CFF034 		.ascii	"\020\317\3604\026\235\315R\233S\234\332\363\242~\007"
 130      169DCD52 
 130      9B539CDA 
 130      F3A27E07 
 131 010a 02E3E86C 		.ascii	"\002\343\350l\310d\243[l\014/\033\323'7\277\230\200"
 131      C864A35B 
 131      6C0C2F1B 
 131      D32737BF 
 131      9880
 132 011c 7CB0C504 		.ascii	"|\260\305\004\305\204@`\302\222\007p\236\341\245\021"
 132      C5844060 
 132      C2920770 
 132      9EE1A511 
 133 012c 1DFCE093 		.ascii	"\035\374\340\223\226\260\251ki\343\240\024L\223\316"
 133      96B0A96B 
 133      69E3A014 
 133      4C93CE
 134 013b 5CBA5A9E 		.ascii	"\\\272Z\236\276\264\244\003\226\022\222\317/\317Y\211"
ARM GAS  C:\Users\CYIRKO~1\AppData\Local\Temp\ccwezqbl.s 			page 10


 134      BEB4A403 
 134      961292CF 
 134      2FCF5989 
 135 014b DF8E871D 		.ascii	"\337\216\207\035Yr\351~\232|3\356\313`\032\231\004\336"
 135      5972E97E 
 135      9A7C33EE 
 135      CB601A99 
 135      04DE
 136 015d E04E5E17 		.ascii	"\340N^\027)8\214\031\204El\236\033\033\307\377\340\021"
 136      29388C19 
 136      84456C9E 
 136      1B1BC7FF 
 136      E011
 137 016f 02DE2C6B 		.ascii	"\002\336,k\356 \002\036\027}\306\346\253\353\257\310"
 137      EE20021E 
 137      177DC6E6 
 137      ABEBAFC8 
 138 017f 8D36ABCB 		.ascii	"\2156\253\313yzHZ0\202\011\250\204\3612\314-\214d\310"
 138      797A485A 
 138      308209A8 
 138      84F132CC 
 138      2D8C64C8 
 139 0193 07CCFD75 		.ascii	"\007\314\375uk\273\345f[\014 \236.\257\274+3\374\333"
 139      6BBBE566 
 139      5B0C209E 
 139      2EAFBC2B 
 139      33FCDB
 140 01a6 85F8B382 		.ascii	"\205\370\263\202\\-$\200wX\310m%\344.\013a@\205\266"
 140      5C2D2480 
 140      7758C86D 
 140      25E42E0B 
 140      614085B6 
 141 01ba 541A2D8B 		.ascii	"T\032-\213\361Vb\332\3331\355\254t\267\0323\210\367"
 141      F15662DA 
 141      DB31EDAC 
 141      74B71A33 
 141      88F7
 142 01cc 19F39EC2 		.ascii	"\031\363\236\302| \315a\300\265\2662\234\217\021\331"
 142      7C20CD61 
 142      C0B5B632 
 142      9C8F11D9 
 143 01dc 914CB596 		.ascii	"\221L\265\226\035~\245A\251\232i\315\035p\235\001\366"
 143      1D7EA541 
 143      A99A69CD 
 143      1D709D01 
 143      F6
 144 01ed FF539526 		.ascii	"\377S\225&\233+\014/\347\177\332B\"\244H\374\232\350"
 144      9B2B0C2F 
 144      E77FDA42 
 144      22A448FC 
 144      9AE8
 145 01ff ED0CB924 		.ascii	"\355\014\271$BY\356\253\370\306\237\257\364\006\\\022"
 145      4259EEAB 
 145      F8C69FAF 
 145      F4065C12 
 146 020f 3A169844 		.ascii	":\026\230D^\221x\350\222H^\331\252\031T\025l\267\223"
 146      5E9178E8 
ARM GAS  C:\Users\CYIRKO~1\AppData\Local\Temp\ccwezqbl.s 			page 11


 146      92485ED9 
 146      AA195415 
 146      6CB793
 147 0222 B3E53984 		.ascii	"\263\3459\204\330\017\037\260\251Fm!\257\016\273d\256"
 147      D80F1FB0 
 147      A9466D21 
 147      AF0EBB64 
 147      AE
 148 0233 B36353A9 		.ascii	"\263cS\251C\345\220\312^h<\221\321\277\203\325a\360"
 148      43E590CA 
 148      5E683C91 
 148      D1BF83D5 
 148      61F0
 149 0245 306F55F2 		.ascii	"0oU\362\335V\215\260\033^\030\030{\257\273\341\213\200"
 149      DD568DB0 
 149      1B5E1818 
 149      7BAFBBE1 
 149      8B80
 150 0257 8F547C07 		.ascii	"\217T|\007\031j\011\277\240\006i\231\011|G\344\330R"
 150      196A09BF 
 150      A0066999 
 150      097C47E4 
 150      D852
 151 0269 6EA560BA 		.ascii	"n\245`\272\261\011|\214\021m\243o\227\224\240\302\302"
 151      B1097C8C 
 151      116DA36F 
 151      9794A0C2 
 151      C2
 152 027a 3C4F26AC 		.ascii	"<O&\254k\274\307(\251\334\363\235\361X\303\376\372\330"
 152      6BBCC728 
 152      A9DCF39D 
 152      F158C3FE 
 152      FAD8
 153 028c 8993D1E3 		.ascii	"\211\223\321\343\361\350\351\370\231\330\276\006\360"
 153      F1E8E9F8 
 153      99D8BE06 
 153      F0
 154 0299 C5A2F173 		.ascii	"\305\242\361s\247\316\036\213\306\032\376\000\334\214"
 154      A7CE1E8B 
 154      C61AFE00 
 154      DC8C
 155 02a7 3760     		.ascii	"7`"
 156              		.text
 157              		.section	.gnu.lto_brakeSensorGetVoltage.bd26dab2,"",%progbits
 158 0000 789C6D90 		.ascii	"x\234m\220\273J\003Q\020\206\347?\347\354n\320\210\202"
 158      BB4A0351 
 158      1086E73F 
 158      E7EC6ED0 
 158      8882
 159 0012 08167901 		.ascii	"\010\026y\001\033\255|\036\321\220JPH\036 \307\033\202"
 159      1BAD7C1E 
 159      D1904A50 
 159      481E20C7 
 159      1B82
 160 0024 82DA7849 		.ascii	"\202\332xI\021\026\261\210\361\026\265K\012YM\254\022"
 160      1116B188 
 160      F116B54B 
ARM GAS  C:\Users\CYIRKO~1\AppData\Local\Temp\ccwezqbl.s 			page 12


 160      0A594DAC 
 160      12
 161 0035 54042B1B 		.ascii	"T\004+\033Q\021\"*\"\212\"h\234IR\210\270\260gw\376"
 161      5111222A 
 161      228A2268 
 161      9C495288 
 161      B8B06777 
 162 004a 33F37F33 		.ascii	"3\363\1773\343\220\242\003\020u\021Q?\277p\010j\341"
 162      E390A203 
 162      10751151 
 162      3FBF7008 
 162      6AE1
 163 005c 84682CA4 		.ascii	"\204h,\244\224Y\320d\303\332\226\211l\213\206i\350\006"
 163      9459D064 
 163      C3DA9689 
 163      6C8B8669 
 163      E806
 164 006e 901F1B02 		.ascii	"\220\037\033\002%\2256Hb^/k\034\327\336\203\3669\355"
 164      25953648 
 164      625E2F6B 
 164      1CD7DE83 
 164      F639ED
 165 0081 6B36E0F0 		.ascii	"k6\340\360\374\271\222n\225\020\350\340p\353\3605\343"
 165      FCB9926E 
 165      9510E8E0 
 165      70EBF035 
 165      E3
 166 0092 F4642C3F 		.ascii	"\364d,?\301\362\212\233\332=\263\216\257\025\2458}\035"
 166      C1F28A9B 
 166      DA3DB38E 
 166      AF15A538 
 166      7D1D
 167 00a4 11641011 		.ascii	"\021d\020\021z\026=\304\331\327{\337\213m\256\221[\026"
 167      7A163DC4 
 167      D9D77BDF 
 167      8B6DAE91 
 167      5B16
 168 00b6 37E07287 		.ascii	"7\340r\207\224;G`\277k\3236x\352^\255\206Yc\003\315"
 168      943B4760 
 168      BF6BD336 
 168      78EA5EAD 
 168      86596303 
 169 00cb 87367C18 		.ascii	"\2076|\030GB\242\031.\221\366f9\340\257\256b|\251:W"
 169      4742A219 
 169      2E91F666 
 169      39E0AFAE 
 169      627CA93A 
 170 00e0 74C525AD 		.ascii	"t\305%\255\245\321\245\251\243SO:s \254|\376\341\322"
 170      A5D1A5A9 
 170      A3534F3A 
 170      7320AC7C 
 170      FEE1D2
 171 00f3 4B7ED910 		.ascii	"K~\331\020\013k\302c\355\276rQj\361\221\006\233c\213"
 171      0B6BC263 
 171      EDBE7251 
 171      6AF19106 
 171      9B638B
ARM GAS  C:\Users\CYIRKO~1\AppData\Local\Temp\ccwezqbl.s 			page 13


 172 0106 27DC94F6 		.ascii	"'\334\224\366\260\015\037t\213\311\313b\011\377\370"
 172      B00D1F74 
 172      8BC9CB62 
 172      09FFF8
 173 0115 691076EA 		.ascii	"i\020v\352s\010\236WWn\342S\023^#\335\374Nw\377\342"
 173      73089E57 
 173      576EE253 
 173      135E23DD 
 173      FC4E77FF 
 174 012a DD3576F8 		.ascii	"\3355v\370\203\367\260\313\370\\\035\277'x6|\231n\322"
 174      83F7B0CB 
 174      F85C1DBF 
 174      2778367C 
 174      996ED2
 175 013d 1D76ACB3 		.ascii	"\035v\254\263L}\324G(J\213\005\275\001lS\313>\025\\"
 175      4C7DD447 
 175      284A8B05 
 175      BD016C53 
 175      CB3E155C 
 176 0151 2129B6D8 		.ascii	"!)\266\330GD}\336|\200\253t\341\356\012\274(H\025\257"
 176      47447DDE 
 176      7C80AB74 
 176      E1EE0ABC 
 176      284815AF 
 177 0165 AC33118F 		.ascii	"\2543\021\217\366\015\305\007\207c\003\211\330Hb4\336"
 177      F60DC507 
 177      87630389 
 177      D8486234 
 177      DE
 178 0176 1BA51F45 		.ascii	"\033\245\037E\233\2314"
 178      9B9934
 179              		.text
 180              		.section	.gnu.lto_.symbol_nodes.bd26dab2,"",%progbits
 181 0000 789C558E 		.ascii	"x\234U\216;\016\302@\014D\307\263q\"$\340\020\234\201"
 181      3B0EC240 
 181      0C44C7B3 
 181      712224E0 
 181      109C81
 182 0013 03C0C9BC 		.ascii	"\003\300\311\274\005\007\340\010|\302\037R\245\201\016"
 182      0507E008 
 182      7CC21F52 
 182      A5810E
 183 0022 899A3320 		.ascii	"\211\2323 D\211DC\215H\262\024\254\033?=\313\243Q\020"
 183      44894443 
 183      8D48B214 
 183      AC1B3F3D 
 183      CBA35110 
 184 0036 2F54C382 		.ascii	"/T\303\202\006\214\257\200A\216\243\263\037\000:!|\017"
 184      068CAF80 
 184      418EA3B3 
 184      1F003A21 
 184      7C0F
 185 0048 709A5302 		.ascii	"p\232S\002L\311\000\013\272\000K&\001f\324\006\270\242"
 185      4CC9000B 
 185      BA004B26 
 185      0166D406 
 185      B8A2
ARM GAS  C:\Users\CYIRKO~1\AppData\Local\Temp\ccwezqbl.s 			page 14


 186 005a C92F0927 		.ascii	"\311/\011'?\254\262\3274\306fCs\221\3219\323\360\276"
 186      3FACB2D7 
 186      34C66643 
 186      7391D139 
 186      D3F0BE
 187 006d A525D149 		.ascii	"\245%\321Iv4m\014\340\353^\262\247\245\2218\320\262"
 187      76346D0C 
 187      E0EB5EB2 
 187      A7A59138 
 187      D0B2
 188 007f 7FE1D0C1 		.ascii	"\177\341\320\301\345\366\021\2076\362zg\300\275\354"
 188      E5F61187 
 188      36F27A67 
 188      C0BDEC
 189 008e BB56178F 		.ascii	"\273V\027\217\347[\360\005\314H7\210"
 189      E75BF005 
 189      CC483788 
 190              		.text
 191              		.section	.gnu.lto_.refs.bd26dab2,"",%progbits
 192 0000 789C0DC7 		.ascii	"x\234\015\307\261\021\2000\014\004\301{\311/\260\034"
 192      B1118030 
 192      0C04C17B 
 192      C92FB01C 
 193 0010 4029F45F 		.ascii	"@)\364_\035JvfM\360\001\005J\205\311\322\272\345G\365"
 193      1D4A7666 
 193      4DF00105 
 193      4A85C9D2 
 193      BAE547F5 
 194 0024 EA62B207 		.ascii	"\352b\262\007\265Y\205;\316\214N~\035!\000\371"
 194      B559853B 
 194      CE8C4E7E 
 194      1D2100F9 
 195              		.text
 196              		.section	.gnu.lto_.decls.bd26dab2,"",%progbits
 197 0000 789CAD58 		.ascii	"x\234\255X{PT\327\031\277\347\236}\300\262 A\3420-\351"
 197      7B5054D7 
 197      19BFE79E 
 197      7DC0B220 
 197      41E2302D 
 198 0015 5087E8A6 		.ascii	"P\207\350\246\223\210h'I\323dj\024_\215V\006\0233\235"
 198      93886827 
 198      49D3646A 
 198      145F8D56 
 198      0613339D 
 199 0029 D2D95961 		.ascii	"\322\331Yacv\002\254e\3274\311\037\235+\240\370\026"
 199      637602AC 
 199      65D734C9 
 199      1F9D2BA0 
 199      F816
 200 003b 5011F08D 		.ascii	"P\021\360\215\002\256\212\242\200\212\202\256\210\240"
 200      02AE8AA2 
 200      808A82AE 
 200      88A0
 201 0049 20687C47 		.ascii	" h|G\243\240\200F\203\212\340\003\360\325\357<v\357"
 201      A3A08046 
 201      838AE003 
 201      F0D5EF3C 
ARM GAS  C:\Users\CYIRKO~1\AppData\Local\Temp\ccwezqbl.s 			page 15


 201      76EF
 202 005b 655D3A99 		.ascii	"e]:\231I\357\360\355\335s\316\357\374\276\337\367\235"
 202      49EFF0ED 
 202      DD73CEEF 
 202      FCBEDFF7 
 202      9D
 203 006c E7A21644 		.ascii	"\347\242\026D!\346uA\370\004\013\302\373\242 \274\204"
 203      21E67541 
 203      F8040BC2 
 203      FBA220BC 
 203      84
 204 007d 47230842 		.ascii	"G#\010B1\230\012\254\003l8\330=\260'\002{|\300\236\201"
 204      31980AAC 
 204      036C38D8 
 204      3DB02702 
 204      7B7CC09E 
 205 0092 BD04D322 		.ascii	"\275\004\323\"A\010\002\013\006\033\0026\024\354-0-"
 205      4108020B 
 205      061B0236 
 205      14EC2D30 
 205      2D
 206 00a3 B4BD0DEF 		.ascii	"\264\275\015\357\010\260Q`\177\004{\017\354O`QH\350"
 206      08B05160 
 206      7F047B0F 
 206      EC4F6051 
 206      48E8
 207 00b5 F7F442F9 		.ascii	"\367\364B\3715x\317\000\033\0076\014,\032l<1h{\001\357"
 207      3578CF00 
 207      1B07360C 
 207      2C1A6C3C 
 207      31687B01 
 208 00ca 09A8BF96 		.ascii	"\011\250\277\226\337Cy,\274'\302\273\026\336\223\340"
 208      DF43792C 
 208      BC27C2BB 
 208      16DE93E0 
 209 00da ADE2BC98 		.ascii	"\255\342\274\230\353s\351\321\374\017-\312\347%\224"
 209      EB73E9D1 
 209      FC0F2DCA 
 209      E72594
 210 00e9 D55C07E1 		.ascii	"\325\\\007\341\"\234\223\301\236\362v\221\307L\270I"
 210      229C93C1 
 210      9EF27691 
 210      C74CB849 
 211 00f9 57CFFE83 		.ascii	"W\317\376\203D\326\237\364\035\316sw\007\254\234\343"
 211      44D69FF4 
 211      1DCE7377 
 211      07AC9CE3 
 212 0109 5BF95BEB 		.ascii	"[\371[\353\321\217<oB\337@x\007\201\005\023.\036\017"
 212      D18F3C6F 
 212      42DF4078 
 212      07810513 
 212      2E1E0F
 213 011c C98786E7 		.ascii	"\311\207\206\347\204\350\371+b\343`\200\367'`c\220\234"
 213      84E8F92B 
 213      62E36080 
 213      F7276063 
 213      909C
ARM GAS  C:\Users\CYIRKO~1\AppData\Local\Temp\ccwezqbl.s 			page 16


 214 012e 83B10A9D 		.ascii	"\203\261\012\235A|\034T\202\234sW\334\312\347-\221\215"
 214      417C1C54 
 214      829C7357 
 214      DCCAE72D 
 214      918D
 215 0140 A7A75F0D 		.ascii	"\247\247_\015\367\347\362!p\355d\234E\301\3738\256\306"
 215      F7E7F221 
 215      70ED649C 
 215      45C1FB38 
 215      AEC6
 216 0152 A8B977EB 		.ascii	"\250\271w\353\204\021;$\366\370\210r\303\367i%k\361"
 216      84113B24 
 216      F6F88872 
 216      C3F76925 
 216      6BF1
 217 0164 328C8274 		.ascii	"2\214\202tH\005\305\007\215y\255\001P\014\326\2410("
 217      4805C507 
 217      8D79AD01 
 217      500CD6A1 
 217      3028
 218 0176 AEE9BE7A 		.ascii	"\256\351\276z\333\227\265\032\024\255A\254\265gS[\226"
 218      DB97B51A 
 218      14AD41AC 
 218      B567535B 
 218      96
 219 0187 88FD10E1 		.ascii	"\210\375\020\341\271z\334\261\235\360\014\327!2U\007"
 219      B97ADCB1 
 219      9DF00CD7 
 219      21325507 
 220 0197 41D5AE8E 		.ascii	"A\325\256\216\212^\177VE\020g\226wm\321\342@\362]\314"
 220      8A5E7F56 
 220      45106796 
 220      776DD1E2 
 220      40F25DCC 
 221 01ab ADBF58AD 		.ascii	"\255\277X\255B\006]!\221\343l\356\036\236\231.I\"\332"
 221      42065D21 
 221      91E36CEE 
 221      1E9E992E 
 221      4922DA
 222 01be 8D746817 		.ascii	"\215th\027\302\250\010\215 a\015\327\301\347\002IJ\221"
 222      C2A8088D 
 222      20610DD7 
 222      C1E70249 
 222      4A91
 223 01d0 325225DF 		.ascii	"2R%\337I\002r\240P\264\025\205\012\250\004\031\010-"
 223      490272A0 
 223      50B41585 
 223      0AA80419 
 223      082D
 224 01e2 C1A19D50 		.ascii	"\301\241\235PY\014\225\340\302\261%3_\203S\020\365Q"
 224      590C95E0 
 224      C2B12533 
 224      5F835310 
 224      F551
 225 01f4 7BE8CA25 		.ascii	"{\350\312%\025\322\031\274\022\224y!\340b\034Ck\347"
 225      15D219BC 
 225      12947921 
ARM GAS  C:\Users\CYIRKO~1\AppData\Local\Temp\ccwezqbl.s 			page 17


 225      E0621C43 
 225      6BE7
 226 0206 1131A520 		.ascii	"\0211\245 f\217,\006\264\261\214-\330\261\354(\326\001"
 226      668F2C06 
 226      B4B18C2D 
 226      D8B1EC28 
 226      D601
 227 0218 6BEA2F62 		.ascii	"k\352/b\205\036%/W\266\370\343[T\026\272\227\326\336"
 227      851E252F 
 227      57B6F8E3 
 227      5B5416BA 
 227      97D6DE
 228 022b E2C77218 		.ascii	"\342\307r\030\002\305\342\236\346\275j\334\301\332\226"
 228      02C5E29E 
 228      E6BD6ADC 
 228      C1DA96
 229 023a AEACAE56 		.ascii	"\256\254\256V\341\007\254\260973]\215\037\263\202#+"
 229      E107ACB0 
 229      3937335D 
 229      8D1FB382 
 229      232B
 230 024c A344877B 		.ascii	"\243D\207{X\341L\347\311u~l\220\002\241x\354\345\023"
 230      58E14CE7 
 230      C9757E6C 
 230      9002A178 
 230      ECE513
 231 025f E720C628 		.ascii	"\347 \306(B1g\333\305>_\334\307\240\005}O;\311\260\014"
 231      423167DB 
 231      C53E5FDC 
 231      C7A0057D 
 231      4F3BC9B0 
 232 0274 23C38215 		.ascii	"#\303\202\025\2032\214\015\312\341\206\023\205z\014"
 232      83328C0D 
 232      CAE18613 
 232      857A0C
 233 0283 D1928C65 		.ascii	"\321\222\214el\332\276\330\327\2251\010Om\020P%\204"
 233      6CDABED8 
 233      D7953108 
 233      4F6D1050 
 233      2584
 234 0295 5145623B 		.ascii	"QEb;\012\261\015\343\2619\241\362\260\234\261\322\337"
 234      0AB10DE3 
 234      B139A1F2 
 234      B09CB1D2 
 234      DF
 235 02a6 55485220 		.ascii	"UHR \252\206\204\035\221\0236\214\347\353P\346\225\233"
 235      AA86841D 
 235      9113368C 
 235      E7EB50E6 
 235      959B
 236 02b8 3ABC98B9 		.ascii	":\274\230\271x\226\232}_1\360\216Q54\327\265\320\265"
 236      78969A7D 
 236      5F31F08E 
 236      513534D7 
 236      B5D0B5
 237 02cb 46EE5A8D 		.ascii	"F\356Z\215\334#\357)\343\230\027\031\340$\245'\277\322"
 237      DC23EF29 
ARM GAS  C:\Users\CYIRKO~1\AppData\Local\Temp\ccwezqbl.s 			page 18


 237      E3981719 
 237      E024A527 
 237      BFD2
 238 02dd 07AFA44E 		.ascii	"\007\257\244NT\335\217\227\\\326\241\301\341\341\206"
 238      54DD8F97 
 238      5CD6A1C1 
 238      E1E186
 239 02ec 4CE22643 		.ascii	"L\342&C\222\306\210\362(\011\3508\032L\010P\003p\325"
 239      92C688F2 
 239      2809E838 
 239      1A4C0850 
 239      0370D5
 240 02ff A3707402 		.ascii	"\243pt\002\205\323\345\220O\034:\353\032\302\253\272"
 240      85D3E590 
 240      4F1C3AEB 
 240      1AC2ABBA 
 241 030f 5A246991 		.ascii	"Z$i\221\236\312:\004\262H\007\267\202\010BQI\210x\207"
 241      9ECA3A04 
 241      B24807B7 
 241      82084251 
 241      49887887 
 242 0323 EA8F7224 		.ascii	"\352\217r$g\012\246\350:\257\350H\002f!\277\250\324"
 242      670AA6E8 
 242      3AAFE848 
 242      026621BF 
 242      A8D4
 243 0335 C1022418 		.ascii	"\301\002$\030\201G\313\026\242\352\334\265{Y\010\205"
 243      8147CB16 
 243      A2EADCB5 
 243      7B590885 
 244 0345 071BC2F3 		.ascii	"\007\033\302\363)\360BU\300\\JK\350\016\002m#\012\226"
 244      29F04255 
 244      C05C4A4B 
 244      E80E026D 
 244      230A96
 245 0358 679A4C9B 		.ascii	"g\232L\233ECL\225\306\250\224!\0220\011\261\011B<\005"
 245      45434C95 
 245      C6A89421 
 245      123009B1 
 245      09423C05 
 246 036c 219EE421 		.ascii	"!\236\344!2\021\367*C\346J\022\"(\245\012\026\316\343"
 246      3211F72A 
 246      43E64A12 
 246      2228A50A 
 246      16CEE3
 247 037f CAA015A9 		.ascii	"\312\240\025\251\322\361\221t\001\034\030\3301d\275"
 247      D2F19174 
 247      011C18D8 
 247      3164BD
 248 038e ABB2E1A4 		.ascii	"\253\262\341\244\030\014\012\346\016\250@\350\347^1"
 248      180C0AE6 
 248      0EA840E8 
 248      E75E31
 249 039d 7983D8E4 		.ascii	"y\203\330\344M;z\276\\\217\233\351\300\241\366\206]"
 249      4D3B7ABE 
 249      5C8F9BE9 
 249      C0A1F686 
ARM GAS  C:\Users\CYIRKO~1\AppData\Local\Temp\ccwezqbl.s 			page 19


 249      5D
 250 03ae 293EB895 		.ascii	")>\270\225\025\362\016>\254W3\240\017\024\3277\356l"
 250      15F20E3E 
 250      AC5733A0 
 250      0F14D737 
 250      EE6C
 251 03c0 50E35BAC 		.ascii	"P\343[\254\355\340\366\235gD|\227\025vTt.F\370\021+"
 251      EDE0F69D 
 251      67447C97 
 251      15765474 
 251      2E46F811 
 252 03d5 3C48DF65 		.ascii	"<H\337e\307\317\330\367\264u\031\247D\306\3606\024\263"
 252      C7CFD8F7 
 252      B47519A7 
 252      44C6F036 
 252      14B3
 253 03e7 17AE6D51 		.ascii	"\027\256mQ\261e\323B\026\312\236\013[\017\372`\3100"
 253      B165D342 
 253      16CA9E0B 
 253      5B0FFA60 
 253      C830
 254 03f9 60FD331C 		.ascii	"`\3753\034\031\373t(\034\236\301\341\3541\344Ki\251"
 254      19FB7428 
 254      1C9EC1E1 
 254      EC31E44B 
 254      69A9
 255 040b 30BA1FE6 		.ascii	"0\272\037\346J\3164\214\312!\033\027!\033-0\034\375"
 255      4ACE348C 
 255      CA211B17 
 255      211B2D30 
 255      1CFD
 256 041d B3E1E073 		.ascii	"\263\341\340s\201\240\373>\222\321W<\321\333\220;y\014"
 256      81A0FB3E 
 256      92D1573C 
 256      D1DB903B 
 256      790C
 257 042f 7D4781DE 		.ascii	"}G\201\336\353\211\336\356\211\356R\240wxG3)\356Y\017"
 257      EB89DEEE 
 257      89EE52A0 
 257      77784733 
 257      29EE590F 
 258 0443 03721900 		.ascii	"\003r\031\000?\320\266\026>\353\177\202)\321\006c\362"
 258      3FD0B616 
 258      3EEB7F82 
 258      29D10663 
 258      F2
 259 0454 23D875B0 		.ascii	"#\330u\260v\260V\260[`7\301n\200]\003k\006\273\352^"
 259      76B056B0 
 259      5B6037C1 
 259      6E805D03 
 259      6B06BBEA 
 260 0469 194440BD 		.ascii	"\031D@\275\"\025\027<\005\234\363\224{C!w\277'z\037"
 260      2215173C 
 260      059CF394 
 260      7B432177 
 260      BF277A1F 
 261 047d F2CCDC65 		.ascii	"\362\314\334e\005\371YO\370\367\236\344}\177\226\321"
ARM GAS  C:\Users\CYIRKO~1\AppData\Local\Temp\ccwezqbl.s 			page 20


 261      05F9594F 
 261      F8F79EE4 
 261      7D7F96D1 
 262 048d 97BC8E8A 		.ascii	"\227\274\216\212\002|FA}\336\273n\267\022Xs\327\252"
 262      027C4641 
 262      7DDEBB6E 
 262      B7125873 
 262      D7AA
 263 049f 740C7F1A 		.ascii	"t\014\177\032\246p\205w\345\012\366\233\256\365B\350"
 263      A6708577 
 263      E50AF69B 
 263      AEF542E8 
 264 04af CF7857CE 		.ascii	"\317xW\316\350\371\342;\030D\027_\213\347\026\200\234"
 264      E8F9E23B 
 264      1844175F 
 264      8BE71680 
 264      9C
 265 04c0 8D3D656A 		.ascii	"\215=ej<\237NH\361\366\232\237\266k\321`\203\267\301"
 265      3C9F4E48 
 265      F1F69A9F 
 265      B66BD160 
 265      83B7C1
 266 04d3 443FC318 		.ascii	"D?\303\030\376\232\361dJj\017i\310^t\007\210n\313\233"
 266      FE9AF164 
 266      4A6A0F69 
 266      C85E7407 
 266      886ECB9B 
 267 04e7 2FD145E5 		.ascii	"/\321E\345,\252\277\274<@\277\310}|R\240\274\300;\220"
 267      2CAABFBC 
 267      3C40BFC8 
 267      7D7C52A0 
 267      BCC03B90 
 268 04fb DED505BE 		.ascii	"\336\325\005\276\002~[\243\343\231\012\257`\362\227"
 268      027E5BA3 
 268      E3990AAF 
 268      60F297
 269 050a 56AFEDD0 		.ascii	"V\257\355\320\017t\372\336\037\360\364\275y)8\205$\347"
 269      0F74FADE 
 269      1FF0F4BD 
 269      79293885 
 269      24E7
 270 051c 1EE4F2AE 		.ascii	"\036\344\362\256\254\251\224\036\010\244\226\034a\363"
 270      ACA9941E 
 270      08A4961C 
 270      61F3
 271 052a DA1C3EB0 		.ascii	"\332\034>\260\216C\341LC\212#-\224\035ie\316\356b\025"
 271      8E43E14C 
 271      438A232D 
 271      941D6965 
 271      CEEE6215 
 272 053e 5ECB64EC 		.ascii	"^\313d\354-k\313\323).\032C\366\223\223\352!\260w\311"
 272      2D6BCBD3 
 272      292E1A43 
 272      F69393EA 
 272      21B077C9 
 273 0552 ECA1EED3 		.ascii	"\354\241\356\323\2463_\302!\002\032\035\212F\202\314"
 273      A6335FC2 
ARM GAS  C:\Users\CYIRKO~1\AppData\Local\Temp\ccwezqbl.s 			page 21


 273      21021A1D 
 273      8A4682CC 
 274 0562 6E9019CA 		.ascii	"n\220\031\312e>\000\231\235\374\226\261ak\215?.d\016"
 274      653E0099 
 274      9DFC96B1 
 274      616B8D3F 
 274      2E640E
 275 0575 72571D29 		.ascii	"rW\035)\013P\034hCK\351\201\366\004<<\222=<D\003\270"
 275      0B501C68 
 275      434BE981 
 275      F6043C3C 
 275      923D3C44 
 276 058b 78ECC505 		.ascii	"x\354\305\005\351\014n\366.\255\251\022\257\301\260"
 276      E90C6EF6 
 276      2EADA912 
 276      AFC1B0
 277 059a C26D0D05 		.ascii	"\302m\015\005\262\213\036b\237\210\032-\276t=\010\321"
 277      B28B1E62 
 277      9F881A2D 
 277      BE743D08 
 277      D1
 278 05ab 7AA815E9 		.ascii	"z\250\025\351'\003\322*\344\352\301\313\"/\212\234\222"
 278      2703D22A 
 278      E4EAC1CB 
 278      222F8A9C 
 278      92
 279 05bc FEF1CE48 		.ascii	"\376\361\316H\301\310\232\231'\327\303\256\233\354\013"
 279      C1C89A99 
 279      27D7C3AE 
 279      9BEC0B
 280 05cb EDE6EA8D 		.ascii	"\355\346\352\215D\331\001B\312\016\012B&\233\267\273"
 280      44D90142 
 280      CA0E0A42 
 280      269BB7BB 
 281 05db F5097270 		.ascii	"\365\011rp\310\265\026\036\344\236\274\251k\206\011"
 281      C8B5161E 
 281      E49EBCA9 
 281      6B8609
 282 05ea 0B351BC9 		.ascii	"\0135\033\311E\027\352z3\363\257j\361N\232x\3243\367"
 282      4517EA7A 
 282      33F3AF6A 
 282      F14E9A78 
 282      D433F7
 283 05fd FC115D48 		.ascii	"\374\021]H6\275\320\246J\201\"\2321\304}\352\012\350"
 283      36BDD0A6 
 283      4A81229A 
 283      31C47DEA 
 283      0AE8
 284 060f 290A81CF 		.ascii	")\012\201\317\231*F\326p\275\265\002\015\335(9[$\347"
 284      992A46D6 
 284      70BDB502 
 284      0DDD2839 
 284      5B24E7
 285 0622 FD1E43DB 		.ascii	"\375\036C\333\036\247\004\243$i\010\014\365\311\303"
 285      1EA704A3 
 285      2469080C 
 285      F5C9C3
ARM GAS  C:\Users\CYIRKO~1\AppData\Local\Temp\ccwezqbl.s 			page 22


 286 0631 045FE1B3 		.ascii	"\004_\341\263\027\226\012\352\2015#\240gh(t\237\233"
 286      17960AEA 
 286      813523A0 
 286      67682874 
 286      9F9B
 287 0643 76AF2800 		.ascii	"v\257(\000\377\360K\374\276\350\347\267\342d\366\211"
 287      FFF04BFC 
 287      BEE8E7B7 
 287      E264F689 
 288 0653 00F0BB11 		.ascii	"\000\360\273\021\374\036G[a\035\207\021\004z.\273|\356"
 288      FC1E475B 
 288      611D8711 
 288      047A2EBB 
 288      7CEE
 289 0665 E9F22575 		.ascii	"\351\362%u\231y\240\350\017\3706\363\330x\354l\216\026"
 289      9979A0E8 
 289      0FF836F3 
 289      D878EC6C 
 289      8E16
 290 0677 BFA005D5 		.ascii	"\277\240\005\325O\207\273D\360F\376|\015y\260z\323D"
 290      4F87BB44 
 290      F046FE7C 
 290      0D79B07A 
 290      D344
 291 0689 5F214F5A 		.ascii	"_!OZ@\2465\371\232N\347XJ\006\334\263]sl\236h\240M\002"
 291      40A635F9 
 291      9A4EE758 
 291      4A06DCB3 
 291      5D736C9E 
 292 06a1 4A114351 		.ascii	"J\021CQ\252\310\327\032\371! \220\0064W\304\212\237"
 292      AAC8D71A 
 292      F9212090 
 292      063457C4 
 292      8A9F
 293 06b3 0A358EA6 		.ascii	"\0125\216\246,\2752@\002\221#\234/*#,\250J\377Y\313"
 293      2CBD3240 
 293      0291239C 
 293      2F2A232C 
 293      A84AFF59 
 294 06c8 23BC9C8D 		.ascii	"#\274\234\215\245\225\022\021\002\030$\211\356\030%"
 294      A5951211 
 294      02182489 
 294      EE1825
 295 06d7 D123C674 		.ascii	"\321#\306t\221\304X\367\"m\275?NS\321 [\363\2336\223"
 295      91C458F7 
 295      226DBD3F 
 295      4E53D120 
 295      5BF39B36 
 296 06ec B33A845C 		.ascii	"\263:\204\\T\311\252\316s\236\376'+K\322\177\240\\z"
 296      54C9AACE 
 296      739EFE27 
 296      2B4BD27F 
 296      A05C7A
 297 06ff E5A143C4 		.ascii	"\345\241C\304\353(Z\354\313\273rT\307v\027\351\225+"
 297      EB285AEC 
 297      CBBB7254 
 297      C77617E9 
ARM GAS  C:\Users\CYIRKO~1\AppData\Local\Temp\ccwezqbl.s 			page 23


 297      952B
 298 0711 E2528837 		.ascii	"\342R\2107\204\257\251E\020\361B\321}S\355\376-]\377"
 298      84AFA945 
 298      10F142D1 
 298      7D53EDFE 
 298      2D5DFF
 299 0724 4B441D5A 		.ascii	"KD\035Z,\353\013\3417\325\362\234\306\025\001\270\210"
 299      2CEB0BE1 
 299      37D5F29C 
 299      C61501B8 
 299      88
 300 0735 B9385CB4 		.ascii	"\2718\\\264\360\204v \027\031\003\273p\014-\243;\300"
 300      F0847620 
 300      171903BB 
 300      700C2DA3 
 300      3BC0
 301 0747 72F0B14C 		.ascii	"r\360\261L\366\001.\231\223=\213\266\024\373*\323K\200"
 301      F6012E99 
 301      933D8BB6 
 301      14FB2AD3 
 301      4B80
 302 0759 727A33FB 		.ascii	"rz3\373\245w\331\201mu\210\247\367~O\330\352\315\363"
 302      A577D981 
 302      6D7588A7 
 302      F77E4FD8 
 302      EACDF3
 303 076c A5D3D06F 		.ascii	"\245\323\320o\014\305\241\0052\375\002\317\024g\321"
 303      0CC5A105 
 303      32FD02CF 
 303      1467D1
 304 077b 14EFEFAC 		.ascii	"\024\357\357\254q\350\360.\226\342\256Kk\307s\256\033"
 304      71E8F02E 
 304      96E2AE4B 
 304      6BC773AE 
 304      1B
 305 078c 2170C2C1 		.ascii	"!p\302\301F+\005Q\242\0252\321\012O\242\225\224\350"
 305      462B0551 
 305      A21532D1 
 305      0A4FA295 
 305      94E8
 306 079e 45DFAAFB 		.ascii	"E\337\252\373j|\214\0215\356\371\3717@\004wdg\335\032"
 306      6A7C8C11 
 306      35EEF9F9 
 306      37400477 
 306      6467DD1A 
 307 07b2 9C5BD72E 		.ascii	"\234[\327.-\320\321\251\217V\311D\253\370\244B\331\224"
 307      2DD0D1A9 
 307      8F56C944 
 307      ABF8A442 
 307      D994
 308 07c4 E06E41EA 		.ascii	"\340nA\352\212A\370\016#8\260\274"
 308      8A41F80E 
 308      2338B0BC 
 309 07d0 A007AB44 		.ascii	"\240\007\253D\266\243\223`\311e\255\346q\246?\226\324"
 309      B6A39360 
 309      C965ADE6 
 309      71A63F96 
ARM GAS  C:\Users\CYIRKO~1\AppData\Local\Temp\ccwezqbl.s 			page 24


 309      D4
 310 07e1 34F9CB8E 		.ascii	"4\371\313\216\325\365\252\335\273j]\303\207\247\316"
 310      D5F5AADD 
 310      BB6A5DC3 
 310      87A7CE
 311 07f0 4952185A 		.ascii	"IR\030Z\003\251\312\025=N\005\257'L\236\350\365\227"
 311      03A9CA15 
 311      3D4E05AF 
 311      274C9EE8 
 311      F597
 312 0802 D8A3F4F6 		.ascii	"\330\243\364\366&D\035\023\252\034\221z\336\2670\347"
 312      26441D13 
 312      AA1C917A 
 312      DEB730E7 
 313 0812 963F5ECA 		.ascii	"\226?^\312<\237ozP\001\373\271\236yn\272\034\230J\216"
 313      3C9F6F7A 
 313      5001FBB9 
 313      9E796EBA 
 313      1C984A8E 
 314 0826 A30DA21E 		.ascii	"\243\015\242\036\255\223\035\303y\007\257\001NF\264"
 314      AD931DC3 
 314      7907AF01 
 314      4E46B4
 315 0835 1E7CCB87 		.ascii	"\036|\313\207#8\330t\251u]\000\365Jx\3262\257M\331\005"
 315      2338D874 
 315      A9755D00 
 315      F54A78D6 
 315      32AF4DD9 
 316 084a F578C07D 		.ascii	"\365x\300}d\023\235\006\033E>\017\036|\337Q\254\341"
 316      64139D06 
 316      1B453E0F 
 316      1E7CDF51 
 316      ACE1
 317 085c 29BFB904 		.ascii	")\277\271\004\347\354\221\322\324\004\203V\313\242V"
 317      E7EC91D2 
 317      D4048356 
 317      CBA256
 318 086b BB129E4F 		.ascii	"\273\022\236O\023\276\322Y\276Z\217s\324\354V\\\327"
 318      13BED259 
 318      BE5A8F73 
 318      D4EC565C 
 318      D7
 319 087c B68AC5FD 		.ascii	"\266\212\305\375\304\235\360\3235\217\326\250\360n\026"
 319      C49DF0D3 
 319      358FD6A8 
 319      F06E16
 320 088b F6D19253 		.ascii	"\366\321\222S\351>\310\317\260\220\310)\231\337?\231"
 320      E93EC8CF 
 320      B090C829 
 320      99DF3F99 
 321 089b 4510D038 		.ascii	"E\020\3208?\327]\205\217\311\032\374\274\0002\240B\205"
 321      3FD75D85 
 321      8FC91AFC 
 321      BC0032A0 
 321      4285
 322 08ad A21F2A90 		.ascii	"\242\037*\220e\214\363c\222\327\357=\342\350\267O\022"
 322      658CF363 
ARM GAS  C:\Users\CYIRKO~1\AppData\Local\Temp\ccwezqbl.s 			page 25


 322      92D7EF3D 
 322      E2E8B74F 
 322      12
 323 08be 9C1CE056 		.ascii	"\234\034\340V\032\340\026W\200=\335\033\234\203x\200"
 323      1AE01657 
 323      803DDD1B 
 323      9C837880 
 324 08ce 4D558159 		.ascii	"MU\201Y\251\033\015\004\2026\313\304\233]\3619h|\355"
 324      A91B0D04 
 324      8236CBC4 
 324      9B5DF139 
 324      687CED
 325 08e1 D95D2755 		.ascii	"\331]'Uo\254\241;\237^\340\033\332\306&D\004@s\333\243"
 325      6FACA13B 
 325      9F5EE01B 
 325      DAC62644 
 325      044073DB 
 326 08f6 F32501D8 		.ascii	"\363%\001\330\311\302o+<U\247\177s3p\223e\024\352\270"
 326      C9C26F2B 
 326      3C55A77F 
 326      73337093 
 326      6514EAB8 
 327 090a 2949BE24 		.ascii	")I\276$\242\355\214]q\251!5\333\3047\004\264C|\223\354"
 327      A2ED8C5D 
 327      71A92135 
 327      DBC43704 
 327      B4437C93 
 328 091f 4A271BAA 		.ascii	"J'\033\252\265\313\330O;\272C\334\353\276\206\3619\306"
 328      B5CBD84F 
 328      3BBA43DC 
 328      EBBE86F1 
 328      39C6
 329 0931 DAD4BBA4 		.ascii	"\332\324\273\244\301\237\260V\303\245\356\254\032~\004"
 329      C19FB056 
 329      C3A5EEAC 
 329      1A7E04
 330 0940 B21FB23B 		.ascii	"\262\037\262;9\253\034,\251)\206-\002\355\242\254\335"
 330      39AB1C2C 
 330      A929862D 
 330      02EDA2AC 
 330      DD
 331 0951 473BDA7D 		.ascii	"G;\332}\271t\277W\245\337y\221\3719ng>\012//\254Rs\345"
 331      B974BF57 
 331      A5DF7991 
 331      F9396E67 
 331      3E0A2F2F 
 332 0969 B599EA52 		.ascii	"\265\231\352R\311\251\"\302w\277\"\234\324\224\020\341"
 332      C9A922C2 
 332      77BF229C 
 332      D49410E1 
 333 0979 7BA88B9C 		.ascii	"{\250\213\234\226\372\305~\270\217\221\344\227\367\334"
 333      96FAC57E 
 333      B88F91E4 
 333      97F7DC
 334 0988 10B9D0C7 		.ascii	"\020\271\320\307\012\241\245\257\010-u\011-\243,\253"
 334      0AA1A5AF 
 334      082D7509 
ARM GAS  C:\Users\CYIRKO~1\AppData\Local\Temp\ccwezqbl.s 			page 26


 334      2DA32CAB 
 335 0998 6F1C59E6 		.ascii	"o\034Y\346\007B}\370\300\222\377\010U\226tk\360b\015"
 335      07427DF8 
 335      C092FF08 
 335      5596746B 
 335      F0620D
 336 09ab 25CE6D6C 		.ascii	"%\316ml\333\340\313\325U\227i\244p\242m\357+\332HM9"
 336      DBE0CBD5 
 336      559769A4 
 336      70A26DEF 
 336      2BDA484D 
 337 09c0 D1B68FB2 		.ascii	"\321\266\217\262\356\330}\345\224\037\316e\024\217\252"
 337      EED87DE5 
 337      941FCE65 
 337      148FAA
 338 09cf 576ED173 		.ascii	"Wn\321smg\272EIO\217\233\375\234\203\235`\002-\247\020"
 338      6D67BA45 
 338      494F8F9B 
 338      FD9C839D 
 338      60022DA7 
 339 09e4 5D159461 		.ascii	"]\025\224a\336\322\342\325:\030\026\015\373g\223\226"
 339      DED2E2D5 
 339      3A18160D 
 339      FB679396 
 340 09f4 0C7167DF 		.ascii	"\014qg\337^\025\253\"\331\374\006\252\326\345\376\270"
 340      5E15AB22 
 340      D9FC06AA 
 340      D6E5FEB8 
 341 0a04 1BB673EA 		.ascii	"\033\266s\352G\354\270\276p\221\217|O+\035>\227\376"
 341      47ECB8BE 
 341      70918F7C 
 341      4F2B1D3E 
 341      97FE
 342 0a16 C7E910D9 		.ascii	"\307\351\020\331|\3459\246\341\033\212\364\312\206R"
 342      7CE539A6 
 342      E11B8AF4 
 342      CA8652
 343 0a25 056B40C3 		.ascii	"\005k@\3037\224\203\260\343\037\020\351\206\322\325"
 343      379483B0 
 343      E31F10E9 
 343      86D2D5
 344 0a34 DB59068B 		.ascii	"\333Y\006\213\210\371Xt\275\353\371 \327\221\341Ip\304"
 344      88F95874 
 344      BDEBF920 
 344      D791E149 
 344      70C4
 345 0a46 0B81FBBF 		.ascii	"\013\201\373\277 \345\364\310p\202\230\303\262\230C"
 345      20E5F4C8 
 345      708298C3 
 345      B29843
 346 0a55 AE2323B7 		.ascii	"\256##\267h\327}\022.i'\345k\233JO\350p\005K\340\335"
 346      68D77D12 
 346      2E6927E5 
 346      6B9B4A4F 
 346      E870054B 
 347 0a6b 6247A1D6 		.ascii	"bG\241\326=\267\337>[0_\312@\024z\364\225\201 5\325"
 347      3DB7DF3E 
ARM GAS  C:\Users\CYIRKO~1\AppData\Local\Temp\ccwezqbl.s 			page 27


 347      5B305FCA 
 347      40147AF4 
 347      95812035 
 348 0a80 248D3534 		.ascii	"$\21554\215\315=\027\257\351\225\027|\262\205\313\350"
 348      8DCD3D17 
 348      AFE99517 
 348      7CB285CB 
 348      E8
 349 0a91 63A2FB82 		.ascii	"c\242\373\202\017_\001\177\274\256\372<V\342\311\016"
 349      0F5F017F 
 349      BCAEFA3C 
 349      56E2C90E 
 350 0aa1 24E36B45 		.ascii	"$\343kE=]\237\265\024\374C\337\346-j%\230\3148\031\\"
 350      3D5D9FB5 
 350      14FC43DF 
 350      E62D6A25 
 350      98CC3819 
 351 0ab6 C7C17514 		.ascii	"\307\301u\024\334|`\361\005\235\022L&\201\342\0376\034"
 351      DC7C60F1 
 351      059D124C 
 351      2681E21F 
 351      361C
 352 0ac8 7C9C813D 		.ascii	"|\234\201=e?\355'\373\004\007\237\240\340\003g\252\377"
 352      653FED27 
 352      FB04079F 
 352      A0E00367 
 352      AAFF
 353 0ada A2C46EED 		.ascii	"\242\304n\355'\271\236c\353)\2665\273\253\300O\011&"
 353      27B99E63 
 353      EB29B635 
 353      BBABC04F 
 353      0926
 354 0aec 5994C10D 		.ascii	"Y\224\301\015\034L\336>\023\377\366Y\330\270\310HA\365"
 354      1C4CDE3E 
 354      13FFF659 
 354      D8B8C848 
 354      41F5
 355 0afe F1849849 		.ascii	"\361\204\230I:\243q\216%\311>z\224\321\376\205\371\203"
 355      3AA3718E 
 355      25C93E7A 
 355      94D1FE85 
 355      F983
 356 0b10 D8B82F2D 		.ascii	"\330\270/-3-6\373\234x\2135\326n\265&\330bg%\315\011"
 356      332D36FB 
 356      9C788B35 
 356      D66EB526 
 356      D8626725 
 357 0b26 A3DFC24C 		.ascii	"\243\337\302L\311\211a\346\304\231\346\370xs|\354\273"
 357      C98961E6 
 357      C499E6F8 
 357      78737CEC 
 357      BB
 358 0b37 2346878D 		.ascii	"#F\207\215\032\031\371\336\277\"c\241\376\235$k\222"
 358      1A19F9DE 
 358      BF2263A1 
 358      FE9D246B 
 358      92
ARM GAS  C:\Users\CYIRKO~1\AppData\Local\Temp\ccwezqbl.s 			page 28


 359 0b48 F91DB369 		.ascii	"\371\035\263i\246%\326\222\024\2270'\336\034\233h\002"
 359      A625D692 
 359      14973027 
 359      DE1C9B68 
 359      02
 360 0b59 AE2473AC 		.ascii	"\256$s\2541\336\374\205iN\202\335h\377v\266\3316\342"
 360      31DEFC85 
 360      694E82DD 
 360      68FF76B6 
 360      D936E2
 361 0b6c 4BC1C7E5 		.ascii	"K\301\307\345\357\037\377W\177\266om\261F\233=\036\310"
 361      EF1FFF57 
 361      7FB66F6D 
 361      B1469B3D 
 361      1EC8
 362 0b7e C109896D 		.ascii	"\301\011\211m\212j\312\270ObTc\247\307\304\240\317\321"
 362      8A6ACAB8 
 362      4F625463 
 362      A7C7C4A0 
 362      CFD1
 363 0b90 24755C82 		.ascii	"$u\\\202\331\224\314\343\215|\327h\367q}\3016\263}\302"
 363      D994CCE3 
 363      8D7CD768 
 363      F7717DC1 
 363      36B37DC2 
 364 0ba4 F80F62C7 		.ascii	"\370\017b\307\0211\323\231\030*\314j\213|\357\335\010"
 364      1131D399 
 364      182ACC6A 
 364      8B7CEFDD 
 364      08
 365 0bb5 AB2DE24B 		.ascii	"\253-\342KSB\304lk\262\335\0261\375\323\251\243GEL\231"
 365      5342C46C 
 365      6BB2DD16 
 365      31FDD3A9 
 365      A347454C 
 366 0bca 12153131 		.ascii	"\022\02511z\362\264\257G\221&\343l\260\204\204x\360"
 366      7AF2B4AF 
 366      479126E3 
 366      6CB08484 
 366      78F0
 367 0bdc 8BA745C5 		.ascii	"\213\247E\305\340\311Q1\352\350\317\242\243b\264\323"
 367      E0C95131 
 367      EAE8CFA2 
 367      A362B4D3 
 368 0bec A6478F1F 		.ascii	"\246G\217\037\037\025\243\231\366\351\337\243\307\307"
 368      1F15A399 
 368      F6E9DFA3 
 368      C7C7
 369 0bfa A8A74E8B 		.ascii	"\250\247N\213\032\037\203\307\306\304\350m\366DH\301"
 369      1A1F83C7 
 369      C6C4E86D 
 369      F64448C1 
 370 0c0a ACD9162B 		.ascii	"\254\331\026+\350\260X\023\255\361f\243\335\227i{\337"
 370      E8B05813 
 370      ADF166A3 
 370      DD97697B 
 370      DF
ARM GAS  C:\Users\CYIRKO~1\AppData\Local\Temp\ccwezqbl.s 			page 29


 371 0c1b 68D7F2F7 		.ascii	"h\327\362\367\220\231\311\246\257\314\323\315I6k\362"
 371      9099C9A6 
 371      AFCCD3CD 
 371      49366BF2 
 372 0c2b E4248B7D 		.ascii	"\344$\213}\304lS\262}\304\310\301\266\344\270\010\332"
 372      C46C53B2 
 372      7DC4C8C1 
 372      B6E4B808 
 372      DA
 373 0c3c 64B4D1B6 		.ascii	"d\264\321\266\021q\302 \017h\260\262l\213N6\333l\346"
 373      1171C220 
 373      0F68B0B2 
 373      6C8B4E36 
 373      DB6CE6
 374 0c4f 78B5712C 		.ascii	"x\265q,\2446D\3214\321l\247m\321\326\177\233\223A\000"
 374      A43644D1 
 374      34D16CA7 
 374      6DD1D67F 
 374      9B934100 
 375 0c63 4F8996BF 		.ascii	"O\211\226\277_\357\017\235aM\260\233f\231\203\342\254"
 375      5FEF0F9D 
 375      614DB09B 
 375      669983E2 
 375      AC
 376 0c74 8989D6A4 		.ascii	"\211\211\326\244\217\243\306E~\006\256\210\273\327\370"
 376      8FA3C645 
 376      7E06AE88 
 376      BBD7F8
 377 0c83 3844B026 		.ascii	"8D\260&H\305\353\256\264\200F\373\254d\353\234\331$"
 377      48C5EBAE 
 377      B48046FB 
 377      AC64EB9C 
 377      D924
 378 0c95 4ABDC54A 		.ascii	"J\275\305J\022\231h\262}e\264\353X\301\022o\264\207"
 378      129968B2 
 378      7D65B4EB 
 378      58C1126F 
 378      B487
 379 0ca7 F4A724BE 		.ascii	"\364\247$\276L\011s\314Sg\004\230\342\343\"\247\233"
 379      4C0973CC 
 379      53670498 
 379      E2E322A7 
 379      9B
 380 0cb8 12672740 		.ascii	"\022g'@\301h\037\234l\376\302\234lN\2123s-\306\304\031"
 380      C1681F9C 
 380      6CFEC29C 
 380      6C4E8A33 
 380      732DC6C4 
 381 0ccd 812C0953 		.ascii	"\201,\011SM\337\360\272`Va\374\316\234l5~Mx\024(K\022"
 381      4DDFF0BA 
 381      605661FC 
 381      CE9C6C35 
 381      7E4D7814 
 382 0ce4 47F973D4 		.ascii	"G\371s\324W\306d\223\335\354o\261\2218,\246\004\313"
 382      57C66493 
 382      DDEC6FB1 
 382      91382CA6 
ARM GAS  C:\Users\CYIRKO~1\AppData\Local\Temp\ccwezqbl.s 			page 30


 382      04CB
 383 0cf6 77E67896 		.ascii	"w\346x\226\0112K\265\374\035D3A\3234\2033\376\027\242"
 383      09324BB5 
 383      FC1D4433 
 383      41D33483 
 383      33FE17A2 
 384 0d0a 97499E   		.ascii	"\227I\236"
 385              		.text
 386              		.section	.gnu.lto_.symtab.bd26dab2,"",%progbits
 387 0000 6272616B 		.ascii	"brakeSensorInit\000"
 387      6553656E 
 387      736F7249 
 387      6E697400 
 388 0010 00       		.ascii	"\000"
 389 0011 00       		.ascii	"\000"
 390 0012 00       		.ascii	"\000"
 391 0013 00000000 		.ascii	"\000\000\000\000\000\000\000\000"
 391      00000000 
 392 001b FF000000 		.ascii	"\377\000\000\000"
 393 001f 6272616B 		.ascii	"brakeSensorIsPressed\000"
 393      6553656E 
 393      736F7249 
 393      73507265 
 393      73736564 
 394 0034 00       		.ascii	"\000"
 395 0035 00       		.ascii	"\000"
 396 0036 00       		.ascii	"\000"
 397 0037 00000000 		.ascii	"\000\000\000\000\000\000\000\000"
 397      00000000 
 398 003f 07010000 		.ascii	"\007\001\000\000"
 399 0043 6272616B 		.ascii	"brakeSensorGetPressPower\000"
 399      6553656E 
 399      736F7247 
 399      65745072 
 399      65737350 
 400 005c 00       		.ascii	"\000"
 401 005d 00       		.ascii	"\000"
 402 005e 00       		.ascii	"\000"
 403 005f 00000000 		.ascii	"\000\000\000\000\000\000\000\000"
 403      00000000 
 404 0067 12010000 		.ascii	"\022\001\000\000"
 405 006b 6272616B 		.ascii	"brakeSensorGetVoltage\000"
 405      6553656E 
 405      736F7247 
 405      6574566F 
 405      6C746167 
 406 0081 00       		.ascii	"\000"
 407 0082 00       		.ascii	"\000"
 408 0083 00       		.ascii	"\000"
 409 0084 00000000 		.ascii	"\000\000\000\000\000\000\000\000"
 409      00000000 
 410 008c 14010000 		.ascii	"\024\001\000\000"
 411 0090 636F6D6D 		.ascii	"commonADC1UnitInit\000"
 411      6F6E4144 
 411      4331556E 
 411      6974496E 
 411      697400
ARM GAS  C:\Users\CYIRKO~1\AppData\Local\Temp\ccwezqbl.s 			page 31


 412 00a3 00       		.ascii	"\000"
 413 00a4 02       		.ascii	"\002"
 414 00a5 00       		.ascii	"\000"
 415 00a6 00000000 		.ascii	"\000\000\000\000\000\000\000\000"
 415      00000000 
 416 00ae 16010000 		.ascii	"\026\001\000\000"
 417 00b2 5F70616C 		.ascii	"_pal_lld_setgroupmode\000"
 417      5F6C6C64 
 417      5F736574 
 417      67726F75 
 417      706D6F64 
 418 00c8 00       		.ascii	"\000"
 419 00c9 02       		.ascii	"\002"
 420 00ca 00       		.ascii	"\000"
 421 00cb 00000000 		.ascii	"\000\000\000\000\000\000\000\000"
 421      00000000 
 422 00d3 22010000 		.ascii	"\"\001\000\000"
 423 00d7 636F6D6D 		.ascii	"commonADC1UnitGetValueMV\000"
 423      6F6E4144 
 423      4331556E 
 423      69744765 
 423      7456616C 
 424 00f0 00       		.ascii	"\000"
 425 00f1 02       		.ascii	"\002"
 426 00f2 00       		.ascii	"\000"
 427 00f3 00000000 		.ascii	"\000\000\000\000\000\000\000\000"
 427      00000000 
 428 00fb 29010000 		.ascii	")\001\000\000"
 429              		.text
 430              		.section	.gnu.lto_.opts,"",%progbits
 431 0000 272D666D 		.ascii	"'-fmath-errno' '-fsigned-zeros' '-ftrapping-math' '"
 431      6174682D 
 431      6572726E 
 431      6F272027 
 431      2D667369 
 432 0033 2D666E6F 		.ascii	"-fno-trapv' '-fno-openmp' '-fno-openacc' '-mcpu=cor"
 432      2D747261 
 432      70762720 
 432      272D666E 
 432      6F2D6F70 
 433 0066 7465782D 		.ascii	"tex-m7' '-mno-thumb-interwork' '-mthumb' '-ggdb' '-"
 433      6D372720 
 433      272D6D6E 
 433      6F2D7468 
 433      756D622D 
 434 0099 4F322720 		.ascii	"O2' '-fomit-frame-pointer' '-falign-functions=16' '"
 434      272D666F 
 434      6D69742D 
 434      6672616D 
 434      652D706F 
 435 00cc 2D666675 		.ascii	"-ffunction-sections' '-fdata-sections' '-fno-common"
 435      6E637469 
 435      6F6E2D73 
 435      65637469 
 435      6F6E7327 
 436 00ff 2720272D 		.ascii	"' '-flto'\000"
 436      666C746F 
ARM GAS  C:\Users\CYIRKO~1\AppData\Local\Temp\ccwezqbl.s 			page 32


 436      2700
 437              		.text
 438              		.comm	__gnu_lto_v1,1,1
 439              		.comm	__gnu_lto_slim,1,1
 440              		.ident	"GCC: (GNU Tools for ARM Embedded Processors 6-2017-q1-update) 6.3.1 20170215 (release) [AR
ARM GAS  C:\Users\CYIRKO~1\AppData\Local\Temp\ccwezqbl.s 			page 33


DEFINED SYMBOLS
                            *ABS*:00000000 brake_sensor.c
                            *COM*:00000001 __gnu_lto_v1
                            *COM*:00000001 __gnu_lto_slim

NO UNDEFINED SYMBOLS
