ARM GAS  C:\Users\CYIRKO~1\AppData\Local\Temp\cc2s3V52.s 			page 1


   1              		.cpu cortex-m7
   2              		.eabi_attribute 20, 1
   3              		.eabi_attribute 21, 1
   4              		.eabi_attribute 23, 3
   5              		.eabi_attribute 24, 1
   6              		.eabi_attribute 25, 1
   7              		.eabi_attribute 26, 1
   8              		.eabi_attribute 30, 2
   9              		.eabi_attribute 34, 1
  10              		.eabi_attribute 18, 4
  11              		.file	"chcore_v7m.c"
  12              		.text
  13              	.Ltext0:
  14              		.section	.gnu.lto_.profile.daa054c4,"",%progbits
  15 0000 789C6365 		.ascii	"x\234ce`b`a```d0\224\001\000\000\376\000Z"
  15      60626061 
  15      60606064 
  15      30940100 
  15      00FE005A 
  16              		.text
  17              		.section	.gnu.lto_.icf.daa054c4,"",%progbits
  18 0000 789C6365 		.ascii	"x\234ce`b\020a@\000f\206\345K\256\264s3\367\276\273"
  18      60621061 
  18      40006686 
  18      E54BAEB4 
  18      7333F7BE 
  19 0015 BF9687E5 		.ascii	"\277\226\207\345\363\206\025\213\330\030\000^5\010\335"
  19      F386158B 
  19      D818005E 
  19      3508DD
  20              		.text
  21              		.section	.gnu.lto_.jmpfuncs.daa054c4,"",%progbits
  22 0000 789C6365 		.ascii	"x\234ce`b\340e@\000f(\301\002\242\001\002|\000\037"
  22      6062E065 
  22      40006628 
  22      C102A201 
  22      027C001F 
  23              		.text
  24              		.section	.gnu.lto_.inline.daa054c4,"",%progbits
  25 0000 789C6365 		.ascii	"x\234ce`bpc@\000f\006\006~1F\006&\221\013=\214\014l"
  25      60627063 
  25      40006606 
  25      067E3146 
  25      0626910B 
  26 0018 0BE49940 		.ascii	"\013\344\231@\202L\334`\031N\016\240\004\317\203X\270"
  26      824CDC60 
  26      194E0EA0 
  26      04CF8358 
  26      B8
  27 0029 380B0317 		.ascii	"8\013\003\0277HhN$\\\210\221\013D\002\000\021\202\006"
  27      3748684E 
  27      245C8891 
  27      0B440200 
  27      118206
  28 003c D4       		.ascii	"\324"
  29              		.text
  30              		.section	.gnu.lto_.pureconst.daa054c4,"",%progbits
ARM GAS  C:\Users\CYIRKO~1\AppData\Local\Temp\cc2s3V52.s 			page 2


  31 0000 789C6365 		.ascii	"x\234ce`b\340b```f\330\305\310\274\213\221e\027#\000"
  31      6062E062 
  31      60606066 
  31      D8C5C8BC 
  31      8B916517 
  32 0016 0C46024D 		.ascii	"\014F\002M"
  33              		.text
  34              		.section	.gnu.lto__port_irq_epilogue.part.0.daa054c4,"",%progbits
  35 0000 789C9D54 		.ascii	"x\234\235T]L\034U\024\276g\356\314\356\262,\220\020"
  35      5D4C1C55 
  35      14BE67EE 
  35      CCEEB22C 
  35      9010
  36 0012 1F34E9C3 		.ascii	"\0374\351\303\362@\232&MGcb\033\243&\225h\242\311F\303"
  36      F2409A26 
  36      4D476362 
  36      1BA32695 
  36      68A2C946 
  37 0027 BE366974 		.ascii	"\2766it\240\262\021\230\315\356\322\360\306\355\302"
  37      A0B21198 
  37      CDEED2F0 
  37      C6EDC2
  38 0036 16B25BB1 		.ascii	"\026\262[\261\251\262e+\353P\032\203\255\"\205\332\037"
  38      A9B2652B 
  38      EB501A83 
  38      AD2285DA 
  38      1F
  39 0047 A82D2B3F 		.ascii	"\250-+?\245-ZR\253\230\264}\250\260m\264\264\306\022"
  39      A52D5A52 
  39      AB98B47D 
  39      A8B06DB4 
  39      B4C612
  40 005a 624C13C0 		.ascii	"bL\023\300s\356\014\202Z\223\306I\346\316\275\347\236"
  40      73EE0C82 
  40      5A93C649 
  40      E6CEBDE7 
  40      9E
  41 006b EF9C73BF 		.ascii	"\357\234s\277\357\334\321\230\302^\320\030\233`\214"
  41      EFDCD198 
  41      C25ED018 
  41      9B608C
  42 007a BD8A2FB8 		.ascii	"\275\212/\270\031\270\366_\301\211\013\024\371U\024"
  42      19B8F65F 
  42      C1890B14 
  42      F95514
  43 0089 DEB69109 		.ascii	"\336\266\221\011\257J\243\217\203F\326=\036uu\242\001"
  43      AF4AA38F 
  43      8346D63D 
  43      1E7575A2 
  43      01
  44 009a D0447880 		.ascii	"\320Dx\2005\271\024\256j\320\004\357\363\203\034F[\357"
  44      35B914AE 
  44      6AD004EF 
  44      F3831C46 
  44      5BEF
  45 00ac 0C299B7A 		.ascii	"\014)\233z\005>\271\203\213\356\275\"\361\244\305\031"
  45      053EB983 
ARM GAS  C:\Users\CYIRKO~1\AppData\Local\Temp\cc2s3V52.s 			page 3


  45      8BEEBD22 
  45      F1A4C519 
  46 00bc CBE04B0F 		.ascii	"\313\340K\017\364\302&\206n\263\003\313\035E.\325\266"
  46      F4C22686 
  46      6EB303CB 
  46      1D452ED5 
  46      B6
  47 00cd C3A79897 		.ascii	"\303\247\230\2271\202_m9\336\305\333\271\305\001T\\"
  47      31825F6D 
  47      39DEC5DB 
  47      B9C50154 
  47      5C
  48 00de 3EF8F6D0 		.ascii	">\370\366\320\\1-\025\360\343\362Nj\342\274\233o\007"
  48      5C312D15 
  48      F0E3F24E 
  48      6AE2BC9B 
  48      6F07
  49 00f0 8A90FBE4 		.ascii	"\212\220\373\344\344\014\224\037\021\".r\223\231m\307"
  49      E40C941F 
  49      11222E72 
  49      93996DC7 
  50 0100 AEE78538 		.ascii	"\256\347\2058\320\006\026\347\360\031p\214\013\307`"
  50      D00616E7 
  50      F019708C 
  50      0BC760
  51 010f 031C850D 		.ascii	"\003\034\205\015v\336\317\241\034A\373\336[Z,!\320\001"
  51      76DECFA1 
  51      1C41FBDE 
  51      5B5A2C21 
  51      D001
  52 0121 595DBA39 		.ascii	"Y]\2729qQ\250\010a\377\362\357\223\376\311K\371\236"
  52      7151A808 
  52      61FFF2EF 
  52      93FEC94B 
  52      F99E
  53 0133 129E0299 		.ascii	"\022\236\002\231\361\327\345\233I\237\223\361w\253\364"
  53      F1D7E59B 
  53      499F93F1 
  53      77ABF4
  54 0142 836621C1 		.ascii	"\203f!\301*|\361\210|\375P\336\377\035\010\261\274\322"
  54      2A7CF188 
  54      7CFD50DE 
  54      FF1D08B1 
  54      BCD2
  55 0154 2AC4F567 		.ascii	"*\304\365gK} kP\344\016\227\243\312,\256i8\270\030K"
  55      4B7D206B 
  55      50E40E97 
  55      A3CA2CAE 
  55      6938B818 
  56 0169 220F4468 		.ascii	"\"\017Dh\022\027\370\345)\256\310\357]\3303;\267\357"
  56      1217F8E5 
  56      29AEC8EF 
  56      5DD8333B 
  56      B7EF
  57 017b B7CBB0C6 		.ascii	"\267\313\260\306\031A%el\215\310\026\233\357.\357\353"
  57      19412565 
  57      6C8DC816 
ARM GAS  C:\Users\CYIRKO~1\AppData\Local\Temp\cc2s3V52.s 			page 4


  57      9BEF2EEF 
  57      EB
  58 018c 0C8E832B 		.ascii	"\014\216\203+\303a\035\311\224\227\301\000\001`\020"
  58      C3611DC9 
  58      9497C100 
  58      016010
  59 019b 47A47A3F 		.ascii	"G\244z?\305K\267\247-\265\354c\260D\247\337\342nB,\315"
  59      C54BB7A7 
  59      2DB5EC63 
  59      B044A7DF 
  59      E26E422C 
  60 01b0 26E60A54 		.ascii	"&\346\012T\005\035O@\231\214\177a\366\304\260\013-\360"
  60      051D4F40 
  60      998C7F61 
  60      F6C4B00B 
  60      2DF0
  61 01c2 25A8590C 		.ascii	"%\250Y\014\313\340$\250\3546\304o\311\262( \305\247"
  61      CBE024A8 
  61      EC36C46F 
  61      C9B22820 
  61      C5A7
  62 01d4 2D32A6DA 		.ascii	"-2\246\332'J\251\002\231\223\375\002\361\205\326\243"
  62      274AA902 
  62      9993FD02 
  62      F185D6A3 
  63 01e4 9C0C59AE 		.ascii	"\234\014Y\2568>~\271\337O\030\005=\232\273\366\366]"
  63      383E7EB9 
  63      DF4F1805 
  63      3D9ABBF6 
  63      F65D
  64 01f6 ABB25D38 		.ascii	"\253\262]8\2320\347\265\237\306\323\232\335\004\267"
  64      9A30E7B5 
  64      9FC6D39A 
  64      DD04B7
  65 0205 5656564A 		.ascii	"VVVJ\340\024\262\372w$\247\330\213?g\023^\262!&\337"
  65      E014B2FA 
  65      7724A7D8 
  65      8B3F6713 
  65      5EB22126 
  66 021a BBD05140 		.ascii	"\273\320Q@\030\325\306\240\351\373\351\253S\205\026"
  66      18D5C6A0 
  66      E9FBE9AB 
  66      538516
  67 0229 64B1273C 		.ascii	"d\261'<\030\030N\2236h\277wx\360#\227\336G\224u\357"
  67      18184E93 
  67      3668BF77 
  67      78F02397 
  67      DE479475 
  68 023e B278019C 		.ascii	"\262x\001\234\001\013:e\203\302\020\350\324\205\267"
  68      010B3A65 
  68      83C210E8 
  68      D485B7
  69 024d 1F4ECB60 		.ascii	"\037N\313`^T\020{|\030\221\362,\347~x\302\256T\245\022"
  69      5E54107B 
  69      7C1891F2 
  69      2CE77E78 
  69      C2AE54A5 
ARM GAS  C:\Users\CYIRKO~1\AppData\Local\Temp\cc2s3V52.s 			page 5


  70 0262 564B42C4 		.ascii	"VKB\304\344|>\353\341=v\243\314\347\037\214\025:\215"
  70      E47C3EEB 
  70      E13D76A3 
  70      CCE71F8C 
  70      153A8D
  71 0275 3263F932 		.ascii	"2c\3712\"\327\342\247\276<\373\210>\371\212N\243\262"
  71      22D7E2A7 
  71      BE3CFB88 
  71      3EF98A4E 
  71      A3B2
  72 0287 BB10479D 		.ascii	"\273\020G\235;\247\340\237\222\316x5\362qdU\326\337"
  72      3BA7E09F 
  72      92CE7835 
  72      F2716455 
  72      D6DF
  73 0299 1D382725 		.ascii	"\0358'%=O\227\007\330\000A{\254\301?\274e#\216\244\205"
  73      3D4F9707 
  73      D800417B 
  73      ACC13FBC 
  73      65238EA4 
  74 02ae E4DD3777 		.ascii	"\344\3357wVx\244\244#\216\2447\017\015\177\350%Is$\251"
  74      5678A4A4 
  74      238EA437 
  74      0F0D7FE8 
  74      25497324 
  75 02c3 8A3B5FCB 		.ascii	"\212;_\313\313vd \376\215\257lt}?\\i\217\037\366I\360"
  75      CB766420 
  75      FE8DAF6C 
  75      747D3F5C 
  75      698F1FF6 
  76 02d9 288161CC 		.ascii	"(\201a\314\326\336\026\202\312b\363\320\334=\322\361"
  76      D6DE1682 
  76      CA62F3D0 
  76      DC3DD2F1 
  77 02e9 94CD8A86 		.ascii	"\224\315\212\206\220\241\241{7\334MK\302cq_\006Ib0\016"
  77      90A1A17B 
  77      37DC4D4B 
  77      C263715F 
  77      06496230 
  78 02fe 4DD8E445 		.ascii	"M\330\344E,\017-7\306\306a\3155\235\030\235v\023\315"
  78      2C0F2D37 
  78      C6C661CD 
  78      359D189D 
  78      7613CD
  79 0311 74800987 		.ascii	"t\200\011\207\221\024b\3326r\244\373ak\366\307np\010"
  79      911462DA 
  79      3672A4FB 
  79      616BF6C7 
  79      6E7008
  80 0324 7E1C31EB 		.ascii	"~\0341\353I\314\013RL n'\245\230\253\005\265\241\307"
  80      49CC0B52 
  80      4C206E27 
  80      A598AB05 
  80      B5A1C7
  81 0337 02C28B33 		.ascii	"\002\302\2133\362\314\027\261*\312\246\376\225\355\376"
  81      F2CC17B1 
  81      2ACAA6FE 
ARM GAS  C:\Users\CYIRKO~1\AppData\Local\Temp\cc2s3V52.s 			page 6


  81      95EDFE
  82 0346 FFC87669 		.ascii	"\377\310vi-\333\345\377\312\206?Z\230r\262i\362V\337"
  82      2DDBE5FF 
  82      CA863F5A 
  82      9872B269 
  82      F256DF
  83 0359 07C5FE1D 		.ascii	"\007\305\376\035&\021\212\006\\\275\364\312\363;*jB"
  83      26118A06 
  83      5CBDF4CA 
  83      F33B2A6A 
  83      42
  84 036a 6F8782B1 		.ascii	"o\207\202\261\206\252\220\271\303\240\271\031}f\353"
  84      86AA90B9 
  84      C3A0B919 
  84      7D66EB
  85 0379 73BA19D5 		.ascii	"s\272\031\325\015\263\256\316\254\327\303f$\026\325"
  85      0DB3AECE 
  85      ACD7C366 
  85      2416D5
  86 0388 B757062A 		.ascii	"\267W\006*\002\215\272Qc\230\221\352\235\273\267\326"
  86      028DBA51 
  86      639891EA 
  86      9DBBB7D6 
  87 0398 6D31982B 		.ascii	"m1\230+R\035m\250\215\275\3748Q\252\033czE \370ZP\017"
  87      521D6DA8 
  87      8DBDFC38 
  87      51AA1B63 
  87      7A4520F8 
  88 03af D51BB50D 		.ascii	"\325\033\265\015U\325\272Q\027\015Ew\276c\030[j\230"
  88      55D5BA51 
  88      170D4577 
  88      BE63185B 
  88      6A98
  89 03c1 6AC41AC3 		.ascii	"j\304\032\303E\201\312\240\277\374\351\315\376p4\354"
  89      4581CAA0 
  89      BFFCE9CD 
  89      FE7034EC 
  90 03d1 65FCC508 		.ascii	"e\374\305\010+\216\231\3417v\275\0311\215`\354-\343"
  90      2B8E99E1 
  90      3776BD19 
  90      318D60EC 
  90      2DE3
  91 03e3 DDA240B0 		.ascii	"\335\242@\260\22267\243\227\227)\021\306\243a\366'\024"
  91      923637A3 
  91      97972911 
  91      C6A361F6 
  91      2714
  92 03f5 83ED9F   		.ascii	"\203\355\237"
  93              		.text
  94              		.section	.gnu.lto_SVC_Handler.daa054c4,"",%progbits
  95 0000 789CA593 		.ascii	"x\234\245\223]h\023Y\024\307\317\271w2\311\246\251\212"
  95      5D681359 
  95      14C7CFB9 
  95      7732C9A6 
  95      A98A
  96 0012 6F8B4512 		.ascii	"o\213E\022\244\260\202\030}Q\021\024\264\254\270\017"
  96      A4B08218 
ARM GAS  C:\Users\CYIRKO~1\AppData\Local\Temp\cc2s3V52.s 			page 7


  96      7D511114 
  96      B4ACB80F 
  97 0022 61A57915 		.ascii	"a\245y\025\244\216\321\206m\234\220I\245>9\246\325h"
  97      A48ED186 
  97      6D9C9049 
  97      A53E39A6 
  97      D568
  98 0034 2B5D71B5 		.ascii	"+]q\265\246\245\331Y+b\327\372\321\217\355\256\255\032"
  98      A6A5D959 
  98      2B62D7FA 
  98      D18FEDAE 
  98      AD1A
  99 0046 63ABADDF 		.ascii	"c\253\255\337\242\250\210\310\242mU\254\370\371\240"
  99      A2A888C8 
  99      A26D55AC 
  99      F8F9A0
 100 0055 3EACDDBD 		.ascii	">\254\335\275\347\316\270\324*\354\202\003\231\314\275"
 100      E7CEB8D4 
 100      2AEC8203 
 100      99CCBD
 101 0064 E77FFEF7 		.ascii	"\347\177\376\367\234\337\275\327\005\014\366(\0003\020"
 101      9CDFBDD7 
 101      050CF628 
 101      003310
 102 0073 601A0020 		.ascii	"`\032\000 \007d;\257\002l\3660D\3720=\010\233\030n\302"
 102      07643BAF 
 102      026CF630 
 102      44FA303D 
 102      089B186E 
 103 0088 1FF95E8E 		.ascii	"\037\371^\216}\351G=l\346AS<\371\275\177}m\266\346\321"
 103      7DE9473D 
 103      6CE64153 
 103      3CF9BD7F 
 103      7D6DB6E6 
 104 009d E2008DE2 		.ascii	"\342\000\215\342G\017\036\304\231 d\327k\332\233y=\267"
 104      470F1EC4 
 104      992064D7 
 104      6BDA9B79 
 104      3DB7
 105 00af 38A22286 		.ascii	"8\242\"\206\257\2564\015O\242!C\277\030\326^\030i\231"
 105      AFAE340D 
 105      4FA22143 
 105      BF18D65E 
 105      186999
 106 00c2 CC972029 		.ascii	"\314\227 )\237\217\335\253\365\025\3577\315\224\231"
 106      9F8FDDAB 
 106      F515EF37 
 106      CD9499
 107 00d1 1FC84CDF 		.ascii	"\037\310L\337Um\2367\025\213s<\204\\\270\342\257X\204"
 107      556D9E37 
 107      158B733C 
 107      845CB8E2 
 107      AF5884
 108 00e4 AD5824DD 		.ascii	"\255X$\335\205|\250clO\241\252`\033\026\333\213\342"
 108      857CA863 
 108      6C4FA1AA 
 108      601B16DB 
ARM GAS  C:\Users\CYIRKO~1\AppData\Local\Temp\cc2s3V52.s 			page 8


 108      8BE2
 109 00f6 615445ED 		.ascii	"aTE\355\214fD\374Q\335\271\234\233/\223\326\371\003"
 109      8C6644FC 
 109      51DDB99C 
 109      9B2F93D6 
 109      F903
 110 0108 DDB7D1B1 		.ascii	"\335\267\321\261~\321\270\340\320\335\021\323\334\265"
 110      7ED1B8E0 
 110      D0DD11D3 
 110      DCB5
 111 0116 4DD4ABE0 		.ascii	"M\324\253\340\221O\315\361(\026\037\273\201ys\354\357"
 111      914FCDF1 
 111      28161FBB 
 111      817973EC 
 111      EF
 112 0127 B4E8AD28 		.ascii	"\264\350\255(=\370g\023s3 c.\337\012X\334\345\222B\200"
 112      3DF86713 
 112      73332063 
 112      2EDF0A58 
 112      DCE59242 
 113 013c 5AB138E1 		.ascii	"Z\2618\341\251\343\214\376\371(n\036z\273\343\345E\374"
 113      A9E38CFE 
 113      F9286E1E 
 113      7ABBE3E5 
 113      45FC
 114 014e B7C81A1B 		.ascii	"\267\310\032\033R\273\272\\\026\331\310q|\003d\202\307"
 114      52BBBA5C 
 114      16D9C871 
 114      7C036482 
 114      C7
 115 015f 50150BB7 		.ascii	"P\025\013\267\213\267ha'\2456\3247XJ\340g\264\314\214"
 115      8BB76861 
 115      27A536D4 
 115      37584AE0 
 115      67B4CC8C 
 116 0173 DFE22A65 		.ascii	"\337\342*e\274\037\3322\374\225\302\204\260\003\003"
 116      BC1FDA32 
 116      FC95C284 
 116      B00303
 117 0182 12C2C050 		.ascii	"\022\302\300PW\257*f\260\023\225,w\211H\027*\360\020"
 117      57AF2A66 
 117      B013952C 
 117      77894817 
 117      2AF010
 118 0195 53F76505 		.ascii	"S\367e\005dH\376\024\242\311\272L\365T\211I\026\376"
 118      6448FE14 
 118      A2C9BA4C 
 118      F5548949 
 118      16FE
 119 01a7 0453AFD3 		.ascii	"\004S\257\323\3339Md9s4~\031o\243\034&\024\325\315["
 119      DB394D64 
 119      3973347E 
 119      196FA31C 
 119      2614D5CD 
 120 01bc AF7415D9 		.ascii	"\257t\025\331\022.\246\306o!\242\037\177\023\314>\316"
 120      122EA6C6 
 120      6F21A21F 
ARM GAS  C:\Users\CYIRKO~1\AppData\Local\Temp\cc2s3V52.s 			page 9


 120      7F13CC3E 
 120      CE
 121 01cd E2B6EFFB 		.ascii	"\342\266\357\373.\237\235\245\320\324\007\211H\037|"
 121      2E9F9DA5 
 121      D0D40789 
 121      481F7C
 122 01dc 3A92F5F0 		.ascii	":\222\365\360\026\224\014\236\216\274\352/p6\346\315"
 122      16940C9E 
 122      8EBCEA2F 
 122      7036E6CD 
 123 01ec BA46335F 		.ascii	"\272F3_\343\247M\351\376\314\246\374N\346\012\214bJ"
 123      E3A74DE9 
 123      FECCA6FC 
 123      4EE60A8C 
 123      624A
 124 01fe D0CD5C9A 		.ascii	"\320\315\\\232H\367\247\234J\022\0070\033\007\030\360"
 124      48F7A79C 
 124      4A120730 
 124      1B0718F0 
 125 020e 0F09F738 		.ascii	"\017\011\3678\035\017\204\016\312l\261:\337y\003\247"
 125      1D0F840E 
 125      CA6CB13A 
 125      DF7903A7 
 126 021e 1DB86E52 		.ascii	"\035\270nR\037\031>az$\334\036\007\356\275\246\336\335"
 126      1F193E61 
 126      7A24DC1E 
 126      07EEBDA6 
 126      DEDD
 127 0230 5E82DB4B 		.ascii	"^\202\333Kp\305\325\300\023\362\014\357\357H]\366\005"
 127      70C5D5C0 
 127      13F20CEF 
 127      EF485DF6 
 127      05
 128 0241 FAC6EFCC 		.ascii	"\372\306\357\314\325\372\324>\237L>I\311x\312\336\005"
 128      D5FAD43E 
 128      9F4C3E49 
 128      C978CADE 
 128      05
 129 0252 1B0B9525 		.ascii	"\033\013\225%F\262\246\307'\3237\221\017\330\335w\347"
 129      46B2A6C7 
 129      27D33791 
 129      0FD8DD77 
 129      E7
 130 0263 EE64BC4E 		.ascii	"\356d\274N\367\217{\276\311V_\332a\376\222\232B\004"
 130      F78F7BBE 
 130      C9565FDA 
 130      61FE929A 
 130      4204
 131 0275 729F2170 		.ascii	"r\237!pZ\236\353\206-}\327\334\204_\021\335\344E\314"
 131      5A9EEB86 
 131      2D7DD7DC 
 131      845F11DD 
 131      E445CC
 132 0288 26D27EE3 		.ascii	"&\322~\343\023\"7U\207\006\207\011\241\341\236\005\255"
 132      13223755 
 132      87068709 
 132      A1E19E05 
ARM GAS  C:\Users\CYIRKO~1\AppData\Local\Temp\cc2s3V52.s 			page 10


 132      AD
 133 0299 C2FD0C05 		.ascii	"\302\375\014\005\225\211\301\321,\247\245\000\373(\354"
 133      9589C1D1 
 133      2CA7A500 
 133      FB28EC
 134 02a8 FA8864BF 		.ascii	"\372\210d\277$y\326&Y\307\376\213\3449\207\344\230\365"
 134      2479D626 
 134      59C7FE8B 
 134      E43987E4 
 134      98F5
 135 02ba 20574024 		.ascii	" W@$\007P\2215\003\016J\224\255\271\376\207\276@3\263"
 135      07509135 
 135      030E4A94 
 135      ADB9FE87 
 135      BE4033B3 
 136 02ce B33DA47D 		.ascii	"\263=\244}}\264\363V\201\314>/Q^pP\312\376\001\236\321"
 136      7DB4F356 
 136      81CC3E2F 
 136      515E7050 
 136      CAFE019E 
 137 02e3 316E9B41 		.ascii	"1n\233A\215I*\265\3422\211['\364\213\277]\270\262\244"
 137      8D492AB5 
 137      E232895B 
 137      27F48BBF 
 137      5DB8B2A4 
 138 02f7 3CBA3A1A 		.ascii	"<\272:\032NV\256\211\352+5\372\326\215\271\363\347\005"
 138      4E56AE89 
 138      EA2B35FA 
 138      D68DB9F3 
 138      E705
 139 0309 7523A8E9 		.ascii	"u#\250\351\261\230\276>\030\327\023I#\270\2444T\022"
 139      B198BE3E 
 139      18D71349 
 139      23B8A434 
 139      5412
 140 031b AA0A6AE5 		.ascii	"\252\012j\345\232\236\210\254\3320?6[\003EKV\305\325"
 140      9A9E88AC 
 140      DA303F36 
 140      5B03454B 
 140      56C5D5
 141 032e 44C4A8AC 		.ascii	"D\304\250\254H.\375?V\221\252d\260$\024\376.\034\214"
 141      482EFD3F 
 141      5691AA64 
 141      B02414FE 
 141      2E1C8C
 142 0341 AED72A2A 		.ascii	"\256\327**\327D\202Z\314\210\032\253\326i\332\354r("
 142      D744825A 
 142      CC881AAB 
 142      D669DAEC 
 142      7228
 143 0353 0C9586FD 		.ascii	"\014\225\206\375\305sf\371\343F\334\013|Q\002&%\365"
 143      C57366F9 
 143      E346DC0B 
 143      7C510226 
 143      25F5
 144 0365 F8F76B57 		.ascii	"\370\367kW$t-\234,\323~(\014\205K)8K\250\274\300\022"
 144      24742D9C 
ARM GAS  C:\Users\CYIRKO~1\AppData\Local\Temp\cc2s3V52.s 			page 11


 144      2CD37E28 
 144      0C854B29 
 144      384BA8BC 
 145 037b C08D38B8 		.ascii	"\300\2158\2706\224UTF\276\250\223r\230B\316\253\313"
 145      36945554 
 145      46BEA893 
 145      729842CE 
 145      ABCB
 146 038d 8C483C11 		.ascii	"\214H<\021%wp\307\"1=\261\021\376\001z\206\314\011"
 146      257770C7 
 146      22313DB1 
 146      11FE017A 
 146      86CC09
 147              		.text
 148              		.section	.gnu.lto__port_irq_epilogue.daa054c4,"",%progbits
 149 0000 789CA553 		.ascii	"x\234\245SMh\023A\024~og7Y\223*=\211\207\036\322CA\241"
 149      4D681341 
 149      147E6F67 
 149      3759932A 
 149      3D89871E 
 150 0018 B80A6244 		.ascii	"\270\012bDP\320\342A$\027s\025D\267\301\006\214\221"
 150      50D0E241 
 150      24177315 
 150      44B7C106 
 150      8C91
 151 002a A42DF594 		.ascii	"\244-\365\224I\032\033\260\242\202\255M\253a\245\036"
 151      491A1BB0 
 151      A282AD4D 
 151      AB61A51E 
 152 003a AC3FB5B5 		.ascii	"\254?\265\265Z56\306\230*(\376a\211P,\036\332\032\245"
 152      5A3536C6 
 152      982A28FE 
 152      6189502C 
 152      1EDA1AA5 
 153 004e 5A41C583 		.ascii	"ZA\305\203bm}\263IK\211\240\202\003\273\2633\357\233"
 153      626D7DB3 
 153      494B89A0 
 153      8203BBB3 
 153      33EF9B
 154 0061 F7CDFBDE 		.ascii	"\367\315\373\336\267\012H0\301\000\336\000\300&z\320"
 154      B70A4830 
 154      C100DE00 
 154      C0267AD0 
 155 0071 02289D78 		.ascii	"\002(\235x\006\020V%\211\345\226\003\267\311)'\3602"
 155      06105625 
 155      89E59603 
 155      B7C92927 
 155      F032
 156 0083 868AD846 		.ascii	"\206\212\330F\2710\207U\005Q|p\025!$1Y\301\020\036g"
 156      B9308755 
 156      05517C70 
 156      15212431 
 156      59C1101E 
 157 0098 1D0CB3B1 		.ascii	"\035\014\263\261\267Ii\325yN#\323\361\325\332\302\017"
 157      B74969D5 
 157      794E23D3 
 157      F1D5DAC2 
ARM GAS  C:\Users\CYIRKO~1\AppData\Local\Temp\cc2s3V52.s 			page 12


 157      0F
 158 00a9 AF3088A0 		.ascii	"\2570\210\240\223\0361\360<\256\002\202M\\\235m_j\221"
 158      931E31F0 
 158      3CAE0282 
 158      4D5C9D6D 
 158      5F6A91
 159 00bc 0BFBD883 		.ascii	"\013\373\330\203\026\244\271o\0043|v.\30633\3470\261"
 159      16A4B96F 
 159      04337C76 
 159      2EC63333 
 159      E730B1
 160 00cf 43656030 		.ascii	"Ce`0\224\305\013\340\010\001\005a+\223\304\314\362("
 160      94C50BE0 
 160      08010561 
 160      2B93C4CC 
 160      F228
 161 00e1 893C2FA2 		.ascii	"\211</\242\375g\3301f0\011eZ~~\3325\271L,\031:h\371"
 161      FD67D831 
 161      66300965 
 161      5A7E7EDA 
 161      35B94C2C 
 162 00f9 2E15CB21 		.ascii	".\025\313!\333\202\0029\230\036\215\333\252\316q\036"
 162      DB820239 
 162      981E8DDB 
 162      AACE711E 
 163 0109 E199B9F8 		.ascii	"\341\231\271\370\312\256\346\307G\371\331H\271\301d"
 163      CAAEE6C7 
 163      47F9D948 
 163      B9C164
 164 0118 BC848CEE 		.ascii	"\274\204\214\356\201\027\261\002/`E\341\236\227\261"
 164      8117B102 
 164      2F6045E1 
 164      9E97B1
 165 0127 8A0EC5A6 		.ascii	"\212\016\305\246\370\035Y\344\223\321\201\275\024{\217"
 165      F81D59E4 
 165      93D181BD 
 165      147B8F
 166 0136 9189A1B6 		.ascii	"\221\211\241\266\376\021\\\250!j\226z\362\233\325,\243"
 166      FE115CA8 
 166      216A967A 
 166      F29BD52C 
 166      A3
 167 0147 93219484 		.ascii	"\223!\224\204~\304\253I\001\274\"\202Rip\3444\023T\200"
 167      7EC4AB49 
 167      01BC2282 
 167      526970E4 
 167      34135480 
 168 015b 7D22CC16 		.ascii	"}\"\314\026K\203\375\324\015\300\253B\033\204G\202\261"
 168      4B83FDD4 
 168      0DC0AB42 
 168      1B844782 
 168      B1
 169 016c DB18F866 		.ascii	"\333\030\370f\253|\205\006\217;\014\246\010t\357\344"
 169      AB7C8506 
 169      8F3B0CA6 
 169      0874EFE4 
 170 017c 10576589 		.ascii	"\020We\211\200\003X\011b\347\323tnL\242\035\274F\335"
ARM GAS  C:\Users\CYIRKO~1\AppData\Local\Temp\cc2s3V52.s 			page 13


 170      80035809 
 170      62E7D374 
 170      6E4CA21D 
 170      BC46DD
 171 018f 127706BC 		.ascii	"\022w\006\274n\212\323\223\036\316\227U\276.\236\266"
 171      6E8AD393 
 171      1ECE9755 
 171      BE2E9EB6 
 172 019f 08EC972B 		.ascii	"\010\354\227+\003/\355\346\351Aq\032o\220\334y\2148"
 172      032FEDE6 
 172      E941711A 
 172      6F90DC79 
 172      8C38
 173 01b1 CCFA01A6 		.ascii	"\314\372\001\2460{\373{\367\334(\212\322\022L\364\367"
 173      307BFB7B 
 173      F7DC288A 
 173      D2124CF4 
 173      F7
 174 01c2 D4E1EC73 		.ascii	"\324\341\354s\253P\304j\026\032N\246\332\224\302\222"
 174      AB50C46A 
 174      161A4EA6 
 174      DA94C292 
 175 01d2 BF6AE6CB 		.ascii	"\277j\346\313DK\342\221q\325\300D\230\352#\036\025o"
 175      444BE291 
 175      71D5C044 
 175      98EA231E 
 175      156F
 176 01e4 91AE37C5 		.ascii	"\221\2567\305=(8\335\376\360\242M\353\345\321\260\210"
 176      3D2838DD 
 176      FEF0A24D 
 176      EBE5D1B0 
 176      88
 177 01f5 2DC1241A 		.ascii	"-\301$\032\0307\275\201\267Q#\302\346\231\226\013J\201"
 177      1837BD81 
 177      B75123C2 
 177      E699960B 
 177      4A81
 178 0207 4E2E307E 		.ascii	"N.0~|\222\3576{\200\310\313q\210\022\275\301\350\330"
 178      7C92EF36 
 178      7B80C8CB 
 178      718812BD 
 178      C1E8D8
 179 021a F0BA2288 		.ascii	"\360\272\"\210\020}\323\311\357K\013\010\300T\261\203"
 179      107DD3C9 
 179      EF4B0B08 
 179      C054B183 
 180 022a ADA4666E 		.ascii	"\255\244fn9\373\200L\000\005w29=f\015\375\344\252\301"
 180      39FB804C 
 180      00057732 
 180      393D660D 
 180      FDE4AAC1 
 181 023e 6C9D4C26 		.ascii	"l\235L&\312;\030\"w\331M\264\014)\347\274\253J\274\222"
 181      CA3B1822 
 181      77D94DB4 
 181      0C29E7BC 
 181      AB4ABC92 
 182 0252 F88B57D2 		.ascii	"\370\213W\322\246W\026\224\221\351\026w\377\344\225"
ARM GAS  C:\Users\CYIRKO~1\AppData\Local\Temp\cc2s3V52.s 			page 14


 182      A6571694 
 182      91E91677 
 182      FFE495
 183 0261 2E7BD12B 		.ascii	".{\321+\312\357^\331\320C\3313\"h)\015\276O0A\005x\357"
 183      CAEF5ED9 
 183      D043D933 
 183      2268290D 
 183      BE4F3041 
 184 0278 77AF644D 		.ascii	"w\257dM\257\014/\362\312\2541\236\266\317\333\340\256"
 184      AF0C2FF2 
 184      CAAC319E 
 184      B6CFDBE0 
 184      AE
 185 0289 6983FBA6 		.ascii	"i\203\373\246\015J{\376`\241\347\"\271\251\205b\376"
 185      0D4A7BFE 
 185      60A1E722 
 185      B9A98562 
 185      FE
 186 029a 621F490C 		.ascii	"b\037I\014s\034!S\323\006\2556o\333\270\253\246\316"
 186      731C2153 
 186      D306AD36 
 186      6FDBB8AB 
 186      A6CE
 187 02ac BBD7EBAE 		.ascii	"\273\327\353\256o\250\365\372w\351\342\333\037\\\353"
 187      6FA8F5FA 
 187      77E9E2DB 
 187      1F5CEB
 188 02bb 5CAFF983 		.ascii	"\\\257\371\203\232\356\367\371\374\007\264\203\376@"
 188      9AEEF7F9 
 188      FC07B483 
 188      FE40
 189 02c9 7D50DBB2 		.ascii	"}P\333\262\323U\343j\322\364:\335\037\360\354nt\372"
 189      D355E36A 
 189      D2F43ADD 
 189      1FF0EC6E 
 189      74FA
 190 02db 56EBA034 		.ascii	"V\353\2404\356\331\337\340\371\257$u\260\365_\216{\232"
 190      EED9DFE0 
 190      F9AF2475 
 190      B0F55F8E 
 190      7B9A
 191 02ed EAB51A97 		.ascii	"\352\265\032\227{\273[\363\036\320\3677\324z4\335\027"
 191      7BBB5BF3 
 191      1ED0F737 
 191      D47A34DD 
 191      17
 192 02fe F40677EF 		.ascii	"\364\006w\357\323uJQ\356r\357t\354\335\023\364\034\014"
 192      D3754A51 
 192      EE72EF74 
 192      ECDD13F4 
 192      1C0C
 193 0310 78AB1D55 		.ascii	"x\253\035Uk@\012\200\325\347\361\371\003\207\340\027"
 193      6B400A80 
 193      D5E7F1F9 
 193      0387E017 
 194 0320 BDB48C25 		.ascii	"\275\264\214%"
 195              		.text
ARM GAS  C:\Users\CYIRKO~1\AppData\Local\Temp\cc2s3V52.s 			page 15


 196              		.section	.gnu.lto_.symbol_nodes.daa054c4,"",%progbits
 197 0000 789C6365 		.ascii	"x\234ce`b\250a\000\002\246\006\246z\006\206\011\347"
 197      6062A861 
 197      0002A606 
 197      A67A0686 
 197      09E7
 198 0012 1818EA19 		.ascii	"\030\030\352\031\030w\266\034lp```\374\305X\317\010"
 198      1877B61C 
 198      6C706060 
 198      60FCC558 
 198      CF08
 199 0024 16636068 		.ascii	"\026c`hX\000\022\370\315X\317\204,\300\364\235\261\236"
 199      580012F8 
 199      CD58CF84 
 199      2CC0F49D 
 199      B19E
 200 0036 19AA8B61 		.ascii	"\031\252\213aW\203#P\344\007c=\013\212\010\343O\306"
 200      57832350 
 200      E407633D 
 200      0B8A08E3 
 200      4FC6
 201 0048 7A569826 		.ascii	"zV\230&\220\261\314\014\254\014K\332\337\3103\26300"
 201      90B1CC0C 
 201      AC0C4BDA 
 201      DFC833B3 
 201      3030
 202 005a 3C5AA9C6 		.ascii	"<Z\251\306\000\000'\302 V"
 202      000027C2 
 202      2056
 203              		.text
 204              		.section	.gnu.lto_.refs.daa054c4,"",%progbits
 205 0000 789C6365 		.ascii	"x\234ce`b\340d`\000\222L\214\374LL\002\014\000\001\230"
 205      6062E064 
 205      6000924C 
 205      8CFC4C4C 
 205      020C0001 
 206 0015 0039     		.ascii	"\0009"
 207              		.text
 208              		.section	.gnu.lto_.decls.daa054c4,"",%progbits
 209 0000 789CDD59 		.ascii	"x\234\335Y{LTY\232\257S\247\012(\236\006\335YgB\322"
 209      7B4C5459 
 209      9AAF53A7 
 209      0A289E06 
 209      DD596742 
 210 0015 AE6B22BB 		.ascii	"\256k\"\273\311(\264\275m\2473\351\210\245\256$\355"
 210      C928B4BD 
 210      6DA733E9 
 210      88A5AE24 
 210      ED
 211 0026 8E017526 		.ascii	"\216\001u&Y7\025\033\252\225\035\001\033p\247\373\217"
 211      5937151B 
 211      AA951D01 
 211      1B70A7FB 
 211      8F
 212 0037 EDBEC843 		.ascii	"\355\276\310C@TT\220\207\240(* \240\010\012>P\021\025"
 212      40545490 
 212      87A0282A 
ARM GAS  C:\Users\CYIRKO~1\AppData\Local\Temp\cc2s3V52.s 			page 16


 212      20A0080A 
 212      3E501115 
 213 004b 11C5078A 		.ascii	"\021\305\007\212\012\362\026\001\021\024\012\037\250"
 213      0AF21601 
 213      11140A1F 
 213      A8
 214 0058 88FB9DC7 		.ascii	"\210\373\235\307\345\236\272\024\2463\273\177\355M}"
 214      E59EBA14 
 214      A633BB7F 
 214      ED4D7D
 215 0067 F7DEEFDC 		.ascii	"\367\336\357\334\337\371\336\347\334sO\3515Z\215\307"
 215      DFF9DEE7 
 215      DC734FE9 
 215      355A8DC7 
 216 0077 3F6A34BD 		.ascii	"?j4\275:\215&\032i4\037\341\200[M\221F9\354\200\216"
 216      3A8D261A 
 216      69341FE1 
 216      805B4D91 
 216      4639EC80 
 217 008c 021D072A 		.ascii	"\002\035\007*\005:\011T\016tA3\361\370\017\220\341\006"
 217      053A0954 
 217      0E744133 
 217      F1F80F90 
 217      E106
 218 009e D75540EE 		.ascii	"\327U@\356@\323\200j\200\236\000\315\006\252\000z\016"
 218      40D3806A 
 218      809E00CD 
 218      06AA007A 
 218      0E
 219 00af D4095407 		.ascii	"\324\011T\007\264\022h\020h\010\350<\220\005H\013\364"
 219      B4126810 
 219      6808E83C 
 219      9005480B 
 219      F4
 220 00c0 08A85DD0 		.ascii	"\010\250]\320\375\006h\224\353\224\355P\037\177\001"
 220      FD066894 
 220      EB94ED50 
 220      1F7F01
 221 00cf DD0695EE 		.ascii	"\335\006\225\356'\\\377l\256\227\350BH\361\353\244 "
 221      275CFF6C 
 221      AE97E842 
 221      48F1EBA4 
 221      20
 222 00e0 1B43BB1E 		.ascii	"\033C\273\036\310\001M\224\035\012m\316\\\366l\225o"
 222      C8014D94 
 222      1D0A6DCE 
 222      5CF66C95 
 222      6F
 223 00f1 B2CCD340 		.ascii	"\262\314\323@\345\304\177\2403\210\305\220\210\212\205"
 223      E5C47FA0 
 223      3388C590 
 223      888A85
 224 0100 933D8F59 		.ascii	"\223=\217Y\005\334\237\347:\216\012:\325G*Fe[/\237\323"
 224      05DC9FE7 
 224      3A8E0A3A 
 224      D5472A46 
 224      655B2F9F 
ARM GAS  C:\Users\CYIRKO~1\AppData\Local\Temp\cc2s3V52.s 			page 17


 225 0115 B6A26604 		.ascii	"\266\242f\004\361@Sh+\263\034\301\205\020e?\312\007"
 225      F1405368 
 225      2BB31CC1 
 225      8510653F 
 225      CA07
 226 0127 42B41D5A 		.ascii	"B\264\035Z\265\364\314\200\264\011\311=8\257\345\254"
 226      B5F4CC80 
 226      B409C93D 
 226      38AFE5AC 
 227 0137 968BA43F 		.ascii	"\226\213\244?\336\031\011\022\331c\246I>\230O\210\307"
 227      DE190912 
 227      D963A649 
 227      3E984F88 
 227      C7
 228 0148 904A67BD 		.ascii	"\220Jg\275\221VQ\200\220\330A\020\310\314\346\317\307"
 228      91565180 
 228      90D84110 
 228      C8CCE6CF 
 228      C7
 229 0159 EDD328CE 		.ascii	"\355\323(\316!\331\373\241\364\033\335\216m\250\205"
 229      21D9FBA1 
 229      F41BDD8E 
 229      6DA885
 230 0168 B4662F40 		.ascii	"\264f/@\264mt\353\3712g\254E\344\276\355m\336\2229\205"
 230      B46D74EB 
 230      F93267AC 
 230      45E4BEED 
 230      6DDE9239 
 231 017d 123B1CFE 		.ascii	"\022;\034\376\240\204\355\312\3077\225n\3330rwDZ`\353"
 231      A084EDCA 
 231      C737956E 
 231      DB307277 
 231      445A60EB 
 232 0191 076F6439 		.ascii	"\007od9\001;\315\021M\001v$\262\341\242\343\364\335"
 232      013BCD11 
 232      4D017624 
 232      B2E1A2E3 
 232      F4DD
 233 01a3 B4579434 		.ascii	"\264W\2244E\213V\375\006\025\"\017T\200<@y\021\232\016"
 233      458B56FD 
 233      0615220F 
 233      54803C40 
 233      79119A0E 
 234 01b7 E7EF744C 		.ascii	"\347\357tLR\314\207\204\315.3\263\245\312v\251\362\305"
 234      52CC8784 
 234      CD2E33B3 
 234      A5CA76A9 
 234      F2C5
 235 01c9 E56F3A4A 		.ascii	"\345o:J*\245\030\350fG`(\037at\004\315!&\303-\234\363"
 235      2AA518E8 
 235      66476028 
 235      1F617404 
 235      CD2126C3 
 236 01e0 501B42B9 		.ascii	"P\033B\271\250\025\034:\212fB\367\201\272\222\0227\034"
 236      A8151C3A 
 236      8A6642F7 
 236      81BA9212 
ARM GAS  C:\Users\CYIRKO~1\AppData\Local\Temp\cc2s3V52.s 			page 18


 236      371C
 237 01f2 48ADFDB4 		.ascii	"H\255\375\264\332b+\265\325\271\215w\015\240\266]\222"
 237      DA622BB5 
 237      D5B98D77 
 237      0DA0B65D 
 237      92
 238 0203 2A1FECFB 		.ascii	"*\037\354\373\342Cq\227\024\347HA\350\230\242\364\030"
 238      E2437197 
 238      14E74841 
 238      E898A2F4 
 238      18
 239 0214 514A6E8E 		.ascii	"QJn\216Se\035\355\207,N\3704\242\332v\355\035~\202\271"
 239      53651DED 
 239      872C4EF8 
 239      34A2DA76 
 239      ED1D7E82 
 240 0229 04CB7FA7 		.ascii	"\004\313\177\247KUZ\332\273D\351]\"\367.\245\275\363"
 240      4B555ADA 
 240      BB44E95D 
 240      22F72EA5 
 240      BDF3
 241 023b AEBC3C84 		.ascii	"\256\274<\204q\035\353\335;\230\360O\3209\233z\375\331"
 241      711DEBDD 
 241      3B98F04F 
 241      D0399B7A 
 241      FDD9
 242 024d EE28290F 		.ascii	"\356()\017\214\236A%\234P$\234P;}\222Jj\033\034\276"
 242      8C9E4125 
 242      9C50249C 
 242      503B7D92 
 242      4A6A1B1C 
 243 0262 EA841B99 		.ascii	"\352\204\033\231\244\235\2259U\016\\T\375g\351R\345"
 243      A49D9539 
 243      550E5C54 
 243      FD67E952 
 243      E5
 244 0273 26498A64 		.ascii	"&I\212d\266\224)\222\312\324\222\312\251\244\354\264"
 244      B6942992 
 244      CAD492CA 
 244      A9A4ECB4 
 245 0283 D74FED70 		.ascii	"\327O\355p?\223Tw\345n\232=\216\245\251\327\365^\260"
 245      3F935477 
 245      E56E9A3D 
 245      8EA5A9D7 
 245      F55EB0
 246 0296 682176E4 		.ascii	"h!v\344g\360\314\220\034P\0052h2\2448I\232Bo7K\322&"
 246      67F0CC90 
 246      1C500532 
 246      6832A438 
 246      499A426F 
 247 02ae 697053D2 		.ascii	"ipS\322\024\2205\317\003yyh\3209\344I\037i\320\031\350"
 247      149035CF 
 247      03797968 
 247      D039E449 
 247      1F69D019 
 248 02c3 7616A27E 		.ascii	"v\026\242~X.\035\015y\200N\363\200\260\024\\\316\277"
 248      582E1D0D 
ARM GAS  C:\Users\CYIRKO~1\AppData\Local\Temp\cc2s3V52.s 			page 19


 248      79804EF3 
 248      80B0145C 
 248      CEBF
 249 02d5 B9D3594C 		.ascii	"\271\323YL\027\201(\371:o\225\257\264\301\333-Z\036"
 249      178128F9 
 249      3A6F95AF 
 249      B4C1DB2D 
 249      5A1E
 250 02e7 ED9E6B9E 		.ascii	"\355\236k\236\243<_\000B\247\024/O\311\021\277@\275"
 250      A33C5F00 
 250      42A7142F 
 250      4FC911BF 
 250      40BD
 251 02f9 6BA9C92F 		.ascii	"k\251\311/\300P\226\263\035\021\031\031n\320t\254\377"
 251      C05096B3 
 251      1D111919 
 251      6ED074AC 
 251      FF
 252 030a F45B17D6 		.ascii	"\364[\027\326D\304\326o\267\034\264\307\347Y\265\337"
 252      44C4D66F 
 252      B71CB4C7 
 252      E759B5DF 
 253 031a 892ECEC4 		.ascii	"\211.\316\304\254\250udp\324e<veE=#\025k\323k\037T\351"
 253      ACA87564 
 253      70D4653C 
 253      7665453D 
 253      23156BD3 
 254 0332 90A723F5 		.ascii	"\220\247#\365\251\362V\3437\351\026\222\261j\344\210"
 254      A9F256E3 
 254      37E91692 
 254      B16AE488 
 255 0342 AA140B66 		.ascii	"\252\024\013f;\3029\216\304&)J2,\325\240\313\340\320"
 255      3BC2398E 
 255      C426294A 
 255      322CD5A0 
 255      CBE0D0
 256 0355 2570085D 		.ascii	"%p\010]\201\350\200V\202C\027\241\261\022\032AK\376"
 256      81E88056 
 256      824317A1 
 256      B1121A41 
 256      4BFE
 257 0367 C11D07EC 		.ascii	"\301\035\007\354p1&\026h\253\317?z\250C\216\2366\005"
 257      70312616 
 257      68ABCF3F 
 257      7AA8438E 
 257      9E3605
 258 037a 5CB32180 		.ascii	"\\\263!\200\033\363bf5\014\032-\252\001c\256*\306\200"
 258      1BF36266 
 258      350C1A2D 
 258      AA0163AE 
 258      2AC680
 259 038d 6DE402AD 		.ascii	"m\344\002\255\240\350y\364\223v'\346\335t`#O\346lw\306"
 259      A0E879F4 
 259      937627E6 
 259      DD746023 
 259      4FE66C77 
 260 03a2 293AEAF9 		.ascii	"):\352\371\276\346\241\"{\234A\031\355\305\206\375\371"
ARM GAS  C:\Users\CYIRKO~1\AppData\Local\Temp\cc2s3V52.s 			page 20


 260      BEE6A122 
 260      7B9C4119 
 260      EDC586FD 
 260      F9
 261 03b3 2EC8D933 		.ascii	".\310\3313a\334\0102\220\306\315\270\011f\254t\346*"
 261      61DC0832 
 261      90C6CDB8 
 261      0966AC74 
 261      E62A
 262 03c5 98FEB644 		.ascii	"\230\376\266D\\\367\030\012B\207\352\2203\272\241\030"
 262      5CF7180A 
 262      4287EA90 
 262      33BAA118 
 263 03d5 B0D29965 		.ascii	"\260\322\231eow\352\221\207\006\334\312\224\311\223"
 263      6F77EA91 
 263      8706DCCA 
 263      94C993
 264 03e4 853B9B2C 		.ascii	"\205;\233,\236e659\343\016\366\254\364\352\320U\003"
 264      9E653635 
 264      39E30EF6 
 264      ACF4EAD0 
 264      5503
 265 03f6 EE654CC6 		.ascii	"\356eL\306\331\227\265z\006t\000\266\361v\361\026W\334"
 265      D997B57A 
 265      067400B6 
 265      F176F116 
 265      57DC
 266 0408 CF9EC5E6 		.ascii	"\317\236\305\346\\z\353\202_0&\257\257m\024c\013c\336"
 266      5C7AEB82 
 266      5F3026AF 
 266      AF6D1463 
 266      0B63DE
 267 041b 9FBE2239 		.ascii	"\237\276\"9\340W\214\311\275\332x\325\015\2170FN\250"
 267      E0578CC9 
 267      BDDA78D5 
 267      0D8F3046 
 267      4EA8
 268 042d 3B4D283A 		.ascii	";M(:\332{!\323\221\345W\202I\314\261\371V\317\230\033"
 268      DA7B21D3 
 268      91E55782 
 268      49CCB1F9 
 268      56CF981B 
 269 0441 9A450FCF 		.ascii	"\232E\017\317\251\263f\035 \376\303\344\340\371\260"
 269      A9B3661D 
 269      20FEC3E4 
 269      E0F9B0
 270 0450 BE4B9276 		.ascii	"\276K\222v:S\347\256\203s\235h\252\022\216ZZ\254\227"
 270      3A53E7AE 
 270      83739D68 
 270      AA128E5A 
 270      5AAC97
 271 0463 C959C37A 		.ascii	"\311Y\303zT\375\031\006a4\246\360;j\370\355\011\360"
 271      54FD1906 
 271      6134A6F0 
 271      3B6AF8ED 
 271      09F0
 272 0475 BE3F2AF0 		.ascii	"\276?*\360\0065\374.\205{+\350&\001\375@\215\236\253"
ARM GAS  C:\Users\CYIRKO~1\AppData\Local\Temp\cc2s3V52.s 			page 21


 272      0635FC2E 
 272      857B2BE8 
 272      2601FD40 
 272      8D9EAB
 273 0488 025B04F0 		.ascii	"\002[\004\360=\333\242EKj\005\303o\331\366\223\012g"
 273      3DDBA245 
 273      4B6A05C3 
 273      6FD9F693 
 273      0A67
 274 049a 49BF7F6B 		.ascii	"I\277\177kJ\244$!\202\322\360|\223c\007y\230$I\013t"
 274      4AA42421 
 274      82D2F07C 
 274      93630779 
 274      9824490B 
 275 04af 1AD4049D 		.ascii	"\032\324\004\235\033I\347\207\\\032\300P\007\324O+\232"
 275      1B49E787 
 275      5C1AC050 
 275      07D44F2B 
 275      9A
 276 04c0 85BA805A 		.ascii	"\205\272\200Z\200\332\200\036\0035\003\265\003=B\263"
 276      80DA801E 
 276      033503B5 
 276      033D42B3 
 277 04d0 A82066D3 		.ascii	"\250 f\323\330-\367\235QR\215\0275\252\336v4\005\217"
 277      D82DF79D 
 277      51528D17 
 277      35AADE76 
 277      34058F
 278 04e3 3B058FEF 		.ascii	";\005\217\357\333\014\017s\230\324]j\333\003\354,\024"
 278      DB0C0F73 
 278      98D45D6A 
 278      DB03EC2C 
 278      14
 279 04f4 B988D5A0 		.ascii	"\271\210\325\240'\310\231\316$p\005p\371PV,v\214\243"
 279      27C899CE 
 279      24700570 
 279      F950562C 
 279      768CA3
 280 0507 BE5130D4 		.ascii	"\276Q0\324\220\202\355&\343\014\304\323\231\013\320"
 280      9082ED26 
 280      E30CC4D3 
 280      990BD0
 281 0516 5596E25C 		.ascii	"U\226\342\\gVhX\030y\323\330\310k\0309\367\316\031G"
 281      67566858 
 281      1879D3D8 
 281      C86B1839 
 281      F7CE1947 
 282 052a EBE934DB 		.ascii	"\353\3514\333\236cyf\207<a\226u\004\022\346\313~\030"
 282      9E637966 
 282      873C6196 
 282      750412E6 
 282      CB7E18
 283 053d CA4F95F9 		.ascii	"\312O\225\371\222\316\274\203\277\220f6\275\014\036"
 283      92CEBC83 
 283      BF906636 
 283      BD0C1E
 284 054c 90F0F4F1 		.ascii	"\220\360\364\361\251\267\017\202\332O\255\030\000\253"
ARM GAS  C:\Users\CYIRKO~1\AppData\Local\Temp\cc2s3V52.s 			page 22


 284      A9B70F82 
 284      DA4FAD18 
 284      00AB
 285 055a 9E811964 		.ascii	"\236\201\031d\312&-\2400i\244(\326\316=\211'f\006\242"
 285      CA262DA0 
 285      3069A428 
 285      D6CE3D89 
 285      276606A2 
 286 056e B27B01D7 		.ascii	"\262{\001\327C\255\177\216\334e\037(\003=\022\312\356"
 286      43AD7F8E 
 286      DC651F28 
 286      033D12CA 
 286      EE
 287 057f B6EA2675 		.ascii	"\266\352&u\367\205\354\256\027\3656q\340N\232\263Z\274"
 287      F785ECAE 
 287      17F53671 
 287      E04E9AB3 
 287      5ABC
 288 0591 328F0F52 		.ascii	"2\217\017R\361/\230\370A*\276}d\373G71\364d\032W\344"
 288      F12F98F8 
 288      412ABE7D 
 288      64FB4737 
 288      31F4641A 
 289 05a7 0FF1D00F 		.ascii	"\017\361\320\017\321\320\267\215<hu\026\301\305V`\013"
 289      D1D0B78D 
 289      3C687516 
 289      C1C55660 
 289      0B
 290 05b8 075B28F8 		.ascii	"\007[(\370~s}\232\001\307\323\330\242#E{\213]\361.\306"
 290      7E737D9A 
 290      01C7D3D8 
 290      A223457B 
 290      8B5DF12E 
 291 05cd 6CA9BA94 		.ascii	"l\251\272\224i\247\203U\333K\032Th9\225\333s\324E|\377"
 291      69A78355 
 291      DB4B1A54 
 291      683995DB 
 291      73D4457C 
 292 05e2 D458D9FD 		.ascii	"\324X\331\375\332\352\375\363fWA\203\033_\246\334*\304"
 292      DAEAFDF3 
 292      66574183 
 292      1B5FA6DC 
 292      2AC4
 293 05f4 8587DA12 		.ascii	"\205\207\332\022\245\354HiA\215\226\000\321\260<\347"
 293      A5EC4869 
 293      418D9600 
 293      D1B03CE7 
 294 0604 A1574847 		.ascii	"\241WHG8\353\227\355\033\372:\352?\374`\012\356\232"
 294      38EB97ED 
 294      1BFA3AEA 
 294      3FFC600A 
 294      EE9A
 295 0616 CC9CAAB7 		.ascii	"\314\234\252\267mStZ6]\023\265\344\015Y\\\360\301u\322"
 295      6D53745A 
 295      365D13B5 
 295      E40D595C 
 295      F0C175D2 
ARM GAS  C:\Users\CYIRKO~1\AppData\Local\Temp\cc2s3V52.s 			page 23


 296 062a 05CD7B6A 		.ascii	"\005\315{j\340;\304-\2745p\347\250\201[x\277\320=\225"
 296      E03BC42D 
 296      BC3570E7 
 296      A8815B78 
 296      BFD03D95 
 297 063e 2E29920E 		.ascii	".)\222\016\"\202C#\343\366\275\005\373F\324\366\215"
 297      22824323 
 297      E3F6BD05 
 297      FB46D4F6 
 297      8D
 298 064f 52FBBADE 		.ascii	"R\373\272\336\027\235\341\363\243\035q\371X\366M\227"
 298      179DE1F3 
 298      A31D71F9 
 298      58F64D97 
 299 065f 498B604C 		.ascii	"I\213`L.\202\017\254\346_&\304\274\341/O{2%wgnsf5\377"
 299      2E820FAC 
 299      E65F26C4 
 299      BCE12F4F 
 299      7B322577 
 300 0679 15B08F6E 		.ascii	"\025\260\217n\027V\273\250kD\322z\240\217TX\244\326"
 300      1756BBA8 
 300      6B44D27A 
 300      A08F5458 
 300      A4D6
 301 068b 5D164919 		.ascii	"]\026I\031\350q\255\253\250\312\025?g\321Joz\226&\373"
 301      E871ADAB 
 301      A8CA153F 
 301      67D14A6F 
 301      7A9626FB 
 302 069f F6609F57 		.ascii	"\366`\237W^\324u\026}V\014\233\264\343/\034\270\265"
 302      5ED47516 
 302      7D560C9B 
 302      B4E32F1C 
 302      B8B5
 303 06b1 F62C4A4B 		.ascii	"\366,JK<k\337\327\263\313\005G\331Qa\327\317\3474\350"
 303      3C6BDFD7 
 303      B3CB0547 
 303      D95161D7 
 303      CFE734E8 
 304 06c5 B9B0FA2C 		.ascii	"\271\260\372,\314VL\373\331\212)Z\021\025\255\026\025"
 304      CC564CFB 
 304      D98A295A 
 304      1115AD16 
 304      15
 305 06d6 43453DE8 		.ascii	"CE=\350\256\012\304\333\355&Ib\367\236\335\305NJ\231"
 305      AE0AC4DB 
 305      ED264962 
 305      F79EDDC5 
 305      4E4A99
 306 06e9 6CCB6F1D 		.ascii	"l\313o\035/\023\222\206XY<\332\254\325\021\316ZC\034"
 306      2F139286 
 306      58593CDA 
 306      ACD511CE 
 306      5A431C
 307 06fc D550BDAD 		.ascii	"\325P\275\255%\231\277\366\362\364\300\337||)\201\277"
 307      2599BFF6 
 307      F2F4C0DF 
ARM GAS  C:\Users\CYIRKO~1\AppData\Local\Temp\cc2s3V52.s 			page 24


 307      7C7C2981 
 307      BF
 308 070d 2FB309DF 		.ascii	"/\263\011\337\022\377\334\007g1\013>=P\023\265<Gsi\212"
 308      12FFDC07 
 308      67310B3E 
 308      3D5013B5 
 308      3C477369 
 309 0722 BA6E1597 		.ascii	"\272n\025\227\272\361$DI3t\264\322\024\364V\232\004"
 309      BAF12444 
 309      493374B4 
 309      D214F456 
 309      9A04
 310 0734 DA87A03B 		.ascii	"\332\207\240;3;\357\273\340\\\246'\256p\333%:\377E\375"
 310      333BEFBB 
 310      E05CA627 
 310      AE70DB25 
 310      3AFF45FD 
 311 0748 AA6509F4 		.ascii	"\252e\011\364\210.ji\345s`\032\261:&\267\275\032\341"
 311      882E6A69 
 311      E573601A 
 311      B13A26B7 
 311      BD1AE1
 312 075b A34CDC9B 		.ascii	"\243L\334\233\330\326f\214K\031\223?T\032\305\375K\""
 312      D8D6668C 
 312      4B19933F 
 312      541AC5FD 
 312      4B22
 313 076d C8C11D29 		.ascii	"\310\301\035)\011n\370\014{\230\231\365\376w\370\"\273"
 313      096EF80C 
 313      7B9899F5 
 313      FE77F822 
 313      BB
 314 077e 3FD25270 		.ascii	"?\322Rp\322\300\200#d\201V\\\021=\300\027h\225\210|"
 314      D2C08023 
 314      6481565C 
 314      113DC017 
 314      6895887C 
 315 0792 B9E475FF 		.ascii	"\271\344u\377\006\3270\354\265\203gF\271z\"s`g\\\337"
 315      06D730EC 
 315      B5836746 
 315      B97A2273 
 315      60675CDF 
 316 07a6 E4B59C21 		.ascii	"\344\265\234!\307)]Km\277\266\363I\256\253R\255,P\251"
 316      C7295D4B 
 316      6DBFB6F3 
 316      49AEAB52 
 316      AD2C50A9 
 317 07ba 50ADEC25 		.ascii	"P\255\354%\270\207\006*C\016\324\343\234+\026;\246j"
 317      B887062A 
 317      430ED4E3 
 317      9C2B163B 
 317      A66A
 318 07cc 9098157B 		.ascii	"\220\230\025{"
 319 07d0 67D767B8 		.ascii	"g\327g\270\236\231\261\367^V\234\03672f4=\251\0221`"
 319      9E99B1F7 
 319      5E569C1E 
 319      37326634 
ARM GAS  C:\Users\CYIRKO~1\AppData\Local\Temp\cc2s3V52.s 			page 25


 319      3DA91231 
 320 07e5 2F016654 		.ascii	"/\001fT\245\257\303\235\354Y\367p\327c\204{\031s\277"
 320      A5AFC39D 
 320      EC59F770 
 320      D763847B 
 320      1973BF
 321 07f8 AFB58D8F 		.ascii	"\257\265\215\217\245v\002\354\275{\250G\217\00792\345"
 321      A57602EC 
 321      BD7BA847 
 321      8F073932 
 321      E5
 322 0809 EC39073C 		.ascii	"\3549\007<\302\230\206\344\033\251:\206|H\220c\005\207"
 322      C29886E4 
 322      1BA93A86 
 322      7C489063 
 322      0587
 323 081b C60C788C 		.ascii	"\306\014x\214=\354K\277\233\355\212c\355)\223\363\372"
 323      3DEC4BBF 
 323      9BED8A63 
 323      ED2993F3 
 323      FA
 324 082c F8093EB8 		.ascii	"\370\011>\270o\023\344\307\2527\017]\3606\366\260\347"
 324      6F13E4C7 
 324      AA370F5D 
 324      F036F6B0 
 324      E7
 325 083d 5E41941D 		.ascii	"^A\224\035Nc\314\311\303\245G8\262\206 \263FG\243u8"
 325      4E63CCC9 
 325      C3A54738 
 325      B28620B3 
 325      4647A375 
 326 0852 9B3D1C48 		.ascii	"\233=\034H\037\274\347\206\2170&{l\307\001'\271*\342"
 326      1FBCE786 
 326      8F30267B 
 326      6CC70127 
 326      B92AE2
 327 0865 7E4D5554 		.ascii	"~MUTw\344d\360\024V\022\331\257+*Aq1\023\227\036[\265"
 327      77E464F0 
 327      145612D9 
 327      AF2B2A41 
 327      71311397 
 328 087c D90E9731 		.ascii	"\331\016\2271&u\340\355\357\030P\"\300\355Q\255?3\366"
 328      2675E0ED 
 328      EF185022 
 328      C0ED51AD 
 328      3F33F6
 329 088f 0FE49593 		.ascii	"\017\344\225\223\226\233d\3072\337N\336\260\227\206"
 329      969B64C7 
 329      32DF4EDE 
 329      B09786
 330 089e 33879C71 		.ascii	"3\207\234q\005\353\371\2419rL\313\260\256d=\270\251"
 330      05EBF9A1 
 330      39724CCB 
 330      B0AE643D 
 330      B8A9
 331 08b0 75DBE4A9 		.ascii	"u\333\344\251/\227S_\306R\177\353PR\224N\235\372\023"
 331      2F97535F 
ARM GAS  C:\Users\CYIRKO~1\AppData\Local\Temp\cc2s3V52.s 			page 26


 331      C6527FEB 
 331      5052944E 
 331      9DFA13
 332 08c3 90FA522D 		.ascii	"\220\372R-\201\237\242\251/\227S_z1!\312\015W3\275\205"
 332      819FA2A9 
 332      2F97535F 
 332      7A3121CA 
 332      0D5733BD 
 333 08d8 75579B79 		.ascii	"uW\233y\326\342H9\026U\014\304s__\222\217\344\204\253"
 333      D6E24839 
 333      16550CC4 
 333      735F5F92 
 333      8FE484AB 
 334 08ec 5DC7DC98 		.ascii	"]\307\334\230\321\331\177OV\340\275\305\2331\276\316"
 334      D1D97F4F 
 334      56E0BDC5 
 334      9B31BECE 
 335 08fc 3A17C436 		.ascii	":\027\3046f90p3\341\237\236\272p\337aR\253/\310V\237"
 335      66393070 
 335      33E19F9E 
 335      BA70DF61 
 335      52AB2FC8 
 336 0912 675667DC 		.ascii	"gVg\334\273\034c\257\266\272\002\254>K\255\256\244V"
 336      BB1C63AF 
 336      B6BA02AC 
 336      3E4BADAE 
 336      A456
 337 0924 5F90ADEE 		.ascii	"_\220\255\356{\365\344\243\003n`\212\313\272\257U;\362"
 337      7BF5E4A3 
 337      036E608A 
 337      CBBAAF55 
 337      3BF2
 338 0936 4013AB33 		.ascii	"@\023\2533O\354\372O\374\210{4\264\343\020\302\235\214"
 338      4FECFA4F 
 338      FC887B34 
 338      B4E310C2 
 338      9D8C
 339 0948 89EBD87C 		.ascii	"\211\353\330|\227\003G\350\336\300\226\035u\256\370"
 339      970347E8 
 339      DEC0961D 
 339      75AEF8
 340 0957 297B58BD 		.ascii	"){X\275{O\212\001\0170\346\343\323\306\034\356\370 "
 340      7B4F8A01 
 340      0F30E6E3 
 340      D3C61CEE 
 340      F820
 341 0969 E13B5A7A 		.ascii	"\341;Zz\022\\\3610{\270\351l\343\016\276s\320N\027\345"
 341      125CF130 
 341      7BB8E96C 
 341      E30EBE73 
 341      D04E17E5 
 342 097d A359E51C 		.ascii	"\243Y\345\034<\215$\257-)\311\236\007\211\230\323\221"
 342      3C8D24AF 
 342      2D29C99E 
 342      078998D3 
 342      91
 343 098e B02715E1 		.ascii	"\260'\025\341\017\254\357\350\226s\351v\223\006\345"
ARM GAS  C:\Users\CYIRKO~1\AppData\Local\Temp\cc2s3V52.s 			page 27


 343      0FACEFE8 
 343      9673E976 
 343      9306E5
 344 099d A61C944B 		.ascii	"\246\034\224K\254\326\336F\227\267#uPn@P\256\323\240"
 344      ACD6DE46 
 344      97B72375 
 344      506E4050 
 344      AED3A0
 345 09b0 DCA241B9 		.ascii	"\334\242A\271)\007%\276\241\271\304\012}T\373\011\364"
 345      290725BE 
 345      A1B9C40A 
 345      7D54FB09 
 345      F4
 346 09c1 DDEEFDD1 		.ascii	"\335\356\375\321|z\271-Fq\032\217\342\360\366\244V\204"
 346      7C7AB92D 
 346      46711A8F 
 346      E2F0F6A4 
 346      5684
 347 09d3 631C58E4 		.ascii	"c\034X\344\322-\267\335&5\373\236lv\0173\273q\344J\223"
 347      D22DB7DD 
 347      2635FB9E 
 347      6C760F33 
 347      BB71E44A 
 348 09e8 5E6D763D 		.ascii	"^mv=\030\302\026\273\015\324\220{\262!\255\245\351\335"
 348      18C216BB 
 348      0DD4907B 
 348      B221ADA5 
 348      E9DD
 349 09fa F66AB327 		.ascii	"\366j\263'Eo\271r\262\232\227h\015\375V:QrD\217\023"
 349      456FB972 
 349      B29A9768 
 349      0DFD563A 
 349      5172448F 
 350 0a0f 9999397B 		.ascii	"\231\2319{\362\216;\340]\214)\177^P\356\302\007\252"
 350      F28E3BE0 
 350      5D8C297F 
 350      5E50EEC2 
 350      07AA
 351 0a21 C84FE37C 		.ascii	"\310O\343|\325\366\234\0058\203aS\316\245\234\2340]"
 351      D5F69C05 
 351      38836153 
 351      CEA59C9C 
 351      305D
 352 0a33 3E021BD8 		.ascii	">\002\033\330'F\213VY\000\222\317\256W\303g\034\325"
 352      27468B56 
 352      590092CF 
 352      AE57C367 
 352      1CD5
 353 0a45 164F8A96 		.ascii	"\026O\212\226\327\021\356l\035\221\366v\177\237\013"
 353      D711EE6C 
 353      1D91F676 
 353      7F9F0B
 354 0a54 DECFF40E 		.ascii	"\336\317\364\016<\037=\346\212\0173\346lyE5\177kz\221"
 354      3C1F3DE6 
 354      8A0F33E6 
 354      6C794535 
 354      7F6B7A91 
ARM GAS  C:\Users\CYIRKO~1\AppData\Local\Temp\cc2s3V52.s 			page 28


 355 0a68 F15478F1 		.ascii	"\361Tx\361\246\023.`\317F\223\366\225\032\360q\306\354"
 355      A6132E60 
 355      CF4693F6 
 355      951AF071 
 355      C6EC
 356 0a7a 196E79CA 		.ascii	"\031ny\312\013\316\2238\222\263w\247\001\227\261g\037"
 356      0BCE9338 
 356      92B377A7 
 356      0197B167 
 356      1F
 357 0a8b 93E2D2ED 		.ascii	"\223\342\322\355\361Y\306$\337L\316q\302\225\214y\337"
 357      F159C624 
 357      DF4CCE71 
 357      C2958C79 
 357      DF
 358 0a9c 9BDCC8E7 		.ascii	"\233\334\310\347ng\241\212\247\361*\256\314M\376\007"
 358      6E67A18A 
 358      A7F12AAE 
 358      CC4DFE07 
 359 0aac 5CCDA00F 		.ascii	"\\\315\240\017\032\243Os\250\023Y}_o\373\363\244\311"
 359      1AA34F73 
 359      A813597D 
 359      5F6FFBF3 
 359      A4C9
 360 0abe 1F9093DF 		.ascii	"\037\220\223\337\317\006\362\261\230\256|2\015x8\302"
 360      CF06F2B1 
 360      98AE7C32 
 360      0D7838C2 
 361 0ace CA2855D9 		.ascii	"\312(U\331\256\360`\333\025'*\207\213t\370:\325\243"
 361      AEF060DB 
 361      15272A87 
 361      8B74F83A 
 361      D5A3
 362 0ae0 2D3BD195 		.ascii	"-;\321\225\341(lH\314\211\331L\366\000,\020\316Ae\031"
 362      E1286C48 
 362      CC89D94C 
 362      F6002C10 
 362      CE416519 
 363 0af4 E331BE21 		.ascii	"\3431\276!a\375\3050\244\365$R\351\004\375\002\242\377"
 363      61FDC530 
 363      A4F52452 
 363      E904FD02 
 363      A2FF
 364 0b06 9C1990BF 		.ascii	"\234\031\220\277/\357\262\013n`\032\322S.\236pU4\274"
 364      2FEFB20B 
 364      6E601AD2 
 364      532E9E70 
 364      5534BC
 365 0b19 98594A77 		.ascii	"\230YJw\031^\201\206aE\203E;\211\212\227\266U\324\326"
 365      195E8186 
 365      61458345 
 365      3B898A97 
 365      B655D4D6 
 366 0b2d DCD8AA13 		.ascii	"\334\330\252\023\327\202D^\037<\177JG\332kZ\000\003"
 366      D782445E 
 366      1F3C7F4A 
 366      47DA6B5A 
ARM GAS  C:\Users\CYIRKO~1\AppData\Local\Temp\cc2s3V52.s 			page 29


 366      0003
 367 0b3f 72C96617 		.ascii	"r\311f\027\246\367\333\263w\314\257\222\236\223\036"
 367      A6F7DBB3 
 367      77CCAF92 
 367      9E931E
 368 0b4e F54E2F4A 		.ascii	"\365N/J\177\363)\351\347\352\233\027\340\026\226\267"
 368      7FF329E9 
 368      E7EA9B17 
 368      E01696B7 
 369 0b5e 57379B3B 		.ascii	"W7\233;\020\356`L\364\365k\271\366\370\011c\372\363"
 369      10EE604C 
 369      F4F56BB9 
 369      F6F80963 
 369      FAF3
 370 0b70 EB6AECF0 		.ascii	"\353j\354\3603\306tu\277;\205\361 c\016\367\037\330"
 370      33C67475 
 370      BF3B85F1 
 370      20630EF7 
 370      1FD8
 371 0b82 6AC0AF18 		.ascii	"j\300\257\030s\265\350Z*\237\332\012\311\242c\264\371"
 371      73B5E85A 
 371      2A9FDA0A 
 371      C9A263B4 
 371      F9
 372 0b93 C20BBE06 		.ascii	"\302\013\276\006n\377g\2620\270q\241\316\031\277\247"
 372      6EFF67B2 
 372      30B871A1 
 372      CE19BFA7 
 373 0ba3 E02F0EA7 		.ascii	"\340/\016\247\026\236\262\347\273\015\237>\246\362-"
 373      169EB2E7 
 373      BB0D9F3E 
 373      A6F22D
 374 0bb2 09993F20 		.ascii	"\011\231? EGA6\362\364\027\216\347]\213\224\016NG\333"
 374      45474136 
 374      F2F4178E 
 374      E75D8B94 
 374      0E4E47DB 
 375 0bc6 C1C52C48 		.ascii	"\301\305,H\310a,|\355fj\305\357\373d\350b\211\303\354"
 375      C8612C7C 
 375      ED666AC5 
 375      EFFB64E8 
 375      6289C3EC 
 376 0bda EB988CB8 		.ascii	"\353\230\214\270\207j\374\003+<I\370\273\004\216\207"
 376      876AFC03 
 376      2B3C49F8 
 376      BB048E87 
 377 0bea 9521CA57 		.ascii	"\225!\312W\343\363&\310oJ\020\344\027\253\361\307\254"
 377      E3F326C8 
 377      6F4A10E4 
 377      17ABF1C7 
 377      AC
 378 0bfb F0C48577 		.ascii	"\360\304\205w?381\377\203\032>W\215\356\213\307\012"
 378      3F333831 
 378      FF831A3E 
 378      578DEE8B 
 378      C70A
 379 0c0d FC921A5E 		.ascii	"\374\222\032^5Az\337/\012\274W\015oDjx\323\026A|\216"
ARM GAS  C:\Users\CYIRKO~1\AppData\Local\Temp\cc2s3V52.s 			page 30


 379      35417ADF 
 379      2F0ABC57 
 379      0D6F446A 
 379      78D31641 
 380 0c23 1A7F6082 		.ascii	"\032\177`\202\370\2528\001\337\245\306wj\205\215\011"
 380      F8AA3801 
 380      DFA5C677 
 380      6A858D09 
 381 0c33 6A8D283E 		.ascii	"j\215(>[\015\3377A|\255\210?\254\306\037\232h\216\210"
 381      5B0DDF37 
 381      417CAD88 
 381      3FACC61F 
 381      9A688E88 
 382 0c47 CFB58D17 		.ascii	"\317\265\215\027\315I\024\340\333\324\360\0045\374\235"
 382      CD4914E0 
 382      DBD4F004 
 382      35FC9D
 383 0c56 088FC42A 		.ascii	"\010\217\304*x\274\032n\021B\337\243\026\376D\215\256"
 383      78BC1A6E 
 383      1142DFA3 
 383      16FE448D 
 383      AE
 384 0c67 12D0A36A 		.ascii	"\022\320\243j\264\325\006\030-\342\237\225\032\033\263"
 384      B4D50618 
 384      2DE29F95 
 384      1A1BB3
 385 0c76 5934DE4A 		.ascii	"Y4\336J\005\327&\340H\212\206u\033:\311\321\362j\016"
 385      05D726E0 
 385      488A8675 
 385      1B3AC9D1 
 385      F26A0E
 386 0c89 954C8862 		.ascii	"\225L\210b\275\230\324\016\265\3646\255\312\226>q@5"
 386      BD98D40E 
 386      B5F436AD 
 386      CA963E71 
 386      4035
 387 0c9b DA1E5082 		.ascii	"\332\036P\2025}\342x*T\303\013&\214\277\332x\001\177"
 387      357DE278 
 387      2A54C30B 
 387      268CBFDA 
 387      78017F
 388 0cae 4D8DAF99 		.ascii	"M\215\257\231`}\247\230\245\035j|\322Do\205\300\277"
 388      607DA798 
 388      A51D6A7C 
 388      D2446F85 
 388      C0BF
 389 0cc0 53C3ADB6 		.ascii	"S\303\255\266\326hR\305\361wQ\015?\243v\266*\221\207"
 389      D66852C5 
 389      F177510D 
 389      3FA376B6 
 389      2A9187
 390 0cd3 1EBE9650 		.ascii	"\036\276\226P\032\207\313\337Ph\267U\021\000\260\363"
 390      1A87CBDF 
 390      5068B755 
 390      1100B0F3 
 391 0ce3 17384562 		.ascii	"\0278Eb4\002\350g\034-\317\332\342\336#\367T\254\366"
 391      3402E867 
ARM GAS  C:\Users\CYIRKO~1\AppData\Local\Temp\cc2s3V52.s 			page 31


 391      1C2DCFDA 
 391      E2DE23F7 
 391      54ACF6
 392 0cf6 FDB64793 		.ascii	"\375\266G\223X\276\202\243\335\266\353\321*.b\034\223"
 392      58BE82A3 
 392      DDB6EBD1 
 392      2A2E621C 
 392      93
 393 0d07 D5F85D13 		.ascii	"\325\370]\023\307\252 \376\275\355\002\266\202\213E"
 393      C7AA20FE 
 393      BDED02B6 
 393      828B45
 394 0d16 F6D8F6CC 		.ascii	"\366\330\366\314!N\253\235\342\264Zd\273l\204\242\254"
 394      214EAB9D 
 394      E2B45A64 
 394      BB6C84A2 
 394      AC
 395 0d27 8F17E057 		.ascii	"\217\027\340W\325\360+\023\340\242\364\343\266'm!\224"
 395      D5F02B13 
 395      E0A2F4E3 
 395      B6276D21 
 395      94
 396 0d38 4D82AF6F 		.ascii	"M\202\257om\327\014\263]\334\007\226\260\007\372H%\021"
 396      6DD70CB3 
 396      5DDC0796 
 396      B007FA48 
 396      2511
 397 0d4a 38D9042E 		.ascii	"8\331\004.\302\236h'\236\205b\201v\000e\003\245\003"
 397      C29E6827 
 397      9E856281 
 397      76006503 
 397      A503
 398 0d5c 1D02CA04 		.ascii	"\035\002\312\004\212\003J\002\332\013\224\000\264\037"
 398      8A034A02 
 398      DA0B9400 
 398      B41F
 399 0d6a 2819A818 		.ascii	"(\031\250\030\250\004(\005(\012(\027\350\004P*P\016"
 399      A8042805 
 399      280A2817 
 399      E804502A 
 399      500E
 400 0d7c D031A023 		.ascii	"\3201\240#@\233\2012\200\216\003\025\000\355\002:\010"
 400      409B8132 
 400      808E0315 
 400      00ED023A 
 400      08
 401 0d8d 14037400 		.ascii	"\024\003t\000h7P>P4\320V\240D\240\223@\361@Y@[\200J"
 401      6837503E 
 401      5034D056 
 401      A044A093 
 401      40F14059 
 402 0da5 813601ED 		.ascii	"\2016\001\355\001*\004\332\007t\024(\015h\033P\036\320"
 402      012A04DA 
 402      07741428 
 402      0D681B50 
 402      1ED0
 403 0db7 762C6F56 		.ascii	"v,oV'C\375\276\213\3435\177\037\252\370.\217\216\274"
ARM GAS  C:\Users\CYIRKO~1\AppData\Local\Temp\cc2s3V52.s 			page 32


 403      2743FDBE 
 403      8BE3357F 
 403      1FAAF82E 
 403      8F8EBC
 404 0dca 184777D4 		.ascii	"\030Gw\324C\304\222(\214\357-\266'a\261p,\011B\341\034"
 404      43C49228 
 404      8CEF2DB6 
 404      2761B170 
 404      2C0942E1 
 405 0ddf B1FD3E16 		.ascii	"\261\375>\0262\333)\026\302e\333/Lq\032\026\245\237"
 405      32DB2916 
 405      C265DB2F 
 405      4C711A16 
 405      A59F
 406 0df1 56C34BD4 		.ascii	"V\303K\324\360Zq\220\244\330\036$\302\277\005\335c\356"
 406      F05A7190 
 406      A4D81E24 
 406      C2BF05DD 
 406      63EE
 407 0e03 F4DF0240 		.ascii	"\364\337\002@\211\377\0260Y\255\211\370H\211$\305\333"
 407      89FF1630 
 407      59AD89F8 
 407      488924C5 
 407      DB
 408 0e14 51613B6D 		.ascii	"Qa;m\317\\\202gM\242g\325\266K\334\352\335.\216\270"
 408      CF5C8267 
 408      4DA267D5 
 408      B64BDCEA 
 408      DD2E8EB8 
 409 0e28 76DBD3BA 		.ascii	"v\333\323\272\325\302'\236\347\021>\234\3219\216\227"
 409      D5C2279E 
 409      E7113E9C 
 409      D1398E97 
 410 0e38 3FA7F954 		.ascii	"?\247\371T7>B\311\344%\347\275\025\360\315\034/\177"
 410      373E42C9 
 410      E425E7BD 
 410      15F0CD1C 
 410      2F7F
 411 0e4a D2A0A609 		.ascii	"\322\240\246\011\257Gq\366\332k{\335\346\255H\257\222"
 411      AF4771F6 
 411      DA6B7BDD 
 411      E6AD48AF 
 411      92
 412 0e5b ADB90DD2 		.ascii	"\255\271\015\322\3538\\\3762E\265j\351\365\242\364\203"
 412      EB385CFE 
 412      3245B56A 
 412      E9F5A2F4 
 412      83
 413 0e6c B6173214 		.ascii	"\266\0272\024N\266\026\333Rn\352\360%\003]\355\337\351"
 413      4EB616DB 
 413      526EEAF0 
 413      25035DED 
 413      DFE9
 414 0e7e 78BD5B8F 		.ascii	"x\275[\217\246z\332\032\271\350\024\014\330\377\257"
 414      A67ADA1A 
 414      B9E8140C 
 414      D8FFAF
ARM GAS  C:\Users\CYIRKO~1\AppData\Local\Temp\cc2s3V52.s 			page 33


 415 0e8d 83975568 		.ascii	"\203\227Uh\365V\034E*\264\034\274,\303\343_7\244`i\254"
 415      F5561C45 
 415      2AB41CBC 
 415      2CC3E35F 
 415      37A46069 
 416 0ea2 EEDD6BDC 		.ascii	"\356\335k\334\252\027\377\207(\027\342\252A\2471\373"
 416      AA17FF87 
 416      2817E2AA 
 416      41A731FB 
 417 0eb2 1F02AEA9 		.ascii	"\037\002\256\2516\376\264(\262\372\323\342\014\007\237"
 417      36FEB428 
 417      B2FAD3E2 
 417      0C079F
 418 0ec1 A1E04BAF 		.ascii	"\241\340K\257\357\027\331\343\033\006\366\307fr\376"
 418      EF17D9E3 
 418      1B06F6C7 
 418      6672FE
 419 0ed0 987E7CAB 		.ascii	"\230~|\253{\326>\353\255\356\263\212apk\275{\\\201\311"
 419      7BD63EEB 
 419      ADEEB38A 
 419      61706BBD 
 419      7B5C81C9 
 420 0ee4 EEF1E137 		.ascii	"\356\361\3417#[\\q\033\023\026\363\301\322\356*ougX"
 420      235B5C71 
 420      1B1316F3 
 420      C1D2EE2A 
 420      6F756758 
 421 0ef8 6F759F53 		.ascii	"ou\237SD\235S\213:\217gj~k\332\020\032\026a\012\012"
 421      449D538B 
 421      3A8F676A 
 421      7E6BDA10 
 421      1A16610A 
 422 0f0d FBC164DE 		.ascii	"\373\301d\336\020\264>t\355F\363\234\015k\302\"\346"
 422      10B43E74 
 422      ED46F39C 
 422      0D6BC222 
 422      E6
 423 0f1e 7839FCEB 		.ascii	"x9\374\353\277\255\234a\364\366\326|\263\370\353\325"
 423      BFAD9C61 
 423      F4F6D67C 
 423      B3F8EBD5 
 424 0f2e C67541DF 		.ascii	"\306uA\337\005\371Gl\014\014\012]\035@\356C\303\275"
 424      05F9476C 
 424      0C0C0A5D 
 424      1D40EE43 
 424      C3BD
 425 0f40 E77F3937 		.ascii	"\347\177974|n@hpph\310\\\"%|\256\217\3372\343\262\037"
 425      347C6E40 
 425      68707068 
 425      C85C2225 
 425      7CAE8FDF 
 426 0f58 E706AC0B 		.ascii	"\347\006\254\013\010\0153\233\376k~\360\234\000\315"
 426      080D339B 
 426      FE6B7EF0 
 426      9C00CD
 427 0f67 DF310DE1 		.ascii	"\3371\015\341\177\015\212\010Xg\372>,4\330\024\024\036"
 427      7F0D8A08 
ARM GAS  C:\Users\CYIRKO~1\AppData\Local\Temp\cc2s3V52.s 			page 34


 427      5867FA3E 
 427      2C34D814 
 427      141E
 428 0f79 F6BF12BA 		.ascii	"\366\277\022\272N3\225\0115\377\030\0241.\322\311\177"
 428      4E339509 
 428      35FF1814 
 428      312ED2C9 
 428      7F
 429 0f8a 95D1B474 		.ascii	"\225\321\264tMH\340zs\230\373D\267~\033\260\316?`\235"
 429      4D48E07A 
 429      7398FB44 
 429      B77E1BB0 
 429      CE3F609D 
 430 0f9e 6FF8     		.ascii	"o\370"
 431 0fa0 F230B339 		.ascii	"\3620\2639xCDPh\210\237\371\207\215Aa\346@\275iah\350"
 431      78434450 
 431      68889FF9 
 431      878D4161 
 431      E640BD69 
 432 0fb7 7AEF4F5A 		.ascii	"z\357OZ\024\02617($`\375\306@3\030\022\036\260.\020"
 432      14163137 
 432      282460FD 
 432      C6403318 
 432      121EB02E 
 433 0fcc 8C703499 		.ascii	"\214p4\2316\006\205D\314\373\334\024\361\275\371k\326"
 433      36068544 
 433      CCFBDC14 
 433      F1BDF96B 
 433      D6
 434 0fdd 219C758E 		.ascii	"!\234u\216\000\201\341\253\327\206l\234A\357f\254\011"
 434      0081E1AB 
 434      D7866C9C 
 434      41EF66AC 
 434      09
 435 0fee 0B9E610E 		.ascii	"\013\236a\016\376\316\034\030h\016\\\375\345\234y3>"
 435      FECE1C18 
 435      680E5CFD 
 435      E59C7933 
 435      3E
 436 0fff F7       		.ascii	"\367"
 437 1000 F29EFF83 		.ascii	"\362\236\377\203\367jh\377}Hh\210\371\367\3465\337\005"
 437      F76A68FF 
 437      7D486888 
 437      F9F7E635 
 437      DF05
 438 1012 ADE61A56 		.ascii	"\255\346\032V\007\257\001Y!\346\325\246@\363\367k6\256"
 438      07AF0159 
 438      21E6D5A6 
 438      40F3F76B 
 438      36AE
 439 1024 8F3045FC 		.ascii	"\2170E\374\264\301\034\016\032\035d}\377\376\177\252"
 439      B4C11C0E 
 439      1A1D647D 
 439      FFFE7FAA 
 440 1034 2FFCA7F0 		.ascii	"/\374\247\360\325\246\360\210@\020\016Jt?n\010\017s"
 440      D5A6F088 
 440      40100E4A 
ARM GAS  C:\Users\CYIRKO~1\AppData\Local\Temp\cc2s3V52.s 			page 35


 440      743F6E08 
 440      0F73
 441 1046 0833AF05 		.ascii	"\0103\257\005\260)\342\353\2771Q H\273!\300n}\230)b"
 441      B029E2EB 
 441      BF315120 
 441      48BB21C0 
 441      6E7D9829 
 442 105b 5D200EF3 		.ascii	"] \016\363\376\\\0336O\033\006gom\230\227\023\317^D"
 442      FE5C1B36 
 442      4F1B0667 
 442      6F6D9897 
 442      13CF5E44 
 443 106f 40C48FBA 		.ascii	"@\304\217\272\200uk\302\014&\323Zs\204i\271\377r\227"
 443      80756BC2 
 443      0C26D35A 
 443      738469B9 
 443      FF7297
 444 1082 35EBFFBA 		.ascii	"5\353\377\272\346\247pSP\310z\010\301\302_\243\035\344"
 444      E6A77053 
 444      50C87A08 
 444      C1C25FA3 
 444      1DE4
 445 1094 CC352EF3 		.ascii	"\3145.\363\367\365WR\024\034\036\024nZ\033\020\000V"
 445      F7F55752 
 445      141C1E14 
 445      6E5A1B10 
 445      0056
 446 10a6 80E87026 		.ascii	"\200\350p&z\032\325\2721d}h\300_\224\252\021\032]\030"
 446      7A1AD5BA 
 446      31647D68 
 446      C05F94AA 
 446      111A5D18 
 447 10ba 74A18FFF 		.ascii	"t\241\217\377\342\345~\276\006\277\305\376\213\375V"
 447      E2E57EBE 
 447      06BFC5FE 
 447      8BFD56
 448 10c9 2D5EF495 		.ascii	"-^\364\225\235\317\322\205\376F?\235\321\307\350G\356"
 448      9DCFD285 
 448      FE463F9D 
 448      D1C7E847 
 448      EE
 449 10da 97C365D1 		.ascii	"\227\303e\321\012\3432\270\370\322\3138t\276\335\"\243"
 449      0AE332B8 
 449      F8D2CB38 
 449      74BEDD22 
 449      A3
 450 10eb D1D7FF4F 		.ascii	"\321\327\377O\016\344\262l\225\217Q\0177\376\177\262"
 450      0EE4B26C 
 450      958F510F 
 450      37FE7FB2 
 451 10fb 8733E1F8 		.ascii	"\2073\341\370u%\264\372\322V\212\261\367\245\327\225"
 451      7525B4FA 
 451      D2568AB1 
 451      F7A5D795 
 452 110b E352BE24 		.ascii	"\343R\276$->\337~\253\264\374\213~\331\252%~\237\323"
 452      2D3EDF7E 
 452      ABB4FC8B 
ARM GAS  C:\Users\CYIRKO~1\AppData\Local\Temp\cc2s3V52.s 			page 36


 452      7ED9AA25 
 452      7E9FD3
 453 111e B3373D7B 		.ascii	"\2637={\215?\373B\347\277\302W1a\236\336\270\234\330"
 453      8D3FFB42 
 453      E7BFC257 
 453      31619EDE 
 453      B89CD8
 454 1131 69F4F75F 		.ascii	"i\364\367_\374-\\\214\376\276\213\374\260q\205\237\336"
 454      FC2D5C8C 
 454      FEBE8BFC 
 454      B071859F 
 454      DE
 455 1142 F82DDC8D 		.ascii	"\370-\334\215\343\274\354}\027\231|\375}\300\207E\246"
 455      E3BCEC7D 
 455      17997CFD 
 455      7DC08745 
 455      A6
 456 1153 654BE8C5 		.ascii	"eK\350\305\207]\026\261\313\362%~:\237%\376~\272\205"
 456      875D16B1 
 456      CBF2257E 
 456      3A9F25FE 
 456      7EBA85
 457 1166 4B7CFCF4 		.ascii	"K|\374\364\313\226\301Y\267\210\360K\311\311\010'\275"
 457      CB96C159 
 457      B788F04B 
 457      C9C90827 
 457      BD
 458 1177 FF5223DC 		.ascii	"\377R#\334\372/]\356g`\203\341+S\204=\277b\243\321\017"
 458      FA2F5DEE 
 458      676083E1 
 458      2B53843D 
 458      BF62A3D1 
 459 118c 43D8F43E 		.ascii	"C\330\364>\276~\020\274U+\376\350\247\363\0058\330\267"
 459      BE7E10BC 
 459      552BFEE8 
 459      A7F30538 
 459      D8B7
 460 119e D27791DE 		.ascii	"\322w\221\336g!\010\360\371\033\363Kf\202\200\340\371"
 460      672108F0 
 460      F91BF34B 
 460      668280E0 
 460      F9
 461 11af 6448F81B 		.ascii	"dH\370\033\027\232V\300\370p\247\211\264\312\255a\274"
 461      179A56C0 
 461      F870A789 
 461      B4CAAD61 
 461      BC
 462 11c0 E97F0093 		.ascii	"\351\177\000\223\350\215\315"
 462      E88DCD
 463              		.text
 464              		.section	.gnu.lto_.symtab.daa054c4,"",%progbits
 465 0000 5356435F 		.ascii	"SVC_Handler\000"
 465      48616E64 
 465      6C657200 
 466 000c 00       		.ascii	"\000"
 467 000d 00       		.ascii	"\000"
 468 000e 00       		.ascii	"\000"
ARM GAS  C:\Users\CYIRKO~1\AppData\Local\Temp\cc2s3V52.s 			page 37


 469 000f 00000000 		.ascii	"\000\000\000\000\000\000\000\000"
 469      00000000 
 470 0017 B5000000 		.ascii	"\265\000\000\000"
 471 001b 5F706F72 		.ascii	"_port_irq_epilogue\000"
 471      745F6972 
 471      715F6570 
 471      696C6F67 
 471      756500
 472 002e 00       		.ascii	"\000"
 473 002f 00       		.ascii	"\000"
 474 0030 00       		.ascii	"\000"
 475 0031 00000000 		.ascii	"\000\000\000\000\000\000\000\000"
 475      00000000 
 476 0039 B7000000 		.ascii	"\267\000\000\000"
 477 003d 5F706F72 		.ascii	"_port_switch_from_isr\000"
 477      745F7377 
 477      69746368 
 477      5F66726F 
 477      6D5F6973 
 478 0053 00       		.ascii	"\000"
 479 0054 02       		.ascii	"\002"
 480 0055 00       		.ascii	"\000"
 481 0056 00000000 		.ascii	"\000\000\000\000\000\000\000\000"
 481      00000000 
 482 005e B1000000 		.ascii	"\261\000\000\000"
 483 0062 5F706F72 		.ascii	"_port_exit_from_isr\000"
 483      745F6578 
 483      69745F66 
 483      726F6D5F 
 483      69737200 
 484 0076 00       		.ascii	"\000"
 485 0077 02       		.ascii	"\002"
 486 0078 00       		.ascii	"\000"
 487 0079 00000000 		.ascii	"\000\000\000\000\000\000\000\000"
 487      00000000 
 488 0081 B3000000 		.ascii	"\263\000\000\000"
 489 0085 63685363 		.ascii	"chSchIsPreemptionRequired\000"
 489      68497350 
 489      7265656D 
 489      7074696F 
 489      6E526571 
 490 009f 00       		.ascii	"\000"
 491 00a0 02       		.ascii	"\002"
 492 00a1 00       		.ascii	"\000"
 493 00a2 00000000 		.ascii	"\000\000\000\000\000\000\000\000"
 493      00000000 
 494 00aa BF000000 		.ascii	"\277\000\000\000"
 495              		.text
 496              		.section	.gnu.lto_.opts,"",%progbits
 497 0000 272D666D 		.ascii	"'-fmath-errno' '-fsigned-zeros' '-ftrapping-math' '"
 497      6174682D 
 497      6572726E 
 497      6F272027 
 497      2D667369 
 498 0033 2D666E6F 		.ascii	"-fno-trapv' '-fno-openmp' '-fno-openacc' '-mcpu=cor"
 498      2D747261 
 498      70762720 
ARM GAS  C:\Users\CYIRKO~1\AppData\Local\Temp\cc2s3V52.s 			page 38


 498      272D666E 
 498      6F2D6F70 
 499 0066 7465782D 		.ascii	"tex-m7' '-mno-thumb-interwork' '-mthumb' '-ggdb' '-"
 499      6D372720 
 499      272D6D6E 
 499      6F2D7468 
 499      756D622D 
 500 0099 4F322720 		.ascii	"O2' '-fomit-frame-pointer' '-falign-functions=16' '"
 500      272D666F 
 500      6D69742D 
 500      6672616D 
 500      652D706F 
 501 00cc 2D666675 		.ascii	"-ffunction-sections' '-fdata-sections' '-fno-common"
 501      6E637469 
 501      6F6E2D73 
 501      65637469 
 501      6F6E7327 
 502 00ff 2720272D 		.ascii	"' '-flto'\000"
 502      666C746F 
 502      2700
 503              		.text
 504              		.comm	__gnu_lto_v1,1,1
 505              		.comm	__gnu_lto_slim,1,1
 506              		.ident	"GCC: (GNU Tools for ARM Embedded Processors 6-2017-q1-update) 6.3.1 20170215 (release) [AR
ARM GAS  C:\Users\CYIRKO~1\AppData\Local\Temp\cc2s3V52.s 			page 39


DEFINED SYMBOLS
                            *ABS*:00000000 chcore_v7m.c
                            *COM*:00000001 __gnu_lto_v1
                            *COM*:00000001 __gnu_lto_slim

NO UNDEFINED SYMBOLS
