ARM GAS  C:\Users\CYIRKO~1\AppData\Local\Temp\ccT4KLik.s 			page 1


   1              		.cpu cortex-m7
   2              		.eabi_attribute 20, 1
   3              		.eabi_attribute 21, 1
   4              		.eabi_attribute 23, 3
   5              		.eabi_attribute 24, 1
   6              		.eabi_attribute 25, 1
   7              		.eabi_attribute 26, 1
   8              		.eabi_attribute 30, 2
   9              		.eabi_attribute 34, 1
  10              		.eabi_attribute 18, 4
  11              		.file	"chdynamic.c"
  12              		.text
  13              	.Ltext0:
  14              		.section	.gnu.lto_.profile.daa0550f,"",%progbits
  15 0000 789C6365 		.ascii	"x\234ce`b`a```d\3100\000\000\001\200\000\245"
  15      60626061 
  15      60606064 
  15      C8300000 
  15      018000A5 
  16              		.text
  17              		.section	.gnu.lto_.icf.daa0550f,"",%progbits
  18 0000 789C6365 		.ascii	"x\234ce`b\340e@\000&\206\215\273;+\030\267L\\\367\225"
  18      6062E065 
  18      40002686 
  18      8DBB3B2B 
  18      18B74C5C 
  19 0016 89010026 		.ascii	"\211\001\000&l\005o"
  19      6C056F
  20              		.text
  21              		.section	.gnu.lto_.jmpfuncs.daa0550f,"",%progbits
  22 0000 789C6365 		.ascii	"x\234ce`bX\312\200\000L\014l\214``\317X\017\002,\014"
  22      606258CA 
  22      80004C0C 
  22      6C8C6060 
  22      CF580F02 
  23 0016 8C8C1D4C 		.ascii	"\214\214\035L\323\231\031\267\0349\336\306\321\307<"
  23      D39919B7 
  23      1C39DEC6 
  23      D1C73C
  24 0025 9F1928C0 		.ascii	"\237\031(\300\270\234Q\206\201\021(\270\376\315\316"
  24      B89C5186 
  24      811128B8 
  24      FECDCE
  25 0034 9FBC2041 		.ascii	"\237\274 AFF\006\306\025@A\240~\006F\026\0066\246J\006"
  25      464606C6 
  25      154041A0 
  25      7E064616 
  25      0636A64A 
  26 0049 4620A712 		.ascii	"F \247\022H\200\025\316\332\375\345\024+H!\023#\007"
  26      488015CE 
  26      DAFDE514 
  26      2B482113 
  26      2307
  27 005b E34A9042 		.ascii	"\343J\220BFV\2605\362\250\266\034\375\377\375\000?\304"
  27      4656B035 
  27      F2A8B61C 
  27      FDFFFD00 
ARM GAS  C:\Users\CYIRKO~1\AppData\Local\Temp\ccT4KLik.s 			page 2


  27      3FC4
  28 006d 1626C655 		.ascii	"\026&\306U [\220\215e\202\030\313\000\000\206S \273"
  28      205B908D 
  28      658218CB 
  28      00008653 
  28      20BB
  29              		.text
  30              		.section	.gnu.lto_.inline.daa0550f,"",%progbits
  31 0000 789C6365 		.ascii	"x\234ce`b\010g@\000&\006\011)#F\006&\211\025[\030\031"
  31      60620867 
  31      40002606 
  31      09292346 
  31      06268915 
  32 0017 D816C833 		.ascii	"\330\026\3103\201\004\231y\200\022\023\374\3004#\003"
  32      81049979 
  32      801213FC 
  32      C0342303 
  33 0027 2B1F5064 		.ascii	"+\037Pd\202\037\220\317\010Q+}\355\024#\003\373-5,j"
  33      821F90CF 
  33      08512B7D 
  33      ED142303 
  33      FB2D352C 
  34 003c C1249007 		.ascii	"\301$\220\007\000\374\215\012\357"
  34      00FC8D0A 
  34      EF
  35              		.text
  36              		.section	.gnu.lto_.pureconst.daa0550f,"",%progbits
  37 0000 789C6365 		.ascii	"x\234ce`b`g`\000\222\273\030\031w1\002\000\005\355\001"
  37      60626067 
  37      600092BB 
  37      18197731 
  37      020005ED 
  38 0015 88       		.ascii	"\210"
  39              		.text
  40              		.section	.gnu.lto_chThdCreateFromHeap.daa0550f,"",%progbits
  41 0000 789C8D95 		.ascii	"x\234\215\225{LSw\024\307\177\347\376n{/\024P\034s\216"
  41      7B4C5377 
  41      14C77FE7 
  41      FE6E7B2F 
  41      14501C73 
  42 0015 98A52623 		.ascii	"\230\245&#j2\255\313\036\272e1\331\310\022\315B\226"
  42      6A32ADCB 
  42      1EBA6531 
  42      D9C812CD 
  42      4296
  43 0027 C8B26489 		.ascii	"\310\262d\211\211\301\322I\023k\233\026|\354\037.\005"
  43      89C1D249 
  43      136B9B16 
  43      7CEC1F2E 
  43      05
  44 0038 5F633E37 		.ascii	"_c>7\020Z\273Kf\234:\206\"S'\343\261N|\202\017d\340"
  44      105ABB4B 
  44      669C3A86 
  44      225327E3 
  44      B14E7C82 
  45 004f 5490A105 		.ascii	"T\220\241\005\035\242d\032t\233N\3319\277\026\002\305"
  45      1DA2641A 
ARM GAS  C:\Users\CYIRKO~1\AppData\Local\Temp\ccT4KLik.s 			page 3


  45      749B4ED9 
  45      39BF1602 
  45      C5
  46 0060 E89A107A 		.ascii	"\350\232\020z\357\357\373=\347\374\316\371\374~50\211"
  46      EFEFFB3D 
  46      E7FCCEF9 
  46      FC7E3530 
  46      89
  47 0071 CD57199B 		.ascii	"\315W\031\233\001\214\275\301\030\003\003\003i\363Y"
  47      018CBDC1 
  47      18030303 
  47      69F359
  48 0080 C6F25449 		.ascii	"\306\362TI\222\0339\323b\371\361F\306\2648\016r\370"
  48      921B39D3 
  48      62F9F146 
  48      C6B4380E 
  48      72F8
  49 0092 BD0C405F 		.ascii	"\275\014@_4\025X\256\304e\310\205M|\033\207\363\005"
  49      341558AE 
  49      C465C885 
  49      4D7C1B87 
  49      F305
  50 00a4 95DBF946 		.ascii	"\225\333\371F\256s\0062>\3369\343\013%\320#\200\031"
  50      AE730632 
  50      3EDE39E3 
  50      0B25D023 
  50      8019
  51 00b6 1FFD5ACB 		.ascii	"\037\375Z\313ze\372.M\363j\301m\255F\177U\263\026\243"
  51      7A65FA2E 
  51      4DF36AC1 
  51      6DAD467F 
  51      55B316A3 
  52 00ca 738995A2 		.ascii	"s\211\225\242|7L\206]0\231\262\357\201\351(>\320_r7"
  52      7C374C86 
  52      5D3099B2 
  52      EF81E928 
  52      3ED05F72 
  53 00df 86BF060C 		.ascii	"\206\277\006\014\277\3736\365\350\206\251;\205q\240"
  53      BFFB36F5 
  53      E886A93B 
  53      8571A0
  54 00ee 886B2FEB 		.ascii	"\210k/\353\234\303w\300G\032\361\025\203r\230\212\362"
  54      9CC377C0 
  54      471AF115 
  54      8372988A 
  54      F2
  55 00ff 6FF2DA9A 		.ascii	"o\362\332\232\342\371[\302\272\266\242\2567!b\355\336"
  55      E2F95BC2 
  55      BAB6A2AE 
  55      372162ED 
  55      DE
  56 0110 26AC327C 		.ascii	"&\2542|\037m\225\031T\010\253\367\332\241\013\300\347"
  56      1F6D9519 
  56      5408ABF7 
  56      DAA10BC0 
  56      E7
  57 0121 0A6B595B 		.ascii	"\012kY[\331\212\210\263\3237\261(_\233\247s\003\354"
ARM GAS  C:\Users\CYIRKO~1\AppData\Local\Temp\ccT4KLik.s 			page 4


  57      D98A88B3 
  57      D337B128 
  57      5F9BA773 
  57      03EC
  58 0133 8DF662B3 		.ascii	"\215\366b\263\366\011o\271\367\306m\316S\205w\375\251"
  58      F6096FB9 
  58      F7C66DCE 
  58      538577FD 
  58      A9
  59 0144 47212562 		.ascii	"G!%b>\035Nk\204\312h\253\221\301~a=}\263\346\240\312"
  59      3E1D4E6B 
  59      84CA68AB 
  59      91C17E61 
  59      3D7DB3E6 
  60 015a E709EBE0 		.ascii	"\347\011\353\340\341\235\367M\021\353u\337K_\211\274"
  60      E19DF74D 
  60      11EB75DF 
  60      4B5F89BC 
  61 016a 0A54459B 		.ascii	"\012TE\233\025\006?\010s\237VX\007\374\003an\273\260"
  61      15063F08 
  61      739F5658 
  61      07FC0361 
  61      6EBBB0
  62 017d E7A3A1B4 		.ascii	"\347\243\241\264\305\"\255\012\007\242\235*\203\203"
  62      C522AD0A 
  62      07A29D2A 
  62      8383
  63 018b 3095E4FD 		.ascii	"0\225\344\375\005=]\246\360\274&\341cem\301\355\310"
  63      053D5DA6 
  63      F0BC26E1 
  63      63656DC1 
  63      EDC8
  64 019d BC8280CF 		.ascii	"\274\202\200\317\227\256\326\366\307\362\017E\344\212"
  64      97AED6F6 
  64      C7F20F45 
  64      E48A
  65 01ab EE8E9C94 		.ascii	"\356\216\234\224\035ZP\323\202\375\376\227\266j\332"
  65      1D5A50D3 
  65      82FDFE97 
  65      B66ADA
  66 01ba 494DD679 		.ascii	"IM\326y\014\034\016G\377\021\243\037\022\363c\244\016"
  66      0C1C0E47 
  66      FF11A31F 
  66      12F363A4 
  66      0E
  67 01cb F685CA65 		.ascii	"\366\205\312e\276@8C\033\216m\222\321JE\335\367M\330"
  67      BE403843 
  67      1B8E6D92 
  67      D14A45DD 
  67      F74DD8
  68 01de 921FB6AA 		.ascii	"\222\037\266\252\360\323\350\302\"\326\243=\377\266"
  68      F0D3E8C2 
  68      22D6A33D 
  68      FFB6
  69 01ec 98F8C7C2 		.ascii	"\230\370\307\302\232W\356\337\036\027\261\366\373\222"
  69      9A57EEDF 
  69      1E17B1F6 
ARM GAS  C:\Users\CYIRKO~1\AppData\Local\Temp\ccT4KLik.s 			page 5


  69      FB92
  70 01fa 87AC12D4 		.ascii	"\207\254\022\324>\321zm\377\343\242x\243\014u\220\002"
  70      3ED17A6D 
  70      FFE3A278 
  70      A30C7590 
  70      02
  71 020b 35F8570D 		.ascii	"5\370W\015)\004\0272U\017F\204\233\217\\\331\327\002"
  71      29041732 
  71      550F4684 
  71      9B8F5CD9 
  71      D702
  72 021d 41EDF1E0 		.ascii	"A\355\361\340Z\354rr\377\300\275\304d\300\326H\0106"
  72      5AEC7272 
  72      FFC0BDC4 
  72      64C0D648 
  72      0836
  73 022f 426400E2 		.ascii	"Bd\000\342\001;\214Z\025h\276&\\\214\215\007\232\327"
  73      013B8C5A 
  73      1568BE26 
  73      5C8C8D07 
  73      9AD7
  74 0241 38A0C627 		.ascii	"8\240\306'\00251\211QH\306>\307,t \012\021g\374\317"
  74      02353189 
  74      5148C63E 
  74      C72C7420 
  74      0A1167FC 
  75 0256 FB604D59 		.ascii	"\373`MYh\203By\003\\\301\322\252\253o\265+\271\2174"
  75      68834279 
  75      035CC1D2 
  75      AAAB6FB5 
  75      2BB98F34 
  76 026a 55E7A652 		.ascii	"U\347\246R\216\265\300\317\220\313\002\\\016p\003\021"
  76      8EB5C0CF 
  76      90CB025C 
  76      0E700311 
  77 027a 5E33D068 		.ascii	"^3\320h\240\316\307\201\212\275\237\254\363x\326\003"
  77      A0CEC781 
  77      8ABD9FAC 
  77      F378D603 
  78 028a 5EB3281C 		.ascii	"^\263(\034\213\300 \254\033\012.7\234\365\307E\202\302"
  78      8BC020AC 
  78      1B0A2E37 
  78      9CF5C745 
  78      82C2
  79 029c CCF0BE0B 		.ascii	"\314\360\276\013\021|<\235\274\027\274\276\336\272\220"
  79      117C3C9D 
  79      BC17BCBE 
  79      DEBA90
  80 02ab 899631E2 		.ascii	"\211\2261\342\346\342\257\013\025\313\014B\0267[B]`"
  80      E6E2AF0B 
  80      15CB0C42 
  80      16375B42 
  80      5D60
  81 02bd F00B5802 		.ascii	"\360\013X\0028~\224\026\307D\353b\303: \335\021\322"
  81      387E9416 
  81      C744EB62 
  81      C33A20DD 
ARM GAS  C:\Users\CYIRKO~1\AppData\Local\Temp\ccT4KLik.s 			page 6


  81      11D2
  82 02cf 29A8CBDF 		.ascii	")\250\313\337\276fCuR8\243\011_a\265\302\375\244D\221"
  82      BE664375 
  82      5238A309 
  82      5F61B5C2 
  82      FDA44491 
  83 02e3 00120568 		.ascii	"\000\022\005h\240\000&\222\372\306$2\206ub.GI\027\377"
  83      A0002692 
  83      FAC62432 
  83      8675622E 
  83      474917FF 
  84 02f7 649D12D6 		.ascii	"d\235\022\326\311\244;F\272q\243t\003\273\357\264\003"
  84      C9A43B46 
  84      BA71A374 
  84      03BBEFB4 
  84      03
  85 0308 E9D4B0CE 		.ascii	"\351\324\260\316@\272\343\244K\304\326I\304\303\215"
  85      40BAE3A4 
  85      4BC4D649 
  85      C4C38D
  86 0317 DAB5ADC0 		.ascii	"\332\265\255\300?\021(\035\254\277X\022\033Ai\320?\315"
  86      3F11281D 
  86      ACBF5812 
  86      1B4169D0 
  86      3FCD
  87 0329 97DFF485 		.ascii	"\227\337\364\205V\346\035\257\363\00481\026&8\011)t"
  87      56E61DAF 
  87      F3043831 
  87      16263809 
  87      2974
  88 033b 7BF46A75 		.ascii	"{\364ju2\215%\001\314p\012\327n\342\015\361\260\250"
  88      328D2501 
  88      CC700AD7 
  88      6EE20DF1 
  88      B0A8
  89 034d B2058669 		.ascii	"\262\005\206i+\320\360\023\374\362\260\" +\345\022\213"
  89      2BD0F013 
  89      FCF2B022 
  89      202BE512 
  89      8B
  90 035e 5A6AAA35 		.ascii	"Zj\2525/b\320Hk<z\355\241\177\232\237S.\006M$\220GP"
  90      2F62D048 
  90      6B3C7AED 
  90      A17F9A9F 
  90      532E064D 
  91 0376 CCE03418 		.ascii	"\314\3404\030\261\2223\204.\260\255\022\335lz\325\337"
  91      B1923384 
  91      2EB0AD12 
  91      DD6C7AD5 
  91      DF
  92 0387 B1537648 		.ascii	"\261SvH\272Vb\326\261\037t.C5\232*c\323\341,L\021\247"
  92      BA5662D6 
  92      B11F742E 
  92      43359A2A 
  92      63D3E12C 
  93 039e E0CF5BAD 		.ascii	"\340\317[\255\355\022\276\201s \213\242\0314\213\353"
  93      ED12BE81 
ARM GAS  C:\Users\CYIRKO~1\AppData\Local\Temp\ccT4KLik.s 			page 7


  93      73208BA2 
  93      19348BEB 
  94 03ae 78777D43 		.ascii	"xw}CO\334\224o#\356\361\244\275\273\267\252\315$\334"
  94      4FDC946F 
  94      23EEF1A4 
  94      BDBBB7AA 
  94      CD24DC
  95 03c1 E7C90D2D 		.ascii	"\347\311\015- \013\356D\003\030\353\203\202\256\302"
  95      200BEE44 
  95      0318EB83 
  95      82AEC2
  96 03d0 2B0D1006 		.ascii	"+\015\020\006 i4\307\211\245\324s\370\0259\306\205\353"
  96      206934C7 
  96      89A5D473 
  96      F81539C6 
  96      85EB
  97 03e2 5BB6ACE7 		.ascii	"[\266\254\347\270\200\237\262\007\240\363\0114\025\362"
  97      B8809FB2 
  97      07A0F309 
  97      3415F2
  98 03f1 3168855C 		.ascii	"1h\205\\\235?Gq\313\222\005\320u\004t\022Ms\340\217"
  98      9D3F4771 
  98      CB9205D0 
  98      75047412 
  98      4D73E08F 
  99 0405 CE1D4A64 		.ascii	"\316\035Jd\240\305\253\217\234S\250\331\222\030\330"
  99      A0C5AB8F 
  99      9C53A8D9 
  99      9218D8
 100 0414 5F271AD7 		.ascii	"_'\032\327\305\351\020\310\243\210\023u\236\204\026"
 100      C5E910C8 
 100      A3881375 
 100      9E8416
 101 0423 68A3EDE0 		.ascii	"h\243\355\340\342\316n\357^\305RA\331p+\317\303\005"
 101      E2CE6EEF 
 101      5EC55241 
 101      D9702BCF 
 101      C305
 102 0435 D0A104EF 		.ascii	"\320\241\004\357S\254\3477\260\320\317\307\321\023k"
 102      53ACE737 
 102      B0D0CFC7 
 102      D1136B
 103 0444 540A3611 		.ascii	"T\0126\021\000.\242\253\017V\227\015n\344\242\242\321"
 103      002EA2AB 
 103      0F56970D 
 103      6EE4A2A2 
 103      D1
 104 0455 FB78A194 		.ascii	"\373x\241\224\214pI\234G\332\343\276[\325\377\304\223"
 104      8C70499C 
 104      47DAE3BE 
 104      5BD5FFC4 
 104      93
 105 0466 771236FE 		.ascii	"w\0226\3762\035\306\027\207\210\212\242(\360\014\212"
 105      321DC617 
 105      87888AA2 
 105      28F00C8A 
 106 0476 DA0545C3 		.ascii	"\332\005E\303\033K\300x\035O\243\250y\210\"e\024\010"
ARM GAS  C:\Users\CYIRKO~1\AppData\Local\Temp\ccT4KLik.s 			page 8


 106      1B4BC078 
 106      1D4FA3A8 
 106      79882265 
 106      1408
 107 0488 57088431 		.ascii	"W\010\2041X\275cg\320Ibu,V\257\0078%g\360\373X\254\272"
 107      58BD6367 
 107      D0496275 
 107      2C56AF07 
 107      382567F0 
 108 04a0 04565747 		.ascii	"\004VWG`\365X\277Zo\032\"\246C\020sM\020\023\215Gh\030"
 108      60F558BF 
 108      5A6F1A22 
 108      A6431073 
 108      4D10138D 
 109 04b7 0F0A2E2E 		.ascii	"\017\012..\037Y\334w\275p\244CPBSGciWp\253a\316!m\035"
 109      1F59DC77 
 109      BD70A443 
 109      50425347 
 109      63695770 
 110 04d1 9210C3A0 		.ascii	"\222\020\303\240\033\346\260\333\330\301\200\270^\356"
 110      1BE6B0DB 
 110      D8C180B8 
 110      5EEE
 111 04df E1487090 		.ascii	"\341Hp\220Rg\263\177\016v\234_~\320\014x\203\002E\302"
 111      5267B37F 
 111      0E769C5F 
 111      7ED00C78 
 111      830245C2 
 112 04f3 5CB3DE7F 		.ascii	"\\\263\336\177{aj\226}\261==;'\323\356\\h\245\357N\317"
 112      7B616A96 
 112      7DB13D3D 
 112      3B27D3EE 
 112      5C68A5EF 
 113 0509 ABB3DFB4 		.ascii	"\253\263\337\2648=\026w\266\305\343\266Z\254Y\231\253"
 113      383D1677 
 113      B6C5E3B6 
 113      5AAC5999 
 113      AB
 114 051a 966538EC 		.ascii	"\226e8\354\326\231Vf\310\262e\270\\\262\307\376\231"
 114      D6995666 
 114      C8B265B8 
 114      5CB2C7FE 
 114      99
 115 052b 4DC67736 		.ascii	"M\306w6\331\345\266;%\327\247<\303\275D\312\316\344"
 115      D9E5B63B 
 115      25D7A73C 
 115      C3BD44CA 
 115      CEE4
 116 053d 2B3C2E29 		.ascii	"+<.)\333eX\236\2614\3076\367\251\301\255N\207\303\271"
 116      DB65589E 
 116      B134C736 
 116      F7A9C1AD 
 116      4E87C3B9 
 117 0551 CCE272BA 		.ascii	"\314\342r\272\263=\226w\027\244\245\246\255\304LV\247"
 117      B33D9677 
 117      17A4A5A6 
 117      ADC44C56 
ARM GAS  C:\Users\CYIRKO~1\AppData\Local\Temp\ccT4KLik.s 			page 9


 117      A7
 118 0562 DBB668F9 		.ascii	"\333\266h\371l\307\314,\366\336\377\261\333Vf[R\323"
 118      6CC7CC2C 
 118      F6DEFFB1 
 118      DB56665B 
 118      52D3
 119 0574 D2E7A75B 		.ascii	"\322\347\247[\354\313\254Ks2m\026\253\303c\367,Zb\265"
 119      ECCBAC4B 
 119      73326D16 
 119      ABC363F7 
 119      2C5A62B5 
 120 0588 6288676E 		.ascii	"b\210gno\330\224\345Y\345A\303\370\264\364\005\346\305"
 120      6FD894E5 
 120      59E541C3 
 120      F8B4F405 
 120      E6C5
 121 059a 191E1B6E 		.ascii	"\031\036\033n\353\025s\312,&\271\231\342\2609\234\356"
 121      EB1573CA 
 121      2C26B999 
 121      E2B0399C 
 121      EE
 122 05ab 55EC3F7D 		.ascii	"U\354?}n\3738"
 122      6EFB38
 123              		.text
 124              		.section	.gnu.lto_chThdCreateFromMemoryPool.daa0550f,"",%progbits
 125 0000 789C8D94 		.ascii	"x\234\215\224iLTW\024\307\357y\3671o\234\001q\241\326"
 125      694C5457 
 125      14C7EF79 
 125      F7316F9C 
 125      0171A1D6 
 126 0014 52DA8C49 		.ascii	"R\332\214I\211\332\264\216M[5m\323\264%M\227\204&\225"
 126      89DAB48E 
 126      4D5B356D 
 126      D3B4254D 
 126      97842695 
 127 0028 7E696262 		.ascii	"~ibbp\2402\211\343\220\031p\371\304\025\260.\264ui@"
 127      70A03289 
 127      E3901970 
 127      F9C415B0 
 127      2EB47569 
 128 003d 16F14D24 		.ascii	"\026\361M$De*\"\255\024d\351T\304\005w*T\005\021\034"
 128      44652A22 
 128      AD1464E9 
 128      54C40577 
 128      2A540511 
 129 0052 0645D1D4 		.ascii	"\006E\321\324\306\326\326V\3519w\006\"\003\321\362a"
 129      C6D6D656 
 129      E9397706 
 129      2203D1F2 
 129      61
 130 0063 78EF9DFF 		.ascii	"x\357\235\377\377\334s\317\371\335\033\301\024\266\323"
 130      FFDC73CF 
 130      F9DD1BC1 
 130      14B6D3
 131 0072 C8583C30 		.ascii	"\310X<0\366:c\014\"\030(\233O3\266\306\250(j+g\302\304"
 131      F63A630C 
 131      2218289B 
ARM GAS  C:\Users\CYIRKO~1\AppData\Local\Temp\ccT4KLik.s 			page 10


 131      4F33B6C6 
 131      A8286A2B 
 132 0089 8FB43226 		.ascii	"\217\2642&\"9\250\301\357*\000=\010#\260,\205\253\220"
 132      2239A8C1 
 132      EF2A003D 
 132      0823B02C 
 132      85AB90
 133 009c 059BF836 		.ascii	"\005\233\3706\016\347r\253\266\363o\270\316\031\250"
 133      0EE772AB 
 133      B6F36FB8 
 133      CE19A8
 134 00ab F87AE754 		.ascii	"\370z\347T\261\177\"\275\002X\360\265D\264m\320f\357"
 134      B17F22BD 
 134      0258F0B5 
 134      44B46DD0 
 134      66EF
 135 00bd 12225BF8 		.ascii	"\022\"[\370\266\265\231J\252\317\212\011:WX\021\312"
 135      B6B5994A 
 135      AACF8A09 
 135      3A575811 
 135      CA
 136 00ce 77431CEC 		.ascii	"wC\034\354\2028Z}\017\314F\361\365\332#\353\215\374"
 136      82385A7D 
 136      0FCC46F1 
 136      F5DA23EB 
 136      8DFC
 137 00e0 5560F8DC 		.ascii	"U`\370\334\333s\347\271\231\345\322\327W\300\305\013"
 137      DB73E7B9 
 137      99E5D2D7 
 137      57C0C50B 
 138 00f0 3AE75001 		.ascii	":\347P\001\374Q\037~b\340\205\231\250\316\276Z\323\001"
 138      FC511F7E 
 138      62E08599 
 138      A8CEBE5A 
 138      D301
 139 0102 7C9E747A 		.ascii	"|\236tz\332=+\207\235\323\213\204O\325\261\330\357\302"
 139      DA3D2B87 
 139      9DD38B84 
 139      4FD5B1D8 
 139      EFC2
 140 0114 AD2A83BD 		.ascii	"\255*\203\275\322\352\315\276v\213\3637\245u\303\361"
 140      D2EACDBE 
 140      768BF337 
 140      A575C3F1 
 141 0124 077E2DE4 		.ascii	"\007~-\344\355\250\210\315\317\021\037\352<\002*\303"
 141      EDA888CD 
 141      CF111FEA 
 141      3C022AC3 
 142 0134 CDD8AC7D 		.ascii	"\315\330\254}\322|\362F\375\001#\177G\232\207j\313\377"
 142      D27CF246 
 142      FD01237F 
 142      479A876A 
 142      CBFF
 143 0146 3487CC5D 		.ascii	"4\207\314]\333d\311\006\250\012\267\032\030\354\227"
 143      DB64C906 
 143      A80AB71A 
 143      18EC97
ARM GAS  C:\Users\CYIRKO~1\AppData\Local\Temp\ccT4KLik.s 			page 11


 144 0155 D69B22AF 		.ascii	"\326\233\"\257\021x\202\264\266w\354\371,\344\034\014"
 144      117882B4 
 144      B677ECF9 
 144      2CE41C0C 
 145 0165 95AC4175 		.ascii	"\225\254Au\270Uc\360=\314$\375\355\334@\2179\330\363"
 145      B85563F0 
 145      3DCC24FD 
 145      EDDC408F 
 145      39D8F3
 146 0178 E9F85AD5 		.ascii	"\351\370Z\325\220{+\324s\037\340\373\305\336\206\333"
 146      907B2BD4 
 146      731FE0FB 
 146      C5DE86DB 
 147 0188 26FE814C 		.ascii	"&\376\201L\275\267\257+3\276L\370\204\360\335\366>\277"
 147      BDB7AF2B 
 147      33BE4CF8 
 147      84F0DDF6 
 147      3EBF
 148 019a 55886302 		.ascii	"U\210c\002\263\033\241&\230\375\000f\377A\316\200\221"
 148      B31BA126 
 148      98FD0066 
 148      FF41CE80 
 148      91
 149 01ab DA77D3EF 		.ascii	"\332w\323\357U\371\307\322\351\377\272e\223\212V\252"
 149      55F9C7D2 
 149      E9FFBA65 
 149      938A56AA 
 150 01bb AABF62CA 		.ascii	"\252\277b\312\226\234\240U\203\332\321\205\205\254\207"
 150      969CA055 
 150      83DAD185 
 150      85AC87
 151 01ca 03FFB699 		.ascii	"\003\377\266\231\371'\322\272\306[\262=2d\355\256\210"
 151      F927D2BA 
 151      C65BB23D 
 151      3264EDAE 
 151      88
 152 01db 1DB62A70 		.ascii	"\035\266*pp\\\353\325\375\017\363\243\014*\324C<\324"
 152      705CEBD5 
 152      FD0FF3A3 
 152      0C2AD443 
 152      3CD4
 153 01ed 417C192A 		.ascii	"A|\031*~\204xb\004\321h\000\0032\312\207\203\024\331"
 153      7E847862 
 153      04D16800 
 153      0332CA87 
 153      8314D9
 154 0200 D7063EF1 		.ascii	"\327\006>\361ph\035\016\351\305\342\346\376J\345Y\300"
 154      70681D0E 
 154      E9C5E2E6 
 154      FE4AE559 
 154      C0
 155 0211 F6280828 		.ascii	"\366(\010(\322\200\015F\231\0064^\023~\236`\306\037"
 155      D2800D46 
 155      9906345E 
 155      137E9E60 
 155      C61F
 156 0223 5314D0C4 		.ascii	"S\024\320\304\242\201\232?\031\250\2171\214R2\266\021"
ARM GAS  C:\Users\CYIRKO~1\AppData\Local\Temp\ccT4KLik.s 			page 12


 156      A2819A3F 
 156      19A88F31 
 156      8C5232B6 
 156      11
 157 0234 5721AEF3 		.ascii	"W!\256\363\220J\374\317oB\256\307\237\257\321\272\245"
 157      904AFCCF 
 157      6F42AEC7 
 157      9FAFD1BA 
 157      A5
 158 0245 DC80D5D5 		.ascii	"\334\200\325\325\325\015vjY\017\204Q\347\346\"\216\265"
 158      D50D766A 
 158      590F8451 
 158      E7E6228E 
 158      B5
 159 0256 402364B1 		.ascii	"@#d\261R\216\033\212d\001\310\266\310\022qM\224\263"
 159      528E1B8A 
 159      6401C8B6 
 159      C812714D 
 159      94B3
 160 0268 3EC8BDD4 		.ascii	">\310\275\324|\332\033\031\262\303\234\340&\363\020"
 160      7CDA1B19 
 160      B2C39CE0 
 160      26F310
 161 0277 553C4E7C 		.ascii	"U<N|\000\262\213\007\032\003f\012c\352\315\005;\362"
 161      00B28B07 
 161      1A03660A 
 161      63EACD05 
 161      3BF2
 162 0289 34EBCB04 		.ascii	"4\353\313\004(n\253\220\366\313\240\011\254\2458k\224"
 162      286EAB90 
 162      F6CBA009 
 162      ACA5386B 
 162      94
 163 029a 164C08D7 		.ascii	"\026L\010\327\231\202: \335O\2443\220\356\340\300\261"
 163      99823A20 
 163      DD4FA433 
 163      90EEE0C0 
 163      B1
 164 02ab C0D4E08A 		.ascii	"\300\324\340\212&T\027\254=tF#\034\270\034\306\275\243"
 164      265417AC 
 164      3D744623 
 164      1CB81CC6 
 164      BDA3
 165 02bd ADEB2375 		.ascii	"\255\353#u(]#\204\260\350<\012+GL\342d\347\313\373\262"
 165      285D2384 
 165      B0E83C0A 
 165      2B474CE2 
 165      64E7CBFB 
 166 02d2 2B35EB5E 		.ascii	"+5\353^\021\014M\204\237A\207Bl\004\246?\004V\314\235"
 166      110C4D84 
 166      9F418742 
 166      6C04A63F 
 166      0456CC9D 
 167 02e6 B3FDCBCF 		.ascii	"\263\375\313\317\203\231\315\270\030\346\227u\215\267"
 167      8399CDB8 
 167      18E69775 
 167      8DB7
ARM GAS  C:\Users\CYIRKO~1\AppData\Local\Temp\ccT4KLik.s 			page 13


 168 02f4 85506972 		.ascii	"\205Pirf\315T\232\231\244\305c\266\020\021\324\251\244"
 168      66CD549A 
 168      99A4C563 
 168      B61011D4 
 168      A9A4
 169 0306 3B4CBAA8 		.ascii	";L\272\250\361u\206\240.\202t-\244\213\036\245\273\273"
 169      F17586A0 
 169      2E82742D 
 169      A48B1EA5 
 169      BBBB
 170 0318 FB4E2790 		.ascii	"\373N'\220N\013\352\014\244;B\272\3118\024\2056w\255"
 170      4E0BEA0C 
 170      A43B42BA 
 170      C9381485 
 170      3677AD
 171 032b 61DD79E0 		.ascii	"a\335y\340\237\312&\034h\272Ph\012\0219T<\2538\347\304"
 171      9FCA261C 
 171      68BA5068 
 171      0A113954 
 171      3CAB38E7 
 172 0340 57C2933D 		.ascii	"W\302\223=I\347\321pt,\223p\014\342\321\264n@4\252\324"
 172      49E7D170 
 172      742C9370 
 172      0CE2D1B4 
 172      6E4034AA 
 173 0355 C868B0C0 		.ascii	"\310h\260\300q\214\335\300\213\246>\277\252\015F\240"
 173      718CDDC0 
 173      8BA63EBF 
 173      AA0D46A0 
 174 0365 CDA5D6F9 		.ascii	"\315\245\326\371\276\2555KP\213\270\302\302B'\352-\213"
 174      BEAD354B 
 174      508BB8C2 
 174      C24227EA 
 174      2D8B
 175 0377 19B4528C 		.ascii	"\031\264R\214\207\307\376)\236U\302i-\006'H\240>r\030"
 175      87C7FE29 
 175      9E55C269 
 175      2D062748 
 175      A03E7218 
 176 038b 189C04DC 		.ascii	"\030\234\004\334\023\234\"\374\201mT0\264S\257\376\313"
 176      139C22FC 
 176      816D5430 
 176      B453AFFE 
 176      CB
 177 039c 34A344D1 		.ascii	"4\243D\321E!Nk\222<\336\376zaTq`p\032f\310\221\3766"
 177      45214E6B 
 177      923CDEFE 
 177      7A615471 
 177      60701A66 
 178 03b4 78BE53C1 		.ascii	"x\276S\301/p\006TY4\203\263\362f\336\335\324\034\210"
 178      2F700654 
 178      593483B3 
 178      F266DEDD 
 178      D41C88
 179 03c7 9CB123E4 		.ascii	"\234\261#\344\236L\332\337+\253\333\315\322}\216\334"
 179      9E4CDADF 
 179      2BABDBCD 
ARM GAS  C:\Users\CYIRKO~1\AppData\Local\Temp\ccT4KLik.s 			page 14


 179      D27D8EDC 
 180 03d7 D006AA24 		.ascii	"\320\006\252$Z6\2001<\012=y\227[ \010@\314\350\2630"
 180      5A368031 
 180      3C0A3D79 
 180      975B2008 
 180      40CCE8B3 
 181 03ec A5886603 		.ascii	"\245\210f\003\277\340Y\300@\377\226-\0338\006\360\317"
 181      BFE059C0 
 181      40FF962D 
 181      1B3806F0 
 181      CF
 182 03fd 731F743E 		.ascii	"s\037t>\225\246B>\006\347!K\3471\224\327\023+\217J="
 182      95A6423E 
 182      06E7214B 
 182      E73194D7 
 182      132B8F4A 
 183 0412 1D95189A 		.ascii	"\035\225\030\232\346\335\353\335\345Zh\240#\324*c\250"
 183      E6DDEBDD 
 183      E55A68A0 
 183      23D42A63 
 183      A8
 184 0423 F54CD3F9 		.ascii	"\365L\323\371Sh\201\366q\261\235\006\035\022[\215&\367"
 184      536881F6 
 184      71B19D06 
 184      1D125B8D 
 184      26F7
 185 0435 2B5851D0 		.ascii	"+XQ\3202t\317\027M\311\236\006\005.\240K\036\274+#\213"
 185      3274CF17 
 185      4DC99E06 
 185      052EA04B 
 185      1EBC2B23 
 186 044a 3D36FBE5 		.ascii	"=6\373\345F\177\015\037\311\256\301E\231\335H\331/\021"
 186      467F0D1F 
 186      C9AEC145 
 186      99DD48D9 
 186      2F11
 187 045c 602A3666 		.ascii	"`*6f\255\247\014\225\264\277\321]\231^D$B\247\274!\250"
 187      ADA70C95 
 187      B4BFD15D 
 187      995E4424 
 187      42A7BC21 
 188 0471 63FB06EB 		.ascii	"c\373\006\353\376\216\242J\236\3011vA\234\316c\207\371"
 188      FE8EA24A 
 188      9EC13176 
 188      419CCE63 
 188      87F9
 189 0483 0C63B2F4 		.ascii	"\014c\262\364\011L^\226L\216\264)\032\363u?\216\311"
 189      094C5E96 
 189      4C8EB429 
 189      1AF3753F 
 189      8EC9
 190 0495 B66126B5 		.ascii	"\266a&\265QX]!\254\306@\372\226\235A\017\211\215c!}"
 190      51585D21 
 190      ACC640FA 
 190      969D410F 
 190      898D6321 
 191 04aa AD94D3E2 		.ascii	"\255\224\323\342\014z\307BzUB\352\177\004\322\207zo"
ARM GAS  C:\Users\CYIRKO~1\AppData\Local\Temp\ccT4KLik.s 			page 15


 191      0C7AC742 
 191      7A5542EA 
 191      7F04D287 
 191      7A6F
 192 04bc 937998BF 		.ascii	"\223y\230\277n\311_\237\344/\034\266\300\010l\224\\"
 192      6EC95F9F 
 192      E42F1CB6 
 192      C0086C94 
 192      5C
 193 04cd 5E92AABC 		.ascii	"^\222\252\274\201\007\340P\227d\216\030BcQ\217ok\304"
 193      8107E050 
 193      97648E18 
 193      4263518F 
 193      6F6BC4
 194 04e0 821AB11E 		.ascii	"\202\032\261\036\27122\350\207\005\354\026v\260T^\203"
 194      B93232E8 
 194      8705EC16 
 194      76B0545E 
 194      83
 195 04f1 7F00D0E0 		.ascii	"\177\000\320\340\224\356\263\336\005\330q~\377\3409"
 195      94EEB3DE 
 195      05D8717E 
 195      FFE039
 196 0500 2C044398 		.ascii	",\004C\230\011\327\232\373\376\033\213\022\322\354K"
 196      09D79AFB 
 196      FE1B8B12 
 196      D2EC4B
 197 050f EC491999 		.ascii	"\354I\031\231)v\347\"\033=;\335\257\314\237gu\272\255"
 197      2976E722 
 197      1B3D3BDD 
 197      AFCC9F67 
 197      75BAAD
 198 0522 AE0CABDB 		.ascii	"\256\014\253\333e\263\332\322RV/Ov\330mslLq\244\253"
 198      65B3DAD2 
 198      52562F4F 
 198      76D86D73 
 198      6C4C71A4 
 199 0537 F89CAAA6 		.ascii	"\370\234\252\246\273\354N%\375\013\236\354Z\252d\244"
 199      BBEC4E25 
 199      FD0B9EEC 
 199      5AAA64A4 
 200 0547 F095EE74 		.ascii	"\360\225\356t%#=bE\362\262\314\324\267\037\233\324\346"
 200      25233D62 
 200      45F2B2CC 
 200      D4B71F9B 
 200      D4E6
 201 0559 74389CCB 		.ascii	"t8\234\313\255\351NW\206\333\372\356\302\304\204\304"
 201      ADE94E57 
 201      86DBFAEE 
 201      C2C484C4 
 202 0569 55B882CD 		.ascii	"U\270\202\315\351J]\274b\276cN\032{\357\377\330SWeX"
 202      E94A5DBC 
 202      62BE634E 
 202      1A7BEFFF 
 202      D8535765 
 203 057e 1312933E 		.ascii	"\023\022\223>J\262\332\227\333\226e\246\244Zm\016\267"
 203      4AB2DA97 
ARM GAS  C:\Users\CYIRKO~1\AppData\Local\Temp\ccT4KLik.s 			page 16


 203      DB9665A6 
 203      A45A6D0E 
 203      B7
 204 058f DDBD78A9 		.ascii	"\335\275x\251\315\206)\236\270\255\021S\232{\265\033"
 204      CD86299E 
 204      B8AD1153 
 204      9A7BB51B 
 205 059f 0D931293 		.ascii	"\015\223\022\223\026Z\226$\273Sq[/Y\342\3472\305\305"
 205      165A9624 
 205      BB53715B 
 205      2F59E2E7 
 205      32C5C5
 206 05b2 3447AAC3 		.ascii	"4G\252\303\351Z\315\376\003\320\011\027\342"
 206      E95ACDFE 
 206      03D00917 
 206      E2
 207              		.text
 208              		.section	.gnu.lto_.symbol_nodes.daa0550f,"",%progbits
 209 0000 789C55CE 		.ascii	"x\234U\316\275\021@@\024\004\340\335;\327\206Z\250\354"
 209      BD114040 
 209      1404E0DD 
 209      3BD7865A 
 209      A8EC
 210 0012 5D664624 		.ascii	"]fF$\026\253B,V\203@\017\376\206\261H\334Kv\347\333"
 210      16AB422C 
 210      5683400F 
 210      FE86B148 
 210      DC4B76E7 
 211 0027 E40538B4 		.ascii	"\344\0058\264\320\271\205\0064#\240\350c)YiL\204\007"
 211      D0B98506 
 211      3423A0E8 
 211      63295969 
 211      4C8407
 212 003a CDBD02C4 		.ascii	"\315\275\002\304X\010v\232O`\243e\011\234\264\360\007"
 212      5808769A 
 212      4F60A365 
 212      099CB4F0 
 212      07
 213 004b 8F0CDD74 		.ascii	"\217\014\335t\321\253\015\325\231{=\320\325J\206\317"
 213      D1AB0DD5 
 213      997B3DD0 
 213      D54A86CF 
 214 005b B5CC8FD3 		.ascii	"\265\314\217\323a\226\343\006\\-)\247"
 214      6196E306 
 214      5C2D29A7 
 215              		.text
 216              		.section	.gnu.lto_.refs.daa0550f,"",%progbits
 217 0000 789C6365 		.ascii	"x\234ce`b`d\000\002\000\000I\000\011"
 217      60626064 
 217      00020000 
 217      490009
 218              		.text
 219              		.section	.gnu.lto_.decls.daa0550f,"",%progbits
 220 0000 789CB53A 		.ascii	"x\234\265:iTT\351\225\365\275\2576\212\002\014\232\034"
 220      695454E9 
 220      95F5BDAF 
 220      368A020C 
ARM GAS  C:\Users\CYIRKO~1\AppData\Local\Temp\ccT4KLik.s 			page 17


 220      9A1C
 221 0012 D3C339F1 		.ascii	"\323\3039\361\3641\023N\026\227t\247\227dN\322\035O"
 221      F431134E 
 221      169774A7 
 221      97644ED2 
 221      1D4F
 222 0024 92EE33D3 		.ascii	"\222\3563\323\351\234\230\236\3711\316\324\301\242\024"
 222      E99C989E 
 222      F931CED4 
 222      C1A214
 223 0033 D26CA92A 		.ascii	"\322l\251*\332v\376\344\261\210\010*\012\250\254\212"
 223      DA76FEE4 
 223      B188082A 
 223      0AA8AC8A 
 224 0043 A8C82AB4 		.ascii	"\250\310*\264k\313\242\210\012\270\000\212\012*\310"
 224      6BCBA288 
 224      0AB8008A 
 224      0A2AC8
 225 0052 2AB8B088 		.ascii	"*\270\260\210`\263*\314\375\226\252\367\252\250\262"
 225      60B32ACC 
 225      FD96AAF7 
 225      AAA8B2
 226 0061 356786C3 		.ascii	"5g\206\303\255\367\356\367\356w\367{\277\357-*\205\240"
 226      ADF7EEF7 
 226      EE77F77B 
 226      BFEF2D2A 
 226      85A0
 227 0073 A85BAE50 		.ascii	"\250[\256Pxj\025\212\207H\241\230\203?\254P(J\000\310"
 227      786A158A 
 227      8748A198 
 227      833FAC50 
 227      284A00C8 
 228 0087 D10F400D 		.ascii	"\321\017@\015\360\251\202\375\221\363\263@\327\002\320"
 228      F0A982FD 
 228      91F3B340 
 228      D702D0
 229 0096 06F01460 		.ascii	"\006\360\024`\002`\006)\346\375\375\035\030\274\001"
 229      02600629 
 229      E6FDFD1D 
 229      18BC01
 230 00a5 475F8045 		.ascii	"G_\200E\000\026\240)\002h\202\363K\000\325\000\307\001"
 230      0016A029 
 230      026882F3 
 230      4B00D500 
 230      C701
 231 00b7 3E031880 		.ascii	">\003\030\200\361_\001<GL\3268\034\253\3408\013G,(\024"
 231      F15F013C 
 231      474CD638 
 231      1CABE038 
 231      0B472C28 
 232 00cc 4A0015C0 		.ascii	"J\000\025\300\010\340V\200\267\021\327M`:\335\005\\"
 232      08E05680 
 232      B711D74D 
 232      603ADD05 
 232      5C
 233 00dd 03C74770 		.ascii	"\003\307Gp\354\005\350\001\270\017\360\000\240\037`"
 233      EC05E801 
ARM GAS  C:\Users\CYIRKO~1\AppData\Local\Temp\ccT4KLik.s 			page 18


 233      B80FF000 
 233      A01F60
 234 00ec 0F8007D7 		.ascii	"\017\200\007\327\235\350\353\001\363<\001\276#0\033"
 234      9DE8EB01 
 234      F33C01BE 
 234      23301B
 235 00fb 882D0BE1 		.ascii	"\210-\013\341\374\273\302|;J\300\216\177r\262\343\006"
 235      FCBBC27C 
 235      3B4AC08E 
 235      7F72B2E3 
 235      06
 236 010c 726D03D1 		.ascii	"rm\003\321\235\330\361=\3403\015\307\353\334\336\327"
 236      9DD8F13D 
 236      E0330DC7 
 236      EBDCDED7 
 237 011c B5C54366 		.ascii	"\265\305CfK\223\033{\376\312\351Z\270\377_f\023\011"
 237      4B931B7B 
 237      FECAE95A 
 237      B8FF5F66 
 237      1309
 238 012e CF0F9C6C 		.ascii	"\317\017\234l\333\203\321\311m\027\252\204\016\324\216"
 238      DB83D1C9 
 238      6D17AA84 
 238      0ED48E
 239 013d 08C9023A 		.ascii	"\010\311\002:\212\020\373E\024(:g\373C\210\216\303\250"
 239      8A10FB45 
 239      14283A67 
 239      FB43888E 
 239      C3A8
 240 014f 407F1921 		.ascii	"@\177\031!\035B\266\031\034\0278*p\226\364\237OF2\216"
 240      1D42B619 
 240      1C17382A 
 240      7096F49F 
 240      4F46328E 
 241 0163 EC329364 		.ascii	"\3542\223d\373S0r\246\211\202rg\263\221 \011@H>A\306"
 241      FB533072 
 241      A6898272 
 241      67B39120 
 241      0940483E 
 242 0179 90A9CDAF 		.ascii	"\220\251\315\257\333\365SH\306!\233\365O\323\257\366"
 242      DBF55348 
 242      C6219BF5 
 242      4FD3AFF6 
 243 0189 EB3AD13D 		.ascii	"\353:\321=2\232\363\001\242c\373&\362g4X@\344\274s*"
 243      329AF301 
 243      A263FB26 
 243      F2673458 
 243      40E4BC73 
 244 019e FFF7CB8A 		.ascii	"\377\367\313\212E\366\247]&\271\355H\361L\231\216\204"
 244      45F6A75D 
 244      26B9ED48 
 244      F14C998E 
 244      84
 245 01af 117DA647 		.ascii	"\021}\246Gk\225d\350zlY\026\336\216\221\257\016)\011"
 245      6B9564E8 
 245      7A6C5916 
 245      DE8E91AF 
ARM GAS  C:\Users\CYIRKO~1\AppData\Local\Temp\ccT4KLik.s 			page 19


 245      0E2909
 246 01c2 EB868C5E 		.ascii	"\353\206\214^o@\027\351\320\022\327\023.\316MT\373\260"
 246      6F4017E9 
 246      D012D713 
 246      2ECE4D54 
 246      FBB0
 247 01d4 0902A0CD 		.ascii	"\011\002\240\315#W\263=\331\204\005\200\016\036\273"
 247      2357B33D 
 247      D9840580 
 247      0E1EBB
 248 01e3 7A082FDE 		.ascii	"z\010/\336M%\307\210\013\004\364\357\337Ce\310\017\225"
 248      4D25C788 
 248      0B04F4EF 
 248      DF4365C8 
 248      0F95
 249 01f5 22C814F4 		.ascii	"\"\310\024\364\025Z\014\277G\220\222\251s\274\364j\266"
 249      155A0CBF 
 249      479092A9 
 249      73BCF46A 
 249      B6
 250 0206 4E9F208A 		.ascii	"N\237 \212\321\342\216\030\321\343#r\035\225\000u1\245"
 250      D1E28E18 
 250      D1E32372 
 250      1D950075 
 250      31A5
 251 0218 3E8AF4A8 		.ascii	">\212\364\250\020-c\264\2455\007\007\265\370\007\304"
 251      102D63B4 
 251      A5350707 
 251      B5F807C4 
 252 0228 3EE1FCB5 		.ascii	">\341\374\265\313M\236H\357\357f&:\201\374e\223\363"
 252      CB4D9E48 
 252      EFEF6626 
 252      3A81FC65 
 252      93F3
 253 023a 882ED573 		.ascii	"\210.\325s\261oFm\022E\001\035\207\013\307\020\346\027"
 253      B16F466D 
 253      1245011D 
 253      870BC710 
 253      E617
 254 024c 091D1730 		.ascii	"\011\035\0270\226=\246\244\246\022\212\"D\215\275W_"
 254      963DA6A4 
 254      A6128A22 
 254      448DBD57 
 254      5F
 255 025d 5044BCF3 		.ascii	"PD\274\363#\035\"A\362!t\203\247\247\274\330\020\241"
 255      231D2241 
 255      F2217483 
 255      A7A7BCD8 
 255      10A1
 256 026f 684E1A3D 		.ascii	"hN\032=\250\301k\250^\351\227[k\224\310_\307%f\375:"
 256      A8C16BA8 
 256      5EE9975B 
 256      6B94C85F 
 256      C72566FD 
 257 0284 7D541497 		.ascii	"}T\024\227\240\012\244C\247%\211?\322\301o\274]u\205"
 257      A00AA443 
 257      A725893F 
ARM GAS  C:\Users\CYIRKO~1\AppData\Local\Temp\ccT4KLik.s 			page 20


 257      D2C16FBC 
 257      5D7585
 258 0297 A47739E8 		.ascii	"\244w9\350\015l\011\035\372\032\006O\301 \210(8\270"
 258      0D6C091D 
 258      FA1A064F 
 258      C1208828 
 258      38B8
 259 02a9 33578D1B 		.ascii	"3W\215\033\021\225Q{\246\355\266\022\351\374]28\343"
 259      1195517B 
 259      A6EDB612 
 259      E9FC5D32 
 259      38E3
 260 02bb 820157A6 		.ascii	"\202\001W\246\374\315Zj~\025(S))\003\2721\363\305\324"
 260      FCCD5A6A 
 260      7E152853 
 260      292903BA 
 260      31F3C5D4 
 261 02cf 997D5EF8 		.ascii	"\231}^\370\030M A\354\273\330'\270\023r\316\255\220"
 261      184D2041 
 261      ECBBD827 
 261      B81372CE 
 261      AD90
 262 02e1 CEA62569 		.ascii	"\316\246%i\323\304\342j\020rV\022Re\023R}\266n\253\236"
 262      D3C4E26A 
 262      10725612 
 262      52651352 
 262      7DB66EAB 
 263 02f6 FA98509C 		.ascii	"\372\230P\234d>\2765Y5\255\307\2330\221\254\354:0:\240"
 263      643EBE35 
 263      5935ADC7 
 263      9B3091AC 
 263      EC3A303A 
 264 030b 46FE7E08 		.ascii	"F\376~\010\351\000\362l9\254@\2650\341<\302\266\036"
 264      E900F26C 
 264      39AC40B5 
 264      30E13CC2 
 264      B61E
 265 031d 9021826E 		.ascii	"\220!\202n#\177'\303\314\227#\271\"^\254@o\371\241\025"
 265      237F27C3 
 265      CC9723B9 
 265      225EAC40 
 265      6FF9A115 
 266 0331 A0E305D0 		.ascii	"\240\343\005\320\221\\R\240:\320\360\"h\230!j\351\010"
 266      915C52A0 
 266      3AD0F022 
 266      6898216A 
 266      E908
 267 0343 08DCD1B0 		.ascii	"\010\334\321\260?\323C\307g\305\277t\026P\217\214\265"
 267      3FD343C7 
 267      67C5BF74 
 267      16508F8C 
 267      B5
 268 0354 DF14E449 		.ascii	"\337\024\344IZ\017\232HIz\211\346\017!\354N\350y\244"
 268      5A0F9A48 
 268      497A89E6 
 268      0F21EC4E 
 268      E879A4
ARM GAS  C:\Users\CYIRKO~1\AppData\Local\Temp\ccT4KLik.s 			page 21


 269 0367 A2C6C118 		.ascii	"\242\306\301\030\252qL\240O\347'\320\247,\201\016N="
 269      AA714CA0 
 269      4FE727D0 
 269      A72C810E 
 269      4E3D
 270 0379 39A5C709 		.ascii	"9\245\307\011\324|\341z\325P\267\326\236AM\217\337\254"
 270      D47CE17A 
 270      D550B7D6 
 270      9E414D8F 
 270      DFAC
 271 038b E820FE6C 		.ascii	"\350 \376l\002\221\015\222??u\233A\215`\301\247<6Wa"
 271      02910D92 
 271      3F3F759B 
 271      418D60C1 
 271      A73C3657 
 272 03a0 F00AB3A1 		.ascii	"\360\012\263\241\356\253\230&V\306\204\323e\246\232"
 272      EEAB9826 
 272      56C684D3 
 272      65A69A
 273 03af AD727D59 		.ascii	"\255r}Y\345\236\354\277T\253c\205,\"\3003*\236]V\261"
 273      E59EECBF 
 273      54AB6385 
 273      2C22C033 
 273      2A9E5D56 
 274 03c4 CB5A404F 		.ascii	"\313Z@O\015\027\235\362b\227\253\311\354\323c\342q/"
 274      0D179DF2 
 274      6297ABC9 
 274      ECD363E2 
 274      712F
 275 03d6 3C4ED546 		.ascii	"<N\325F\027\236u\346\351\361\013\206\214v\344\027z\340"
 275      179E75E6 
 275      E9F10B86 
 275      8C76E417 
 275      7AE0
 276 03e8 68254576 		.ascii	"h%Ev\264OUz\342x\216\314\274\350\322\340m\014\031:\324"
 276      B44F557A 
 276      E2788ECC 
 276      BCE8D2E0 
 276      6D0C193A 
 277 03fd 78D40318 		.ascii	"x\324\003\030\372\353\320\337e^\361g^\311\332\331\263"
 277      FAEBD0DF 
 277      655EF167 
 277      5EC9DAD9 
 277      B3
 278 040e C703A750 		.ascii	"\307\003\247PRa\357\340\355\030/Y]\375s6\255\253\016"
 278      5261EFE0 
 278      ED182F59 
 278      5DFD7336 
 278      ADAB0E
 279 0421 B0A55DF2 		.ascii	"\260\245]\362\212\277\335+91\342w\242V*\320M\360\300"
 279      8ABFDD2B 
 279      3931E277 
 279      A2562AD0 
 279      4DF0C0
 280 0434 0DE2967B 		.ascii	"\015\342\226{\340\026\177\356\2266\030\274\313\334\262"
 280      E0167FEE 
 280      963618BC 
ARM GAS  C:\Users\CYIRKO~1\AppData\Local\Temp\ccT4KLik.s 			page 22


 280      CBDCB2
 281 0443 39363FC9 		.ascii	"96?\311\023\357eB.\266\305}!\311(\377y\035-\227n\220"
 281      13EF6542 
 281      2EB6C57D 
 281      21C928FF 
 281      791D2D97 
 282 0459 D129C9E8 		.ascii	"\321)\311\350@\356\205t\271\026\322Q\332vA\211\0173"
 282      40EE8574 
 282      B916D251 
 282      DA764189 
 282      0F33
 283 046b 21CD7BE2 		.ascii	"!\315{\342\236\250\354RZ\267\343{\347!\263\224\350>"
 283      9EA8EC52 
 283      5AB7E37B 
 283      E721B394 
 283      E83E
 284 047d 88E991C4 		.ascii	"\210\351\221\304t\277DL\257k1\207\342n=\360\306C\314"
 284      74BF444C 
 284      AF6B3187 
 284      E26E3DF0 
 284      C643CC
 285 0490 B7C535E9 		.ascii	"\267\3055\351\227=\361\024Cr\243n]\361\302\263\014\351"
 285      973DF114 
 285      4372A36E 
 285      5DF1C2B3 
 285      0CE9
 286 04a2 9CE93881 		.ascii	"\234\3518\201q\214\212\"\205\263\317.\373\340x\206\264"
 286      718C8A22 
 286      85B3CF2E 
 286      FBE07886 
 286      B4
 287 04b3 EDAD7DA4 		.ascii	"\355\255}\244\307\273\031\"\365}\310&\326\367\357\217"
 287      C7BB1922 
 287      F57DC826 
 287      D6F7EF8F 
 288 04c3 A40D78D9 		.ascii	"\244\015x\331sh\200\345\320\315\222\213y*y\273\207e"
 288      736880E5 
 288      D0CD928B 
 288      792A79BB 
 288      8765
 289 04d5 426AF743 		.ascii	"Bj\367C\264\335\017\332\332\375\211\253\3732U\362J\032"
 289      B4DD0FDA 
 289      DAFD89AB 
 289      FB3255F2 
 289      4A1A
 290 04e7 7268F7C3 		.ascii	"rh\367\303\362v\177\254c\373y/\274\217j#ly\330\323\207"
 290      F2767FAC 
 290      63FB792F 
 290      BC8F6A23 
 290      6C79D8D3 
 291 04fc 1CFBBD7C 		.ascii	"\034\373\275|*z\012.\031v\352\367\017Jp\322\001\352"
 291      2A7A0A2E 
 291      1976EAF7 
 291      0F4A70D2 
 291      01EA
 292 050e DB11B8F2 		.ascii	"\333\021\270\362D\362\355\260\255\341\247\356\276]\350"
 292      44F2EDB0 
ARM GAS  C:\Users\CYIRKO~1\AppData\Local\Temp\ccT4KLik.s 			page 23


 292      ADE1A7EE 
 292      BE5DE8
 293 051d 830798C1 		.ascii	"\203\007\230\301\266u\317\227\257{\017\317f\331\212"
 293      B675CF97 
 293      AF7B0FCF 
 293      66D98A
 294 052c 81AC72F9 		.ascii	"\201\254r\371\245GZ=\361\004\243-\232\210=\341\203g"
 294      A5475A3D 
 294      F104A32D 
 294      9A883DE1 
 294      8367
 295 053e 1862AB0B 		.ascii	"\030b\253\013_^\027\371\375Y\333\365\014\177\2178\350"
 295      5F5E17F9 
 295      FD59DBF5 
 295      0C7F8F38 
 295      E8
 296 054f 5AC7218C 		.ascii	"Z\307!\214\243\324\224\266\375\330\266\363Z\234\300"
 296      A3D494B6 
 296      FDD8B6F3 
 296      5A9CC0
 297 055e 908A5395 		.ascii	"\220\212S\225\265\274\276V\000\032s?\273\333\033'\263"
 297      B5BCBE56 
 297      001A733F 
 297      BBDB1B27 
 297      B3
 298 056f 6BB549B1 		.ascii	"k\265I\261[u8\223\"B\321\266\370A\267\035\177\356%\315"
 298      5B753893 
 298      2242D1B6 
 298      F841B71D 
 298      7FEE25CD 
 299 0583 F8A7AC19 		.ascii	"\370\247\254\031\317B\270^\270h\306\231c\367\036y0\005"
 299      CF42B85E 
 299      B868C699 
 299      63F71E79 
 299      3005
 300 0595 FCC92A53 		.ascii	"\374\311*S>vH\215\0173\005.\364\336\250W\3412\206\344"
 300      3E76488D 
 300      0F33052E 
 300      F4DEA857 
 300      E13286E4 
 301 05a9 D474FF0C 		.ascii	"\324t\377\014\237c\347\345\273*\207\264\270\226!=s\263"
 301      9F63E7E5 
 301      BB2A87B4 
 301      B896213D 
 301      73B3
 302 05bb 7FC52DEC 		.ascii	"\177\305-\354|K\361\226Zo\334\301\220\334\263\025\203"
 302      7C4BF196 
 302      5A6FDCC1 
 302      90DCB315 
 302      83
 303 05cc 1A3CCC90 		.ascii	"\032<\314\220\374\307\235\3171~\301\220\356\366\272"
 303      FCC79DCF 
 303      317EC190 
 303      EEF6BA
 304 05db 326F3CC7 		.ascii	"2o<\307]0\221Y\341\203\3434\024i\350\235\033\325\341"
 304      5D309159 
 304      E183E334 
ARM GAS  C:\Users\CYIRKO~1\AppData\Local\Temp\ccT4KLik.s 			page 24


 304      1469E89D 
 304      1BD5E1
 305 05ee 6D0C3995 		.ascii	"m\0149\2251[\255\304\251\014\331\264\255d\017\011\206"
 305      315BADC4 
 305      A90CD9B4 
 305      AD640F09 
 305      86
 306 05ff 9AF5500D 		.ascii	"\232\365P\015M\306\351\223J6D\214\375\022\206\262\323"
 306      4DC6E993 
 306      4A36448C 
 306      FD1286B2 
 306      D3
 307 0610 DBBFF2C6 		.ascii	"\333\277\362\306it\2120\330\275%A+\353\030\357\244\217"
 307      69748A30 
 307      D8BD2541 
 307      2BEB18EF 
 307      A48F
 308 0622 1057EC14 		.ascii	"\020W\354\024t(I\260\273B\315\253L\234\347\326\035\202"
 308      742849B0 
 308      BB42CDAB 
 308      4C9CE7D6 
 308      1D82
 309 0634 3FE14DDD 		.ascii	"?\341M\335\272]\360C\333\004Zd\243S#\307\2258\227\311"
 309      BA5DF043 
 309      DB045A64 
 309      A35323C7 
 309      953897C9 
 310 0648 48E81E7D 		.ascii	"H\350\036}\341\303\3422\237A\252\013\006\366\326r\202"
 310      E1C3E232 
 310      9F41AA0B 
 310      06F6D672 
 310      82
 311 0659 B6961450 		.ascii	"\266\226\024P&YR\006t\343\353\2108\223\256\307\205L"
 311      26595206 
 311      74E3EB88 
 311      3893AEC7 
 311      854C
 312 066b 4845C981 		.ascii	"HE\311\201x\235\335\220\316\246\267YL\367\300\334]\322"
 312      789DDD90 
 312      CEA6B759 
 312      4CF7C0DC 
 312      5DD2
 313 067d DC14C1AD 		.ascii	"\334\024\301\255%\273][2\235r\372\204'.c\016N\3345\224"
 313      25BB5D5B 
 313      329D72FA 
 313      84272E63 
 313      0E4EDC35 
 314 0692 E78D4F32 		.ascii	"\347\215O2d\346a\352\035\304\322B\017ht\305\235\235"
 314      64E661EA 
 314      1DC4D242 
 314      0F6874C5 
 314      9D9D
 315 06a4 3EAC12BA 		.ascii	">\254\022\272\350\2521\035?\253\304\347\031m\353\326"
 315      E8AA311D 
 315      3FABC4E7 
 315      196DEBD6 
 316 06b4 1B6D6A7C 		.ascii	"\033mj|\205\251:\365\270\276\304\323\256\352\345\305"
ARM GAS  C:\Users\CYIRKO~1\AppData\Local\Temp\ccT4KLik.s 			page 25


 316      85A93AF5 
 316      B8BEC4D3 
 316      AEEAE5C5 
 317 06c4 B06CA37D 		.ascii	"\260l\243}\240g\366+\351\271\327\265\236\265M9cZ|\235"
 317      A067F62B 
 317      E9B9D7B5 
 317      9EB54D39 
 317      635A7C9D 
 318 06d8 893BBD33 		.ascii	"\211;\2753\031\222\257\225!\035i\211\025\236\3701C\316"
 318      1992AF95 
 318      211D6989 
 318      159EF831 
 318      43CE
 319 06ea 248D7EED 		.ascii	"$\215~\355\201\2372d\363dO\231\017\236f\310\343\230"
 319      819F3264 
 319      F3644F99 
 319      0F9E66C8 
 319      E398
 320 06fc EA6E258E 		.ascii	"\352n%\216\322R\244t\323\375\002-\030\343\007\231\204"
 320      D252A474 
 320      D3FD022D 
 320      18E30799 
 320      84
 321 070d 648B8E1F 		.ascii	"d\213\216\037[t\216W\217\225(q\034\245\025N\036\277"
 321      5B748E57 
 321      8F952871 
 321      1CA5154E 
 321      1EBF
 322 071f 9FA193A5 		.ascii	"\237\241\223\245\320\262M\233I\324\012\301\242|\311"
 322      D0B24D9B 
 322      49D40AC1 
 322      A27CC9
 323 072e 223F7BA3 		.ascii	"\"?{\243v\334\200\024\2009~\334\234\303`N\0363\247`"
 323      76DC8014 
 323      80397EDC 
 323      9CC3604E 
 323      1E33A760 
 324 0742 5FFE052F 		.ascii	"_\376\005/\274\203IH\337u\356\270\267l\311y\363\030"
 324      BC834948 
 324      DF75EEB8 
 324      B76CC979 
 324      F318
 325 0754 CD8B1290 		.ascii	"\315\213\022\220P$I(\024\334\210(v-\":\345F\261\007"
 325      50244928 
 325      14DC8828 
 325      762D223A 
 325      E546B107 
 326 0768 4E6322BA 		.ascii	"Nc\"\272\253\317'cY\372\274\327J\215(\003\021G$\021"
 326      ABCF2763 
 326      59FABCD7 
 326      4A8D2803 
 326      11472411 
 327 077c 25EE4494 		.ascii	"%\356D\224\272\026\261+\243\1771\316a.M\334:[\212q\036"
 327      BA16B12B 
 327      A37F31CE 
 327      612E4DDC 
 327      3A5B8A71 
ARM GAS  C:\Users\CYIRKO~1\AppData\Local\Temp\ccT4KLik.s 			page 26


 328 0791 13977D66 		.ascii	"\023\227}f:I\262\250G\363\001:\016\222\216\276\202\244"
 328      3A49B2A8 
 328      47F3013A 
 328      0E928EBE 
 328      82A4
 329 07a3 63AE25DD 		.ascii	"c\256%\335\313~2\246\304G\230\250\203\347K\257k\360"
 329      CB7E32A6 
 329      C44798A8 
 329      83E74BAF 
 329      6BF0
 330 07b5 7126AAF7 		.ascii	"q&\252\367\321\321IiO\360\030D}\015\242N\276\202\250"
 330      D1D14969 
 330      4FF01844 
 330      7D0DA24E 
 330      BE82A8
 331 07c8 53AE450D 		.ascii	"S\256E\015\307\366u\361"
 331      C7F675F1 
 332 07d0 EDD06252 		.ascii	"\355\320bR \251io\341*&8\377\311\243K\336\362\205\353"
 332      20A9696F 
 332      E12A2638 
 332      FFC9A34B 
 332      DEF285EB 
 333 07e4 BEC316B0 		.ascii	"\276\303\026\260B\260m\001\243{N\266 |\201\315:\327"
 333      42B06D01 
 333      A37B4EB6 
 333      207C81CD 
 333      3AD7
 334 07f6 1053E089 		.ascii	"\020S\340\211/1\244\347\305\376\373\032\334\304\220"
 334      2F31A4E7 
 334      C5FEFB1A 
 334      DCC490
 335 0805 C9B44B07 		.ascii	"\311\264K\007\275\360-\206$\027_kU\343;\014\35182[\251"
 335      BDF02D86 
 335      24175F6B 
 335      55E33B0C 
 335      E938325B 
 336 081a C6ED0CD9 		.ascii	"\306\355\014\331\327\376\264D\203;\231\275\347n\355"
 336      D7FEB444 
 336      833B99BD 
 336      E76EED
 337 0829 2FF0725C 		.ascii	"/\360r\\\003\341\326\312^>\027\300\250\317\034W@\330"
 337      03E1D6CA 
 337      5E3E17C0 
 337      A8CF1C57 
 337      40D8
 338 083b 5D34F46E 		.ascii	"]4\364n&+\340y\001\366\243\222g>\343\013`Wt\355\015"
 338      262BE079 
 338      01F6A392 
 338      673EE30B 
 338      605774ED 
 339 0850 2D7EC884 		.ascii	"-~\310\204=\035\276\371\334\013\0172D\234:sW\215G\030"
 339      3D1DBEF9 
 339      DC0B0F32 
 339      449C3A73 
 339      578D4718 
 340 0864 D2B66BB2 		.ascii	"\322\266k\262\313\003\2171\244\376V\342Y%\036g\310\341"
 340      CB038F31 
ARM GAS  C:\Users\CYIRKO~1\AppData\Local\Temp\ccT4KLik.s 			page 27


 340      A4FE56E2 
 340      59251E67 
 340      C8E1
 341 0876 2B5DA20A 		.ascii	"+]\242\012O1\2442\341\312s-~\316\220\214\362\315\321"
 341      4F31A432 
 341      E1CA732D 
 341      7ECE908C 
 341      F2CDD1
 342 0889 3A3CC790 		.ascii	":<\307\220\242\271\261$=\216\366`\266W^\317\025\230"
 342      A2B9B124 
 342      3D8EF660 
 342      B6575ECF 
 342      1598
 343 089b 9B97922D 		.ascii	"\233\227\222-Hub=f\355%\007\026Z\317]\271'.x\243\245"
 343      4875623D 
 343      66ED2507 
 343      165ACF5D 
 343      B9272E78 
 344 08b1 EC6FE152 		.ascii	"\354o\341R\377\245\271\304\336\352\211\002\325\243\242"
 344      FFA5B9C4 
 344      DEEA8902 
 344      D5A3A2
 345 08c0 CB5BC59C 		.ascii	"\313[\305\234\032D\255\251\003kZ\205\205\222\375\327"
 345      1A44ADA9 
 345      036B5A85 
 345      8592FDD7 
 346 08d0 69244AC8 		.ascii	"i$J\310\257\202Mi\376\357t\261:\026S\362Zg\362\323\002"
 346      AF824D69 
 346      FEEF74B1 
 346      3A1653F2 
 346      5A67F2D3 
 347 08e5 215F2951 		.ascii	"!_)Q\327\310\250\353]3\227Q\367\310\250\3179S\217\315"
 347      D7C8A8EB 
 347      5D339751 
 347      F7C8A8CF 
 347      39538FCD 
 348 08f9 A3FE2F89 		.ascii	"\243\376/\211\372\2523\365r'\342\3072\342+.\211\345"
 348      FAAA33F5 
 348      7227E2C7 
 348      32E22B2E 
 348      89E5
 349 090b 464ECBA8 		.ascii	"FN\313\250/9S\337\220\371d'\355\271\242\370\201\022"
 349      2F3953DF 
 349      90F96427 
 349      EDB9A2F8 
 349      8112
 350 091d F66F90F4 		.ascii	"\366o\220\364\215\340\000\324\300g@^\240;\220@7\205"
 350      8DE000D4 
 350      C067405E 
 350      A03B9040 
 350      3785
 351 092f A5E816C0 		.ascii	"\245\350\026\300m\200\026\200f\200k\000\327\001\356"
 351      6D801680 
 351      66806B00 
 351      D701EE
 352 093e 02DC1096 		.ascii	"\002\334\020\226\322\233/&{T&\373\262k\331\324.\226"
 352      D29B2F26 
ARM GAS  C:\Users\CYIRKO~1\AppData\Local\Temp\ccT4KLik.s 			page 28


 352      7B5426FB 
 352      B26BD9D4 
 352      2E96
 353 0950 8D8D6D0B 		.ascii	"\215\215m\013\242D\021\021*\005OD\211UG\207or\214X\277"
 353      A2441111 
 353      2A054F44 
 353      89554787 
 353      6F728C58 
 354 0965 82F2BAE8 		.ascii	"\202\362\272\350:X\314\016H\231\224\313)\333\225\362"
 354      3A58CC0E 
 354      489994CB 
 354      29DB95F2 
 355 0975 6A9413C3 		.ascii	"j\224\023\303\236\330^\215\035\225\271\023^\270\201"
 355      9ED85E8D 
 355      1D95B913 
 355      5EB881
 356 0984 E61D6E7A 		.ascii	"\346\035nz\222U\251GK\027\3723\211P\034\031}WXB\301"
 356      9255A947 
 356      4B17FA33 
 356      89501C19 
 356      7D575842 
 357 0999 0C540D42 		.ascii	"\014T\015B;\\\307e'_\256\210\353\354\227\3339=q]'\270"
 357      3B5CC765 
 357      275FAE88 
 357      EBEC97DB 
 357      393D715D 
 358 09af EE1E770D 		.ascii	"\356\036w\0157\266\200\031\333\341h,\251\205\350\007"
 358      37B68019 
 358      DBE1682C 
 358      A985E807 
 359 09bf 4318DF65 		.ascii	"C\030\337e\2650\320_\324\"\340N\206du\326t\360\355\330"
 359      B530D05F 
 359      D422E04E 
 359      866475D6 
 359      74F0EDD8 
 360 09d3 05829FEC 		.ascii	"\005\202\237\354L\335\242\347\225A\236\314<\030\037"
 360      4CDDA2E7 
 360      95419ECC 
 360      3C181F
 361 09e2 6F51E347 		.ascii	"oQ\343G\214\370\330\\A\034\306O\030\362\374P\323m-\236"
 361      8CF8D85C 
 361      411CC64F 
 361      18F2FC50 
 361      D36D2D9E 
 362 09f6 64C8B917 		.ascii	"d\310\271\027w\262t8\212.h\377\322\235p8C\015FC-\351"
 362      77B27438 
 362      8A2E68FF 
 362      D29D7038 
 362      430D4643 
 363 0a0c 17F27FC0 		.ascii	"\027\362\177\300\240\256\374\311\001~\027\261KPhK\365"
 363      A0AEFCC9 
 363      017E17B1 
 363      4B50684B 
 363      F5
 364 0a1d 7AF82127 		.ascii	"z\370!'\374\017\256\372so5]R=\274\330\310\274\005\335"
 364      FC0FAEFA 
 364      736F355D 
ARM GAS  C:\Users\CYIRKO~1\AppData\Local\Temp\ccT4KLik.s 			page 29


 364      523DBCD8 
 364      C8BC05DD 
 365 0a31 0E9583F5 		.ascii	"\016\225\203\365\217\334\205H\236j\275\220j=$\325\272"
 365      8FDC8548 
 365      9E6ABD90 
 365      6A3D24D5 
 365      BA
 366 0a42 F90CE2AF 		.ascii	"\371\014\342\257}\330\037\355\305KQ6@\026@&@\006@:\300"
 366      7DD81FED 
 366      C54B5136 
 366      40164026 
 366      4006403A 
 367 0a57 4348B334 		.ascii	"CH\26348\356\001\330\015\020\003\360\002\306\306\001"
 367      38EE01D8 
 367      0D1003F0 
 367      02C6C601 
 368 0a67 BE011804 		.ascii	"\276\001\030\004\030\000x\354\220\212\315\177d\251\010"
 368      180078EC 
 368      908ACD7F 
 368      64A908
 369 0a76 1DF0BEB3 		.ascii	"\035\360\276\263j\023\316\345\330\321\340\233B\223\215"
 369      6A13CEE5 
 369      D8D1E09B 
 369      42938D
 370 0a85 3C839842 		.ascii	"<\203\230BN\344\223\363\032\311\354\325E\214~\010,\237"
 370      4EE493F3 
 370      1AC9ECD5 
 370      458C7E08 
 370      2C9F
 371 0a97 764D4FD9 		.ascii	"vMO\331\313Rr\330!%\207XJ\312\035\323\014\027I[A\375"
 371      CB5272D8 
 371      21258758 
 371      4ACA1DD3 
 371      0C17495B 
 372 0aad A0EF3077 		.ascii	"\240\3570wL.8f?\030<\012\006>q0\260\255I5{T\024\267"
 372      4C2E3866 
 372      3F183C0A 
 372      063E7130 
 372      B0AD4935 
 373 0ac5 A8D10828 		.ascii	"\250\321\010(q\033a\007\011\016\225.\323\342\251\203"
 373      711B6107 
 373      090E952E 
 373      D3E2A983 
 374 0ad5 16232FD1 		.ascii	"\026#/\321\342\000H\376v-z\366`\361\340b4\006*\214\273"
 374      E20048FE 
 374      762D7AF6 
 374      60F1E062 
 374      34062A8C 
 375 0aea 56C1D90F 		.ascii	"V\301\331\017\317\0344 \023Y5\270\314\221\034\020\374"
 375      CF1C3420 
 375      135935B8 
 375      CC911C10 
 375      FC
 376 0afb FF972390 		.ascii	"\377\227#\220\303\365\005<\207\311-\321s\347H\3168F"
 376      C3F5053C 
 376      87C92DD1 
 376      73E748CE 
ARM GAS  C:\Users\CYIRKO~1\AppData\Local\Temp\ccT4KLik.s 			page 30


 376      3846
 377 0b0d 1ECAB8F9 		.ascii	"\036\312\270\371_\243hZM\000Y\024\317+\373}\270\350"
 377      5FA3685A 
 377      4D005914 
 377      CF2BFB7D 
 377      B8E8
 378 0b1f 26E5ED04 		.ascii	"&\345\355\004\317\241-Lqsf\340|\032T\232tP\251\261\220"
 378      CFA12D4C 
 378      717366E0 
 378      7C1A549A 
 378      7450A9B1 
 379 0b34 6716714C 		.ascii	"g\026qL\014\010\230r\323\354]\362\217\346\023\334\363"
 379      0C089872 
 379      D3EC5DF2 
 379      8FE613DC 
 379      F3
 380 0b45 AFF9312B 		.ascii	"\257\3711+\2131\2363\363\331\313\032\364,\357YS\216"
 380      8B319E33 
 380      F3D9CB1A 
 380      F42CEF59 
 380      538E
 381 0b57 3D8BDF4D 		.ascii	"=\213\337M\337S\345\037H&{\011\342\213Xi/A\250m\356"
 381      DF53E51F 
 381      48267B09 
 381      E28B5869 
 381      2F41A86D 
 382 0b6c 020F17DB 		.ascii	"\002\017\027\333=\014d\233\234KQ\024^\336T\243!\350"
 382      3D0C649B 
 382      9C4B5114 
 382      5EDE54A3 
 382      21E8
 383 0b7e 22661645 		.ascii	"\"f\026E\301\371\234\243\267\012d\336\"\346\020\322"
 383      C1F99CA3 
 383      B70A64DE 
 383      22E610D2 
 384 0b8e 57EDD771 		.ascii	"W\355\327q\002v\311\232\231W\313m\007\012\227\266\247"
 384      0276C99A 
 384      9957CB6D 
 384      070A97B6 
 384      A7
 385 0b9f C750DB89 		.ascii	"\307P\333\211Q\233%\333\011\265\314\366}6\333c\361\""
 385      519B25DB 
 385      09B5CCF6 
 385      7D36DB63 
 385      F122
 386 0bb1 14EF6CFB 		.ascii	"\024\357l\373\230,\273\222]h\250\240\323\210z\273@\275"
 386      982CBB92 
 386      5D68A8A0 
 386      D3887ABB 
 386      40BD
 387 0bc3 5448E914 		.ascii	"TH\351\024\200d\200\355\000\333\0006\003\304\001l\302"
 387      806480ED 
 387      00DB0036 
 387      03C4016C 
 387      C2
 388 0bd4 72AF3CFE 		.ascii	"r\257<\376\230\305\230\244\364\026\020J\270\270\335"
 388      98C598A4 
ARM GAS  C:\Users\CYIRKO~1\AppData\Local\Temp\ccT4KLik.s 			page 31


 388      F416104A 
 388      B8B8DD
 389 0be3 5C0CD7CB 		.ascii	"\\\014\327\313ZY\302\267Q\367\374\206\261\216\307z\224"
 389      5A59C2B7 
 389      51F7FC86 
 389      B18EC77A 
 389      94
 390 0bf4 E89E5856 		.ascii	"\350\236XV\356[\260\274\334a\236s\303\311\204Z\317 "
 390      EE5BB0BC 
 390      DC619E73 
 390      C3C9845A 
 390      CF20
 391 0c06 B59E0EFC 		.ascii	"\265\236\016\374\266\360xl\005\203\023\301\260\004\311"
 391      B6F0786C 
 391      058313C1 
 391      B004C9
 392 0c15 30B27D1D 		.ascii	"0\262}\035T=\031\275/\212\311zz\267\273\225Op\325p\330"
 392      543D19BD 
 392      2F8AC97A 
 392      7AB7BB95 
 392      4F70D570 
 393 0c2a 84C7DF23 		.ascii	"\204\307\337#\315\211\344g\032\247\265\227\212s\256"
 393      CD89E467 
 393      1AA7B597 
 393      8A73AE
 394 0c39 F7C7A9C8 		.ascii	"\367\307\251\310\335\351\026\354\274\027a\221\0348\314"
 394      DDE916EC 
 394      BC176191 
 394      1C38CC
 395 0c48 23496E5F 		.ascii	"#In_\263\276\315M\343U\334\251I\340\247\234W\362\323"
 395      B3BECD4D 
 395      E355DCA9 
 395      49E0A79C 
 395      57F2D3
 396 0c5b 0EA094FC 		.ascii	"\016\240\224\374\224\304\374\344\246m\242\235\340\036"
 396      94C4FCE4 
 396      A66DA29D 
 396      E01E
 397 0c69 A973DA73 		.ascii	"\251s\332srkL\"\311I\302j\277\224\223c\264\311\333;"
 397      726B4C22 
 397      C949C26A 
 397      BF949363 
 397      B4C9DB3B 
 398 0c7d 5E531DB7 		.ascii	"^S\035\267\004V\306\334\227\032B\252\240\222/\214\304"
 398      0456C6DC 
 398      971A42AA 
 398      A0922F8C 
 398      C4
 399 0c8e EC03DF46 		.ascii	"\354\003\337F}\371W,;\010\361A\367\304L\337\226r5q8"
 399      7DF9572C 
 399      3B08F141 
 399      F7C44CDF 
 399      96723571 
 400 0ca3 D0CCDFFC 		.ascii	"\320\314\337\374\215\227\372\216E\213i+\350]\351!^7"
 400      8D97FA8E 
 400      458B692B 
 400      E85DE921 
ARM GAS  C:\Users\CYIRKO~1\AppData\Local\Temp\ccT4KLik.s 			page 32


 400      5E37
 401 0cb5 FC5E8D55 		.ascii	"\374^\215UM\231l5\276\274|\217X\035\205\351\215\345"
 401      4D996C35 
 401      BEBC7C8F 
 401      581D85E9 
 401      8DE5
 402 0cc7 57AE88DF 		.ascii	"W\256\210\337\222\355\245\2271Zrgx\302\025\255,\212"
 402      92EDA597 
 402      315A7267 
 402      78C215AD 
 402      2C8A
 403 0cd9 B3C53C8A 		.ascii	"\263\305<\212\344\341}\245\353\375\215\374~\341\247"
 403      E4E17DA5 
 403      EBFD8DFC 
 403      7EE1A7
 404 0ce8 526BAD72 		.ascii	"Rk\255r\246\236\17732\375\023\211\374\214kr\231k\207"
 404      A69E7F33 
 404      32FD1389 
 404      FC8C6B72 
 404      996B87
 405 0cfb 8B7820C8 		.ascii	"\213x \310\016\363\2543\371\215y\334{8w\262\241\351"
 405      0EF3AC33 
 405      F98D79DC 
 405      7B3877B2 
 405      A1E9
 406 0d0d 724D2EE3 		.ascii	"rM.\343~\367'\322\252\226\346\274\252\315\013\\\021"
 406      7EF727D2 
 406      AA96E6BC 
 406      AACD0B5C 
 406      11
 407 0d1e EB8C8FDC 		.ascii	"\353\214\217\334\254\012s\317\310\343(\222\257}R\022"
 407      AC0A73CF 
 407      C8E32892 
 407      AF7D5212 
 408 0d2e 3E922D0A 		.ascii	">\222-\012\235M\252\351\321XZ\3066\201\303/\023\330"
 408      9D4DAAE9 
 408      D1585AC6 
 408      3681C32F 
 408      13D8
 409 0d40 B819934C 		.ascii	"\270\031\223L\031v%\257\177\267\206\\#\333\232\007\222"
 409      197625AF 
 409      7FB7865C 
 409      23DB9A07 
 409      92
 410 0d51 B4612A0D 		.ascii	"\264a*\015\266\276\327\012s3\365\370\206'\331\372.\316"
 410      B6BED70A 
 410      7333F5F8 
 410      8627D9FA 
 410      2ECE
 411 0d63 CE3DD8EE 		.ascii	"\316=\330\356\203\374\027\221\315\257\236ly\331\031"
 411      83FC1791 
 411      CDAF9E6C 
 411      79D919
 412 0d72 EC696157 		.ascii	"\354iaW\353\317\337\257<We\367n'UT\006\311\373HzF\232"
 412      EBCFDFAF 
 412      3C5765F7 
 412      6E275554 
ARM GAS  C:\Users\CYIRKO~1\AppData\Local\Temp\ccT4KLik.s 			page 33


 412      06C9FB48 
 413 0d89 8717D9DA 		.ascii	"\207\027\331\332t\016\264\351\305\262U\267\017\250\362"
 413      740EB4E9 
 413      C5B255B7 
 413      0FA8F2
 414 0d98 78A7FE1A 		.ascii	"x\247\376\032*\363\0244\256\257\000\016;4\257\216L\035"
 414      2AF31434 
 414      AEAF000E 
 414      3B34AF8E 
 414      4C1D
 415 0daa 73723EB4 		.ascii	"sr>\264\241~>\305\205\315\256\026v\005\235D\370W\002"
 415      A17E3EC5 
 415      85CDAE16 
 415      76059D44 
 415      F85702
 416 0dbd FF42E05D 		.ascii	"\377B\340]\340\320\361[2yv\220\347\360\017\020\223\341"
 416      E0D0F15B 
 416      32797690 
 416      E7F00F10 
 416      93E1
 417 0dcf FE16B131 		.ascii	"\376\026\2611\223'v\021t\212\207.\311\235\333S\261C"
 417      93277611 
 417      748A872E 
 417      C99DDB53 
 417      B143
 418 0de1 1B2F726A 		.ascii	"\033/rj\343\340\215gp\221T\020\252\000\015\217pm\313"
 418      E3E08D67 
 418      70915410 
 418      AA000D8F 
 418      706DCB
 419 0df4 E1FC3468 		.ascii	"\341\3744h[\012P\342\340\215\361,\337\024\221\250@\""
 419      5B0A50E2 
 419      E08DF12C 
 419      DF1491A8 
 419      4022
 420 0e06 F70DA840 		.ascii	"\367\015\250@\246\330\367\236\262\364w)c\224Ox\271\214"
 420      A6D8F79E 
 420      B2F47729 
 420      63944F78 
 420      B98C
 421 0e18 1EBF0CB1 		.ascii	"\036\277\014\261\2324\021p\364->\303\356pY\015\270\014"
 421      9A341170 
 421      F42D3EC3 
 421      EE70590D 
 421      B80C
 422 0e2a EA2160FB 		.ascii	"\352!`\373\355A\235\315\340A=\012\274[^7\250G\271\011"
 422      ED419DCD 
 422      E0413D0A 
 422      BC5B5E37 
 422      A847B909 
 423 0e3e 2781FF71 		.ascii	"'\201\377q\340}\314!\250\343\031\262\240\266\"&\303"
 423      E07DCC21 
 423      A8E319B2 
 423      A0B62226 
 423      C3
 424 0e4f 7D508733 		.ascii	"}P\2073xPO`\266\027\232O\356\034\3242Y\177V\220y\262"
 424      78504F60 
ARM GAS  C:\Users\CYIRKO~1\AppData\Local\Temp\ccT4KLik.s 			page 34


 424      B6179A4F 
 424      EE1CD432 
 424      597F5690 
 425 0e65 BACAA0DD 		.ascii	"\272\312\240\335\371\350\274\345\220\334-e\370\355\217"
 425      F9E8BCE5 
 425      90DC2D65 
 425      F8ED8F
 426 0e74 11E363D4 		.ascii	"\021\343c\324\364\241\327\035\367V\363~\221\341MX\345"
 426      F4A1D71D 
 426      F756F37E 
 426      91E14D58 
 426      E5
 427 0e85 B96AF42D 		.ascii	"\271j\364-Y\334F\362F\3461\217\221\333%\2431\213u\236"
 427      59DC46F2 
 427      46E6318F 
 427      91DB25A3 
 427      318B759E 
 428 0e99 23AEF664 		.ascii	"#\256\366d\265\351\213c\310E\222\251\007\261\275n\217"
 428      B5E98B63 
 428      C84592A9 
 428      07B1BD6E 
 428      8F
 429 0eaa D01D1927 		.ascii	"\320\035\031'\311\244F\345c\347[\360\312Cq\215\002}"
 429      C9A446E5 
 429      63E75BF0 
 429      CA43718D 
 429      027D
 430 0ebc 91452AE2 		.ascii	"\221E*\342\032{\221\025W{\273N-\177\221E:\265\364&\353"
 430      1A7B9115 
 430      577BBB4E 
 430      2D7F9145 
 430      3AB5F426 
 431 0ed1 0C266FB2 		.ascii	"\014&o\262\2520\177\223Uyw(Vx3G\314\351\022\253\237"
 431      AA307F93 
 431      55797728 
 431      56783347 
 431      CCE912AB 
 432 0ee6 246A0A7B 		.ascii	"$j\012{ka\225E\037\0202T \265\221\002\362\276\032\345"
 432      6B619545 
 432      1F103254 
 432      20B59102 
 432      F2BE1AE5 
 433 0efa A34E840E 		.ascii	"\243N\204\016\243\016\244@g\361\2330\373b\377\241Sj"
 433      A30EA440 
 433      67F19B30 
 433      FB62FFA1 
 433      536A
 434 0f0c DCA8777A 		.ascii	"\334\250wz\323f\377\302\302\361K\204sX9\377\325y\015"
 434      D366FFC2 
 434      C2F14B84 
 434      735839FF 
 434      D5790D
 435 0f1f 1B747CE5 		.ascii	"\033t|\345|\236\015\016dd\247)\361C\306>-\271\3704\302"
 435      7C9E0D0E 
 435      6464A729 
 435      F143C63E 
 435      2DB9F834 
ARM GAS  C:\Users\CYIRKO~1\AppData\Local\Temp\ccT4KLik.s 			page 35


 436 0f34 CF28A2FC 		.ascii	"\317(\242\374\372\332\361\213j\244\207\033\177Y^\\r"
 436      FADAF18B 
 436      6AA4871B 
 436      7F595E5C 
 436      72
 437 0f45 28F63A96 		.ascii	"(\366:\226\027,`u\371\232\251gl\013V\307\363\354\322"
 437      172C6075 
 437      F99AA967 
 437      6C0B56C7 
 437      F3ECD2
 438 0f58 6BECB96B 		.ascii	"k\354\271k1\243'Y\177\031\262\276\036;\354\271Y\243"
 438      31A32759 
 438      7F19B2BE 
 438      1E3BECB9 
 438      59A3
 439 0f6a BFE41C1F 		.ascii	"\277\344\034\037U\356\305\033\361:\264\024\264\344\017"
 439      55EEC51B 
 439      F13AB414 
 439      B4E40F
 440 0f79 FF1AD378 		.ascii	"\377\032\323x\262\333\224hp\255\004\243\356Os\312\262"
 440      B2DB9468 
 440      70AD04A3 
 440      EE4F73CA 
 440      B2
 441 0f8a 0637BB46 		.ascii	"\0067\273FW\373R\005\245&\0127\202\302W\240L\233\000"
 441      57FB5205 
 441      A5260A37 
 441      82C257A0 
 441      4C9B00
 442 0f9d AE3A2A   		.ascii	"\256:*"
 443 0fa0 9EE64B13 		.ascii	"\236\346K\023\263\301U\271\264\244\311\352\370\"v\245"
 443      B3C155B9 
 443      B4A4C9EA 
 443      F82276A5 
 444 0fb0 ABFD4156 		.ascii	"\253\375AV\363\356\213E\032\\\355E\237\357Vo\333\275"
 444      F3EE8B45 
 444      1A5CED45 
 444      9FEF566F 
 444      DBBD
 445 0fc2 5F400BFD 		.ascii	"_@\013\375]\356\226\233A\231oWl<\215f\374u \274&\325"
 445      5DEE969B 
 445      41996F57 
 445      6C3C8D66 
 445      FC7520BC 
 446 0fd8 4403E6CB 		.ascii	"D\003\346\313c\337L\312\244Z\376\334\354\272C\344o`"
 446      63DF4CCA 
 446      A45AFEDC 
 446      ECBA43E4 
 446      6F60
 447 0fea DB73B323 		.ascii	"\333s\263#\017\007wz\320\254\2021t\201eUi^\314S\225"
 447      0F07777A 
 447      D0AC8231 
 447      74816555 
 447      695ECC53 
 448 0fff FB       		.ascii	"\373"
 449 1000 02B9450B 		.ascii	"\002\271E\013\344\246\255@J\312\363z\221T \005}\274"
 449      E4A6AD40 
ARM GAS  C:\Users\CYIRKO~1\AppData\Local\Temp\ccT4KLik.s 			page 36


 449      4ACAF37A 
 449      91542005 
 449      7DBC
 450 1012 40800C55 		.ascii	"@\200\014UK\272\301\251c\201\264\320\002I,-\356\327"
 450      4BBAC1A9 
 450      6381B4D0 
 450      02492C2D 
 450      EED7
 451 1024 E146EA18 		.ascii	"\341F\352\03048\260\363\033V d\247\311*\344x\364\255"
 451      3438B0F3 
 451      1B562064 
 451      A7C92AE4 
 451      78F4AD
 452 1037 0A1F3A46 		.ascii	"\012\037:F\357\005\231\206\2732O\224 \267\237\036\335"
 452      EF059986 
 452      BB324F94 
 452      20B79F1E 
 452      DD
 453 1048 A50ADEB1 		.ascii	"\245\012\336\261)\270k\367\225nR\301]l\307_\237\004"
 453      29B86BF7 
 453      956E52C1 
 453      5D6CC75F 
 453      9F04
 454 105a 0AEE4794 		.ascii	"\012\356G\224\014\265J\012\266b\366\305\011j\243\212"
 454      0CB54A0A 
 454      B662F6C5 
 454      096AA38A 
 455 106a 2517B634 		.ascii	"%\027\2664*q\033S\254n\274d\237\017~\312\220\007\231"
 455      2A711B53 
 455      AC6EBC64 
 455      9F0F7ECA 
 455      900799
 456 107d DB727478 		.ascii	"\333rtx\202!E3\031\275z\374\234!e\225\261C\374\213\252"
 456      82214533 
 456      19BD7AFC 
 456      9C216595 
 456      B143FC8B 
 457 1092 6AF2CE69 		.ascii	"j\362\316i@L\254B8\332\233\\\32467\347\365\253\021}"
 457      404CAC42 
 457      38DA9B5C 
 457      D43637E7 
 457      F5AB117D 
 458 10a6 D46D7FD6 		.ascii	"\324m\177\326=w\360\307\335\207\342\304\035\001\364"
 458      3D77F0C7 
 458      DD87E2C4 
 458      1D01F4
 459 10b5 515B0728 		.ascii	"Q[\007(\323\347\376\276\207\354r\277\317v\177\204\272"
 459      D3E7FEBE 
 459      87EC72BF 
 459      CF767F84 
 459      BA
 460 10c6 D399DAC5 		.ascii	"\323\231\332\305\312\361F\262\375\351\027\331,\272`"
 460      CAF146B2 
 460      FDE917D9 
 460      2CBA60
 461 10d5 3EFFA143 		.ascii	">\377\241C\027\366\343{\340>\236\206\017\311\303\032"
 461      17F6E37B 
ARM GAS  C:\Users\CYIRKO~1\AppData\Local\Temp\ccT4KLik.s 			page 37


 461      E03E9E86 
 461      0FC9C31A 
 462 10e5 48C15E80 		.ascii	"H\301^\200\036\200\373\000\017\000\372\035\226\265\341"
 462      1E80FB00 
 462      0F00FA1D 
 462      96B5E1
 463 10f4 4C3F260D 		.ascii	"L?&\015\232[\267\263n\363\267\311\215\231\\9\322\370"
 463      9A5BB7B3 
 463      6EF3B7C9 
 463      8D995C39 
 463      D2F8
 464 1106 EEB9A697 		.ascii	"\356\271\246\227-\021\303\274\022\373\\Ubc:\027m\333"
 464      2D11C3BC 
 464      12FB5C55 
 464      62633A17 
 464      6DDB
 465 1118 D0CFF7CB 		.ascii	"\320\317\367\313J^\2105\235\375\345\030\307\321\220"
 465      4A5E8835 
 465      9DFDE518 
 465      C7D190
 466 1127 089B93A6 		.ascii	"\010\233\223\246\016+\235\012\321f>\032\004\253_\325"
 466      0E2B9D0A 
 466      D1663E1A 
 466      04AB5FD5 
 467 1137 03BC28D9 		.ascii	"\003\274(\33124\000\223\036Ky\325g+\312\231\204(Q\277"
 467      32340093 
 467      1E4B79D5 
 467      672BCA99 
 467      842851BF 
 468 114b 90CB8A77 		.ascii	"\220\313\212w'K\361RA\344}\375\203k\255\016\037)\015"
 468      274BF152 
 468      41E47DFD 
 468      836BAD0E 
 468      1F290D
 469 115e 39D4F6B0 		.ascii	"9\324\366\260\275\266\333\305\023\017\275i\345\300\030"
 469      BDB6DBC5 
 469      130FBD69 
 469      E5C018
 470 116d AFA6FC8A 		.ascii	"\257\246\374\212\003\223\236\356K{\204V\316\023[\345"
 470      03939EEE 
 470      4B7B8456 
 470      CE135BE5 
 471 117d EC1D6E4C 		.ascii	"\354\035nL\360\342\2253[\365\306\316\230\034\177B\202"
 471      F0E29533 
 471      5BF5C6CE 
 471      981C7F42 
 471      82
 472 118e DA25EBDA 		.ascii	"\332%\353\332mU\363\224V\315\334\201\216*/\234\341\375"
 472      6D55F394 
 472      56CDDC81 
 472      8E2A2F9C 
 472      E1FD
 473 11a0 6A5F968C 		.ascii	"j_\226\214\261j\036\032\217\022u\366U\372\031\033l,"
 473      B16A1E1A 
 473      8F1275F6 
 473      55FA191B 
 473      6C2C
ARM GAS  C:\Users\CYIRKO~1\AppData\Local\Temp\ccT4KLik.s 			page 38


 474 11b2 4FF576FB 		.ascii	"O\365v\373\265\3118\325\363\033\273\236\271\023\225"
 474      B5C938D5 
 474      F31BBB9E 
 474      B91395
 475 11c1 9EB60A7F 		.ascii	"\236\266\012\177\256\212?\304+\034\310\320\250\244\353"
 475      AE8A3FC4 
 475      2B1CC8D0 
 475      A8A4EB
 476 11d0 A84DD709 		.ascii	"\250M\327\011\252\353\271o\266l\323\341\022\246ksS\347"
 476      AAEBB96F 
 476      B66CD3E1 
 476      12A66B73 
 476      53E7
 477 11e2 1695BD11 		.ascii	"\026\225\275\0212e\317\211O\232\334\3530Mu\230\262\351"
 477      3265CF89 
 477      4F9ADCEB 
 477      304D7598 
 477      B2E9
 478 11f4 909F9652 		.ascii	"\220\237\226R\202\271\016\347\3635\305\207\342\252\377"
 478      82B90EE7 
 478      F335C587 
 478      E2AAFF
 479 1203 4489D0A4 		.ascii	"D\211\320\244\244\301\244M\203\031\252\301l]R\233\303"
 479      A4C1A44D 
 479      8319AAC1 
 479      6C5D529B 
 479      C3
 480 1214 47914461 		.ascii	"G\221Da)\224\317Y(\311\021\210\023N\336\350P\352\244"
 480      2994CF59 
 480      28C91188 
 480      134EDEE8 
 480      50EAA4
 481 1227 17EAE4ED 		.ascii	"\027\352\344\355\201D\373\002\223o\331\226\323;^ \336"
 481      8144FB02 
 481      936FD996 
 481      D33B5E20 
 481      DE
 482 1238 3A743D4D 		.ascii	":t=M\357\273\203\347\365\022D\277\251\223t\237\305\276"
 482      EFBB83E7 
 482      F51244BF 
 482      A993749F 
 482      C5BE
 483 124a B6391421 		.ascii	"\2669\024!\221\231))\347_\305\250\001\235(\315i\364"
 483      91992929 
 483      E75FC5A8 
 483      019D28CD 
 483      69F4
 484 125c 722B4D54 		.ascii	"r+MTris\230\212{\226\260i\202\177Y\252\221}\030\263"
 484      72697398 
 484      8A7B96B0 
 484      69827F59 
 484      AA917D18 
 485 1271 887D18D3 		.ascii	"\210}\030\323v\255\270\326\313Y\231h\245\037\212R\022"
 485      76ADB8D6 
 485      CB599968 
 485      A51F8A52 
 485      12
ARM GAS  C:\Users\CYIRKO~1\AppData\Local\Temp\ccT4KLik.s 			page 39


 486 1282 66314A5F 		.ascii	"f1J_\033K\212\220R\351\355\276\247\225;f\304\3011\261"
 486      1B4B8A90 
 486      52E9EDBE 
 486      A7953B66 
 486      C4C131B1 
 487 1296 4AE61838 		.ascii	"J\346\0308\222\257I\332\233\013\221\234x\300\241 6q"
 487      92AF49DA 
 487      9B0B919C 
 487      78C0A120 
 487      3671
 488 12a8 E24D94F8 		.ascii	"\342M\224\370iE\367I/9\361]\007\316q\2348\216\022o\335"
 488      6945F749 
 488      2F39F15D 
 488      07CE719C 
 488      388E126F 
 489 12bd 5418A5C1 		.ascii	"T\030\245\301\247Y\206LF\335:\247s\273\346\304+I6\254"
 489      A759864C 
 489      46DD3AA7 
 489      73BBE6C4 
 489      2B4936AC 
 490 12d1 E5C97029 		.ascii	"\345\311p)5/U\017\311P\015kb\347m\315p\"y\375\024%~"
 490      352F550F 
 490      C9500D6B 
 490      62E76DCD 
 490      702279FD 
 491 12e8 F011A143 		.ascii	"\360\021\241C\233\225\366\204\200S\307Uq\213\222$F\336"
 491      9B95F684 
 491      8053C755 
 491      718B9224 
 491      46DE
 492 12fa C464A237 		.ascii	"\304d\2427~\306\004oz1\332\345\315\231\215\025\250\012"
 492      7EC6046F 
 492      7A31DAE5 
 492      CD998D15 
 492      A80A
 493 130c 8FC1360D 		.ascii	"\217\3016\015\014\210EJ\312-A\342\226\340\314-\221r"
 493      0C88454A 
 493      CA2D41E2 
 493      96E0CC2D 
 493      9172
 494 131e 6BEDAF09 		.ascii	"k\355\257\011\304\263\214Ya\311\3362o\274\325\207\275"
 494      C4B38C59 
 494      61C9DE32 
 494      6FBCD587 
 494      BD
 495 132f D0AF399F 		.ascii	"\320\2579\237\245\206\244G\333\310D\332\036\247:\027"
 495      A586A447 
 495      DBC844DA 
 495      1EA73A17 
 496 133f D02A20DF 		.ascii	"\320* \337\216\262*\270PV\364\302\333\255\335;\250\335"
 496      8EB22AB8 
 496      5056F4C2 
 496      DBADDD3B 
 496      A8DD
 497 1351 494A6E78 		.ascii	"IJnx\177\346\3562O\256k\353\200f{A\0073\274^ \224h\253"
 497      7FE6EE32 
 497      4FAE6BEB 
ARM GAS  C:\Users\CYIRKO~1\AppData\Local\Temp\ccT4KLik.s 			page 40


 497      80667B41 
 497      0733BC5E 
 498 1369 4D57B45D 		.ascii	"MW\264]\251$\230\243\272;\251\272\327\206+\266z\342"
 498      A92498A3 
 498      BA3BA9BA 
 498      D7862BB6 
 498      7AE2
 499 137b 7B4CC5FC 		.ascii	"{L\305\374\330\355sj\311\223\011\333\034<\231,\331\236"
 499      D8ED736A 
 499      C99309DB 
 499      1C3C992C 
 499      D99E
 500 138d ECCC2C85 		.ascii	"\354\314,\2052\353\332\367 \305\013?b\314\256\2349p"
 500      32EBDAF7 
 500      20C50B3F 
 500      62CCAE9C 
 500      3970
 501 139f 4B2579F2 		.ascii	"K%y\362\256\223'S%n\251\316\334vQn)\227\352\2635\362"
 501      AE932753 
 501      256EA9CE 
 501      DC76516E 
 501      2997EAB3 
 502 13b5 EC9976C8 		.ascii	"\354\231v\310\236\335<{v\323\354\251\330\227{P\217\277"
 502      9EDD3C7B 
 502      76D3ECA9 
 502      D8977B50 
 502      8FBF
 503 13c7 61A21F3C 		.ascii	"a\242\037<\330\237\312\277\025{\203|\354\220r.[\315"
 503      D89FCABF 
 503      157B837C 
 503      EC90722E 
 503      5BCD
 504 13d9 2AE41AD9 		.ascii	"*\344\032\331)\354o\030\333\255\3031\013(\355\263=W"
 504      29EC6F18 
 504      DBADC331 
 504      0B28EDB3 
 504      3D57
 505 13eb EFF0CFAE 		.ascii	"\357\360\317\256\277\017h\356\213s_\271/\305,[)f*i)"
 505      BF0F68EE 
 505      8B735FB9 
 505      2FC52C5B 
 505      29662A69 
 506 1400 DE7C91D0 		.ascii	"\336|\221\320\251r.\266t(\2664Zl\331\264\330\350$B\235"
 506      A9722EB6 
 506      7428B634 
 506      5A6CD9B4 
 506      D8E82442 
 507 1415 DD5F33EB 		.ascii	"\335_3\353P\232\365/\243\256\033\311k\362\376\341\001"
 507      509AF52F 
 507      A3AE1BC9 
 507      6BF2FEE1 
 507      01
 508 1426 F15A35DD 		.ascii	"\361Z5\335\352\035\351\213\025\243\342`Q\336\253\364"
 508      EA1DE98B 
 508      15A3E260 
 508      51DEABF4 
 509 1436 4519E03C 		.ascii	"E\031\340<\330\322\311&\357\201\221\277@r\355S\376P"
ARM GAS  C:\Users\CYIRKO~1\AppData\Local\Temp\ccT4KLik.s 			page 41


 509      D8D2C926 
 509      EF8191BF 
 509      4072ED53 
 509      FE50
 510 1448 B1D018F4 		.ascii	"\261\320\030\364\227\240\300UfS\200\325\364{sx\350G"
 510      97A0C055 
 510      665380D5 
 510      F47B7378 
 510      E847
 511 145a A68008ED 		.ascii	"\246\200\010\355\037\376\370\331\222U+W*4\326u\221a"
 511      1FFEF8D9 
 511      92552B57 
 511      2A34D675 
 511      9161
 512 146c 4683F5ED 		.ascii	"F\203\365\355\337\375r\315\252\240\340\265\301\253\255"
 512      DFFD72CD 
 512      AAA0E0B5 
 512      C1ABAD
 513 147b 9181C1E1 		.ascii	"\221\201\301\341k\214\344<\334\262\362\335w\226\207"
 513      6B8CE43C 
 513      DCB2F2DD 
 513      779687
 514 148a 5B969BAD 		.ascii	"[\226\233\255\313\203\303\214!\221\201\246\345\306 "
 514      CB83C38C 
 514      219181A6 
 514      E5C620
 515 1499 6B10B00A 		.ascii	"k\020\260\012\264,\013R\350\014\206\310\3400\353[?7"
 515      B42C0B52 
 515      E80C86C8 
 515      E030EB5B 
 515      3F37
 516 14ab 58D7997E 		.ascii	"X\327\231~\311\346X\330|kxx\210e\315\372\260\310%\364"
 516      C9E658D8 
 516      7C6B7878 
 516      8865CDFA 
 516      B0C825F4 
 517 14bf 6C498039 		.ascii	"lI\2009t\211)t\255)0\320\024\270\346\235eo-\371\371"
 517      74892974 
 517      AD2930D0 
 517      14B8E69D 
 517      656F2DF9 
 518 14d4 8A95EFFE 		.ascii	"\212\225\357\376m\345\032\030\377YXx\230\351g\246\200"
 518      6DE51A18 
 518      FF595878 
 518      98E967A6 
 518      80
 519 14e5 B5C16BB8 		.ascii	"\265\301k\270\2205\241\001\300+\314\264\306\020hZ\027"
 519      9035A101 
 519      C02BCCB4 
 519      C610685A 
 519      17
 520 14f6 10196235 		.ascii	"\020\031b5X7F\230\210D\255M\336\177\376\237\312\263"
 520      58374698 
 520      8844AD4D 
 520      DE7FFE9F 
 520      CAB3
 521 1508 6CB4AC31 		.ascii	"l\264\2541X\254\201\300\034\204h\254\021\346\340p\203"
ARM GAS  C:\Users\CYIRKO~1\AppData\Local\Temp\ccT4KLik.s 			page 42


 521      58AC81C0 
 521      1C8468AC 
 521      11E6E070 
 521      83
 522 1519 F5E397FA 		.ascii	"\365\343\227\372\304\030\036\032\032\036\266<\"\334"
 522      C4181E1A 
 522      1A1EB63C 
 522      22DC
 523 1527 6CB52CFF 		.ascii	"l\265,\377\360\317\237\254\372\344K2\026\021\034b2["
 523      F0CF9FAC 
 523      FAE44B32 
 523      16111C62 
 523      325B
 524 1539 96FF61D5 		.ascii	"\226\377a\325*\342*\256\266\322\030\024`V[\202\377\307"
 524      2AE22AAE 
 524      B6D21814 
 524      60565B82 
 524      FFC7
 525 154b 64B006FE 		.ascii	"d\260\006\376\203\232\207\004\257]\263\336ht\262\000"
 525      839A8704 
 525      AF5DB3DE 
 525      6874B200 
 526 155b 0896AD94 		.ascii	"\010\226\255\224\354\260\302\254u P\035\004!2\231\225"
 526      ECB0C2AC 
 526      7520501D 
 526      04213299 
 526      95
 527 156c EBCC2693 		.ascii	"\353\314&\223*\"`\275\311\242\0143}iU\005\204\004\257"
 527      2A2260BD 
 527      C9A20C33 
 527      7D695505 
 527      8404AF
 528 157f 0FE3617B 		.ascii	"\017\343a{\347m\203Uk;\321Y\254\237\323\213\006\353"
 528      E76D8355 
 528      6B3BD159 
 528      AC9FD38B 
 528      06EB
 529 1591 2F5FDFEC 		.ascii	"/_\337\354 c\270\331\004b=Al\204\201\313\216\264\230"
 529      2063B8D9 
 529      04623D41 
 529      6C8481CB 
 529      8EB498
 530 15a4 0295C466 		.ascii	"\002\225\304f%\031\365\222]\002\271\021\346\360/\202"
 530      2519F592 
 530      5D02B911 
 530      E6F02F82 
 531 15b4 E1541F6A 		.ascii	"\341T\037j\012]o\342I\370\353W\221\034n\001O\310\322"
 531      0A5D6FE2 
 531      49F8EB57 
 531      911C6E01 
 531      4FC8D2
 532 15c7 1118D8A4 		.ascii	"\021\030\330\244\303i\270y#\021\022\201C\255_\252\302"
 532      C369B879 
 532      23111281 
 532      43AD5FAA 
 532      C2
 533 15d8 378499CC 		.ascii	"7\204\231\314Z\310\326\020\022P\015\014\205\200\327"
ARM GAS  C:\Users\CYIRKO~1\AppData\Local\Temp\ccT4KLik.s 			page 43


 533      5AC8D610 
 533      12500D0C 
 533      8580D7
 534 15e7 B5A60853 		.ascii	"\265\246\010S\030\204z\275\247\351\013S\23054\300\362"
 534      18847ABD 
 534      A7E90B53 
 534      983534C0 
 534      F2
 535 15f8 3928146A 		.ascii	"9(\024jY\377\267HS\244i\2011\310\3003\334@\007\224\021"
 535      59FFB748 
 535      53A46981 
 535      31C8C033 
 535      DC400794 
 536 160d 66D3173E 		.ascii	"f\323\027>\016C\006\253fC@\260\025X\370\310\250\011"
 536      0E4306AB 
 536      664340B0 
 536      1558F8C8 
 536      A809
 537 161f 6F6F3962 		.ascii	"oo9b\260\242H\265i\003\021\240\336`\005\351\021p\260"
 537      B0A248B5 
 537      690311A0 
 537      DE6005E9 
 537      1170B0
 538 1632 984223B0 		.ascii	"\230B#\2601\314\352a0\360T\326\360\243\012F\341\227"
 538      31CCEA61 
 538      30F054D6 
 538      F0A30A46 
 538      E197
 539 1644 4AD0035F 		.ascii	"J\320\003_\240\014\210\010\002\3234\026\242\246e\275"
 539      A00C8808 
 539      02D33416 
 539      A2A665BD 
 540 1654 0A000836 		.ascii	"\012\000\0106X\255\346\010_&\310`6\2553\231MaF\320\011"
 540      58ADE608 
 540      5F26C860 
 540      36AD3399 
 540      4D6146D0 
 541 1669 9887AFFD 		.ascii	"\230\207\257\375k\204\326\364e\260\325\030\036hR\233"
 541      6B84D6F4 
 541      65B0D518 
 541      1E68529B 
 542 1679 0337C20C 		.ascii	"\0037\302\014%\220X<X\310\337\003i\266\243\225\214\003"
 542      2590583C 
 542      58C8DF03 
 542      69B6A395 
 542      8C03
 543 168b BB752101 		.ascii	"\273u!\001\353-\032k(\314\000\314b\205.\241\265\322"
 543      EB2D1A6B 
 543      28CC00CC 
 543      62852EA1 
 543      B5D2
 544 169d 036119B0 		.ascii	"\003a\031\2606\300bR\206\005\204\232T\341!\020/U\230"
 544      36C06252 
 544      8605849A 
 544      54E12110 
 544      2F5598
 545 16b0 6983C98C 		.ascii	"i\203\311\214\215\326/\005K\204\020B\274\273\0362\322"
ARM GAS  C:\Users\CYIRKO~1\AppData\Local\Temp\ccT4KLik.s 			page 44


 545      8DD62F05 
 545      4B841042 
 545      BCBB1E32 
 545      D2
 546 16c1 60C5E695 		.ascii	"`\305\346\225+\001V\010\346\367\005\363{\202\371]\301"
 546      2B015608 
 546      E6F705F3 
 546      7B82F95D 
 546      C1
 547 16d2 FC8E60FE 		.ascii	"\374\216`\376\205`~\333\223\344\0121\026&\275R\204]"
 547      85607EDB 
 547      93E40A31 
 547      1626BD52 
 547      845D
 548 16e4 E496E18B 		.ascii	"\344\226\341\213wC!\302z\312\312\030\036f\205dV\222"
 548      774321C2 
 548      7ACACA18 
 548      1E668564 
 548      5692
 549 16f6 A07AD803 		.ascii	"\240z\330\003\240\012\215\200\372\321r\277X\265p!4\022"
 549      A00A8D80 
 549      FAD172BF 
 549      58B57021 
 549      3412
 550 1708 E834F4D7 		.ascii	"\3504\364\327`]\371\352\035\316b\014\012\004i+^}\006"
 550      605DF9EA 
 550      1DCE620C 
 550      0A04692B 
 550      5E7D06
 551 171b 041726FC 		.ascii	"\004\027&\374\3425Dl\264\330\232\303k\210\201\224\200"
 551      E235446C 
 551      B4D89AC3 
 551      6B888194 
 551      80
 552 172c 095EB23C 		.ascii	"\011^\262<7X\177\365\217\024\015\231\372*\242-f#P\007"
 552      37587FF5 
 552      8F140D99 
 552      FA2AA22D 
 552      66235007 
 553 1740 6E840408 		.ascii	"n\204\004\0106.3*\276\357\264\226|B5\371\0238\336\023"
 553      362E332A 
 553      BEEFB496 
 553      7C4235F9 
 553      1338DE13 
 554 1754 72CF64B4 		.ascii	"r\317d\264\032H\301{\222H\360Z\377\315?X\323\204\205"
 554      1A48C17B 
 554      9248F05A 
 554      FFCD3F58 
 554      D38485
 555 1767 45662C65 		.ascii	"Ef,ei\205\272Xm\014\372\217\200\317M\221\021\253\277"
 555      6985BA58 
 555      6D0CFA8F 
 555      80CF4D91 
 555      11ABBF
 556 177a 2B536675 		.ascii	"+Sfu\244\205T\265)\360c\025\351%\021\312\015\200\251"
 556      A48554B5 
 556      29F06315 
ARM GAS  C:\Users\CYIRKO~1\AppData\Local\Temp\ccT4KLik.s 			page 45


 556      E92511CA 
 556      0D80A9
 557 178d 3690ECC5 		.ascii	"6\220\354\305\001\346\365\013yZ\004\232,Fsp\2045\034"
 557      01E6F50B 
 557      795A049A 
 557      2C467370 
 557      84351C
 558 17a0 7A90AF31 		.ascii	"z\220\2571\210,\205\037\206\204\204\033?$\255\317\024"
 558      882C851F 
 558      8684841B 
 558      3F24ADCF 
 558      14
 559 17b1 E8690C22 		.ascii	"\350i\014\"\266\320!\310\254\325\033-\377\026n\374\374"
 559      B6D021C8 
 559      ACD51B2D 
 559      FF166EFC 
 559      FC
 560 17c2 7502B491 		.ascii	"u\002\264\221\350\354A\323\024x|\356e\200"
 560      E8EC41D3 
 560      14787CEE 
 560      6580
 561 17d0 32B61A7E 		.ascii	"2\266\032~\373\341\352\337\375\351\317\037{\005\204"
 561      FBE1EADF 
 561      FDE9CF1F 
 561      7B0584
 562 17df 6C08D868 		.ascii	"l\010\330h\201Z\010\201\325\355\267\257\342\031\310"
 562      815A0881 
 562      D5EDB7AF 
 562      E219C8
 563 17ee F3E5AB3E 		.ascii	"\363\345\253>Y\375\361jIH\250%\330b\200\225\200t<\252"
 563      59FDF16A 
 563      4948A825 
 563      D8628095 
 563      80743CAA 
 564 1802 E3676144 		.ascii	"\343gaD\024+\263\3100.\226vT\303\262w\336\177\377}\255"
 564      142BB3C8 
 564      302E9676 
 564      54C3B277 
 564      DE7FFF7D 
 565 1817 0DFB5F1B 		.ascii	"\015\373_\033\204\\<"
 565      845C3C
 566              		.text
 567              		.section	.gnu.lto_.symtab.daa0550f,"",%progbits
 568 0000 63685468 		.ascii	"chThdCreateFromHeap\000"
 568      64437265 
 568      61746546 
 568      726F6D48 
 568      65617000 
 569 0014 00       		.ascii	"\000"
 570 0015 00       		.ascii	"\000"
 571 0016 00       		.ascii	"\000"
 572 0017 00000000 		.ascii	"\000\000\000\000\000\000\000\000"
 572      00000000 
 573 001f BF010000 		.ascii	"\277\001\000\000"
 574 0023 63685468 		.ascii	"chThdCreateFromMemoryPool\000"
 574      64437265 
 574      61746546 
ARM GAS  C:\Users\CYIRKO~1\AppData\Local\Temp\ccT4KLik.s 			page 46


 574      726F6D4D 
 574      656D6F72 
 575 003d 00       		.ascii	"\000"
 576 003e 00       		.ascii	"\000"
 577 003f 00       		.ascii	"\000"
 578 0040 00000000 		.ascii	"\000\000\000\000\000\000\000\000"
 578      00000000 
 579 0048 D6010000 		.ascii	"\326\001\000\000"
 580 004c 63685363 		.ascii	"chSchWakeupS\000"
 580      6857616B 
 580      65757053 
 580      00
 581 0059 00       		.ascii	"\000"
 582 005a 02       		.ascii	"\002"
 583 005b 00       		.ascii	"\000"
 584 005c 00000000 		.ascii	"\000\000\000\000\000\000\000\000"
 584      00000000 
 585 0064 DB010000 		.ascii	"\333\001\000\000"
 586 0068 63685468 		.ascii	"chThdCreateSuspendedI\000"
 586      64437265 
 586      61746553 
 586      75737065 
 586      6E646564 
 587 007e 00       		.ascii	"\000"
 588 007f 02       		.ascii	"\002"
 589 0080 00       		.ascii	"\000"
 590 0081 00000000 		.ascii	"\000\000\000\000\000\000\000\000"
 590      00000000 
 591 0089 F1010000 		.ascii	"\361\001\000\000"
 592 008d 63684865 		.ascii	"chHeapAllocAligned\000"
 592      6170416C 
 592      6C6F6341 
 592      6C69676E 
 592      656400
 593 00a0 00       		.ascii	"\000"
 594 00a1 02       		.ascii	"\002"
 595 00a2 00       		.ascii	"\000"
 596 00a3 00000000 		.ascii	"\000\000\000\000\000\000\000\000"
 596      00000000 
 597 00ab F7010000 		.ascii	"\367\001\000\000"
 598 00af 6368506F 		.ascii	"chPoolAlloc\000"
 598      6F6C416C 
 598      6C6F6300 
 599 00bb 00       		.ascii	"\000"
 600 00bc 02       		.ascii	"\002"
 601 00bd 00       		.ascii	"\000"
 602 00be 00000000 		.ascii	"\000\000\000\000\000\000\000\000"
 602      00000000 
 603 00c6 FB010000 		.ascii	"\373\001\000\000"
 604              		.text
 605              		.section	.gnu.lto_.opts,"",%progbits
 606 0000 272D666D 		.ascii	"'-fmath-errno' '-fsigned-zeros' '-ftrapping-math' '"
 606      6174682D 
 606      6572726E 
 606      6F272027 
 606      2D667369 
 607 0033 2D666E6F 		.ascii	"-fno-trapv' '-fno-openmp' '-fno-openacc' '-mcpu=cor"
ARM GAS  C:\Users\CYIRKO~1\AppData\Local\Temp\ccT4KLik.s 			page 47


 607      2D747261 
 607      70762720 
 607      272D666E 
 607      6F2D6F70 
 608 0066 7465782D 		.ascii	"tex-m7' '-mno-thumb-interwork' '-mthumb' '-ggdb' '-"
 608      6D372720 
 608      272D6D6E 
 608      6F2D7468 
 608      756D622D 
 609 0099 4F322720 		.ascii	"O2' '-fomit-frame-pointer' '-falign-functions=16' '"
 609      272D666F 
 609      6D69742D 
 609      6672616D 
 609      652D706F 
 610 00cc 2D666675 		.ascii	"-ffunction-sections' '-fdata-sections' '-fno-common"
 610      6E637469 
 610      6F6E2D73 
 610      65637469 
 610      6F6E7327 
 611 00ff 2720272D 		.ascii	"' '-flto'\000"
 611      666C746F 
 611      2700
 612              		.text
 613              		.comm	__gnu_lto_v1,1,1
 614              		.comm	__gnu_lto_slim,1,1
 615              		.ident	"GCC: (GNU Tools for ARM Embedded Processors 6-2017-q1-update) 6.3.1 20170215 (release) [AR
ARM GAS  C:\Users\CYIRKO~1\AppData\Local\Temp\ccT4KLik.s 			page 48


DEFINED SYMBOLS
                            *ABS*:00000000 chdynamic.c
                            *COM*:00000001 __gnu_lto_v1
                            *COM*:00000001 __gnu_lto_slim

NO UNDEFINED SYMBOLS
