ARM GAS  C:\Users\CYIRKO~1\AppData\Local\Temp\ccGd1FUv.s 			page 1


   1              		.cpu cortex-m7
   2              		.eabi_attribute 20, 1
   3              		.eabi_attribute 21, 1
   4              		.eabi_attribute 23, 3
   5              		.eabi_attribute 24, 1
   6              		.eabi_attribute 25, 1
   7              		.eabi_attribute 26, 1
   8              		.eabi_attribute 30, 2
   9              		.eabi_attribute 34, 1
  10              		.eabi_attribute 18, 4
  11              		.file	"chmemcore.c"
  12              		.text
  13              	.Ltext0:
  14              		.section	.gnu.lto_.profile.daa046d3,"",%progbits
  15 0000 789C6365 		.ascii	"x\234ce`b`a```d\320V\007\000\000\375\000_"
  15      60626061 
  15      60606064 
  15      D0560700 
  15      00FD005F 
  16              		.text
  17              		.section	.gnu.lto_.icf.daa046d3,"",%progbits
  18 0000 789C6365 		.ascii	"x\234ce`bPc@\0006\206\243\013O\037\345f\334\373\360"
  18      60625063 
  18      40003686 
  18      A30B4F1F 
  18      E566DCFB 
  19 0015 5D3B2B33 		.ascii	"];+3\230d\2357\343\321R>\266\223+\337>\346f\277>\345"
  19      98649D37 
  19      E3D1523E 
  19      B6932BDF 
  19      3EE666BF 
  20 002b F5621606 		.ascii	"\365b\026\006\000n\233\022\220"
  20      006E9B12 
  20      90
  21              		.text
  22              		.section	.gnu.lto_.jmpfuncs.daa046d3,"",%progbits
  23 0000 789C6365 		.ascii	"x\234ce`b\020c@\000\026 febdd\256\257g\203P\354@\021"
  23      60621063 
  23      40001620 
  23      66656264 
  23      64AEAF67 
  24 0019 0017A902 		.ascii	"\000\027\251\002>"
  24      3E
  25              		.text
  26              		.section	.gnu.lto_.inline.daa046d3,"",%progbits
  27 0000 789C6365 		.ascii	"x\234ce`b\250`@\000\026\006\006V\026F\006&\226\005\362"
  27      6062A860 
  27      40001606 
  27      06561646 
  27      06269605 
  28 0015 0C6C0BE4 		.ascii	"\014l\013\344\231@b\254\014\202\002\214L\214\012\214"
  28      994062AC 
  28      0C82028C 
  28      4C8C0A8C 
  29 0025 40368860 		.ascii	"@6\210`\021\2310\223\021\"\313\366A\217\207\201\351"
  29      11993093 
  29      1122CBF6 
ARM GAS  C:\Users\CYIRKO~1\AppData\Local\Temp\ccGd1FUv.s 			page 2


  29      418F8781 
  29      E9
  30 0036 023F0B48 		.ascii	"\002?\013H\035\033\203\260\020#\023X\011X1\213\304\206"
  30      1D1B83B0 
  30      10231358 
  30      0958318B 
  30      C486
  31 0048 1D68EA38 		.ascii	"\035h\3528@\352\330\031\330X\201V\000\305\340V0\000"
  31      40EAD819 
  31      D8588156 
  31      00C5E056 
  31      3000
  32 005a 0012AD0D 		.ascii	"\000\022\255\015z"
  32      7A
  33              		.text
  34              		.section	.gnu.lto_.pureconst.daa046d3,"",%progbits
  35 0000 789C6365 		.ascii	"x\234ce`b\340b```a\220`\225`\333\305\310\316\002\000"
  35      6062E062 
  35      60606061 
  35      90609560 
  35      DBC5C8CE 
  36 0016 05CE0117 		.ascii	"\005\316\001\027"
  37              		.text
  38              		.section	.gnu.lto__core_init.daa046d3,"",%progbits
  39 0000 789C6365 		.ascii	"x\234ce`bPeb`\010g``\220\006bFf\006F\246\011\347\030"
  39      60625065 
  39      62600867 
  39      60609006 
  39      62466606 
  40 0019 181A3998 		.ascii	"\030\0329\230\030\031A\214\006\016F\206z&\306z\306~"
  40      1819418C 
  40      060E4686 
  40      7A26C67A 
  40      C67E
  41 002b E6E9CC8C 		.ascii	"\346\351\314\214\207\332\237\355d\322\\\336\000\004"
  41      87DA9FED 
  41      64D25CDE 
  41      0004
  42 0039 07A6EF63 		.ascii	"\007\246\357ckkh\225\230\317\314\3000\023\210A\200q"
  42      6B6B6895 
  42      98CFCCC0 
  42      30138841 
  42      8071
  43 004b 39A32603 		.ascii	"9\243&\003P\331\327\256\317Oy\231m\031A\354\005\373"
  43      50D9D7AE 
  43      CF4F7999 
  43      6D1941EC 
  43      05FB
  44 005d 0F9DE757 		.ascii	"\017\235\347W]\334\360\000\250\345\332,\221I\015\013"
  44      5DDCF000 
  44      A8E5DA2C 
  44      91490D0B 
  45 006d 6634B0CC 		.ascii	"f4\260\314gfd\\\301\310\014\325\007b2\200\324^\177\262"
  45      6766645C 
  45      C1C80CD5 
  45      07623280 
  45      D45E7FB2 
ARM GAS  C:\Users\CYIRKO~1\AppData\Local\Temp\ccGd1FUv.s 			page 3


  46 0081 652323B3 		.ascii	"e##\263\027X\337\275\235\3536\262A\365\235\222jl8\324"
  46      1758DFBD 
  46      9DEB36B2 
  46      41F59D92 
  46      6A6C38D4 
  47 0095 A800D2B5 		.ascii	"\250\000\322\265\012\241k\025T\327\243\215\377\246\362"
  47      0AA16B15 
  47      54D7A38D 
  47      FFA6F2
  48 00a4 B2B130AE 		.ascii	"\262\2610\256fTe\\\311\250\012q\015\343\032F6F \275"
  48      6654655C 
  48      C9A80A71 
  48      0DE31A46 
  48      364620BD 
  49 00b8 FE12E381 		.ascii	"\376\022\343\201\206\177\377\333\033\016\374\223\\\277"
  49      867FFFDB 
  49      1B0EFC93 
  49      5CBF
  50 00c6 E5BE200B 		.ascii	"\345\276 \013\003C\027P\036\344\265nf&\020\315\374\222"
  50      03431750 
  50      1EE4B56E 
  50      662610CD 
  50      FC92
  51 00d8 B1E957FB 		.ascii	"\261\351W\373\335\2559 -@\343\246\265\036:\317\336\307"
  51      DDAD3920 
  51      2D40E3A6 
  51      B51E3ACF 
  51      DEC7
  52 00ea 3C9F9909 		.ascii	"<\237\231\011\354\216\235;\337\334f\257\377\333\300"
  52      EC8E9D3B 
  52      DFDC66AF 
  52      FFDBC0
  53 00f9 0114580C 		.ascii	"\001\024X\0142\031(\366\352\314\325#\\\363\031\3472"
  53      321928F6 
  53      EACCD523 
  53      5CF319E7 
  53      32
  54 010a CE676666 		.ascii	"\316gff\\\007\014\234\265\2142@+\3273\316gD6\200\005"
  54      5C070C9C 
  54      B58C3240 
  54      2BD733CE 
  54      67443680 
  55 011f DD0096C5 		.ascii	"\335\000\226\305\314\214\350\00602n\004\032\260\001"
  55      CC8CE806 
  55      30326E04 
  55      1AB001
  56 012e 640028B4 		.ascii	"d\000(\264~\375\274\312\003T\334\321\320\260\240\014"
  56      7EFDBCCA 
  56      0354DCD1 
  56      D0B0A00C 
  57 013e 64C226A0 		.ascii	"d\302&\240\231@\24373\3263\200\335\371\026\356NT\207"
  57      9940A337 
  57      33D63380 
  57      DDF916EE 
  57      4E5487
  58 0151 31613A6C 		.ascii	"1a:l\013\334a[!\016Cu\0113\246K\266\341s\311v\210Kv"
  58      0BDC615B 
ARM GAS  C:\Users\CYIRKO~1\AppData\Local\Temp\ccGd1FUv.s 			page 4


  58      210E4375 
  58      0933A64B 
  58      B6E173C9 
  59 0169 005DF296 		.ascii	"\000]\362\226\261i\301\357^F\220C\300Q\321\005\364\026"
  59      B169C1EF 
  59      5E469043 
  59      C051D105 
  59      F416
  60 017b 3024816E 		.ascii	"0$\201n\260r\265\212q\316\310L\312\014.)M\311\314\217"
  60      B072B58A 
  60      71CEC84C 
  60      CA0C2E29 
  60      4DC9CC8F 
  61 018f 4906B1F3 		.ascii	"I\006\261\363\213\015\315\315\364\363\213\365\223\363"
  61      8B0DCDCD 
  61      F4F38BF5 
  61      93F3
  62 019d 7373F3F3 		.ascii	"ss\363\363\200\254\234\314$\375\342\242d\375\344\214"
  62      80AC9CCC 
  62      24FDE2A2 
  62      64FDE48C 
  63 01ad DCD4DCE4 		.ascii	"\334\324\334\344\374\242T\275d\006\236\370\370\214\324"
  63      FCA254BD 
  63      64069EF8 
  63      F88CD4
  64 01bc C482F8D4 		.ascii	"\304\202\370\324\274\224\370x^(')\26185>\036\000\220"
  64      BC94F878 
  64      5E282729 
  64      B138353E 
  64      1E0090
  65 01cf D7DAFE   		.ascii	"\327\332\376"
  66              		.text
  67              		.section	.gnu.lto_chCoreAllocAlignedI.daa046d3,"",%progbits
  68 0000 789C8D53 		.ascii	"x\234\215S]HTA\024>\347\316\334\275\313\256\273\353"
  68      5D485441 
  68      143EE7CE 
  68      DCBDCBAE 
  68      BBEB
  69 0012 2A419081 		.ascii	"*A\220\201\017\211\370\342\022\364\003B/E`\317=\005"
  69      0F89F8E2 
  69      12F40342 
  69      2F4560CF 
  69      3D05
  70 0024 BEE426B9 		.ascii	"\276\344&\271\340\272\341\326K\004^]]1\251\014j\255"
  70      E0BAE1D6 
  70      4B045E5D 
  70      5D31A90C 
  70      6AAD
  71 0036 70594A42 		.ascii	"pYJB\315L\355W\037\304%#\214\354O\022\304\020\244\377"
  71      CD4CED57 
  71      1FC42523 
  71      8CEC4F12 
  71      C410A4FF 
  72 004a B58C8A82 		.ascii	"\265\214\212\202\302\\;g\356f\251/]\270\347\316|s\276"
  72      C25C3B67 
  72      EE66A92F 
  72      5DB8E7CE 
ARM GAS  C:\Users\CYIRKO~1\AppData\Local\Temp\ccGd1FUv.s 			page 5


  72      7C73BE
  73 005d 33DFF966 		.ascii	"3\337\371f\256\016\032\314\010\200=\000\260\225^\324"
  73      AE0E1ACC 
  73      08803D00 
  73      B0955ED4 
  74 006d 01B5D6C7 		.ascii	"\001\265\326\307\000uvM\223\357\0150\035\242\353>\200"
  74      0075764D 
  74      93EF0D30 
  74      1DA2EB3E 
  74      80
  75 007e 9925505A 		.ascii	"\231%PZ\270D\344\201iG\250\325\204\304Z<%\332\004>k"
  75      B844E481 
  75      6947A8D5 
  75      84C45A3C 
  75      25DA043E 
  76 0093 E86F1727 		.ascii	"\350o\027'EB\000J\232~yt\341\225\233\247\210\371\274"
  76      4542004A 
  76      9A7E7974 
  76      E1959BA7 
  76      88F9BC
  77 00a6 3AF7AEC1 		.ascii	":\367\256\301Y\324i\232\365f\262m\320h\2134\226&\204"
  77      59D4699A 
  77      F566B26D 
  77      D0688B34 
  77      962684
  78 00b9 06E729BB 		.ascii	"\006\347)\273\013\363\260\023\363x\363n,\242\334Ku\223"
  78      0BF3B013 
  78      F378F36E 
  78      2CA2DC4B 
  78      7593
  79 00cb 0F5D6207 		.ascii	"\017]b\007\002\215\233z\207S\356\302\313\212\367\374"
  79      028D9B7A 
  79      8753EEC2 
  79      CB8AF7FC 
  80 00db 8C303725 		.ascii	"\21407%\204\300+(\376%\022\004\330\203\205\224\336\272"
  80      84C02B28 
  80      FE251204 
  80      D8838594 
  80      DEBA
  81 00ed B0386B88 		.ascii	"\2608k\210\235\212\032\2718=\"3\324\361\230\242J\274"
  81      9D8A1AB9 
  81      383D2233 
  81      D4F198A2 
  81      4ABC
  82 00ff BA9A2A01 		.ascii	"\272\232*\001{\261\220\363\307\223\315}\016Q\252\270"
  82      7BB190F3 
  82      C793CD7D 
  82      0E51AAB8 
  83 010f E989D467 		.ascii	"\351\211\324g\275\240Cq?\305\327\237\216\230c\246L\010"
  83      BDA04371 
  83      3FC5D79F 
  83      8E9863A6 
  83      4C08
  84 0121 1DAFADE4 		.ascii	"\035\257\255\344\363C\351/\007\322g]6\211}X\320AfR\006"
  84      F343E92F 
  84      07D2675D 
  84      36897D58 
ARM GAS  C:\Users\CYIRKO~1\AppData\Local\Temp\ccGd1FUv.s 			page 6


  84      D0416652 
  85 0136 35D38F36 		.ascii	"5\323\2176\244\017\203}\023\2304\323KMf\362\355\306"
  85      A40F837D 
  85      139834D3 
  85      4B4D66F2 
  85      EDC6
  86 0148 1FDF16BD 		.ascii	"\037\337\026\275\353\220v\326\310\032\332\232\354$\355"
  86      EB9076D6 
  86      C81ADA9A 
  86      EC24ED
  87 0157 3A4BB171 		.ascii	":K\261q08\330UC\016\032\352N\236gqpqps\360\000W\315"
  87      3038D855 
  87      430E1AEA 
  87      4E9E6771 
  87      70717073 
  88 016f E6652FCF 		.ascii	"\346e/\317s8\344\362\024\3408m\316\347\323B\366\322"
  88      7338E4F2 
  88      14E0386D 
  88      CEE7D342 
  88      F6D2
  89 0181 57A43012 		.ascii	"W\2440\022\213\366\016W\262\236\270\320\343B\304\251"
  89      8BF60E57 
  89      B29EB8D0 
  89      E342C4A9 
  90 0191 6985A285 		.ascii	"i\205\242\2051LM\314\214u\367\250\003\224\270D\217\007"
  90      314C4DCC 
  90      8C75F7A8 
  90      0394B844 
  90      8F07
  91 01a3 07A8C114 		.ascii	"\007\250\301\024\326O\375\3113\210\313\304_\321fa!v"
  91      D64FFDC9 
  91      3388CBC4 
  91      5FD16661 
  91      2176
  92 01b5 4536E00D 		.ascii	"E6\340\015\326\347\253~I4\241\314\212\245>\214:\254"
  92      D6E7AB7E 
  92      4934A1CC 
  92      8AA53E8C 
  92      3AAC
  93 01c7 2C07158F 		.ascii	",\007\025\2175\336}bpq\233\362wh\350\343\013\243v\321"
  93      35DE7D62 
  93      70719BF2 
  93      7768E8E3 
  93      0BA376D1 
  94 01db B413D021 		.ascii	"\264\023\320!P\23187>y\317\221\3008\262\3177\350Z]g"
  94      50993837 
  94      3E79CF91 
  94      C038B2CF 
  94      37E85A5D 
  95 01f0 83F12626 		.ascii	"\203\361&&\220\013~m\312\310pR\305\025\372\263TO\316"
  95      900B7E6D 
  95      CAC87052 
  95      C515FAB3 
  95      544FCE
  96 0203 15988BE0 		.ascii	"\025\230\213\340L\003\2447\003\272U\017.\253\332>\013"
  96      4C03A437 
  96      03BA550F 
ARM GAS  C:\Users\CYIRKO~1\AppData\Local\Temp\ccGd1FUv.s 			page 7


  96      2EABDA3E 
  96      0B
  97 0214 F310FC57 		.ascii	"\363\020\374W?\271J\220\245\177>b\263R\262\327\010\326"
  97      3FB94A90 
  97      A57F3E62 
  97      B352B2D7 
  97      08D6
  98 0226 D60ABEB5 		.ascii	"\326\012\276\265,\370\366j\301^*\301:\316E\177\352\026"
  98      2CF8F66A 
  98      C15E2AC1 
  98      3ACE457F 
  98      EA16
  99 0238 92A34037 		.ascii	"\222\243@7\274\306\206\251\321-\313^\346\250\373\324"
  99      BCC686A9 
  99      D12DCB5E 
  99      E6A8FBD4 
 100 0248 422ED32F 		.ascii	"B.\323/\307\007\327\036=1r\314Z\316UR-k\037l`\354\177"
 100      C707D71E 
 100      3D3172CC 
 100      5ACE5552 
 100      2D6B1F6C 
 101 025f 6CBCB3AC 		.ascii	"l\274\263\254j\220TQ\025U_\252\2131\217\032\304\231"
 101      6A905451 
 101      15555FAA 
 101      8B318F1A 
 101      C499
 102 0271 04DF11B1 		.ascii	"\004\337\021\2618O\233^\230\245\024\217\230N?E\272F"
 102      384F9B5E 
 102      98A5148F 
 102      984E3F45 
 102      BA46
 103 0283 C859D469 		.ascii	"\310Y\324i\311\356\222\262]\225\201\362\300\336\303"
 103      C9EE92B2 
 103      5D9581F2 
 103      C0DEC3
 104 0292 470E0442 		.ascii	"G\016\004Be~\036\207\302\233\267o\363\205\302>\177("
 104      657E1E87 
 104      C29BB76F 
 104      F385C23E 
 104      7F28
 105 02a4 180C55D3 		.ascii	"\030\014U\323\250*P\356\013\327\370}\376\312`E\320\037"
 105      A82A50EE 
 105      0BD7F87D 
 105      FECA6045 
 105      D01F
 106 02b6 AAA928F6 		.ascii	"\252\251(\366\203\014\007\216V\350\373\253\002\007\253"
 106      830C078E 
 106      56E8FBAB 
 106      0207AB
 107 02c5 F1D06FE8 		.ascii	"\361\320o\350@FP"
 107      404650
 108              		.text
 109              		.section	.gnu.lto_chCoreAllocAligned.daa046d3,"",%progbits
 110 0000 789C8D54 		.ascii	"x\234\215T}LSW\024\277\347\335\327\327\322\362%\377"
 110      7D4C5357 
 110      14BFE7DD 
 110      D7D7D2F2 
ARM GAS  C:\Users\CYIRKO~1\AppData\Local\Temp\ccGd1FUv.s 			page 8


 110      25FF
 111 0012 6CC9C852 		.ascii	"l\311\310R\222\021$Y\250K\334L\314\266d\222%n\011\377"
 111      92112459 
 111      A84BDC4C 
 111      CCB66492 
 111      256E09FF 
 112 0026 C85F4B4C 		.ascii	"\310_KL\010\324N\232PJZ0\272,\341\331\"\214\261\017"
 112      08D44E9A 
 112      504A5A30 
 112      BA2CE1D9 
 112      228CB10F 
 113 003a 9731BE46 		.ascii	"\2271\276FS\247Y\2049\004\353\234\242|T@\205\201\250"
 113      53A75984 
 113      3904EB9C 
 113      A27C5440 
 113      8581A8
 114 004d 0C16825B 		.ascii	"\014\026\202[\302dD\213\037sf\313\\\234e\347\334Wji"
 114      C264448B 
 114      1F7366CB 
 114      5C9C65E7 
 114      DC576A69 
 115 0061 89E3FD71 		.ascii	"\211\343\375q\337\275\347\236\337\271\277\363\251c\022"
 115      DFBDE79E 
 115      DFB9BFF3 
 115      A96312
 116 0070 7B57CFD8 		.ascii	"{W\317\330\363\300\330\313\2141\3201\220\016N2\266\337"
 116      F3C0D8CB 
 116      8C31D031 
 116      900E4E32 
 116      B6DF
 117 0082 2049F22D 		.ascii	" I\362-=S\215\274\343\"cj2\007Y\223\313\000\264Q\015"
 117      3D538DBC 
 117      E322636A 
 117      32075993 
 117      CB00B451 
 118 0097 C0AA252E 		.ascii	"\300\252%.C5|\312\2339\\\253\351i\347\237p?g \343\361"
 118      43357CCA 
 118      9B395CAB 
 118      E969E79F 
 118      703F6720 
 119 00ad 8FCB6D0B 		.ascii	"\217\313m\013\251t\0040\323\355\322\315\032S\356QU\365"
 119      A9740430 
 119      D3EDD2CD 
 119      1A53EE51 
 119      55F5
 120 00bf A8C1E680 		.ascii	"\250\301\346\200\261\331{`\273\237K\254\025\265; \023"
 120      B1D97B60 
 120      BB9F4BAC 
 120      15B53B20 
 120      13
 121 00d0 8E42263D 		.ascii	"\216B&=\336\011\271\250{x\377\314x\012\177\015\030\356"
 121      DE09B9A8 
 121      7B78FFCC 
 121      780A7F0D 
 121      18EE
 122 00e2 EBBAFA43 		.ascii	"\353\272\372C\2519_\013\334D#W_\360s\016\337\000\217"
 122      A9395F0B 
ARM GAS  C:\Users\CYIRKO~1\AppData\Local\Temp\ccGd1FUv.s 			page 9


 122      DC442357 
 122      5FF0730E 
 122      DF008F
 123 00f5 05A288C1 		.ascii	"\005\242\210\3011\310A\365\203\217\036\317\353\3716"
 123      31C841F5 
 123      838F1ECF 
 123      EBF936
 124 0104 01F57E35 		.ascii	"\001\365~57(G\240#M\002*\303\267\361P\231A\027\344\220"
 124      372847A0 
 124      234D022A 
 124      C3B7F150 
 124      994117E4 
 125 0119 FE44B0BE 		.ascii	"\376D\260\276\333\310\267\013\354\317\037\204O\313\331"
 125      DBC8B70B 
 125      ECCF1F84 
 125      4FCBD9
 126 0128 4704F6A7 		.ascii	"G\004\366\247\316\214\317\274\352\250*#a8\276\032O\037"
 126      CE8CCFBC 
 126      EAA82A23 
 126      6138BE1A 
 126      4F1F
 127 013a AADF3811 		.ascii	"\252\3378\021\376\"E\221\241\033\262\311%\364\244\007"
 127      FE224591 
 127      A11BB2C9 
 127      25F4A407 
 128 014a 148CA884 		.ascii	"\024\214\250\204wM\267\036\206\365\021S\223\235\251"
 128      774DB71E 
 128      86F51153 
 128      939DA9
 129 0159 AD6AB0C6 		.ascii	"\255j\260\306\274\206\023\364\301\011\310FDx*t_\027"
 129      BC8613F4 
 129      C109C846 
 129      44782A74 
 129      5F17
 130 016b 41DCF33D 		.ascii	"A\334\363=\273\362\270n\255\307!\000\331\335S\020T\303"
 130      BBF2B86E 
 130      ADC72100 
 130      D9DD5310 
 130      54C3
 131 017d CB75683F 		.ascii	"\313uh?\367\367?\2473\236\221\200\302\201\221G\317d"
 131      F7F73FA7 
 131      339E9180 
 131      C2819147 
 131      CF64
 132 018f F251478B 		.ascii	"\362QG\213B\213^<b\300\255.\211\316FZL\264$\323\222"
 132      428B5E3C 
 132      62C0AD2E 
 132      89CE465A 
 132      4CB424D3 
 133 01a4 220CA6D2 		.ascii	"\"\014\246\322u\032\235\323i\331@\307\014F\371b\037"
 133      751A9DD3 
 133      69D940C7 
 133      0C46F962 
 133      1F
 134 01b5 A27794FD 		.ascii	"\242w\224\375\006<\340\237/\202D\001\270\331W7\015\374"
 134      063CE09F 
 134      2F824401 
ARM GAS  C:\Users\CYIRKO~1\AppData\Local\Temp\ccGd1FUv.s 			page 10


 134      B8D95737 
 134      0DFC
 135 01c7 6D11BB53 		.ascii	"m\021\273S\003\263-\306\010\375Km\033\333\274\343\037"
 135      03B32DC6 
 135      08FD4B6D 
 135      1BDBBCE3 
 135      1F
 136 01d8 A9873CE9 		.ascii	"\251\207<\351~\256\300\3115\034\370N\370\\\027R\373"
 136      7EAEC0C9 
 136      351CF84E 
 136      F85C1752 
 136      FB
 137 01e9 652A1705 		.ascii	"e*\027\005\314p\012\357\226\300sc\271\261g\012\242\341"
 137      CC700AEF 
 137      96C07363 
 137      B9B1670A 
 137      A2E1
 138 01fb AD51F10B 		.ascii	"\255Q\361\013~~\306(\242\333\312\201\305]\375x\326\\"
 138      7E7EC628 
 138      A2DBCA81 
 138      C55DFD78 
 138      D65C
 139 020d C4E07BBA 		.ascii	"\304\340{\272\223\342\357\206\3336~\311\351-\006\247"
 139      93E2EF86 
 139      DB367EC9 
 139      E92D06A7 
 140 021d 4981C7A4 		.ascii	"I\201\307\244\215\301\031P\220I/\345\014\230\227\262"
 140      8DC11950 
 140      90492FE5 
 140      0C9897B2 
 141 022d 76D81F78 		.ascii	"v\330\037xh\314j\224\374j\013fKO\332]\013\347T\203\214"
 141      68CC6A94 
 141      FC6A0B66 
 141      4B4FDA5D 
 141      0BE75483 
 142 0242 3180B390 		.ascii	"1\200\263\220%\322~\377\316\364u\011%p\016dA\232A\237"
 142      25D27EFF 
 142      CEF47509 
 142      25700E64 
 142      419A419F 
 143 0256 28FE8E81 		.ascii	"(\376\216\201\341\305\344\254\346\010\332@\272\017\216"
 143      E1C5E4AC 
 143      E608DA40 
 143      BA0F8E
 144 0265 07664C02 		.ascii	"\007fL\002\335Oh\030\000\231-\202\307,\002\300h;_\337"
 144      DD4F6818 
 144      00992D82 
 144      C72C02C0 
 144      683B5FDF 
 145 0279 AE137583 		.ascii	"\256\023u\203\011\362\241\007tKg\004\217-\014\335\226"
 145      09F2A107 
 145      744B6704 
 145      8F2D0CDD 
 145      96
 146 028a 126A28A1 		.ascii	"\022j(\241\232E<\007\011\315Y\010\274M\265]\375\245"
 146      9A453C07 
 146      09CD5908 
ARM GAS  C:\Users\CYIRKO~1\AppData\Local\Temp\ccGd1FUv.s 			page 11


 146      BC4DB55D 
 146      FDA5
 147 029c 7171B8D7 		.ascii	"qq\270\327i$\015z#\022F9\266\200\003$\016\212h\234\007"
 147      69240D7A 
 147      23124639 
 147      B6800324 
 147      0E8A689C 
 148 02b1 C5C76524 		.ascii	"\305\307e$\022kM\223\352\360\002A\277\214v\036\023\035"
 148      126B4D93 
 148      EAF00241 
 148      BF8C761E 
 148      131D
 149 02c3 2FC3327E 		.ascii	"/\3032~i0\204\034B\340\231\255\005MO\211@\377\255\255"
 149      6930841C 
 149      42E099AD 
 149      054D4F89 
 149      40FFADAD 
 150 02d7 E79A442F 		.ascii	"\347\232D/\300\212\346\333\371\025_\365\204j\012\335"
 150      C08AE6DB 
 150      F9155FF5 
 150      846A0ADD 
 151 02e7 1E366A5A 		.ascii	"\0366jZ\006j\233\003CW\364d<I\344\271\267\367\316u}"
 151      066A9B03 
 151      4357F464 
 151      3C49E4B9 
 151      B7F7CE75 
 152 02fc F563D580 		.ascii	"\365c\325\200\202#\\\353\272\245\211\231\021\243\037"
 152      82235CEB 
 152      BAA58999 
 152      11A31F
 153 030b 7C40BD31 		.ascii	"|@\2751\202shX\244\340\002\370\201\014>\250\213\320"
 153      82736858 
 153      A4E002F8 
 153      810C3EA8 
 153      8BD0
 154 031d 48428B9A 		.ascii	"HB\213\232\007\021\201\021y\241x\225\314\204\342\210"
 154      07118111 
 154      79A17895 
 154      CC84E288 
 155 032d 03C83722 		.ascii	"\003\3107\"L\026>\2304k\357h\262\024\024?\341\037 \376"
 155      4C163E98 
 155      346BEF68 
 155      B214143F 
 155      E11F20FE 
 156 0341 291AFFBB 		.ascii	")\032\377\273^ESIM \014\211\204/F\011_\212'\234\206"
 156      5E455349 
 156      4D200C89 
 156      842F4609 
 156      5F8A279C 
 157 0356 2688474B 		.ascii	"&\210GK\355?:M\222.\204\311\3547\250\231\035\336\034"
 157      ED3F3A4D 
 157      922E84C9 
 157      EC37A899 
 157      1DDE1C
 158 0369 8D65BA48 		.ascii	"\215e\272Hy\003F\031g4GD{\355\307\203\357k\327\033\004"
 158      79034619 
 158      67344744 
ARM GAS  C:\Users\CYIRKO~1\AppData\Local\Temp\ccGd1FUv.s 			page 12


 158      7BEDC783 
 158      EF6BD71B 
 159 037e 552DB463 		.ascii	"U-\264c\317\221l=a\034\215\262\032CVhE\330\227#\275"
 159      CF916C3D 
 159      611C8DB2 
 159      1A435668 
 159      45D89723 
 160 0393 EE39F477 		.ascii	"\3569\364wc\264FY\264B\251\242bN\201U\247n\355$\255"
 160      63B44659 
 160      B442A9A2 
 160      624E8155 
 160      A76EED24 
 161 03a8 311A7CFF 		.ascii	"1\032|\3773\032~\020\243!Z\011\324\235\343O\033\015"
 161      331A7E10 
 161      A3215A09 
 161      D49DE34F 
 161      1B0D
 162 03ba 7D2BA341 		.ascii	"}+\243A\267\252\273'\250\236\023f\305\253v\006\227I"
 162      B7AABB27 
 162      A89E1366 
 162      C5AB7606 
 162      9749
 163 03cc 59499C15 		.ascii	"YI\234\025\233}\234\036g0\2318+\256\210\356\270\032"
 163      9B7D9C1E 
 163      67309938 
 163      2BAE88EE 
 163      B81A
 164 03de 332BC2FE 		.ascii	"3+\302\376_\007L+c`\\\004\357\232\030\003\361=?\025"
 164      5F074C2B 
 164      63605C04 
 164      EF9A1803 
 164      F13D3F15 
 165 03f2 ED7932CE 		.ascii	"\355y2\316\356b\3177t\\P\210\263\217g\240\307\177A\006"
 165      EE62CF37 
 165      745C5088 
 165      B38F67A0 
 165      C77F4106 
 166 0406 E4654A73 		.ascii	"\344eJs\217\3461\364)|.|\025p\342\002E\037\255l}s\353"
 166      8FE631F4 
 166      297C2E7C 
 166      1570E202 
 166      451FAD6C 
 167 041d CEFC527B 		.ascii	"\316\374R{\211\275\260\262j\227\335\271\323J{\247\373"
 167      89BDB0B2 
 167      6A97DDB9 
 167      D34A7BA7 
 167      FB
 168 042e A52DAF58 		.ascii	"\245-\257X\234n\213\325\351p8\313qWf/\261\270]V\213"
 168      9C6E8BD5 
 168      E97038CB 
 168      7157662F 
 168      B1B85D56 
 169 0443 B5D46173 		.ascii	"\265\324asX\235.[\236\225\311n\373{6]q\231}w9T\350\366"
 169      589D2E5B 
 169      9E95C96E 
 169      FB7B365D 
 169      71997D77 
ARM GAS  C:\Users\CYIRKO~1\AppData\Local\Temp\ccGd1FUv.s 			page 13


 170 045b 149755D9 		.ascii	"\024\227U\331^_\217\265\012\247\253\322mycGA~\301^4"
 170      5E5F8FB5 
 170      0AA7ABD2 
 170      6D796347 
 170      417EC15E 
 171 0470 48D68AF6 		.ascii	"H\326\212\366lq\344\225\262m\353\201\333\366VZ\362\013"
 171      6C71E495 
 171      B26DEB81 
 171      DBF6565A 
 171      F20B
 172 0482 0ADF2AB4 		.ascii	"\012\337*\264\330\313\255eU\273l\026\253\303mw\027\355"
 172      D8CBAD65 
 172      55BB6C16 
 172      ABC36D77 
 172      17ED
 173 0494 B65AD1C4 		.ascii	"\266Z\321\304\246\247\232pU>\001\225\272\367\271\021"
 173      A6A79A70 
 173      553E0195 
 173      BAF7B911 
 174 04a4 905E50B8 		.ascii	"\220^P\270\303\\R\354\266U\270\354/\232\26371\311\305"
 174      C35C52EC 
 174      B655B8EC 
 174      2F9AB337 
 174      31C9C5
 175 04b7 F4E8A4D3 		.ascii	"\364\350\244\323\265\217\375\007dD\252l"
 175      B58FFD07 
 175      6444AA6C 
 176              		.text
 177              		.section	.gnu.lto_chCoreGetStatusX.daa046d3,"",%progbits
 178 0000 789C6550 		.ascii	"x\234eP;O\302`\024\275\267_K\013\211\374\001\031XYl"
 178      3B4FC260 
 178      14BDB75F 
 178      4B0B89FC 
 178      01195859 
 179 0015 5C34216E 		.ascii	"\\4!n\306\305\325\225\211J\002\211\330\004t\346\023"
 179      C6C5D595 
 179      894A0289 
 179      D80474E6 
 179      13
 180 0026 1F444DD4 		.ascii	"\037DM\324E\300\007\351\300\200\370B\335\030L\210\321"
 180      45C007E9 
 180      C080F842 
 180      DD184C88 
 180      D1
 181 0037 CD278993 		.ascii	"\315'\211\223\233N\030\0354\216\012\336\233\022\007"
 181      9B4E181D 
 181      348E0ADE 
 181      9B1207
 182 0046 19FAF59C 		.ascii	"\031\372\365\234\323\373\235sn5P \217\000#\000\320O"
 182      D3FB9D73 
 182      6E355020 
 182      8F002300 
 182      D04F
 183 0058 0F0A4065 		.ascii	"\017\012@e\343\026`\316P\020\031H\003!\243`\006\327"
 183      E31660CE 
 183      50101948 
 183      0321A360 
ARM GAS  C:\Users\CYIRKO~1\AppData\Local\Temp\ccGd1FUv.s 			page 14


 183      06D7
 184 006a 4541E0C3 		.ascii	"EA\340\303\302\311\256X\023\016\215\251D?n\266_\374"
 184      C2C9AE58 
 184      130E8DA9 
 184      443F6EB6 
 184      5FFC
 185 007c 4C118344 		.ascii	"L\021\203DwdsY\017U\244\314\312F\341\313W<\273\227^"
 185      77647359 
 185      0F55A4CC 
 185      CA46E1CB 
 185      573CBB97 
 186 0091 4728B045 		.ascii	"G(\260E\343{\030\300\012\0068\243\212!\240\351\347\323"
 186      E37B18C0 
 186      0A0638A3 
 186      8A21A0E9 
 186      E7D3
 187 00a3 F6669F47 		.ascii	"\366f\237G\345\257$\356\243\207z@\255\211\015\331\356"
 187      E5AF24EE 
 187      A3877A40 
 187      AD890DD9 
 187      EE
 188 00b4 E464E3BB 		.ascii	"\344d\343\273\214\235qC\001G\010A\207\2522\322\030y"
 188      8C9D7143 
 188      01470841 
 188      87AA32D2 
 188      1879
 189 00c6 F8D0819D 		.ascii	"\370\320\201\235a\205.s\315U\"\364\026-\314\346[\347"
 189      61852E73 
 189      CD5522F4 
 189      162DCCE6 
 189      5BE7
 190 00d8 577EF62B 		.ascii	"W~\366+\011\205b\362\213\027w:w\324\220S\353\365\267"
 190      098562F2 
 190      8B17773A 
 190      77D49053 
 190      EBF5B7
 191 00eb 273DF323 		.ascii	"'=\363#\015\022\312\234L\332\353\365\343\245\317\301"
 191      0D12CA9C 
 191      4CDAEBF5 
 191      E3A5CFC1 
 192 00fb 1252021E 		.ascii	"\022R\002\036\322\256\007\\\024\217\320A \303\317\034"
 192      D2AE075C 
 192      148FD041 
 192      20C3CF1C 
 193 010b BA76821C 		.ascii	"\272v\202\034Y\310{]\256\366\370a\257\337\361\237_\355"
 193      59C87B5D 
 193      AEF6F861 
 193      AFDFF19F 
 193      5FED
 194 011d BF9F4616 		.ascii	"\277\237F\026$\314\027\227\272\202\233\241\271CU\341"
 194      24CC1797 
 194      BA829BA1 
 194      B94355E1 
 195 012d 8A3AE9F0 		.ascii	"\212:\351\360\216\331`\227RgZ\033y]\372\001\341\261"
 195      8ED96097 
 195      52675A1B 
 195      795DFA01 
ARM GAS  C:\Users\CYIRKO~1\AppData\Local\Temp\ccGd1FUv.s 			page 15


 195      E1B1
 196 013f 7064349E 		.ascii	"pd4\236\210&&ff'\023v\304bl\247\007\207\207L;mZv2iO"
 196      88262666 
 196      66271376 
 196      C4626CA7 
 196      0787874C 
 197 015a 139A4A44 		.ascii	"\023\232JD\315t\3122\255x2\226\264\354Tl\300\202_F\252"
 197      CD74CA32 
 197      AD783296 
 197      B4EC546C 
 197      C0825F46 
 198 016f 91E8     		.ascii	"\221\350"
 199              		.text
 200              		.section	.gnu.lto_.symbol_nodes.daa046d3,"",%progbits
 201 0000 789C55CB 		.ascii	"x\234U\313[\015\200@\020C\321\333\231\214\017\202\023"
 201      5B0D8040 
 201      1043D1DB 
 201      998C0F82 
 201      13
 202 0011 FCE06156 		.ascii	"\374\340aV\002z\020\201\035\336\204%|m\177\232\234\264"
 202      027A1081 
 202      1DDE8425 
 202      7C6D7F9A 
 202      9CB4
 203 0023 81315263 		.ascii	"\2011Rc\273\022\246\005j\315e\200XE\351\301\343\226"
 203      BB12A605 
 203      6ACD6580 
 203      5845E9C1 
 203      E396
 204 0035 BA3A894D 		.ascii	"\272:\211M\366\303#\377\300\016\245\232\217\235Jk\345"
 204      F6C323FF 
 204      C00EA59A 
 204      8F9D4A6B 
 204      E5
 205 0046 527A23BC 		.ascii	"Rz#\274^r\031^"
 205      5E72195E 
 206              		.text
 207              		.section	.gnu.lto_.refs.daa046d3,"",%progbits
 208 0000 789C05C1 		.ascii	"x\234\005\301\261\021\300 \000\003\261\177\033H\221"
 208      B111C020 
 208      0003B17F 
 208      1B4891
 209 000f A3A1618A 		.ascii	"\243\241a\212\354\277^\244I\370\200\201\232h\223\221"
 209      ECBF5EA4 
 209      49F88081 
 209      9A689391 
 210 001f 4E5C74EB 		.ascii	"N\\t\353\351\302\227\036\275y\250X~\026\333\000\326"
 210      E9C2971E 
 210      BD79A858 
 210      7E16DB00 
 210      D6
 211              		.text
 212              		.section	.gnu.lto_.decls.daa046d3,"",%progbits
 213 0000 789CAD56 		.ascii	"x\234\255VmLTW\032\276\357\334a\006\206\031$\3244\376"
 213      6D4C5457 
 213      1ABEEFDC 
 213      61068619 
ARM GAS  C:\Users\CYIRKO~1\AppData\Local\Temp\ccGd1FUv.s 			page 16


 213      24D434FE 
 214 0014 60770949 		.ascii	"`w\011I\203\373\243 5\321\326\037M-\351V\223u\355\226"
 214      83FBA320 
 214      35D1D61F 
 214      4D2DE956 
 214      9375ED96 
 215 0028 B5D96467 		.ascii	"\265\331dgs3\014W\231\024f,3\354\226\375\323\213\212"
 215      73330C57 
 215      9914662C 
 215      33EC96FD 
 215      D38B8A
 216 003b 257C95FA 		.ascii	"%|\225\372UE\255\243\030\012\002\202\302B\375@\007*"
 216      5545ADA3 
 216      180A0282 
 216      C242FD40 
 216      072A
 217 004d AC1FA030 		.ascii	"\254\037\2400\024\254U\001-\302\212J\371,\"R\366=\347"
 217      14AC5501 
 217      2DC28A4A 
 217      F92C2252 
 217      F63DE7
 218 0060 DCE15E47 		.ascii	"\334\341^Gp\233\315\336\360\016\347\234\373\236\347"
 218      709BCDDE 
 218      F00EE79C 
 218      FB9EE7
 219 006f 79DEF7BC 		.ascii	"y\336\367\274\347\234\033\300i\270\272`\216\3735\317"
 219      E79C1BC0 
 219      69B8BA60 
 219      8EFB35CF 
 220 007f 7159C071 		.ascii	"qY\300q\263\370\004p\034W\301)\217\026\3558\332i\264"
 220      B3F80470 
 220      1C57C129 
 220      8F16ED38 
 220      DA69B4
 221 0092 B368E7E5 		.ascii	"\263h\347\345\261\313h\255h\327\320\332\271g\237\277"
 221      B1CB68AD 
 221      68D7D0DA 
 221      B9679FBF 
 222 00a2 2216C1F9 		.ascii	"\"\026\301\371\000\255\005\315\213v\011\255C~\0172\346"
 222      00AD05CD 
 222      8B7609AD 
 222      437E0F32 
 222      E6
 223 00b3 7FC34943 		.ascii	"\177\303ICG=\376\017C[\214\266\001\255\016m\275\214"
 223      473DFE0F 
 223      435B8CB6 
 223      01AD0E6D 
 223      BD8C
 224 00c5 E755E111 		.ascii	"\347U\341\021}\030\006wW\306\274\346\207\225\216N\206"
 224      7D180677 
 224      57C6BCE6 
 224      87958E4E 
 224      86
 225 00d6 1760DD47 		.ascii	"\027`\335G{\2106\242\302\325\3131\217\241M\240M\313"
 225      7B8836A2 
 225      C2D5CB31 
 225      8FA14DA0 
ARM GAS  C:\Users\CYIRKO~1\AppData\Local\Temp\ccGd1FUv.s 			page 17


 225      4DCB
 226 00e8 3C3368B3 		.ascii	"<3h\263h\232\005\270>A.\235\212\253N\346x\317O\363y"
 226      689A05B8 
 226      3E412E9D 
 226      8AAB4EE6 
 226      78CF4FF3 
 227 00fd 19E39A8C 		.ascii	"\031\343\232\214\243~\276\340\2416\357B\275\246\033"
 227      A37EBEE0 
 227      A136EF42 
 227      BDA61B
 228 010c 6E01FA40 		.ascii	"n\001\372@(\233\005\354\027\250\321\356\254\357\001"
 228      289B05EC 
 228      17A8D1EE 
 228      ACEF01
 229 011b A0E338AA 		.ascii	"\240\3438\252\241\277\314\221\016\201o\206\334\327\310"
 229      A1BFCC91 
 229      0E816F86 
 229      DCD7C8
 230 012a 5D8D0C49 		.ascii	"]\215\014I\377\344\311\240Bd\257\031\223\357a\332Y\203"
 230      FFE4C9A0 
 230      4264AF19 
 230      93EF61DA 
 230      5983
 231 013c 4EF3CD06 		.ascii	"N\363\315\006\215B\000\240\236\240\002d\262\345\367"
 231      8D4200A0 
 231      9EA00264 
 231      B2E5F7
 232 014b 73FA3825 		.ascii	"s\3728%8\360E?\262\257\245\337\320\003\267\311\250\373"
 232      38F0453F 
 232      B2AFA5DF 
 232      D003B7C9 
 232      A8FB
 233 015d 2DA06383 		.ascii	"-\240c\203'n\035\016\3415@\332=S%\277\213.\227\330\023"
 233      276E1D0E 
 233      E13540DA 
 233      3D5325BF 
 233      8B2E97D8 
 234 0172 F82B256D 		.ascii	"\370+%mM\263\223\236E\371<\204\031@\203]\357p\313\301"
 234      4DB3939E 
 234      45F93C84 
 234      1940835D 
 234      EF70CBC1 
 235 0186 60EC2E36 		.ascii	"`\354.6@(v\037gt6\030\226\354\241\263\266J\241\032\370"
 235      4028761F 
 235      67743618 
 235      96ECA1B3 
 235      B64AA11A 
 236 019b E0652887 		.ascii	"\340e(\207p(\203p$\257\200%\370\233\240eH\267\335_U"
 236      70288370 
 236      24AF8025 
 236      F89BA065 
 236      48B7DD5F 
 237 01b0 EB22DD92 		.ascii	"\353\"\335\222\273W\362L\336\215\272sR\2222q\232\226"
 237      BB57F24C 
 237      DE8DBA73 
 237      52923271 
 237      9A96
ARM GAS  C:\Users\CYIRKO~1\AppData\Local\Temp\ccGd1FUv.s 			page 18


 238 01c2 B84129F0 		.ascii	"\270A)\360p\014\242\211dl\342o\011\364\000|\005\335"
 238      700CA289 
 238      646CE26F 
 238      09F4007C 
 238      05DD
 239 01d4 18D07188 		.ascii	"\030\320q\210\304\351U\336\254K!\374\037\251\332\343"
 239      C4E955DE 
 239      AC4B21FC 
 239      1FA9DAE3 
 240 01e4 E5D35506 		.ascii	"\345\323U\006-Y\310\365\006\202O\320/\226\226\361(\014"
 240      2D59C8F5 
 240      06824FD0 
 240      2F9696F1 
 240      280C
 241 01f6 07486E16 		.ascii	"\007Hn\026\341P\345\303SS&6D<\216N\375Xg\344E\332n\337"
 241      E150E5C3 
 241      53532636 
 241      443C8E4E 
 241      FD5867E4 
 242 020e 56758067 		.ascii	"Vu\200gQiIvZ\013\177\010aQE|\301k\332\353\037\335\011"
 242      51694976 
 242      5A0B7F08 
 242      6151457C 
 242      C16BDAEB 
 243 0225 84A58662 		.ascii	"\204\245\206b\022\226g\340`\344\231nI\212\200:0@\265"
 243      129667E0 
 243      60E4996E 
 243      498A803A 
 243      3040B5
 244 0238 A2733DD9 		.ascii	"\242s=\331\000Y\222\264E*\330*\005\255\341\340\237\030"
 244      005992B4 
 244      452AD82A 
 244      05ADE1E0 
 244      9F18
 245 024a 780D060E 		.ascii	"x\015\006\016\265\260\224\220\022?8\211\203'p\020Y\372"
 245      B5B09490 
 245      123F3889 
 245      83277010 
 245      59FA
 246 025c 86F73E30 		.ascii	"\206\367>0Q\325\004\251\012\250\356o+\232\212\003\324"
 246      51D504A9 
 246      0AA8EE6F 
 246      2B9A8A03 
 246      D4
 247 026d 19DC6054 		.ascii	"\031\334`Te\360\024\315\340\327 \247\320\273k\357\023"
 247      65F014CD 
 247      E0D720A7 
 247      D0BB6BEF 
 247      13
 248 027e 03A6B097 		.ascii	"\003\246\260\227\244p\313\312\021\226\302-Z\342\007"
 248      A470CBCA 
 248      1196C22D 
 248      5AE207
 249 028d 958AB44A 		.ascii	"\225\212\264J\377\024\236\246)\034\315.zh\342\333\201"
 249      FF149EA6 
 249      291CCD2E 
 249      7A68E2DB 
ARM GAS  C:\Users\CYIRKO~1\AppData\Local\Temp\ccGd1FUv.s 			page 19


 249      81
 250 029e A6207776 		.ascii	"\246 wv\207{\221\214u\371\267\373$\317\026T\240\241"
 250      877B918C 
 250      75F9B7FB 
 250      24CF1654 
 250      A0A1
 251 02b0 486714A4 		.ascii	"Hg\024\2443\376Hg)R\345H\325~=\337\307\220v7Tf\350\325"
 251      33FE4867 
 251      2952E548 
 251      D57E3DDF 
 251      C7907637 
 252 02c8 2190F094 		.ascii	"!\220\360\224\030\316=S\005\2375v\272y\271\012\272\312"
 252      18CE3D53 
 252      059F3576 
 252      BA79B90A 
 252      BACA
 253 02da 423FDF2A 		.ascii	"B?\337*\225\3404\267\206\270A\275B\\\357O|\236\022\017"
 253      95E034B7 
 253      86B841BD 
 253      425CEF4F 
 253      7C9E120F 
 254 02ee E64C546B 		.ascii	"\346LTk\370\011F\\\231\331W\032\210\313\026\216k\016"
 254      F809465C 
 254      99D9571A 
 254      88CB168E 
 254      6B0E
 255 0300 AA050F67 		.ascii	"\252\005\017g\013^\343\031\253\320\3623\324WS[\323W"
 255      0B5EE319 
 255      ABD0F233 
 255      D457535B 
 255      D357
 256 0312 68985BD3 		.ascii	"h\230[\323\331\213\321\231\237\222p\233P\3527\012k\370"
 256      D98BD199 
 256      9F92709B 
 256      50EA370A 
 256      6BF8
 257 0324 DC9A0E1F 		.ascii	"\334\232\016\037\221\370%\034,\017\207e\270\242\027"
 257      91F8251C 
 257      2C0F8765 
 257      B8A217
 258 0333 7045C3E5 		.ascii	"pE\303\345\025m\304\310\032\330\212\226\036*\271`\342"
 258      156DC4C8 
 258      1AD88A96 
 258      1E2AB960 
 258      E2
 259 0344 87E816D2 		.ascii	"\207\350\026\322\354\333\335P\0232\3070\331\035Y\235"
 259      ECDBDD50 
 259      1332C730 
 259      D91D599D 
 260 0354 49182E22 		.ascii	"I\030.\"C\263\302\200\204\363S\374k~\212\216\351\035"
 260      43B3C280 
 260      84F353FC 
 260      6B7E8A8E 
 260      E91D
 261 0366 231A63F6 		.ascii	"#\032c\366\\\231Q<_\245qp\011\214\362F\035\314\367\234"
 261      5C99513C 
 261      5FA57170 
ARM GAS  C:\Users\CYIRKO~1\AppData\Local\Temp\ccGd1FUv.s 			page 20


 261      098CF246 
 261      1DCCF79C 
 262 037a 30BE5224 		.ascii	"0\276R$I\215d{\375\246\024k#\210\274\006\017#WM\362"
 262      498D647B 
 262      FDA6146B 
 262      2388BC06 
 262      0F23574D 
 263 038f D0DC5E86 		.ascii	"\320\334^\206Wp\332\365\276\232\023\300{y\232\261CM"
 263      5770DAF5 
 263      BE9A13C0 
 263      7B799AB1 
 263      434D
 264 03a1 9D994161 		.ascii	"\235\231Aa\005$\200\002R\361\204\214\236%-\0206w\"\334"
 264      05248002 
 264      52F1848C 
 264      9E252D10 
 264      367722DC 
 265 03b5 EC3A7223 		.ascii	"\354:r#\030\211z1\312\253\205\213wH\356%\344=\\!\250"
 265      18897A31 
 265      CAAB858B 
 265      7748EE25 
 265      E43D5C21 
 266 03ca C49936A0 		.ascii	"\304\2316\240\225\302\217\354\276\261\223\347{\031\374"
 266      95C28FEC 
 266      BEB193E7 
 266      7B19FC
 267 03d9 C943B919 		.ascii	"\311C\271\031ZYb\363\336\260\035[\2455T\341\325\347"
 267      5A5962F3 
 267      DEB01D5B 
 267      A53554E1 
 267      D5E7
 268 03eb 145EA510 		.ascii	"\024^\245\020\327(\304D\366\330=\023?\300 \306\266W"
 268      D728C444 
 268      F6D83D13 
 268      3FC020C6 
 268      B657
 269 03fd D507C8E4 		.ascii	"\325\007\310\344]*\3626\0379m@;\235\331\320\323\231"
 269      5D2AF236 
 269      1F396D40 
 269      3B9DD9D0 
 269      D399
 270 040f 6752E78E 		.ascii	"gR\347\216\220)$^\226;\362\037\235\213\274\367$P;\023"
 270      9029245E 
 270      963BF21F 
 270      9D8BBCF7 
 270      24503B13 
 271 0423 58C5B943 		.ascii	"X\305\271Cv\356\240\316\367\273\316zy~\234i\032yz\260"
 271      76EEA0CE 
 271      F7BBCE7A 
 271      797E9C69 
 271      1A797AB0 
 272 0437 2E881D26 		.ascii	".\210\035&\213\261;\323SP\240g\207\211\233T\345\341"
 272      8BB13BD3 
 272      5350A067 
 272      87899B54 
 272      E5E1
 273 0449 D6B13D06 		.ascii	"\326\261=\006\0367)\361\035?\265\375I\010\363}\011\273"
ARM GAS  C:\Users\CYIRKO~1\AppData\Local\Temp\ccGd1FUv.s 			page 21


 273      1E3729F1 
 273      1D3FB5FD 
 273      4908F37D 
 273      09BB
 274 045b 65595352 		.ascii	"eYSR\210!\213&\234\222\206\251\027\367\006\311>\304"
 274      88218B26 
 274      9C9286A9 
 274      17F706C9 
 274      3EC4
 275 046d 84C377AC 		.ascii	"\204\303w\254\026:\037\327?1\3629\024I\333[4\372@\007"
 275      163A1FD7 
 275      3F31F239 
 275      1449DB5B 
 275      34FA4007 
 276 0481 4BC3010C 		.ascii	"K\303\001\014h\305\276\243\233\3033\336\000\337\313"
 276      68C5BEA3 
 276      9BC333DE 
 276      00DFCB
 277 0490 E9C0A750 		.ascii	"\351\300\247PB\370\341O\310\360|ew\023\313\3566\345"
 277      42F8E14F 
 277      C8F07C65 
 277      7713CBEE 
 277      36E5
 278 04a2 E946DE5B 		.ascii	"\351F\336[HT(\005\322\021\262\324\236\234\362@u=\020"
 278      48542805 
 278      D211B2D4 
 278      9E9CF240 
 278      753D10
 279 04b5 EC2EF4EB 		.ascii	"\354.\364\353\244\372zHU0\225\304\273\240\365\360\376"
 279      A4FA7A48 
 279      553095C4 
 279      BBA0F5F0 
 279      FE
 280 04c6 2083CC91 		.ascii	" \203\314\221\365B\016\364n9\3317hTc\367\276\010\273"
 280      F5420EF4 
 280      6E39D937 
 280      685463F7 
 280      BE08BB
 281 04d9 6930CBBD 		.ascii	"i0\313\275\010\327\275\315\203\245\363\245.\303\355"
 281      08D7BDCD 
 281      83A5F3A5 
 281      2EC3ED
 282 04e8 C988803B 		.ascii	"\311\210\200;\270B\327\261v\360tS\315\374\026G\376\204"
 282      B842D7B1 
 282      76F07453 
 282      CDFC1647 
 282      FE84
 283 04fa 97F65D5A 		.ascii	"\227\366]Z\003\276{!\352\371{!\212\035\023\336\317F"
 283      03BE7B21 
 283      EAF97B21 
 283      8A1D13DE 
 283      CF46
 284 050c 8FEAF902 		.ascii	"\217\352\371\002-\333\304\227\2577jU\307\304\233\373"
 284      2DDBC497 
 284      AF376A55 
 284      C7C49BFB 
 285 051c 4689B801 		.ascii	"F\211\270\001\324vO\331\304Q\013\036\375\375\030j\224"
ARM GAS  C:\Users\CYIRKO~1\AppData\Local\Temp\ccGd1FUv.s 			page 22


 285      D4764FD9 
 285      C4510B1E 
 285      FDFD186A 
 285      94
 286 052d BC8BFB70 		.ascii	"\274\213\373p\360\007\371\2408\372\371\021\035\277\237"
 286      F007F9A0 
 286      38FAF911 
 286      1DBF9F
 287 053c 71349FBB 		.ascii	"q4\237\273\371\235\026\014K\347\005\030\234\007`\356"
 287      F99D160C 
 287      4BE70518 
 287      9C0760EE 
 288 054c 4469A627 		.ascii	"Di\246'\312}\024\363oE\314\000\315\021\031E\242\354"
 288      CA7D14F3 
 288      6F45CC00 
 288      CD111945 
 288      A2EC
 289 055e DA8E6EED 		.ascii	"\332\216n\355\202\005\365\300WP\313\250\252\334G\355"
 289      8205F5C0 
 289      5750CBA8 
 289      AADC47ED 
 290 056e 7B8DFECB 		.ascii	"{\215\376\313\253\034\334\017\351\022<`\360\330!W\330"
 290      AB1CDC0F 
 290      E9123C60 
 290      F0D82157 
 290      D8
 291 057f 74C569B9 		.ascii	"t\305i\271|u\330\235\254t_5-\3106\344c{\304\2220\236"
 291      7C75D89D 
 291      AC745F35 
 291      2DC836E4 
 291      637BC492 
 292 0595 9D39295F 		.ascii	"\2359)_\272z\354\226\364\037\3107\262}\362:\251\265"
 292      BA7AEC96 
 292      F41FC837 
 292      B27DF23A 
 292      A9B5
 293 05a7 B6F26693 		.ascii	"\266\362f\223\277\230a\004\373\221\202\215P1CL\314\010"
 293      BF986104 
 293      FB91828D 
 293      5031434C 
 293      CC08
 294 05b9 15939B79 		.ascii	"\025\223\233y,C\317\037e\033\353\322\256\342]F\274W"
 294      2C43CF1F 
 294      651BEBD2 
 294      AEE25D46 
 294      BC57
 295 05cb 3C78AF8C 		.ascii	"<x\257\214\345\361Ce\333\2456\274W\326\320\257\020\030"
 295      E5F14365 
 295      DBA536BC 
 295      57D6D0AF 
 295      1018
 296 05dd 55D235EA 		.ascii	"U\3225\352\177\261\214\321\213\245x\362qN\010\337\303"
 296      7FB18CD1 
 296      8BA578F2 
 296      714E08DF 
 296      C3
 297 05ee C0326746 		.ascii	"\3002gF{Cd\260+\007\371c\325}\222\204'\3036`\037+\343"
ARM GAS  C:\Users\CYIRKO~1\AppData\Local\Temp\ccGd1FUv.s 			page 23


 297      7B4364B0 
 297      2B07F963 
 297      D57D9284 
 297      27C33660 
 298 0605 0ADAB83F 		.ascii	"\012\332\270?\332\004E\273\336\337\230\310\227\004P"
 298      DA0445BB 
 298      DEDF98C8 
 298      970450
 299 0614 B063155F 		.ascii	"\260c\025_V\205\360\265\254\223\323\370\315\001\035"
 299      5685F0B5 
 299      AC93D3F8 
 299      CD011D
 300 0623 7E03C024 		.ascii	"~\003\300$\335\2418\3228\325\023J?\012\310\262\262o"
 300      DDA138D2 
 300      38D5134A 
 300      3F0AC8B2 
 300      B26F
 301 0635 990B5565 		.ascii	"\231\013Ue3!\013~U=\241\367\351\224\357\233\240\177"
 301      33210B7E 
 301      553DA1F7 
 301      E994EF9B 
 301      A07F
 302 0647 FF9EAA60 		.ascii	"\377\236\252`Y\353\300\327|~iw\256\344\316\220\336\272"
 302      59EBC0D7 
 302      7C7E6977 
 302      AEE4CE90 
 302      DEBA
 303 0659 A8219EF0 		.ascii	"\250!\236\360\223O+<F\365?\371\313\235\246r\333\206"
 303      934F2B3C 
 303      46F53FF9 
 303      CB9DA672 
 303      DB86
 304 066b CEE406F3 		.ascii	"\316\344\006\363\237\352\250\304\222m\371\263:\031p"
 304      9FEAA8C4 
 304      926DF9B3 
 304      3A1970
 305 067a 328FCFCE 		.ascii	"2\217\317\316\273\302\000\327\320\330\237*\261?\365"
 305      BBC200D7 
 305      D0D89F2A 
 305      B13FF5
 306 0689 079BA160 		.ascii	"\007\233\241`\275\207\006v\232\370\235\014\354\312\271"
 306      BD870676 
 306      9AF89D0C 
 306      ECCAB9
 307 0698 A2CE0025 		.ascii	"\242\316\000%\223\337\373e\362g\005\355g\177\264Y\210"
 307      93DFFB65 
 307      F26705ED 
 307      677FB459 
 307      88
 308 06a9 E40C82D5 		.ascii	"\344\014\202\325\221*\0126\273\315\025\370\356\0376"
 308      912A0A36 
 308      BBCD15F8 
 308      EE1F36
 309 06b8 44C4C5C6 		.ascii	"D\304\305\306r\253\336Ye\216K\262%\330\342]i\2116\207"
 309      72ABDE59 
 309      658E4BB2 
 309      25D8E25D 
ARM GAS  C:\Users\CYIRKO~1\AppData\Local\Temp\ccGd1FUv.s 			page 24


 309      69893687 
 310 06cc D94ADA0E 		.ascii	"\331J\332\016g\354\312\0251\016g\214\325\221\222\342"
 310      67ECCA15 
 310      310E678C 
 310      D59192E2 
 311 06dc B0632BD9 		.ascii	"\260c+\331\226\020\343L\265\306X\223R\304\024\202\022"
 311      9610E34C 
 311      B5C65893 
 311      52C41482 
 311      12
 312 06ed 6DE55EB2 		.ascii	"m\345^\262&\305akur\262\303\272:\331\266\311.&\256\325"
 312      26C5616B 
 312      7572B2C3 
 312      BA3AD9B6 
 312      C92E26AE 
 313 0702 396DFF10 		.ascii	"9m\377\020\005W\242\270\212!9\031\252\313\341Hv\232"
 313      0557A2B8 
 313      8A213919 
 313      AACBE148 
 313      769A
 314 0714 37D9D322 		.ascii	"7\331\323\"h+\302\222\232\022!\246$\210\211\211b\242"
 314      682BC292 
 314      9A1221A6 
 314      24888989 
 314      62A2
 315 0726 7945F4F2 		.ascii	"yE\364\362\210\327\226\305\256\374(\326\2144\346MV\253"
 315      88D796C5 
 315      AEFC28D6 
 315      8C34E64D 
 315      56AB
 316 0738 19DFBF6A 		.ascii	"\031\337\277jw\330\305WEK\202\2158D\307\232mvkrZ\242"
 316      77D8C557 
 316      454B828D 
 316      3844C79A 
 316      6D766B72 
 317 074e 6876BA70 		.ascii	"hv\272p\326\306\350$.\354y\376P6\364\256\350\212wY\\"
 317      D6C6E824 
 317      2EEC79FE 
 317      5036F4AE 
 317      E88A7759 
 318 0763 69CE3FEB 		.ascii	"i\316?\353\355\342\307.\224\034$\010i6\273\353u\301"
 318      EDE2C72E 
 318      941C2408 
 318      6936BBEB 
 318      75C1
 319 0775 B5F17F94 		.ascii	"\265\361\177\224\366\254$\237\230\024\013b\331E\263"
 319      F6AC249F 
 319      98140B62 
 319      D945B3
 320 0784 80922C69 		.ascii	"\200\222,i\311.\301\225\276Yt\2428\275L\367\227\377"
 320      C92EC195 
 320      BE5974A2 
 320      38BD4CF7 
 320      97FF
 321 0796 2B9D33DD 		.ascii	"+\2353\335i\0260\001\210\215\034&AH\022-\233\205\004"
 321      69163001 
 321      888D1C26 
ARM GAS  C:\Users\CYIRKO~1\AppData\Local\Temp\ccGd1FUv.s 			page 25


 321      4148122D 
 321      9B8504
 322 07a9 8B531404 		.ascii	"\213S\024\004\235hO\304H\215\362 \366\004\001=6\246"
 322      9D684FC4 
 322      488DF220 
 322      F604013D 
 322      36A6
 323 07bb D9AD8210 		.ascii	"\331\255\202\020\275\342\2157\226\007\372zZk\222%\325"
 323      BDE28D37 
 323      9607FA7A 
 323      5A6B9225 
 323      D5
 324 07cc C052B2FC 		.ascii	"\300R\262\374"
 325 07d0 35C115E8 		.ascii	"5\301\025\350k\004Y\223\342\323\235\277wX?\\\366\302"
 325      6B045993 
 325      E2D39DBF 
 325      77583F5C 
 325      F6C2
 326 07e2 BA4875C5 		.ascii	"\272Hu\305\310\222\260\"P\024\212\011\332\354Hu\011"
 326      C892B022 
 326      50148A09 
 326      DAEC4875 
 326      09
 327 07f3 B8141FBE 		.ascii	"\270\024\037\276\371KJ\212x;cV\277\277.n\335\307\210"
 327      F94B4A8A 
 327      783B6356 
 327      BFBF2E6E 
 327      DDC788
 328 0806 410BF36F 		.ascii	"A\013\363o+SXTN\321%\274\275:\376\235\367\336_k\262"
 328      2B535854 
 328      4ED125BC 
 328      BD3AFE9D 
 328      F7DE5F6B 
 329 081b 24FFDD92 		.ascii	"$\377\335\222\356\304\242M\306<\277\375K\240q\305c\342"
 329      EEC4A24D 
 329      C63CBFFD 
 329      4BA071C5 
 329      63E2
 330 082d D6C5AF8D 		.ascii	"\326\305\257\215W4\2468mN\001\013\013\341\203i\210\033"
 330      5734A638 
 330      6D4E010B 
 330      0BE18369 
 330      881B
 331 083f EC446930 		.ascii	"\354Di0\325\234F\333\377\001Z_\250\277"
 331      D59C46DB 
 331      FF015A5F 
 331      A8BF
 332              		.text
 333              		.section	.gnu.lto_.symtab.daa046d3,"",%progbits
 334 0000 5F636F72 		.ascii	"_core_init\000"
 334      655F696E 
 334      697400
 335 000b 00       		.ascii	"\000"
 336 000c 00       		.ascii	"\000"
 337 000d 00       		.ascii	"\000"
 338 000e 00000000 		.ascii	"\000\000\000\000\000\000\000\000"
 338      00000000 
ARM GAS  C:\Users\CYIRKO~1\AppData\Local\Temp\ccGd1FUv.s 			page 26


 339 0016 AE000000 		.ascii	"\256\000\000\000"
 340 001a 6368436F 		.ascii	"chCoreAllocAlignedI\000"
 340      7265416C 
 340      6C6F6341 
 340      6C69676E 
 340      65644900 
 341 002e 00       		.ascii	"\000"
 342 002f 00       		.ascii	"\000"
 343 0030 00       		.ascii	"\000"
 344 0031 00000000 		.ascii	"\000\000\000\000\000\000\000\000"
 344      00000000 
 345 0039 BA000000 		.ascii	"\272\000\000\000"
 346 003d 6368436F 		.ascii	"chCoreAllocAligned\000"
 346      7265416C 
 346      6C6F6341 
 346      6C69676E 
 346      656400
 347 0050 00       		.ascii	"\000"
 348 0051 00       		.ascii	"\000"
 349 0052 00       		.ascii	"\000"
 350 0053 00000000 		.ascii	"\000\000\000\000\000\000\000\000"
 350      00000000 
 351 005b BC000000 		.ascii	"\274\000\000\000"
 352 005f 6368436F 		.ascii	"chCoreGetStatusX\000"
 352      72654765 
 352      74537461 
 352      74757358 
 352      00
 353 0070 00       		.ascii	"\000"
 354 0071 00       		.ascii	"\000"
 355 0072 00       		.ascii	"\000"
 356 0073 00000000 		.ascii	"\000\000\000\000\000\000\000\000"
 356      00000000 
 357 007b BF000000 		.ascii	"\277\000\000\000"
 358 007f 5F5F6865 		.ascii	"__heap_base__\000"
 358      61705F62 
 358      6173655F 
 358      5F00
 359 008d 00       		.ascii	"\000"
 360 008e 02       		.ascii	"\002"
 361 008f 00       		.ascii	"\000"
 362 0090 00000000 		.ascii	"\000\000\000\000\000\000\000\000"
 362      00000000 
 363 0098 CD000000 		.ascii	"\315\000\000\000"
 364 009c 5F5F6865 		.ascii	"__heap_end__\000"
 364      61705F65 
 364      6E645F5F 
 364      00
 365 00a9 00       		.ascii	"\000"
 366 00aa 02       		.ascii	"\002"
 367 00ab 00       		.ascii	"\000"
 368 00ac 00000000 		.ascii	"\000\000\000\000\000\000\000\000"
 368      00000000 
 369 00b4 D1000000 		.ascii	"\321\000\000\000"
 370              		.text
 371              		.section	.gnu.lto_.opts,"",%progbits
 372 0000 272D666D 		.ascii	"'-fmath-errno' '-fsigned-zeros' '-ftrapping-math' '"
ARM GAS  C:\Users\CYIRKO~1\AppData\Local\Temp\ccGd1FUv.s 			page 27


 372      6174682D 
 372      6572726E 
 372      6F272027 
 372      2D667369 
 373 0033 2D666E6F 		.ascii	"-fno-trapv' '-fno-openmp' '-fno-openacc' '-mcpu=cor"
 373      2D747261 
 373      70762720 
 373      272D666E 
 373      6F2D6F70 
 374 0066 7465782D 		.ascii	"tex-m7' '-mno-thumb-interwork' '-mthumb' '-ggdb' '-"
 374      6D372720 
 374      272D6D6E 
 374      6F2D7468 
 374      756D622D 
 375 0099 4F322720 		.ascii	"O2' '-fomit-frame-pointer' '-falign-functions=16' '"
 375      272D666F 
 375      6D69742D 
 375      6672616D 
 375      652D706F 
 376 00cc 2D666675 		.ascii	"-ffunction-sections' '-fdata-sections' '-fno-common"
 376      6E637469 
 376      6F6E2D73 
 376      65637469 
 376      6F6E7327 
 377 00ff 2720272D 		.ascii	"' '-flto'\000"
 377      666C746F 
 377      2700
 378              		.text
 379              		.comm	__gnu_lto_v1,1,1
 380              		.comm	__gnu_lto_slim,1,1
 381              		.ident	"GCC: (GNU Tools for ARM Embedded Processors 6-2017-q1-update) 6.3.1 20170215 (release) [AR
ARM GAS  C:\Users\CYIRKO~1\AppData\Local\Temp\ccGd1FUv.s 			page 28


DEFINED SYMBOLS
                            *ABS*:00000000 chmemcore.c
                            *COM*:00000001 __gnu_lto_v1
                            *COM*:00000001 __gnu_lto_slim

NO UNDEFINED SYMBOLS
