ARM GAS  C:\Users\CYIRKO~1\AppData\Local\Temp\ccoVcnjs.s 			page 1


   1              		.cpu cortex-m7
   2              		.eabi_attribute 20, 1
   3              		.eabi_attribute 21, 1
   4              		.eabi_attribute 23, 3
   5              		.eabi_attribute 24, 1
   6              		.eabi_attribute 25, 1
   7              		.eabi_attribute 26, 1
   8              		.eabi_attribute 30, 2
   9              		.eabi_attribute 34, 1
  10              		.eabi_attribute 18, 4
  11              		.file	"chvt.c"
  12              		.text
  13              	.Ltext0:
  14              		.section	.gnu.lto_.profile.daa05cb9,"",%progbits
  15 0000 789C6365 		.ascii	"x\234ce`b`a```dPW\001\000\000\362\000X"
  15      60626061 
  15      60606064 
  15      50570100 
  15      00F20058 
  16              		.text
  17              		.section	.gnu.lto_.icf.daa05cb9,"",%progbits
  18 0000 789C6365 		.ascii	"x\234ce`b\020a@\000f\206\276\331\177\366\3613m\352\272"
  18      60621061 
  18      40006686 
  18      BED97FF6 
  18      F1336DEA 
  19 0015 FB949DF9 		.ascii	"\373\224\235\371\320\342=\0279\031\000`_\011\026"
  19      D0E23D17 
  19      39190060 
  19      5F0916
  20              		.text
  21              		.section	.gnu.lto_.jmpfuncs.daa05cb9,"",%progbits
  22 0000 789C6365 		.ascii	"x\234ce`b\020e@\000f fba\004\002\376z `\0062\352\031"
  22      60621065 
  22      40006620 
  22      66626104 
  22      02FE7A20 
  23 0019 00174F02 		.ascii	"\000\027O\002\272"
  23      BA
  24              		.text
  25              		.section	.gnu.lto_.inline.daa05cb9,"",%progbits
  26 0000 789C6365 		.ascii	"x\234ce`b(`@\000f\006\006v6F\006&\216\003v\014l\013"
  26      60622860 
  26      40006606 
  26      06763646 
  26      06268E03 
  27 0018 E4994062 		.ascii	"\344\231@bL\014\242G\031\200b\362\357^\2603p\257pc\202"
  27      4C0CA247 
  27      198062F2 
  27      EF5EB033 
  27      70AF7063 
  28 002d 28E4E365 		.ascii	"(\344\343edfP`\004i\021\000\222\016`\266\002\007\337"
  28      64665060 
  28      04691100 
  28      920E60B6 
  28      0207DF
  29 0040 865C068E 		.ascii	"\206\\\006\216\017zL\014\214/\330Y $\210\340\00039@"
ARM GAS  C:\Users\CYIRKO~1\AppData\Local\Temp\ccoVcnjs.s 			page 2


  29      0F7A4C0C 
  29      8C2FD859 
  29      202488E0 
  29      00333940 
  30 0054 84009829 		.ascii	"\204\000\230)\000\266\017\000K\345\017E"
  30      00B60F00 
  30      4BE50F45 
  31              		.text
  32              		.section	.gnu.lto_.pureconst.daa05cb9,"",%progbits
  33 0000 789C6365 		.ascii	"x\234ce`b`g```f\220b\222b\226\002\000\001\316\000e"
  33      60626067 
  33      60606066 
  33      90629262 
  33      96020001 
  34              		.text
  35              		.section	.gnu.lto__vt_init.daa05cb9,"",%progbits
  36 0000 789C8D93 		.ascii	"x\234\215\223\315OSA\024\305\357\231)\355K\015.I\214"
  36      CD4F5341 
  36      14C5EF99 
  36      29ED4B0D 
  36      2E498C
  37 0013 FC0384E0 		.ascii	"\374\003\204\340\213\033M\330\032\371\007\330\262\262"
  37      8B1B4DD8 
  37      1AF907D8 
  37      B2B2
  38 0021 2E685834 		.ascii	".hX4i\253\333>\210\246B\021\330\360\341\302<\002\022"
  38      69ABDB3E 
  38      88A64211 
  38      D8F0E1C2 
  38      3C0212
  39 0034 AA584BC1 		.ascii	"\252XK\301\017\236\037\345YugDIX\271Sc\200\324\204\005"
  39      0F9E1FE5 
  39      59756744 
  39      4958B953 
  39      6380D484 
  40 0049 1B6AA0DC 		.ascii	"\033j\240\334;\325\204\015\217N2\231\311\234\231{\316"
  40      3BD5840D 
  40      8F4E3299 
  40      C99C997B 
  40      CE
  41 005a 2F33D342 		.ascii	"/3\323B\212\0064Q\027\021]\344\016MP\023_\210\006-\005"
  41      8A063451 
  41      17115DE4 
  41      0E4D5013 
  41      5F88062D 
  42 006f C8C4B140 		.ascii	"\310\304\261@\031\205\014\306\365\264F%\373\333S\035"
  42      19850CC6 
  42      F5B44625 
  42      FBDB531D 
  43 007f 8B0E377F 		.ascii	"\213\0167\177\272v\301\311\373p\371\370\003\356\322"
  43      BA76C1C9 
  43      FB70F9F8 
  43      03EED2
  44 008e B0880EE2 		.ascii	"\260\210\016\342m?JG\223\255\341Pc\035y\204\301cq\023"
  44      6D3F4A47 
  44      93ADE150 
  44      631D7984 
ARM GAS  C:\Users\CYIRKO~1\AppData\Local\Temp\ccoVcnjs.s 			page 3


  44      C1637113 
  45 00a2 BE7354CF 		.ascii	"\276sT\317:~u\016nO\230h\204e\361\310i%\243\336\301"
  45      3A7E750E 
  45      6E4F9868 
  45      8465F1C8 
  45      6925A3DE 
  46 00b7 502D7BB8 		.ascii	"P-{\270\021\225\023\\e\352ne#2\246]\015HQ\317\253~\217"
  46      1195135C 
  46      65EA6E65 
  46      2332A65D 
  46      0D4851CF 
  47 00ce 640E1D8B 		.ascii	"d\016\035\213\027\346\2450\257\355~\336\372\030u\361"
  47      17E6A530 
  47      AFED7EDE 
  47      FA1875F1 
  48 00de 9053283C 		.ascii	"\220S(<\341\224\217\321n\204\261\265\345a\313.H\320"
  48      E1948FD1 
  48      6E84B1B5 
  48      E561CB2E 
  48      48D0
  49 00f0 D936576B 		.ascii	"\3316Wk,\301\305\214\211\311\352\247\321o\217\376\253"
  49      2CC1C58C 
  49      89C9EAA7 
  49      D16F8FFE 
  49      AB
  50 0101 495787F0 		.ascii	"IW\207\360\024\366\214\226\220(\300n\306\353\331)^\273"
  50      14F68C96 
  50      9028C06E 
  50      C6EBD929 
  50      5EBB
  51 0113 4ACC8A27 		.ascii	"J\314\212'\315r_\313\343\347\271\326=\226\313,\267`"
  51      CD725FCB 
  51      E3E7B9D6 
  51      3D96CB2C 
  51      B760
  52 0125 19363B95 		.ascii	"\0316;\225\220!C|\277\224\307?\3443}W\202\030W\003\031"
  52      9021437C 
  52      BF94C73F 
  52      E4337D57 
  52      82185703 
  53 013a 9F0BA312 		.ascii	"\237\013\243\022\306\027\3151\276\014d|\025\314\270"
  53      C617CD31 
  53      BE0C647C 
  53      15CCB8
  54 0149 6618BD06 		.ascii	"f\030\275\006\343\376\366\360\317h\263\210\257\203\020"
  54      E3FEF6F0 
  54      CF68B388 
  54      AF8310
  55 0158 DF042086 		.ascii	"\337\004 \206\361V\020\315\233{g\020\027j\177\367\264"
  55      F15610CD 
  55      9B7B6710 
  55      176A7FF7 
  55      B4
  56 0169 BCA008EA 		.ascii	"\274\240\010\352u\2152W\335Ae\177;7\177\256\3314\353"
  56      758D3257 
  56      DD41657F 
  56      3B377FAE 
ARM GAS  C:\Users\CYIRKO~1\AppData\Local\Temp\ccoVcnjs.s 			page 4


  56      D934EB
  57 017c 4169FC93 		.ascii	"Ai\374\223i\246\012\277B,\336\0314a,\274\2270!\011S"
  57      69A60ABF 
  57      422CDE19 
  57      34612CBC 
  57      97302109 
  58 0191 31618A55 		.ascii	"1a\212U\357\240\265\021\206\360\201K\376\301\320\354"
  58      EFA0B511 
  58      86F0814B 
  58      FEC1D0EC 
  59 01a1 FAA8B97A 		.ascii	"\372\250\271z\363{F\370\005\3627\340+\352\274\336\335"
  59      F37B46F8 
  59      05F237E0 
  59      2BEABCDE 
  59      DD
  60 01b2 77AD3F7E 		.ascii	"w\255?~#\336\233\276u3\236\350\213\311<\221\272|\365"
  60      23DE9BBE 
  60      75339EE8 
  60      8BC93C91 
  60      BA7CF5
  61 01c5 8A9D48D9 		.ascii	"\212\235H\331\311\264\235J\306\354X\377\355\364\245"
  61      C9B49D4A 
  61      C6EC58FF 
  61      EDF4A5
  62 01d4 181D0375 		.ascii	"\030\035\003u)53"
  62      293533
  63              		.text
  64              		.section	.gnu.lto_chVTDoSetI.daa05cb9,"",%progbits
  65 0000 789C9D55 		.ascii	"x\234\235U[LTW\024=\373\356{\347\316\013\307X0\324\320"
  65      5B4C5457 
  65      143DFBEE 
  65      7BE7CE0B 
  65      C75830D4 
  66 0015 868F1242 		.ascii	"\206\217\022B\232:i?\372\372\351\207i\372\370\355\257"
  66      9A3A693F 
  66      FAFAE987 
  66      69FAF8ED 
  66      AF
  67 0026 3F146BA4 		.ascii	"?\024k\2441\205\300H\322/.\014\217\242\326\232\266<"
  67      3185C048 
  67      D22F2E0C 
  67      8FA2D69A 
  67      B63C
  68 0038 4A995C22 		.ascii	"J\231\\\"\022\264-\002\242\"\324\307\210\214\200\216"
  68      12B42D02 
  68      A222D4C7 
  68      888C808E 
  69 0048 50282A8F 		.ascii	"P(*\217\322\217\302\030\307\332\204\326\252\211M\241"
  69      D28FC218 
  69      C7DA84D6 
  69      AA894DA1 
  70 0058 7B9F7B61 		.ascii	"{\237{a\352D\260\345$3s\316>g\257\275\326\336\373\234"
  70      EA44B0E5 
  70      243373CE 
  70      3E67AFBD 
  70      D6DEFB9C 
  71 006c D184229E 		.ascii	"\321\204\"\236r\012\361\256\020\342-\372\200C\200rp"
ARM GAS  C:\Users\CYIRKO~1\AppData\Local\Temp\ccoVcnjs.s 			page 5


  71      720AF1AE 
  71      10E22DFA 
  71      80438072 
  71      70
  72 007d 448832A7 		.ascii	"D\2102\247\002\2525Akr\301\251*\270\177P\010\303\255"
  72      02AA3541 
  72      6B72C1A9 
  72      2AB87F50 
  72      08C3AD
  73 0090 55E8C2F0 		.ascii	"U\350\302\360j\000l7\234 J\025T5(UTa\215\317\260\036"
  73      6A006C37 
  73      9C204A15 
  73      54352855 
  73      54618DCF 
  74 00a6 A1BFFA66 		.ascii	"\241\277\372f\257\222\323f\320\010\327/:\252\214\312"
  74      AF92D366 
  74      D008D72F 
  74      3AAA8CCA 
  75 00b6 741385F8 		.ascii	"t\023\205\370\012\2553\320\0069tj\254\242\263\011\017"
  75      0AAD33D0 
  75      0639746A 
  75      ACA2B309 
  75      0F
  76 00c7 A089002A 		.ascii	"\240\211\000*-\177\277\3328\267\201\227\012d\322\262"
  76      2D7FBFDA 
  76      38B78197 
  76      0A64D2B2 
  77 00d7 6DFEE60D 		.ascii	"m\376\346\015\035\267\202\240\371\321s\275\021Wv\253"
  77      1DB782A0 
  77      F9D173BD 
  77      115776AB 
  78 00e7 61941BE1 		.ascii	"a\224\033\341\211/\321x\316D\204o\000\011\020\216B\006"
  78      892FD178 
  78      CE44846F 
  78      0009108E 
  78      4206
  79 00f9 1C810C41 		.ascii	"\034\201\014A&\001\337B6\035\217,=\010\373,`\205\226"
  79      2601DF42 
  79      361D8F2C 
  79      3D08FB2C 
  79      608596
  80 010c E30BD190 		.ascii	"\343\013\321\220\307\002\336H\313\340\361;g\334\370"
  80      C702DE48 
  80      CBE0F13B 
  80      67DCF8
  81 011b 92043667 		.ascii	"\222\0046g\032\347<6p\264\012\215T\023U8f\001\267\023"
  81      1AE73C36 
  81      70B40A8D 
  81      54135538 
  81      6601B713 
  82 012f F0771258 		.ascii	"\360w\022X\025\320!\201\277\376\343\360\264\017_\225"
  82      15D02181 
  82      BFFEE3F0 
  82      B40F5F95 
  83 013f AE878627 		.ascii	"\256\207\206'*}\266\353\245\246\324/\202\306\333&j\320"
  83      2A7DB6EB 
  83      A5A6D42F 
ARM GAS  C:\Users\CYIRKO~1\AppData\Local\Temp\ccoVcnjs.s 			page 6


  83      82C6DB26 
  83      6AD0
  84 0151 99CC4A13 		.ascii	"\231\314J\023\320%\235\333\233\357\206\020\337\220\316"
  84      D0259DDB 
  84      9BEF8610 
  84      DF90CE
  85 0160 277BAA0F 		.ascii	"'{\252\017.;\017\324JA\0168\236\354J\025\351\206l>\177"
  85      2E3B0FD4 
  85      4A410E38 
  85      9EEC4A15 
  85      E9866C3E 
  86 0175 6BE87ECC 		.ascii	"k\350~\314\211\333\244oWM\365\247zV\213\364\275\336"
  86      89DBA46F 
  86      574DF5A7 
  86      7A568BF4 
  86      BDDE
  87 0187 B4A52C68 		.ascii	"\264\245,h\0341T\346}\342Q\336<\350x4\\\323\341\306"
  87      1C3154E6 
  87      7DE251DE 
  87      3CE87834 
  87      5CD3E1C6 
  88 019b 77A4EBE2 		.ascii	"w\244\353\342x|A\263]G\232\322?\017\032C\354\212p\352"
  88      787C41B3 
  88      5D479AD2 
  88      3F0F1A43 
  88      EC8A70EA 
  89 01af D1D0B6EB 		.ascii	"\321\320\266\353/]\213\265)\016\025z \013NBV\313r\011"
  89      2F5D8BB5 
  89      290E157A 
  89      200B4E42 
  89      56CB7209 
  90 01c3 E1343840 		.ascii	"\34148@\010ey\243c\034\302\306\342R5%\"c\366\304\375"
  90      086579A3 
  90      631CC2C6 
  90      E2523525 
  90      2263F6C4 
  91 01d8 4DE92078 		.ascii	"M\351 xK\021\274\251\002W\205:\206\244\350\300\271p"
  91      4B11BCA9 
  91      0257853A 
  91      86A4E8C0 
  91      B970
  92 01ea 01A7D32D 		.ascii	"\001\247\323-\317xH\246\356\225\007S\244\301\307\205"
  92      CF7848A6 
  92      EE950753 
  92      A4C1C785 
  93 01fa 4C656B1A 		.ascii	"Lek\032\177\011\261\227\"R\323\355C\205~0\016\345\215"
  93      7F09B197 
  93      2252D3ED 
  93      43857E30 
  93      0EE58D
  94 020d F1D1A0CE 		.ascii	"\361\321\240\316\024\210a]e\377\250\316\245E\251\357"
  94      1488615D 
  94      65FFA8CE 
  94      A545A9EF 
  95 021d C1E0E54F 		.ascii	"\301\340\345O\274&\204\312\250\361\232\267\230\350\014"
  95      BC2684CA 
  95      A8F19AB7 
ARM GAS  C:\Users\CYIRKO~1\AppData\Local\Temp\ccoVcnjs.s 			page 7


  95      98E80C
  96 022c 515A7A59 		.ascii	"QZzY\020m\316\236\235;\205\376vn\312LNw\037\230\320"
  96      106DCE9E 
  96      9D3B85FE 
  96      766ECA4C 
  96      4E771F98 
  97 0241 203B12BE 		.ascii	" ;\022\276\007\177\210\012%\301'[\226\301\327Dk\235"
  97      077F880A 
  97      25C1275B 
  97      96C1D744 
  97      6B9D
  98 0253 2F3FA6AF 		.ascii	"/?\246\257\240ipF\242\001\243\235e4]\304\240\274\371"
  98      A0697046 
  98      A201A39D 
  98      65345DC4 
  98      A0BCF9
  99 0266 6EEDD332 		.ascii	"n\355\3232Y$/\204.\016\320\027?\337\012l\013\241\373"
  99      59242F84 
  99      2E0ED017 
  99      3FDF0A6C 
  99      0BA1FB
 100 0279 DF025C52 		.ascii	"\337\002\\R@o\357\235\031\275\364o\303I\206\026F#\333"
 100      406FEF9D 
 100      19BDF46F 
 100      C3498616 
 100      4623DB
 101 028c EDE8B501 		.ascii	"\355\350\265\0017\321\000\023\335p\036J\341\234M\341"
 101      37D10013 
 101      DD701E4A 
 101      E19C4DE1 
 102 029c C0E9CE1A 		.ascii	"\300\351\316\032\247E\241y\247\211\036\010K\016\212"
 102      A745A179 
 102      A7891E08 
 102      4B0E8A
 103 02ab 55BCC8FE 		.ascii	"U\274\310\376\261\303\313\273\207\2003t\001\374\015"
 103      B1C3CBBB 
 103      87803374 
 103      01FC0D
 104 02ba 28EBD70F 		.ascii	"(\353\327\017~Io\263$\327\303\344\334d\337G\273t\315"
 104      7E496FB3 
 104      24D7C3E4 
 104      DC64DF47 
 104      BB74CD
 105 02cd 29C9C186 		.ascii	")\311\301\206\252\331\251\335\026Mo\010\225\020z\330"
 105      AAD9A9DD 
 105      164D6F08 
 105      95107AD8 
 106 02dd 213321C6 		.ascii	"!3!\306k\211\031\211\331bR\222\023\366\241\220\031\203"
 106      6B891989 
 106      D9625292 
 106      13F6A190 
 106      1983
 107 02ef 55328670 		.ascii	"U2\206pQ\262\345w\003\006l>\317&\370\244H>\252\240w"
 107      51B2E577 
 107      03066C3E 
 107      CF26F8A4 
 107      483EAAA0 
ARM GAS  C:\Users\CYIRKO~1\AppData\Local\Temp\ccoVcnjs.s 			page 8


 108 0304 066360B5 		.ascii	"\006c`\265\022\021\021r.O\200\305 \032sX\014<I\0142"
 108      12111172 
 108      2E4F80C5 
 108      201A7358 
 108      0C3C490C 
 109 0319 D78CAF42 		.ascii	"\327\214\257BD\306\3278\376%\212?\017\025\223\027\243"
 109      44C6D738 
 109      FE258A3F 
 109      0F159317 
 109      A3
 110 032a B61A2998 		.ascii	"\266\032)\230\306=\000J\215\362\260#\207\030\341t\367"
 110      C63D004A 
 110      8DF2B023 
 110      8718E174 
 110      F7
 111 033b 6BF780B6 		.ascii	"k\367\200\266\\Jc\3070mx\261\257{\012\210\246f\267f"
 111      5C4A63C7 
 111      306D78B1 
 111      AF7B0A88 
 111      A666B766 
 112 034f 5D7CBA75 		.ascii	"]|\272u\035\335\2030\230\310\305\020w\217\255m\246r"
 112      1DDD8330 
 112      98C8C510 
 112      778FAD6D 
 112      A672
 113 0361 83C5C7F7 		.ascii	"\203\305\307\367\277\264!\014K<\007\343]&mLm\370\231"
 113      BFB4210C 
 113      4B3C07E3 
 113      5D266D4C 
 113      6DF899
 114 0374 F510BB92 		.ascii	"\365\020\273\222\000\21221\237uI~\212\271\037\207Vd"
 114      008A3231 
 114      9F75497E 
 114      8AB91F87 
 114      5664
 115 0386 D5DCB72A 		.ascii	"\325\334\267*\334\325\204\316\021\206S-\270Y\253\206"
 115      DCD584CE 
 115      1186532D 
 115      B859AB86 
 116 0396 C9709B9E 		.ascii	"\311p\233\236\240r4A\356\207\025\264\272\370\317\221"
 116      A0723441 
 116      EE8715B4 
 116      BAF8CF91 
 117 03a6 75D44085 		.ascii	"u\324@\205\261D?\2143\232b\325\340v\245n\325 \365?\325"
 117      B1443F8C 
 117      339A62D5 
 117      E076A56E 
 117      D520F53F 
 118 03bb E00586FA 		.ascii	"\340\005\206\3721\0015!\323O\367\311\356\2544\002\262"
 118      31013521 
 118      D34FF7C9 
 118      EEAC3402 
 118      B2
 119 03cc B1EB5C8F 		.ascii	"\261\353\\\217\241\271\006\352\265\004\352u&\230\306"
 119      A1B906EA 
 119      B504EA75 
 119      2698C6
ARM GAS  C:\Users\CYIRKO~1\AppData\Local\Temp\ccoVcnjs.s 			page 9


 120 03db 207FDEFA 		.ascii	" \177\336\372u\245\026O|=n\254\362zl\346\327cr\265\327"
 120      75A5164F 
 120      7C3D6EAC 
 120      F27A6CE6 
 120      D76372B5 
 121 03f0 A388834F 		.ascii	"\243\210\203O\361\343\241s\354i\3603\257\207\177-\310"
 121      F1E3A173 
 121      EC69F033 
 121      AF877F2D 
 121      C8
 122 0401 3F6F1D96 		.ascii	"?o\035\226\226\020f\010\3657\272\301\335\365R\247\374"
 122      96106608 
 122      F537BAC1 
 122      DDF552A7 
 122      FC
 123 0412 07D94B14 		.ascii	"\007\331K\024*t\002|\376\315\327\267o\333\225\377~\376"
 123      2A74027C 
 123      FECDD7B7 
 123      6FDB95FF 
 123      7EFE
 124 0424 7B813D3B 		.ascii	"{\201=;\362\013\266\347\361\274\240\370\305W^\366\027"
 124      F20BB6E7 
 124      F1BCA0F8 
 124      C5575EF6 
 124      17
 125 0435 14FB8B02 		.ascii	"\024\373\213\002\376\342\242<\177\336\256\222\300\326"
 125      FEE2A23C 
 125      7FDEAE92 
 125      C0D6
 126 0443 3C812581 		.ascii	"<\201%\201Bm\307\007\273s?v\224\004v\356\371(\017\013"
 126      426DC707 
 126      BB733F76 
 126      940476EE 
 126      F9280F0B 
 127 0457 738BD810 		.ascii	"s\213\330\020\310\205\302\177\000\311\301\246\237"
 127      C885C27F 
 127      00C9C1A6 
 127      9F
 128              		.text
 129              		.section	.gnu.lto_chVTDoResetI.daa05cb9,"",%progbits
 130 0000 789C9594 		.ascii	"x\234\225\224\315O\023A\030\207\347\267\357\266\273"
 130      CD4F1341 
 130      1887E7B7 
 130      EFB6BB
 131 000f 54E5688C 		.ascii	"T\345h\214r\340`B\010\312\206\213&\\\215\377\200^9Y"
 131      72E06042 
 131      08CA868B 
 131      265C8DFF 
 131      805E3959 
 132 0023 0F70C294 		.ascii	"\017p\302\224\312\225\245\012(\032\360\240\005\021\262"
 132      CA95A50A 
 132      281AF0A0 
 132      0511B2
 133 0032 24D01454 		.ascii	"$\320\024T\276\374\244\250X\021$\030\324`b<x\323\006"
 133      BEFCA4A8 
 133      58112418 
 133      D460623C 
ARM GAS  C:\Users\CYIRKO~1\AppData\Local\Temp\ccoVcnjs.s 			page 10


 133      78D306
 134 0045 ADD144A3 		.ascii	"\255\321D\243\211\211\037\340\373\316RkL1\260\311\314"
 134      89891FE0 
 134      FBCE526B 
 134      4C31B0C9 
 134      CC
 135 0056 CEC7CE33 		.ascii	"\316\307\3163\317;3;\001e\250\210\251T\225Rj\027'\220"
 135      CF3B333B 
 135      0165A888 
 135      A9549552 
 135      6A172790 
 136 006a 8271EEA9 		.ascii	"\202q\356\251R\315\266\001H\301\265\241\232\0144\241"
 136      52CDB601 
 136      48C1B5A1 
 136      9A0C34A1 
 137 007a 93BA0833 		.ascii	"\223\272\0103m\313)\243<\351\362\223\356\372\271\245"
 137      6DCB29A3 
 137      3CE9F293 
 137      EEFAB9A5 
 138 008a D56DD9E1 		.ascii	"\325m\331\341\221R\0279\311\203$\312\371\253\245\223"
 138      91521739 
 138      C98324CA 
 138      F9ABA593 
 139 009a E3BDD441 		.ascii	"\343\275\324A\036\001&W??\351yS,U\003\245\\Mf\226_Z"
 139      1E012657 
 139      3F3FE979 
 139      532C5503 
 139      A55C4D66 
 140 00b1 5409C5E5 		.ascii	"T\011\305\345\341\351\324\\QY\302ucn:s\236\334\335\036"
 140      E1E9D45C 
 140      5159C275 
 140      636E3A73 
 140      9EDCDD1E 
 141 00c5 112E8318 		.ascii	"\021.\203\030\210a\224`\010%\212\233\024\256\240L\276"
 141      88619460 
 141      08258A9B 
 141      14AEA04C 
 141      BE
 142 00d6 7F3DB172 		.ascii	"\177=\261ra[\320\034\310\315\211\253\010\202\337c\317"
 142      615BD01C 
 142      C8CD89AB 
 142      0882DF63 
 142      CF
 143 00e7 91765756 		.ascii	"\221vWV\333\334\364b\002\251C\305,\317#H\306\232\234"
 143      DBDCF462 
 143      02A943C5 
 143      2CCF2348 
 143      C69A9C
 144 00fa 9901C982 		.ascii	"\231\001\311\202\222\331\322\026\322P\325\316Ib<C\206"
 144      92D9D216 
 144      D250D5CE 
 144      49623C43 
 144      86
 145 010b BC298BD8 		.ascii	"\274)\213\330T\266s\036B\355#\2117\3362\363\314\022"
 145      54B6731E 
 145      42ED2389 
 145      37DE32F3 
ARM GAS  C:\Users\CYIRKO~1\AppData\Local\Temp\ccoVcnjs.s 			page 11


 145      CC12
 146 011d 75D2BADF 		.ascii	"u\322\272\337\346\037\237\332\352\241\257\231\343/\365"
 146      E61F9FDA 
 146      EAA1AF99 
 146      E32FF5
 147 012c 28D0C721 		.ascii	"(\320\307!\215\260\242\364%2\261Q\313\031q\375.\302"
 147      8DB0A2F4 
 147      2532B151 
 147      CB1971FD 
 147      2EC2
 148 013e 283C74EB 		.ascii	"(<t\353u\301\030\034%\354\205=>\331,\210\242\177P{="
 148      75C1181C 
 148      25EC853D 
 148      3ED92C88 
 148      A27F507B 
 149 0153 0A625C53 		.ascii	"\012b\\S$DL\344(\325>%\260)\241 \256\345Q\3275\352D"
 149      24444CE4 
 149      28D53E25 
 149      B029A120 
 149      AEE551D7 
 150 016a BC7521E0 		.ascii	"\274u!\340\263D\212\211\302\217\027I\323\306\015o\344"
 150      B3448A89 
 150      C28F1749 
 150      D3C60D6F 
 150      E4
 151 017b B137E130 		.ascii	"\2617\3410JKf{r\313hor\335ni\236!\274\333~\304\361\205"
 151      4A4B667B 
 151      72CB686F 
 151      72DD6E69 
 151      9E21BCDB 
 152 0193 8A024AFD 		.ascii	"\212\002J\375\021\245I\366\272\244\311\374\016\244\304"
 152      11A549F6 
 152      BAA4C9FC 
 152      0EA4C4
 153 01a2 8C7CB34B 		.ascii	"\214|\263K9\263\320&\315\246\362\274;\0331\013\255K"
 153      39B3D026 
 153      CDA6F2BC 
 153      3B1B310B 
 153      AD4B
 154 01b4 BA9B8FF1 		.ascii	"\272\233\217\361\236\230\331\002\373\372\2567i\025\302"
 154      9E98D902 
 154      FBFAAE37 
 154      6915C2
 155 01c3 EDFCAF97 		.ascii	"\355\374\257\227\205iM\323\277\303}8\177\237Z\013\012"
 155      85694DD3 
 155      BFC37D38 
 155      7F9F5A0B 
 155      0A
 156 01d4 691EA5E9 		.ascii	"i\036\245\351CoCk\364?\375\266>\325\251\324\207WV\323"
 156      436F436B 
 156      F43FFDB6 
 156      3ED5A9D4 
 156      875756D3 
 157 01e8 2FD7E686 		.ascii	"/\327\346\206\001\331In{\277\370b6\304\002\360\250\010"
 157      01D9496E 
 157      7BBFF862 
 157      36C402F0 
ARM GAS  C:\Users\CYIRKO~1\AppData\Local\Temp\ccoVcnjs.s 			page 12


 157      A808
 158 01fa 33FCFB3F 		.ascii	"3\374\373?X\233\274cr\374\264\355O\336\277\335\343\030"
 158      589BBC63 
 158      72FCB4ED 
 158      4FDEBFDD 
 158      E318
 159 020c 1FEAD9F9 		.ascii	"\037\352\331\371\016\221\336\271\263K\203\271\336\210"
 159      0E91DEB9 
 159      B34B83B9 
 159      DE88
 160 021a 9C8E5938 		.ascii	"\234\216Y8\335|\256XmN\253%\276\377\370\244\257\006"
 160      DD7CAE58 
 160      6D4EAB25 
 160      BEFFF8A4 
 160      AF06
 161 022c 13ABAB84 		.ascii	"\023\253\253\204GL\375\210X\377\227A\275'\372\022ig"
 161      474CFD88 
 161      58FF9741 
 161      BD27FA12 
 161      6967
 162 023e 05FE1B79 		.ascii	"\005\376\033yu*\016V\327\034\250\255;Rw8z\374h]}MX\312"
 162      752A0E56 
 162      D71CA8AD 
 162      3B527738 
 162      7AFC685D 
 163 0256 F50D55FB 		.ascii	"\365\015U\373\3679\365\015N$\3524D\302N\270\2661Z\031"
 163      F739F50D 
 163      4E24EA34 
 163      44C24EB8 
 163      B6315A19 
 164 026a 56D4183D 		.ascii	"V\324\030=\366\033\341\377v\224"
 164      F61BE1FF 
 164      7694
 165              		.text
 166              		.section	.gnu.lto_.symbol_nodes.daa05cb9,"",%progbits
 167 0000 789C6365 		.ascii	"x\234ce`bp`\000\002\246\357\214\365\014\014\023\316"
 167      60627060 
 167      0002A6EF 
 167      8CF50C0C 
 167      13CE
 168 0012 313000A9 		.ascii	"10\000\251]\015\216\014\014\254\277\030\031\024@2?\030"
 168      5D0D8E0C 
 168      0CACBF18 
 168      19144032 
 168      3F18
 169 0024 EB195164 		.ascii	"\353\031Qd\230~2\3263\241\2100\000\000\024\037\017\341"
 169      987E32D6 
 169      33A18830 
 169      0000141F 
 169      0FE1
 170              		.text
 171              		.section	.gnu.lto_.refs.daa05cb9,"",%progbits
 172 0000 789C15C7 		.ascii	"x\234\025\307\261\015\000 \014\304@\373\0114\231\200"
 172      B10D0020 
 172      0CC440FB 
 172      09349980 
 173 0010 96FD8744 		.ascii	"\226\375\207Di|\362&<\340\240\306I\306\245\225`\351"
ARM GAS  C:\Users\CYIRKO~1\AppData\Local\Temp\ccoVcnjs.s 			page 13


 173      697CF226 
 173      3CE0A0C6 
 173      49C6A595 
 173      60E9
 174 0022 9D693E0A 		.ascii	"\235i>\012\330\000\200"
 174      D80080
 175              		.text
 176              		.section	.gnu.lto_.decls.daa05cb9,"",%progbits
 177 0000 789CB55A 		.ascii	"x\234\265ZyPTI\232\257|Y@Q\024\340\242\333a\304\272"
 177      79505449 
 177      9AAF7C59 
 177      405114E0 
 177      A2DB61C4 
 178 0015 BB4607DD 		.ascii	"\273F\007\335Mlw\213\266=j\367v\314\366D\357\356l\307"
 178      4D6C778B 
 178      B63D6AF7 
 178      76CCF644 
 178      EFEE6CC7 
 179 0029 C4CC1F33 		.ascii	"\304\314\0373\323\035\033\321\316V \224\312\014\327"
 179      D31D1BD1 
 179      CE562094 
 179      CA0CD7
 180 0038 140FB5FF 		.ascii	"\024\017\265\377\232\307\341\001\036\200\312)\264\210"
 180      9AC7E101 
 180      1E80CA29 
 180      B488
 181 0046 2702828A 		.ascii	"'\002\202\212\202\202Z \012\342-*\227\034\205\212\202"
 181      82825A20 
 181      0AE22D2A 
 181      971C858A 
 181      82
 182 0057 28088872 		.ascii	"(\010\210r\010\373\345Q\365^\025\257\324\331\330\251"
 182      08FBE551 
 182      F55E15AF 
 182      D4D9D8A9 
 183 0067 20A9F7E5 		.ascii	" \251\367\345\373\362\373}W~/3_\271i\004\315\312O4\232"
 183      FBF2FB7D 
 183      577E2F33 
 183      5FB96904 
 183      CDCA4F34 
 184 007c 5FB86B34 		.ascii	"_\270k4\022\322h\246\341\243\325h4\305\032\371\203\241"
 184      12D268A6 
 184      E1A3D568 
 184      34C51AF9 
 184      83A1
 185 008e 1D81D60E 		.ascii	"\035\201\326\016\315\012\015\3304\317\221\306\341\363"
 185      CD0A0DD8 
 185      34CF91C6 
 185      E1F3
 186 009c 07A03DE1 		.ascii	"\007\240=\341\373{hCp=\000\255\001Z#\320\303\360]\013"
 186      FB7B6843 
 186      703D00AD 
 186      015A23D0 
 186      C3F05D0B 
 187 00b0 DF1F42AB 		.ascii	"\337\037B\253\206k7\370\356#}\320.@\253\201v\0361\271"
 187      866B37F8 
 187      EE237DD0 
ARM GAS  C:\Users\CYIRKO~1\AppData\Local\Temp\ccoVcnjs.s 			page 14


 187      2E40AB81 
 187      761E31B9 
 188 00c4 475CC8AF 		.ascii	"G\\\310\257\004\332\300\345\373A\233\243a\262\211\334"
 188      04DAC0E5 
 188      FB419BA3 
 188      61B289DC 
 189 00d4 7268DF71 		.ascii	"rh\337q\3717\235\360u@7A\273\253\300\274\003\327\267"
 189      F9379DF0 
 189      75403741 
 189      BBABC0BC 
 189      03D7B7
 190 00e7 A0356B18 		.ascii	"\2405k\0306\342\266\011\320&\321Ll\242\233\227\012\266"
 190      36E2B609 
 190      D026D14C 
 190      6CA29B97 
 190      0AB6
 191 00f9 0DCFA683 		.ascii	"\015\317\246\203\022\027\334\351\200c\303\267\341Y9"
 191      1217DCE9 
 191      8063C3B7 
 191      E15939
 192 0108 1E1666E2 		.ascii	"\036\026f\342e`trk\355\031\241\003\335Cp\033\315\242"
 192      65607472 
 192      6BED19A1 
 192      03DD4370 
 192      1BCDA2
 193 011b BD08B1FF 		.ascii	"\275\010\261\377\2106JN\333>\010\321~\350\0254\034\300"
 193      88364A4E 
 193      DB3E08D1 
 193      7EE81534 
 193      1CC0
 194 012d D6856C23 		.ascii	"\326\205l#8-pR\340\"\351\037\037\214\024\022\331m\206"
 194      382D7052 
 194      E022E91F 
 194      1F8C1412 
 194      D96D86
 195 0140 64FBB0D8 		.ascii	"d\373\260\330\260\013:\3146\032\0112\000B\312\001\012"
 195      B00B3ACC 
 195      361A0932 
 195      0042CA01 
 195      0A
 196 0151 814C6D7E 		.ascii	"\201Lm~\337\256\237F6\016\331\254\177\236u\245G\337"
 196      DFAE9F46 
 196      360ED9AC 
 196      7F9E75A5 
 196      47DF
 197 0163 89DA496F 		.ascii	"\211\332Io\336\327\210\366m\330\333=\356\203\005D\256"
 197      DED788F6 
 197      6DD8DB3D 
 197      EE830544 
 197      AE
 198 0174 3BC70EFD 		.ascii	";\307\016\375\347\202\"\211}t\377 \273\355\302\364K"
 198      E7822289 
 198      7D74FF20 
 198      BBEDC2F4 
 198      4B
 199 0185 8BEF368C 		.ascii	"\213\3576\214\374\364H\000\362\326\340\225\\/ \347\350"
 199      FCF44800 
ARM GAS  C:\Users\CYIRKO~1\AppData\Local\Temp\ccoVcnjs.s 			page 15


 199      F2D6E095 
 199      5C2F20E7 
 199      E8
 200 0196 D12C205F 		.ascii	"\321, _\305\336\251\326\317M\247\243\342\245Y\002\372"
 200      C5DEA9D6 
 200      CF4DA7A3 
 200      E2A55902 
 200      FA
 201 01a7 FE3D5484 		.ascii	"\376=T\204\346\241B4\017\300\213\321\\\370\277B\313"
 201      E6A14234 
 201      0FC08BD1 
 201      5CF8BF42 
 201      CB
 202 01b8 241D6B28 		.ascii	"$\035k(/\324\275\237'\345uI\226G\371\377\234\036/\035"
 202      2FD4BD9F 
 202      27E57549 
 202      9647F9FF 
 202      9C1E2F1D 
 203 01cc 8251F309 		.ascii	"\202Q\363\011\027*@\030\035F\013\210\306p\011\377\017"
 203      172A4018 
 203      1D460B88 
 203      C67009FF 
 203      0F
 204 01dd A14E840E 		.ascii	"\241N\204\016\242\016\260\347\010z\037F\227\236I\270"
 204      A20EB0E7 
 204      087A1F46 
 204      979E49B8 
 205 01ed EE81BFA6 		.ascii	"\356\201\277\246\312\036)\232(\325kI\034\2773\020\361"
 205      CA1E299A 
 205      28D56B49 
 205      1CBF3310 
 205      F1
 206 01fe D07533A1 		.ascii	"\320u3\2414\00735\265\304\334\253\331\367}\230\232\363"
 206      34073335 
 206      B5C4DCAB 
 206      D9F77D98 
 206      9AF3
 207 0210 D507F41F 		.ascii	"\325\007\364\037\277\262\037\273\324\274\214j~\034q"
 207      BFB21FBB 
 207      D4BC8C6A 
 207      7E1C71
 208 021f D5CB4AAE 		.ascii	"\325\313J\256\344\352\015I\222\024'\245\304K\236\377"
 208      E4EA0D49 
 208      921427A5 
 208      C44B9EFF 
 209 022f 45EEA363 		.ascii	"E\356\243c\300}\224r\237@\006\256=\360\036*\337Y\350"
 209      C07D9472 
 209      9F4006AE 
 209      3DF01E2A 
 209      DF59E8
 210 0242 857F4514 		.ascii	"\205\177E\024\025:\353*\273\275\220!\300\305HT\201\002"
 210      153AEB2A 
 210      BBBD9021 
 210      C0C54854 
 210      8102
 211 0254 14830F10 		.ascii	"\024\203\017\020],\217\262\027\356\272A\374R\0167N\312"
 211      5D2C8FB2 
ARM GAS  C:\Users\CYIRKO~1\AppData\Local\Temp\ccoVcnjs.s 			page 16


 211      17EEBA41 
 211      FC520E37 
 211      4ECA
 212 0266 7E013E06 		.ascii	"~\001>\006\320\333v)\204\332B\030J\021\265f\377\370"
 212      D0DB7629 
 212      84DA4218 
 212      4A11B566 
 212      FFF8
 213 0278 C42031FF 		.ascii	"\304 1\377C=\232\236\306\320Q\322\177j\314\233u\220"
 213      433D9A9E 
 213      C6D051D2 
 213      7F6ACC9B 
 213      7590
 214 028a FBE72E5F 		.ascii	"\373\347._:`\300I\210j\225\262\247p\263'\322\007l\""
 214      3A60C049 
 214      886A95B2 
 214      A770B327 
 214      D2076C22 
 215 029e 5A81F16E 		.ascii	"Z\201\361n\001\032\273\351\350,\250\004\203\010(\252"
 215      011ABBE9 
 215      E82CA804 
 215      830828AA 
 216 02ae 84CED3D0 		.ascii	"\204\316\323\320\311\024\0338\374a\306FI\022\320\031"
 216      C9141B38 
 216      FC61C646 
 216      4912D019 
 217 02be A44755B2 		.ascii	"\244GU\262b\037\352\231^gS\333z\364x\222aL\306\247\017"
 217      621FEA99 
 217      5E6753DB 
 217      7AF47892 
 217      614CC6A7 
 218 02d3 6851809E 		.ascii	"hQ\200\236\017\255\377\254v=\031Z\015C\317\311CA\022"
 218      0FADFFAC 
 218      763D195A 
 218      0D43CFC9 
 218      434112
 219 02e6 7CA9EA61 		.ascii	"|\251\352aQ\321\003@\222O\264M\372b+MZ\341P\356\256"
 219      51D10340 
 219      924FB44D 
 219      FA622B4D 
 219      5AE150EE 
 220 02fb A7EE7690 		.ascii	"\247\356v\220G\331\237\037\240 \265\000R#\203T\273\006"
 220      47D99F1F 
 220      A020B500 
 220      52238354 
 220      BB06
 221 030d 39AF0E52 		.ascii	"9\257\016R\324\363\352*\246.&\242N1\027\3332\337\217"
 221      D4F3EA2A 
 221      A62E26A2 
 221      4E3117DB 
 221      32DF8F
 222 0320 657E76E5 		.ascii	"e~v\345H\203\033#u@Z\213j\022\335\361\0236\231\036\327"
 222      48831B23 
 222      75405A8B 
 222      6A12DDF1 
 222      1336991E 
 223 0335 8F3ED4E1 		.ascii	"\217>\324\341AF\344\325X?\305\243\354:\345\336X\225"
ARM GAS  C:\Users\CYIRKO~1\AppData\Local\Temp\ccoVcnjs.s 			page 17


 223      4146E4D5 
 223      583FC5A3 
 223      EC3AE5DE 
 223      5895
 224 0347 179E6084 		.ascii	"\027\236`\204\245\354\364q\003\2260%\236O\346\226{2"
 224      A5ECF471 
 224      03963025 
 224      9E4FE696 
 224      7B32
 225 0359 7173807C 		.ascii	"qs\200|\335\231\222\342\301\3627\017\001]\2347\234\213"
 225      DD9992E2 
 225      C1F2370F 
 225      015D9C37 
 225      9C8B
 226 036b 712AE3B5 		.ascii	"q*\343\265LT\264\031p\032%\364\345\015\326\333\0064"
 226      4C54B419 
 226      701A25F4 
 226      E50DD6DB 
 226      0634
 227 037d DBDF10E0 		.ascii	"\333\337\020\340\017\237\200\331\251\304\027)\222\364"
 227      0F9F80D9 
 227      A9C41729 
 227      92F4
 228 038b B55683AE 		.ascii	"\265V\203\256\201IW\211\235\267\301\316V4\233\030\212"
 228      81495789 
 228      9DB7C1CE 
 228      56349B18 
 228      8A
 229 039c 5AE0FA0E 		.ascii	"Z\340\372\016\362G\315\320nA\273\013\255\011\371\323"
 229      F247CDD0 
 229      6E41BB0B 
 229      AD09F9D3 
 230 03ac F99E4F9C 		.ascii	"\371\236O\234d\031\350\237\3372\324%II\006j\377%p%\031"
 230      6419E89F 
 230      DF32D425 
 230      4949066A 
 230      FF257025 
 231 03c1 6CF75A1D 		.ascii	"l\367Z\035M\372E\360O\243H\354\233\300\"O\211F\232\255"
 231      4DFA45F0 
 231      4FA348EC 
 231      9BC0224F 
 231      89469AAD 
 232 03d5 F694F6CF 		.ascii	"\366\224\366\317\331\036\013)Mxn\310\221\001\251\012"
 232      D91E0B29 
 232      4D786EC8 
 232      9101A90A 
 233 03e5 D065CD23 		.ascii	"\320e\315#\017$i\273\201\214E\2279\250}\252\004\332"
 233      0F2469BB 
 233      818C4597 
 233      39A87DAA 
 233      04DA
 234 03f7 3119FFB5 		.ascii	"1\031\377\265\026\277\035\361R\375B:\013\352\235\271"
 234      16BF1DF1 
 234      52FD423A 
 234      0BEA9DB9 
 235 0407 998AC790 		.ascii	"\231\212\307\220\314\337\3212\207\361C\005\270\356\314"
 235      CCDFD132 
ARM GAS  C:\Users\CYIRKO~1\AppData\Local\Temp\ccoVcnjs.s 			page 18


 235      87F14305 
 235      B8EECC
 236 0416 7E113949 		.ascii	"~\0219I\037\377\357,\311\222\200\251*\015\252\2520\331"
 236      1FFFEF2C 
 236      C99280A9 
 236      2A0DAAAA 
 236      30D9
 237 0428 CCBE67CD 		.ascii	"\314\276g\315\263b%\011Q{\270m\344\243\032\212+\\\332"
 237      B3622509 
 237      517BB86D 
 237      E4A31A8A 
 237      2B5CDA
 238 043b DB420171 		.ascii	"\333B\001qn8>xFK\323\220\250q\201\245\341\205\015[\343"
 238      6E383E78 
 238      464BD390 
 238      A87181A5 
 238      E1850D5B 
 239 0450 7C5CD6AD 		.ascii	"|\\\326\255{\264n\265\331\352V\374\231\216\021\014%"
 239      7BB46EB5 
 239      D9EA56FC 
 239      998E110C 
 239      25
 240 0461 B78B94DC 		.ascii	"\267\213\224\334\356@\3531I\202\031\"i\011\037*\221"
 240      EE40EB31 
 240      49821922 
 240      69091F2A 
 240      91
 241 0472 0351E25C 		.ascii	"\003Q\342\\s\333i\315\355~|\246O\207\233x\206f\234\274"
 241      73DB69CD 
 241      ED7E7CA6 
 241      4F879B78 
 241      86669CBC 
 242 0486 E46BD786 		.ascii	"\344k\327\206\025\321\352\365\305\273\015.\225\351\242"
 242      15D1EAF5 
 242      C5BB0D2E 
 242      95E9A2
 243 0495 CA74DA94 		.ascii	"\312t\332\224\351\234\034\330\251\347\312\014\005\202"
 243      E99C1CD8 
 243      A9E7CA0C 
 243      0582
 244 04a3 7F613EC2 		.ascii	"\177a>\302l\005.\200\264\253\322\341\254\212\225\252"
 244      6C052E80 
 244      B4ABD2E1 
 244      AC8A95AA 
 245 04b3 D234F2B2 		.ascii	"\3224\362\262F\217\0370Un\345\304=\026\330d\031!tM\347"
 245      468F1F30 
 245      556EE5C4 
 245      3D16D864 
 245      1921744D 
 246 04c8 DE581D9F 		.ascii	"\336X\035\237-\036@O\367\266\354\345\223i\220\334\337"
 246      2D1E404F 
 246      F7B6ECE5 
 246      936990DC 
 246      DF
 247 04d9 35DCDECB 		.ascii	"5\334\336\313\351\000 s:k:8YKW\006\235;\023\015|8yx"
 247      E9002073 
 247      3A6B3A38 
ARM GAS  C:\Users\CYIRKO~1\AppData\Local\Temp\ccoVcnjs.s 			page 19


 247      594B5706 
 247      9D3B130D 
 248 04f1 A4F75C1D 		.ascii	"\244\367\\\035\362\304\217\030V\371\263\302ro\306l\241"
 248      F2C48F18 
 248      56F9B3C2 
 248      726FC66C 
 248      A1
 249 0502 E5BD2767 		.ascii	"\345\275'g\233\201\321\313\200\274}\243c?\306C\214\267"
 249      9B81D1CB 
 249      80BC7DA3 
 249      633FC643 
 249      8CB7
 250 0514 BDBEA090 		.ascii	"\275\276\240\220T\341\217H\025\236\236\366U\324\341"
 250      54E18F48 
 250      159E9EF6 
 250      55D4E1
 251 0523 8F581DBE 		.ascii	"\217X\035\276\225<\264\317\003OPv!\253\241\251FQ#\017"
 251      953CB4CF 
 251      034F5076 
 251      21ABA1A9 
 251      4651230F 
 252 0537 FF3C6B88 		.ascii	"\377<k\210\324\375\3470\347\006d\207|d\257^t\236i\344"
 252      D4FDE730 
 252      E7066487 
 252      7C64AF5E 
 252      749E69E4 
 253 054b 3C1C84F4 		.ascii	"<\034\204\364\371\210W\257g\320\371\224U\257\202}\251"
 253      F98857AF 
 253      67D0F994 
 253      55AF827D 
 253      A9
 254 055c F9EE7883 		.ascii	"\371\356x\203\226b\\<\333\326\254\265\325zg\001#*\002"
 254      96625C3C 
 254      DBD6ACB5 
 254      D57A6701 
 254      232A02
 255 056f 6C05FBFD 		.ascii	"l\005\373\375\213\264\226\016\2032C\2622\317\021/\366"
 255      8BB4960E 
 255      833243B2 
 255      32CF112F 
 255      F6
 256 0580 D2CE89DD 		.ascii	"\322\316\211\335\3368\231\201H\017/<\024\\\201\274t"
 256      DE389981 
 256      480F2F3C 
 256      145C81BC 
 256      74
 257 0591 09329D84 		.ascii	"\0112\235\2047\355M&\3518\012(/d\224a\033\312\275\343"
 257      37ED4D26 
 257      E9380A28 
 257      2F649461 
 257      1BCABDE3 
 258 05a5 5BCFEBB0 		.ascii	"[\317\353\260\225\242\240\302\227\011'|q\257\326!,s"
 258      95A2A0C2 
 258      9709277C 
 258      71AFD621 
 258      2C73
 259 05b7 7858C677 		.ascii	"xX\306w\234:\341\205\007\330\315\332\373\215\365n\370"
ARM GAS  C:\Users\CYIRKO~1\AppData\Local\Temp\ccoVcnjs.s 			page 20


 259      9C3AE185 
 259      07D8CDDA 
 259      FB8DF56E 
 259      F8
 260 05c8 05234EA7 		.ascii	"\005#N\247U=\325\341\015n\224\250~\335\222\243\307\351"
 260      553DD5E1 
 260      0D6E94A8 
 260      7EDD92A3 
 260      C7E9
 261 05da 8C38D973 		.ascii	"\2148\331s\351\242\236\311\220H\221\235\334\177\275"
 261      E9A29EC9 
 261      9048919D 
 261      DC7FBD
 262 05e9 59877F62 		.ascii	"Y\207\177b7+\313\253.\362\372\276\220\314\244\007\271"
 262      372BCBAB 
 262      2EF2FABE 
 262      90CCA407 
 262      B9
 263 05fa 561F7C90 		.ascii	"V\037|\220\335\273\230\234\260E\217K)!\024n\335\324"
 263      DDBB989C 
 263      B0458F4B 
 263      2921146E 
 263      DDD4
 264 060c EFD2C3EB 		.ascii	"\357\322\303\353\005W\306\267\316\205u\026J\020\364"
 264      0557C6B7 
 264      CE857516 
 264      4A10F4
 265 061b 285E9869 		.ascii	"(^\230ix\301\351\341\375\356\270\212\301uOO\375\021"
 265      78C1E9E1 
 265      FDEEB88A 
 265      C1754F4F 
 265      FD11
 266 062d 5F60D789 		.ascii	"_`\327\211E\211\027}\360UF\344\237\253\354\367\300\355"
 266      4589177D 
 266      F05546E4 
 266      9FABECF7 
 266      C0ED
 267 063f 8CB02D79 		.ascii	"\214\260-y\374\330\222\347P_\347$\306\375\354\236\365"
 267      FCD892E7 
 267      505FE724 
 267      C6FDEC9E 
 267      F5
 268 0650 5E5DA90F 		.ascii	"^]\251\017~\306-{\271\253\322\027\277`\304\325\373\323"
 268      7EC62D7B 
 268      B9ABD217 
 268      BF60C4D5 
 268      FBD3
 269 0662 43F0D066 		.ascii	"C\360\320fDy\366\224E\213\343\335)\261~kq\006\361\216"
 269      4479F694 
 269      458BE3DD 
 269      29B17E6B 
 269      7106F18E 
 270 0676 3B4B6632 		.ascii	";Kf2\257\036\014\216\237\324\262.b\303:\350\312\315"
 270      AF1E0C8E 
 270      9FD4B22E 
 270      62C33AE8 
 270      CACD
ARM GAS  C:\Users\CYIRKO~1\AppData\Local\Temp\ccoVcnjs.s 			page 21


 271 0688 BA77D407 		.ascii	"\272w\324\007o\244C\204~kb\222N\221\320K\262\006IB\357"
 271      6FA44384 
 271      7E6B6292 
 271      4E91D04B 
 271      B2064942 
 272 069d 0423B7CB 		.ascii	"\004#\267\313F\272\363\204\226fxk\007x\313\235{+U\230"
 272      46BAF384 
 272      9666786B 
 272      0778CB9D 
 272      7B2B5598 
 273 06b1 8752049A 		.ascii	"\207R\004\232\320Cc\203eZ\234\3120\222\254C\257}\231"
 273      D0436383 
 273      655A9CCA 
 273      3092AC43 
 273      AF7D99
 274 06c4 BB670AC8 		.ascii	"\273g\012\310P\021`_\201\234\240\011\235\016\312\244"
 274      5011605F 
 274      819CA009 
 274      9D0ECAA4 
 275 06d4 C9CA806E 		.ascii	"\311\312\200n\314\343Vi\"\313\200\263\030He\361\336"
 275      CCE35669 
 275      22CB80B3 
 275      184865F1 
 275      DE
 276 06e5 4D7ABB21 		.ascii	"Mz\273!\220\247[Y\236f\303\340Lyp\272\340\322\224,u"
 276      90A75B59 
 276      9E66C3E0 
 276      4C7970BA 
 276      E0D2942C 
 277 06fa 5336A73D 		.ascii	"S6\247==\340\203w3\017O<\336\331\202X\304\014@\306U"
 277      3DE08377 
 277      330F4F3C 
 277      DED98258 
 277      C40C40C6 
 278 070f B6A4FAB2 		.ascii	"\266\244\372\262t\354\242\265b|\323\224\026\0271\336"
 278      74ECA2B5 
 278      627CD394 
 278      161731DE 
 279 071f A62D8D6D 		.ascii	"\246-\215m\356\270\214\2517\326W_\354eW\257\201f\322"
 279      EEB88CA9 
 279      37D6575F 
 279      EC6557AF 
 279      8166D2
 280 0732 1E506DF7 		.ascii	"\036Pm\367;\251\226\247\256\332\305\353y\303:|\232\301"
 280      3BA996A7 
 280      AEDAC5EB 
 280      79C33A7C 
 280      9AC1
 281 0744 9D4ADD0E 		.ascii	"\235J\335\016\223\306\302\210\216\314\315\225^\270\221"
 281      93C6C288 
 281      8ECCCD95 
 281      5EB891
 282 0753 11679387 		.ascii	"\021g\223\207*<q+#6\276\352.\365\305\367\031\321\027"
 282      2A3C712B 
 282      2336BEEA 
 282      2EF5C5F7 
 282      19D117
ARM GAS  C:\Users\CYIRKO~1\AppData\Local\Temp\ccoVcnjs.s 			page 22


 283 0766 6FB16A71 		.ascii	"o\261jq\037#J\326?( %y\036d\017R\324\301y\254\016\226"
 283      1F234AD6 
 283      3F282025 
 283      791E640F 
 283      52D4C179 
 284 077d 59868BB5 		.ascii	"Y\206\213\265x\200\231s\262\354A\266^\2216\013\326\323"
 284      78809973 
 284      B2EC41B6 
 284      5E91360B 
 284      D6D3
 285 078f 65661158 		.ascii	"ef\021XtX\266h\236\275\016\016\346Kx\256\006-\236\207"
 285      7458B668 
 285      9EBD0E0E 
 285      E64B78AE 
 285      062D9E87 
 286 07a3 16823985 		.ascii	"\026\2029\205`\316<nN\001\230s\210\231S\260\373P\255"
 286      60CE3C6E 
 286      4E019873 
 286      889953B0 
 286      FB50AD
 287 07b6 371E6308 		.ascii	"7\036c\010Yi\325e>\212\325\350\373\307i.\224\000B\261"
 287      5969D565 
 287      3E8AD5E8 
 287      FBC7692E 
 287      940042B1 
 288 07ca 8C5024B8 		.ascii	"\214P$\270\2008"
 288      8038
 289 07d0 A20E11B7 		.ascii	"\242\016\021\267\243\261\310\023\307zP\010\253\345\374"
 289      A3B1C813 
 289      C77A5008 
 289      ABE5FC
 290 07df 76AC4C99 		.ascii	"v\254L\231\251q\222\373\307\000\242T\206(q\005qT\035"
 290      A97192FB 
 290      C700A254 
 290      86287105 
 290      71541D
 291 07f2 222DBB67 		.ascii	"\"-\273g.N\244\010h\363\226\251\022\214\223\031\\\356"
 291      2E4EA408 
 291      68F396A9 
 291      128C9319 
 291      5CEE
 292 0804 D9F164D9 		.ascii	"\331\361d\331\242n\217\257\321I@*{\007\244\023\352H"
 292      A26E8FAF 
 292      D149402A 
 292      7B07A413 
 292      EA48
 293 0816 EDB903C3 		.ascii	"\355\271\003\303Z\234\301\240\366\235/\271\351\201s"
 293      5A9CC1A0 
 293      F69D2FB9 
 293      E98173
 294 0825 19D4FDDE 		.ascii	"\031\324\375\336c\257\274\355P}\000u\032\240*\336\001"
 294      63AFBCED 
 294      507D0075 
 294      1AA02ADE 
 294      01
 295 0836 EA943AD4 		.ascii	"\352\224:\324\263\204\207]|%=\227\224\356\235\231\213"
 295      B384875D 
ARM GAS  C:\Users\CYIRKO~1\AppData\Local\Temp\ccoVcnjs.s 			page 23


 295      7C253D97 
 295      94EE9D99 
 295      8B
 296 0847 F10106FC 		.ascii	"\361\001\006\374t\377\265c\344\321\034\240G\177QdM\000"
 296      74FFB563 
 296      E4D11CA0 
 296      477F5164 
 296      4D00
 297 0859 CB9A9CD4 		.ascii	"\313\232\234\324\356\014O\\\314\324\372\251\2779\336"
 297      EE0C4F5C 
 297      CCD4FAA9 
 297      BF39DE
 298 0868 5B91351F 		.ascii	"[\2215\037\346\322\247g5\350vN\326-\300\256Z^\274\364"
 298      E6D2A767 
 298      35E8764E 
 298      D62DC0AE 
 298      5A5EBCF4 
 299 087c 77B18B34 		.ascii	"w\261\2134h\034\346A\035\335a\200v\001\\\273\263\240"
 299      681CE641 
 299      1DDD6180 
 299      76015CBB 
 299      B3A0
 300 088e DD19A6DD 		.ascii	"\335\031\246\335\306\204C\311^\270\202\201\\h\333\260"
 300      C68443C9 
 300      5EB88281 
 300      5C68DBB0 
 301 089e 46B98BA9 		.ascii	"F\271\213\251c\033\014\300\250\2211\252\005\327 \347"
 301      631B0CC0 
 301      A89131AA 
 301      05D720E7 
 302 08ae D5413A4A 		.ascii	"\325A:J\332j\265\270\232\201\334\312\3300\340&oc\306"
 302      DA6AB5B8 
 302      9A81DCCA 
 302      D830E026 
 302      6F63C6
 303 08c1 70FBF924 		.ascii	"p\373\371$Rm\352\000\346\202\014S\373\006\230\213\352"
 303      526DEA00 
 303      E6820C53 
 303      FB06988B 
 303      EA
 304 08d2 3087067A 		.ascii	"0\207\006z/\371(\367\255D\244\274H\257\027\014|\251"
 304      2FF928F7 
 304      AD44A4BC 
 304      48AF170C 
 304      7CA9
 305 08e4 19D77DF2 		.ascii	"\031\327}\362.\302\033u\324\315w^\235\0317\340-\224"
 305      2EC21B75 
 305      D4CD775E 
 305      9D1937E0 
 305      2D94
 306 08f6 D076ED1D 		.ascii	"\320v\355\035z\002{\254y\010\351\241\035\260\235\020"
 306      7A027BAC 
 306      7908E9A1 
 306      1DB09D10 
 307 0906 68D05510 		.ascii	"h\320U\020\325 `\333\011K\266\004\232\015\376\205t\253"
 307      D52060DB 
 307      094BB604 
ARM GAS  C:\Users\CYIRKO~1\AppData\Local\Temp\ccoVcnjs.s 			page 24


 307      9A0DFE85 
 307      74AB
 308 0918 A5C26550 		.ascii	"\245\302eP\220\334\202\2250\250w\005\324\313\206\242"
 308      90DC8295 
 308      30A87705 
 308      D4CB86A2 
 309 0928 457AC8B6 		.ascii	"Ez\310\266\350\352\236]\236z>j\323\033G\001\367\340"
 309      E8EA9E5D 
 309      9E7A3E6A 
 309      D31B4701 
 309      F7E0
 310 093a F0BDDB82 		.ascii	"\360\275\333\202\322\250\353\016F\335\260\033U}5\276"
 310      D2A8EB0E 
 310      46DDB01B 
 310      557D35BE 
 311 094a C00BA732 		.ascii	"\300\013\2472\243\272_\357y\340\2013\030\361*\363\322"
 311      A3BA5FEF 
 311      79E08133 
 311      18F12AF3 
 311      D2
 312 095b 3E6F9CCB 		.ascii	">o\234\313\210\355E7\232\334\361\036Ft\034\231\252r"
 312      88ED4537 
 312      9ADCF11E 
 312      46741C99 
 312      AA72
 313 096d C7FB18B1 		.ascii	"\307\373\030\261\373\336\363b\017|\220\022B\365\235"
 313      FBDEF362 
 313      0F7C9012 
 313      42F59D
 314 097c 3D05DE8E 		.ascii	"=\005\336\216{yX\355\332\253j3\250\372\235\343N\376"
 314      7B7958ED 
 314      DAAB6A33 
 314      A8FA9DE3 
 314      4EFE
 315 098e 59CE3FD1 		.ascii	"Y\316?\321mA\223`@w\3458~\307\367\361]q\027\033u\270"
 315      6D419360 
 315      4077E538 
 315      7EC7F7F1 
 315      5D71171B 
 316 09a4 94413D7F 		.ascii	"\224A=\177v{\322\033\2271B\032;\333\352\216+\030\321"
 316      767BD21B 
 316      9731421A 
 316      3BDBEA8E 
 316      2B18D1
 317 09b7 96F6AACB 		.ascii	"\226\366\252\313\023W2\242\376\316\346sZ|\226\021\007"
 317      135732A2 
 317      FECEE673 
 317      5A7C9611 
 317      07
 318 09c8 2F77496E 		.ascii	"/wIn\270\232\021UI\227'u\270\226\021\331\2477\306\351"
 318      B89A1155 
 318      49972775 
 318      B89611D9 
 318      A737C6E9 
 319 09dc 711D230A 		.ascii	"q\035#\012\247\207\223\015\270\201[^u3\237/\235\375"
 319      A787930D 
 319      B8815B5E 
ARM GAS  C:\Users\CYIRKO~1\AppData\Local\Temp\ccoVcnjs.s 			page 25


 319      75339F2F 
 319      9DFD
 320 09ee 813C6CD9 		.ascii	"\201<l\331\\\217\371\322W\310\300^i\371'j}\220?\373"
 320      5C8FF9D2 
 320      57C8C05E 
 320      69F9276A 
 320      7D903FFB 
 321 0a02 CCF60FF0 		.ascii	"\314\366\017\360g\333\241\227\331n\275\205\015[\244"
 321      67DBA197 
 321      D96EBD85 
 321      0D5BA4
 322 0a11 BC1A664D 		.ascii	"\274\032fM\033X\363D\230\261\201R\356\267n\375\017\333"
 322      1B58F344 
 322      98B18152 
 322      EEB76EFD 
 322      0FDB
 323 0a23 4111F656 		.ascii	"A\021\366Vg\366J\301i\277U\243\340\276\247.\\\301\335"
 323      67F64AC1 
 323      69BF55A3 
 323      E0BEA72E 
 323      5CC1DD
 324 0a36 ADE0BEE3 		.ascii	"\255\340\276\343\314\235\344,\273\373\0172w\2273\267"
 324      CC9DE42C 
 324      BBFB0F32 
 324      779733B7 
 325 0a46 F3B6B24F 		.ascii	"\363\266\262O\301\334\251\312\2544r\\\301\335\356\314"
 325      C1DCA9CA 
 325      AC34725C 
 325      C1DDEECC 
 326 0a56 ADDC832A 		.ascii	"\255\334\203*\267\202\367!\225\273AId\345#\310V\360"
 326      B782F721 
 326      95BB4149 
 326      64E523C8 
 326      56F0
 327 0a68 29A4CF63 		.ascii	")\244\317c\301\037\365B\353\207\326\007\255\007\332"
 327      C11FF542 
 327      EB87D607 
 327      AD07DA
 328 0a77 03680FA1 		.ascii	"\003h\017\241=\203\366HP\356\322\207\024\330\035\352"
 328      3D83F648 
 328      50EED287 
 328      14D81DEA 
 329 0a87 D88BE42D 		.ascii	"\330\213\344-\352\2656\266E\005.\345\026\225\357\215"
 329      EAB536B6 
 329      45052EE5 
 329      1695EF8D 
 330 0a97 3BFCB6D3 		.ascii	";\374\266\323\2751\221\325\242\036,f\007\244\314\216"
 330      BD3191D5 
 330      A21E2C66 
 330      07A4CC8E 
 331 0aa7 861DDBB4 		.ascii	"\206\035\333\264\312\351\247d\326\240\001\373\364\353"
 331      CAE9A764 
 331      D6A001FB 
 331      F4EB
 332 0ab5 A8CA7FE9 		.ascii	"\250\312\177\351\215\323<I\336\341\353\0039U\006\344"
 332      8DD33C49 
 332      DEE1EB03 
ARM GAS  C:\Users\CYIRKO~1\AppData\Local\Temp\ccoVcnjs.s 			page 26


 332      395506E4 
 333 0ac5 3F3B8021 		.ascii	"?;\200!B\221\313~x\231%\024\214@\267\001tH=.\251|\015"
 333      4291CB7E 
 333      78992514 
 333      8C40B701 
 333      74483D2E 
 334 0adc 435C276F 		.ascii	"C\\'o}8?q\3350\270\3569w\0157\266\200\031;\344h,\231"
 334      7D383F71 
 334      DD30B8EE 
 334      39770D37 
 334      B680193B 
 335 0af4 0B718F9E 		.ascii	"\013q\217\236b\234OuBOz\012aZ\036d\304\243\321\321\273"
 335      629C4F75 
 335      424F7A0A 
 335      615A1E64 
 335      C4A3D1D1 
 336 0b09 EEF82823 		.ascii	"\356\370(#\216O\027l\300\270\234\022_Y\223\016f\273"
 336      8E4F176C 
 336      C0B89C12 
 336      5F59930E 
 336      66BB
 337 0b1b 83EA3023 		.ascii	"\203\3520#\014\263\371\037P0;\002\310\027\374\237\303"
 337      0CB3F91F 
 337      50303B02 
 337      C817FC9F 
 337      C3
 338 0b2c 6EC174F1 		.ascii	"n\301t\3617\320s\230\000\177\333\007\356\006\004\330"
 338      37D07398 
 338      007FDB07 
 338      EE0604D8 
 339 0b3c 8F558EF0 		.ascii	"\217U\216\360\023\016(\274\250\012L\030s\345ge\276<"
 339      130E28BC 
 339      A80A4C18 
 339      73E56765 
 339      BE3C
 340 0b4e 06864784 		.ascii	"\006\206G\204\341\005\037A\214.\301\001\350\010\366"
 340      E1051F41 
 340      8C2EC101 
 340      E808F6
 341 0b5d 47C5D08A 		.ascii	"G\305\320\212\240\025B;\014\255\000\332+\310\225C\360"
 341      A015423B 
 341      0CAD00DA 
 341      2BC89543 
 341      F0
 342 0b6e 7D10DA01 		.ascii	"}\020\332\001h;\240m\205\266\001\332zh\223p\177\002"
 342      683BA06D 
 342      85B601DA 
 342      7A689370 
 342      7F02
 343 0b80 DAB8433E 		.ascii	"\332\270C>\335\372\015\313'(b\243\316\252\3659\317\300"
 343      DDFA0DCB 
 343      272862A3 
 343      CEAAF539 
 343      CFC0
 344 0b92 8EABFCF4 		.ascii	"\216\253\374\364\205\354\334\372\221\023\373\223\031"
 344      85ECDCFA 
 344      9113FB93 
ARM GAS  C:\Users\CYIRKO~1\AppData\Local\Temp\ccoVcnjs.s 			page 27


 344      19
 345 0b9f D560EA0A 		.ascii	"\325`\352\012?}y\015\226\277R\347w>P\232r\310\253\327"
 345      3F7D790D 
 345      96BF52E7 
 345      773E509A 
 345      72C8ABD7 
 346 0bb3 2CAF948E 		.ascii	",\257\224\216\231\206\233\2446 \011\364\235\342\216"
 346      99869BA4 
 346      362009F4 
 346      9DE28E
 347 0bc2 39068E39 		.ascii	"9\006\2169\012F\306A\233v0\360|\205\333\3241IJtG\022"
 347      0A46C641 
 347      9B7630F0 
 347      7C85DBD4 
 347      31494A74 
 348 0bd8 66074C53 		.ascii	"f\007LS\256\246\253B\213X\254\324\002F\272\324\3428"
 348      AEA6AB42 
 348      8B58ACD4 
 348      0246BAD4 
 348      E238
 349 0bea 20BF5D8B 		.ascii	" \277]\213\356\014,\355\233\213\342A\2051u\025\234\375"
 349      EE0C2CED 
 349      9B8BE241 
 349      85317515 
 349      9CFD
 350 0bfc 90E0A001 		.ascii	"\220\340\240\001\031\310RZ5GJ\001\370o\227#\220\302"
 350      19C8525A 
 350      35474A01 
 350      F86F9723 
 350      90C2
 351 0c0e 5786580A 		.ascii	"W\206X\012\223\235k\234s\236\304\012\016\201\207\251"
 351      939D6B9C 
 351      739EC40A 
 351      0E8187A9 
 352 0c1e 78EB57B1 		.ascii	"x\353W\2614\2536\202\021\0338\273}\325\322\343\242B"
 352      34AB3682 
 352      111B38BB 
 352      7DD5D2E3 
 352      A242
 353 0c30 DA19B680 		.ascii	"\332\031\266\200\005\211\230Y\263\031\256\223@\263M"
 353      05899859 
 353      B319AE93 
 353      40B34D
 354 0c3f 58A9D1B5 		.ascii	"X\251\321\265\303<\261\210_\310I]\"V/\330\252\362'\371"
 354      C33CB188 
 354      5FC8495D 
 354      22562FD8 
 354      AAF227F9 
 355 0c53 00D7F26B 		.ascii	"\000\327\362k\376\205\315\212x\23623\305+\212\354\024"
 355      FE85CD8A 
 355      789E3233 
 355      C52B8AEC 
 355      14
 356 0c64 AF3BC0A4 		.ascii	"\257;\300\244\254;\266C\320\371\331\364\020\224\270"
 356      AC3BB643 
 356      D0F9D9F4 
 356      1094B8
ARM GAS  C:\Users\CYIRKO~1\AppData\Local\Temp\ccoVcnjs.s 			page 28


 357 0c73 E2B57CD8 		.ascii	"\342\265|\330A\230m\336\032\350_\330\300\375\273\015"
 357      41986DDE 
 357      1AE85FD8 
 357      C0FDBB0D 
 358 0c83 B8363AFB 		.ascii	"\2706:\373\267\007\275\271,n\007\033R\270=\251p\235"
 358      B707BDB9 
 358      2C6E071B 
 358      52B83DA9 
 358      709D
 359 0c95 ECE8AB02 		.ascii	"\354\350\253\002\205\257\2101)\352\306\250\212\336$"
 359      85AF8831 
 359      29EAC6A8 
 359      8ADE24
 360 0ca4 6055D1CC 		.ascii	"`U\321\314\270\213\334\362\024u\313\375\263R\210\345"
 360      B88BDCF2 
 360      1475CBFD 
 360      B35288E5 
 361 0cb4 C4A64479 		.ascii	"\304\246Dy!\224\342`\371W\227\270\345;\361\034\264\331"
 361      2194E260 
 361      F95797B8 
 361      E53BF11C 
 361      B4D9
 362 0cc6 D9F22445 		.ascii	"\331\362$EfmW\321OC\207\021\345\366\203r\373 \216{\241"
 362      666D57D1 
 362      4F438711 
 362      E5F68372 
 362      FB208E7B 
 363 0cdb E543FB09 		.ascii	"\345C\373\011Z.\264\014h\351\320\322\034|\322\367-\213"
 363      5A2EB40C 
 363      68E9D0D2 
 363      1C7CD2F7 
 363      2D8B
 364 0ced 2F49E72D 		.ascii	"/I\347-\000J\244\270\\\034<\253WT\261\255o\343\356\376"
 364      004AA4B8 
 364      5C1C3CAB 
 364      5754B1AD 
 364      6FE3EEFE 
 365 0d01 37263A13 		.ascii	"7&:\023\274\275\3155\263b\246g9\314\364\314\231\265"
 365      BCBDCD35 
 365      B362A667 
 365      39CCF4CC 
 365      99B5
 366 0d13 2617960E 		.ascii	"&\027\226\0169d\351\260\013\344e\361h\344\200\301\273"
 366      3964E9B0 
 366      0BE465F1 
 366      68E480C1 
 366      BB
 367 0d24 C0B06CD9 		.ascii	"\300\260l\3310p\350\365\263n\003\334\241\344\324\"\231"
 367      3070E8F5 
 367      B36E03DC 
 367      A1E4D422 
 367      99
 368 0d35 0F50AB35 		.ascii	"\017P\2535l@\337{\244.\221\344\234@\214\327>M\234\363"
 368      6C40DF7B 
 368      A42E91E4 
 368      9C408CD7 
 368      3E4D9CF3 
ARM GAS  C:\Users\CYIRKO~1\AppData\Local\Temp\ccoVcnjs.s 			page 29


 369 0d49 BC67831B 		.ascii	"\274g\203\0339r\310\302\316k\011\032\310O\316r\\r$\361"
 369      3972C8C2 
 369      CE6B091A 
 369      C84FCE72 
 369      5C7224F1 
 370 0d5d D3DBBC34 		.ascii	"\323\333\2744z\206\373t7\270)\377\235\334\224\007\234"
 370      7A86FB74 
 370      37B829FF 
 370      9DDC9407 
 370      9C
 371 0d6e B29B7633 		.ascii	"\262\233v37\271(\230h\017xG\256\231\366Wl\231\315d\263"
 371      37B92898 
 371      680F7847 
 371      AE99F657 
 371      6C99CD64 
 372 0d83 4824ED95 		.ascii	"H$\355\225\0232\236\212\262\225\272\257\252\370\323"
 372      13329E8A 
 372      B295BAAF 
 372      AAF8D3
 373 0d92 1A9E88FB 		.ascii	"\032\236\210\373\336h\006\231\000U\374\201H\214\336"
 373      DE680699 
 373      0055FC81 
 373      488CDE
 374 0da1 FF36EE86 		.ascii	"\3776\356\206\177e\251A\230\017\270ff\332\336=\355N"
 374      7F65A941 
 374      980FB866 
 374      66DADE3D 
 374      ED4E
 375 0db3 BC0D3C33 		.ascii	"\274\015<3Wn\243%~\303qR\346Bz\316p\220O\032\276ybS"
 375      576EA325 
 375      7EC37152 
 375      E6427ACE 
 375      70904F1A 
 376 0dcb A648F114 		.ascii	"\246H\361\024n\010\314\220,\261\230\036\025\034Wc^\254"
 376      6E08CC90 
 376      2CB1981E 
 376      151C5763 
 376      5EAC
 377 0ddd 58082F60 		.ascii	"X\010/`\274d\257_\256\306\253\210\341T\021\217!\354"
 377      BC64AF5F 
 377      AEC6AB88 
 377      E154118F 
 377      21EC
 378 0def BDD025F5 		.ascii	"\275\320%\365u\215r\261\377\211\\So:s\317\334I\214\177"
 378      758D72B1 
 378      FF895C53 
 378      6F3A73CF 
 378      DC498C7F 
 379 0e03 2CB3DF52 		.ascii	",\263\337RgW\270\366Y!\017\004Y\0366:\263\317|/\324"
 379      6757B8F6 
 379      59210F04 
 379      591E363A 
 379      B3CF7C2F 
 380 0e18 CDA59385 		.ascii	"\315\245\223\205\314\210:\273Bz\353\307\362\343l\002"
 380      CC883ABB 
 380      427AEBC7 
 380      F2E36C02 
ARM GAS  C:\Users\CYIRKO~1\AppData\Local\Temp\ccoVcnjs.s 			page 30


 381 0e28 393DCE66 		.ascii	"9=\316f\004\256\220\025\3051A\265(~u\220\036s\221l}"
 381      04AE9015 
 381      C53141B5 
 381      287E7590 
 381      1E73916C 
 382 0e3d 29E72061 		.ascii	")\347 a\266\241\325U\270\215\017%\320\034\264\001N\275"
 382      B6A1D555 
 382      B88D0F25 
 382      D01CB401 
 382      4EBD
 383 0e4f 09F0DA46 		.ascii	"\011\360\332FL2eJ\015\257'\335\203\334#\313\231)\371"
 383      4C32654A 
 383      0DAF27DD 
 383      83DC23CB 
 383      9929F9
 384 0e62 E13345D1 		.ascii	"\3413E\321`\305;`\215\337\347\213\363\3319K\336\345"
 384      60C53B60 
 384      8DDFE78B 
 384      F3D9394B 
 384      DEE5
 385 0e74 4DD73CF1 		.ascii	"M\327<\361\001F\224\246\304\306b|\222\021\227F\022\237"
 385      014694A6 
 385      C4C6627C 
 385      92119746 
 385      129F
 386 0e86 D1BD77FC 		.ascii	"\321\275w\374\233\367\3368\255\274\010\320`\215\254"
 386      9BF7DE38 
 386      ADBC08D0 
 386      608DAC
 387 0e95 FA303981 		.ascii	"\37209\2011\252\340\345\3534L\320S\366\322\225\020O"
 387      31AAE0E5 
 387      EB344CD0 
 387      53F6D295 
 387      104F
 388 0ea7 9F828F33 		.ascii	"\237\202\2173\037R\263\313!\346'9\263\313\011\322\323"
 388      1F52B3CB 
 388      21E62739 
 388      B3CB09D2 
 388      D3
 389 0eb8 C9FC5C81 		.ascii	"\311\374\\\201\235\227\373\326\304\027%Zl\241\272\013"
 389      9D97FBD6 
 389      C417255A 
 389      6CA1BA0B 
 390 0ec8 4FFABAAF 		.ascii	"O\372\272\257\373\240\200\3316\377\177\222K\037Jg@t"
 390      FBA080D9 
 390      36FF7F92 
 390      4B1F4A67 
 390      4074
 391 0eda 25B67BA4 		.ascii	"%\266{\244\202>\224T\265\256\002M\325\264\006\240\261"
 391      823E9454 
 391      B5AE024D 
 391      D5B406A0 
 391      B1
 392 0eeb CCDE446F 		.ascii	"\314\336Do|\2359i\177\365\250E\217\357r\242\363\225"
 392      7C9D3969 
 392      7FF5A845 
 392      8FEF72A2 
ARM GAS  C:\Users\CYIRKO~1\AppData\Local\Temp\ccoVcnjs.s 			page 31


 392      F395
 393 0efd D50B3F65 		.ascii	"\325\013?eDaOs+=\350\210\177\307W\321\356\007\012Z\255"
 393      44614F73 
 393      2B3DE888 
 393      7FC757D1 
 393      EE070A5A 
 394 0f12 1E88BDDA 		.ascii	"\036\210\275\332\265\025\246\2006\247\267\263uX\375"
 394      B515A680 
 394      36A7B7B3 
 394      7558FD
 395 0f21 ED2C7367 		.ascii	"\355,sg\367\017\231\222%\016\243j\254G\026\254\312\255"
 395      F70F9992 
 395      250EA36A 
 395      AC4716AC 
 395      CAAD
 396 0f33 2C12A3AD 		.ascii	",\022\243\255|2\333^\303\326\251\373\236\317\345\037"
 396      7C32DB5E 
 396      C3D6A9FB 
 396      9ECFE51F 
 397 0f43 1C5F94CE 		.ascii	"\034_\224\316dvxQ\332\312\"U\207]\276(\265?\342\316"
 397      64767851 
 397      DACA2255 
 397      875DBE28 
 397      B53FE2CE 
 398 0f57 715589B7 		.ascii	"qU\211\267/\202\267k\341\021w\001Z\015\264\363\262\347"
 398      2F82B76B 
 398      E1117701 
 398      5A0DB4F3 
 398      B2E7
 399 0f69 77341CEB 		.ascii	"w4\034\353\363\300/X\210\323\0376\265\352\024!^\226"
 399      F3C02F58 
 399      88D31F36 
 399      B5EA1421 
 399      5E96
 400 0f7b 534A42DC 		.ascii	"SJB\334\000b\352\345\020\327)B\354\004z\011\200\336"
 400      0062EAE5 
 400      10D72942 
 400      EC047A09 
 400      80DE
 401 0f8d 01B4E2CC 		.ascii	"\001\264\342\314\323\317\330!\312<\362\206\251\375\271"
 401      D3CFD821 
 401      CA3CF286 
 401      A9FDB9
 402 0f9c 85FF26A6 		.ascii	"\205\377&\246"
 403 0fa0 8B9C7597 		.ascii	"\213\234u\227^\333\226\343\2157{\321\220\027\247\306"
 403      5EDB96E3 
 403      8D377BD1 
 403      9017A7C6 
 404 0fb0 EE10702A 		.ascii	"\356\020p*#Z6\2164\270\341\335\224\320U\037\217\335"
 404      235A368E 
 404      34B8E1DD 
 404      94D0551F 
 404      8FDD
 405 0fc2 84F9598B 		.ascii	"\204\371Y\213\034\334\205\355\374\351i+HM\256\237\332"
 405      1CDC85ED 
 405      FCE9692B 
 405      484DAE9F 
ARM GAS  C:\Users\CYIRKO~1\AppData\Local\Temp\ccoVcnjs.s 			page 32


 405      DA
 406 0fd3 6449D2A1 		.ascii	"dI\322\241X\323]\307N\354\216\245\027\\2\332\356T\035"
 406      58D35DC7 
 406      4EEC8EA5 
 406      175C32DA 
 406      EE541D
 407 0fe6 55A42BAB 		.ascii	"U\244+\253\3435\245\370[\316\3743\212o\007\210\227\010"
 407      E335A5F8 
 407      5BCEFC33 
 407      8A6F0788 
 407      9708
 408 0ff8 BBAD5C35 		.ascii	"\273\255\\5\251/#\230"
 408      A92F2398 
 409 1000 F0BB4AE1 		.ascii	"\360\273J\3417\325\205+\263\347n;\313\236&\327\331s"
 409      37D5852B 
 409      B3E76E3B 
 409      CB9E26D7 
 409      D973
 410 1012 05CF4397 		.ascii	"\005\317C\2271\214\276\306]A\002y\027\002y\033\002x"
 410      318CBEC6 
 410      5D410279 
 410      1702791B 
 410      0278
 411 1024 03DA2D68 		.ascii	"\003\332-h\215\320\356@\273)\007\364\301@z\257\026\037"
 411      8DD0EE40 
 411      BB2907F4 
 411      C1407AAF 
 411      161F
 412 1036 F462BFDA 		.ascii	"\364b\277\332\271\323X\353\215f\007\250\012n\005a\357"
 412      B9D358EB 
 412      8D6607A8 
 412      0A6E0561 
 412      EF
 413 1047 2AD85EE9 		.ascii	"*\330^\351\263'\311j\243\005\2065\313i\330\204y\355"
 413      B327C96A 
 413      A3058635 
 413      CB69D884 
 413      79ED
 414 1059 BD31B237 		.ascii	"\2751\2627\321\035\227\261\024\251\311;\375\217\370"
 414      D11D97B1 
 414      14A9C93B 
 414      FD8FF8
 415 1068 2CBB1ED9 		.ascii	",\273\036\331\321\332\351\203\253\031\321[\334\330\210"
 415      D1DAE983 
 415      AB19D15B 
 415      DCD888
 416 1077 713D53B1 		.ascii	"q=S\261p\375\215S\202\362m\303\030}\333\320\005S\274"
 416      70FD8D53 
 416      82F26DC3 
 416      187DDBD0 
 416      0553BC
 417 108a 033BBD4E 		.ascii	"\003;\275NT}1\331\211\325\336\035\343\242\314\306oQ"
 417      547D31D9 
 417      89D5DE1D 
 417      E3A2CCC6 
 417      6F51
 418 109c 803F9F40 		.ascii	"\200?\237@u\343n\257\216\021\271\367g\254\364 |=\031"
ARM GAS  C:\Users\CYIRKO~1\AppData\Local\Temp\ccoVcnjs.s 			page 33


 418      75E36EAF 
 418      8E11B9F7 
 418      67ACF420 
 418      7C3D19
 419 10af 1E6CEE13 		.ascii	"\036l\356\023\324v@\275\377\356\333\011\015e&>\264\202"
 419      D47640BD 
 419      FFEEDB09 
 419      0D65263E 
 419      B482
 420 10c1 22DD7220 		.ascii	"\"\335r \236\357}|\307\035K\006j\345\343\343u\233\345"
 420      9EEF7D7C 
 420      C71D4B06 
 420      6AE5E3E3 
 420      759BE5
 421 10d4 403855E3 		.ascii	"@8U\343\036\030\250&\204W\232\245\344i\367\020\356?"
 421      1E18A826 
 421      84579AA5 
 421      E469F710 
 421      EE3F
 422 10e6 90FD719F 		.ascii	"\220\375q\237{\334\343\340\215\202\027\002\232\315N"
 422      7BDCE3E0 
 422      8D821702 
 422      9ACD4E
 423 10f5 6A94617E 		.ascii	"j\224a~\000\322\357\023\351m0\352\021\227\376\004\244"
 423      00D2EF13 
 423      E96D30EA 
 423      1197FE04 
 423      A4
 424 1106 3F85B0F6 		.ascii	"?\205\260\366A{\014\255\037Z\257\303b\033\366\305O\371"
 424      417B0CAD 
 424      1F5AAFC3 
 424      621BF6C5 
 424      4FF9
 425 1118 B4258F93 		.ascii	"\264%\217\2232>Xm\337\306\027\200\021\314uD\301{\316"
 425      323E586D 
 425      DFC61780 
 425      11CC7544 
 425      C17BCE
 426 112b DC0F9DB9 		.ascii	"\334\017\235\271\273\303\330\252\203\324\261\263\234"
 426      BBC3D8AA 
 426      83D4B1B3 
 426      9C
 427 1138 DB5EB294 		.ascii	"\333^\262\224\307F\374y\370\204\315\223Gj\353\363\236"
 427      C746FC79 
 427      F884CD93 
 427      476AEBF3 
 427      9E
 428 1149 A77C8A92 		.ascii	"\247|\212\222uG/b\302\354\307\007=\216\025\000\370k"
 428      75472F62 
 428      C2ECC707 
 428      3D8E1500 
 428      F86B
 429 115b 383649DE 		.ascii	"86I\336\253\034\333>\031\344 C\350\316\254O\030\365"
 429      AB1CDB3E 
 429      19E42043 
 429      E8CEAC4F 
 429      18F5
ARM GAS  C:\Users\CYIRKO~1\AppData\Local\Temp\ccoVcnjs.s 			page 34


 430 116d C6A92C74 		.ascii	"\306\251,t\317-m\327\015Ns\310\356\334Ap\350\2738\327"
 430      CF2D6DD7 
 430      0D4E73C8 
 430      EEDC4170 
 430      E8BB38D7 
 431 1181 BE71FE69 		.ascii	"\276q\376i\204d\341\000\014y&G\363\221m\376d\034\271"
 431      8464E100 
 431      0C792647 
 431      F3916DFE 
 431      641CB9
 432 1194 D262F860 		.ascii	"\322b\370`\257\324E#\0210\336\234 m\362\243\334\335"
 432      AFD44523 
 432      1130DE9C 
 432      206DF2A3 
 432      DCDD
 433 11a6 6CA56347 		.ascii	"l\245cG\326\220\036\3623\006\374\001yt\\9\324\206\224"
 433      D6901EF2 
 433      3306FC01 
 433      79745C39 
 433      D48694
 434 11b9 2799030E 		.ascii	"'\231\003\016\373\257!\266\261 \337\3449~x\342\230\257"
 434      FBAF21B6 
 434      B120DFE4 
 434      397E78E2 
 434      98AF
 435 11cb 92B9C181 		.ascii	"\222\271\301\201y\2303\017S\346\336\372\372}n8\327\300"
 435      7998330F 
 435      53E6DEFA 
 435      FA7D6E38 
 435      D7C0
 436 11dd 5EDDB624 		.ascii	"^\335\266$\234\342\257y\275\310Kvk\3329O\366\264h&\267"
 436      9CE2AF79 
 436      BDC84B76 
 436      6BDA394F 
 436      F6B46826 
 437 11f2 F75C1D4E 		.ascii	"\367\\\035N\327\343B\306\373z\360\306k\376\353\022="
 437      D7E342C6 
 437      FB7AF0C6 
 437      6BFEEB12 
 437      3D
 438 1203 79B2C495 		.ascii	"y\262\304\225v\272\351\345\267\270\244_\306\034\303"
 438      76BAE9E5 
 438      B7B8A45F 
 438      C61CC3
 439 1212 E4CD48E0 		.ascii	"\344\315H\340<\364\012\323\027#-\333F\357i\375R\270"
 439      3CF40AD3 
 439      17232DDB 
 439      46EF69FD 
 439      52B8
 440 1224 C7E723FA 		.ascii	"\307\347#\372\212f\024b\365\002\023\366q\354g\033D\270"
 440      8A661462 
 440      F50213F6 
 440      71EC671B 
 440      44B8
 441 1236 CFB78C54 		.ascii	"\317\267\214Ty+\271\257\277\221\373p[\255\007\370\370"
 441      792BB9AF 
 441      BF91FB70 
ARM GAS  C:\Users\CYIRKO~1\AppData\Local\Temp\ccoVcnjs.s 			page 35


 441      5BAD07F8 
 441      F8
 442 1247 8685FC78 		.ascii	"\206\205\374xs\361\3218\213\024\3775\232\300~\350%D"
 442      73F1D138 
 442      8B14FF35 
 442      9AC07EE8 
 442      2544
 443 1259 A41DBDAF 		.ascii	"\244\035\275\257\030:\002=\277\0274h\222z\271~\375\225"
 443      183A023D 
 443      BF173468 
 443      927AB97E 
 443      FD95
 444 126b A3BEB88C 		.ascii	"\243\276\270\214\331\267\267\357\324y\376\253\012o\362"
 444      D9B7B7EF 
 444      D479FEAB 
 444      0A6FF2
 445 127a FB8EFC9D 		.ascii	"\373\216\374\235\373\265\314\027\217)J\177\331K_\227"
 445      FBB5CC17 
 445      8F294A7F 
 445      D94B5F97 
 446 128a F64A5A6E 		.ascii	"\366JZno\016{\021Tq\343\324./g{\247A\215)\252F\254\326"
 446      6F0E7B11 
 446      5471E3D4 
 446      2E2F677B 
 446      A7418D29 
 447 12a2 CF36889E 		.ascii	"\3176\210\236\351\266l\310\364t\266\327%wvCM\246\017"
 447      E9B66CC8 
 447      F474B6D7 
 447      25777643 
 447      4DA60F
 448 12b5 B7B76159 		.ascii	"\267\267aYl\236%v>\212\3232k\255`\255<\3605\2676^\373"
 448      6C9E2576 
 448      3E8AD332 
 448      6BAD60AD 
 448      3CF035B7 
 449 12cc 8146675C 		.ascii	"\201Fg\\#\032C#BE\335/\177\363\335\374o\026-\322|\374"
 449      231A4323 
 449      4245DD2F 
 449      7FF3DDFC 
 449      6F162DD2 
 450 12e2 1F5F2EFF 		.ascii	"\037_.\377fu\350\212\320\337\2111!\241\221\313\203\311"
 450      6675E88A 
 450      D0DF8931 
 450      21A191CB 
 450      83C9
 451 12f4 7564F4A2 		.ascii	"ud\364\242\245K\002#\243\003\315b`\264980x\365\032q"
 451      A54B0223 
 451      A303CD62 
 451      60B43938 
 451      3078F51A 
 452 1309 41B0461F 		.ascii	"A\260F\037\274\372\373\337\377{\344\357L\342\267\272"
 452      BCFAFBDF 
 452      FF7BE4EF 
 452      4CE2B7BA 
 453 1319 35E2CA98 		.ascii	"5\342\312\230\210`\243\370\263\267\215\017\215\010\016"
 453      8860A3F8 
 453      B3B78D0F 
ARM GAS  C:\Users\CYIRKO~1\AppData\Local\Temp\ccoVcnjs.s 			page 36


 453      8D080E
 454 1328 8B093181 		.ascii	"\213\0111\201\214\350\037\243\305\037\243L\321\013V"
 454      8CE81FA3 
 454      C51FA34C 
 454      D10B56
 455 1337 6BF44663 		.ascii	"k\364FcLh\204\270h\211Q\\i\372\222\015\212f\002\304"
 455      4C6884B8 
 455      6889515C 
 455      69FA920D 
 455      8A6602C4 
 456 134b C8C8B0E8 		.ascii	"\310\310\260\350\345\253\"b\346\323\253\371A\346\360"
 456      E5AB2262 
 456      E6D3ABF9 
 456      41E6F0
 457 135a F9A6F015 		.ascii	"\371\246\360\025\246\220\020S\310\362%\013\026\317\377"
 457      A6901053 
 457      C8F2250B 
 457      16CFFF
 458 1369 6CE1A2A5 		.ascii	"l\341\242\245\177^\264\034\372?\215\210\2140}j\012Z"
 458      7F5EB41C 
 458      FA3F8D88 
 458      8C307D6A 
 458      0A5A
 459 137b 11BA9CA3 		.ascii	"\021\272\234\243,\017\017\002Y\021\246\345\306\020\323"
 459      2C0F0F02 
 459      5911A6E5 
 459      C610D3
 460 138a CAA09830 		.ascii	"\312\240\2300\321hC\324\331\360~\370\177\305\003\233"
 460      D16843D4 
 460      D9F07EF8 
 460      7FC5039B 
 461 139a 961BA3C5 		.ascii	"\226\033\243\305\020\020\016 \236\304\304\320p\223Q"
 461      10100E20 
 461      9EC4C4D0 
 461      709351
 462 13a9 D412EFB8 		.ascii	"\324\022\357\270\205\230\302\304 m\224\331\264F\033"
 462      8598C2C4 
 462      206D94D9 
 462      B4461B
 463 13b8 615A27CE 		.ascii	"aZ'\316\012^m\\\023j\026c\202\302\214\204\315\214\243"
 463      0A5E6D5C 
 463      136A1663 
 463      82C28C84 
 463      CD8CA3
 464 13cb 82CCBE0E 		.ascii	"\202\314\276\016=Fq\321_\341\320\340\325!\200j`a\371"
 464      3D4671D1 
 464      5FE1D0E0 
 464      D521806A 
 464      6061F9
 465 13de AD291A02 		.ascii	"\255)\032\002#\004\257\326\207\007\201:\253\315\246"
 465      2304AFD6 
 465      8707813A 
 465      ABCDA6
 466 13ed A0101DFC 		.ascii	"\240\020\035\374\013\2132\207Fr\207/\376\314(\352l\027"
 466      0B8B3287 
 466      4672872F 
 466      FECC28EA 
ARM GAS  C:\Users\CYIRKO~1\AppData\Local\Temp\ccoVcnjs.s 			page 37


 466      6C17
 467 13ff 1E22B963 		.ascii	"\036\"\271c\024\277}#bpdxxdD`T\244Y\214\016\374\305"
 467      14BF7D23 
 467      62706478 
 467      78644460 
 467      54A4598C 
 468 1416 6F7FFDCD 		.ascii	"o\177\375\315\257\327\221\276\250\3200\2239:\360\227"
 468      AFD791BE 
 468      A8D03093 
 468      393AF097 
 469 1426 DF7C038A 		.ascii	"\337|\003\212\330\234\354\021.\256\013\003\307\272E"
 469      D89CEC11 
 469      2EAE0B03 
 469      C7BA45
 470 1435 AE8D3099 		.ascii	"\256\2150\231\335\376\034c\2121\021\243\2312\321F\332"
 470      DDFE1C63 
 470      8A3111A3 
 470      9932D146 
 470      DA
 471 1446 E1EB4081 		.ascii	"\341\353@\201\032\3411\242i\035\350\005\214\364Rg\212"
 471      1AE131A2 
 471      691DE805 
 471      8CF45267 
 471      8A
 472 1457 32458047 		.ascii	"2E\200GWy\231\326\230\"\304\360\240\350?\301\335\360"
 472      577999D6 
 472      9822C4F0 
 472      A0E83FC1 
 472      DDF0
 473 1469 E8557480 		.ascii	"\350Ut\200\307\332\240P\021n\372*\344\022L\037%a\024"
 473      C7DAA050 
 473      116EFA2A 
 473      E4124C1F 
 473      256114
 474 147c 518CBB69 		.ascii	"Q\214\273i-\031\352\276V\004\255\242\340+\332\024\036"
 474      2D19EABE 
 474      5604ADA2 
 474      E02BDA14 
 474      1E
 475 148d 85832344 		.ascii	"\205\203#DO\243\321\346\001\376\355\006\275F\021\374"
 475      4FA3D1E6 
 475      01FEED06 
 475      BD4611FC 
 476 149d 68049EA0 		.ascii	"h\004\236\240\250\325\221f\223G4\201\216^\345\006\015"
 476      A8D59166 
 476      93473481 
 476      8E5EE506 
 476      0D
 477 14ae 18D68AA2 		.ascii	"\030\326\212\2429\312\217A\030\315\246\225&\263)\"\030"
 477      39CA8F41 
 477      18CDA695 
 477      26B32922 
 477      18
 478 14bf 9407B191 		.ascii	"\224\007\261\221+\376\030\2453\255\013\025\203#CL\356"
 478      2BFE18A5 
 478      33AD0B15 
 478      8323434C 
ARM GAS  C:\Users\CYIRKO~1\AppData\Local\Temp\ccoVcnjs.s 			page 38


 478      EE
 479 14d0 E6901F61 		.ascii	"\346\220\037a\204\026X\242=\231\317\227\001\216\355"
 479      841658A2 
 479      3D99CF97 
 479      018EED
 480 14df 5B24FD20 		.ascii	"[$\375 neX\320\252h\0171\034F\000\025-\006\211&\235"
 480      6E6558D0 
 480      AA680F31 
 480      1C460015 
 480      2D068926 
 481 14f4 48BF88C8 		.ascii	"H\277\210\310\240\025A\321&\036\261%\237\363\210\221"
 481      A01541D1 
 481      261EB125 
 481      9FF38891 
 482 1504 0B7DB4F8 		.ascii	"\013}\264\370\247\240\260\320U\021F\361\313\277>h\253"
 482      A7A0B0D0 
 482      551146F1 
 482      CBBF3E68 
 482      AB
 483 1515 83C12E88 		.ascii	"\203\301.\210\2226\"(\334\244\015^\035dv\213\014\013"
 483      92362228 
 483      DCA40D5E 
 483      1D64768B 
 483      0C0B
 484 1527 81384598 		.ascii	"\2018E\230\326B.\006\213\353\204\350(!\314\014I\263"
 484      D6422E06 
 484      8BEB84E8 
 484      2821CC0C 
 484      49B3
 485 1539 0AB2DD28 		.ascii	"\012\262\335(b\363\242E\320\026\012\346/\004\3632\301"
 485      62F3A245 
 485      D0160AE6 
 485      2F04F332 
 485      C1
 486 154a BC54302F 		.ascii	"\274T0/\021\314?\023\314\237{\021\311\304\2130\350\347"
 486      11CC3F13 
 486      CC9F7B11 
 486      C9C48B30 
 486      E8E7
 487 155c FF474D8C 		.ascii	"\377GM\214k\226\206\223\354\245\242\202## \362\242\226"
 487      6B968693 
 487      ECA5A282 
 487      232320F2 
 487      A296
 488 156e 64A4A73D 		.ascii	"d\244\247=\262n\341Q0'u\334\355\342\302w\237\032\020"
 488      B26EE151 
 488      302775DC 
 488      EDE2C277 
 488      9F1A10
 489 1581 7290FD57 		.ascii	"r\220\375W\014\200\300\303\000\034\262\202&\026\231"
 489      0C80C0C3 
 489      001CB282 
 489      261699
 490 1590 C7A67028 		.ascii	"\307\246p(\"+bVyF\005E\204\006\033!\252>\312n\010\324"
 490      222B6256 
 490      79460545 
 490      84061B21 
ARM GAS  C:\Users\CYIRKO~1\AppData\Local\Temp\ccoVcnjs.s 			page 39


 490      AA3ECA6E 
 491 15a6 1A91E4DA 		.ascii	"\032\221\344\332{\316\263\232\245\240\007\257\005\177"
 491      7BCEB39A 
 491      A5A007AF 
 491      057F
 492 15b4 AF720F62 		.ascii	"\257r\017bn&\337\3360\224\230\366#\033\021\034c\206"
 492      6E26DFDE 
 492      309498F6 
 492      231B111C 
 492      6386
 493 15c6 B4120D72 		.ascii	"\264\022\015r\227Q\364\264k#\210\341\356\221+W\302$"
 493      9751F4B4 
 493      6B2388E1 
 493      EE912B57 
 493      C224
 494 15d8 F7308B34 		.ascii	"\3670\2134a\003\337\335<\221X7K\0147\006C\376\2540\007"
 494      6103DFDD 
 494      3C915837 
 494      4B0C3706 
 494      43FEAC30 
 495 15ed 89A19190 		.ascii	"\211\241\221\220D^\262\251\242\267\321H+\272q\301\222"
 495      445EB2A9 
 495      A2B7D148 
 495      2BBA71C1 
 495      92
 496 15fe 2FBE58A8 		.ascii	"/\276X\250\263Q\016\335K\377\027f\377\327\325"
 496      B3510EDD 
 496      4BFF1766 
 496      FFD7D5
 497              		.text
 498              		.section	.gnu.lto_.symtab.daa05cb9,"",%progbits
 499 0000 5F76745F 		.ascii	"_vt_init\000"
 499      696E6974 
 499      00
 500 0009 00       		.ascii	"\000"
 501 000a 00       		.ascii	"\000"
 502 000b 00       		.ascii	"\000"
 503 000c 00000000 		.ascii	"\000\000\000\000\000\000\000\000"
 503      00000000 
 504 0014 AE000000 		.ascii	"\256\000\000\000"
 505 0018 63685654 		.ascii	"chVTDoSetI\000"
 505      446F5365 
 505      744900
 506 0023 00       		.ascii	"\000"
 507 0024 00       		.ascii	"\000"
 508 0025 00       		.ascii	"\000"
 509 0026 00000000 		.ascii	"\000\000\000\000\000\000\000\000"
 509      00000000 
 510 002e DD000000 		.ascii	"\335\000\000\000"
 511 0032 63685654 		.ascii	"chVTDoResetI\000"
 511      446F5265 
 511      73657449 
 511      00
 512 003f 00       		.ascii	"\000"
 513 0040 00       		.ascii	"\000"
 514 0041 00       		.ascii	"\000"
 515 0042 00000000 		.ascii	"\000\000\000\000\000\000\000\000"
ARM GAS  C:\Users\CYIRKO~1\AppData\Local\Temp\ccoVcnjs.s 			page 40


 515      00000000 
 516 004a E1000000 		.ascii	"\341\000\000\000"
 517 004e 636800   		.ascii	"ch\000"
 518 0051 00       		.ascii	"\000"
 519 0052 02       		.ascii	"\002"
 520 0053 00       		.ascii	"\000"
 521 0054 00000000 		.ascii	"\000\000\000\000\000\000\000\000"
 521      00000000 
 522 005c F1010000 		.ascii	"\361\001\000\000"
 523              		.text
 524              		.section	.gnu.lto_.opts,"",%progbits
 525 0000 272D666D 		.ascii	"'-fmath-errno' '-fsigned-zeros' '-ftrapping-math' '"
 525      6174682D 
 525      6572726E 
 525      6F272027 
 525      2D667369 
 526 0033 2D666E6F 		.ascii	"-fno-trapv' '-fno-openmp' '-fno-openacc' '-mcpu=cor"
 526      2D747261 
 526      70762720 
 526      272D666E 
 526      6F2D6F70 
 527 0066 7465782D 		.ascii	"tex-m7' '-mno-thumb-interwork' '-mthumb' '-ggdb' '-"
 527      6D372720 
 527      272D6D6E 
 527      6F2D7468 
 527      756D622D 
 528 0099 4F322720 		.ascii	"O2' '-fomit-frame-pointer' '-falign-functions=16' '"
 528      272D666F 
 528      6D69742D 
 528      6672616D 
 528      652D706F 
 529 00cc 2D666675 		.ascii	"-ffunction-sections' '-fdata-sections' '-fno-common"
 529      6E637469 
 529      6F6E2D73 
 529      65637469 
 529      6F6E7327 
 530 00ff 2720272D 		.ascii	"' '-flto'\000"
 530      666C746F 
 530      2700
 531              		.text
 532              		.comm	__gnu_lto_v1,1,1
 533              		.comm	__gnu_lto_slim,1,1
 534              		.ident	"GCC: (GNU Tools for ARM Embedded Processors 6-2017-q1-update) 6.3.1 20170215 (release) [AR
ARM GAS  C:\Users\CYIRKO~1\AppData\Local\Temp\ccoVcnjs.s 			page 41


DEFINED SYMBOLS
                            *ABS*:00000000 chvt.c
                            *COM*:00000001 __gnu_lto_v1
                            *COM*:00000001 __gnu_lto_slim

NO UNDEFINED SYMBOLS
