ARM GAS  C:\Users\CYIRKO~1\AppData\Local\Temp\cclEE1MU.s 			page 1


   1              		.cpu cortex-m7
   2              		.eabi_attribute 20, 1
   3              		.eabi_attribute 21, 1
   4              		.eabi_attribute 23, 3
   5              		.eabi_attribute 24, 1
   6              		.eabi_attribute 25, 1
   7              		.eabi_attribute 26, 1
   8              		.eabi_attribute 30, 2
   9              		.eabi_attribute 34, 1
  10              		.eabi_attribute 18, 4
  11              		.file	"enc.c"
  12              		.text
  13              	.Ltext0:
  14              		.section	.gnu.lto_.profile.bd26d68d,"",%progbits
  15 0000 789C6365 		.ascii	"x\234ce`b`a```d\320\027\000\000\000\356\000L"
  15      60626061 
  15      60606064 
  15      D0170000 
  15      00EE004C 
  16              		.text
  17              		.section	.gnu.lto_.icf.bd26d68d,"",%progbits
  18 0000 789C6365 		.ascii	"x\234ce`b\320f@\000v\206\256\343'?\2631}\353\376\376"
  18      6062D066 
  18      40007686 
  18      AEE3273F 
  18      B3317DEB 
  19 0016 928B79CD 		.ascii	"\222\213y\315\337\033\327\331X:\026\3349\301\306\372"
  19      DF1BD7D9 
  19      583A16DC 
  19      39C1C6FA 
  20 0026 BAFBEA1E 		.ascii	"\272\373\352\036~\266\355_/7\363\263\377xp\237\227\001"
  20      7EB6ED5F 
  20      2F37F3B3 
  20      FF78709F 
  20      9701
  21 0038 00E9CE15 		.ascii	"\000\351\316\025\356"
  21      EE
  22              		.text
  23              		.section	.gnu.lto_.jmpfuncs.bd26d68d,"",%progbits
  24 0000 789C6365 		.ascii	"x\234ce`b\360b@\000\026\020f\234\316\314\270s\347\233"
  24      6062F062 
  24      40001610 
  24      669CCECC 
  24      B873E79B 
  25 0014 DBECF57F 		.ascii	"\333\354\365\177\0338\34633,f\006\2122.g\254g`da\000"
  25      1B38E633 
  25      332C6606 
  25      8A322E67 
  25      AC676064 
  26 002a 4936FFDA 		.ascii	"I6\377\332\377\231\017()1\237\231q13#Pr\005D\022\244"
  26      FF990F28 
  26      29319F99 
  26      71313323 
  26      50720544 
  27 0040 9D958181 		.ascii	"\235\225\201\201\035H\001\000\002\245\021$"
  27      1D480100 
  27      02A51124 
ARM GAS  C:\Users\CYIRKO~1\AppData\Local\Temp\cclEE1MU.s 			page 2


  28              		.text
  29              		.section	.gnu.lto_.inline.bd26d68d,"",%progbits
  30 0000 789C6365 		.ascii	"x\234ce`b\210f@\000\026\006\006v~F\006&\246\013\374"
  30      60628866 
  30      40001606 
  30      06767E46 
  30      0626A60B 
  31 0015 0C6C0BE4 		.ascii	"\014l\013\344\231@b\314<\014@U@)vN\240\014\333\007="
  31      994062CC 
  31      3C0C4055 
  31      4029764E 
  31      A00CDB07 
  32 002a B80C2317 		.ascii	"\270\014#\027\220`e`aF\323\301\316\300\306\007Rz`7#"
  32      90606560 
  32      6146D3C1 
  32      CEC0C607 
  32      527A6037 
  33 003f 5C8C0100 		.ascii	"\\\214\001\000y\252\010d"
  33      79AA0864 
  34              		.text
  35              		.section	.gnu.lto_.pureconst.bd26d68d,"",%progbits
  36 0000 789C6365 		.ascii	"x\234ce`b\340d```a\220`\221`eag\001\000\002\207\000"
  36      6062E064 
  36      60606061 
  36      90609160 
  36      65616701 
  37 0018 5D       		.ascii	"]"
  38              		.text
  39              		.section	.gnu.lto_lld_Encoder_Init.part.0.bd26d68d,"",%progbits
  40 0000 789C5D91 		.ascii	"x\234]\221\301KBA\020\306\347\333y\352KL:z\350\320\325"
  40      C14B4241 
  40      10C6E7DB 
  40      79EA4B4C 
  40      3A7AE8D0 
  41 0015 43F54749 		.ascii	"C\365GI\247 \242\376\200\267\026b(T\2272\203x\202\007"
  41      A720A2FE 
  41      80B71662 
  41      28549732 
  41      83788207 
  42 0029 2DCBD2F2 		.ascii	"-\313\322\362\340)\221:\004R\020x\261[A\224\325\251"
  42      E029913A 
  42      04521078 
  42      B15B4194 
  42      D5A9
  43 003b 2E0969B3 		.ascii	".\011i\263\317\010qa\231}\337\314\376\276\231}>Rt\015"
  43      CF087161 
  43      997DDFCC 
  43      FEBE997D 
  43      3E52740D 
  44 004f A21011CD 		.ascii	"\242\020\021\315\312\206\217`m\337\312\301\202\362\242"
  44      CA868F60 
  44      6DDFCAC1 
  44      82F2A2
  45 005e 029B18B7 		.ascii	"\002\233\030\267\0310\007m\203\034K1\034lq\206\321L"
  45      1930076D 
  45      831C4B31 
  45      1C6C7186 
ARM GAS  C:\Users\CYIRKO~1\AppData\Local\Temp\cclEE1MU.s 			page 3


  45      D14C
  46 0070 3ED755B4 		.ascii	">\327U\264\240e52\235\210.6\3402QV\266Y( JR\366X\351"
  46      A0653532 
  46      9D882E36 
  46      E0325156 
  46      B6592820 
  47 0089 EF4CFAAD 		.ascii	"\357L\372\255\241\216\"\374bJ\247\367\320\272?Hj\335"
  47      A18E22FC 
  47      624AA7F7 
  47      D0BA3F48 
  47      6ADD
  48 009b 09C3224A 		.ascii	"\011\303\"JI\322x\244\3302\221\323\254\274\370\206D"
  48      49D278A4 
  48      D83291D3 
  48      ACBCF886 
  48      44
  49 00ac EE296A6E 		.ascii	"\356)jn\031T\275\376\376\020p~\264\3552\262,\034\034"
  49      1954BDFE 
  49      FE10707E 
  49      B4ED32B2 
  49      2C1C1C
  50 00bf C23189DD 		.ascii	"\3021\211\335D\363.\260\311.+\214\325\251\274\261\025"
  50      44F32EB0 
  50      C92E2B8C 
  50      D5A9BCB1 
  50      15
  51 00d0 ADDB6A5F 		.ascii	"\255\333j_\005]\034H\217\214\222\314p\204i/\221\353"
  51      055D1C48 
  51      8F8C92CC 
  51      7084692F 
  51      91EB
  52 00e2 7DB74352 		.ascii	"}\267CR\274\241\365\214\001\034\303\205g\210\0238\243"
  52      BCA1F58C 
  52      011CC385 
  52      67881338 
  52      A3
  53 00f3 6CCB63AF 		.ascii	"l\313c\257\367.?\303R\036\021!oz\020\355f\277\264(\350"
  53      F72E3FC3 
  53      521E1121 
  53      6F7A10ED 
  53      66BFB428 
  54 0108 F894CB3E 		.ascii	"\370\224\313>\234\012\273\374\307\036t\253\345\011)"
  54      9C0ABBFC 
  54      C71E74AB 
  54      E50929
  55 0117 DEF3D816 		.ascii	"\336\363\330\026\316\376\331\0258.\373\351\025k_/\365"
  55      CEFED915 
  55      382EFBE9 
  55      156B5F2F 
  55      F5
  56 0128 65A38D5A 		.ascii	"e\243\215Z\005\306\307\010\344\345A\306\306\260q.VU"
  56      05C6C708 
  56      E4E541C6 
  56      C6B0712E 
  56      5655
  57 013a 63850B01 		.ascii	"c\205\013\001K\266\226lU\202\006`\003\250\231\014\245"
  57      4BB6966C 
ARM GAS  C:\Users\CYIRKO~1\AppData\Local\Temp\cclEE1MU.s 			page 4


  57      55820660 
  57      03A8990C 
  57      A5
  58 014b 99BD97FC 		.ascii	"\231\275\227\374\200\032\376\227\2244-\202|\005WWb\363"
  58      801AFE97 
  58      94342D82 
  58      7C055757 
  58      62F3
  59 015d 0B4BB1B9 		.ascii	"\013K\261\271\030\375\002\323\223\231\326"
  59      18FD02D3 
  59      9399D6
  60              		.text
  61              		.section	.gnu.lto_EXTcfg.bd26d68d,"",%progbits
  62 0000 789C8D91 		.ascii	"x\234\215\221KK\002Q\024\307\347\314u4K{\320v\026}\202"
  62      4B4B0251 
  62      14C7E7CC 
  62      75344B7B 
  62      D076167D 
  63 0015 A2DAF87D 		.ascii	"\242\332\370},((]\265v\202\004)\260M\224E\240Pa\345"
  63      2C28285D 
  63      B5768204 
  63      29B04D94 
  63      45A05061 
  64 002a 237BA9A3 		.ascii	"#{\251\243=\314GYA\217M!\271\210\012\013\261\210\020"
  64      3DCC4759 
  64      418F4D21 
  64      B9880A0B 
  64      B18810
  65 003d 2CCCEA8C 		.ascii	",\314\352\214w6\256\272\263\230\037\177\356\217s\016"
  65      7736AEBA 
  65      B3981F7F 
  65      EE8F730E 
  66 004d E7081CCF 		.ascii	"\347\010\034\317}\022\216\353\344\3507G`\326\236\274"
  66      7D128EEB 
  66      E4E83747 
  66      60D69EBC 
  67 005d D439899B 		.ascii	"\3249\211\233p\240\304\215\222\374eT\"\324\343C>\261"
  67      70A0C48D 
  67      92FC6554 
  67      22D4E343 
  67      3EB1
  68 006f 404C61C9 		.ascii	"@La\311\341\221\272\334\204w\241\265\012\242\013_\275"
  68      E191BADC 
  68      8477A1B5 
  68      0AA20B5F 
  68      BD
  69 0080 202A42F0 		.ascii	" *B\360\243\034\324*>\2016\026\277\226\037\377\341\251"
  69      A31CD42A 
  69      3E813616 
  69      BF961FFF 
  69      E1A9
  70 0092 DFCAE22F 		.ascii	"\337\312\342/\025\345\224@}#\213_}\231\311\001\365\015"
  70      15E59440 
  70      7D238B5F 
  70      7D99C901 
  70      F50D
  71 00a4 2CFE6D6E 		.ascii	",\376mnBV\375\026\246\371\337\257j\006\3527\263\370"
ARM GAS  C:\Users\CYIRKO~1\AppData\Local\Temp\cclEE1MU.s 			page 5


  71      4256FD16 
  71      A6F9DFAF 
  71      6A06EA37 
  71      B3F8
  72 00b6 BEF04A4C 		.ascii	"\276\360JL\255\257\307(\313\245;\235\255&9$\351~\312"
  72      ADAFC728 
  72      CBA53B9D 
  72      AD263924 
  72      E97ECA
  73 00c9 21F895BD 		.ascii	"!\370\225\275\317\023z\211\310\346\364\233\206\256\276"
  73      CF137A89 
  73      C8E6F49B 
  73      86AEBE
  74 00d8 A064672E 		.ascii	"\240dg.\024oj\254\035\245\265#`c:Ny\322^!\264\271\256"
  74      146F6AAC 
  74      1DA5B523 
  74      60633A4E 
  74      79D25E21 
  75 00ef B1B9A73A 		.ascii	"\261\271\247:\275\016Po\016\365\346\027\321b^O\233?"
  75      BD0E506F 
  75      0EF5E617 
  75      D1625E4F 
  75      9B3F
  76 0101 2BB97090 		.ascii	"+\271p\220|\3246\326\336\247\265\367h\363\247j \326"
  76      7CD436D6 
  76      DEA7B5F7 
  76      68F3A76A 
  76      20D6
  77 0113 4A6B6B59 		.ascii	"JkkYf9]\216}\253\213\023X\374\353\211\320\242:\273\206"
  77      66395D8E 
  77      7DAB8B13 
  77      58FCEB89 
  77      D0A23ABB 
  78 0128 C54F7E84 		.ascii	"\305O~\204\274j}\302\342g~+\2116\352\363,\376\377\227"
  78      BC6A7DC2 
  78      E2677E2B 
  78      8936EAF3 
  78      2CFEFF97 
  79 013c 7EBDF1AB 		.ascii	"~\275\361\253\347\222\0047\321@\257\010\247`\202>\021"
  79      E7920437 
  79      D140AF08 
  79      A760823E 
  79      11
  80 014d B2881310 		.ascii	"\262\210\023\020\341\030\231A\246\221)d\022y\204L \017"
  80      E1189941 
  80      A6912964 
  80      1279844C 
  80      200F
  81 015f 9107C838 		.ascii	"\221\007\31082\206\354\027AF\2041\356\"w\220\333\310"
  81      3286EC17 
  81      41468431 
  81      EE227790 
  81      DBC8
  82 0171 2DE42632 		.ascii	"-\344&2\204\334@\006\221\001\244\037\351C\256#\327\300"
  82      84DC4006 
  82      9101A41F 
  82      E943AE23 
ARM GAS  C:\Users\CYIRKO~1\AppData\Local\Temp\cclEE1MU.s 			page 6


  82      D7C0
  83 0183 A40C944D 		.ascii	"\244\014\224M\373\226\015t\240v7\021\\\204\2073|\201"
  83      FB960D74 
  83      A0763711 
  83      5C848733 
  83      7C81
  84 0195 73FC750C 		.ascii	"s\374u\014[\314#c\003\203=f\353\350\250\325\322=\304"
  84      5BCC2363 
  84      03833D66 
  84      EBE8A8D5 
  84      D23DC4
  85 01a8 FD013D12 		.ascii	"\375\001=\022G\345"
  85      47E5
  86              		.text
  87              		.section	.gnu.lto_lld_Encoder_Init.bd26d68d,"",%progbits
  88 0000 789C6D8F 		.ascii	"x\234m\217\275K\003A\020\305\347\315\354%G\210\026V"
  88      BD4B0341 
  88      10C5E7CD 
  88      EC254788 
  88      1656
  89 0012 1692CE22 		.ascii	"\026\222\316\"\215)\364?:l-\364\017\270U\224@\004\265"
  89      8D29F43F 
  89      3A6C2DF4 
  89      0FB85594 
  89      4004B5
  90 0025 312145B8 		.ascii	"1!E\270\302\"\361\213`y\251\216\230J\202\202\240\205"
  90      C222F18B 
  90      6079A98E 
  90      984A8282 
  90      A085
  91 0037 E94484F8 		.ascii	"\351D\204\370\321\332\031\235I:qa\030\366\307\333\367"
  91      D1DA199D 
  91      493A7161 
  91      18F6C7DB 
  91      F7
  92 0048 DE06C4B4 		.ascii	"\336\006\304\264\014\242\"\021\255\352  \360\321-\321"
  92      0CA22211 
  92      ADEA2020 
  92      F0D12DD1 
  93 0058 76C8EC1E 		.ascii	"v\310\354\036+\344\013\322+\221/\012\234a8\300\266\017"
  93      2BE40BD2 
  93      2B912F0A 
  93      9C6138C0 
  93      B60F
  94 006a 41318B43 		.ascii	"A1\213C\214Ci\010\372\325\327\224\313m\257'k<-\372N"
  94      8C436908 
  94      FAD5D794 
  94      CB6DAF27 
  94      6B3C2DFA 
  95 007f 8644889A 		.ascii	"\206D\210\232:v\320F\231T\366|59\236\313\271\031G\007"
  95      3A76D046 
  95      9954F67C 
  95      35399ECB 
  95      B9194707 
  96 0093 398DA6EE 		.ascii	"9\215\246\356=2?\371\251\372\354k\341f>`JDqM%\226\264"
  96      3D323FF9 
  96      A9FAEC6B 
ARM GAS  C:\Users\CYIRKO~1\AppData\Local\Temp\cclEE1MU.s 			page 7


  96      E1663E60 
  96      4A44714D 
  97 00aa 2F6C5BC6 		.ascii	"/l[\306\330\251\217\273k\366\250%\254^\365\275\376]"
  97      D8A98FBB 
  97      6BF6A825 
  97      AC5EF5BD 
  97      FE5D
  98 00bc FE401261 		.ascii	"\376@\022a\230u\232~\214\362\361\267\017\025\234\230"
  98      98759A7E 
  98      8CF2F1B7 
  98      0F159C98 
  99 00cc BDB2B7E1 		.ascii	"\275\262\267\341\303\240\220\240\245]\2003\355z\212"
  99      C3A090A0 
  99      A55D8033 
  99      ED7A8A
 100 00db 25CD3D47 		.ascii	"%\315=G\002z\301\356\350z\200\177\374\000\302\205\011"
 100      027AC1EE 
 100      E87A807F 
 100      FC00C285 
 100      09
 101 00ec C9D2857A 		.ascii	"\311\322\205z%y\207\230\360O\2164\255(.\021ke7U\273"
 101      25798798 
 101      F04F8E34 
 101      AD282E11 
 101      6B653755 
 102 0101 69D74FF0 		.ascii	"i\327O\360\354\3375\025(\320[ak3\252\254oD+\021\375"
 102      ECDF3515 
 102      28D05B61 
 102      6B33AAAC 
 102      6F442B11 
 103 0116 0203C761 		.ascii	"\002\003\307aW"
 103      57
 104              		.text
 105              		.section	.gnu.lto_get_ticks.bd26d68d,"",%progbits
 106 0000 789C2D4F 		.ascii	"x\234-O=K\003Q\020\334y{&GP\013\2613E\3324Z\351o\360"
 106      3D4B0351 
 106      10DC797B 
 106      2647500B 
 106      B13345DA 
 107 0019 7F1CB616 		.ascii	"\177\034\266\026\372\003\356\031\215\202\202\006\301"
 107      FA03EE19 
 107      8D828206 
 107      C1
 108 0026 04C5F00A 		.ascii	"\004\305\360\012\213\370\211Z^w\210\225hD\301\312Nm"
 108      8BF8895A 
 108      5E778895 
 108      6844C1CA 
 108      4E6D
 109 0038 124C21D6 		.ascii	"\022L!\326Fg\301\007\313\356\354\233\231\335\035\021"
 109      4667C107 
 109      CBEEEC9B 
 109      99DD1D11 
 110 0048 27DF2232 		.ascii	"'\337\"2\312\230b@\005\256\321\025Y\211\035`\205\217"
 110      CA986240 
 110      05AED115 
 110      59891D60 
 110      858F
ARM GAS  C:\Users\CYIRKO~1\AppData\Local\Temp\cclEE1MU.s 			page 8


 111 005a 21A9438A 		.ascii	"!\251C\212\035m)\236\326\256\016u[\003i\021\341\327"
 111      1D6D299E 
 111      D6AE0E75 
 111      5B036911 
 111      E1D7
 112 006c C3C1FBB8 		.ascii	"\303\301\373\270A\240B\370\221\255\017\242j\307\363"
 112      41A042F8 
 112      91AD0FA2 
 112      6AC7F3
 113 007b E5ADC6EC 		.ascii	"\345\255\306\354\356j}>\250\223}\262\217QF\007e\033"
 113      EE6A7D3E 
 113      A8937DB2 
 113      8F514607 
 113      651B
 114 008d 7182AA90 		.ascii	"q\202\252\220\374v=\334\033+D\366\313\346)\012`\276"
 114      FC763DDC 
 114      1B2B44F6 
 114      CBE6290A 
 114      60BE
 115 009f 7C46EE87 		.ascii	"|F\356\207\277\033>\357N\366'\2505\275l\222b\273l\021"
 115      BF1B3EEF 
 115      4EF627A8 
 115      35BD6C92 
 115      62BB6C11 
 116 00b3 306B0FB5 		.ascii	"0k\017\265f\357n\316Dmu\364j\326o\036\213\266\207\302"
 116      66EF6ECE 
 116      446D75F4 
 116      6AD66F1E 
 116      8BB687C2 
 117 00c7 ACB3ECF3 		.ascii	"\254\263\354\363\265\230\376\370\230\215#\263g\257\177"
 117      B598FEF8 
 117      988D23B3 
 117      67AF7F
 118 00d6 FF725B0A 		.ascii	"\377r[\012h#h\204s\336sf\333\340\002\0012@\255\362o"
 118      68236884 
 118      73DE7366 
 118      DBE00201 
 118      3240ADF2 
 119 00eb 4632C7C1 		.ascii	"F2\307\301\306\260.-/%3\013\213\311t\"\177\302\373R"
 119      C6B02E2D 
 119      2F25330B 
 119      8BC97422 
 119      7FC2FB52 
 120 00ff 90       		.ascii	"\220"
 121              		.text
 122              		.section	.gnu.lto_get_turnover.bd26d68d,"",%progbits
 123 0000 789C2D4F 		.ascii	"x\234-O9O\202A\024|\263\357\343\220\250\2611\026B\202"
 123      394F8241 
 123      147CB3EF 
 123      E390A8B1 
 123      31164282 
 124 0014 258DB6F6 		.ascii	"%\215\266\3666\376\017bk\241?\200\025\005\014&j!\020"
 124      36FE0F62 
 124      6BA13F80 
 124      15050C26 
 124      6A2110
 125 0027 0FF21526 		.ascii	"\017\362\025&\242x\037\015\0351&\306\304;\221\206N+"
ARM GAS  C:\Users\CYIRKO~1\AppData\Local\Temp\cclEE1MU.s 			page 9


 125      A2781F0D 
 125      1D3126C6 
 125      C43B9186 
 125      4E2B
 126 0039 8C16765A 		.ascii	"\214\026vZ\210\316\006^\262\307\233\23573\033\020#\023"
 126      88CE065E 
 126      B2C79B9D 
 126      37331B10 
 126      2313
 127 004b 10E91591 		.ascii	"\020\351\025\221a.\250\300\254\336\213\314\205\015\340"
 127      612EA8C0 
 127      ACDE8BCC 
 127      850DE0
 128 005a 2E360C49 		.ascii	".6\014I\031\244\260\242%\305\323\302\311\226.\253O\232"
 128      19A4B0A2 
 128      25C5D3C2 
 128      C9962EAB 
 128      4F9A
 129 006c C7F6EB6E 		.ascii	"\307\366\353n\343\255\337\265@\234m\256P\\\213$*\226"
 129      E3ADDFB5 
 129      409C6DAE 
 129      505C8B24 
 129      2A96
 130 007e 552F9D8D 		.ascii	"U/\235\215\234g3\223\276\032Y'{\027QT\020u\026{H\010"
 130      9C673393 
 130      BE1A5927 
 130      7B175154 
 130      1075167B 
 131 0094 C9AFA7ED 		.ascii	"\311\257\247\355B_\320s\257\004\253\0102\206\034?\243"
 131      425FD073 
 131      AF04AB08 
 131      32861C3F 
 131      A3
 132 00a5 6EDB7F39 		.ascii	"n\333\1779[o\014\346\207\002F|U\345\346y\342\224$O\262"
 132      5B6F0CE6 
 132      8702467C 
 132      55E5E679 
 132      E294244F 
 133 00ba 4BB5C486 		.ascii	"K\265\304\206\247\266\220.\266\232\343n\274\254\206"
 133      A7B6902E 
 133      B69AE36E 
 133      BCAC86
 134 00c9 AAC5CCE5 		.ascii	"\252\305\314\345C\310%\012\300\231\324j\037\315P\352"
 134      43C8250A 
 134      C099D46A 
 134      1FCD50EA 
 135 00d9 D786096C 		.ascii	"\327\206\011l;#b\357\267/W\021\037e\370\032\304\001"
 135      3B2362EF 
 135      B72F5711 
 135      1F65F81A 
 135      C401
 136 00eb 7FB6EF72 		.ascii	"\177\266\357r\341\020>\204z\215,:rJE\002\363\217\331"
 136      E1103E84 
 136      7A8D2C3A 
 136      724A4502 
 136      F38FD9
 137 00fe 9F5007F1 		.ascii	"\237P\007\361\010R\340f\347\373Zc\233v\321\332\201\036"
ARM GAS  C:\Users\CYIRKO~1\AppData\Local\Temp\cclEE1MU.s 			page 10


 137      0852E066 
 137      E7FB5A63 
 137      9B76D1DA 
 137      811E
 138 0110 B1DDBAA0 		.ascii	"\261\335\272\240\236'8BL>\221\216w'h\311\320pa\031?"
 138      9E273842 
 138      4C3E918E 
 138      772768C9 
 138      D0706119 
 139 0125 323B931C 		.ascii	"2;\223\034\233\232N\216&\345\037\253|i\265"
 139      9B9A4E8E 
 139      26E51FAB 
 139      7C69B5
 140              		.text
 141              		.section	.gnu.lto_.symbol_nodes.bd26d68d,"",%progbits
 142 0000 789C558E 		.ascii	"x\234U\216\313\015\302@\014D\237gc\016T\201R\003\005"
 142      CB0DC240 
 142      0C449F67 
 142      630E5481 
 142      520305
 143 0013 40655E24 		.ascii	"@e^$\012\240\003\002\204\337\021\211\013\334h\200\032"
 143      0AA00302 
 143      84DF1189 
 143      0BDC6880 
 143      1A
 144 0024 10852036 		.ascii	"\020\205 6\021\034\342\323\350\315\330\036G\\(\243\263"
 144      111CE2D3 
 144      E8CDD81E 
 144      475C28A3 
 144      B3
 145 0035 02564F08 		.ascii	"\002VO\010\354\266|\344\031\370AL\212\347kY\256!y#\365"
 145      ECB67CE4 
 145      19F8414C 
 145      8AE76B59 
 145      AE217923 
 146 004a 425B85FD 		.ascii	"B[\205\375\322\334\363\274\354\357\024\032\020\337("
 146      D2DCF3BC 
 146      ECEF141A 
 146      10DF28
 147 0059 2DEAEE74 		.ascii	"-\352\356t\253H\003\313\216\212\252'\220\233\362\311"
 147      AB4803CB 
 147      8E8AAA27 
 147      909BF2C9 
 148 0069 4E0A1F80 		.ascii	"N\012\037\200\275b\364\007]\227\304\230\366\365\261"
 148      BD62F407 
 148      5D97C498 
 148      F6F5B1
 149 0078 54C1FB3A 		.ascii	"T\301\373:\345\013\015\226(\272"
 149      E50B0D96 
 149      28BA
 150              		.text
 151              		.section	.gnu.lto_.refs.bd26d68d,"",%progbits
 152 0000 789C0DC4 		.ascii	"x\234\015\304\211\015\0000\014\203@p\372\216\321\375"
 152      890D0030 
 152      0C834070 
 152      FA8ED1FD 
 153 0010 976C908E 		.ascii	"\227l\220\216Ix@\021M\253t'\327A\351d\351\356\361\001"
ARM GAS  C:\Users\CYIRKO~1\AppData\Local\Temp\cclEE1MU.s 			page 11


 153      49784011 
 153      4DAB7427 
 153      D741E964 
 153      E9EEF101 
 154 0024 0AFF0079 		.ascii	"\012\377\000y"
 155              		.text
 156              		.section	.gnu.lto_.decls.bd26d68d,"",%progbits
 157 0000 789CAD57 		.ascii	"x\234\255W{PT\327\031\277\337\275\013,\273\033\240\220"
 157      7B5054D7 
 157      19BFDFBD 
 157      0B2CBB1B 
 157      A090
 158 0012 4427920C 		.ascii	"D'\222\014\265\030w\332\011\017\355\230N\376\350\250"
 158      B51877DA 
 158      090FED98 
 158      4EFEE8A8 
 159 0022 84B44EAD 		.ascii	"\204\264N\255q*q:Sfv`Yu'\260k\331%\243\375\353\012\362"
 159      712A713A 
 159      53667660 
 159      597527B0 
 159      6BD925A3 
 160 003a F4C52345 		.ascii	"\364\305#E\027\001Q@\305\027(>j|d%\312\303 \012>\360"
 160      17015140 
 160      C517283E 
 160      6A7C6425 
 160      CAC3200A 
 161 0050 81202268 		.ascii	"\201 \"hD\005AQS\003\375\3169\367r/\010\223v\246w\366"
 161      44054151 
 161      5303FDCE 
 161      39F7722F 
 161      089376A6 
 162 0066 DC7B1EBF 		.ascii	"\334{\036\277\363\373~\337w\236\353\301\361\234\207"
 162      F3FB7EDF 
 162      779EEBC1 
 162      F19C87
 163 0075 1FC775F3 		.ascii	"\037\307u\363\034w\0228n\004\037O\216\343\366c\302*"
 163      1C771238 
 163      6E041F4F 
 163      8EE3F663 
 163      C22A
 164 0087 EE06A60E 		.ascii	"\356\006\246\016\216=^\230\0061\015a\322 V\207\311\200"
 164      8E3D5E98 
 164      06310D61 
 164      D2205687 
 164      C980
 165 0099 C9075300 		.ascii	"\311\007S\000&\015\326\277\203\337)\230>\300\364K\340"
 165      260DD6BF 
 165      83DF2998 
 165      3EC0F44B 
 165      E0
 166 00aa C63CF7B1 		.ascii	"\306<\367\261\354\215\337\245\230\246\003\343\276)\361"
 166      EC8DDFA5 
 166      98A603E3 
 166      BE29F1
 167 00b9 DFC1E48F 		.ascii	"\337\301\344\217u\277\3024M\352\307K\366\010\2670\216"
 167      75BFC234 
 167      4DEAC74B 
ARM GAS  C:\Users\CYIRKO~1\AppData\Local\Temp\cclEE1MU.s 			page 12


 167      F608B730 
 167      8E
 168 00ca 5BFD8422 		.ascii	"[\375\204\"\220h\276\206i&\246nLoc\272'\361\222\276"
 168      9068BE86 
 168      6926A66E 
 168      4C6F63BA 
 168      27F192BE 
 169 00de 0F30F560 		.ascii	"\0170\365`\352\224x}$\355\343\237\307X\347!i\234&\351"
 169      EA94787D 
 169      24EDE39F 
 169      C758E721 
 169      699C26E9 
 170 00f2 09C634C0 		.ascii	"\011\3064\300)\232\206$]\244\373x-\336<\353\357/i\340"
 170      299A8624 
 170      5DA4FB78 
 170      2DDE3CEB 
 170      EF2F69E0 
 171 0106 B17D06A6 		.ascii	"\261}\006\246a\251\035\244\330\221\357\370\370\274\303"
 171      61A91DA4 
 171      D891EFF8 
 171      F8BCC3
 172 0115 B318CB7D 		.ascii	"\263\030\313}\265\300\374\212\340\336\344\320M\302\261"
 172      B5C0FC8A 
 172      E0DEE4D0 
 172      4DC2B1
 173 0124 5980E6B5 		.ascii	"Y\200\346\265U\205\302F\001\374u\240\301\342\323\013"
 173      5585C246 
 173      01FC75A0 
 173      C1E2D30B 
 174 0134 055D3E58 		.ascii	"\005]>X|[\007AX\274]\3247\250\021P\026\346+S\357Uh\261"
 174      7C5B0741 
 174      58BC5DD4 
 174      37A81150 
 174      16E62B53 
 175 014c 29500723 		.ascii	")P\007#@\312\217\216\277z\213\225I\363\271\221\027n"
 175      40CA8F8E 
 175      BF7A8B95 
 175      49F3B991 
 175      176E
 176 015e 5F2C2ED6 		.ascii	"_,.\326\001\217\305\254\256\312\034oAK\233\356\325\344"
 176      018FC5AC 
 176      AECA1C6F 
 176      414B9BEE 
 176      D5E4
 177 0170 76EA353C 		.ascii	"v\3525<\007\373A\200}\020H\015\273\352\236\237\320\013"
 177      07FB4180 
 177      7D10480D 
 177      BBEA9E9F 
 177      D00B
 178 0182 01147071 		.ascii	"\001\024pq\2403GC\000\225\010\370M \034\000\015\251"
 178      A0334743 
 178      009508F8 
 178      4D201C00 
 178      0DA9
 179 0194 7ED2DA39 		.ascii	"~\322\3329\250\025\002)$\255\243#\237'\220\203\010\371"
 179      A8150229 
 179      24ADA323 
ARM GAS  C:\Users\CYIRKO~1\AppData\Local\Temp\cclEE1MU.s 			page 13


 179      9F279083 
 179      08F9
 180 01a6 75205431 		.ascii	"u T1H\307\253\335\237\205\354\023\331\243\375|\324/"
 180      48C7ABDD 
 180      9F85EC13 
 180      D9A3FD7C 
 180      D42F
 181 01b8 3E6FA8AC 		.ascii	">o\250\254X\007F\355N\322\340\256K\233\336\231\"\212"
 181      580746ED 
 181      4ED2E0AE 
 181      4B9BDE99 
 181      228A
 182 01ca 3C1C012D 		.ascii	"<\034\001-\007\325\020\"\001\323D1Y\354O^#L\345`v \204"
 182      07D51022 
 182      01D34431 
 182      59EC4F5E 
 182      234CE560 
 183 01e1 A1340221 		.ascii	"\2414\002!\0108\014F8\004\032\330\013\201\260\007E\243"
 183      08380C46 
 183      38041AD8 
 183      0B81B007 
 183      45A3
 184 01f3 B5CEAE1D 		.ascii	"\265\316\256\035\331:!\216\010\342{\313\363\326y\201"
 184      D93A218E 
 184      08E27BCB 
 184      F3D67981 
 185 0203 D6F82605 		.ascii	"\326\370&\005\374\013{N\306\302\364\364l\361D\271p\014"
 185      FC0B7B4E 
 185      C6C2F4F4 
 185      6CF144B9 
 185      700C
 186 0215 4147D11F 		.ascii	"AG\321\037&\210\212\243\261\351)\275\331\243\025\354"
 186      26888AA3 
 186      B1E929BD 
 186      D9A315EC 
 187 0225 D4F18213 		.ascii	"\324\361\202\023\317\316{\260\001\322b\361\330\223\275"
 187      CFCE7BB0 
 187      01D262F1 
 187      D893BD
 188 0234 C7DE6203 		.ascii	"\307\336b\003\344&\315?\014W\336\327\010\253)\264\352"
 188      E426CD3F 
 188      0C57DED7 
 188      08AB29B4 
 188      EA
 189 0245 E4DAC73E 		.ascii	"\344\332\307>\014\352&#T\367\350Z\203\027\303\212\006"
 189      0CEA2623 
 189      54F7E85A 
 189      8317C38A 
 189      06
 190 0256 32620315 		.ascii	"2b\003\025\245^\202\010\024<\27095S\313\300S\260X\277"
 190      A55E8208 
 190      143CB839 
 190      3553CBC0 
 190      53B058BF 
 191 026a B5F0035D 		.ascii	"\265\360\003]\006\021\227\235\"z\377\221T\357F\311\273"
 191      0611979D 
 191      227AFF91 
ARM GAS  C:\Users\CYIRKO~1\AppData\Local\Temp\cclEE1MU.s 			page 14


 191      54EF46C9 
 191      BB
 192 027b C868C119 		.ascii	"\310h\301\031\320\341;4\020ii\034\006\253\313\363\364"
 192      D0E13B34 
 192      1069691C 
 192      06ABCBF3 
 192      F4
 193 028c 422623BA 		.ascii	"B&#\272]_\261\227\314\240\2318/\360\361UM\215\231lj"
 193      5D5FB197 
 193      CCA09938 
 193      2FF0F155 
 193      4D8D996C 
 194 02a1 B46C1A28 		.ascii	"\264l\032(\363\0226R8\357:\337Z\243\001\243\216\005"
 194      F3123652 
 194      38EF3ADF 
 194      5AA301A3 
 194      8E05
 195 02b3 E2E2DEDF 		.ascii	"\342\342\336\337\273\006D1\010\352@\007\347\224P\314"
 195      BB064431 
 195      08EA4007 
 195      E79450CC 
 196 02c3 44835C06 		.ascii	"D\203\\\006\011-\225\303\215\212\201Z\014(\362\022\034"
 196      092D95C3 
 196      8D8A815A 
 196      0C28F212 
 196      1C
 197 02d4 9CC5CAEF 		.ascii	"\234\305\312\357\230\244\212\262\234\035\236\202H\247"
 197      98A48AB2 
 197      9C1D9E82 
 197      48A7
 198 02e2 2A5F7BFA 		.ascii	"*_{\372\326u\015\350\214\023\022\234\237\200@\022\323"
 198      D6750DE8 
 198      8C13129C 
 198      9F804012 
 198      D3
 199 02f3 30BD3695 		.ascii	"0\2756\225\314\222\006\024S\257\210\251#\356\023#5\227"
 199      CC920614 
 199      53AF88A9 
 199      23EE1323 
 199      3597
 200 0305 32F37D85 		.ascii	"2\363}\205n\266\036\322\363\033\017h\205\007\314\342"
 200      6EB61ED2 
 200      F31B0F68 
 200      8507CCE2 
 201 0315 91DCD67E 		.ascii	"\221\334\326~~2\213M\223Z\354k\017v]!\356_@\213\215"
 201      7E328B4D 
 201      935AEC6B 
 201      0F765D21 
 201      EE5F408B 
 202 032a 8AC506D9 		.ascii	"\212\305\006\331\342\353\356\372i8\3539\012\210\325"
 202      E2EBEEFA 
 202      6938EB39 
 202      0A88D5
 203 0339 A8179A3F 		.ascii	"\250\027\232?[h-\375\215Ez6\310~X\354;\2365\244\027"
 203      5B682DFD 
 203      8D457A36 
 203      C87E58EC 
ARM GAS  C:\Users\CYIRKO~1\AppData\Local\Temp\cclEE1MU.s 			page 15


 203      3B9E35A4 
 204 034e 4E0A6C4D 		.ascii	"N\012lM\346\245O\025\316\263\374\356\333\315\311\006"
 204      E6A54F15 
 204      CEB3FCEE 
 204      DBCDC906 
 205 035e E1162DBC 		.ascii	"\341\026-\274\327\321q>\323\000F\303T\215! 8 \330H\336"
 205      D7D1713E 
 205      D30046C3 
 205      548D2120 
 205      3820D848 
 206 0373 467F9635 		.ascii	"F\177\2265\032\003\214L]S\201_\262\210\323\345!\030"
 206      1A038C4C 
 206      5D53815F 
 206      B288D3E5 
 206      2118
 207 0385 A0451177 		.ascii	"\240E\021w\015\014\370\311\032\365\024Za\252j\262`\263"
 207      0D0CF8C9 
 207      1AF5145A 
 207      61AA6AB2 
 207      60B3
 208 0397 84CCA7AB 		.ascii	"\204\314\247\2532E\364\343a\351\273\320\214\210K\024"
 208      3245F4E3 
 208      61E9BBD0 
 208      8C884B14 
 209 03a7 81787C5F 		.ascii	"\201x|_\007\015\333\"\341\006\366\270\210%\025\345M"
 209      070DDB22 
 209      E106F6B8 
 209      882515E5 
 209      4D
 210 03b8 085051DE 		.ascii	"\010PQ\336\240\026\271\034:=Eq\256\206\203\023\330\370"
 210      A016B91C 
 210      3A3D4571 
 210      AE868313 
 210      D8F8
 211 03ca 0D09EE13 		.ascii	"\015\011\356\023\014n\033\242\311bk\307\374m\010\206"
 211      0C6E1BA2 
 211      C9626BC7 
 211      FC6D0886 
 212 03da 5B104C97 		.ascii	"[\020L\227\367\016B\350n\337\026\230\227\"\326\207A"
 212      F70E42E8 
 212      6EDF1698 
 212      9722D687 
 212      41
 213 03eb 07DA3989 		.ascii	"\007\3329\211~\264\251\310qVst\250&\343?.u\230\234\177"
 213      7EB4A9C8 
 213      71567374 
 213      A826E33F 
 213      2E75989C 
 214 0400 B8F8BDC1 		.ascii	"\270\370\275\301dqK\030]\316\025\022\\\332\012({8!g"
 214      64714B18 
 214      5DCE1512 
 214      5CDA0A28 
 214      7B382167 
 215 0414 216D2FF6 		.ascii	"!m/\366[CB\212\020\365>\244\362\374\316\030\317;\306"
 215      5B43428A 
 215      10F53EA4 
 215      F2FCCE18 
ARM GAS  C:\Users\CYIRKO~1\AppData\Local\Temp\cclEE1MU.s 			page 16


 215      CF3BC6
 216 0427 789E4194 		.ascii	"x\236A\224\235\306\306SD\331#Ts\227)\343\240S\221D\366"
 216      9DC6C653 
 216      44D92354 
 216      739729E3 
 216      A0539144 
 217 043c 9722FF3C 		.ascii	"\227\"\377<\221\270|\017\374\341[\224Dp\243\035\025"
 217      91B87C0F 
 217      FCE15B94 
 217      4470A31D 
 217      15
 218 044d 516A8FE5 		.ascii	"Qj\217\345fN&\205.4 \3632\371\265E\376T\376\335\261"
 218      664E2685 
 218      2E3420F3 
 218      32F9B545 
 218      FE54FEDD 
 219 0462 F2B3259A 		.ascii	"\362\263%\232 \015t\253\014q\304\274\274}L\034\335^"
 219      200D74AB 
 219      0C71C4BC 
 219      BC7D4C1C 
 219      DD5E
 220 0474 34715F32 		.ascii	"4q_2\367\003\346\037`t{\306D\267\251\320\237\215\036"
 220      F703E61F 
 220      60747BC6 
 220      44B7A9D0 
 220      9F8D1E
 221 0487 9985DFA3 		.ascii	"\231\205\337\243+\367\377\207\321\343~\206\274e\232"
 221      2BF7FF87 
 221      D1E37E86 
 221      BC659A
 222 0496 4B74AF15 		.ascii	"Kt\257\025\350\202\257\231\220[5vC\005\314\371\373\223"
 222      E882AF99 
 222      905B3576 
 222      4305CCF9 
 222      FB93
 223 04a8 8E9D7A21 		.ascii	"\216\235z!\300U\264\250\254\005Fq\255\220\356\373$H"
 223      C055B4A8 
 223      AC054671 
 223      AD90EEFB 
 223      2448
 224 04ba 97950545 		.ascii	"\227\225\005E\010e\304\300\373\004\360\030\001W\024"
 224      0865C4C0 
 224      FB04F018 
 224      015714
 225 04c9 C05D0A98 		.ascii	"\300]\012\230h\260\324\223`\202\361\252\333\371\341"
 225      68B0D493 
 225      6082F1AA 
 225      DBF9E1
 226 04d8 F674B2A3 		.ascii	"\366t\262\243\221\365t\\!l\243\204d]\341\316pt\303\331"
 226      91F5745C 
 226      216CA384 
 226      645DE1CE 
 226      7074C3D9 
 227 04ec 537C3BD6 		.ascii	"S|;\326\221\265\350\307.\015\300\336@\023-\216\310\017"
 227      91B5E8C7 
 227      2E0DC0DE 
 227      40132D8E 
ARM GAS  C:\Users\CYIRKO~1\AppData\Local\Temp\cclEE1MU.s 			page 17


 227      C80F
 228 04fe 00ADC75A 		.ascii	"\000\255\307Z\236\223\356\025r\025\310=\2442/\025y\211"
 228      9E93EE15 
 228      7215C83D 
 228      A4322F15 
 228      7989
 229 0510 92FEA4CE 		.ascii	"\222\376\244\316\240bd\315\314\222\374\260\253\013\313"
 229      A06264CD 
 229      CC92FCB0 
 229      AB0BCB
 230 051f D06E726F 		.ascii	"\320nro\340\025\003\000\352\016*B&[j\037\325\307)\316"
 230      E0150300 
 230      EA0E2A42 
 230      265B6A1F 
 230      D5C729CE 
 231 0533 817C017A 		.ascii	"\201|\001z\352j\354\321u\340\262\306\232\222\271@\353"
 231      EA6AECD1 
 231      75E0B2C6 
 231      9A92B940 
 231      EB
 232 0544 1E9ECECF 		.ascii	"\036\236\316\317\322\013\335l\343|\271\346\352\031\335"
 232      D20BDD6C 
 232      E37CB9E6 
 232      EA19DD
 233 0553 D4C9F6B2 		.ascii	"\324\311\366\262\001\272\227\305j\030\331\216\212\242"
 233      01BA97C5 
 233      6A18D98E 
 233      8AA2
 234 0561 8BBED34B 		.ascii	"\213\276\323KD\367\035\334\333G~{\367\220[\304\003E"
 234      44F71DDC 
 234      DB477E7B 
 234      F7905BC4 
 234      0345
 235 0573 F4243078 		.ascii	"\364$0x\252\304\037\263\370\356\307\345\015}\270\253"
 235      AAC41FB3 
 235      F8EEC7E5 
 235      0D7DB8AB 
 236 0583 703008D3 		.ascii	"p0\010\323\261{\357\365\301[ dh\376\013\273\317\307"
 236      B17BEFF5 
 236      C15B2064 
 236      68FE0BBB 
 236      CFC7
 237 0595 D8ED3DD5 		.ascii	"\330\355=\325)\352\321n\011\332\255\207\3358M\202\010"
 237      29EAD16E 
 237      09DAAD87 
 237      DD384D82 
 237      08
 238 05a6 029E2926 		.ascii	"\002\236)&\237\21579DM&7\037=\013\202\213\231L\335\260"
 238      9F8D3739 
 238      444D2637 
 238      1F3D0B82 
 238      8B994CDD 
 239 05bb 7FB30ECF 		.ascii	"\177\263\016\317\022Ov\224{\221\273[\377\217G5\254\212"
 239      124F7694 
 239      7B91BB5B 
 239      FF8F4735 
 239      AC8A
ARM GAS  C:\Users\CYIRKO~1\AppData\Local\Temp\cclEE1MU.s 			page 18


 240 05cd 08598555 		.ascii	"\010Y\205UE\256\266\203>B)\355\302?\352\314\314\322"
 240      45AEB683 
 240      3E4229ED 
 240      C23FEACC 
 240      CCD2
 241 05df AA8EF339 		.ascii	"\252\216\3639\256~r\236\275\306\005\365\243b\334S:\316"
 241      AE7E729E 
 241      BDC605F5 
 241      A362DC53 
 241      3ACE
 242 05f1 C537CEC6 		.ascii	"\3057\316\306\177\343\234\365\224\316\306WX\371\222"
 242      7FE39CF5 
 242      94CEC657 
 242      58F992
 243 0600 1DE703AF 		.ascii	"\035\347\003\257\372\017k\204\375\314FV\347\300O\276"
 243      FA0F6B84 
 243      FDCC4656 
 243      E7C04FBE 
 244 0610 EC707D93 		.ascii	"\354p}\223`d\002\002\3718\237u\204\036\347\303(\346"
 244      60640202 
 244      F9389F75 
 244      841EE7C3 
 244      28E6
 245 0622 2745CC6B 		.ascii	"'E\314k\371p\315M)L\347\205#\314\310\367\015e[U\216"
 245      F970CD4D 
 245      294CE785 
 245      23CCC8F7 
 245      0D655B55 
 246 0637 B8848A16 		.ascii	"\270\204\212\026\342H2\217\216\363\243}\207aRO\326\360"
 246      E248328F 
 246      8EF3A37D 
 246      8761524F 
 246      D6F0
 247 0649 137A7260 		.ascii	"\023zr`\353\276*/\3650\022Fe\034Sx\3658^r\3379\350#"
 247      EBBE2A2F 
 247      F5301246 
 247      651C5378 
 247      F5385E72 
 248 0661 8D63DF48 		.ascii	"\215c\337H\320\225\3624\361\022\366\233\313\023\034"
 248      D095F234 
 248      F112F69B 
 248      CB131C
 249 0670 BC507C78 		.ascii	"\274P|x1~4\327\362d4_\\}\331\352#\\g\243\331X4\324h"
 249      317E34D7 
 249      F264345F 
 249      5C7DD9EA 
 249      235C67A3 
 250 0689 10BA997B 		.ascii	"\020\272\231{\027\313OW\372\200Q?\352\336\236\323\304"
 250      17CB4F57 
 250      FA80513F 
 250      EADE9ED3 
 250      C4
 251 069a BD0C5E0F 		.ascii	"\275\014^\017i\212{\021z|g\022HU\332X\357\322\321\273"
 251      698A7B11 
 251      7A7C6712 
 251      4855DA58 
 251      EFD2D1BB 
ARM GAS  C:\Users\CYIRKO~1\AppData\Local\Temp\cclEE1MU.s 			page 19


 252 06ae 08BDBCED 		.ascii	"\010\275\274\355!\373\372S;\233A\355\027\241R\374\312"
 252      21FBFA53 
 252      3B9B41ED 
 252      17A152FC 
 252      CA
 253 06bf 1CE397FB 		.ascii	"\034\343\227\373\352\363\275\302\250_\301\251\273F\375"
 253      EAF3BDC2 
 253      A85FC1A9 
 253      BB46FD
 254 06ce 421CA42A 		.ascii	"B\034\244*\0020;\326\257,\352\327\331\314\027U>\302"
 254      02303BD6 
 254      AF2CEAD7 
 254      D9CC1755 
 254      3EC2
 255 06e0 6BE6D770 		.ascii	"k\346\327p\361\326\015\200dw\320\221\221\012\341\341"
 255      F1D60D80 
 255      6477D091 
 255      910AE1E1 
 256 06f0 77DD6286 		.ascii	"w\335b\206\216\336*`\235\302\264\2160\221\314z\312\220"
 256      8EDE2A60 
 256      9DC2B48E 
 256      3091CC7A 
 256      CA90
 257 0702 73B3778B 		.ascii	"s\263w\213N\330\356A\031\332\252\317\024\373J\014w\337"
 257      4ED8EE41 
 257      19DAAACF 
 257      14FB4A0C 
 257      77DF
 258 0714 7789353C 		.ascii	"w\2115<\355\275A\351\275A\356\275\221\366>\321\376r"
 258      EDBD41E9 
 258      BD41EEBD 
 258      91F63ED1 
 258      FE72
 259 0726 9B4ED8C3 		.ascii	"\233N\330\303zg\037>\264\317\223^\312\310\205\202]\312"
 259      7A671F3E 
 259      B4CF935E 
 259      CAC88582 
 259      5DCA
 260 0738 8E349406 		.ascii	"\2164\224\006k\344\273L6O\353z\313\013v\363\223.\340"
 260      6BE4BB4C 
 260      364FEB7A 
 260      CB0B76F3 
 260      932EE0
 261 074b 5C1AA01C 		.ascii	"\\\032\240\034^\212\320\211\266\372\233\036\222\244"
 261      5E8AD089 
 261      B6FA9B1E 
 261      92A4
 262 0759 BAB40F93 		.ascii	"\272\264\017\223K\323\334\213)\0106)\2526\311\252\362"
 262      4BD3DC8B 
 262      29083629 
 262      AA36C9AA 
 262      F2
 263 076a A8AA534D 		.ascii	"\250\252SM\245\227}\204j\246jM\365\372\203\0363J)\301"
 263      A5977D84 
 263      6AA66A4D 
 263      F5FA831E 
 263      334A29C1 
ARM GAS  C:\Users\CYIRKO~1\AppData\Local\Temp\cclEE1MU.s 			page 20


 264 077e E37663AE 		.ascii	"\343vc\256X\302nQ_\263\356\252#\361k\032\343\177\362"
 264      58C26E51 
 264      5FB3EEAA 
 264      23F16B1A 
 264      E37FF2
 265 0791 3388D967 		.ascii	"3\210\331gi8\374\307\031E\343\320\261\033\006\244\270"
 265      6938FCC7 
 265      1945E3D0 
 265      B11B06A4 
 265      B8
 266 07a2 E4A6817D 		.ascii	"\344\246\201}\234\322$\212%<\275\221\344K,\312\321N"
 266      9CD2248A 
 266      253CBD91 
 266      E44B2CCA 
 266      D14E
 267 07b4 6AA2F004 		.ascii	"j\242\360\004\330Ly.\234\273\274\305KpS\036\315\203"
 267      D84C792E 
 267      9CBBBCC5 
 267      4B70531E 
 267      CD83
 268 07c6 6F0778C4 		.ascii	"o\007x\304\221\237\267\261\000\217"
 268      919FB7B1 
 268      008F
 269 07d0 B3ADBC37 		.ascii	"\263\255\2747W \342\252\361\243\331t\366\227)\333\017"
 269      5720E2AA 
 269      F1A3D974 
 269      F69729DB 
 269      0F
 270 07e1 46FF3215 		.ascii	"F\3772\025\342\364\"M\034\270\370@(\340\2455L\376\324"
 270      E2F4224D 
 270      1CB8F840 
 270      28E0A535 
 270      4CFED4
 271 07f4 71A401B6 		.ascii	"q\244\001\266H\256\263h={U|\333G\250e\262[\272]Mz\224"
 271      48AEB368 
 271      3D7B557C 
 271      DB47A865 
 271      B25BBA5D 
 272 080b 2DD690C9 		.ascii	"-\326\220\311\365\273\346\256T1\214\366)\222D\313\377"
 272      F5BBE6AE 
 272      54318CF6 
 272      299244CB 
 272      FF
 273 081c EC4819E9 		.ascii	"\354H\031\3519(\246\232]\273*\373\310nG\266\007\302"
 273      3928A69A 
 273      5DBB2AFB 
 273      C86E47B6 
 273      07C2
 274 082e 73757F75 		.ascii	"su\177u\231\257p\203\221v\246\355I'\261(\301X\324\346"
 274      99AF7083 
 274      9176A6ED 
 274      4927B128 
 274      C158D4E6 
 275 0842 0A784DD0 		.ascii	"\012xM\320P`\211\304\251\\\321H\3156\302\272\235\262"
 275      506089C4 
 275      A95CD148 
 275      CD36C2BA 
ARM GAS  C:\Users\CYIRKO~1\AppData\Local\Temp\cclEE1MU.s 			page 21


 275      9DB2
 276 0854 5E7EB8EF 		.ascii	"^~\270\357\254\316\240\272\024\2201T\320;xz\241#_\362"
 276      ACCEA0BA 
 276      14903154 
 276      D03B787A 
 276      A1235FF2 
 277 0868 F7F59B75 		.ascii	"\367\365\233u\327\306\200\211l\005\\*\201K\031\370e"
 277      D7C68089 
 277      6C055C2A 
 277      814B19F8 
 277      65
 278 0879 6BBB410D 		.ascii	"k\273A\015\036\030s\357.\223\300e\024\334\225?P\256"
 278      1E1873EF 
 278      2E93C065 
 278      14DC953F 
 278      50AE
 279 088b 57838978 		.ascii	"W\203\211x\005\\.\201\311\327\303\341\214qZt\221\177"
 279      055C2E81 
 279      C9D7C3E1 
 279      8C715A74 
 279      917F
 280 089d 8D32CD8B 		.ascii	"\2152\315\213\210Z\2604RK\262K\242>_L\353\276X\264`"
 280      885AB034 
 280      524BB24B 
 280      A23E5F4C 
 280      EBBE58B4 
 281 08b2 D18228ED 		.ascii	"\321\202(\355\037\026}\021\024\021\036\316\315\216\374"
 281      1F167D11 
 281      14111ECE 
 281      CD8EFC
 282 08c1 243A6285 		.ascii	"$:b\2055\326\272\304\231\024g\265G\233I\336\356\010"
 282      35D6BAC4 
 282      991467B5 
 282      479B49DE 
 282      EE08
 283 08d3 FF784EA8 		.ascii	"\377xN\250\335\021\272\"&>\324j3\307'\305YH\336dY\345"
 283      DD11BA22 
 283      263ED46A 
 283      33C727C5 
 283      5948DE64 
 284 08e9 0C59C1E9 		.ascii	"\014Y\301\351\360C\215\230\234\336H\371i\242\365+K\242"
 284      F0438D98 
 284      9CDE48F9 
 284      69A2F52B 
 284      4BA2
 285 08fb A7D96E5B 		.ascii	"\247\331n[f]\2565\257\210\261\331,\361\016M\202=\316"
 285      665DAE35 
 285      AF88B1D9 
 285      2CF10E4D 
 285      823DCE
 286 090e A2339992 		.ascii	"\2423\231\222\2546\347\354Y&\3472\313'\214\334\301\014"
 286      AC36E7EC 
 286      5926E732 
 286      CB278CDC 
 286      C10C
 287 0920 39EDF678 		.ascii	"9\355\366xG\364r[R\020\315\005\305$&\004Y\022b-qq\226"
 287      47F4725B 
ARM GAS  C:\Users\CYIRKO~1\AppData\Local\Temp\cclEE1MU.s 			page 22


 287      5210CD05 
 287      C5242604 
 287      5912622D 
 288 0937 B8E83921 		.ascii	"\270\3509!\263\203f\205\205\177\374\367\360h\254\377"
 288      B3836685 
 288      857FFCF7 
 288      F068ACFF 
 289 0947 C866B759 		.ascii	"\310f\267Y>\262\304\304Z\243%1\321\0111\310e\263D\233"
 289      3EB2C4C4 
 289      5AA32531 
 289      D10931C8 
 289      65B3449B 
 290 095b E22CCB62 		.ascii	"\342,\313b\222\342\235&\347\352\225\026\007j\323\312"
 290      92E29D26 
 290      E7EA9516 
 290      076AD3CA 
 291 096b F6FEF67F 		.ascii	"\366\376\366\177\265\347X\355\21069\234qH\216Fxs\254"
 291      B5E758ED 
 291      8836399C 
 291      71488E46 
 291      7873AC
 292 097e C1B26AA5 		.ascii	"\301\262j\245\344\252\311\371\331\317\006q\245=\321"
 292      E4AAC9F9 
 292      D9CF0671 
 292      A53DD1
 293 098d E9085D12 		.ascii	"\351\010]\022\365\347\331\263B\027.\3744\024\303\266"
 293      F5E7D9B3 
 293      42172EFC 
 293      3414C3B6 
 294 099d E0AB7039 		.ascii	"\340\253p9\246\246\370\3708\244}\013\263\346\230\370"
 294      A6A6F8F8 
 294      38A47D0B 
 294      B3E698F8 
 295 09ad F8D818F3 		.ascii	"\370\330\030\363\227&\247\037b\"\230\205\010\032Z\022"
 295      9726A71F 
 295      62229885 
 295      081A5A12 
 296 09bd 6B969B82 		.ascii	"k\226\233\202xS\244\315\214\021N4-\260Y\235!+c\022\235"
 296      7853A4CD 
 296      8C114E34 
 296      2DB0599D 
 296      212B6312 
 297 09d2 21613A47 		.ascii	"!a:G\2429\324b3\207\2309\277\361\020\357\345\026\214"
 297      A239D462 
 297      33879839 
 297      BFF110EF 
 297      E5168C
 298 09e5 92D5FCA5 		.ascii	"\222\325\374\245\303\333d\222b\344%}\003,\014\030E\232"
 298      C3DB6492 
 298      62E4257D 
 298      032C0C18 
 298      459A
 299 09f7 97C6C427 		.ascii	"\227\306\304'\341\310\372\310\343N\370Vp\006\332=)\321"
 299      E1C8FAC8 
 299      E34EF856 
 299      7006DA3D 
 299      29D1
ARM GAS  C:\Users\CYIRKO~1\AppData\Local\Temp\cclEE1MU.s 			page 23


 300 0a09 66C7B17E 		.ascii	"f\307\261~W\306Ke\251\213?\231_\021\363M\213\347\375"
 300      57C64B65 
 300      A98B3F99 
 300      5F11F34D 
 300      8BE7FD
 301 0a1c E54FA6C8 		.ascii	"\345O\246\310E\363\346/\214\374\205\314b\266'$\330m"
 301      45F3E62F 
 301      8CFC85CC 
 301      62B62724 
 301      D86D
 302 0a2e 648024D0 		.ascii	"d\200$\320<-z\273\304\211\272=\310\034\012\367\304\267"
 302      3C2D7ABB 
 302      C489BA3D 
 302      C81C0AF7 
 302      C4B7
 303 0a40 79D9720F 		.ascii	"y\331r\017\323|\034\036\177Tn\262:\250pkL\274\365\037"
 303      D37C1C1E 
 303      7F546EB2 
 303      3AA8706B 
 303      4CBCF51F 
 304 0a54 9638835A 		.ascii	"\2268\203Z\343\177\000\260\330\207\011"
 304      E37F00B0 
 304      D88709
 305              		.text
 306              		.section	.gnu.lto_.symtab.bd26d68d,"",%progbits
 307 0000 6C6C645F 		.ascii	"lld_Encoder_Init\000"
 307      456E636F 
 307      6465725F 
 307      496E6974 
 307      00
 308 0011 00       		.ascii	"\000"
 309 0012 00       		.ascii	"\000"
 310 0013 00       		.ascii	"\000"
 311 0014 00000000 		.ascii	"\000\000\000\000\000\000\000\000"
 311      00000000 
 312 001c F6000000 		.ascii	"\366\000\000\000"
 313 0020 6765745F 		.ascii	"get_ticks\000"
 313      7469636B 
 313      7300
 314 002a 00       		.ascii	"\000"
 315 002b 00       		.ascii	"\000"
 316 002c 00       		.ascii	"\000"
 317 002d 00000000 		.ascii	"\000\000\000\000\000\000\000\000"
 317      00000000 
 318 0035 04010000 		.ascii	"\004\001\000\000"
 319 0039 656E636F 		.ascii	"encoderTicks\000"
 319      64657254 
 319      69636B73 
 319      00
 320 0046 00       		.ascii	"\000"
 321 0047 00       		.ascii	"\000"
 322 0048 00       		.ascii	"\000"
 323 0049 00000000 		.ascii	"\000\000\000\000\000\000\000\000"
 323      00000000 
 324 0051 21010000 		.ascii	"!\001\000\000"
 325 0055 6765745F 		.ascii	"get_turnover\000"
 325      7475726E 
ARM GAS  C:\Users\CYIRKO~1\AppData\Local\Temp\cclEE1MU.s 			page 24


 325      6F766572 
 325      00
 326 0062 00       		.ascii	"\000"
 327 0063 00       		.ascii	"\000"
 328 0064 00       		.ascii	"\000"
 329 0065 00000000 		.ascii	"\000\000\000\000\000\000\000\000"
 329      00000000 
 330 006d 0A010000 		.ascii	"\012\001\000\000"
 331 0071 45585444 		.ascii	"EXTD1\000"
 331      3100
 332 0077 00       		.ascii	"\000"
 333 0078 02       		.ascii	"\002"
 334 0079 00       		.ascii	"\000"
 335 007a 00000000 		.ascii	"\000\000\000\000\000\000\000\000"
 335      00000000 
 336 0082 15010000 		.ascii	"\025\001\000\000"
 337 0086 4558545F 		.ascii	"EXT_CB_PARK_ENABLE\000"
 337      43425F50 
 337      41524B5F 
 337      454E4142 
 337      4C4500
 338 0099 00       		.ascii	"\000"
 339 009a 02       		.ascii	"\002"
 340 009b 00       		.ascii	"\000"
 341 009c 00000000 		.ascii	"\000\000\000\000\000\000\000\000"
 341      00000000 
 342 00a4 0C010000 		.ascii	"\014\001\000\000"
 343 00a8 4558545F 		.ascii	"EXT_CB_A\000"
 343      43425F41 
 343      00
 344 00b1 00       		.ascii	"\000"
 345 00b2 02       		.ascii	"\002"
 346 00b3 00       		.ascii	"\000"
 347 00b4 00000000 		.ascii	"\000\000\000\000\000\000\000\000"
 347      00000000 
 348 00bc 0E010000 		.ascii	"\016\001\000\000"
 349 00c0 65787453 		.ascii	"extStart\000"
 349      74617274 
 349      00
 350 00c9 00       		.ascii	"\000"
 351 00ca 02       		.ascii	"\002"
 352 00cb 00       		.ascii	"\000"
 353 00cc 00000000 		.ascii	"\000\000\000\000\000\000\000\000"
 353      00000000 
 354 00d4 13010000 		.ascii	"\023\001\000\000"
 355              		.text
 356              		.section	.gnu.lto_.opts,"",%progbits
 357 0000 272D666D 		.ascii	"'-fmath-errno' '-fsigned-zeros' '-ftrapping-math' '"
 357      6174682D 
 357      6572726E 
 357      6F272027 
 357      2D667369 
 358 0033 2D666E6F 		.ascii	"-fno-trapv' '-fno-openmp' '-fno-openacc' '-mcpu=cor"
 358      2D747261 
 358      70762720 
 358      272D666E 
 358      6F2D6F70 
ARM GAS  C:\Users\CYIRKO~1\AppData\Local\Temp\cclEE1MU.s 			page 25


 359 0066 7465782D 		.ascii	"tex-m7' '-mno-thumb-interwork' '-mthumb' '-ggdb' '-"
 359      6D372720 
 359      272D6D6E 
 359      6F2D7468 
 359      756D622D 
 360 0099 4F322720 		.ascii	"O2' '-fomit-frame-pointer' '-falign-functions=16' '"
 360      272D666F 
 360      6D69742D 
 360      6672616D 
 360      652D706F 
 361 00cc 2D666675 		.ascii	"-ffunction-sections' '-fdata-sections' '-fno-common"
 361      6E637469 
 361      6F6E2D73 
 361      65637469 
 361      6F6E7327 
 362 00ff 2720272D 		.ascii	"' '-flto'\000"
 362      666C746F 
 362      2700
 363              		.text
 364              		.comm	__gnu_lto_v1,1,1
 365              		.comm	__gnu_lto_slim,1,1
 366              		.ident	"GCC: (GNU Tools for ARM Embedded Processors 6-2017-q1-update) 6.3.1 20170215 (release) [AR
ARM GAS  C:\Users\CYIRKO~1\AppData\Local\Temp\cclEE1MU.s 			page 26


DEFINED SYMBOLS
                            *ABS*:00000000 enc.c
                            *COM*:00000001 __gnu_lto_v1
                            *COM*:00000001 __gnu_lto_slim

NO UNDEFINED SYMBOLS
