ARM GAS  C:\Users\CYIRKO~1\AppData\Local\Temp\cckfOMQS.s 			page 1


   1              		.cpu cortex-m7
   2              		.eabi_attribute 20, 1
   3              		.eabi_attribute 21, 1
   4              		.eabi_attribute 23, 3
   5              		.eabi_attribute 24, 1
   6              		.eabi_attribute 25, 1
   7              		.eabi_attribute 26, 1
   8              		.eabi_attribute 30, 2
   9              		.eabi_attribute 34, 1
  10              		.eabi_attribute 18, 4
  11              		.file	"hal.c"
  12              		.text
  13              	.Ltext0:
  14              		.section	.gnu.lto_.profile.5638c2be,"",%progbits
  15 0000 789C6365 		.ascii	"x\234ce`b`a```dH\347\001\000\001Z\000\200"
  15      60626061 
  15      60606064 
  15      48E70100 
  15      015A0080 
  16              		.text
  17              		.section	.gnu.lto_.icf.5638c2be,"",%progbits
  18 0000 789C6365 		.ascii	"x\234ce`b\340`@\000F\206\326\215\317\237\2630\000\000"
  18      6062E060 
  18      40004686 
  18      D68DCF9F 
  18      B3300000 
  19 0014 0E500319 		.ascii	"\016P\003\031"
  20              		.text
  21              		.section	.gnu.lto_.jmpfuncs.5638c2be,"",%progbits
  22 0000 789C6365 		.ascii	"x\234ce`b\320a@\000F$6\023\343tf\306\346_\373?\363\325"
  22      6062D061 
  22      40004624 
  22      3613E374 
  22      66C6E65F 
  23 0018 FF6D9098 		.ascii	"\377m\220\230\317\314\260\230\031\244b9c=\003#\013\220"
  23      CFCCB098 
  23      19A46239 
  23      633D0323 
  23      0B90
  24 002a 0500BA1C 		.ascii	"\005\000\272\034\010\231"
  24      0899
  25              		.text
  26              		.section	.gnu.lto_.inline.5638c2be,"",%progbits
  27 0000 789C6365 		.ascii	"x\234ce`b\360`@\000F\006\006\276\347@\222\011\310f["
  27      6062F060 
  27      40004606 
  27      06BEE740 
  27      9209C866 
  28 0015 20CF0416 		.ascii	" \317\004\026\343\"\216`\342\006\351\0073\031\000\226"
  28      E3228E60 
  28      E206E907 
  28      33190096 
  29 0025 A50281   		.ascii	"\245\002\201"
  30              		.text
  31              		.section	.gnu.lto_.pureconst.5638c2be,"",%progbits
  32 0000 789C6365 		.ascii	"x\234ce`b`f```d\220\000\000\000\204\000$"
  32      60626066 
ARM GAS  C:\Users\CYIRKO~1\AppData\Local\Temp\cckfOMQS.s 			page 2


  32      60606064 
  32      90000000 
  32      840024
  33              		.text
  34              		.section	.gnu.lto_halInit.5638c2be,"",%progbits
  35 0000 789C75D2 		.ascii	"x\234u\322?H\002Q\030\000\360\357\273\347\2373T\032"
  35      3F480251 
  35      1800F0EF 
  35      BBE79F33 
  35      541A
  36 0012 1A0A1B5A 		.ascii	"\032\012\033Z%JZ\012Z\243\245\265\325\245lP\012\204"
  36      254A5A0A 
  36      5AA3A5B5 
  36      D5A56C50 
  36      0A84
  37 0024 ACF9CE2C 		.ascii	"\254\371\316,\004\203j13\210\273\212\320\2624-\003\247"
  37      04836A31 
  37      3388BB8A 
  37      D0B2342D 
  37      03A7
  38 0036 0EB79682 		.ascii	"\016\267\226\202\032\233\212\010\312\202 Z\012\265\357"
  38      1A9B8A08 
  38      CA82205A 
  38      0AB5EF
  39 0045 69C40D77 		.ascii	"i\304\015w\017\036\357\335\373~|\337w\367\316\012\002"
  39      0F1EEFDD 
  39      FB7E7CDF 
  39      77F7CE0A 
  39      02
  40 0056 04058001 		.ascii	"\004\005\200\001\000\360\320D\006(l\\\003DE\001\221"
  40      00F0D044 
  40      06286C5C 
  40      03444501 
  40      91
  41 0067 6F641141 		.ascii	"od\021A\022P\302u\226bX\215?W\004oF\246\241\245>z\344"
  41      1250C275 
  41      9662588D 
  41      3F57046F 
  41      46A6A1A5 
  42 007e AC860A03 		.ascii	"\254\206\012\003H\323\344\0033\350\005b\217\305F\322"
  42      48D3E403 
  42      33E80562 
  42      8FC546D2 
  43 008e 65B3B4CF 		.ascii	"e\263\264\3171\2136\244\265p\213\232\334h\306e\355i"
  43      318B36A4 
  43      B5708B9A 
  43      DC68C665 
  43      ED69
  44 00a0 0FEF269C 		.ascii	"\017\357&\234\000\011\012\363\032\253L\340+\253aL\375"
  44      00090AF3 
  44      1AAB4CE0 
  44      2BAB614C 
  44      FD
  45 00b1 F170CF93 		.ascii	"\361p\317\223T*o\367v\251.\213\012\3034\243\014x\210"
  45      542A6FF7 
  45      76A92E8B 
  45      0AC334A3 
ARM GAS  C:\Users\CYIRKO~1\AppData\Local\Temp\cckfOMQS.s 			page 3


  45      0C7888
  46 00c4 1228646B 		.ascii	"\022(dk\270\254\0368\015\034KS\024\360\210\034\0056"
  46      B8AC1E38 
  46      0D1C4B53 
  46      14F0881C 
  46      0536
  47 00d6 57AA37F6 		.ascii	"W\2527\3665\2460\013\362\307\330\367\345\247\233\\7"
  47      35A6300B 
  47      F2C7D8F7 
  47      E5A79B5C 
  47      37
  48 00e7 1DECF3C6 		.ascii	"\035\354\363\306\350\354j;7\253\340N\264SaV<\246\267"
  48      E8EC6A3B 
  48      37ABE04E 
  48      B4536156 
  48      3CA6B7
  49 00fa CC616F2B 		.ascii	"\314ao+\320|-\345\035\204\267d\271\217'8A\005[\0051"
  49      D07C2DE5 
  49      1D84B764 
  49      B98F2738 
  49      41055B05 
  50 010f 8F92C26C 		.ascii	"\217\222\302l\300{-\032\365@\275Rr,\374\367\032S_L\234"
  50      C07B2D1A 
  50      F540BD52 
  50      722CFCF7 
  50      1A535F4C 
  51 0124 85DCA9CE 		.ascii	"\205\334\251\316}\2318+\271\242\316\355\272\214\235"
  51      7D99382B 
  51      B9A2CEED 
  51      BA8C9D
  52 0133 8D5C49E7 		.ascii	"\215\\I\347\352&\316N\356L\347\312nc'\222;\327\271\207"
  52      EA26CE4E 
  52      EE4CE7CA 
  52      6E632792 
  52      3BD7B987 
  53 0147 2E63E720 		.ascii	".c\347 W\326\3275q\035\344.\376\334;.\251\231d\373\233"
  53      57D6D735 
  53      711DE42E 
  53      FEDC3B2E 
  53      A99964FB 
  54 015c F291A01B 		.ascii	"\362\221\240\033\246\177\200\256\257\177|\324?\026\014"
  54      A67F80AE 
  54      AF7F7CD4 
  54      3F160C
  55 016b 4D872617 		.ascii	"M\207&\027\026gBa\177\200\357\303\221\241\221a_8\342"
  55      16674261 
  55      7F80EFC3 
  55      91A19161 
  55      5F38E2
  56 017e 0B4ECDF9 		.ascii	"\013N\315\371\"\363\001\276\016\006\340\027\317\300"
  56      22F301BE 
  56      0E06E017 
  56      CFC0
  57 018c D6F6     		.ascii	"\326\366"
  58              		.text
  59              		.section	.gnu.lto_.symbol_nodes.5638c2be,"",%progbits
  60 0000 789C55CC 		.ascii	"x\234U\314\273\015\0021\020\204\341\361\370|/rR(\005"
ARM GAS  C:\Users\CYIRKO~1\AppData\Local\Temp\cckfOMQS.s 			page 4


  60      BB0D0231 
  60      1084E1F1 
  60      F87C2F72 
  60      522805
  61 0013 2A5B0727 		.ascii	"*[\007'b\012\340\215\201\036\210\035S\003H\027R\003"
  61      620AE08D 
  61      811E881D 
  61      53034817 
  61      5203
  62 0025 C26CC446 		.ascii	"\302l\304F\277\364\2154\001\304\324\001\340\206\002"
  62      BFF48D34 
  62      01C4D401 
  62      E08602
  63 0034 AC1F40C9 		.ascii	"\254\037@\311=.\201\260'\346eq7\212\323\005\210qQ\340"
  63      3D2E81B0 
  63      27E66571 
  63      378AD305 
  63      887151E0 
  64 0048 4AA1810B 		.ascii	"J\241\201\013\305\033H\224\312\300\231\022\014\234("
  64      C51B4894 
  64      CAC09912 
  64      0C9C28
  65 0057 B58123A5 		.ascii	"\265\201#\2451p\240\264\006v\224\316\300\226\322\377"
  65      3170A0B4 
  65      067694CE 
  65      C096D2FF 
  66 0067 83C704E9 		.ascii	"\203\307\004\351\371q\036=\262\266\303\250m1\274~m\220"
  66      F9711E3D 
  66      B2B6C3A8 
  66      6D31BC7E 
  66      6D90
  67 0079 B435B236 		.ascii	"\2645\2626`\324V\030V\357\231/\017IK\344R|\001]$Da"
  67      60D45618 
  67      56EF992F 
  67      0F494BE4 
  67      527C015D 
  68              		.text
  69              		.section	.gnu.lto_.refs.5638c2be,"",%progbits
  70 0000 789C6365 		.ascii	"x\234ce`b`c```d`bdb\000\000\000\275\000\024"
  70      60626063 
  70      60606064 
  70      60626462 
  70      000000BD 
  71              		.text
  72              		.section	.gnu.lto_.decls.5638c2be,"",%progbits
  73 0000 789CAD57 		.ascii	"x\234\255WkPTG\026\276}{\030\206a\000\027R\273\376\260"
  73      6B505447 
  73      16BE7D7B 
  73      18866100 
  73      1752BBFE 
  74 0015 76298B94 		.ascii	"v)\213\224T%\201\200Y\261\362c7.\212\232\030\2456\217"
  74      54258180 
  74      59B1F263 
  74      372E8A9A 
  74      18A5368F 
  75 0029 1FBB5335 		.ascii	"\037\273S550\243L\0250\2633\303\256\251\375s\011 \240"
  75      3530A34C 
ARM GAS  C:\Users\CYIRKO~1\AppData\Local\Temp\cckfOMQS.s 			page 5


  75      1530B333 
  75      C3AEA9FD 
  75      730920A0 
  76 003d 01448D59 		.ascii	"\001D\215Y,q5\260\013\250\021\202o|0\212\"\022^\352"
  76      2C7135B0 
  76      0BA81182 
  76      6F7C308A 
  76      22125EEA 
  77 0051 CA23F20A 		.ascii	"\312#\362\012 FE\004Dy\010\314\236\356\276\227;\014"
  77      20464504 
  77      447908CC 
  77      9EEEBE97 
  77      3B0C
  78 0063 A42CB27B 		.ascii	"\244,\262{\213s\373\236>\337\371\316\351\356\323=\215"
  78      8B73FB9E 
  78      3EDFF9CE 
  78      E9EED33D 
  78      8D
  79 0074 07C7738F 		.ascii	"\007\307s\217|8\356\217\012\216\273\306q\234\023\036"
  79      7C38EE8F 
  79      0A8EBBC6 
  79      719C131E 
  80 0084 1EDA6F40 		.ascii	"\036\332o@\020\3100\307\036o\220q\220I\220)\220\031"
  80      10C830C7 
  80      1E6F9071 
  80      90499029 
  80      9019
  81 0096 8E017810 		.ascii	"\216\001x\020\005\210\022D\005\242\001\361E\314w\011"
  81      05881244 
  81      05A201F1 
  81      45CC7709 
  82 00a6 E2E63CC3 		.ascii	"\342\346<\303\240{B\373)\310/\340{\014Z\177\304b\014"
  82      A07B42FB 
  82      29C82FE0 
  82      7B0C5A7F 
  82      C4620C
  83 00b9 9118686E 		.ascii	"\221\030hn,_\221O%\362+\304x\204|F\314c\222[8\326W\030"
  83      2C5F914F 
  83      25F22BC4 
  83      78847C46 
  83      CC63925B 
  84 00d1 DD4A2D3B 		.ascii	"\335J-;\210\2631\362W#\005\250\303\365\007z}A}M\215"
  84      88B331F2 
  84      572305A8 
  84      C3F5077A 
  84      7D417D4D 
  85 00e6 0241CD2A 		.ascii	"\002A\315*\231\371\0153\376\203\007\365\334\245'\341"
  85      99F90D33 
  85      FE8307F5 
  85      DCA527E1 
  86 00f6 4C5D065A 		.ascii	"L]\006ZE\307\260\303\233a\273\021\361\025\262\3225\314"
  86      45C7B0C3 
  86      9B61BB11 
  86      F115B2D2 
  86      35CC
  87 0108 3C4EF49B 		.ascii	"<N\364\233\315\371\203j\014\271\300\367`\352\375nof"
  87      CDF9836A 
ARM GAS  C:\Users\CYIRKO~1\AppData\Local\Temp\cckfOMQS.s 			page 6


  87      0CB9C0F7 
  87      60EAFD6E 
  87      6F66
  88 011a 5B0AEAED 		.ascii	"[\012\352\355\241\272|Q]\002j{\346\216CJ\354E\221\035"
  88      A1BA7C51 
  88      5D026A7B 
  88      E68E434A 
  88      EC45911D 
  89 012e 3525C748 		.ascii	"5%\307HB+\324\210L\263\037t\225\016\234\237\360a]\004"
  89      422BD488 
  89      4CB31F74 
  89      950E9C9F 
  89      F0615D04 
  90 0142 D135511C 		.ascii	"\3215Q\034\025r\\`\217\352\327\362Xn\347\214\024z\342"
  90      15725C60 
  90      8FEAD7F2 
  90      586EE78C 
  90      147AE2
  91 0155 5F11109F 		.ascii	"_\021\020\237W\333rU\201\202\325\377& G\313\350\212"
  91      57DB7255 
  91      8182D5FF 
  91      262047CB 
  91      E88A
  92 0167 DC7441E0 		.ascii	"\334tA\340\321\031\244F\247\020F'Q\010\231\223\025j"
  92      D119A446 
  92      A7104627 
  92      51089993 
  92      156A
  93 0179 786708C2 		.ascii	"xg\010\302\347\302\356\024\301k\003\207\212\3212T\204"
  93      E7C2EE14 
  93      C16B0387 
  93      8AD13254 
  93      84
  94 018a 9671E834 		.ascii	"\226q\3504\012&\361\010\016\225C\347\267\320\011!J\012"
  94      0A26F108 
  94      0E9543E7 
  94      B7D00921 
  94      4A0A
  95 019c 73BF56E2 		.ascii	"s\277V\342LDcT_\276\327\252@\352\340\005\011\316/@ "
  95      4C446354 
  95      5FBED7AA 
  95      40EAE005 
  95      09CE2F40 
  96 01b1 26737479 		.ascii	"&styu\032I\346\034$sVN\006rc\343\350\251hO\346\361 "
  96      751A49E6 
  96      1C247356 
  96      4E067263 
  96      E3E8A968 
  97 01c9 0D820E5C 		.ascii	"\015\202\016\\\030\255\365`S\245\002\365\351\336\353"
  97      18ADF560 
  97      53A502F5 
  97      E9DEEB
  98 01d8 F53C1E61 		.ascii	"\365<\036a\266\376\326\224<%\036g\312\356\3516A\211"
  98      B6FED694 
  98      3C251E67 
  98      CAEEE936 
  98      4189
ARM GAS  C:\Users\CYIRKO~1\AppData\Local\Temp\cckfOMQS.s 			page 7


  99 01ea 0536DF59 		.ascii	"\0056\337YO\307\217(p:S\332R\306\232}p\026U\274v\224"
  99      4FC78F28 
  99      703A53DA 
  99      52C69A7D 
  99      701655BC 
 100 0200 9E3BA541 		.ascii	"\236;\245AA\344\011\010\012\012\376\232\344\356h\251"
 100      41E40908 
 100      0A0AFE9A 
 100      E4EE68A9 
 101 0210 7DB366A4 		.ascii	"}\263f\244O\020\366hhR\016H\252\032\005\310\2039\001"
 101      4F10F668 
 101      68520E48 
 101      AA1A05C8 
 101      833901
 102 0223 2F0E85C1 		.ascii	"/\016\205\301\213c\016\223\277\313\023\034\251\230\242"
 102      8B630E93 
 102      BFCB131C 
 102      A998A2
 103 0232 2BDDD1A1 		.ascii	"+\335\321\241n\340G\277\227\301\027\335\301\027(u1r"
 103      6EE047BF 
 103      97C117DD 
 103      C1172875 
 103      3172
 104 0244 E1768157 		.ascii	"\341v\201W\270\303K\3353\371\336\005}iar\212\316%s\277"
 104      B8C34BDD 
 104      33F9DE05 
 104      7D696172 
 104      8ACE2573 
 105 0259 5B10DE53 		.ascii	"[\020\336Sp\350\030\330\217R\023A\303\364\243\233\260"
 105      70E818D8 
 105      8F521341 
 105      C3F4A39B 
 105      B0
 106 026a 5A575110 		.ascii	"ZWQ\020\272\001r\035\244\012\344\032H\015\310\025\024"
 106      BA01721D 
 106      A40AE41A 
 106      480DC815 
 106      14
 107 027b 442B8CC5 		.ascii	"D+\214\305\253u\211wy\301\221\273\216\245v\203\214."
 107      AB758977 
 107      79C191BB 
 107      8EA57683 
 107      8C2E
 108 028d 5B782C0C 		.ascii	"[x,\014\316Jc\360\262\177\262  \002\343\304\262\020"
 108      CE4A63F0 
 108      B27FB220 
 108      2002E3C4 
 108      B210
 109 029f 6BBB7226 		.ascii	"k\273r&\265I\211\333\350\032\362\205;\353\316\250P@"
 109      B54989DB 
 109      E81AF285 
 109      3BEBCEA8 
 109      5040
 110 02b1 F0426342 		.ascii	"\360BcBu0\224\305\014\213E\356\257Q\302fB\337\201c\255"
 110      753094C5 
 110      0C8B45EE 
 110      AF51C266 
ARM GAS  C:\Users\CYIRKO~1\AppData\Local\Temp\cckfOMQS.s 			page 8


 110      42DF8163 
 111 02c6 5C92240F 		.ascii	"\\\222$\017\032^\332\353\376\342^O\257\177^\304\343"
 111      1A5EDAEB 
 111      FEE25E4F 
 111      AF7F5EC4 
 111      E3
 112 02d7 01565F65 		.ascii	"\001V_e\027S\237\3702\243\203\030w\245\345dz\342g\314"
 112      17539FF8 
 112      32A38318 
 112      77A5E564 
 112      7AE267CC 
 113 02eb F8ACB8FC 		.ascii	"\370\254\270\374\220\212\031\213\211\361\341t\365c\017"
 113      908A198B 
 113      89F1E174 
 113      F5630F
 114 02fa 3CC98CC7 		.ascii	"<\311\214\307\353o\264\213\247O\0061\336\031kJW\343"
 114      EB6FB48B 
 114      A74F0631 
 114      DE196B4A 
 114      57E3
 115 030c 644C8DCE 		.ascii	"dL\215\316\207m\005^\3148D\364\235\247\367\026\370\341"
 115      876D055E 
 115      CC3844F4 
 115      9DA7F716 
 115      F8E1
 116 031e 0C66BCD3 		.ascii	"\014f\274\323\177$U<l\232\210\236\235s\362[5\316a\306"
 116      7F24553C 
 116      6C9A889E 
 116      9D73F25B 
 116      35CE61C6 
 117 0332 E2FE83D9 		.ascii	"\342\376\203\331\242q5\250\247\353\317uz\340\375\314"
 117      A27135A8 
 117      A7EBCF75 
 117      7AE0FDCC 
 118 0342 D63ED29C 		.ascii	"\326>\322\234\356\215\363\231R:\265\257H\211\013\231"
 118      EE8DF399 
 118      523AB5AF 
 118      48890B99 
 119 0352 D274305F 		.ascii	"\322t0_\332i\247\310i\227U\352T\261\343\355p\000\211"
 119      DA69A7C8 
 119      699755EA 
 119      54B1E3ED 
 119      700089
 120 0365 90D751A6 		.ascii	"\220\327Q\246\306\307(\326g\272k\264\322\033\005\004"
 120      C6C728D6 
 120      67BA6BB4 
 120      D21B0504 
 121 0375 CD3EC141 		.ascii	"\315>\301A\256\213\321\011\213\321AW\267[\\\211\307"
 121      AE8BD109 
 121      8BD14157 
 121      B75B5C89 
 121      C7
 122 0386 B0123D30 		.ascii	"\260\022=0\353\375 ?\202\334\007\351\003y\010\362\010"
 122      EBFD203F 
 122      82DC07E9 
 122      037908F2 
 122      08
ARM GAS  C:\Users\CYIRKO~1\AppData\Local\Temp\cckfOMQS.s 			page 9


 123 0397 6400E401 		.ascii	"d\000\344\001\310\017 \275r\301\221\225i\360\337+\010"
 123      C80F20BD 
 123      72C19195 
 123      69F0DF2B 
 123      08
 124 03a8 356FD3B5 		.ascii	"5o\323\265\371\006\326\206P\316\256\366\361\271\333"
 124      F906D686 
 124      50CEAEF6 
 124      F1B9DB
 125 03b7 07F057DF 		.ascii	"\007\360W\337O\246%G\340\355\356\3609[\223\200\267\310"
 125      4FA62547 
 125      E0EDEEF0 
 125      395B9380 
 125      B7C8
 126 03c9 E02E7770 		.ascii	"\340.wp\011rGo\222\321\315\356\350\273\356\350\236\017"
 126      0972476F 
 126      92D1CDEE 
 126      E8BBEEE8 
 126      9E0F
 127 03db 6474AB3B 		.ascii	"dt\253;\272e^\336=.y\337s\207\237\230?\314\3152\274"
 127      BA655EDE 
 127      3D2E79DF 
 127      73879F98 
 127      3FCCCD32 
 128 03f0 C11D5E3F 		.ascii	"\301\035^?/s\227\\\276wG\267\315\313\334e\234\377qG"
 128      2F73975C 
 128      BE7747B7 
 128      CDCBDC65 
 128      9CFF7147 
 129 0404 DF999FCA 		.ascii	"\337\231\237\312\2072\374\266;\374\226L.\356\361\233"
 129      8732FCB6 
 129      3BFC964C 
 129      2EEEF19B 
 130 0414 6C8F77CF 		.ascii	"l\217w\317\335\343\342b\327\273,v\223;W\243Kh\250\310"
 130      DDE3E262 
 130      D7BB2C76 
 130      933B57A3 
 130      4B68A8C8 
 131 0428 2B130369 		.ascii	"+\023\003i~\270\234V$?\335\336\367[\267#A\252B\364\024"
 131      7EB89C56 
 131      243FDDDE 
 131      F75BB723 
 131      41AA42F4 
 132 043d 8AEF7F29 		.ascii	"\212\357\177)D\226xs#=\"\006\201\350\211|DtKGD~\267"
 132      44967873 
 132      233D2206 
 132      81E8897C 
 132      44744B47 
 133 0454 A3D72340 		.ascii	"\243\327#@\214\237\361S\361\271E\007'?m\317/|\2115;"
 133      8C9FF153 
 133      F1B94507 
 133      273F6DCF 
 133      2F7C8935 
 134 0469 677F66D1 		.ascii	"g\177f\321\220\3131\312\241a\244\241\027-h\001|&\353"
 134      90CB31CA 
 134      A161A4A1 
 134      172D6801 
ARM GAS  C:\Users\CYIRKO~1\AppData\Local\Temp\cckfOMQS.s 			page 10


 134      7C26EB
 135 047c DA25BE13 		.ascii	"\332%\276\023J\037nhh\011\245@\210\275\021\025\252:"
 135      4A1F6E68 
 135      6809A540 
 135      88BD1115 
 135      AA3A
 136 048e A50721DA 		.ascii	"\245\007!\332\017\275<'^\311\244.$y\210:/\252\274HI"
 136      0FBD3C27 
 136      5EC9A42E 
 136      2479883A 
 136      2FAABC48 
 137 04a3 FF4467E4 		.ascii	"\377Dg\344\302\310\314,\222\364\260\033\030\373\240"
 137      C2C8CC2C 
 137      92F4B01B 
 137      18FBA0
 138 04b2 6E9237E2 		.ascii	"n\2227\342\345\000\010\271:\270\020\262\264E\373l~\234"
 138      E50008B9 
 138      3AB810B2 
 138      B445FB6C 
 138      7E9C
 139 04c4 3C38244D 		.ascii	"<8$M\325p^]\277\272\013\246\035z\016\277\207h\337\320"
 139      D5705E5D 
 139      BFBA0BA6 
 139      1D7A0EBF 
 139      8768DFD0 
 140 04d8 49A1478D 		.ascii	"I\241G\215/\262S\356\272s\314\341\307N9\336\345&\366"
 140      2FB253EE 
 140      BA73CCE1 
 140      C74E39DE 
 140      E526F6
 141 04eb 1ABB898D 		.ascii	"\032\273\211\215'\337\275\242^\272\237^\255R\204%<\372"
 141      27DFBDA2 
 141      5EBA9F5E 
 141      AD528425 
 141      3CFA
 142 04fd F497E805 		.ascii	"\364\227\350\005L\364s:\321ch)\274c\024b\3715e]P/?,"
 142      4CF4733A 
 142      D1636829 
 142      BC631462 
 142      F935655D 
 143 0515 1CEE161C 		.ascii	"\034\356\026\034\017\306\003\037\224\013\002\\k\004"
 143      0FC6031F 
 143      940B025C 
 143      6B04
 144 0523 0581A151 		.ascii	"\005\201\241Q\271B\340\023\336\317\340|A#P\023\034\334"
 144      B942E013 
 144      DECFE07C 
 144      41235013 
 144      1CDC
 145 0535 0E97939F 		.ascii	"\016\227\223\237\220\362\301.\017<\304\262\312-o\352"
 145      90F2C12E 
 145      0F3CC4B2 
 145      CA2D6FEA 
 146 0545 C1C0D50D 		.ascii	"\301\300\325\015u\346\234Y}\240\254O\310P\323\200hB"
 146      75E69C59 
 146      7DA0AC4F 
 146      C850D380 
ARM GAS  C:\Users\CYIRKO~1\AppData\Local\Temp\cckfOMQS.s 			page 11


 146      6842
 147 0557 669A204C 		.ascii	"f\232 L\344c\2222\324\365w\374\035\037UP\202\023_6>"
 147      E4639232 
 147      D4F577FC 
 147      1D1F5550 
 147      82135F36 
 148 056c F514097A 		.ascii	"\365\024\011z\263\361\343\011\231\340\245L\360R\"\230"
 148      B3F1E309 
 148      99E0A54C 
 148      F0522298 
 149 057c A2048DB5 		.ascii	"\242\004\215\265\005S>x\2021\354\277x\345;/\221\241"
 149      05533E78 
 149      8231ECBF 
 149      78E53B2F 
 149      91A1
 150 058e AA189794 		.ascii	"\252\030\227\224\354pD3\202i\231`Z\"\230\241\004\343"
 150      EC704433 
 150      82699960 
 150      5A2298A1 
 150      04E3
 151 05a0 E7F7DD50 		.ascii	"\347\367\335P\343\263\036\354\216\333t\254U#\022\274"
 151      E3B31EEC 
 151      8EDB74AC 
 151      552312BC 
 152 05b0 2CC59532 		.ascii	",\305\2252\201S&pJ\004\002O\010\006o\365\275\200\237"
 152      81532670 
 152      4A04024F 
 152      08066FF5 
 152      BD809F
 153 05c3 4A465031 		.ascii	"JFP1z\243\\\232\204{\225x\242`\226\000\256\203\022\001"
 153      7AA35C9A 
 153      847B9578 
 153      A2609600 
 153      AE831201 
 154 05d7 7C3282CF 		.ascii	"|2\202\317)A\301\217\373Fx\\\252\244\0045}#\016_)\203"
 154      2941C18F 
 154      FB46785C 
 154      AAA40435 
 154      7D230E5F 
 155 05ed 069CFDAF 		.ascii	"\006\234\375\257Y\202\024\231 E\"H\245\004?4\245Ty\342"
 155      59821499 
 155      20452248 
 155      A5043F34 
 155      A55479E2 
 156 0601 C78CA0A2 		.ascii	"\307\214\240\242\355\371%\225\224A'\356,\232%H\223\011"
 156      EDF92595 
 156      944127EE 
 156      2C9A2548 
 156      9309
 157 0613 D224821D 		.ascii	"\322$\202\035\224 \373+\307=%.\362d\227\320k\355\367"
 157      9420FB2B 
 157      C73D252E 
 157      F26497D0 
 157      6BEDF7
 158 0626 FDA40C9E 		.ascii	"\375\244\014\236\340I\231 ]&H\227\0102(\301\321\343"
 158      E0499920 
 158      5D264897 
ARM GAS  C:\Users\CYIRKO~1\AppData\Local\Temp\cckfOMQS.s 			page 12


 158      083228C1 
 158      D1E3
 159 0638 79F7BD70 		.ascii	"y\367\275p/#\310\273;6\240T\360l7\223R\203\276\252\333"
 159      2F23C8BB 
 159      3B36A054 
 159      F06C3793 
 159      5283BEAA 
 160 064d AD398A9F 		.ascii	"\2559\212\237,\312]<)\312\235\274X\225\205\215\323g"
 160      2CCA5D3C 
 160      29CA9DBC 
 160      5895858D 
 160      D367
 161 065f A521DCA9 		.ascii	"\245!\334\251}\363\0136\211\000B\231r\006\231R\006_"
 161      7DF30B36 
 161      89004299 
 161      72069952 
 161      065F
 162 0671 D00CF20E 		.ascii	"\320\014\362\016\345\224a<\3142\330s`\252\201\027\011"
 162      E594613C 
 162      CC32D873 
 162      60AA8117 
 162      09
 163 0682 9E39F18C 		.ascii	"\2369\361\214S\256\244,\231!Kb\310\246\0145U'^xc\207"
 163      53AEA42C 
 163      99214B62 
 163      C8A60C35 
 163      55275E78 
 164 0698 8A327456 		.ascii	"\2122tV\327\344)^/\020\206\310e\277v\365\256\224\006"
 164      D7E4295E 
 164      2F1086C8 
 164      65BF76F5 
 164      AE9406
 165 06ab 4138C2D3 		.ascii	"A8\302\323C+\2071\270\\\020r\010\021\332\315\277N\376"
 165      432B8731 
 165      B85C1072 
 165      0811DACD 
 165      BF4EFE
 166 06be B3196FE9 		.ascii	"\263\031o\351\324\270\236s$\250|\316\345\362\032)<|"
 166      D4B89E73 
 166      24A87CCE 
 166      E5F21A29 
 166      3C7C
 167 06d0 D273F19F 		.ascii	"\322s\361\237\315\012W<\031\246\214\337\303\263s\221"
 167      CD0A573C 
 167      19A68CDF 
 167      C3B37391 
 168 06e0 B4CAE8F7 		.ascii	"\264\312\350\367\327\352\355z\205~\2535^\265~\363'\201"
 168      D7EAED7A 
 168      857EAB35 
 168      5EB57EF3 
 168      2781
 169 06f2 9161619C 		.ascii	"\221aa\234Z\247K2%\332W\206\353\354[\215\357jc\343L"
 169      5AA74B32 
 169      25DA5786 
 169      EBEC5B8D 
 169      EF6A63E3 
 170 0707 31269B3D 		.ascii	"1&\233=\311`2k\355fs\274M\273-1)\220~\005\352\255\011"
ARM GAS  C:\Users\CYIRKO~1\AppData\Local\Temp\cckfOMQS.s 			page 13


 170      C960326B 
 170      ED6673BC 
 170      4DBB2D31 
 170      29907E05 
 171 071e 81C68418 		.ascii	"\201\306\204\030\243\301`4hW\205\254\014\014\177;,\342"
 171      A3C16034 
 171      685785AC 
 171      0C0C7F3B 
 171      2CE2
 172 0730 2F615AE8 		.ascii	"/aZ\350\177+\321\234h|\313\250\2171iM\211\261\361I\006"
 172      7F2BD19C 
 172      687CCBA8 
 172      8F31694D 
 172      89B1F149 
 173 0745 A336410F 		.ascii	"\2436A\017\\\211F\255\316`\334\252O\212\267\353\354"
 173      5C8946AD 
 173      CE60DCAA 
 173      4F8AB7EB 
 173      EC
 174 0756 9F598CB6 		.ascii	"\237Y\214\266\2208N%\305\373\363\3775\236\3553\233V"
 174      90384E25 
 174      C5FBF3FF 
 174      359EED33 
 174      9B56
 175 0768 67B31B80 		.ascii	"g\263\033\200\034\202`\263\301\352aI\262\030\254\236"
 175      1C8260B3 
 175      C1EA6149 
 175      B218AC9E 
 176 0778 669BC568 		.ascii	"f\233\305h4X\225f\222\200\325#\301l0Z\311\034\304E\255"
 176      34589566 
 176      9280D523 
 176      C16C305A 
 176      C91CC445 
 177 078d 7B571B49 		.ascii	"{W\033I\342\177\304\342\323\\\314\266\260\210U\241f"
 177      E27FC4E2 
 177      D35CCCB6 
 177      B08855A1 
 177      66
 178 079e 5B689C3E 		.ascii	"[h\234>>\324b\266\332m\241\037}\374\341\312\360\320"
 178      3ED462B6 
 178      DA6DA11F 
 178      7DFCE1CA 
 178      F0D0
 179 07b0 4D9BD686 		.ascii	"M\233\326\206\256\217\336\270\345\257\341\304\244\263"
 179      AE8FDEB8 
 179      E5AFE1C4 
 179      A4B3
 180 07be 80C4C71B 		.ascii	"\200\304\307\033 \224\277\315\236\000\303\331f1\231"
 180      2094BFCD 
 180      9E00C3D9 
 180      663199
 181 07cd 7536A3   		.ascii	"u6\243"
 182 07d0 3DC9A2B3 		.ascii	"=\311\242\263+\2437\222\231VFo`\315z\326D\261f\035k"
 182      2BA33792 
 182      9956466F 
 182      60CD7AD6 
 182      44B1661D 
ARM GAS  C:\Users\CYIRKO~1\AppData\Local\Temp\cckfOMQS.s 			page 14


 183 07e5 D6B22692 		.ascii	"\326\262&\2225\177`\315\032\326|@\032\257\3505\233\""
 183      357F60CD 
 183      1AD67C40 
 183      1AAFE835 
 183      9B22
 184 07f7 CD895B4D 		.ascii	"\315\211[M\333<!\342\306D\223\375\215Wfl\263\306\222"
 184      DB3C21E2 
 184      C64493FD 
 184      8D57666C 
 184      B3C692
 185 080a 36249653 		.ascii	"6$\226S\332\354\304%\374\225.\342\004\322Q\331\310\334"
 185      DAECC425 
 185      FC952EE2 
 185      04D251D9 
 185      C8DC
 186 081c 79C598F5 		.ascii	"y\305\230\365V\003q^\373Jg\012%S\244\333\374I\344\246"
 186      5603715E 
 186      FB4A670A 
 186      2553A4DB 
 186      FC49E4A6 
 187 0830 755BC2DE 		.ascii	"u[\302\336yG\027\025\261*\342O\033\231\011\350\2246"
 187      79471715 
 187      B12AE24F 
 187      1B9909E8 
 187      9436
 188 0842 CAB56A71 		.ascii	"\312\265jq\211\030\255&\030F\034\347i\371[\002q_\271"
 188      8918AD26 
 188      18461CE7 
 188      69F95B02 
 188      715FB9
 189 0855 28777022 		.ascii	"(wp\"\276\333,\366\305\373\202\023\3615n\377\031\276"
 189      BEDB2CF6 
 189      C5FB8213 
 189      F1356EFF 
 189      19BE
 190 0867 E0447C0D 		.ascii	"\340D|\015\372\330\305\373\202\023\361\325\033~\206"
 190      FAD8C5FB 
 190      8213F1D5 
 190      1B7E86
 191 0876 2F3881AF 		.ascii	"/8\201\257\217T\225:\0230h\342\\\2245\213\252u\372\216"
 191      8F54953A 
 191      133068E2 
 191      5C94358B 
 191      AA75FA8E 
 192 088a 8AD8BE3D 		.ascii	"\212\330\276=4N.s\302-\355\345XZ\226\377\005\207\322"
 192      344E2E73 
 192      C22DEDE5 
 192      585A96FF 
 192      0587D2
 193 089d 7EE4     		.ascii	"~\344"
 194              		.text
 195              		.section	.gnu.lto_.symtab.5638c2be,"",%progbits
 196 0000 68616C49 		.ascii	"halInit\000"
 196      6E697400 
 197 0008 00       		.ascii	"\000"
 198 0009 00       		.ascii	"\000"
 199 000a 00       		.ascii	"\000"
ARM GAS  C:\Users\CYIRKO~1\AppData\Local\Temp\cckfOMQS.s 			page 15


 200 000b 00000000 		.ascii	"\000\000\000\000\000\000\000\000"
 200      00000000 
 201 0013 F8000000 		.ascii	"\370\000\000\000"
 202 0017 70616C5F 		.ascii	"pal_default_config\000"
 202      64656661 
 202      756C745F 
 202      636F6E66 
 202      696700
 203 002a 00       		.ascii	"\000"
 204 002b 02       		.ascii	"\002"
 205 002c 00       		.ascii	"\000"
 206 002d 00000000 		.ascii	"\000\000\000\000\000\000\000\000"
 206      00000000 
 207 0035 10010000 		.ascii	"\020\001\000\000"
 208 0039 7374496E 		.ascii	"stInit\000"
 208      697400
 209 0040 00       		.ascii	"\000"
 210 0041 02       		.ascii	"\002"
 211 0042 00       		.ascii	"\000"
 212 0043 00000000 		.ascii	"\000\000\000\000\000\000\000\000"
 212      00000000 
 213 004b FA000000 		.ascii	"\372\000\000\000"
 214 004f 626F6172 		.ascii	"boardInit\000"
 214      64496E69 
 214      7400
 215 0059 00       		.ascii	"\000"
 216 005a 02       		.ascii	"\002"
 217 005b 00       		.ascii	"\000"
 218 005c 00000000 		.ascii	"\000\000\000\000\000\000\000\000"
 218      00000000 
 219 0064 FC000000 		.ascii	"\374\000\000\000"
 220 0068 7364496E 		.ascii	"sdInit\000"
 220      697400
 221 006f 00       		.ascii	"\000"
 222 0070 02       		.ascii	"\002"
 223 0071 00       		.ascii	"\000"
 224 0072 00000000 		.ascii	"\000\000\000\000\000\000\000\000"
 224      00000000 
 225 007a FE000000 		.ascii	"\376\000\000\000"
 226 007e 70776D49 		.ascii	"pwmInit\000"
 226      6E697400 
 227 0086 00       		.ascii	"\000"
 228 0087 02       		.ascii	"\002"
 229 0088 00       		.ascii	"\000"
 230 0089 00000000 		.ascii	"\000\000\000\000\000\000\000\000"
 230      00000000 
 231 0091 00010000 		.ascii	"\000\001\000\000"
 232 0095 67707449 		.ascii	"gptInit\000"
 232      6E697400 
 233 009d 00       		.ascii	"\000"
 234 009e 02       		.ascii	"\002"
 235 009f 00       		.ascii	"\000"
 236 00a0 00000000 		.ascii	"\000\000\000\000\000\000\000\000"
 236      00000000 
 237 00a8 02010000 		.ascii	"\002\001\000\000"
 238 00ac 65787449 		.ascii	"extInit\000"
 238      6E697400 
ARM GAS  C:\Users\CYIRKO~1\AppData\Local\Temp\cckfOMQS.s 			page 16


 239 00b4 00       		.ascii	"\000"
 240 00b5 02       		.ascii	"\002"
 241 00b6 00       		.ascii	"\000"
 242 00b7 00000000 		.ascii	"\000\000\000\000\000\000\000\000"
 242      00000000 
 243 00bf 04010000 		.ascii	"\004\001\000\000"
 244 00c3 64616349 		.ascii	"dacInit\000"
 244      6E697400 
 245 00cb 00       		.ascii	"\000"
 246 00cc 02       		.ascii	"\002"
 247 00cd 00       		.ascii	"\000"
 248 00ce 00000000 		.ascii	"\000\000\000\000\000\000\000\000"
 248      00000000 
 249 00d6 06010000 		.ascii	"\006\001\000\000"
 250 00da 61646349 		.ascii	"adcInit\000"
 250      6E697400 
 251 00e2 00       		.ascii	"\000"
 252 00e3 02       		.ascii	"\002"
 253 00e4 00       		.ascii	"\000"
 254 00e5 00000000 		.ascii	"\000\000\000\000\000\000\000\000"
 254      00000000 
 255 00ed 08010000 		.ascii	"\010\001\000\000"
 256 00f1 5F70616C 		.ascii	"_pal_lld_init\000"
 256      5F6C6C64 
 256      5F696E69 
 256      7400
 257 00ff 00       		.ascii	"\000"
 258 0100 02       		.ascii	"\002"
 259 0101 00       		.ascii	"\000"
 260 0102 00000000 		.ascii	"\000\000\000\000\000\000\000\000"
 260      00000000 
 261 010a 0C010000 		.ascii	"\014\001\000\000"
 262 010e 68616C5F 		.ascii	"hal_lld_init\000"
 262      6C6C645F 
 262      696E6974 
 262      00
 263 011b 00       		.ascii	"\000"
 264 011c 02       		.ascii	"\002"
 265 011d 00       		.ascii	"\000"
 266 011e 00000000 		.ascii	"\000\000\000\000\000\000\000\000"
 266      00000000 
 267 0126 0E010000 		.ascii	"\016\001\000\000"
 268              		.text
 269              		.section	.gnu.lto_.opts,"",%progbits
 270 0000 272D666D 		.ascii	"'-fmath-errno' '-fsigned-zeros' '-ftrapping-math' '"
 270      6174682D 
 270      6572726E 
 270      6F272027 
 270      2D667369 
 271 0033 2D666E6F 		.ascii	"-fno-trapv' '-fno-openmp' '-fno-openacc' '-mcpu=cor"
 271      2D747261 
 271      70762720 
 271      272D666E 
 271      6F2D6F70 
 272 0066 7465782D 		.ascii	"tex-m7' '-mno-thumb-interwork' '-mthumb' '-ggdb' '-"
 272      6D372720 
 272      272D6D6E 
ARM GAS  C:\Users\CYIRKO~1\AppData\Local\Temp\cckfOMQS.s 			page 17


 272      6F2D7468 
 272      756D622D 
 273 0099 4F322720 		.ascii	"O2' '-fomit-frame-pointer' '-falign-functions=16' '"
 273      272D666F 
 273      6D69742D 
 273      6672616D 
 273      652D706F 
 274 00cc 2D666675 		.ascii	"-ffunction-sections' '-fdata-sections' '-fno-common"
 274      6E637469 
 274      6F6E2D73 
 274      65637469 
 274      6F6E7327 
 275 00ff 2720272D 		.ascii	"' '-flto'\000"
 275      666C746F 
 275      2700
 276              		.text
 277              		.comm	__gnu_lto_v1,1,1
 278              		.comm	__gnu_lto_slim,1,1
 279              		.ident	"GCC: (GNU Tools for ARM Embedded Processors 6-2017-q1-update) 6.3.1 20170215 (release) [AR
ARM GAS  C:\Users\CYIRKO~1\AppData\Local\Temp\cckfOMQS.s 			page 18


DEFINED SYMBOLS
                            *ABS*:00000000 hal.c
                            *COM*:00000001 __gnu_lto_v1
                            *COM*:00000001 __gnu_lto_slim

NO UNDEFINED SYMBOLS
