ARM GAS  C:\Users\CYIRKO~1\AppData\Local\Temp\cc8oc8KT.s 			page 1


   1              		.cpu cortex-m7
   2              		.eabi_attribute 20, 1
   3              		.eabi_attribute 21, 1
   4              		.eabi_attribute 23, 3
   5              		.eabi_attribute 24, 1
   6              		.eabi_attribute 25, 1
   7              		.eabi_attribute 26, 1
   8              		.eabi_attribute 30, 2
   9              		.eabi_attribute 34, 1
  10              		.eabi_attribute 18, 4
  11              		.file	"hal_st.c"
  12              		.text
  13              	.Ltext0:
  14              		.section	.gnu.lto_.profile.5638d37e,"",%progbits
  15 0000 789C6365 		.ascii	"x\234ce`b`a```d\220\342\001\000\000\300\0003"
  15      60626061 
  15      60606064 
  15      90E20100 
  15      00C00033 
  16              		.text
  17              		.section	.gnu.lto_.icf.5638d37e,"",%progbits
  18 0000 789C6365 		.ascii	"x\234ce`bP`@\000V\206\205??\354\345a|\177c\371J\026"
  18      60625060 
  18      40005686 
  18      853F3FEC 
  18      E5617C7F 
  19 0018 A67D171E 		.ascii	"\246}\027\036\254ga~\177\256\367/;\313\211\217\213\026"
  19      AC67617E 
  19      7FAEF72F 
  19      3BCB898F 
  19      8B16
  20 002a F0320000 		.ascii	"\3602\000\000\0217\020\034"
  20      1137101C 
  21              		.text
  22              		.section	.gnu.lto_.jmpfuncs.5638d37e,"",%progbits
  23 0000 789C6365 		.ascii	"x\234ce`b\020c@\000V\020\301\010\004\365L\014\014\314"
  23      60621063 
  23      40005610 
  23      C10804F5 
  23      4C0C0CCC 
  24 0014 209A0528 		.ascii	" \232\005(\000\000\016\012\0011"
  24      00000E0A 
  24      0131
  25              		.text
  26              		.section	.gnu.lto_.inline.5638d37e,"",%progbits
  27 0000 789C6365 		.ascii	"x\234ce`b\310g@\000V\006\006\026\036F\240 \003\003\333"
  27      6062C867 
  27      40005606 
  27      06161E46 
  27      A0200303 
  28 0015 027910C5 		.ascii	"\002y\020\305\300\310\005\"\030\330X\031\031\031\004"
  28      C0C80522 
  28      18D85819 
  28      191904
  29 0024 18191898 		.ascii	"\030\031\030\230\330>\350\301%\231\030X\230\201\312"
  29      D83EE8C1 
  29      25991858 
ARM GAS  C:\Users\CYIRKO~1\AppData\Local\Temp\cc8oc8KT.s 			page 2


  29      9881CA
  30 0033 992EF0C3 		.ascii	"\231.\360\303\205\230ABP\245\310\342,\230J\031\000\312"
  30      85984142 
  30      50A5C8E2 
  30      2C984A19 
  30      00CA
  31 0045 39089E   		.ascii	"9\010\236"
  32              		.text
  33              		.section	.gnu.lto_.pureconst.5638d37e,"",%progbits
  34 0000 789C6365 		.ascii	"x\234ce`b\340f```e\220`\224b\222b\226b\221\002\000\004"
  34      6062E066 
  34      60606065 
  34      90609462 
  34      92629662 
  35 0018 1000A2   		.ascii	"\020\000\242"
  36              		.text
  37              		.section	.gnu.lto_stInit.5638d37e,"",%progbits
  38 0000 789C6365 		.ascii	"x\234ce`bX\314\300\300`\000\304\322@\314\310\314\300"
  38      606258CC 
  38      C0C06000 
  38      C4D240CC 
  38      C8CCC0
  39 0013 C834E11C 		.ascii	"\3104\341\034\003C#\007\023##\210\321\300\301\310P\317"
  39      03432307 
  39      13232388 
  39      D1C0C1C8 
  39      50CF
  40 0025 C458CFD8 		.ascii	"\304X\317\330\317<\235\231\361P\373\263\235L\232\313"
  40      CF3C9D99 
  40      F150FBB3 
  40      9D4C9ACB 
  41 0035 1B80E0C0 		.ascii	"\033\200\340\300\364\037\222\015+\0160\316gf`\230\011"
  41      F41F920D 
  41      2B0E30CE 
  41      67666098 
  41      09
  42 0046 C420C0B8 		.ascii	"\304 \300\270\234Q\223\001\250\354\321\306\177Sy\331"
  42      9C519301 
  42      A8ECD1C6 
  42      7F5379D9 
  43 0056 5820E28C 		.ascii	"X \342\214+\030\331\030\201\364\372K\214\007\032\376"
  43      2B18D918 
  43      81F4FA4B 
  43      8C071AFE 
  44 0066 FD6F6F38 		.ascii	"\375oo8pg\021\343\177V\240T\027\020\203\354\350ff\002"
  44      706711E3 
  44      7F56A054 
  44      171083EC 
  44      E8666602 
  45 007a D1CCAF19 		.ascii	"\321\314\257\031\233\027\374\226\006\251\007\031\262"
  45      9B17FC96 
  45      06A90719 
  45      B2
  46 0087 73E79BDB 		.ascii	"s\347\233\333\354\365\177\0338\34633\316d\006\232\300"
  46      ECF57F1B 
  46      38E63333 
  46      CE64069A 
ARM GAS  C:\Users\CYIRKO~1\AppData\Local\Temp\cc8oc8KT.s 			page 3


  46      C0
  47 0098 B892B19E 		.ascii	"\270\222\261\236a>P\355[\306\246\005\377\271\301\352"
  47      613E50ED 
  47      5BC6A605 
  47      FFB9C1EA 
  48 00a8 40A00B28 		.ascii	"@\240\013(\011\324\316\304\300\240\347j\025\343\234"
  48      09D4CEC4 
  48      C0A0E76A 
  48      15E39C
  49 00b7 91999419 		.ascii	"\221\231\224\031\\R\232\222\231\037\223\014b\347\027"
  49      5C529A92 
  49      991F930C 
  49      62E717
  50 00c6 1B9A9BE9 		.ascii	"\033\232\233\351\347\027\353g$\346\350\027\027%\203"
  50      E717EB67 
  50      24E6E817 
  50      172583
  51 00d5 E8F8E212 		.ascii	"\350\370\342\022\275d\006\000)uH\002"
  51      BD640600 
  51      29754802 
  52              		.text
  53              		.section	.gnu.lto_stStartAlarm.5638d37e,"",%progbits
  54 0000 789C9D52 		.ascii	"x\234\235RMh\023A\024\236o'\335\015\361\247\036<\010"
  54      4D681341 
  54      149E6F27 
  54      DD0DF1A7 
  54      1E3C08
  55 0013 E6204229 		.ascii	"\346 B)\365\220%\012\376]\255\202\320\236\332c\241\264"
  55      F590250A 
  55      FE5DAD82 
  55      D09EDA63 
  55      A1B4
  56 0025 A9904024 		.ascii	"\251\220@$\322D\217v\033\033\203\251\177\227&\315!n"
  56      D2448F76 
  56      1B1B83A9 
  56      7F9726CD 
  56      216E
  57 0037 314ADA68 		.ascii	"1J\332h\232\246\376\265Za\011\212\027M\245=x\320\202"
  57      9AA6FEB5 
  57      5A61098A 
  57      174DA53D 
  57      78D082
  58 004a 082D0A15 		.ascii	"\010-\012\025K\015\026\021\022\337L\242\324\223\342"
  58      4B0D1611 
  58      12DF4CA2 
  58      D493E2
  59 0059 C0EC9BF7 		.ascii	"\300\354\233\367\366{\337\373\336\314k`\012+)\214\205"
  59      F67BDFFB 
  59      DECC6B60 
  59      0A2B298C 
  59      85
  60 006a 1963BB69 		.ascii	"\031c\273i\2033(\327K\214\015\332\025@\034\014;\330"
  60      833328D7 
  60      4B8C0DDA 
  60      15401C0C 
  60      3BD8
  61 007c 8082015C 		.ascii	"\200\202\001\\\343\011\216bteVi\311\030\264\254\304"
ARM GAS  C:\Users\CYIRKO~1\AppData\Local\Temp\cc8oc8KT.s 			page 4


  61      E3098E62 
  61      74655669 
  61      C918B4AC 
  61      C4
  62 008d 8C7AD188 		.ascii	"\214z\321\210\35429cI\332b!\203\026B=\257nX\215W\271"
  62      EC323963 
  62      49DA6221 
  62      8316423D 
  62      AF6E588D 
  63 00a3 C90185DC 		.ascii	"\311\001\205\334\205\265\227\251-\302U\260\203\334\037"
  63      85B597A9 
  63      2DC255B0 
  63      83DC1F
  64 00b2 D9A9778D 		.ascii	"\331\251w\215\334\015F\347\365\033\326\336\346\333\206"
  64      DC0D46E7 
  64      F51BD6DE 
  64      E6DB86
  65 00c1 1136ACD5 		.ascii	"\0216\254\325\013\334\330ir\216,8\361a\002N\214\303"
  65      0BDCD869 
  65      728E2C38 
  65      F161024E 
  65      8CC3
  66 00d3 C928C470 		.ascii	"\311(\304p\007\315\002\376\241P\031\331\246\332\322"
  66      07CD02FE 
  66      A15019D9 
  66      A6DAD2
  67 00e2 BF4AE22E 		.ascii	"\277J\342.T\220\315/\3002*\325\250a\225oa\361\204F\332"
  67      5490CD2F 
  67      C0322AD5 
  67      A861956F 
  67      61F18446 
  68 00f7 298353AE 		.ascii	")\203S\256\215\261\030!E'\303\\\021\226/C\021\\\227"
  68      8DB11821 
  68      4527C35C 
  68      11962F43 
  68      115C97
  69 010a ACD83307 		.ascii	"\254\3303\007?\"e\274y\233J8\232\322R\307Jr\353\250"
  69      3F2265BC 
  69      799B4A38 
  69      9AD252C7 
  69      4A72EBA8 
  70 011e 6185F708 		.ascii	"a\205\367\010)\271?\245\310\026'\321\224\"\246O\010"
  70      29B93FA5 
  70      C81627D1 
  70      9422A64F 
  70      08
  71 012f AF47BFCC 		.ascii	"\257G\277\314/\335\324~\353\032\252]\313k\225\013\220"
  71      2FDDD47E 
  71      EB1AAA5D 
  71      CB6B950B 
  71      90
  72 0140 1497E4D8 		.ascii	"\024\227\344\330\244\233!\017\225(\246\240\2468\257"
  72      A49B210F 
  72      9528A6A0 
  72      A638AF
  73 014f B114E3DF 		.ascii	"\261\024\343\337+\253#\207E\214\200\361Hq^\023W\325"
  73      2BAB2387 
ARM GAS  C:\Users\CYIRKO~1\AppData\Local\Temp\cc8oc8KT.s 			page 5


  73      458C80F1 
  73      48715E13 
  73      57D5
  74 0161 20F34AB9 		.ascii	" \363J\271\2155G\315\025\3346\012\245'\277\275\260\233"
  74      8D3547CD 
  74      15DC360A 
  74      A527BFBD 
  74      B09B
  75 0173 48C1E42A 		.ascii	"H\301\344*\246IXA\010\243\037\331W\345\257\232\2363"
  75      A6495841 
  75      08A31FD9 
  75      57E5AF9A 
  75      9E33
  76 0185 86068DB1 		.ascii	"\206\006\215\261\363&\327p\017&F\251wY\224\000\325x"
  76      F326D770 
  76      0F2646A9 
  76      77599400 
  76      D578
  77 0197 614975E7 		.ascii	"aIu\347%`\232\322\355\270\017\035\373\234u\004\036\300"
  77      25609AD2 
  77      EDB80F1D 
  77      FB9C7504 
  77      1EC0
  78 01a9 4DAA84A4 		.ascii	"M\252\204\244\362\307\271\310\366\272\242\177\255g\307"
  78      F2C7B9C8 
  78      F6BAA27F 
  78      AD67C7
  79 01b8 43590F75 		.ascii	"CY\017u\266G\3207\367CS\204\031\312\224\354O\377\203"
  79      B647D037 
  79      F7435384 
  79      19CA94EC 
  79      4FFF83
  80 01cb 7D56B22B 		.ascii	"}V\262+u\366\307\222}\316\274<\341\250\261+xB\231\313"
  80      75F6C792 
  80      7DCEBC3C 
  80      E1A8B12B 
  80      784299CB 
  81 01df 08BF1F1E 		.ascii	"\010\277\037\036\367\310\261\020O\300>#<\226\271\002"
  81      F7C8B110 
  81      4FC03E23 
  81      3C96B902 
  82 01ef 1190AF17 		.ascii	"\021\220\257\027#}4\0034\361\256\343G\273\216y}\275"
  82      237D3403 
  82      34F1AEE3 
  82      47BB8E79 
  82      7DBD
  83 0201 BE8ED0D9 		.ascii	"\276\216\320\331>_\240\313#\316\201\240\373\320A=\020"
  83      3E5FA0CB 
  83      23CE81A0 
  83      FBD0413D 
  83      10
  84 0212 D4BD3D7E 		.ascii	"\324\275=~=\330\357\021\266;\030ry\230\326\323\033\014"
  84      3DD8EF11 
  84      B63B1872 
  84      7998D6D3 
  84      1B0C
  85 0224 F94E9FB2 		.ascii	"\371N\237\262\211O\353_s\317\004\372CA\275\243\263\375"
ARM GAS  C:\Users\CYIRKO~1\AppData\Local\Temp\cc8oc8KT.s 			page 6


  85      894FEB5F 
  85      73CF04FA 
  85      4341BDA3 
  85      B3FD
  86 0236 C07EBDAD 		.ascii	"\300~\275\255\255U\357<\331~\316]g\353\366\373\373\\"
  86      AD55EF3C 
  86      D97ECE5D 
  86      67EBF6FB 
  86      FB5C
  87 0248 5EF61375 		.ascii	"^\366\023u\355\024\325"
  87      ED14D5
  88              		.text
  89              		.section	.gnu.lto_stStopAlarm.5638d37e,"",%progbits
  90 0000 789C8550 		.ascii	"x\234\205P\277KBQ\024>\337\273\366\224\240\275\310\255"
  90      BF4B4251 
  90      143EDFBB 
  90      F694A0BD 
  90      C8AD
  91 0012 C9E53D2C 		.ascii	"\311\345=,(h\315\202@'\035\005)\035\024\004\303\247"
  91      2868CD82 
  91      40271D05 
  91      291D1404 
  91      C3A7
  92 0024 AD3E4313 		.ascii	"\255>C\023\024\252%\315!\336\340`Y*\215A\201H\320\224"
  92      14AA25CD 
  92      21DEE060 
  92      592A8D41 
  92      8148D094 
  93 0038 417F8134 		.ascii	"A\177\2014\004\016A\244\224\020X\367>#\334:p8\277\276"
  93      040E41A4 
  93      941058F7 
  93      3E23DC3A 
  93      7038BFBE 
  94 004c F37DE7DE 		.ascii	"\363}\347\336)\222H\001Q\222\210\346\271\203\021\244"
  94      29924801 
  94      519288E6 
  94      B98311A4 
  95 005c A30E51DA 		.ascii	"\243\016Q\332&\001\"\321m\240\224\204\024\016Y\211\241"
  95      260122D1 
  95      6DA09484 
  95      140E5989 
  95      A1
  96 006d 9D7BB996 		.ascii	"\235{\271\226\034U\235[\2534\220\367\365\354\254\301"
  96      1C559D5B 
  96      AB3490F7 
  96      F5ECACC1 
  97 007d 88CADC85 		.ascii	"\210\312\334\205\241\012\007q\330\363\325\350xF\266"
  97      A10A0771 
  97      D8F3D5E8 
  97      7846B6
  98 008c 8CFB3883 		.ascii	"\214\3738\203\314%\250\371\204\226>\372\316\351\255"
  98      CC25A8F9 
  98      84963EFA 
  98      CEE9AD
  99 009b BB0ABE36 		.ascii	"\273\012\2766\370(\317]h\024\230$\"\353\241=\030\366"
  99      F828CF5D 
  99      68149824 
ARM GAS  C:\Users\CYIRKO~1\AppData\Local\Temp\cc8oc8KT.s 			page 7


  99      22EBA13D 
  99      18F6
 100 00ad 6E8ACA1F 		.ascii	"n\212\312\037Ef\2544\224\231ISf\230\244\3079d\316_\203"
 100      4566AC34 
 100      94994953 
 100      6698A4C7 
 100      3964CE5F 
 101 00c2 CC9BC56C 		.ascii	"\314\233\305l\373\321z\300\014\006\023\323\251\177\276"
 101      FBD17AC0 
 101      0C0613D3 
 101      A97FBE
 102 00d1 4D8F4BC1 		.ascii	"M\217K\301a\341\255J\343\343\336f\340\024\006\223p\011"
 102      61E1AD4A 
 102      E3E3DE66 
 102      E0140693 
 102      7009
 103 00e3 3B2E6027 		.ascii	";.`'\201\255=\014\372V\265\256g\322z\267\332\237{\347"
 103      81AD3D0C 
 103      FA56B5AE 
 103      67D27AB7 
 103      DA9F7BE7 
 104 00f7 5B0C7518 		.ascii	"[\014u\0308\341\007\232\"h@\235\324\340w\240\311\267"
 104      38E1079A 
 104      2268409D 
 104      D4E077A0 
 104      C9B7
 105 0109 5FB1D72D 		.ascii	"_\261\327-\334.\210\333\314\017\310\363\001\177\211"
 105      DC2E88DB 
 105      CC0FC8F3 
 105      017F89
 106 0118 44A4ACAF 		.ascii	"D\244\254\257\372\327\302\221\355\2107\221\014Eb\376"
 106      FAD7C291 
 106      ED883791 
 106      0C4562FE 
 107 0128 A0C8639A 		.ascii	"\240\310c\232seY\215ijx+\252j\361\240\210\001-\241\004"
 107      7365598D 
 107      696A782B 
 107      AA6AF1A0 
 107      88012DA1 
 108 013d C9F52F7C 		.ascii	"\311\365/|'\026Oh\252\327\347YZT\335n\227\352\333\364"
 108      27164F68 
 108      AAD7E759 
 108      5A54DD6E 
 108      97EADBF4 
 109 0151 EC3A7F09 		.ascii	"\354:\177\011\002\321hH\011\323\017\206\007\216\322"
 109      02D16848 
 109      09D30F86 
 109      078ED2
 110              		.text
 111              		.section	.gnu.lto_stSetAlarm.5638d37e,"",%progbits
 112 0000 789C8552 		.ascii	"x\234\205RMh\023A\024~\337N\262\033\242R\021\017\202"
 112      4D681341 
 112      147EDF4E 
 112      B21BA252 
 112      110F82
 113 0013 3988504A 		.ascii	"9\210PJ=d\211\202\177W+\"\264\247\366X(m*$\020\2114"
 113      3D648982 
ARM GAS  C:\Users\CYIRKO~1\AppData\Local\Temp\cc8oc8KT.s 			page 8


 113      7F572B22 
 113      B4A7F658 
 113      286D2A24 
 114 002a D1633B5D 		.ascii	"\321c;][\203-T/&\355a\335b\224jl\232\244*(^\226\340"
 114      5B832D54 
 114      2F26ED61 
 114      DD62946A 
 114      6C9AA42A 
 115 0042 CF455BE8 		.ascii	"\317E[\350\305\203\021D\254\340A,\365'\210\220\370f"
 115      C5831144 
 115      ACE0412C 
 115      F5278890 
 115      F866
 116 0054 53454F0E 		.ascii	"SEO\016\314\274\237\371\3367\337{\214\2374\332\245\021"
 116      CCBC9FF9 
 116      DE37DF7B 
 116      8C9F34DA 
 116      A511
 117 0066 5944B497 		.ascii	"YD\264\2277\004A\273\272B4\036\320\000\345\310\000h"
 117      370441BB 
 117      BA42341E 
 117      D000E5C8 
 117      0068
 118 0078 4CC318AE 		.ascii	"L\303\030\256\210\234@5\363\341\221\326\271 y\271\271"
 118      889C4035 
 118      F3E191D6 
 118      B92079B9 
 118      B9
 119 0089 B271494E 		.ascii	"\262qIN\356q\004\321\034o\265\260\200NF=m\326\335\266"
 119      EE7104D1 
 119      1C6FB5B0 
 119      804E463D 
 119      6DD6DDB6 
 120 009d 19E10840 		.ascii	"\031\341\010@\343pm\343\205\275M\205\032vr\370\263P"
 120      E3706DE3 
 120      85BD4D85 
 120      1A7672F8 
 120      B350
 121 00af AEB58908 		.ascii	"\256\265\211\010\210\375\315\353\356\376\216[RZ\322"
 121      88FDCDEB 
 121      EEFE8E5B 
 121      525AD2
 122 00be AD5D1472 		.ascii	"\255]\024r\267#\004\012\020\314\207;\010\3416B\304)"
 122      B723040A 
 122      10CC873B 
 122      08E13642 
 122      C429
 123 00d0 C25D7428 		.ascii	"\302]t(\370\273J\343\332\016\335\227\377\375$\026\241"
 123      F8BB4AE3 
 123      DA0EDD97 
 123      FFFD2416 
 123      A1
 124 00e1 836D690D 		.ascii	"\203mi\015\256l43\322}\177\023\217O\371Y;W\010\256\365"
 124      AE6C3433 
 124      D27D7F13 
 124      8F4FF959 
 124      3B5708AE 
ARM GAS  C:\Users\CYIRKO~1\AppData\Local\Temp\cc8oc8KT.s 			page 9


 125 00f6 114D3152 		.ascii	"\021M1Ru2-4e\305:4\305u\331\235z\022\024\307<\031\257"
 125      75322D34 
 125      65C53A34 
 125      C575D99D 
 125      7A1214C7 
 126 010d 5EDBB960 		.ascii	"^\333\271`{\336\323\361\314\336>+]k\237\222R\374W\212"
 126      7BDED3F1 
 126      CCDE3E2B 
 126      5D6B9F92 
 126      52FC578A 
 127 0121 D7E212DA 		.ascii	"\327\342\022\332mf\372\010k3\363y\365\333\015\343\217"
 127      6D66FA08 
 127      6B33F379 
 127      F5DB0DE3 
 127      8F
 128 0132 AE89D658 		.ascii	"\256\211\326X\036\032B\201<qs\002\177\351&\224\2403"
 128      1E1A4281 
 128      3C717302 
 128      7FE92694 
 128      A033
 129 0144 4519BA2D 		.ascii	"E\031\272-D\213\245\232\375\321X\314\035U9\006f'\253"
 129      448BA59A 
 129      FDD158CC 
 129      1D553906 
 129      6627AB
 130 0157 AB861A95 		.ascii	"\253\206\032\225\337\253[)\3267\202\255Pq\3738\225_"
 130      DFAB5B29 
 130      D63782AD 
 130      5071FB38 
 130      955F
 131 0169 FAFE3CE0 		.ascii	"\372\376<\340\300\206#t,\263\260\212\022\306\027\205"
 131      C0862374 
 131      2CB3B08A 
 131      12C61785 
 132 0179 975FBF18 		.ascii	"\227_\277\030fQN\214\313\371QG\030\270\007\007\263\334"
 132      66514E8C 
 132      CBF95147 
 132      18B80707 
 132      B3DC
 133 018b BBF72803 		.ascii	"\273\367(\003\232\331\312\033=R\362\000\313\\\036\300"
 133      9AD9CA1B 
 133      3D52F200 
 133      CB5C1EC0 
 134 019b 7D983810 		.ascii	"}\2308\020\332B\340\001\"\254\212\326a\275\235\256E"
 134      DA42E001 
 134      22AC8AD6 
 134      61BD9DAE 
 134      45
 135 01ac BDD1AA36 		.ascii	"\275\321\2526\350\023\254\371\372\014T\302\233\300\024"
 135      E813ACF9 
 135      FA0C54C2 
 135      9BC014
 136 01bb F7C473E4 		.ascii	"\367\304s\344_\023>y\274\377D,>\024\357M\237\037\216"
 136      5F133E79 
 136      BCFF442C 
 136      3E14EF4D 
 136      9F1F8E
ARM GAS  C:\Users\CYIRKO~1\AppData\Local\Temp\cc8oc8KT.s 			page 10


 137 01ce 27FBA3CA 		.ascii	"'\373\243\312O\246\"G\016\233\311\224\031\033L\230\251"
 137      4FA62247 
 137      0E9BC994 
 137      191B4C98 
 137      A9
 138 01df 91A8B203 		.ascii	"\221\250\262\003\251t8J\306\340P*\035?{\306\247\216"
 138      A974384A 
 138      C6E0502A 
 138      1D3F7BC6 
 138      A78E
 139 01f1 AEFFD69E 		.ascii	"\256\377\326\236K\216\244Sfo_\317\241\203fww\227\331"
 139      4B8EA453 
 139      666F5FCF 
 139      A1836677 
 139      7797D9
 140 0204 77BAE742 		.ascii	"w\272\347Bd\213m \221\030\016\307\350\027K\002\327@"
 140      648B6D20 
 140      91180EC7 
 140      E8174B02 
 140      D740
 141              		.text
 142              		.section	.gnu.lto_stGetAlarm.5638d37e,"",%progbits
 143 0000 789C8590 		.ascii	"x\234\205\220MH\033Q\024\205\357\231\233\314\214\212"
 143      4D481B51 
 143      1485EF99 
 143      9BCC8C8A 
 144 0010 B46B0DB8 		.ascii	"\264k\015\270\326E\206(X\350\266\026\021\324\215.\005"
 144      D6458628 
 144      58E8B616 
 144      11D48D2E 
 144      05
 145 0021 B1719140 		.ascii	"\261q\221@ \305\211\335\372\014Zi\013*\202F\2210B\204"
 145      20C589DD 
 145      FA0C5A69 
 145      0B2A8246 
 145      91304284 
 146 0035 F8D318B3 		.ascii	"\370\323\030\263u!\203 \335\264*\356\013R\334dQ\010"
 146      75218320 
 146      DDB42AEE 
 146      0B52DC64 
 146      5108
 147 0047 2A5A518C 		.ascii	"*ZQ\214\367E)\335\365\301\373\271\227\217s\317yA2\350"
 147      F74529DD 
 147      F5C1FBB9 
 147      978F73CF 
 147      794132E8 
 148 005b 2388C689 		.ascii	"#\210\306\211\250Y6\230`\314\037\021M\332\006\240\037"
 148      A8593698 
 148      60CC1F11 
 148      4DDA06A0 
 148      1F
 149 006c CA064D18 		.ascii	"\312\006M\030\230\300\034g\030\207\325\033\377\305,"
 149      98C01C67 
 149      1887D51B 
 149      FFC52C
 150 007b 7B1A93F2 		.ascii	"{\032\223\362\264\362=\333\240K\340\245\224[\353\305"
 150      B4F23DDB 
ARM GAS  C:\Users\CYIRKO~1\AppData\Local\Temp\cc8oc8KT.s 			page 11


 150      A04BE0A5 
 150      945BEBC5 
 151 008b 0BBB35AF 		.ascii	"\013\2735\257TZ\371\231\212\265\272{\242\202\036\033"
 151      545AF999 
 151      8AB5BA7B 
 151      A2821E1B 
 152 009b B422F806 		.ascii	"\264\"\370\006B\310#\244gl\242\225\204\376UzXl4\003"
 152      42C823A4 
 152      676CA295 
 152      84FE557A 
 152      586C3403 
 153 00af 39260D48 		.ascii	"9&\015H\177\013\246X\241\342)|\365P\235Q\376y\016w\335"
 153      7F0BA658 
 153      A1E2297C 
 153      F5509D51 
 153      FE790E77 
 154 00c4 01833C66 		.ascii	"\001\203<f\226#@\364Y@\355\352\213\250\312\315e\034"
 154      962340F4 
 154      5940EDEA 
 154      8BA8CACD 
 154      651C
 155 00d6 ECDF96EF 		.ascii	"\354\337\226\3573\375\177\365\246\224,?\363\307j\252"
 155      33FD7FF5 
 155      A6942C3F 
 155      F3C76AAA 
 156 00e6 09AE30FE 		.ascii	"\011\2560\376\231E\330\206)\223\276\302\314\262\016"
 156      9945D886 
 156      2993BEC2 
 156      CCB20E
 157 00f5 B0347D70 		.ascii	"\2604}pl\351\000\301\032vT\270\251\324?\225Z& \255\334"
 157      6CE900C1 
 157      1A7654B8 
 157      A9D43F95 
 157      5A2620AD 
 158 010a CEF537DB 		.ascii	"\316\3657\333C\026\036\233\330\221\020\005\035B\207"
 158      43161E9B 
 158      D8911005 
 158      1D4287
 159 0119 FD717569 		.ascii	"\375qui9\00555\251\316\362\227-\013u\036[(\302\303\262"
 159      39053535 
 159      A9CEF297 
 159      2D0B751E 
 159      5B28C2C3 
 160 012e 78ACCD11 		.ascii	"x\254\315\021\250\272T\372iF\212\032Z\3333<\266\261"
 160      A8BA54FA 
 160      69468A1A 
 160      5ADB333C 
 160      B6B1
 161 0140 0B076DA1 		.ascii	"\013\007m\241g\002%D\250\214\364\305\314&?\231b\361"
 161      67022544 
 161      A88CF4C5 
 161      CC263F99 
 161      62F1
 162 0152 45BF913E 		.ascii	"E\277\221>\373t\317\332\277t\344K$7t^\203(\374\366\365"
 162      FB74CFDA 
 162      BF74E44B 
 162      2437745E 
ARM GAS  C:\Users\CYIRKO~1\AppData\Local\Temp\cc8oc8KT.s 			page 12


 162      8328FCF6 
 163 0167 D09B58FC 		.ascii	"\320\233X\374]| 5>\032O\016E\365;\351F^u:I\327\211\215"
 163      5D7C2035 
 163      3E1A4F0E 
 163      45F53BE9 
 163      465E753A 
 164 017f 241C772C 		.ascii	"$\034w,\252\357a7\025\216R\327\177\361\367\311\261\224"
 164      AAEF6137 
 164      158E52D7 
 164      7FF1F7C9 
 164      B194
 165 0191 EB0C0CF6 		.ascii	"\353\014\014\366u\264;\275\275]\316`O\337\207\310\263"
 165      75B43BBD 
 165      BD5DCE60 
 165      4FDF87C8 
 165      B3
 166 01a2 C0702231 		.ascii	"\300p\"1\032\216\321#Eq\252\206"
 166      1A8ED123 
 166      4571AA86 
 167              		.text
 168              		.section	.gnu.lto_.symbol_nodes.5638d37e,"",%progbits
 169 0000 789C55C8 		.ascii	"x\234U\310K\015\200@\014\006\341\351\277\254/\020\305"
 169      4B0D8040 
 169      0C06E1E9 
 169      BFAC2F10 
 169      C5
 170 0011 B92B0101 		.ascii	"\271+\001\001<\023T \002\015(!4\334:\227I\276\212\030"
 170      3C135420 
 170      020D2821 
 170      34DC3A97 
 170      49BE8A18 
 171 0025 8934CB61 		.ascii	"\2114\313a\272!v\265!d\221[\226U\256,\233\274d\331\345"
 171      BA2176B5 
 171      2164915B 
 171      9655AE2C 
 171      9BBC64D9 
 172 003a 5D123BE4 		.ascii	"]\022;\344\365\027h\255\207B\345|^\343\003\325E\035"
 172      F51768AD 
 172      8742E57C 
 172      5EE303D5 
 172      451D
 173 004c 35       		.ascii	"5"
 174              		.text
 175              		.section	.gnu.lto_.refs.5638d37e,"",%progbits
 176 0000 789C6365 		.ascii	"x\234ce`b`d\000\002\000\000I\000\011"
 176      60626064 
 176      00020000 
 176      490009
 177              		.text
 178              		.section	.gnu.lto_.decls.5638d37e,"",%progbits
 179 0000 789CB557 		.ascii	"x\234\265WkPT\311\025\276}{\006a`\324\035\2151\025S"
 179      6B5054C9 
 179      15BE7D7B 
 179      066160D4 
 179      1D8D3115 
 180 0015 A12C142A 		.ascii	"\241,\024*\225\005\301\307n\366\207\245;\232\215U\253"
 180      9505C1C7 
ARM GAS  C:\Users\CYIRKO~1\AppData\Local\Temp\cc8oc8KT.s 			page 13


 180      6EF687A5 
 180      3B9A8D55 
 180      AB
 181 0026 490D662B 		.ascii	"I\015f+U!5\2050\256T\3610\314\230\252\255\374\330+\303"
 181      55213585 
 181      30AE54F1 
 181      30CC98AA 
 181      ADFCD82B 
 182 003b 2A8BAE88 		.ascii	"*\213\256\210\012\012\350\362\222\207\202\002\242(*"
 182      0A0AE8F2 
 182      92878202 
 182      A2282A
 183 004a 3A82B288 		.ascii	":\202\262\210\340\262\370@D\001_\254o\021_\210\017r"
 183      E0B2F840 
 183      44015FAC 
 183      6F115F88 
 183      0F72
 184 005c FA71E75E 		.ascii	"\372q\347^\257\203\233\244\222[\234\241O\367w\276s\372"
 184      AF839BA4 
 184      925B9CA1 
 184      4FF777BE 
 184      73FA
 185 006e 9CEEDB7D 		.ascii	"\234\356\333}\365\202(\024\231\004a<\026\204J$\010\303"
 185      F5822814 
 185      9904613C 
 185      16844A24 
 185      08C3
 186 0080 F0780982 		.ascii	"\360x\011\202\260KP\036\242\357\006\251\0039\012r\014"
 186      B04B501E 
 186      A2EF06A9 
 186      03390A72 
 186      0C
 187 0091 E43848A3 		.ascii	"\3448H\243\360\366\3637\340\000*\3413\220\223*\036\221"
 187      F0F6F337 
 187      E0002AE1 
 187      3390932A 
 187      1E91
 188 00a3 7378B2F9 		.ascii	"sx\262\371'\330\370p\033\010E\030\017r\020$\020\344"
 188      27D8F870 
 188      1B084518 
 188      0F721024 
 188      10E4
 189 00b5 6730361E 		.ascii	"g06\036\344\006\264;\004\306\375\036\350\"\210\0361"
 189      E406B43B 
 189      04C6FD1E 
 189      E822881E 
 189      31
 190 00c6 5E12D7CF 		.ascii	"^\022\327\317\241\015\177\302T\364&\367\227\240\353"
 190      A10D7FC2 
 190      54F426F7 
 190      97A0EB
 191 00d5 38B7CC45 		.ascii	"8\267\314Ex\010L\266's\012\322\330\221\307\371\037\304"
 191      78084CB6 
 191      27730AD2 
 191      D891C7F9 
 191      1FC4
 192 00e7 85E4B878 		.ascii	"\205\344\270x~~\303\343\011\323\360~\3159\265|S\177"
ARM GAS  C:\Users\CYIRKO~1\AppData\Local\Temp\cc8oc8KT.s 			page 14


 192      7E7EC3E3 
 192      09D3F07E 
 192      CD39B57C 
 192      537F
 193 00f9 8293E47B 		.ascii	"\202\223\344{\006\347\234\245\341\334\214Q\3157\307"
 193      06E79CA5 
 193      E1DC8C51 
 193      CD37C7
 194 0108 EBC46E74 		.ascii	"\353\304nt\011\001\026\215\245\275\010\261_D\205\252"
 194      0901168D 
 194      A5BD08B1 
 194      5F4485AA 
 195 0118 C3F28310 		.ascii	"\303\362\203\020\355\207^Q\340\244r\027\222-\270.rU"
 195      ED875E51 
 195      E0A47217 
 195      922DB82E 
 195      7255
 196 012a E494F48F 		.ascii	"\344\224\364\217\033#\025#\033f\236\344\207\315\201"
 196      1B231523 
 196      1B669EE4 
 196      87CD81
 197 0139 35A8996C 		.ascii	"5\250\231l\215D\305\001Bj\003\025!\013\233\217\273\343"
 197      8D44C501 
 197      426A0315 
 197      210B9B8F 
 197      BBE3
 198 014b 1394C921 		.ascii	"\023\224\311!y\366\017\263Z\372\014=\3502\351\315\233"
 198      79F60FB3 
 198      5AFA0C3D 
 198      E832E9CD 
 198      9B
 199 015c 8368DFEA 		.ascii	"\203h\337\352=\367{\364\030\226\011\264{\236\227\376"
 199      3DF77BF4 
 199      189609B4 
 199      7B9E97FE 
 200 016c 3EB85C62 		.ascii	">\270\\b\217\367/\224\264\235\030~\346\032\263\016#"
 200      8FF72F94 
 200      B49D187E 
 200      E61AB30E 
 200      23
 201 017d 930189A0 		.ascii	"\223\001\211\240\266\367\267l\363\005u\274\001\215\005"
 201      B6F7B76C 
 201      F30575BC 
 201      018D05
 202 018c 7570E5B9 		.ascii	"up\345\271c\206\211\231\324\312)\215\025\321g\023P9"
 202      63868999 
 202      D4CA298D 
 202      15D16713 
 202      5039
 203 019e 9A84CAD0 		.ascii	"\232\204\312\320$p\276\013M\204\337%:\306\344J\332\270"
 203      2470BE0B 
 203      4D84DF25 
 203      3AC6E44A 
 203      DAB8
 204 01b0 6BD4E43C 		.ascii	"k\324\344<)\257Wru$\375:\323)\225\202\225?A\241\035"
 204      29AF5772 
 204      7524FD3A 
ARM GAS  C:\Users\CYIRKO~1\AppData\Local\Temp\cc8oc8KT.s 			page 15


 204      D3299582 
 204      953F41A1 
 205 01c5 08A39D28 		.ascii	"\010\243\235(\230D\014M\370-E=\010\225\240n\230\317"
 205      98440C4D 
 205      F82D453D 
 205      0895A06E 
 205      98CF
 206 01d7 6E3419AC 		.ascii	"n4\031\254\235\345\027S\365x.\015\266h\350E?\206 \246"
 206      9DE51753 
 206      F5782E0D 
 206      B668E845 
 206      3F8620A6 
 207 01eb 1AD0F030 		.ascii	"\032\320\3600\206\216\212\273\265\317\215\254\203\214"
 207      868E8ABB 
 207      B5CF8DAC 
 207      838C
 208 01f9 1F3D75B2 		.ascii	"\037=u\262\330\017/\"mq}~\331\032\037d\010J\221\244"
 208      D80F2F22 
 208      6D717D7E 
 208      D91A1F64 
 208      084A91A4 
 209 020d 2412A33E 		.ascii	"$\022\243>HpG\210\366\242 bC<\243*\350\254\204\316b"
 209      48704788 
 209      F6A22062 
 209      433CA32A 
 209      E8AC84CE 
 210 0222 3217D7F7 		.ascii	"2\027\327\3679S7\257\226$\021U#\003\332\243D7\325\300"
 210      395337AF 
 210      96241155 
 210      2303DAA3 
 210      4437D5C0 
 211 0236 267324BD 		.ascii	"&s$\275\253\317\200]\210\372x\351\314|\240CA\006nZ\033"
 211      ABCF805D 
 211      88FA78E9 
 211      CC7CA043 
 211      41066E5A 
 212 024b 76FC2B62 		.ascii	"v\374+b\272\037L\367)\246\300\004\377<\306Q\343!\016"
 212      BA1F4CF7 
 212      29A6C004 
 212      FF3CC651 
 212      E3210E
 213 025e 7092B6AF 		.ascii	"p\222\266\257\353\345\030\\D+$\226n\313\271\347\345"
 213      EBE5185C 
 213      442B2496 
 213      6ECBB9E7 
 213      E5
 214 026f 7632DC3A 		.ascii	"v2\334:\243\230:9\010N\016(N\366\217\354\244\326\263"
 214      A3983A39 
 214      084E0E28 
 214      4EF68FEC 
 214      A4D6B3
 215 0282 935DC75C 		.ascii	"\223]\307\\-F\035\331\024\204\012\212E\372\234\303)"
 215      2D461DD9 
 215      14840A8A 
 215      45FA9CC3 
 215      29
 216 0293 A3472CEB 		.ascii	"\243G,\353aZ\326C\210\327\325\331\231^\245\3245\360"
ARM GAS  C:\Users\CYIRKO~1\AppData\Local\Temp\cc8oc8KT.s 			page 16


 216      615AD643 
 216      88D7D5D9 
 216      995EA5D4 
 216      35F0
 217 02a5 CA1E4982 		.ascii	"\312\036I\202\310$\035\301\241\012%\264\012ma\353ha"
 217      C8241DC1 
 217      A10A25B4 
 217      0A6D61EB 
 217      6861
 218 02b7 4FBED833 		.ascii	"O\276\3303\032\337`\253\360\326`i\243\037\247j\377e"
 218      1ADF60AB 
 218      F0D66069 
 218      A31FA76A 
 218      FF65
 219 02c9 96E48259 		.ascii	"\226\344\202Y\300\034\311\0129\242\020\035\321\022\035"
 219      C01CC90A 
 219      39A2101D 
 219      D1121D
 220 02d8 A5441BAA 		.ascii	"\245D\033\252\237\345\352\361C\3064\364\343\251z/\316"
 220      9FE5EAF1 
 220      43C634F4 
 220      E3A97A2F 
 220      CE
 221 02e9 54FF2B37 		.ascii	"T\377+7\023\011\311\2450\271\264L\307(S\371\343\266"
 221      1309C9A5 
 221      30B9B44C 
 221      C72853F9 
 221      E3B6
 222 02fb 3D46FC92 		.ascii	"=F\374\2221\225\226\025I\276\352\\\2204)\311hxc\215"
 222      31959615 
 222      49BEEA5C 
 222      903429C9 
 222      6878638D 
 223 030f 77151596 		.ascii	"w\025\025\226\311n\033s'\244\313k\034P\250^\361[\257"
 223      C96E1B73 
 223      27A4CB6B 
 223      1C50A85E 
 223      F15BAF
 224 0322 F57B9CFA 		.ascii	"\365{\234\372}\270\366A\336\030\274\032S\277\271\325"
 224      7DB8F641 
 224      DE18BC1A 
 224      53BFB9D5 
 225 0332 EBD28C40 		.ascii	"\353\322\214@\325\013\325\356\271\375\333\334\312\353"
 225      D50BD5EE 
 225      B9FDDBDC 
 225      CAEB
 226 0340 528A81EE 		.ascii	"R\212\201\356)tBa:A\230H\243\2212\374\220\\\271\025"
 226      29744261 
 226      3A419848 
 226      A39132FC 
 226      905CB915 
 227 0354 B3DDAA23 		.ascii	"\263\335\252#\204\255\331\327F\263\335\352O6\371`G\267"
 227      84ADD9D7 
 227      46B3DDEA 
 227      4F36F960 
 227      47B7
 228 0366 9F5F2A59 		.ascii	"\237_*Y\034\353\235\222\317\037(Y\023L\345;:\225\223"
ARM GAS  C:\Users\CYIRKO~1\AppData\Local\Temp\cc8oc8KT.s 			page 17


 228      1CEB9D92 
 228      CF1F2859 
 228      134CE53B 
 228      3A9593
 229 0379 C84FA685 		.ascii	"\310O\246\205&\340\367_\3118\352\303\330.\220\220\262"
 229      26E0F75F 
 229      C938EAC3 
 229      D82E9090 
 229      B2
 230 038a 0F3D6ED6 		.ascii	"\017=n\3263\335\233\014\337/\333od\354.2|\246/?\331"
 230      33DD9B0C 
 230      DF2FDB6F 
 230      64EC2E32 
 230      7CA62F3F 
 231 039f 8F0DB711 		.ascii	"\217\015\267\021\275\341\374w\375:|\201M\347r\323\216"
 231      BDE1FC77 
 231      FD3A7C81 
 231      4DE772D3 
 231      8E
 232 03b0 32125920 		.ascii	"2\022Y \331\263\303\303cT\2736\220\355\332\366\264\201"
 232      D9B3C3C3 
 232      6354BB36 
 232      90EDDAF6 
 232      B481
 233 03c2 EDA37037 		.ascii	"\355\243p7\205\213Y\315\035\365\252-\2253;k\200\344"
 233      858B59CD 
 233      1DF5AA2D 
 233      95333B6B 
 233      80E4
 234 03d4 F10CE4FE 		.ascii	"\361\014\344\376\007e\366\201\356\305N\347#\270'\203"
 234      0765F681 
 234      EEC54EE7 
 234      23B82783 
 235 03e4 DA61B107 		.ascii	"\332a\261\007\362\305\336\006\235\337\263\305\276c{"
 235      F2C5DE06 
 235      9DDFB3C5 
 235      BE637B
 236 03f3 7A8117BE 		.ascii	"z\201\027\276\305|4\036\351\272\240\223_\015Z\202\363"
 236      C57C341E 
 236      E9BAA093 
 236      5F0D5A82 
 236      F3
 237 0404 1E08E4FD 		.ascii	"\036\010\344\375=\271\221n\275s\020\314Y%\2303\210\277"
 237      3DB9916E 
 237      BD7310CC 
 237      59259833 
 237      88BF
 238 0416 1B52CAD7 		.ascii	"\033R\312\3275`C\012Y.\377\016+X\264\264\274h\325\343"
 238      3560430A 
 238      592EFF0E 
 238      2B58B4B4 
 238      BC68D5E3 
 239 042a 0196A935 		.ascii	"\001\226\2515'\3665\362\0326\021}\323\301\206C\276\370"
 239      27F635F2 
 239      1A36117D 
 239      D3C18643 
 239      BEF8
ARM GAS  C:\Users\CYIRKO~1\AppData\Local\Temp\cc8oc8KT.s 			page 18


 240 043c 091BBC96 		.ascii	"\011\033\274\226z\265\301\013\0171E.\200\211\027 \267"
 240      7AB5C10B 
 240      0F31452E 
 240      80891720 
 240      B7
 241 044d EB4933C2 		.ascii	"\353I3\302\257\331\340\241\375\207\033y\261\246\251"
 241      AFD9E0A1 
 241      FD871B79 
 241      B1A6A9
 242 045c 5EDC26F6 		.ascii	"^\334&\366\342\256\351;\331h`\265\223\020\350u\355\227"
 242      E2AEE93B 
 242      D96860B5 
 242      9310E875 
 242      ED97
 243 046e E660A78E 		.ascii	"\346`\247\216Z\326\017T\226\360:\222\227kJ\326@\333"
 243      5AD60F54 
 243      96F03A92 
 243      976B4AD6 
 243      40DB
 244 0480 18321D89 		.ascii	"\0302\035\211\257\032\022\230{\321\\#\263F!\223\320"
 244      AF1A1298 
 244      7BD15C23 
 244      B3462193 
 244      D0
 245 0491 553695CE 		.ascii	"U6\225\316\301\023\027\365\246\365\024\015\025\323\321"
 245      C11317F5 
 245      A6F5140D 
 245      15D3D1
 246 04a0 2CF502BC 		.ascii	",\365\002\274\207\302\257#\223lDO\227\214\373\243\325"
 246      87C2AF23 
 246      936C444F 
 246      978CFBA3 
 246      D5
 247 04b1 E08E7781 		.ascii	"\340\216w\201w\027\026m6\340\325,\310\234G\227o\361"
 247      7717166D 
 247      36E0D52C 
 247      C89C4797 
 247      6FF1
 248 04c3 B519046A 		.ascii	"\265\031\004j\361\323CNo\274\206\215m<\262\255u\024"
 248      F1D3434E 
 248      6FBC868D 
 248      6D3CB2AD 
 248      7514
 249 04d5 4E638ABC 		.ascii	"Nc\212\274\007Ll\017$u|\2147\262\221\243\351\033.\303"
 249      074C6C0F 
 249      24757C8C 
 249      37B291A3 
 249      E91B2EC3 
 250 04e9 0C99723F 		.ascii	"\014\231r?\371F/\317\317DP3N\335\011\304[\331\320\353"
 250      F9462FCF 
 250      CF445033 
 250      4EDD09C4 
 250      5BD9D0EB 
 251 04fd A686405C 		.ascii	"\246\206@\\\300\332\2155\245%\010\2272e \273\361\216"
 251      C0DA8D35 
 251      A5250897 
 251      326520BB 
ARM GAS  C:\Users\CYIRKO~1\AppData\Local\Temp\cc8oc8KT.s 			page 19


 251      F18E
 252 050f 01973325 		.ascii	"\001\2273%\257}\353\001o\\\301\224\342\301L8\201\366"
 252      AF7DEB01 
 252      6F5CC194 
 252      E2C14C38 
 252      81F6
 253 0521 32E56CED 		.ascii	"2\345l\355\271\024_\\\313\224\224\252\252-\276\270\216"
 253      B9145F5C 
 253      CB9494AA 
 253      AA2DBEB8 
 253      8E
 254 0532 2949873A 		.ascii	")I\207:\323\371\341\332K\364\353E\327\363|xU\274@Om"
 254      D3F9E1DA 
 254      4BF4EB45 
 254      D7F37C78 
 254      55BC404F 
 255 0547 6F7986F0 		.ascii	"oy\206\3601\006N\2559\323\255\033\261\016\317\345:L"
 255      31064EAD 
 255      39D3AD1B 
 255      B10ECFE5 
 255      3A4C
 256 0559 A365C8A8 		.ascii	"\243e\310\250\313\3307Z[\206\026@\237\242\350!\232\331"
 256      CBD8375A 
 256      5B861640 
 256      9FA2E821 
 256      9AD9
 257 056b E77266DB 		.ascii	"\347rf\333n\024\026\351\264u\030\011=\341A\352\261'"
 257      6E1416E9 
 257      B4751809 
 257      3DE141EA 
 257      B127
 258 057d 46141010 		.ascii	"F\024\020\0200.@\365\004\321\337\002)\331)\271\236m"
 258      302E40F5 
 258      04D1DF02 
 258      29D929B9 
 258      9E6D
 259 058f C137779D 		.ascii	"\3017w\235^+\345\325#J\005iF\303h\234\262\017.Q\336"
 259      5E2BE5D5 
 259      234A0569 
 259      46C3689C 
 259      B20F2E51 
 260 05a4 26F22B30 		.ascii	"&\362+0\223\253\361\360\222N\306\024~Z\013o}\013\336"
 260      93ABF1F0 
 260      924EC614 
 260      7E5A0B6F 
 260      7D0BDE
 261 05b7 AC827769 		.ascii	"\254\202wi\341\235\024\036J\320\351|Nst\002z\006\343"
 261      E19D141E 
 261      4AD0E97C 
 261      4E737402 
 261      7A06E3
 262 05ca 4FE91041 		.ascii	"O\351\020A\303\036Dk\305 \264R\014@\022H\012\310W I"
 262      C31E446B 
 262      C520B452 
 262      0C401248 
 262      0AC85720 
 263 05df 20EB4192 		.ascii	" \353A\222A\326\200\254\002\371\032\344\033\220u \253"
ARM GAS  C:\Users\CYIRKO~1\AppData\Local\Temp\cc8oc8KT.s 			page 20


 263      41D680AC 
 263      02F91AE4 
 263      1B907520 
 263      AB
 264 05f0 41D2415E 		.ascii	"A\322A^\242\000\364\032$\025\332N\220W\320N\023\003"
 264      A200F41A 
 264      2415DA4E 
 264      9057D04E 
 264      1303
 265 0602 E8DB98C5 		.ascii	"\350\333\230\305x1V\211\361\2616\306\020\355\214\332"
 265      78315689 
 265      F1B136C6 
 265      10ED8CDA 
 266 0612 55E8271E 		.ascii	"U\350'\036\321\241\012x@\005~\250\005\367 \015\372\242"
 266      D1A10A78 
 266      40057EA8 
 266      05F7200D 
 266      FAA2
 267 0624 2A59173C 		.ascii	"*Y\027<\347V\205\256\217S\320\017\264\350{Z\364mU$\003"
 267      E75685AE 
 267      8F53D00F 
 267      B4E87B5A 
 267      F46D5524 
 268 0639 5AF4A9B7 		.ascii	"Z\364\251\267\352\326\256\"\277\253\205\337\326\222"
 268      EAD6AE22 
 268      BFAB85DF 
 268      D692
 269 0647 0FA8D07D 		.ascii	"\017\250\320}Zt\267\026}U\025\312#\317\241\250\223\242"
 269      5A74B716 
 269      7D5515CA 
 269      23CFA1A8 
 269      93A2
 270 0659 E2BEE339 		.ascii	"\342\276\3439\2227\002W\345\360\242\347\005\367\306"
 270      92370257 
 270      E5F0A2E7 
 270      05F7C6
 271 0668 FA54B1DF 		.ascii	"\372T\261\337\367\234D\006gg\312\351\273\246\225\222"
 271      F79C4406 
 271      6767CAE9 
 271      BBA69592 
 272 0678 84084CE0 		.ascii	"\204\010L\340\347\211\262\216\372\356\2316:\245\246"
 272      E789B28E 
 272      FAEE9936 
 272      3AA5A6
 273 0687 6994EC96 		.ascii	"i\224\354\226\226\354\307\267*\242r}\3233\332\035\351"
 273      96ECC7B7 
 273      2AA2727D 
 273      D333DA1D 
 273      E9
 274 0698 4A80C7AF 		.ascii	"J\200\307\257\244\360\027\310\204\0069\\\336\372\250"
 274      A4F017C8 
 274      8406395C 
 274      DEFAA8
 275 06a7 594B3EA4 		.ascii	"YK>\244\312q\277\347\205\247&\037\212c\3447\200\374"
 275      CA71BFE7 
 275      85A7261F 
 275      8A63E437 
ARM GAS  C:\Users\CYIRKO~1\AppData\Local\Temp\cc8oc8KT.s 			page 21


 275      80FC
 276 06b9 0A87CBEF 		.ascii	"\012\207\313\357w^@\006'7\204\226\363\245\243q\252\236"
 276      775E4006 
 276      27378496 
 276      F3A5A371 
 276      AA9E
 277 06cb 9ECDF5DF 		.ascii	"\236\315\365\337\036\316\202\363\177\034K\317\323\373"
 277      1ECE82F3 
 277      7F1C4BCF 
 277      D3FB
 278 06d9 5EF05582 		.ascii	"^\360U\2026\211\343\320\006\321}\340\222dy\336\341h"
 278      3689E3D0 
 278      06D17DE0 
 278      926479DE 
 278      E168
 279 06eb 236CECFF 		.ascii	"#l\354\377\367&''\303\255\264+\242\372BE\"T\336\311"
 279      F7262727 
 279      C3ADB42B 
 279      A2FA4245 
 279      2254DEC9 
 280 06ff 19A21FBD 		.ascii	"\031\242\037\275\233\301\177\000\347W?\3166\342L=;\307"
 280      9BC17F00 
 280      E7573FCE 
 280      36E24C3D 
 280      3BC7
 281 0711 CF377721 		.ascii	"\3177w!\270\335\271z\311\355.\240\354\302uI\002\236"
 281      B8DDB97A 
 281      C9ED2EA0 
 281      ECC27549 
 281      029E
 282 0723 64C4AECD 		.ascii	"d\304\256\315\231\312,\241\371\346]q\263Hnz\227_\225"
 282      99CA2CA1 
 282      F9E65D71 
 282      B3486E7A 
 282      975F95
 283 0736 E4897807 		.ascii	"\344\211x\007c+\274]\333\300\317z#\250\227\0126\025"
 283      632BBC5D 
 283      DBC0CF7A 
 283      23A8970A 
 283      3615
 284 0748 E9D83172 		.ascii	"\351\3301r\223\014\347\267>\3124\340\375\014\373\342"
 284      930CE7B7 
 284      3ECA34E0 
 284      FD0CFBE2 
 285 0758 E6A64EC4 		.ascii	"\346\246N\304\260$\252\206\273{\237\215|\272o\023\371"
 285      B024AA86 
 285      BB7B9F8D 
 285      7CBA6F13 
 285      F9
 286 0769 A9B255A4 		.ascii	"\251\262U\244\307\312\271\301\272!?\354\242L\272\336"
 286      C7CAB9C1 
 286      BA213FEC 
 286      A24CBADE 
 287 0779 C2813BF0 		.ascii	"\302\201;\360E2\011!\003H\261\374\361(\240|\321\200"
 287      45320921 
 287      0348B1FC 
 287      F128A07C 
ARM GAS  C:\Users\CYIRKO~1\AppData\Local\Temp\cc8oc8KT.s 			page 22


 287      D180
 288 078b BE15B1FC 		.ascii	"\276\025\261\374\361\235-\001}\377\227\244\233]\326"
 288      F19D2D01 
 288      7DFF97A4 
 288      9B5DD6
 289 079a FA0B243C 		.ascii	"\372\013$<Q@\323\351a\205r\241>\371\324O\2018\011\345"
 289      5140D3E9 
 289      618572A1 
 289      3EF9D44F 
 289      813809E5 
 290 07ae 81A36CA8 		.ascii	"\201\243l\2505\351\001\207\007\332js|\225\223\011Q\356"
 290      35E90187 
 290      07DA6A73 
 290      7C959309 
 290      51EE
 291 07c0 6CC06589 		.ascii	"l\300e\211$\276B\321$GI\320\353[\363s"
 291      24BE42D1 
 291      244749D0 
 291      EB5BF373 
 292 07d0 7C0CDC47 		.ascii	"|\014\334G\312;}\000\272\272s\325\026\0375\367\366w"
 292      CA3B7D00 
 292      BABA73D5 
 292      161F35F7 
 292      F677
 293 07e2 713F4FE9 		.ascii	"q?O\351k7N)\224\332\\\360\231S\037X\225\344\222\234"
 293      6B374E29 
 293      94DA5CF0 
 293      99531F58 
 293      95E4929C 
 294 07f6 73509168 		.ascii	"sP\221hB9P,\370\226Q\231n\201\236\305\242\200\212\305"
 294      4239502C 
 294      F8965199 
 294      6E819EC5 
 294      A2808AC5 
 295 080a 29E4A360 		.ascii	")\344\243`\2706\317\210O\260\364\257JM\252\362r\027"
 295      B836CF88 
 295      4FB0F4AF 
 295      4A4DAAF2 
 295      7217
 296 081c 7E46B9AA 		.ascii	"~F\271\252\360\3446^\242\024\276D[\370RZ\370\243\267"
 296      F0E4365E 
 296      A214BE44 
 296      5BF8525A 
 296      F8A3B7
 297 082f B667EB70 		.ascii	"\266g\353p\007g\333\331V1\212\2635\007\263\317\234|"
 297      0767DBD9 
 297      56318AB3 
 297      3507B3CF 
 297      9C7C
 298 0841 F699B343 		.ascii	"\366\231\263Ca\332\241e\332I\231r\317\\Z\351\215o2\246"
 298      61DAA165 
 298      DA499972 
 298      CF5C5AE9 
 298      8D6F32A6 
 299 0855 8ECEE45A 		.ascii	"\216\316\344Z\276,|UW\377\361\374\352\377\252\277\355"
 299      BE2C7C55 
 299      57FFF1FC 
ARM GAS  C:\Users\CYIRKO~1\AppData\Local\Temp\cc8oc8KT.s 			page 23


 299      EAFFAABF 
 299      ED
 300 0866 15BF131A 		.ascii	"\025\277\023\032@=\230T\331\243\037q\325T\310\253f7"
 300      403D9854 
 300      D9A31F71 
 300      D554C8AB 
 300      6637
 301 0878 4B74E7BA 		.ascii	"Kt\347\272\247\227t\332\"\356\202l\225\323lU\322DW\310"
 301      A79774DA 
 301      22EE826C 
 301      95D36C55 
 301      D24457C8 
 302 088c 896EE87C 		.ascii	"\211n\350||\330\250-\313\210\3505\247\323\326\371\270"
 302      7CD8A82D 
 302      CB88E835 
 302      A7D3D6F9 
 302      B8
 303 089d CB328B97 		.ascii	"\3132\213\227\245\212\227\005\276\347T\246e\274,{hY"
 303      A58A9705 
 303      BEE754A6 
 303      65BC2C7B 
 303      6859
 304 08af 6A3667CC 		.ascii	"j6g\314\306O\331\354\033\266T\327\213JU*\006\224\252"
 304      C64FD9EC 
 304      1BB654D7 
 304      8B4A552A 
 304      0694AA
 305 08c2 904FB76A 		.ascii	"\220O\267j%\227\325\332\\\356\245\271\2549\333}\307"
 305      2597D5DA 
 305      5CEEA5B9 
 305      AC39DB7D 
 305      C7
 306 08d3 88577B51 		.ascii	"\210W{Q\266\247\027\333\332\261;\246\331\232\230\216"
 306      B6A717DB 
 306      DAB13BA6 
 306      D99A988E 
 307 08e3 BF11D33E 		.ascii	"\277\021\323>\036S\2158E\360\262;\026\304\3078\274?"
 307      1E538D38 
 307      45F0B23B 
 307      16C4C738 
 307      BC3F
 308 08f5 59F4677F 		.ascii	"Y\364g\177sh\250\020<\377\243\010\363\262\230%1\341"
 308      7368A810 
 308      3CFFA308 
 308      F3B29825 
 308      31E1
 309 0907 8E15D131 		.ascii	"\216\025\3211\011\021Q\244\235`\017\375`VH\202=dYdl"
 309      091151A4 
 309      9D600FFD 
 309      60564882 
 309      3D645964 
 310 091c 883D318A 		.ascii	"\210=1\212\374\267\332\035\301Q\202\237\335\021\356"
 310      FCB7DA1D 
 310      C151829F 
 310      DD11EE
 311 092b 884C74CC 		.ascii	"\210Lt\314\215\215L\2143X\255+b\342\035\241\263\254"
 311      8D8D4C8C 
ARM GAS  C:\Users\CYIRKO~1\AppData\Local\Temp\cc8oc8KT.s 			page 24


 311      3358AD2B 
 311      62E21DA1 
 311      B3AC
 312 093d 8EA5B68F 		.ascii	"\216\245\266\217\230\251\235\3218\022\022b\355\021\237"
 312      98A99DD1 
 312      38121262 
 312      ED119F
 313 094c C7AFF0A7 		.ascii	"\307\257\360\247-\177@\373\333\342\226\330\242\243m"
 313      2D7F40FB 
 313      DBE296D8 
 313      A2A36D
 314 095b D111B382 		.ascii	"\321\021\263\202\247\373\207M\013\375\340\357\241\021"
 314      A7FB874D 
 314      0BFDE0EF 
 314      A111
 315 0969 D0FF7E7C 		.ascii	"\320\377~|B\274\355}[\344\222\230\210\230\370\250\330"
 315      42BCED7D 
 315      5BE49298 
 315      8898F8A8 
 315      D8
 316 097a 15D1B688 		.ascii	"\025\321\266\210\270H\340\212\267EX\243mK#W\304:\254"
 316      B848E08A 
 316      B74558A3 
 316      6D4B2357 
 316      C43AAC
 317 098d 8E2F96DB 		.ascii	"\216/\226\333\354\301\313\004o\331\337_\377\247\376"
 317      ECC1CB04 
 317      6FD9DF5F 
 317      FFA7FE
 318 099c EC5FD823 		.ascii	"\354_\330#`~\321@\016N|@u\304\304\331\254\216\231\357"
 318      607ED140 
 318      0E4E7C40 
 318      75C4C4D9 
 318      AC8E99EF 
 319 09b0 4C4EA223 		.ascii	"LN\242#\204\023\204D-#6<H_\222\243\204\345,E\320\266"
 319      84138444 
 319      2D23363C 
 319      485F92A3 
 319      84E52C45 
 320 09c6 39E4E627 		.ascii	"9\344\346'\274\011\010kll\2645\006*1\357'\013\260<!"
 320      BC09086B 
 320      6C6CB435 
 320      062A31EF 
 320      270BB03C 
 321 09db D1610F09 		.ascii	"\321a\017\011_\274pzX\310\247\237\316\013Y\274`\341"
 321      5FBC707A 
 321      58C8A79F 
 321      CE0B59BC 
 321      60E1
 322 09ed 3F427949 		.ascii	"?ByI\010\015\270\324\233\315\013-\323y=\246\207Y\035"
 322      080DB8D4 
 322      9BCD0B2D 
 322      D3793DA6 
 322      87591D
 323 0a00 DE7243FC 		.ascii	"\336rC\374\243E7o\341\\\013\236g\266\350>\236\267\330"
 323      A345376F 
 323      E15C0B9E 
ARM GAS  C:\Users\CYIRKO~1\AppData\Local\Temp\cc8oc8KT.s 			page 25


 323      67B6E83E 
 323      9EB7D8
 324 0a13 82CD660B 		.ascii	"\202\315f\013\266\200\314\265X\360\237\302\315\330\274"
 324      B680CCB5 
 324      58F09FC2 
 324      CDD8BC
 325 0a22 68B1CE6C 		.ascii	"h\261\316l\236o\241\034a\3647\024\317\377\304\"\206"
 325      9E6FA11C 
 325      61F43714 
 325      CFFFC422 
 325      86
 326 0a33 83E582F9 		.ascii	"\203\345\202\371\026]\370B@\233-a \241\200\374\213\305"
 326      165DF842 
 326      409B2D61 
 326      20A180FC 
 326      8BC5
 327 0a45 FC5F866C 		.ascii	"\374_\206lw\304\221\220b\342X\222\270bu\230x:\354de"
 327      77C49190 
 327      62E25892 
 327      B8627598 
 327      783AEC64 
 328 0a5a 59234986 		.ascii	"Y#I\206\214V\353\322\025\361QVk\360\207\323f|\350-k"
 328      8C56EBD2 
 328      15F15156 
 328      6BF087D3 
 328      667CE82D 
 329 0a6f BAA86591 		.ascii	"\272\250e\221\211\357\271\341\011\313\031z\254\334c"
 329      89EFB9E1 
 329      09CB197A 
 329      ACDC63
 330 0a7e F3603E73 		.ascii	"\363`>s\246<\374\271\307\341\337\375\013.\304lo"
 330      A63CFCB9 
 330      C7E1DFFD 
 330      0B2EC46C 
 330      6F
 331              		.text
 332              		.section	.gnu.lto_.symtab.5638d37e,"",%progbits
 333 0000 7374496E 		.ascii	"stInit\000"
 333      697400
 334 0007 00       		.ascii	"\000"
 335 0008 00       		.ascii	"\000"
 336 0009 00       		.ascii	"\000"
 337 000a 00000000 		.ascii	"\000\000\000\000\000\000\000\000"
 337      00000000 
 338 0012 AE000000 		.ascii	"\256\000\000\000"
 339 0016 73745374 		.ascii	"stStartAlarm\000"
 339      61727441 
 339      6C61726D 
 339      00
 340 0023 00       		.ascii	"\000"
 341 0024 00       		.ascii	"\000"
 342 0025 00       		.ascii	"\000"
 343 0026 00000000 		.ascii	"\000\000\000\000\000\000\000\000"
 343      00000000 
 344 002e BD000000 		.ascii	"\275\000\000\000"
 345 0032 73745374 		.ascii	"stStopAlarm\000"
 345      6F70416C 
ARM GAS  C:\Users\CYIRKO~1\AppData\Local\Temp\cc8oc8KT.s 			page 26


 345      61726D00 
 346 003e 00       		.ascii	"\000"
 347 003f 00       		.ascii	"\000"
 348 0040 00       		.ascii	"\000"
 349 0041 00000000 		.ascii	"\000\000\000\000\000\000\000\000"
 349      00000000 
 350 0049 BF000000 		.ascii	"\277\000\000\000"
 351 004d 73745365 		.ascii	"stSetAlarm\000"
 351      74416C61 
 351      726D00
 352 0058 00       		.ascii	"\000"
 353 0059 00       		.ascii	"\000"
 354 005a 00       		.ascii	"\000"
 355 005b 00000000 		.ascii	"\000\000\000\000\000\000\000\000"
 355      00000000 
 356 0063 C1000000 		.ascii	"\301\000\000\000"
 357 0067 73744765 		.ascii	"stGetAlarm\000"
 357      74416C61 
 357      726D00
 358 0072 00       		.ascii	"\000"
 359 0073 00       		.ascii	"\000"
 360 0074 00       		.ascii	"\000"
 361 0075 00000000 		.ascii	"\000\000\000\000\000\000\000\000"
 361      00000000 
 362 007d C4000000 		.ascii	"\304\000\000\000"
 363 0081 73745F6C 		.ascii	"st_lld_init\000"
 363      6C645F69 
 363      6E697400 
 364 008d 00       		.ascii	"\000"
 365 008e 02       		.ascii	"\002"
 366 008f 00       		.ascii	"\000"
 367 0090 00000000 		.ascii	"\000\000\000\000\000\000\000\000"
 367      00000000 
 368 0098 C6000000 		.ascii	"\306\000\000\000"
 369              		.text
 370              		.section	.gnu.lto_.opts,"",%progbits
 371 0000 272D666D 		.ascii	"'-fmath-errno' '-fsigned-zeros' '-ftrapping-math' '"
 371      6174682D 
 371      6572726E 
 371      6F272027 
 371      2D667369 
 372 0033 2D666E6F 		.ascii	"-fno-trapv' '-fno-openmp' '-fno-openacc' '-mcpu=cor"
 372      2D747261 
 372      70762720 
 372      272D666E 
 372      6F2D6F70 
 373 0066 7465782D 		.ascii	"tex-m7' '-mno-thumb-interwork' '-mthumb' '-ggdb' '-"
 373      6D372720 
 373      272D6D6E 
 373      6F2D7468 
 373      756D622D 
 374 0099 4F322720 		.ascii	"O2' '-fomit-frame-pointer' '-falign-functions=16' '"
 374      272D666F 
 374      6D69742D 
 374      6672616D 
 374      652D706F 
 375 00cc 2D666675 		.ascii	"-ffunction-sections' '-fdata-sections' '-fno-common"
ARM GAS  C:\Users\CYIRKO~1\AppData\Local\Temp\cc8oc8KT.s 			page 27


 375      6E637469 
 375      6F6E2D73 
 375      65637469 
 375      6F6E7327 
 376 00ff 2720272D 		.ascii	"' '-flto'\000"
 376      666C746F 
 376      2700
 377              		.text
 378              		.comm	__gnu_lto_v1,1,1
 379              		.comm	__gnu_lto_slim,1,1
 380              		.ident	"GCC: (GNU Tools for ARM Embedded Processors 6-2017-q1-update) 6.3.1 20170215 (release) [AR
ARM GAS  C:\Users\CYIRKO~1\AppData\Local\Temp\cc8oc8KT.s 			page 28


DEFINED SYMBOLS
                            *ABS*:00000000 hal_st.c
                            *COM*:00000001 __gnu_lto_v1
                            *COM*:00000001 __gnu_lto_slim

NO UNDEFINED SYMBOLS
