ARM GAS  C:\Users\CYIRKO~1\AppData\Local\Temp\ccXEfnkR.s 			page 1


   1              		.cpu cortex-m7
   2              		.eabi_attribute 20, 1
   3              		.eabi_attribute 21, 1
   4              		.eabi_attribute 23, 3
   5              		.eabi_attribute 24, 1
   6              		.eabi_attribute 25, 1
   7              		.eabi_attribute 26, 1
   8              		.eabi_attribute 30, 2
   9              		.eabi_attribute 34, 1
  10              		.eabi_attribute 18, 4
  11              		.file	"hal_ext.c"
  12              		.text
  13              	.Ltext0:
  14              		.section	.gnu.lto_.profile.5638d9a0,"",%progbits
  15 0000 789C6365 		.ascii	"x\234ce`b`a```dH\325\000\000\001r\000\232"
  15      60626061 
  15      60606064 
  15      48D50000 
  15      0172009A 
  16              		.text
  17              		.section	.gnu.lto_.icf.5638d9a0,"",%progbits
  18 0000 789C6365 		.ascii	"x\234ce`b\320f@\000v\206\205??\354\345a\234\374\367"
  18      6062D066 
  18      40007686 
  18      853F3FEC 
  18      E5619CFC 
  19 0015 D30B4EA6 		.ascii	"\323\013N\246\353\033\327\356ag\276\276\377\002;\313"
  19      EB1BD7EE 
  19      6167BEBE 
  19      FF023BCB 
  20 0025 9353134F 		.ascii	"\223S\023O0\261\202I\266\356u\223n\3610\000\000\350"
  20      30B18249 
  20      B6EE7593 
  20      6EF13000 
  20      00E8
  21 0037 D3153D   		.ascii	"\323\025="
  22              		.text
  23              		.section	.gnu.lto_.jmpfuncs.5638d9a0,"",%progbits
  24 0000 789C6D8B 		.ascii	"x\234m\2131\016\000 \010\003)\202>\324W8\365\353\202"
  24      310E0020 
  24      08032982 
  24      3ED45738 
  24      F5EB82
  25 0013 0CC6C40E 		.ascii	"\014\306\304\016m9R\027\225)W#\015!\252\002\215\021"
  25      6D395217 
  25      95295723 
  25      0D21AA02 
  25      8D11
  26 0025 2B512B74 		.ascii	"+Q+t\272\345\007\260\272t!\334?\254\347h\220|\250l\232"
  26      BAE507B0 
  26      BA7421DC 
  26      3FACE768 
  26      907CA86C 
  27 003a A50817   		.ascii	"\245\010\027"
  28              		.text
  29              		.section	.gnu.lto_.inline.5638d9a0,"",%progbits
  30 0000 789C6365 		.ascii	"x\234ce`b8\312\200\000\354\014\014,<\214@A\006\006\266"
ARM GAS  C:\Users\CYIRKO~1\AppData\Local\Temp\ccXEfnkR.s 			page 2


  30      606238CA 
  30      8000EC0C 
  30      0C2C3C8C 
  30      40410606 
  31 0015 05F2208A 		.ascii	"\005\362 \212\201\221\013D0\260\262\000\205\231.\360"
  31      81910B44 
  31      30B0B200 
  31      85992EF0 
  32 0025 33707CD0 		.ascii	"3p|\320\003\21331p\012\002\205\330>\350!\204\270\201"
  32      038B3331 
  32      700A0285 
  32      D83EE821 
  32      84B881
  33 0038 2A27F831 		.ascii	"*'\3701\343\224aa\340\020\000\312\260,\220\207\033\317"
  33      E3946161 
  33      E01000CA 
  33      B02C9087 
  33      1BCF
  34 004a CC03949D 		.ascii	"\314\003\224\235\3407\301\217\025\217\034\033\003\267"
  34      E037C18F 
  34      158F1C1B 
  34      03B7
  35 0058 30232383 		.ascii	"0##\203\002#\003\263\002\013\307\001;\210\012\306\027"
  35      022303B3 
  35      020BC701 
  35      3B880AC6 
  35      17
  36 0069 EC2C1012 		.ascii	"\354,\020\022E1\003\000T&\027]"
  36      45310300 
  36      5426175D 
  37              		.text
  38              		.section	.gnu.lto_.pureconst.5638d9a0,"",%progbits
  39 0000 789C6365 		.ascii	"x\234ce`b\020f```g\220`\224b\332\305\310\274\213\221"
  39      60621066 
  39      60606067 
  39      90609462 
  39      DAC5C8BC 
  40 0016 651723EB 		.ascii	"e\027#\353.F6)\000\037\252\003o"
  40      2E463629 
  40      001FAA03 
  40      6F
  41              		.text
  42              		.section	.gnu.lto_extInit.5638d9a0,"",%progbits
  43 0000 789C6365 		.ascii	"x\234ce`bX\314\300\300`\010\304\322@\314\310\314\300"
  43      606258CC 
  43      C0C06008 
  43      C4D240CC 
  43      C8CCC0
  44 0013 C834E11C 		.ascii	"\3104\341\034\003C#\007\023##\210\321\300\301\310P\317"
  44      03432307 
  44      13232388 
  44      D1C0C1C8 
  44      50CF
  45 0025 C458CFD8 		.ascii	"\304X\317\330\317<\235\231\361P\373\263\235L\232\313"
  45      CF3C9D99 
  45      F150FBB3 
  45      9D4C9ACB 
ARM GAS  C:\Users\CYIRKO~1\AppData\Local\Temp\ccXEfnkR.s 			page 3


  46 0035 1B80E0C0 		.ascii	"\033\200\340\300\364\017\222\015+\0160\316gf`\230\011"
  46      F40F920D 
  46      2B0E30CE 
  46      67666098 
  46      09
  47 0046 C420C0B8 		.ascii	"\304 \300\270\234Q\223\001\250\354\321\306\177Sy\331"
  47      9C519301 
  47      A8ECD1C6 
  47      7F5379D9 
  48 0056 5820E28C 		.ascii	"X \342\214+\030\331\030\201\364\372K\214\007\032\376"
  48      2B18D918 
  48      81F4FA4B 
  48      8C071AFE 
  49 0066 FD6F6F38 		.ascii	"\375oo8\360d\021\343wV\240T\027\020\203\354\350ff\002"
  49      F06411E3 
  49      7756A054 
  49      171083EC 
  49      E8666602 
  50 007a D1CCAF19 		.ascii	"\321\314\257\031\233\027\274\226\006\251\007\031\262"
  50      9B17BC96 
  50      06A90719 
  50      B2
  51 0087 73E79BDB 		.ascii	"s\347\233\333\354\365\177\0338\34633\316d\006\232\300"
  51      ECF57F1B 
  51      38E63333 
  51      CE64069A 
  51      C0
  52 0098 B892B19E 		.ascii	"\270\222\261\236a>P\355[\306\246\005\357\271\301\352"
  52      613E50ED 
  52      5BC6A605 
  52      EFB9C1EA 
  53 00a8 40A00B28 		.ascii	"@\240\013(\011\324\316\304\300\240\357j\025\343\234"
  53      09D4CEC4 
  53      C0A0EF6A 
  53      15E39C
  54 00b7 91999419 		.ascii	"\221\231\224\031\\R\232\222\231\037\223\014b\347\027"
  54      5C529A92 
  54      991F930C 
  54      62E717
  55 00c6 1B9A9BE9 		.ascii	"\033\232\233\351\347\027\353g$\346\350\027\027%\203"
  55      E717EB67 
  55      24E6E817 
  55      172583
  56 00d5 E8F8D48A 		.ascii	"\350\370\324\212\022\275d\006\000b\205HF"
  56      12BD6406 
  56      00628548 
  56      46
  57              		.text
  58              		.section	.gnu.lto_extObjectInit.5638d9a0,"",%progbits
  59 0000 789C9550 		.ascii	"x\234\225PM+\204Q\024>\317{\346+a\255L\262P\262\361"
  59      4D2B8451 
  59      143ECF7B 
  59      E62B61AD 
  59      4CB250B2 
  60 0015 C66294AD 		.ascii	"\306b\224\255\370\003\266Sb(Sjd(;\327\370\030\015\231"
  60      F803B653 
  60      6228536A 
ARM GAS  C:\Users\CYIRKO~1\AppData\Local\Temp\ccXEfnkR.s 			page 4


  60      64283BD7 
  60      F8180D99 
  61 0029 2931E3AB 		.ascii	")1\343\253w\026&\3373\206,\254L6J>bco$\212\205R6\302"
  61      771626DF 
  61      33862CAC 
  61      4C364A3E 
  61      62636F24 
  62 0042 B9AF9ABD 		.ascii	"\271\257\232\275[\247s\316\275\317y\316\363\\'\031\224"
  62      5BA773CE 
  62      BDCF79CE 
  62      F35C2719 
  62      94
  63 0053 01918F88 		.ascii	"\001\221\217\210\252%\300\004#qM4\3561\000](\017h\314"
  63      AA25C004 
  63      23714D34 
  63      EE31005D 
  63      280F68CC 
  64 0067 C018E29C 		.ascii	"\300\030\342\234d\234E\237N\214\206M%\247\220L\271\246"
  64      649C459F 
  64      4E8C864D 
  64      25A7904C 
  64      B9A6
  65 0079 D55495C5 		.ascii	"\325T\225\305D\313\022\372`\023\015\202\272\235<X\343"
  65      44CB12FA 
  65      60130D82 
  65      BA9D3C58 
  65      E3
  66 008a 79B61870 		.ascii	"y\266\030pH\373~\265R\254\324\255\201Zi\255\351\267"
  66      48FB7EB5 
  66      52ACD4AD 
  66      815A69AD 
  66      E9B7
  67 009c 55E66690 		.ascii	"U\346f\220\324\367\211\323\326\372\214R\021U\370Z`U"
  67      D4F789D3 
  67      D6FA8C52 
  67      1155F85A 
  67      6055
  68 00ae 67316307 		.ascii	"g1c\007,|\330\206\027[\360\222\\\021vQ\257\341\017\371"
  68      2C7CD886 
  68      175BF092 
  68      5C117651 
  68      AFE10FF9 
  69 00c2 EFC50A97 		.ascii	"\357\305\012\227\343o\037\366\340\022\351\224\273CA"
  69      E36F1FF6 
  69      E012E994 
  69      BB4341
  70 00d1 7DFF4455 		.ascii	"}\377DU\341u\003\371\016\247\010\327p\212\011H;\230"
  70      E17503F9 
  70      0EA708D7 
  70      708A0948 
  70      3B98
  71 00e3 6543677E 		.ascii	"eCg~A\344\343y~\242L\317\011\327\322\324\331\215[\253"
  71      41E4E379 
  71      7EA24CCF 
  71      09D7D2D4 
  71      D98D5BAB 
  72 00f7 625BC9E7 		.ascii	"b[\311\347\371\305L\271\205\365q\261\226\256\261\330"
ARM GAS  C:\Users\CYIRKO~1\AppData\Local\Temp\ccXEfnkR.s 			page 5


  72      F9C54CB9 
  72      85F571B1 
  72      96AEB1D8 
  73 0107 B12E72F7 		.ascii	"\261.r\367e\277~\314<F\262ns_\333\256\265\330\211,,"
  73      65BF7ECC 
  73      3C46B26E 
  73      735FDBAE 
  73      B5D8892C 
  74 011c A46CCFC8 		.ascii	"\244l\317\310\301\024\300q\3642_\246\311\234\000\016"
  74      C114C071 
  74      F4325FA6 
  74      C99C000E 
  75 012c 64CA5E16 		.ascii	"d\312^\026/-\373\007\273\013y\233][\303\241\315^\222"
  75      2F2DFB07 
  75      BB0B799B 
  75      5D5BC3A1 
  75      CD5E92
  76 013f 2A7E7124 		.ascii	"*~q$So\210\244\213s\320\344\366\277\307\004-\026\015"
  76      536F88A4 
  76      8B73D0E4 
  76      F6BFC704 
  76      2D160D
  77 0152 22B3BDD5 		.ascii	"\"\263\275\325\337\326\037\354\011v\016\217\364\006"
  77      DFD61FEC 
  77      09760E8F 
  77      F406
  78 0160 43FE80AE 		.ascii	"C\376\200\256C\341\246\026\237\031\012\233\375\335\003"
  78      43E1A616 
  78      9F190A9B 
  78      FDDD03
  79 016f 667828A0 		.ascii	"fx(\240sW\337\350pc\200\034\222\006\177\001\274\321"
  79      7357DFE8 
  79      7063801C 
  79      92067F01 
  79      BCD1
  80 0181 998D     		.ascii	"\231\215"
  81              		.text
  82              		.section	.gnu.lto_extStart.5638d9a0,"",%progbits
  83 0000 789C9553 		.ascii	"x\234\225SohUe\030\177~\347=\367\217\233\205\037\203"
  83      6F685565 
  83      187F7EE7 
  83      3DF78F9B 
  83      851F83
  84 0013 24CEA831 		.ascii	"$\316\2501\205\360\230H\003\011\241FA\037\366!\367U"
  84      85F09848 
  84      0309A146 
  84      411FF621 
  84      F755
  85 0025 18F378F3 		.ascii	"\030\363x\363^\330\335\031\367l\242\037\342\036o\323"
  85      5ED8DD19 
  85      F76CA21F 
  85      E21E6FD3 
  86 0035 855A0996 		.ascii	"\205Z\011\226\336m]\316Hd[\265?\256,onw\267iijE\262"
  86      DE6D5DCE 
  86      48645BB5 
  86      3FAE2C6F 
  86      6E77B769 
ARM GAS  C:\Users\CYIRKO~1\AppData\Local\Temp\ccXEfnkR.s 			page 6


  87 004d 4810A2B6 		.ascii	"H\020\242\266\326ZiX\006\025\325\354y\336\266\241w\340"
  87      D65A6958 
  87      0615D5EC 
  87      79DEB6A1 
  87      77E0
  88 005f EA857BDF 		.ascii	"\352\205{\337?\317\357\367\274\317\363{\177'D\006u\232"
  88      3FCFEFF7 
  88      BCCFF37B 
  88      7F274406 
  88      759A
  89 0071 443520BA 		.ascii	"D5 \272\237\210\240\010\306\241O\211\366D\015@\026~"
  89      9F88A008 
  89      C6A14F89 
  89      F6440D40 
  89      167E
  90 0083 14943690 		.ascii	"\024\2246\220\306\313\352\250\302x\373wycm\217\317\243"
  90      C6CBEAA8 
  90      C278FB77 
  90      79636D8F 
  90      CFA3
  91 0095 78F44A78 		.ascii	"x\364Jx\237\277\367\276@\021u\360O\006z\260\226Q\237"
  91      9FBFF7BE 
  91      401175F0 
  91      4F067AB0 
  91      96519F
  92 00a8 B70DBDA6 		.ascii	"\267\015\275\246^R\201\002L\336\376\374I\347\324\275"
  92      5E528102 
  92      4CDEFEFC 
  92      49E7D4BD 
  93 00b8 B23560F1 		.ascii	"\2625`\3616\330w\275K\251\015 ^\177yhlS\325q\337\317"
  93      36D877BD 
  93      4BA90D20 
  93      5E7F7968 
  93      6C53D571 
  94 00ce F8C589C3 		.ascii	"\370\305\211\303\312\177(P\012o@q>\364a5z\261\232\370"
  94      CA7F2850 
  94      0A6F4071 
  94      3EF46135 
  94      7AB19AF8 
  95 00e2 88F026AA 		.ascii	"\210\360&\252\030=;78c\252j\315\354\373\252\353\231"
  95      183D3B37 
  95      3863AA6A 
  95      CDECFBAA 
  95      EB99
  96 00f4 79E6A523 		.ascii	"y\346\245#\232i\342\255R\246I\350G\225\300'O\314\275"
  96      9A69E2AD 
  96      52A649E8 
  96      4795C027 
  96      4FCCBD
  97 0107 7A4FD83C 		.ascii	"zO\330<\266P,\006\020\346\236i\3602\212\376\334\255"
  97      B6502C06 
  97      10E69E69 
  97      F0328AFE 
  97      DCAD
  98 0119 76CED283 		.ascii	"v\316\322\203[O\255\340\256\371..\\x\264\237\241\"\302"
  98      5B4FADE0 
  98      AEF92E2E 
ARM GAS  C:\Users\CYIRKO~1\AppData\Local\Temp\ccXEfnkR.s 			page 7


  98      5C78B49F 
  98      A122C2
  99 012c 0165C8AC 		.ascii	"\001e\310\254\246aH\262\231\221\366\011\250\315\272"
  99      A66148B2 
  99      9991F609 
  99      A8CDBA
 100 013b 8E93852B 		.ascii	"\216\223\205+\331\262\312c\272\220\231\354\232\316\347"
 100      D9B2CA63 
 100      BA9099EC 
 100      9ACEE7
 101 014a 2F1EF4BB 		.ascii	"/\036\364\2733\253\002\025\302\340\235\345h\201\206"
 101      33AB0215 
 101      C2E09DE5 
 101      688186
 102 0159 50C9A4F6 		.ascii	"P\311\244\366Y\177\324\024EB\260p\202c? 39\370\312\320"
 102      597FD414 
 102      4542B070 
 102      82633F20 
 102      3339F8CA 
 103 016e 652C96DA 		.ascii	"e,\226\332\2465>|#\254K\355P\240\222\320\315S\033\237"
 103      A6353E7C 
 103      23AC4BED 
 103      50A092D0 
 103      CD531B9F 
 104 0182 230C4BCC 		.ascii	"#\014K\314(\215\375Y\260\352\011oKL\225\306\246\262"
 104      288DFD59 
 104      B0EA096F 
 104      4B4C95C6 
 104      A6B2
 105 0194 6BBA94D4 		.ascii	"k\272\224\324AxG\000\346m\362\020N\"\314U\276+\342\200"
 105      41784700 
 105      E66DF210 
 105      4E22CC55 
 105      BE2BE280 
 106 01a8 7A0D0EBD 		.ascii	"z\015\016\275\036\014\377^V\2217\002?k\005*,\350\376"
 106      1E0CFF5E 
 106      56913702 
 106      3F6B052A 
 106      2CE8FE
 107 01bb A9D37ED4 		.ascii	"\251\323~\3244\030\370\036*HNn\\\233\270j\360\011N\301"
 107      3418F81E 
 107      2A484E6E 
 107      5C9BB86A 
 107      F0094EC1 
 108 01cf D40D11F2 		.ascii	"\324\015\021\362\372\355{\013g\246WV\214\314\263#\202"
 108      FAED7B0B 
 108      67A65756 
 108      8CCCB323 
 108      82
 109 01e0 FD6560F8 		.ascii	"\375e`\370\213r\315~_\3308\015\223\246\221\261\2648"
 109      8B72CD7E 
 109      5FD8380D 
 109      93A691B1 
 109      B438
 110 01f2 44B3C874 		.ascii	"D\263\310t\3761\371S\321\220\276\031~d\357\370g\021"
 110      FE31F953 
 110      D190BE19 
ARM GAS  C:\Users\CYIRKO~1\AppData\Local\Temp\ccXEfnkR.s 			page 8


 110      7E64EFF8 
 110      6711
 111 0204 D1EA5F09 		.ascii	"\321\352_\011~;w\341\205\225\001r{\270\227\356\007\002"
 111      7E3B77E1 
 111      85950172 
 111      7BB897EE 
 111      0702
 112 0216 15CDB1AD 		.ascii	"\025\315\261\255F\344F\016\036\37763\020\261\373\245"
 112      46E4460E 
 112      1EFF3633 
 112      10B1FBA5 
 113 0226 4F4B0C31 		.ascii	"OK\0141\212\000Y\355M\024`\347X\214\037\321\326}\363"
 113      8A0059ED 
 113      4D1460E7 
 113      588C1FD1 
 113      D67DF3
 114 0239 4525B985 		.ascii	"E%\271\205\220\317_\273\032I\377\355G\003\265\242C\205"
 114      90CF5FBB 
 114      1A49FFED 
 114      4703B5A2 
 114      4385
 115 024b 18378634 		.ascii	"\0307\2064q\312@\225I%\277~?:\025\231/\344\177\334\\"
 115      71CA4095 
 115      4925BF7E 
 115      3F3A1599 
 115      2FE47FDC 
 116 0260 8EA2BE59 		.ascii	"\216\242\276Y\034\206\017`3`$8\330W&m\224\303\3008\263"
 116      1C860F60 
 116      33602438 
 116      D857266D 
 116      94C3C038 
 117 0275 E6BD54E2 		.ascii	"\346\275T\342\237\3342\3769\243\375\263\250I\210\237"
 117      9FDC32FE 
 117      39A3FDB3 
 117      A849889F 
 118 0285 E9ECDDFC 		.ascii	"\351\354\335\374\363\327\202\177\302K\375c\245\011\037"
 118      F3D7827F 
 118      C24BFD63 
 118      A5091F
 119 0294 4A2C7287 		.ascii	"J,r\207\005>\022\013,1\324c\011\3029\001G\227\032jc"
 119      053E120B 
 119      2C31D463 
 119      09C23901 
 119      47971A6A 
 120 02a9 4E496184 		.ascii	"NIa\204\363K\015\365\2616\324\205\333\0145\027|S(_\360"
 120      F34B0DF5 
 120      B136D485 
 120      DB0C3517 
 120      7C53285F 
 121 02be CA59ED95 		.ascii	"\312Y\355\225\213\332+\245\306\270\264h\014IN\327\221"
 121      8BDA2BA5 
 121      C6B8B468 
 121      0C494ED7 
 121      91
 122 02cf F9FAC0D8 		.ascii	"\371\372\300\330\203\372\351d\354gy\371\243d\274\375"
 122      83FAE964 
 122      EC6779F9 
ARM GAS  C:\Users\CYIRKO~1\AppData\Local\Temp\ccXEfnkR.s 			page 9


 122      A364BCFD 
 123 02df E4A6AD35 		.ascii	"\344\246\2555\361\304\266D]K\353\366\204\273\325\221"
 123      F1C4B644 
 123      5D4BEBF6 
 123      84BBD591 
 124 02ef B5EB3D52 		.ascii	"\265\353=R\375\250\355zv\274\241\321\366R\216\314\365"
 124      FDA8ED7A 
 124      76BCA1D1 
 124      F6528ECC 
 124      F5
 125 0300 B15D2DEB 		.ascii	"\261]-\353\0342yj\016;n\323\263\211\035\241\235\015"
 125      1C32796A 
 125      0E3B6ED3 
 125      B3891DA1 
 125      9D0D
 126 0312 8DADB1CD 		.ascii	"\215\255\261\315w\315\340\270\311\244\333d7\273\251"
 126      77CDE0B8 
 126      C9A4DB64 
 126      37BBA9
 127 0321 16CF7E7C 		.ascii	"\026\317~|KmM\355.\333\211;n*V\277\263:\271.NO\374\027"
 127      4B6D4DED 
 127      2EDB893B 
 127      6E2A56BF 
 127      B33AB92E 
 128 0339 3A5F6AD7 		.ascii	":_j\327\324\326=]g'\232\234\306\326\3551\333Iz\011\257"
 128      D4D63D5D 
 128      67279A9C 
 128      C6D6ED31 
 128      DB497A09 
 129 034e 7E87E370 		.ascii	"~\207\343p\212\365\313\366\340z\374\227j\321\363\262"
 129      8AF5CBF6 
 129      E07AFC97 
 129      6AD1F3B2 
 130 035e 04C62DDE 		.ascii	"\004\306-\336\022\367v{LXU[\267\305\332\326\340\305"
 130      12F7767B 
 130      4C58555B 
 130      B7C5DAD6 
 130      E0C5
 131 0370 9A538987 		.ascii	"\232S\211\207\255\312\365d\244(\222\214%\335\324n\372"
 131      ADCAF564 
 131      A428928C 
 131      25DDD46E 
 131      FA
 132 0381 07A868E9 		.ascii	"\007\250h\351Q"
 132      51
 133              		.text
 134              		.section	.gnu.lto_extStop.5638d9a0,"",%progbits
 135 0000 789C9553 		.ascii	"x\234\225SmhSg\024>\317}o\223,U\331\317\311DR\\\021"
 135      6D685367 
 135      143ECF7D 
 135      6F932C55 
 135      D9CFC944 
 136 0017 65F4BA31 		.ascii	"e\364\2721,\024\021f\031c?\372\307\376\025J\275\006"
 136      2C141166 
 136      19633FFA 
 136      C7FE154A 
 136      BD06
ARM GAS  C:\Users\CYIRKO~1\AppData\Local\Temp\ccXEfnkR.s 			page 10


 137 0029 1368BC25 		.ascii	"\023h\274%\267\025\375!\271\306j\234\302\024Em\247r"
 137      B715FD21 
 137      B9C66A9C 
 137      C214456D 
 137      A772
 138 003b 378BD4AF 		.ascii	"7\213\324\257~\272nVk\214\355\266n\316M&\216\211E\250"
 138      7EBA6E56 
 138      6B8CEDB6 
 138      6ECE4D26 
 138      8E8945A8 
 139 004f D56EABD5 		.ascii	"\325n\253\325}\012\016\346\272\235\363\316\206~\200"
 139      7D0A0EE6 
 139      BA9DF3CE 
 139      867E80
 140 005e 752F24EF 		.ascii	"u/$\357\307y\236s\236s\362\244\200\014Zo\022\255\000"
 140      C7799E73 
 140      9E73F2A4 
 140      800C5A6F 
 140      12AD00
 141 0071 D1CB4404 		.ascii	"\321\313D\004E0\366~C\2645d\000r\360B\240\224\201\024"
 141      4530F67E 
 141      43B43564 
 141      0072F042 
 141      A0948114 
 142 0085 F6A8430A 		.ascii	"\366\250C\012}\231\037z\214%-\036\257\334\241\216\340"
 142      7D991F7A 
 142      8C252D1E 
 142      AFDCA18E 
 142      E0
 143 0096 0E6FFB4B 		.ascii	"\016o\373K\276\"j\342\217,\264`\011\243\276m\3508\242"
 143      BE226AE2 
 143      8F2CB460 
 143      09A3BE6D 
 143      E838A2
 144 00a9 DE53BE02 		.ascii	"\336S\276\002L\276\376\366\365\373w\347\311\325@\204"
 144      4CBEFEF6 
 144      F5FB77E7 
 144      C9D54084 
 145 00b9 AFFE8E87 		.ascii	"\257\376\216\207\207\225z\035\304\347\357\367^*[|\334"
 145      87957A1D 
 145      C4E7EFF7 
 145      5E2A5B7C 
 145      DC
 146 00ca F3D25EEE 		.ascii	"\363\322^\356\352~\345\275\342+\205SP\234\017'\261\000"
 146      EA7EE5BD 
 146      E22B8553 
 146      509C0F27 
 146      B100
 147 00dc 27B080F8 		.ascii	"'\260\200\370\211p\032\213\005>\3349~`n\300l\236(\211"
 147      89701A8B 
 147      053EDC39 
 147      7E606EC0 
 147      6C9E2889 
 148 00f0 3308B072 		.ascii	"3\010\260rj\277\216\2347\376O\306\313=i\306\355\267"
 148      6ABF8E9C 
 148      37FE4FC6 
 148      CB3D69C6 
ARM GAS  C:\Users\CYIRKO~1\AppData\Local\Temp\ccXEfnkR.s 			page 11


 148      EDB7
 149 0102 45BB3068 		.ascii	"E\2730h\027\203\244\211\335\312\220]\215\300\2204?\366"
 149      1783A489 
 149      DDCA905D 
 149      8DC09034 
 149      3FF6
 150 0114 666E4095 		.ascii	"fn@\225j\005\335\331\233\215\341\342f-\341\227\201\245"
 150      6A05DDD9 
 150      9B8DE1E2 
 150      662DE197 
 150      81A5
 151 0126 4D37EF79 		.ascii	"M7\357y\336>\017\2762\321:U\210n\260\015\305L\312\214"
 151      DE3E0FBE 
 151      32D13A55 
 151      886EB00D 
 151      C54CCA8C 
 152 013a 7A174DE9 		.ascii	"z\027M\351\310D\004\355\034\273\217\364\360\037{:\256"
 152      C84404ED 
 152      1CBB8FF4 
 152      F01F7B3A 
 152      AE
 153 014b 232FB241 		.ascii	"#/\262A\317h\377\271\240\026\331\244@\323B\177\265\277"
 153      CF68FFB9 
 153      A016D9A4 
 153      40D3427F 
 153      B5BF
 154 015d B185D021 		.ascii	"\261\205\320!1cz\254?\033\251\"tJLM\217\215\015\224"
 154      31637AAC 
 154      3F1BA922 
 154      744A4C4D 
 154      8F8D0D94 
 155 0171 CC171984 		.ascii	"\314\027\031\204.\211\233\223\346B8\213\000\213\374"
 155      2E899B93 
 155      E642388B 
 155      008BFC
 156 0180 48A602FA 		.ascii	"H\246\002\372\320\340\3201\277\353\317pQ\227\341{\215"
 156      D0E0D031 
 156      BFEBCF70 
 156      5197E17B 
 156      8D
 157 0191 115F1508 		.ascii	"\021_\025\010\272\365\356\005/d\032\014\354F\021\311"
 157      BAF5EE05 
 157      2F641A0C 
 157      EC4611C9 
 158 01a1 CBAF0F6E 		.ascii	"\313\257\017n\014\032\374\202\217a\352~\010\237\350"
 158      0C1AFC82 
 158      8F61EA7E 
 158      089FE8
 159 01b0 9FEE44B6 		.ascii	"\237\356D\266\177dNQ\367Sv@\260\277\267u}W\250\331\347"
 159      7F644E51 
 159      F7537640 
 159      B0BFB775 
 159      7D57A8D9 
 160 01c5 848D1E98 		.ascii	"\204\215\036\2304\202tD\317\206h\014\015C\357\216*i"
 160      34827444 
 160      CF86680C 
 160      0D43EF8E 
ARM GAS  C:\Users\CYIRKO~1\AppData\Local\Temp\ccXEfnkR.s 			page 12


 160      2A69
 161 01d7 5AD03D3D 		.ascii	"Z\320==\017\006\203\251\277\275\220\257\202M\\\236p"
 161      0F0683A9 
 161      BFBD90AF 
 161      824D5C9E 
 161      70
 162 01e8 1E293AAA 		.ascii	"\036):\252\014_\205h\024\351G?\335\337\026\0260c\017"
 162      0C5F8568 
 162      14E9473F 
 162      DDDF1616 
 162      30630F
 163 01fb 6EEFBB16 		.ascii	"n\357\273\026\224\251\3767\254\307\003Wv\316\361qt+"
 163      94A9FE37 
 163      ACC70357 
 163      76CEF171 
 163      742B
 164 020d 77FDC142 		.ascii	"w\375\301B_\275\300,\\\020q\034<~/\335\026\264Ze\","
 164      5FBDC02C 
 164      5C10711C 
 164      3C7E2FDD 
 164      16B45A65 
 165 0223 2C8C5EF8 		.ascii	",\214^\370h\324.\304EX\223\223\205y\024Yf\351bc\371"
 165      68D42EC4 
 165      45589393 
 165      85791459 
 165      66E96263 
 166 0238 62FF237B 		.ascii	"b\377#{!.\351\354\3424\344t\366\356\314\325\316\260"
 166      212EE9EC 
 166      E234E474 
 166      F6EECCD5 
 166      CEB0
 167 024a 642F0470 		.ascii	"d/\004p\231YO\2355\325M\313gsS\237vS^\252\311R\373\237"
 167      99594F9D 
 167      35D54DCB 
 167      6773539F 
 167      76535EAA 
 168 0262 E5A65B13 		.ascii	"\345\246[\023n\012\314tS$E\370Tb\301)\216\370L\0341"
 168      6E0ACC74 
 168      532445F8 
 168      5462C129 
 168      8EF84C1C 
 169 0277 C35E2BE2 		.ascii	"\303^+\342\204\317\005\034\232a\257\226\322\371\242"
 169      84CF051C 
 169      9A61AF96 
 169      D2F9A2
 170 0286 8B3030D3 		.ascii	"\21300\323^_h{}9\311^\343\376\235l\341\204s\372\265"
 170      5E5F687B 
 170      7D39C95E 
 170      E3FE9D6C 
 170      E18473FA 
 171 029b 73AE68E7 		.ascii	"s\256h\347L\267\311Wy\233Hrz\210\364\320\356\237\027"
 171      4CB7C957 
 171      799B4872 
 171      7A88F4D0 
 171      EE9F17
 172 02ae 699BC8DA 		.ascii	"i\233\310\332\305\323\345\177(\343\255\267\312\326\224"
 172      C5D3E57F 
ARM GAS  C:\Users\CYIRKO~1\AppData\Local\Temp\ccXEfnkR.s 			page 13


 172      28E3ADB7 
 172      CAD694
 173 02bd C7E26BE3 		.ascii	"\307\342k\343\225u\365\353\342\316\032[\316\216\373"
 173      9575F5EB 
 173      E2CE1A5B 
 173      CE8EFB
 174 02cc 5AE972CB 		.ascii	"Z\351r\313q\255Xu\215\345&m\331\253\242\233\352Jl2y"
 174      71AD5875 
 174      8DE5266D 
 174      D9ABA29B 
 174      EA4A6C32 
 175 02e1 AB2DD858 		.ascii	"\253-\330X]S\037]\371L\252\355$\022\316\006\253\326"
 175      5D531F5D 
 175      F94CAAED 
 175      2412CE06 
 175      ABD6
 176 02f3 49D6B9D6 		.ascii	"I\326\271\326\233\253+\312+6Yv\314v\222\321\252\215"
 176      9BAB2BCA 
 176      2B365976 
 176      CC7692D1 
 176      AA8D
 177 0305 A5899218 		.ascii	"\245\211\222\030\255z\036:W\263\312+*\337\251\264\342"
 177      AD7A1E3A 
 177      57B3CA2B 
 177      2ADFA9B4 
 177      E2
 178 0316 1BEC9AFA 		.ascii	"\033\354\232\372uQ\313N\270q\267j\275ms\212e\263\212"
 178      7551CB4E 
 178      B871B76A 
 178      BD6D738A 
 178      65B38A
 179 0329 775CFE4A 		.ascii	"w\\\376J\326\351}V\002\343\362Ub\356f\227\011/VT\256"
 179      D6E97D56 
 179      02E3F255 
 179      62EE6697 
 179      092F5654 
 180 033e 8EACAD76 		.ascii	"\216\254\255v\243\265\311\370\253\221\342ed$)\230\210"
 180      A3B5C9F8 
 180      AB91E265 
 180      64242998 
 180      88
 181 034f 269CE466 		.ascii	"&\234\344f\372\027|\313\327}"
 181      FA177CCB 
 181      D77D
 182              		.text
 183              		.section	.gnu.lto_extChannelEnable.5638d9a0,"",%progbits
 184 0000 789C8D52 		.ascii	"x\234\215R[HTQ\024\335\373\236;\017\307\012?\203\374"
 184      5B485451 
 184      14DDFB9E 
 184      3B0FC70A 
 184      3F83FC
 185 0013 18A14185 		.ascii	"\030\241A\205\360ZH\202DQ\326G\201?\372+\014\343uh\006"
 185      F05A4882 
 185      4451D647 
 185      813FFA2B 
 185      0CE37568 
 186 0028 1CAFCC55 		.ascii	"\034\257\314U\321\217\230\333\344\2034J\312|\313\215"
ARM GAS  C:\Users\CYIRKO~1\AppData\Local\Temp\ccXEfnkR.s 			page 14


 186      D18F98DB 
 186      E483344A 
 186      CA7CCB8D 
 187 0038 24D4F26D 		.ascii	"$\324\362m\232\2439NZ\375\364\"1\012\2140\305\242\324"
 187      9AA3394E 
 187      5AFDF422 
 187      310A8C30 
 187      C5A2D4
 188 004b 5E440491 		.ascii	"^D\004\221u\316IEG\320\016\314\234\307^k\237u\326\272"
 188      75CE4945 
 188      47D00ECC 
 188      9CC75E6B 
 188      9F75D6BA 
 189 005f 06106096 		.ascii	"\006\020`\226\000\034G\200=\000\200\004P\250z\012p\326"
 189      001C4780 
 189      3D008004 
 189      50A87A0A 
 189      70D6
 190 0071 2C20B285 		.ascii	", \262\205fF\360\011\350\303K\244\226\340x\371\273\200"
 190      6646F009 
 190      E8C34BA4 
 190      96E078F9 
 190      BB80
 191 0083 10DFAAD1 		.ascii	"\020\337\252\321\021\252\275l)\323Jw\353\224^O\177l"
 191      11AABD6C 
 191      29D34A77 
 191      EB945E4F 
 191      7F6C
 192 0095 602BC653 		.ascii	"`+\306S\324\363\222\236&r\221\350\004Q\244\333\257O"
 192      D4F3929E 
 192      267291E8 
 192      0451A4DB 
 192      AF4F
 193 00a7 1AE676B1 		.ascii	"\032\346v\261\255\200V\272\325\313\226\032\0119\200"
 193      AD8056BA 
 193      D5CB961A 
 193      093980
 194 00b6 40D72FAB 		.ascii	"@\327/\253\306Rboh\232_\013MU\023m\257N\010\336DB\373"
 194      C652626F 
 194      689A5F0B 
 194      4D55136D 
 194      AF4E08DE 
 195 00cd 613B4663 		.ascii	"a;Fc\033F\003=\002\274\205\261\024\335\361z\342\215"
 195      1B46033D 
 195      02BC85B1 
 195      14DDF17A 
 195      E28D
 196 00df 912473E6 		.ascii	"\221$s\346\247\307?\002\021+\324\305\032N\025\261#\234"
 196      A7C73F02 
 196      112BD4C5 
 196      1A4E15B1 
 196      239C
 197 00f1 2A027662 		.ascii	"*\002vb,\303\317\366._\335i\024[V\325b\027\032\351\243"
 197      2CC3CFF6 
 197      2E5FDD69 
 197      145B56D5 
 197      62171AE9 
ARM GAS  C:\Users\CYIRKO~1\AppData\Local\Temp\ccXEfnkR.s 			page 15


 198 0106 A17B1243 		.ascii	"\241{\022C\332\362\237r-\364\275\025\003\247L\364\331"
 198      DAF29F72 
 198      2DF4BD15 
 198      03A74CF4 
 198      D9
 199 0117 F432AA9C 		.ascii	"\3642\252\234\361\240\202B\231\013\225D`3\231G\2015"
 199      F1A08242 
 199      990B9544 
 199      60339947 
 199      8135
 200 0129 7B7FB77C 		.ascii	"{\177\267|\012\311\021.d \370\252\316bk\341B>\327\305"
 200      0AC9112E 
 200      6420F8AA 
 200      CE626BE1 
 200      423ED7C5 
 201 013d 359C7B74 		.ascii	"5\234{tA\273\346\217\322\211\001\2737\312\341\016\365"
 201      41BBE68F 
 201      D28901BB 
 201      37CAE10E 
 201      F5
 202 014e A08D92CA 		.ascii	"\240\215\222\312?h\243\"\263\304\200V\354\245\265\217"
 202      3F68A322 
 202      B3C48056 
 202      ECA5B58F 
 203 015e E89FEDAF 		.ascii	"\350\237\355\257\356\231\3045\251%\334\344+\015\026"
 203      EE99C435 
 203      A925DCE4 
 203      2B0D16
 204 016d 2EB59E20 		.ascii	".\265\236 \204\225~\015%\235\001\354c5!\27461f\265\003"
 204      84957E0D 
 204      259D01EC 
 204      633521BC 
 204      363166B5 
 205 0182 F6B31A09 		.ascii	"\366\263\032\011\257-\324\3055\022\246\003\3606\003"
 205      AF2DD4C5 
 205      3512A603 
 205      F03603
 206 0191 88EBEC01 		.ascii	"\210\353\354\001\034@#U9\310\314Ah\027h\351\272\336"
 206      1C402355 
 206      39C8CC41 
 206      681768E9 
 206      BADE
 207 01a3 F7D31233 		.ascii	"\367\323\0223,\350Z\235U'F\206\356\234\033\321\314\242"
 207      2CE85A9D 
 207      55274686 
 207      EE9C1BD1 
 207      CCA2
 208 01b5 40817730 		.ascii	"@\201w0\006\330\311\227\305\251i\201\236\340\020\212"
 208      06D8C997 
 208      C5A96981 
 208      9EE0108A 
 209 01c5 FC418001 		.ascii	"\374A\200\001\036~[pb~G\314\350\012\333\304\260\337"
 209      1E7E5B70 
 209      627E47CC 
 209      E80ADBC4 
 209      B0DF
 210 01d7 BAFA5E44 		.ascii	"\272\372^Dr\3660c\343\010\2120\217~+7\007`\001Kg\316"
ARM GAS  C:\Users\CYIRKO~1\AppData\Local\Temp\ccXEfnkR.s 			page 16


 210      72F63063 
 210      E3088A30 
 210      8F7E2B37 
 210      0760014B 
 211 01ed 3718D8AB 		.ascii	"7\030\330\253\031:\020X\2346\371~kf\235\230\353\211"
 211      193A1058 
 211      9C36F97E 
 211      6B669D98 
 211      EB89
 212 01ff 81E2EFA2 		.ascii	"\201\342\357\242\017\232\211\320L\250\177\021\260\022"
 212      0F9A89D0 
 212      4CA87F11 
 212      B012
 213 020d 49580CCD 		.ascii	"IX\014\315\333\3040\312c\250)\035\177f\372\027\003`"
 213      DBC430CA 
 213      63A8291D 
 213      7F66FA17 
 213      0360
 214 021f 70AB1806 		.ascii	"p\253\030\006Wc0n\216\301\352\003\034c5\323\006'C\314"
 214      5763306E 
 214      8EC1EA03 
 214      1C6335D3 
 214      062743CC 
 215 0233 C94DB91C 		.ascii	"\311M\271\034r\003\336c`\363\346\\\222\232\011\023\006"
 215      7203DE63 
 215      60F3E65C 
 215      929A0913 
 215      06
 216 0244 38BE3997 		.ascii	"8\2769\227\011\236\313\375u\271,\353o\203\221\253\226"
 216      099ECBFD 
 216      75B92CEB 
 216      6F8391AB 
 216      96
 217 0255 07B9E50F 		.ascii	"\007\271\345\017\270\345\341\376>\\\363\2275\207%\364"
 217      B8E5E1FE 
 217      3E5CF397 
 217      358725F4 
 218 0265 CF5436D9 		.ascii	"\317T6\331\270\277lT\320O\213~\333\024/\235H\311Lu\271"
 218      B8BF6C54 
 218      D04F8B7E 
 218      DB142F9D 
 218      48C94C75 
 219 027a B3DC19F9 		.ascii	"\263\334\031\371\005\331n%SfkE\335\237|PRT\311\345\310"
 219      05D96E25 
 219      53666B45 
 219      DD9F7C50 
 219      5254C9E5 
 220 028f 9154AFCC 		.ascii	"\221T\257\314f\273\263(?A\006\221Ny&\331\345\310\315"
 220      66BBB328 
 220      3F410691 
 220      4E7926D9 
 220      E5C8CD
 221 02a2 75E6180A 		.ascii	"u\346\030\012\0359\005\316\303[\266\220\025\217G\311"
 221      1D3905CE 
 221      C35BB690 
 221      158F47C9 
 222 02b2 95F2146F 		.ascii	"\225\362\024o\276*\035MOKM+\222d\227\254x\235\366\302"
ARM GAS  C:\Users\CYIRKO~1\AppData\Local\Temp\ccXEfnkR.s 			page 17


 222      BE2A1D4D 
 222      4F4B4D2B 
 222      926497AC 
 222      789DF6C2 
 223 02c6 644F820B 		.ascii	"dO\202\013\216\375\017\235\336*\245\246e\234\314\220"
 223      8EFD0F9D 
 223      DE2AA5A6 
 223      659CCC90 
 224 02d6 DCB9724E 		.ascii	"\334\271rNA\266S\222=\252[\265\237\226e\332\"q\333G"
 224      41B65392 
 224      3DAA5BB5 
 224      9F9665DA 
 224      2271DB47 
 225 02ea 282AFDF3 		.ascii	"(*\375\363\346\363y[\002\305\255\335\342R\213UJ\210"
 225      E6F3795B 
 225      02C5ADDD 
 225      E2528B55 
 225      4A88
 226 02fc 4ACB48B7 		.ascii	"J\313H\267f9Tg\236\327\275\317jK\004\301\013&\217\323"
 226      66395467 
 226      9ED7BDCF 
 226      6A4B04C1 
 226      0B268FD3 
 227 0310 A3788BE1 		.ascii	"\243x\213\341/\031\300\253\307"
 227      2F19C0AB 
 227      C7
 228              		.text
 229              		.section	.gnu.lto_extChannelDisable.5638d9a0,"",%progbits
 230 0000 789C8D52 		.ascii	"x\234\215R[HTQ\024\335\373\236;\017\265\302\317 ?FH"
 230      5B485451 
 230      14DDFB9E 
 230      3B0FB5C2 
 230      CF203F46 
 231 0015 5408AF85 		.ascii	"T\010\257\205$H\024e}D\370\243\277\202\350uh\006\034"
 231      24481465 
 231      7D44F8A3 
 231      BF82E875 
 231      68061C
 232 0028 AFCC1D45 		.ascii	"\257\314\035E?bn\223\017\322()\337&7\222P\313\267Y\216"
 232      3F626E93 
 232      0FD22829 
 232      DF263792 
 232      50CBB759 
 233 003d 8F71D28A 		.ascii	"\217q\322\212\350Ib\024(b\212E\251\275\010\011*\353"
 233      E8496214 
 233      28628A45 
 233      A9BD0809 
 233      2AEB
 234 004f 9C938A8E 		.ascii	"\234\223\212\216\240\035\2309\217\275\326>\353\254u"
 234      A01D9839 
 234      8FBDD63E 
 234      EBAC75
 235 005e 0D20C00C 		.ascii	"\015 \300\014\0018\216\000{\000\000\011\240P\376\034"
 235      01388E00 
 235      7B000009 
 235      A050FE1C 
 236 006e E0AC5940 		.ascii	"\340\254Y@d\013\315\214\340\026\320\215\227H5\301\221"
ARM GAS  C:\Users\CYIRKO~1\AppData\Local\Temp\ccXEfnkR.s 			page 18


 236      640BCD8C 
 236      E016D08D 
 236      974835C1 
 236      91
 237 007f 92775E21 		.ascii	"\222w^!\272I\243\303_=\025\\\254\025\355\326)\275\226"
 237      BA49A3C3 
 237      5F3D155C 
 237      AC15EDD6 
 237      29BD96
 238 0092 FED8C026 		.ascii	"\376\330\300&\214\246\250\227\205\235W\311E\242\023"
 238      8CA6A897 
 238      859D57C9 
 238      45A213
 239 00a1 44916EBF 		.ascii	"D\221n\277>\253\233\335\305\266\002Z\350V/^\254'\344"
 239      3EAB9BDD 
 239      C5B6025A 
 239      E8562F5E 
 239      AC27E4
 240 00b4 00025DBF 		.ascii	"\000\002]\277.\037N\210\274\241i\036\315?YA\264\275"
 240      2E1F4E88 
 240      BCA1691E 
 240      CD3F5941 
 240      B4BD
 241 00c6 3A217813 		.ascii	":!x\023\011\355\207-\030\206\315\030\006\364\010\360"
 241      09ED872D 
 241      1886CD18 
 241      06F408F0 
 242 00d6 16465274 		.ascii	"\026FRt\353\344\350\224\221\304s\346\247\247K\336\240"
 242      EBE4E894 
 242      91C473E6 
 242      A7A74BDE 
 242      A0
 243 00e7 15EAF72A 		.ascii	"\025\352\367*N\025\2615\220*\002\266a$\303\317t-W\356"
 243      4E15B135 
 243      902A02B6 
 243      6124C3CF 
 243      742D57EE 
 244 00fb 348A8DAB 		.ascii	"4\212\215\253j\261\035\215\364\321\3201\206~m\371O\211"
 244      6AB11D8D 
 244      F4D1D031 
 244      867E6DF9 
 244      4F89
 245 010d E6FFD584 		.ascii	"\346\377\325\204\225\247L\364\331\3642\252\234\361\240"
 245      95A74CF4 
 245      D9F432AA 
 245      9CF1A0
 246 011c 9442990B 		.ascii	"\224B\231\013eD`3\231C\2015{?X2\216\344\010\027\322"
 246      65446033 
 246      99438135 
 246      7B3F5832 
 246      8EE40817 
 247 0131 EB7B5313 		.ascii	"\353{S\023\034\321\310\205|\256\211\252;\367\344\202"
 247      1CD1C885 
 247      7CAE89AA 
 247      3BF7E482 
 248 0141 76CD13AA 		.ascii	"v\315\023\252\023\003vl\224\303\035\352\304\010J*\371"
 248      1303766C 
ARM GAS  C:\Users\CYIRKO~1\AppData\Local\Temp\ccXEfnkR.s 			page 19


 248      94C31DEA 
 248      C4084A2A 
 248      F9
 249 0152 A00D89CC 		.ascii	"\240\015\211\314\022\003Z\260\213\326>\242g\246\247"
 249      12035AB0 
 249      8BD63EA2 
 249      67A6A7
 250 0161 A2730CD7 		.ascii	"\242s\014\327\244\026r\223\257,\005s\251\265\004!\240"
 250      A4167293 
 250      AF2C0573 
 250      A9B50421 
 250      A0
 251 0172 F4B32FEE 		.ascii	"\364\263/\356\014`7\253\011\201\265\321aK\032`\017\253"
 251      0C6037AB 
 251      0981B5D1 
 251      614B1A60 
 251      0FAB
 252 0184 91C0DA7C 		.ascii	"\221\300\332|MT=a:\000o3\200\270\316\036\300^4R\225"
 252      4D543D61 
 252      3A006F33 
 252      80B8CE1E 
 252      C05E3452 
 253 0199 77983908 		.ascii	"w\2309\010-\002-]\327\273\177\004\207\367\013\272Vc"
 253      2D022D5D 
 253      D7BB7F04 
 253      87F70BBA 
 253      5663
 254 01ab D18991A1 		.ascii	"\321\211\221\241\333f\0074\263(P\340]\014\007v\362e"
 254      DB660734 
 254      B32850E0 
 254      5D0C0776 
 254      F265
 255 01bd 617C42A0 		.ascii	"a|B\240'\330\207\"\177\020\240\227\207\337\354\033\235"
 255      27D88722 
 255      7F10A097 
 255      87DFEC1B 
 255      9D
 256 01ce DB113EB4 		.ascii	"\333\021>\264\30261\354\267\366\356W!\234\335\317\330"
 256      C23631EC 
 256      B7F6EE57 
 256      219CDDCF 
 256      D8
 257 01df 388022CC 		.ascii	"8\200\"\314\241\307\302\315\001\230\307\242\351\363"
 257      A1C7C2CD 
 257      0198C7A2 
 257      E9F3
 258 01ed 8F0CECD5 		.ascii	"\217\014\354\325\014\355\365.L\230\334\2775\263N\314"
 258      0CEDF52E 
 258      4C98DCBF 
 258      35B34ECC 
 259 01fd B5C440F1 		.ascii	"\265\304@\361\203\350\206\006\"4\020\352_\020\254D\022"
 259      83E88606 
 259      223410EA 
 259      5F10AC44 
 259      12
 260 020e 1043C336 		.ascii	"\020C\30361\014\361\030\252\212F^\230\376\305\000\350"
 260      310CF118 
ARM GAS  C:\Users\CYIRKO~1\AppData\Local\Temp\ccXEfnkR.s 			page 20


 260      AA8A465E 
 260      98FEC500 
 260      E8
 261 021f DB2A86CB 		.ascii	"\333*\206\313!+1\0307\307`q\003\016\263\232i\203\223"
 261      212B3118 
 261      37C76071 
 261      030EB39A 
 261      698393
 262 0232 7EE6E4A6 		.ascii	"~\346\344\246\\\016\331\001\3571\260ys.q\015\204\011"
 262      5C0ED901 
 262      EF31B079 
 262      732E710D 
 262      8409
 263 0244 031CD99C 		.ascii	"\003\034\331\234\313(\317\345\376\272\\\226\365\267"
 263      CB28CFE5 
 263      FEBA5C96 
 263      F5B7
 264 0252 BE9055CB 		.ascii	"\276\220U\313}\334\362\007\334\362@\177\037\256\371"
 264      7DDCF207 
 264      DCF2407F 
 264      1FAEF9
 265 0261 CB9AC322 		.ascii	"\313\232\303\"z\246\313\036Gp\177\331(\245\237\026\375"
 265      7AA6CB1E 
 265      47707FD9 
 265      28A59F16 
 265      FD
 266 0272 B6295E3A 		.ascii	"\266)^:\221\220\232h\263g\330S\\\271\231v%UfkE\335\037"
 266      91909A68 
 266      B367D853 
 266      5CB99976 
 266      2555666B 
 267 0289 7F505254 		.ascii	"\177PRT\311\226\236%\251N\231\315i\326|W\214\014\"\235"
 267      C9969E25 
 267      A94E99CD 
 267      69D67C57 
 267      8C0C229D 
 268 029d 724CB22D 		.ascii	"rL\262-=;\333\232e\310K\317\312\265\036\336\262\205"
 268      3D3BDB9A 
 268      65C84BCF 
 268      CAB51EDE 
 268      B285
 269 02af AC381C4A 		.ascii	"\2548\034J\266\224\2438]\252t49)1)_\222m\262\342\264"
 269      B694A338 
 269      5DAA7434 
 269      39293129 
 269      5F926DB2 
 270 02c5 A6E5C53B 		.ascii	"\246\345\305;blp\354\177\350\364V)1)\345d\212d\317\226"
 270      626C70EC 
 270      7FE8F456 
 270      293129E5 
 270      648A64CF 
 271 02da B37233AD 		.ascii	"\263r3\255\222\354P\355j\332iY\246-b\267}\204\242\322"
 271      92EC50ED 
 271      6ADA6959 
 271      A62D62B7 
 271      7D84A2D2 
 272 02ee 3FA78BCF 		.ascii	"?\247\213\317\333\022(n\355\026\233Z\240RBhRJ\262%#"
ARM GAS  C:\Users\CYIRKO~1\AppData\Local\Temp\ccXEfnkR.s 			page 21


 272      DB12286E 
 272      ED169B5A 
 272      A0524268 
 272      524AB225 
 273 0303 5DB5E638 		.ascii	"]\265\3468\355\373,\021\261 8\301\344\260:\024g\001"
 273      EDFB2C11 
 273      B12038C1 
 273      E4B03A14 
 273      6701
 274 0315 FC0535D1 		.ascii	"\374\0055\321\254\235"
 274      AC9D
 275              		.text
 276              		.section	.gnu.lto_extSetChannelModeI.5638d9a0,"",%progbits
 277 0000 789C7D52 		.ascii	"x\234}RMHTQ\030\275\347\335\367\346\215\251\263\310"
 277      4D485451 
 277      18BDE7DD 
 277      F7E68DA9 
 277      B3C8
 278 0012 4D940B17 		.ascii	"M\224\013\027\211\350\302\307\264Hp\323\"\204h\333V"
 278      89E8C2C7 
 278      B44870D3 
 278      228468DB 
 278      56
 279 0023 081B9511 		.ascii	"\010\033\225\021\304\2214h7\317\361/\224L\312\324\251"
 279      C4913468 
 279      37CFF12F 
 279      944CCAD4 
 279      A9
 280 0034 99DE9088 		.ascii	"\231\336\220\210\226:\243e\345X\3514B\251dRD\201E\213"
 280      963AA365 
 280      E558E934 
 280      42A96452 
 280      4481458B 
 281 0048 B41F3103 		.ascii	"\264\0371\003\0214\244\254\357^'1\205.<\356\275\357"
 281      1134A4AC 
 281      EF5E2731 
 281      852E3CEE 
 281      BDEF
 282 005a BBE79EF3 		.ascii	"\273\347\236\363\235s5\246\260\036\316\330I\306\330"
 282      9D7335A6 
 282      B01ECED8 
 282      49C6D8
 283 0069 21FAC019 		.ascii	"!\372\300\031\224\326\027\214\325\330\025@,L;\230W\201"
 283      94D6178C 
 283      D5D81540 
 283      2C4C3B98 
 283      5781
 284 007b 17977807 		.ascii	"\027\227x\007G\274\361sT\311\3561i\304:\346\222\033"
 284      47BCF173 
 284      54C9EE31 
 284      69C43AE6 
 284      921B
 285 008d CCFA0316 		.ascii	"\314\372\003\026\301\375\364\211\201\036d\323\251\227"
 285      C1FDF489 
 285      811E64D3 
 285      A997
 286 009b 758301DE 		.ascii	"u\203\001\336\302-\016\250\264]\231\2716\357\020[\005"
ARM GAS  C:\Users\CYIRKO~1\AppData\Local\Temp\ccXEfnkR.s 			page 22


 286      C22D0EA8 
 286      B45D99B9 
 286      36EF105B 
 286      05
 287 00ac 19B4B51A 		.ascii	"\031\264\265\032\226\257s~\004\214\326o[\307\363\263"
 287      96AF737E 
 287      048CD66F 
 287      5BC7F3B3 
 288 00bc BA4DD367 		.ascii	"\272M\323g\306\026\332\270y\330\342\034\267\301\351"
 288      C616DAB8 
 288      79D8E21C 
 288      B7C1E9
 289 00cb 3EDC423A 		.ascii	">\334B:z\221\316\350\027C\037\262\350t\377\373\211\017"
 289      7A91CEE8 
 289      17431FB2 
 289      E874FFFB 
 289      890F
 290 00dd 369E2791 		.ascii	"6\236'\221\337\237\257E\223\022\320\265pz[\255y\302"
 290      DF9FAF45 
 290      9312D0B5 
 290      707A5BAD 
 290      79C2
 291 00ef E22AFA77 		.ascii	"\342*\372w\203U\206\001\011^\2117\257;\3701\011\236"
 291      83558601 
 291      095E8937 
 291      AF3BF831 
 291      099E
 292 0101 9EECFD69 		.ascii	"\236\354\375iO\2007\303\373\333%XCx7Xc\210 K Z\2727"
 292      4F8037C3 
 292      FBDB2558 
 292      43783758 
 292      6388204B 
 293 0119 BEDA7981 		.ascii	"\276\332y\201D\257\365\205\353R3\273$\372i\344\340\345"
 293      44AFF585 
 293      EB5233BB 
 293      24FA69E4 
 293      E0E5
 294 012b 5A73D254 		.ascii	"Zs\322T-n\303\340\277x1\350\370\307\241\315\253\251"
 294      2D6EC3E0 
 294      BF7831E8 
 294      F8C7A1CD 
 294      ABA9
 295 013d 361543C8 		.ascii	"6\025C\310\354\372\353\025\356\300\006\232#\257\020"
 295      ECFAEB15 
 295      EEC0069A 
 295      23AF10
 296 014c 33377F37 		.ascii	"37\1777\222\214\334\037\3033i\302u\352\225\023\267\256"
 296      928CDC1F 
 296      C33369C2 
 296      75EA9513 
 296      B7AE
 297 015e 4228D720 		.ascii	"B(\327 %\260&\202\211<\232\271\"f\276\010\337\350bs"
 297      25B02682 
 297      893C9AB9 
 297      2266BE08 
 297      DFE86273 
 298 0172 639AB829 		.ascii	"c\232\270)\310E6\355\365\361Y]\330\314\245\312\365g"
ARM GAS  C:\Users\CYIRKO~1\AppData\Local\Temp\ccXEfnkR.s 			page 23


 298      C84536ED 
 298      F5F1595D 
 298      D8CCA5CA 
 298      F567
 299 0184 D317522C 		.ascii	"\323\027R,\004k(\253\014\213\333\203d\377]\241\212j"
 299      046B28AB 
 299      0C8BDB83 
 299      64FF5DA1 
 299      8A6A
 300 0196 DD0BBEB0 		.ascii	"\335\013\276\260n\014\230[%\035\303\260\320)3\304=\030"
 300      6E0C985B 
 300      251DC3B0 
 300      D02933C4 
 300      3D18
 301 01a8 EC137CA1 		.ascii	"\354\023|\241Rq\261H\350\346\330\025GN\257L\374MT\361"
 301      5271B148 
 301      E8E6D815 
 301      474EAF4C 
 301      FC4D54F1 
 302 01bc 87ECC296 		.ascii	"\207\354\302\226D\334\367\221\263\223X\337C\034\212"
 302      44DCF791 
 302      B39358DF 
 302      431C8A
 303 01cb 040AA997 		.ascii	"\004\012\251\227$R\210\007\011\362\033\235#\253\016"
 303      24528807 
 303      09F21B9D 
 303      23AB0E
 304 01da 226F95E4 		.ascii	"\"o\225\344\3730\"\311\261e\326\324\324\312k\305\031"
 304      FB3022C9 
 304      B165D6D4 
 304      D4CA6BC5 
 304      19
 305 01eb 11C5D028 		.ascii	"\021\305\320(]\231\214(\214 \245\270U\236\230\363\317"
 305      5D998C28 
 305      8C20A5B8 
 305      559E98F3 
 305      CF
 306 01fc 6ADE5FB2 		.ascii	"j\336_\262\\*\"\033\205S\010ex\010\257\320\235!\235"
 306      5C2A221B 
 306      85530865 
 306      7808AFD0 
 306      9D219D
 307 020f 25AB8536 		.ascii	"%\253\2056F&m4]\\u'z\331\026j\373G(\022\002\037\355"
 307      46266D34 
 307      5D5C7527 
 307      7AD9166A 
 307      FB472812 
 308 0226 1528F40B 		.ascii	"\025(\364\013\215\217\377\257ql[#\306\341\334\311\244"
 308      8D8FFFAF 
 308      716C5B23 
 308      C6E1DCC9 
 308      A4
 309 0237 EDB5643E 		.ascii	"\355\265d> \236Vr\220j1\301\210't9[B}\350K\200\313f"
 309      209E5672 
 309      906A31C1 
 309      88277439 
 309      5B427DE8 
ARM GAS  C:\Users\CYIRKO~1\AppData\Local\Temp\ccXEfnkR.s 			page 24


 310 024f 08118D7E 		.ascii	"\010\021\215~{\247S\243\344v\212_\020#N\015R\206\304"
 310      7BA753A3 
 310      E4768A5F 
 310      10234E0D 
 310      5286C4
 311 0262 63F154B6 		.ascii	"c\361T\266L\021-\005 \217\213\321Dg\350Y(\214\031\005"
 311      4C112D05 
 311      208F8BD1 
 311      4467E859 
 311      288C1905 
 312 0276 F985C7DD 		.ascii	"\371\205\307\335eg\312NU\237+.\363\024\272\304\332S"
 312      6567CA4E 
 312      559F2B2E 
 312      F314BAC4 
 312      DA53
 313 0288 E5CC3B6A 		.ascii	"\345\314;jx\252\014wQ\271Qu\326%\346\323%\347\253s]"
 313      78AA0C77 
 313      51B95175 
 313      D625E6D3 
 313      25E7AB73 
 314 029d 4CA5A952 		.ascii	"L\245\251Rw\271\213**J\3125\332\270*5Oy\261\253\362"
 314      77B98B2A 
 314      2A4ACA35 
 314      DAB82A35 
 314      4F79B1AB 
 315 02b2 0FB09348 		.ascii	"\017\260\223H\020"
 315      10
 316              		.text
 317              		.section	.gnu.lto_.symbol_nodes.5638d9a0,"",%progbits
 318 0000 789C55C9 		.ascii	"x\234U\311\313\015\3020\024D\321\3618\316\307i\212T"
 318      CB0DC230 
 318      1444D1F1 
 318      38CEC769 
 318      8A54
 319 0012 365E5000 		.ascii	"6^P\000\005\360\307\022Bt@\021\251\001\032A\030g\223"
 319      05F0C712 
 319      42744011 
 319      A9011A41 
 319      186793
 320 0025 B7BAD2B9 		.ascii	"\267\272\322\271\001Dp\000\270\247\200\335\014\224\274"
 320      01447000 
 320      B8A780DD 
 320      0C94BC
 321 0034 D254E440 		.ascii	"\322T\344@9+G\212VN\224\267r\246\032+\027*X\271R\255"
 321      392B478A 
 321      564E94B7 
 321      72A61A2B 
 321      172A58B9 
 322 004a 1177A3BA 		.ascii	"\021w\243\272*@J\233\002\231\352\015\334\251\301\300"
 322      2A404A9B 
 322      0299EA0D 
 322      DCA9C1C0 
 323 005a 838A069E 		.ascii	"\203\212\006\236\324\270\006\217\016\371\375u\236=\362"
 323      D4B8068F 
 323      0EF9FD75 
 323      9E3DF2
 324 0069 A7D40FD8 		.ascii	"\247\324\017\330\376\333\304\245a\\\332\306\372\361"
ARM GAS  C:\Users\CYIRKO~1\AppData\Local\Temp\ccXEfnkR.s 			page 25


 324      FEDBC4A5 
 324      615CDAC6 
 324      FAF1
 325 0077 03A63741 		.ascii	"\003\2467A\234"
 325      9C
 326              		.text
 327              		.section	.gnu.lto_.refs.5638d9a0,"",%progbits
 328 0000 789C6365 		.ascii	"x\234ce`b`d\000\002\000\000I\000\011"
 328      60626064 
 328      00020000 
 328      490009
 329              		.text
 330              		.section	.gnu.lto_.decls.5638d9a0,"",%progbits
 331 0000 789CAD58 		.ascii	"x\234\255XyP\024W\032\357\327=\3000\014H\320$\226!Y"
 331      79501457 
 331      1AEFD73D 
 331      C0300C48 
 331      D0249621 
 332 0015 D6259BD9 		.ascii	"\326%\233\331X\021\320]M\245jS&\306$n\305\\\230\354"
 332      5811D05D 
 332      4DA56A53 
 332      26C6246E 
 332      C55C98EC 
 333 0029 D62E5B53 		.ascii	"\326.[S0\214\221\015\207\313\214n\374k\033\020\2037"
 333      308C910D 
 333      87CB8C6E 
 333      FC6B1B10 
 333      8337
 334 003b 08124004 		.ascii	"\010\022@\004\004E\020\025P\361B\021\001\271\024\345"
 334      04451015 
 334      50F14211 
 334      01B914E5 
 335 004b 10F164C0 		.ascii	"\020\361d\300\003\274EP\300\223\375\336\321\323\315"
 335      03BC4550 
 335      C093FDDE 
 335      D1D3CD
 336 005a 3813B35B 		.ascii	"8\023\263[\333\345c\372\275\376\276\337\367\373}\337"
 336      DBE563FA 
 336      BDFEBEDF 
 336      F7FB7DDF 
 337 006a 7BAF5FEB 		.ascii	"{\257_\353\304\361\334'\257r\\\210\212\343\274\005\216"
 337      C4F1DC27 
 337      AF725C88 
 337      8AE3BC05 
 337      8E
 338 007b 1B814BCD 		.ascii	"\033\201K\315q\334vN\276\264\320v@\033\202\366\004\332"
 338      71DC764E 
 338      BEB4D076 
 338      401B82F6 
 338      04DA
 339 008d 333C8838 		.ascii	"3<\2108\216\207\246\201\246\205\346\001\315\023\232"
 339      8E87A681 
 339      A685E601 
 339      CD139A
 340 009c 17B47188 		.ascii	"\027\264q\210{\356\372;\214\001<\367-\264\227\221\214"
 340      7BEEFA3B 
 340      8C013CF7 
ARM GAS  C:\Users\CYIRKO~1\AppData\Local\Temp\ccXEfnkR.s 			page 26


 340      2DB49791 
 340      8C
 341 00ad CF336CAD 		.ascii	"\3173l\255\035\237\2730\346\302|\274\240\215\203f\201"
 341      1D9FBB30 
 341      E6C27CBC 
 341      A08D8366 
 341      81
 342 00be D605ED30 		.ascii	"\326\005\3550\264\253\314\3772\264nJ\211p\264\275\036"
 342      B4ABCCFF 
 342      32B46E4A 
 342      8970B4BD 
 342      1E
 343 00cf 22AAC116 		.ascii	"\"\252\301\026\007\373\267@\363\206\347\277F\024w\""
 343      07FBB740 
 343      F386E7BF 
 343      46147722 
 344 00df FC0E327C 		.ascii	"\374\0162|\236\341b|W\246\335\027\236\377\026\232\016"
 344      9EE1627C 
 344      57A6DD17 
 344      9EFF169A 
 344      0E
 345 00f0 DA64A6DB 		.ascii	"\332d\246\333\037\332\024h\277G\224\303\037m\264<u\020"
 345      1FDA1468 
 345      BF4794C3 
 345      1F6DB43C 
 345      7510
 346 0102 5F195B8A 		.ascii	"_\031[\212\333\305x\331\213\377\314N|O;\361?\264\211"
 346      DBC578D9 
 346      8BFFCC4E 
 346      7C4F3BF1 
 346      3FB489
 347 0115 8F004863 		.ascii	"\217\000Hc'~\273\015\207\013p\177\221\371\270r4\241"
 347      277EBB0D 
 347      870B707F 
 347      91F9B872 
 347      34A1
 348 0127 B6F1BCEC 		.ascii	"\266\361\274\354\304\373\223M<\247\3771\036o'\3368;"
 348      C4FB934D 
 348      3CA7FF31 
 348      1E6F27DE 
 348      383B
 349 0139 F1BEB289 		.ascii	"\361\276\262\211\3672\304\363p\020\317\011l\277F4\247"
 349      F732C4F3 
 349      7010CF09 
 349      6CBF4634 
 349      A7
 350 014a 38B73DD0 		.ascii	"8\267=\320\002\241\257R\304\227\362\334\313\3565L'\016"
 350      02A1AF52 
 350      C497F2DC 
 350      CBEE354C 
 350      270E
 351 015c F3579B58 		.ascii	"\363W\233X?\011h\317\252\232C|'\272\200\323\212<i\206"
 351      3F0968CF 
 351      AA9A437C 
 351      27BA80D3 
 351      8A3C6986 
 352 0170 11FD8B48 		.ascii	"\021\375\213H#\335\021\351B\210\214\22320Pi\010I\036"
ARM GAS  C:\Users\CYIRKO~1\AppData\Local\Temp\ccXEfnkR.s 			page 27


 352      23DD11E9 
 352      42888C93 
 352      32305069 
 352      08491E
 353 0183 ACCFB32E 		.ascii	"\254\317\263.\317 \311?\346\214\024\210\3641\215$]\264"
 353      CF20C93F 
 353      E68C1488 
 353      F4318D24 
 353      5DB4
 354 0195 5CF486B8 		.ascii	"\\\364\206\270I\336\210\227\003 \244tP\000R\332\354"
 354      49DE8897 
 354      0320A474 
 354      500052DA 
 354      EC
 355 01a6 B9951F27 		.ascii	"\271\225\037'\213C\222\372{\351\307{4\026t\021\217\346"
 355      8B4392FA 
 355      7BE9C77B 
 355      34167411 
 355      8FE6
 356 01b8 CC40642C 		.ascii	"\314@d,\357ZJ?/@\371\340\336\362\260\340\343\311\333"
 356      EF5A4A3F 
 356      2F40F9E0 
 356      DEF2B0E0 
 356      E3C9DB
 357 01cb 447AA927 		.ascii	"Dz\251'\310i;:2T9f\265\200\2744\210\207nk\337\361\015"
 357      C8693B3A 
 357      32543966 
 357      B580BC34 
 357      88876E6B 
 358 01e2 6ED01DA7 		.ascii	"n\320\035\247A\236\320\035\216i?\242\031\237J\274\342"
 358      419ED01D 
 358      8E693FA2 
 358      199F4ABC 
 358      E2
 359 01f3 444F1E7D 		.ascii	"DO\036}\373\012\332\206\274Q\021\362\206\340\333\321"
 359      FB0ADA86 
 359      BC5111F2 
 359      86E0DBD1 
 360 0203 78F88BF7 		.ascii	"x\370\213\367(\2144\330\233\272K=1G\314\351\022+-\261"
 360      288C34D8 
 360      9BBA4B3D 
 360      3147CCE9 
 360      122B2DB1 
 361 0217 6FA4C689 		.ascii	"o\244\306\211\005\340\345\203\255P!\022\320V4\0313\206"
 361      05E0E583 
 361      AD502112 
 361      D0563419 
 361      3386
 362 0229 5BF85B80 		.ascii	"[\370[\200,\010mA\235\240g\007\232\010\336U\265gWi\204"
 362      2C086D41 
 362      9DA06707 
 362      9A08DE55 
 362      B5675769 
 363 023e 99846CCB 		.ascii	"\231\204l\313\222\222L\201rRamM\031\227=('\037\350^"
 363      92924C81 
 363      7252616D 
 363      4D19973D 
ARM GAS  C:\Users\CYIRKO~1\AppData\Local\Temp\ccXEfnkR.s 			page 28


 363      28271FE8 
 364 0253 DC707740 		.ascii	"\334pw@%|E,\213\343\257\024\252\341\221\267\006\215"
 364      257C452C 
 364      8BE3AF14 
 364      AAE191B7 
 364      068D
 365 0265 20DCBFB5 		.ascii	" \334\277\265\377\241;\355+\305}I\305-\277\\\234\344"
 365      FFA13BED 
 365      2BC57D49 
 365      C52DBF5C 
 365      9CE4
 366 0277 2AFC993C 		.ascii	"*\374\231<\272R\265\266\333M\005\265\337\003\324\312"
 366      BA52B5B6 
 366      DB4D05B5 
 366      DF03D4CA 
 367 0287 B01C184C 		.ascii	"\260\034\030L\257{P\356&\204\020\203\223\375\335I*l"
 367      AF7B50EE 
 367      26841083 
 367      93FDDD49 
 367      2A6C
 368 0299 B00F0C26 		.ascii	"\260\017\014&y\243\275H\205\207\357tt\017\250\205\357"
 368      79A3BD48 
 368      8587EF74 
 368      740FA885 
 368      EF
 369 02aa 89C9528B 		.ascii	"\211\311R\213%\225\307&\007\300\344mo\264\237\230\360"
 369      2595C726 
 369      07C0E46D 
 369      6FB49F98 
 369      F0
 370 02bb C9839BB2 		.ascii	"\311\203\233\2624H\247\316\307Y\253\034\312\362I;\210"
 370      3448A7CE 
 370      C759AB1C 
 370      CAF2493B 
 370      88
 371 02cc F37008A9 		.ascii	"\363p\010\2519\226\004|-\025\305X\261/6F\030\317\241"
 371      3996047C 
 371      2D15C558 
 371      B12F3646 
 371      18CFA1
 372 02df A9DEC81F 		.ascii	"\251\336\310\037'\024L\260\005:\210t\250\034\251\320"
 372      27144CB0 
 372      053A8874 
 372      A81CA9D0 
 373 02ef 6E48F52E 		.ascii	"nH\365.\340\006\261\272/\347&j\204\255\010\007\346o"
 373      E006B1BA 
 373      2FE7266A 
 373      84AD0807 
 373      E66F
 374 0301 6E4E5EE1 		.ascii	"nN^\341\202\324\272\3471P%\270:\202\241\204z\322\234"
 374      82D4BAE7 
 374      315025B8 
 374      3A82A184 
 374      7AD29C
 375 0314 610AA0C3 		.ascii	"a\012\240\303`T!\227\005\263#9\350\311;\327\243\026"
 375      60542197 
 375      05B32339 
ARM GAS  C:\Users\CYIRKO~1\AppData\Local\Temp\ccXEfnkR.s 			page 29


 375      E8C93BD7 
 375      A316
 376 0326 CA482094 		.ascii	"\312H \224Q~\277\321\211VB\015\335\275w\212\366\272"
 376      517EBFD1 
 376      8956420D 
 376      DDBD778A 
 376      F6BA
 377 0338 D34A54E2 		.ascii	"\323JT\342\307\327\237\025\367\252\204\303\324\266\344"
 377      C7D79F15 
 377      F7AA84C3 
 377      D4B6E4
 378 0347 E092DB1E 		.ascii	"\340\222\333\036\324\266\022\327\242\356\326\351\006"
 378      D4B612D7 
 378      A2EED6E9 
 378      06
 379 0354 176A2C6A 		.ascii	"\027j,jqm\372\013\363\\\204Zj<\360S\374255~\025\272"
 379      716DFA0B 
 379      F35C845A 
 379      6A3CF053 
 379      FC323535 
 380 036b F5EB33DF 		.ascii	"\365\3533\337\320$`z\211q\242\353\247x\270\024H\227"
 380      D024607A 
 380      8971A2EB 
 380      A778B814 
 380      4897
 381 037d 9069D680 		.ascii	"\220i\326\200`\333B~\336\250\236\246b`\327\346d7\341"
 381      60DB427E 
 381      DEA89EA6 
 381      6260D7E6 
 381      6437E1
 382 0390 2405BA58 		.ascii	"$\005\272X_X\204\347\312[0\003\340\032\243\230\004o"
 382      5F5884E7 
 382      CA5B3003 
 382      E01AA398 
 382      046F
 383 03a2 D149D0BA 		.ascii	"\321I\320\272\246\177\223\213p\212f.\275\261\243J\205"
 383      A67F938B 
 383      708A662E 
 383      BDB1A34A 
 383      85
 384 03b3 741A9A8A 		.ascii	"t\032\232\212\221\362\367\323\373qmN\"\015j\222\223"
 384      91F2F7D3 
 384      FB716D4E 
 384      220D6A92 
 384      93
 385 03c4 F116DE27 		.ascii	"\361\026\336'\023pr\011\035\316J\006\235\200\224\002"
 385      13707209 
 385      1DCE4A06 
 385      9D809402 
 386 03d4 2EB643C7 		.ascii	".\266C\307a\360\030\245T\270))\327Y\250%k\215\257\255"
 386      61F018A5 
 386      54B82929 
 386      D759A825 
 386      6B8DAFAD 
 387 03e8 387F4685 		.ascii	"8\177F\2054:\273\000\255v\000\030\231\263\023k\343E"
 387      343ABB00 
 387      AD760018 
ARM GAS  C:\Users\CYIRKO~1\AppData\Local\Temp\ccXEfnkR.s 			page 30


 387      99B3136B 
 387      E345
 388 03fa 91472D40 		.ascii	"\221G-@\246Y&s\022\313\307A\252\232\227\245\216\021"
 388      A6592673 
 388      12CBC741 
 388      AA9A97A5 
 388      8E11
 389 040c 8A04A2EA 		.ascii	"\212\004\242\352\307\324\343;\324\302\016\322\341\313"
 389      C7D4E33B 
 389      D4C20ED2 
 389      E1CB
 390 041a D676F4F1 		.ascii	"\326v\364\361\216\"\236v\030\321r\3277\375\024\226\337"
 390      8E229E76 
 390      18D172D7 
 390      37FD1496 
 390      DF
 391 042b 0E114FC9 		.ascii	"\016\021O\311\021[\244\210O\256\326\277\246\302\373"
 391      115BA488 
 391      4FAED6BF 
 391      A6C2FB
 392 043a 29360821 		.ascii	")6\010!\363\377\356\376\345\203nB\254\212\256\257\344"
 392      F3FFEEFE 
 392      E5836E42 
 392      AC8AAEAF 
 392      E4
 393 044b 1FC70B89 		.ascii	"\037\307\013\211\364\276\340bK\254V\330H:\023,\226\306"
 393      F4BEE062 
 393      4BAC56D8 
 393      483A132C 
 393      96C6
 394 045d 655AA4D3 		.ascii	"eZ\244\323\216Wi\307\372\216\365\325\341\277:/z\253"
 394      8E5769C7 
 394      FA8EF5D5 
 394      E1BF3A2F 
 394      7AAB
 395 046f D38DD5D1 		.ascii	"\323\215\325\321\370'2<cE\021\241>\244Eg\344\360\027"
 395      F827323C 
 395      634511A1 
 395      3EA44567 
 395      E4F017
 396 0482 107E2D2F 		.ascii	"\020~-/\267j\201]m\274b:\300cf\351h_\272H\366\245N\244"
 396      B76A815D 
 396      6DBC623A 
 396      C06366E9 
 396      685FBA48 
 397 049a A26F0ED8 		.ascii	"\242o\016\330j\264\250\003z\012\310.4V\001i!\021\271"
 397      6AB4A803 
 397      7A0AC82E 
 397      34560169 
 397      2111B9
 398 04ad 24320145 		.ascii	"$2\001Eq\206\212C\325\360\260\012\247\357>\244\357\022"
 398      71868A43 
 398      D5F0B00A 
 398      A7EF3EA4 
 398      EF12
 399 04bf 58E30575 		.ascii	"X\343\005u\005\356/#_\324\215|\311\032\316\305\200\225"
 399      05EE2F23 
ARM GAS  C:\Users\CYIRKO~1\AppData\Local\Temp\ccXEfnkR.s 			page 31


 399      5FD48D7C 
 399      C91ACEC5 
 399      8095
 400 04d1 9DD9DEC9 		.ascii	"\235\331\336\311qb\275?\272\012qj@\307%\0058\314[\216"
 400      7162BD3F 
 400      BA0A716A 
 400      40C72505 
 400      38CC5B8E 
 401 04e5 14C311FE 		.ascii	"\024\303\021\376\021\346\340\030\377Y\326\204\201X1"
 401      11E6E018 
 401      FF59D684 
 401      815831
 402 04f4 CD9F2CD9 		.ascii	"\315\237,\331\235\314\234-w\202\036\200\301iJ;\263<"
 402      9DCC9C2D 
 402      77821E80 
 402      C1694A3B 
 402      B33C
 403 0506 63704AC1 		.ascii	"cpJ\301D\271\331(\224\367\214R~u\224\362\004\314\254"
 403      44B9D928 
 403      94F78C52 
 403      7E7594F2 
 403      04CCAC
 404 0519 161E1EC5 		.ascii	"\026\036\036\305\314\372\201\3155\312\214C\2752%\274"
 404      CCFA81CD 
 404      35CA8C43 
 404      BD3225BC 
 405 0529 876CF04A 		.ascii	"\207l\360J\026\261\344\033\310\013\325\001%lgu\224I"
 405      16B1E41B 
 405      C80BD501 
 405      256C6775 
 405      9449
 406 053b 29154B8F 		.ascii	")\025K\2179\011\024]\207\000\022.\245_\273\301\213\320"
 406      3909145D 
 406      8700122E 
 406      A55FBBC1 
 406      8BD0
 407 054d BF369A7E 		.ascii	"\2776\232~\"\203\361Q\241\233\212@\034\016/m\020\366"
 407      2283F151 
 407      A19B8A40 
 407      1C0E2F6D 
 407      10F6
 408 055f B37B0F42 		.ascii	"\263{\017B\334f\341\356\302\375\035\310\356\255Q\331"
 408      DC66E1EE 
 408      C2FD1DC8 
 408      EEAD51D9 
 409 056f 3D91E945 		.ascii	"=\221\351E\253\207ga\033H\271\375_T\217{\001x\353k\351"
 409      AB876761 
 409      1B48B9FD 
 409      5F548F7B 
 409      0178EB6B 
 410 0584 62E51281 		.ascii	"b\345\022\201,\351F\273\330\212\332\015fP\361\267\035"
 410      2CE946BB 
 410      D88ADA0D 
 410      6650F1B7 
 410      1D
 411 0595 D64EB910 		.ascii	"\326N\271\020\320y\210(\257\005\012q:\223\354\3558I"
 411      D0798828 
ARM GAS  C:\Users\CYIRKO~1\AppData\Local\Temp\ccXEfnkR.s 			page 32


 411      AF050A71 
 411      3A93ECED 
 411      3849
 412 05a7 67E50585 		.ascii	"g\345\005\205\001%\213\376\327\261\301\000\030\234\223"
 412      01258BFE 
 412      D7B1C100 
 412      189C93
 413 05b6 0DAE1103 		.ascii	"\015\256\021\003{\305RN\002;\365\032\312\362M\277\217"
 413      7BC5524E 
 413      023BF51A 
 413      CAF24DBF 
 413      8F
 414 05c7 7710BC9E 		.ascii	"w\020\274\236\216\310\200\227\010 ~)T\337\332\347\252"
 414      8EC88097 
 414      08207E29 
 414      54DFDAE7 
 414      AA
 415 05d8 921621DD 		.ascii	"\222\026!\335B\016W\034\231\340\360L1H\326\356\003\304"
 415      420E571C 
 415      99E0F04C 
 415      3148D6EE 
 415      03C4
 416 05ea 0E15FD67 		.ascii	"\016\025\375g\343[U\326C\305o\272w\212\"\354\221\242"
 416      E35B55D6 
 416      43C56FBA 
 416      778A22EC 
 416      91A2
 417 05fc 0ADBA162 		.ascii	"\012\333\241b9`\261\355\251b\210\234*\312;\207\2635"
 417      3960B1ED 
 417      A962889C 
 417      2ACA3B87 
 417      B335
 418 060e 4211DDA1 		.ascii	"B\021\335\241\022w\357\334\346L\270\\\265r)k\310\363"
 418      1277EFDC 
 418      E64CB85C 
 418      B572296B 
 418      C8F3
 419 0620 B5D27B48 		.ascii	"\265\322{H_\36177g\024\360\016\011>&\004\037I\004\037"
 419      5FF13737 
 419      6714F00E 
 419      093E2604 
 419      1F49041F 
 420 0634 5774AC1E 		.ascii	"Wt\254\036\303\010^\232\000\325\206\035\015\366p\260"
 420      C3085E9A 
 420      00D5861D 
 420      0DF670B0 
 421 0644 42C332BD 		.ascii	"B\3032\275a[zO\010=\313\263\302.wa7\2457|\361\336C\236"
 421      615B7A4F 
 421      083DCBB3 
 421      C22E7761 
 421      37A5377C 
 422 065c 2155BD6E 		.ascii	"!U\275nE\302B\237\312HOm\221\236\021\244M5\353\273\334"
 422      45C2429F 
 422      CA484F6D 
 422      919E11A4 
 422      4D35EBBB 
 423 0671 84831429 		.ascii	"\204\203\024)\376a\367*\027\206\324\250\263\"\341\331"
ARM GAS  C:\Users\CYIRKO~1\AppData\Local\Temp\ccXEfnkR.s 			page 33


 423      FE61F72A 
 423      1786D4A8 
 423      B322E1D9 
 424 0681 3322238D 		.ascii	"3\"#\215\330\"\211<FZ\321\334{K\020\232(\322\3465\355"
 424      D822893C 
 424      465AD1DC 
 424      7B4B109A 
 424      28D2E635 
 425 0696 2988213D 		.ascii	")\210!=z{\024R\014oE\202\333\321H\261\004)\2615\266"
 425      7A7B1452 
 425      0C6F4582 
 425      DBD148B1 
 425      0429B135 
 426 06ab D655B050 		.ascii	"\326U\260P\244-\265\327ZTc\225\373\214\2755\312\215"
 426      A42DB5D7 
 426      5A546395 
 426      FB8CBD35 
 426      CA8D
 427 06bd 5A43F8C4 		.ascii	"ZC\370\304\261\355B\214\207V\261\004\226\360\312\355"
 427      B1ED428C 
 427      8756B104 
 427      96F0CAED 
 428 06cd 2B9ED732 		.ascii	"+\236\3272\303\374\373\231\017\265\244\2220\306\212"
 428      C3FCFB99 
 428      0FB5A492 
 428      30C68A
 429 06dc DB14D3B1 		.ascii	"\333\024\323\261Ce}\177-\345\311\340\306\206k\333\220"
 429      43657D7F 
 429      2DE5C9E0 
 429      C6866BDB 
 429      90
 430 06ed B5E43FD2 		.ascii	"\265\344?\322\301\354\301\316u\216K\276\214\307%O\340"
 430      C1ECC1CE 
 430      758E4BBE 
 430      8CC7254F 
 430      E0
 431 06fe 59C9AF55 		.ascii	"Y\311\257U\324\344JI\2711\331\232\024\260BqrR\342l\223"
 431      D4E44A49 
 431      B931D99A 
 431      14B04271 
 431      7252E26C 
 432 0713 B29C2445 		.ascii	"\262\234$E\354\277\227\344&\364\323\244<\250\250\316"
 432      ECBF97E4 
 432      26F4D3A4 
 432      3CA8A8CE 
 433 0723 7602A42E 		.ascii	"v\002\244.\3622~\267\260\344\212\230\240!\347j\264B"
 433      F2327EB7 
 433      B0E48A98 
 433      A021E76A 
 433      B442
 434 0735 465A8191 		.ascii	"FZ\201\221\360\315J\202\260+%6\333C\030\241\010gsz\023"
 434      F0CD4A82 
 434      B02B2536 
 434      DB4318A1 
 434      0867737A 
 435 074a DD18C2A3 		.ascii	"\335\030\302\243\337\245\213Ut\302\254\222\275WI\336"
 435      DFA58B55 
ARM GAS  C:\Users\CYIRKO~1\AppData\Local\Temp\ccXEfnkR.s 			page 34


 435      74C2AC92 
 435      BD5749DE 
 436 075a AB8977E6 		.ascii	"\253\211w\346\306\330_\011\253\234\210\363\362\206\033"
 436      C6D85F09 
 436      AB9C88F3 
 436      F2861B
 437 0769 B7DC9973 		.ascii	"\267\334\231s\325\333V\3475\262\363\032\3119\2218o\333"
 437      D5DB56E7 
 437      35B2F31A 
 437      C9399138 
 437      6FDB
 438 077b 71FF8A9B 		.ascii	"q\377\212\233\220A\275[R\272J\020\363n\244\336x^$\311"
 438      9041BD5B 
 438      52BA4A10 
 438      F36EA4DE 
 438      785E24C9 
 439 078f DE4992F7 		.ascii	"\336I\222\367Z\352]\237Q\354*\224R\357{\315\333o\214"
 439      5AEA5D9F 
 439      51EC2A94 
 439      52EF7BCD 
 439      DB6F8C
 440 07a2 61DEADB2 		.ascii	"a\336\255\262w\262\354\235,y\247\020o\313pG\247V9\023"
 440      77B2EC9D 
 440      2C79A710 
 440      6FCB7047 
 440      A7563913 
 441 07b6 B68F3A15 		.ascii	"\266\217:\025\254\343\245\235\020\337bq{\332:U\016\317"
 441      ACE3A59D 
 441      10DF6271 
 441      7BDA3A55 
 441      0ECF
 442 07c8 94A93C3B 		.ascii	"\224\251<;S\372\223\363"
 442      53FA93F3 
 443 07d0 5BFBF0A1 		.ascii	"[\373\360\241GZ\241\201PSu\345\365\337tF:o\2044\320"
 443      475AA181 
 443      505375E5 
 443      F5DF7446 
 443      3A6F8434 
 444 07e5 F2A58F26 		.ascii	"\362\245\217&\016e\360\032\364\023c\005W\206\010\350"
 444      0E65F01A 
 444      F4136305 
 444      578608E8 
 445 07f5 7DFFC6C3 		.ascii	"}\377\306\303\364\260\330\227+*N\342i\274\216<\342\320"
 445      F4B0D897 
 445      2B2A4EE2 
 445      69BC8E3C 
 445      E2D0
 446 0807 7ADE1BA5 		.ascii	"z\336\033\245\363\336\340\240&#\020p\345\355\2264\255"
 446      F3DEE0A0 
 446      26231070 
 446      E5ED9634 
 446      AD
 447 0818 97F5BD86 		.ascii	"\227\365\275\206\010\266<\3432y/\211$\351\340\017\226"
 447      08B63CE3 
 447      32792F89 
 447      24E9E00F 
 447      96
ARM GAS  C:\Users\CYIRKO~1\AppData\Local\Temp\ccXEfnkR.s 			page 35


 448 0829 C7DB0FB0 		.ascii	"\307\333\017\260\343\2653t\207\212sN\270;\224\227%\311"
 448      E3B53374 
 448      878A734E 
 448      B83B9497 
 448      25C9
 449 083b DBC0137D 		.ascii	"\333\300\023}\367\227\307\017\261/*\027|V\353\311\\"
 449      F797C70F 
 449      B12F2A17 
 449      7C56EBC9 
 449      5C
 450 084c ADA547F3 		.ascii	"\255\245G\363w\241{\276y[\255\273-\231\034 \235\315"
 450      77A17BBE 
 450      795BADBB 
 450      2D991C20 
 450      9DCD
 451 085e 63B08D84 		.ascii	"c\260\215\204L\026%\263\221\220Y\333\266\277\234W\026"
 451      4C1625B3 
 451      919059DB 
 451      B6BF9C57 
 451      16
 452 086f 63705431 		.ascii	"cpT1r\351\262\304\277\230j\\W\233\213p\202\326=\353"
 452      72E9B2C4 
 452      BF986A5C 
 452      579B8B70 
 452      82D63DEB 
 453 0883 E99E7578 		.ascii	"\351\236ux\302V\302\342\351(\027\316\2579\266R\314\211"
 453      C256C2E2 
 453      E92817CE 
 453      AF39B652 
 453      CC89
 454 0895 1167D07A 		.ascii	"\021g\320z\346\311\345\317\263]?\233\3104X\031\2775"
 454      E6C9E5CF 
 454      B35D3F9B 
 454      C8345819 
 454      BF35
 455 08a7 C64558E1 		.ascii	"\306EX\341L\300\032R\362S\264\014\354f\243p\247h\251"
 455      4CC01A52 
 455      F253B40C 
 455      EC66A370 
 455      A768A9
 456 08ba D82C8A39 		.ascii	"\330,\2129\237\322%\264Y\006\333l\013\226O\300\362\207"
 456      9FD225B4 
 456      5906DB6C 
 456      0B964FC0 
 456      F287
 457 08cc 86577808 		.ascii	"\206Wx\010\265\024,\376i\177\227\007\003\253>'l\335"
 457      B5142CFE 
 457      697F9707 
 457      03AB3E27 
 457      6CDD
 458 08de 75451441 		.ascii	"uE\024A\341\022\370\200\302h[d\264-\266h\005\004\255"
 458      E112F880 
 458      C2685B64 
 458      B42DB668 
 458      0504AD
 459 08f1 A3A72A54 		.ascii	"\243\247*TX\343B\300\266n\317*\361\0206\320\316\212"
 459      58E342C0 
ARM GAS  C:\Users\CYIRKO~1\AppData\Local\Temp\ccXEfnkR.s 			page 36


 459      B66ECF2A 
 459      F11036D0 
 459      CE8A
 460 0903 AAEA4CFC 		.ascii	"\252\352L\374\342A[\311\344\301G\371\207\026O\262\007"
 460      E2415BC9 
 460      E4C147F9 
 460      87164FB2 
 460      07
 461 0914 B5580FD6 		.ascii	"\265X\017\3265%EO=\034\177j\223-h\233\264\005\365\254"
 461      3525454F 
 461      3D1C7F6A 
 461      932D689B 
 461      B405F5AC 
 462 0928 4F2D91B2 		.ascii	"O-\221\262h\271-\254.\354\244Y\254\347\261%*\224\270"
 462      68B92DAC 
 462      2EECA459 
 462      ACE7B125 
 462      2A94B8
 463 093b A2225E85 		.ascii	"\242\"^\205{6_\334\204\356\331\255\335W\235\205;\224"
 463      7B365FDC 
 463      84EED9AD 
 463      DD579D85 
 463      3B94
 464 094d E2CEBD69 		.ascii	"\342\316\275i\245\356rY\356\214.K\261\254\275\330\026"
 464      A5EE7259 
 464      EE8C2E4B 
 464      B1ACBDD8 
 464      16
 465 095e AC848035 		.ascii	"\254\204\2005\337)_\351&<\241`\005KV\2178\313eY\276"
 465      DF295FE9 
 465      263CA160 
 465      054B568F 
 465      38CB6559 
 466 0973 7D54594A 		.ascii	"}TYJe\260R[\260\235\004\254+\2737\331]HP\023\260c\025"
 466      65B0525B 
 466      B09D04AC 
 466      2BBB37D9 
 466      5D485013 
 467 098a 79ED4E72 		.ascii	"y\355NrY\316\331\224e\227\214\266\313\026m7A\353-\333"
 467      59CED994 
 467      65978CB6 
 467      CB166D37 
 467      41EB2DDB 
 468 099e 97858414 		.ascii	"\227\205\204\024\212V\264g\363\001D\027\202+\256\314"
 468      8A56B467 
 468      F3014417 
 468      822BAECC 
 469 09ae D1B25A81 		.ascii	"\321\262Z\201.\204z\362rh\032H\325\010\271\324\366|"
 469      2E847AF2 
 469      72681A48 
 469      D508B9D4 
 469      F67C
 470 09c0 DEE94CE4 		.ascii	"\336\351L\344p\211\355\227\226X\025\375\004L]\337\362"
 470      7089ED97 
 470      965815FD 
 470      044C5DDF 
 470      F2
ARM GAS  C:\Users\CYIRKO~1\AppData\Local\Temp\ccXEfnkR.s 			page 37


 471 09d1 5863BB88 		.ascii	"Xc\273\210\366\302\"\332C\026\321\001\262\210\210\023"
 471      F6C222DA 
 471      4316D101 
 471      B2888813 
 472 09e1 398B346D 		.ascii	"9\2134m\\\357\252a\273F\302\317\356\0328!mkB\225\320"
 472      5CEFAA61 
 472      BB46C2CF 
 472      EE1A3821 
 472      6D6B4295 
 473 09f6 E53F07BD 		.ascii	"\345?\007\275\354jU\256\307\233ybs%\314\215\252I\245"
 473      EC6A55AE 
 473      C79B7962 
 473      7325CC8D 
 473      AA49A5
 474 0a09 B19562DC 		.ascii	"\261\225b\334\014t\220\367B\373 Wp\360P\270\226\301"
 474      0C7490F7 
 474      42FB2057 
 474      70F050B8 
 474      96C1
 475 0a1b C85C9898 		.ascii	"\310\\\230\230\207\3707\301s]oW\252\253PD\325wl\274"
 475      87F837C1 
 475      735D6F57 
 475      AAAB5044 
 475      D5776CBC 
 476 0a2f 3AAC71A8 		.ascii	":\254q\250\376\260\244>\2332\274^\320\\\313\333\252"
 476      FEB0A43E 
 476      9B32BC5E 
 476      D05CCBDB 
 476      AA
 477 0a40 974FC995 		.ascii	"\227O\311\225\204\342a\211b\3431\361\214\213\255 \207"
 477      84E26189 
 477      62E331F1 
 477      8C8BAD20 
 477      87
 478 0a51 D67D2949 		.ascii	"\326})Im*&\250\365\365\230\234\312\030\037t\204\311"
 478      6D2A26A8 
 478      F5F5989C 
 478      CA181F74 
 478      84C9
 479 0a63 81D38FC2 		.ascii	"\201\323\217\302\261\202\311\251\"r\252Sk\027\011\373"
 479      B182C9A9 
 479      2272AA53 
 479      6B1709FB 
 480 0a73 A99A84BA 		.ascii	"\251\232\204\272\316vV\367\227\360\253\250\251\356\002"
 480      CE7656F7 
 480      97F0ABA8 
 480      A9EE02
 481 0a82 AB7B0252 		.ascii	"\253{\002R\374\267\227\027\375o\257\322\374g\027<\034"
 481      FCB79717 
 481      FD6FAFD2 
 481      FC67173C 
 481      1C
 482 0a93 6AAF93B4 		.ascii	"j\257\223\264\327R\355\255\305\347\023]m\265\037\205"
 482      D752EDAD 
 482      C5E7135D 
 482      6DB51F85 
 483 0aa3 1CD7901C 		.ascii	"\034\327\220\034\327\0235u\222\232\007\207W?p\266\325"
ARM GAS  C:\Users\CYIRKO~1\AppData\Local\Temp\ccXEfnkR.s 			page 38


 483      D7133575 
 483      929A0787 
 483      573F70B6 
 483      D5
 484 0ab4 EED0BAED 		.ascii	"\356\320\272\355\311\203\323\256L\3739\035\325\336\300"
 484      C983D3AE 
 484      4CFB391D 
 484      D5DEC0
 485 0ac3 B4C3794D 		.ascii	"\264\303yM\341X\315\2647\022\355\303\2536\245{\010u"
 485      E158CDB4 
 485      3712EDC3 
 485      AB36A57B 
 485      0875
 486 0ad5 547C69D7 		.ascii	"T|i\327\223\203*\252\016o\336\0035\005\003c\250\370"
 486      93832AAA 
 486      0E6FDE03 
 486      35050363 
 486      A8F8
 487 0ae7 442C3EBF 		.ascii	"D,>\277\242q\310q\245OHjk\250\332\241\306\015E\317\275"
 487      A271C871 
 487      A54F486A 
 487      6BA8DAA1 
 487      C60D45CF 
 488 0afc 2C9A80C6 		.ascii	",\232\200\306qB\343$\341\177B\342_\232X=\301V\254C\343"
 488      7142E324 
 488      E17F42E2 
 488      5F9A583D 
 488      C156AC43 
 489 0b11 B63D7DA7 		.ascii	"\266=}\247\324Ll\343$*\266\231\211\205#\245\302\361"
 489      D44C6CE3 
 489      242AB699 
 489      898523A5 
 489      C2F1
 490 0b23 1813DB42 		.ascii	"\030\023\333B\304\026\357\270}\305I\3716\2729\352\033"
 490      C416EFB8 
 490      7DC549F9 
 490      36BA39EA 
 490      1B
 491 0b34 B795BD8D 		.ascii	"\267\225\275\215Z\311\333\250,\355\314^7/\305\027%>"
 491      5AC9DBA8 
 491      2CEDCC5E 
 491      372FC517 
 491      253E
 492 0b46 51DAFFA2 		.ascii	"Q\332\377\242Dm\344e\227\335\272\262Y#\264\323\\\336"
 492      446DE465 
 492      97DDBAB2 
 492      5923B4D3 
 492      5CDE
 493 0b58 DFBFF411 		.ascii	"\337\277\364\021{\015\217\305o\240\330U[\330\2334\015"
 493      7B0D8FC5 
 493      6FA0D855 
 493      5BD89B34 
 493      0D
 494 0b69 E7F2FA8E 		.ascii	"\347\362\372\216\232\003\216gN\207\224\313\3434\227"
 494      9A038E67 
 494      4E8794CB 
 494      E33497
ARM GAS  C:\Users\CYIRKO~1\AppData\Local\Temp\ccXEfnkR.s 			page 39


 495 0b78 A9A7CFAD 		.ascii	"\251\247\317\255yn\325\234\006\225\355D\345\031\222"
 495      796ED59C 
 495      0695ED44 
 495      E51992
 496 0b87 9E0E293D 		.ascii	"\236\016)=\247\332o\026\214\261M\246C\353GW\266L\222"
 496      A7DA6F16 
 496      8CB14DA6 
 496      43EB4757 
 496      B64C92
 497 0b9a 168D1FCD 		.ascii	"\026\215\037\315\345Y\226K8\211*\374N\261\\\236\343"
 497      E559964B 
 497      38892AFC 
 497      4EB15C9E 
 497      E3
 498 0bab DFE45C8C 		.ascii	"\337\344\\\214?\230gG\206\231\325\237|\376\215\317\314"
 498      3F986747 
 498      8699D59F 
 498      7CFE8DCF 
 498      CC
 499 0bbc 8000CE6F 		.ascii	"\200\000\316o\326{A3\347\207\205\204\005\232\027\206"
 499      D67B4133 
 499      E7878584 
 499      059A1786 
 500 0bcc 86450519 		.ascii	"\206E\005\031\360}\224)`\3724\277(\223\337\374\340p"
 500      F07D9429 
 500      60FA34BF 
 500      2893DFFC 
 500      E070
 501 0bde 3F53B401 		.ascii	"?S\264\001\377\352\301s\262\201s\207\237/B\376a4\020"
 501      FFEAC173 
 501      B2817387 
 501      9F2F42FE 
 501      613410
 502 0bf1 18279339 		.ascii	"\030'\2239\330l\324\314\372\313\\\375\0073\347\316\376"
 502      D86CD4CC 
 502      FACB5CFD 
 502      0733E7CE 
 502      FE
 503 0c02 76961ADF 		.ascii	"v\226\032\337\006\316\375\342K2\366\315\347\263?\237"
 503      06CEFDE2 
 503      4B32F6CD 
 503      E7B33F9F 
 504 0c12 3D77EA0B 		.ascii	"=w\352\013C\204E\032\302\027\206\032\255a\346s\032\370"
 504      4384451A 
 504      C217861A 
 504      AD61E673 
 504      1AF8
 505 0c24 21D87AB3 		.ascii	"!\330z\263+ }\024\035\266\310\030\355l\210\212\234\027"
 505      2B207D14 
 505      1DB6C818 
 505      ED6C888A 
 505      9C17
 506 0c36 F69DDA30 		.ascii	"\366\235\3320?82\322\030nRED\205\0325z\375\302\260H"
 506      3F3832D2 
 506      186E5245 
 506      44851A35 
 506      7AFDC2B0 
ARM GAS  C:\Users\CYIRKO~1\AppData\Local\Temp\ccXEfnkR.s 			page 40


 507 0c4b F3D4297A 		.ascii	"\363\324)z\363<\343{\024\334D\003\231\243\242\302MA"
 507      F33CE37B 
 507      14DC4403 
 507      99A3A2C2 
 507      4D41
 508 0c5d DF452EF4 		.ascii	"\337E.\364!w>\301\321\021>\306\210\020ch\25014h\332"
 508      21773EC1 
 508      D1113EC6 
 508      88106368 
 508      A8313468 
 509 0c72 E4A93E53 		.ascii	"\344\251>S\374\003\246\3773 \010\306\337\211\214\212"
 509      FC03A6FF 
 509      332008C6 
 509      DF898C8A 
 510 0c82 34BE630C 		.ascii	"4\276c\014\016\011\013bd\202\"\202\001+\322\030\244"
 510      0E090B62 
 510      64822282 
 510      012BD218 
 510      A4
 511 0c93 0F35CE0B 		.ascii	"\0175\316\013^\030n\326\233\027/0\232\200\233Z\212\367"
 511      5E186ED6 
 511      9B172F30 
 511      9A809B5A 
 511      8AF7
 512 0ca5 B7FF6B3C 		.ascii	"\267\377k<\323bS\220\336d\016\005p\010\302\033B\264"
 512      D3625390 
 512      DE640E05 
 512      7008C21B 
 512      42B4
 513 0cb7 C61F1630 		.ascii	"\306\037\0260\251z\363\307/L\342\202\250h\263\311/p"
 513      A97AF3C7 
 513      2F4CE282 
 513      A868B3C9 
 513      2F70
 514 0cc9 EE9CA953 		.ascii	"\356\234\251S\374>\373\354#?H\333\354E\001RN\365\341"
 514      FC3EFBEC 
 514      233F48DB 
 514      EC450152 
 514      4EF5E1
 515 0cdc E1A1008B 		.ascii	"\341\241\000\213\313g\010\016\017\017\0116|\2577{\202"
 515      CB67080E 
 515      0F0F0936 
 515      7CAF377B 
 515      82
 516 0ced CD4C1A61 		.ascii	"\315L\032a&I-\3165\275S\203a\24098\332\354Bn\242\026"
 516      26492DCE 
 516      35BD5383 
 516      61A03938 
 516      DAEC426E 
 517 0d03 78C22FB3 		.ascii	"x\302/\263\235\025\031\034\022n|I\036\370(\314\204G"
 517      9D15191C 
 517      126E7C49 
 517      1EF828CC 
 517      8447
 518 0d15 BCB0A951 		.ascii	"\274\260\251Q\032\234\003\305\231\255e\241\365a0[\334"
 518      1A9C03C5 
 518      99AD65A1 
ARM GAS  C:\Users\CYIRKO~1\AppData\Local\Temp\ccXEfnkR.s 			page 41


 518      F561305B 
 518      DC
 519 0d26 A58E0903 		.ascii	"\245\216\011\003k\345^\324\202W\244\216$\330Hb\274j"
 519      6BE55ED4 
 519      8257A48E 
 519      24D84862 
 519      BC6A
 520 0d38 3B1C4A23 		.ascii	";\034J#\251\240\037\355\026e\012\016\017\\l\372,\312"
 520      A9A01FED 
 520      16650A0E 
 520      0F5C6CFA 
 520      2CCA
 521 0d4a F0BDFF0B 		.ascii	"\360\275\377\013\323\203\215\375\242\315\344\027\022"
 521      D3838DFD 
 521      A2CDE417 
 521      12
 522 0d57 E16A98FF 		.ascii	"\341j\230\377\213\\\301C\232\235\206\371P\"\354\212"
 522      8B5CC143 
 522      9A9D86F9 
 522      5022EC8A 
 523 0d67 33AD0F07 		.ascii	"3\255\017\007\327\367\177\326\325\020\025\021\021\025"
 523      D7F77FD6 
 523      D5101511 
 523      1115
 524 0d75 C9EAF2C1 		.ascii	"\311\352\362\301\327sf\316\371\0010\014Q\321F\375\242"
 524      D77366CE 
 524      F901300C 
 524      51D146FD 
 524      A2
 525 0d86 E911B818 		.ascii	"\351\021\270\030z\275\311h\326\177\370A\340\254/\277"
 525      7ABDC968 
 525      D67FF841 
 525      E0AC2FBF 
 526 0d96 9EED1E1C 		.ascii	"\236\355\036\034\376\257\340\305&\310T8L\273\017\177"
 526      FEAFE0C5 
 526      26C85438 
 526      4CBB0F7F 
 527 0da6 093464C7 		.ascii	"\0114d\307o\346\234\300\331\2012\307\010S\230I\377\235"
 527      6FE69CC0 
 527      D98132C7 
 527      08539849 
 527      FF9D
 528 0db8 C180E159 		.ascii	"\301\200\341Y~\276\211\304\\\335\210`vO\024,$\367@b"
 528      7EBE89C4 
 528      5CDD8860 
 528      764F142C 
 528      24F74062 
 529 0dcc DEC24883 		.ascii	"\336\302H\203^?\371]\377?LQK\275Q\303\323\224\275i\001"
 529      5E3FF95D 
 529      FF3F4C51 
 529      4BBD51C3 
 529      D394BD69 
 530 0de1 A37AA39E 		.ascii	"\243z\243\236M\237\372\037\252JO\306"
 530      4D9FFA1F 
 530      AA4A4FC6 
 531              		.text
 532              		.section	.gnu.lto_.symtab.5638d9a0,"",%progbits
ARM GAS  C:\Users\CYIRKO~1\AppData\Local\Temp\ccXEfnkR.s 			page 42


 533 0000 65787449 		.ascii	"extInit\000"
 533      6E697400 
 534 0008 00       		.ascii	"\000"
 535 0009 00       		.ascii	"\000"
 536 000a 00       		.ascii	"\000"
 537 000b 00000000 		.ascii	"\000\000\000\000\000\000\000\000"
 537      00000000 
 538 0013 AE000000 		.ascii	"\256\000\000\000"
 539 0017 6578744F 		.ascii	"extObjectInit\000"
 539      626A6563 
 539      74496E69 
 539      7400
 540 0025 00       		.ascii	"\000"
 541 0026 00       		.ascii	"\000"
 542 0027 00       		.ascii	"\000"
 543 0028 00000000 		.ascii	"\000\000\000\000\000\000\000\000"
 543      00000000 
 544 0030 F7000000 		.ascii	"\367\000\000\000"
 545 0034 65787453 		.ascii	"extStart\000"
 545      74617274 
 545      00
 546 003d 00       		.ascii	"\000"
 547 003e 00       		.ascii	"\000"
 548 003f 00       		.ascii	"\000"
 549 0040 00000000 		.ascii	"\000\000\000\000\000\000\000\000"
 549      00000000 
 550 0048 FC000000 		.ascii	"\374\000\000\000"
 551 004c 65787453 		.ascii	"extStop\000"
 551      746F7000 
 552 0054 00       		.ascii	"\000"
 553 0055 00       		.ascii	"\000"
 554 0056 00       		.ascii	"\000"
 555 0057 00000000 		.ascii	"\000\000\000\000\000\000\000\000"
 555      00000000 
 556 005f FE000000 		.ascii	"\376\000\000\000"
 557 0063 65787443 		.ascii	"extChannelEnable\000"
 557      68616E6E 
 557      656C456E 
 557      61626C65 
 557      00
 558 0074 00       		.ascii	"\000"
 559 0075 00       		.ascii	"\000"
 560 0076 00       		.ascii	"\000"
 561 0077 00000000 		.ascii	"\000\000\000\000\000\000\000\000"
 561      00000000 
 562 007f 00010000 		.ascii	"\000\001\000\000"
 563 0083 65787443 		.ascii	"extChannelDisable\000"
 563      68616E6E 
 563      656C4469 
 563      7361626C 
 563      6500
 564 0095 00       		.ascii	"\000"
 565 0096 00       		.ascii	"\000"
 566 0097 00       		.ascii	"\000"
 567 0098 00000000 		.ascii	"\000\000\000\000\000\000\000\000"
 567      00000000 
 568 00a0 02010000 		.ascii	"\002\001\000\000"
ARM GAS  C:\Users\CYIRKO~1\AppData\Local\Temp\ccXEfnkR.s 			page 43


 569 00a4 65787453 		.ascii	"extSetChannelModeI\000"
 569      65744368 
 569      616E6E65 
 569      6C4D6F64 
 569      654900
 570 00b7 00       		.ascii	"\000"
 571 00b8 00       		.ascii	"\000"
 572 00b9 00       		.ascii	"\000"
 573 00ba 00000000 		.ascii	"\000\000\000\000\000\000\000\000"
 573      00000000 
 574 00c2 0A010000 		.ascii	"\012\001\000\000"
 575 00c6 6578745F 		.ascii	"ext_lld_init\000"
 575      6C6C645F 
 575      696E6974 
 575      00
 576 00d3 00       		.ascii	"\000"
 577 00d4 02       		.ascii	"\002"
 578 00d5 00       		.ascii	"\000"
 579 00d6 00000000 		.ascii	"\000\000\000\000\000\000\000\000"
 579      00000000 
 580 00de 0C010000 		.ascii	"\014\001\000\000"
 581 00e2 6578745F 		.ascii	"ext_lld_start\000"
 581      6C6C645F 
 581      73746172 
 581      7400
 582 00f0 00       		.ascii	"\000"
 583 00f1 02       		.ascii	"\002"
 584 00f2 00       		.ascii	"\000"
 585 00f3 00000000 		.ascii	"\000\000\000\000\000\000\000\000"
 585      00000000 
 586 00fb 0E010000 		.ascii	"\016\001\000\000"
 587 00ff 6578745F 		.ascii	"ext_lld_stop\000"
 587      6C6C645F 
 587      73746F70 
 587      00
 588 010c 00       		.ascii	"\000"
 589 010d 02       		.ascii	"\002"
 590 010e 00       		.ascii	"\000"
 591 010f 00000000 		.ascii	"\000\000\000\000\000\000\000\000"
 591      00000000 
 592 0117 10010000 		.ascii	"\020\001\000\000"
 593 011b 6578745F 		.ascii	"ext_lld_channel_enable\000"
 593      6C6C645F 
 593      6368616E 
 593      6E656C5F 
 593      656E6162 
 594 0132 00       		.ascii	"\000"
 595 0133 02       		.ascii	"\002"
 596 0134 00       		.ascii	"\000"
 597 0135 00000000 		.ascii	"\000\000\000\000\000\000\000\000"
 597      00000000 
 598 013d 12010000 		.ascii	"\022\001\000\000"
 599 0141 6578745F 		.ascii	"ext_lld_channel_disable\000"
 599      6C6C645F 
 599      6368616E 
 599      6E656C5F 
 599      64697361 
ARM GAS  C:\Users\CYIRKO~1\AppData\Local\Temp\ccXEfnkR.s 			page 44


 600 0159 00       		.ascii	"\000"
 601 015a 02       		.ascii	"\002"
 602 015b 00       		.ascii	"\000"
 603 015c 00000000 		.ascii	"\000\000\000\000\000\000\000\000"
 603      00000000 
 604 0164 14010000 		.ascii	"\024\001\000\000"
 605              		.text
 606              		.section	.gnu.lto_.opts,"",%progbits
 607 0000 272D666D 		.ascii	"'-fmath-errno' '-fsigned-zeros' '-ftrapping-math' '"
 607      6174682D 
 607      6572726E 
 607      6F272027 
 607      2D667369 
 608 0033 2D666E6F 		.ascii	"-fno-trapv' '-fno-openmp' '-fno-openacc' '-mcpu=cor"
 608      2D747261 
 608      70762720 
 608      272D666E 
 608      6F2D6F70 
 609 0066 7465782D 		.ascii	"tex-m7' '-mno-thumb-interwork' '-mthumb' '-ggdb' '-"
 609      6D372720 
 609      272D6D6E 
 609      6F2D7468 
 609      756D622D 
 610 0099 4F322720 		.ascii	"O2' '-fomit-frame-pointer' '-falign-functions=16' '"
 610      272D666F 
 610      6D69742D 
 610      6672616D 
 610      652D706F 
 611 00cc 2D666675 		.ascii	"-ffunction-sections' '-fdata-sections' '-fno-common"
 611      6E637469 
 611      6F6E2D73 
 611      65637469 
 611      6F6E7327 
 612 00ff 2720272D 		.ascii	"' '-flto'\000"
 612      666C746F 
 612      2700
 613              		.text
 614              		.comm	__gnu_lto_v1,1,1
 615              		.comm	__gnu_lto_slim,1,1
 616              		.ident	"GCC: (GNU Tools for ARM Embedded Processors 6-2017-q1-update) 6.3.1 20170215 (release) [AR
ARM GAS  C:\Users\CYIRKO~1\AppData\Local\Temp\ccXEfnkR.s 			page 45


DEFINED SYMBOLS
                            *ABS*:00000000 hal_ext.c
                            *COM*:00000001 __gnu_lto_v1
                            *COM*:00000001 __gnu_lto_slim

NO UNDEFINED SYMBOLS
