ARM GAS  C:\Users\CYIRKO~1\AppData\Local\Temp\ccD1hwzt.s 			page 1


   1              		.cpu cortex-m7
   2              		.eabi_attribute 20, 1
   3              		.eabi_attribute 21, 1
   4              		.eabi_attribute 23, 3
   5              		.eabi_attribute 24, 1
   6              		.eabi_attribute 25, 1
   7              		.eabi_attribute 26, 1
   8              		.eabi_attribute 30, 2
   9              		.eabi_attribute 34, 1
  10              		.eabi_attribute 18, 4
  11              		.file	"hal_ext_lld.c"
  12              		.text
  13              	.Ltext0:
  14              		.section	.gnu.lto_.profile.5638d35b,"",%progbits
  15 0000 789C6365 		.ascii	"x\234ce`b`e```dX\304X\011\000\002\367\001*"
  15      60626065 
  15      60606064 
  15      58C45809 
  15      0002F701 
  16              		.text
  17              		.section	.gnu.lto_.icf.5638d35b,"",%progbits
  18 0000 789C6365 		.ascii	"x\234ce`bPe@\0006\206\215M?\337\3632\366\377}\377\234"
  18      60625065 
  18      40003686 
  18      8D4D3FDF 
  18      F332F6FF 
  19 0017 9769C6DA 		.ascii	"\227i\306\332[\222\314\377\333/ofdy\266\371\323Lf\326"
  19      5B92CCFF 
  19      DB2F6F66 
  19      6479B6F9 
  19      D34C66D6 
  20 002b 75279EB4 		.ascii	"u'\236\264q2\000\000b\350\022."
  20      71320000 
  20      62E8122E 
  21              		.text
  22              		.section	.gnu.lto_.jmpfuncs.5638d35b,"",%progbits
  23 0000 789C6365 		.ascii	"x\234ce`bpg@\000V fb\234\316\314\270s\347\233\333\354"
  23      60627067 
  23      40005620 
  23      66629CCE 
  23      CCB873E7 
  24 0017 F57F1B38 		.ascii	"\365\177\0338\34633,f\006\2122.g\254g`d\001\3122\002"
  24      E633332C 
  24      66068A32 
  24      2E67AC67 
  24      606401CA 
  25 002d 19CC408A 		.ascii	"\031\314@\212\271\276\236\005\304aa\252\204k\007\012"
  25      B9BE9E05 
  25      C46161AA 
  25      846B070A 
  26 003d 3331D433 		.ascii	"31\3243\000\000,\317\013\306"
  26      00002CCF 
  26      0BC6
  27              		.text
  28              		.section	.gnu.lto_.inline.5638d35b,"",%progbits
  29 0000 789C5D90 		.ascii	"x\234]\220?KC1\024\305\317\311\315\353\237Ti\250\340"
  29      3F4B4331 
ARM GAS  C:\Users\CYIRKO~1\AppData\Local\Temp\ccD1hwzt.s 			page 2


  29      14C5CFC9 
  29      CDEB9F54 
  29      69A8E0
  30 0013 500A0D2E 		.ascii	"P\012\015.n:\272)Hg\277FK\373%\334t\220\322\255S\251"
  30      6E3ABA29 
  30      4867BF46 
  30      4BFB25DC 
  30      7490D2AD 
  31 0029 53EB031D 		.ascii	"S\353\003\035\034t\022\354n\027W\247\322\311Q\301\017"
  31      1C7412EC 
  31      6E1757A7 
  31      D2C951C1 
  31      0F
  32 003a D09BBEF7 		.ascii	"\320\233\276\367D\014\341\236p\302=\371\335$08'~W\242"
  32      440CE19E 
  32      70C23DF9 
  32      DD243038 
  32      277E57A2 
  33 004e 7B976A02 		.ascii	"{\227j\002\245\333v\024\230\032\020\035\347(\250\364"
  33      A5DB7614 
  33      981A101D 
  33      E728A8F4 
  34 005e C7C297E9 		.ascii	"\307\302\227\351M\352\2062\025\322p\316\226\000\225"
  34      4DEA8632 
  34      15D270CE 
  34      960095
  35 006d 41712004 		.ascii	"Aq \004\266\364u\224\365\363\263\354\015\222\353C\037"
  35      B6F47594 
  35      F5F3B3EC 
  35      0D92EB43 
  35      1F
  36 007e A3E860A1 		.ascii	"\243\350`\241\367gmZ\206\256F\335\317\276\027\365\030"
  36      F7676D5A 
  36      86AE46DD 
  36      CFBE17F5 
  36      18
  37 008f 6558E71D 		.ascii	"eX\347\035[`\350\345\032\251\264H\250v\226\357\314\342"
  37      5B60E8E5 
  37      1AA9B448 
  37      A87696EF 
  37      CCE2
  38 00a1 F69F2FE9 		.ascii	"\366\237/\351\3414\316\202?\022\254\311\004~q\252\316"
  38      E134CE82 
  38      3F12ACC9 
  38      047E71AA 
  38      CE
  39 00b2 DA06B3AD 		.ascii	"\332\006\263\255\332\352\365\251\203\007[0?]-\037sf"
  39      DAEAF5A9 
  39      83075B30 
  39      3F5D2D1F 
  39      7366
  40 00c4 322D98D3 		.ascii	"2-\230\323?\314\307\253\327\023\224W\037\374O-;:\376"
  40      3FCCC7AB 
  40      D7139457 
  40      1FFC4F2D 
  40      3B3AFE
  41 00d7 A436BAC8 		.ascii	"\2446\272\310\360\023\35454#\362Is\364\226\223\351\304"
ARM GAS  C:\Users\CYIRKO~1\AppData\Local\Temp\ccD1hwzt.s 			page 3


  41      F013EC35 
  41      3423F249 
  41      73F49693 
  41      E9C4
  42 00e9 76FB831B 		.ascii	"v\373\203\033ga1\214"
  42      6761318C 
  43              		.text
  44              		.section	.gnu.lto_.pureconst.5638d35b,"",%progbits
  45 0000 789C6365 		.ascii	"x\234ce`b\340f```e\220`\222b\226b\221b\225\002\000\004"
  45      6062E066 
  45      60606065 
  45      90609262 
  45      96629162 
  46 0018 2400A6   		.ascii	"$\000\246"
  47              		.text
  48              		.section	.gnu.lto_ext_lld_init.5638d35b,"",%progbits
  49 0000 789C5D4E 		.ascii	"x\234]N=HBQ\030\375\316\375L%j\017jhu\351aAAk)\0056"
  49      3D484251 
  49      18FDCEFD 
  49      4C256A0F 
  49      6A6875E9 
  50 001b E9D02048 		.ascii	"\351\320 Hi\240 \274H\213\266w\213\3140\251\226\022"
  50      69A020BC 
  50      488BB677 
  50      8BCC30A9 
  50      9612
  51 002d 87788283 		.ascii	"\207x\202\203\375R\215o\023i\224\202\300\251\255\241"
  51      FD528D6F 
  51      13699482 
  51      C0A9ADA1 
  52 003d A11F1A9A 		.ascii	"\241\037\032\232\012\262\356\325\255\017\016\367\343"
  52      0AB2EED5 
  52      AD0F0EF7 
  52      E3
  53 004a 9C73CFF9 		.ascii	"\234s\317\371zH\020@4CD\203\012`\2028\270#\332\360\012"
  53      7A481040 
  53      34434483 
  53      0A608238 
  53      B823DAF0 
  54 005f 402FD20B 		.ascii	"@/\322\013\262\004,\354s\211\321\310?;\302W\223j\352"
  54      B2042CEC 
  54      7389D1C8 
  54      3F3BC257 
  54      936AEA
  55 0072 A56BF7B6 		.ascii	"\245k\367\266\314\015\330LTV\320\203\032|\244lO7\355"
  55      CC0DD84C 
  55      5456D083 
  55      1A7CA46C 
  55      4F37ED
  56 0085 C37EB7AB 		.ascii	"\303~\267\253\313\343\004nUAW\017\250\313\366o^\326"
  56      CBE3046E 
  56      5541570F 
  56      A8CBF66F 
  56      5ED6
  57 0097 9B553841 		.ascii	"\233U8A%\025\024t\307.\013\375\362+\266*\037E\326\037"
  57      25151474 
  57      C72E0BFD 
ARM GAS  C:\Users\CYIRKO~1\AppData\Local\Temp\ccD1hwzt.s 			page 4


  57      F22BB62A 
  57      1F45D61F 
  58 00ab 748AE3BC 		.ascii	"t\212\343\274=z\254\037\351\265\031eV\0218\205\245\205"
  58      3D7AAC1F 
  58      E9B51965 
  58      56113885 
  58      A585
  59 00bd A35CE3DE 		.ascii	"\243\\\343\336\263\3076\013\374\363\211\252nT\334K\263"
  59      B3C7360B 
  59      FCF389AA 
  59      6E54DC4B 
  59      B3
  60 00ce 75DB6BE3 		.ascii	"u\333k\343\03063\316\325\371g\030\352\010\225\357\257"
  60      183633CE 
  60      D5F96718 
  60      EA0895EF 
  60      AF
  61 00df 569F32EF 		.ascii	"V\2372\357H9\254\003.`\243S\210KX6\273\350\035\233\225"
  61      4839AC03 
  61      2E60A353 
  61      884B5836 
  61      BBE81D9B 
  62 00f4 CF6297D3 		.ascii	"\317b\227\323SP\315\3528A\024\014LF\247\222\251\305"
  62      5350CDEA 
  62      3841140C 
  62      4C46A792 
  62      A9C5
  63 0106 5438BB9A 		.ascii	"T8\273\232H\231\321\270\336\315\214\177b\33403Fr!m,"
  63      4899D1B8 
  63      DECD8C7F 
  63      62DC3033 
  63      4672216D 
  64 011b 9B2BD98C 		.ascii	"\233+\331\214\021\216\314\215\215\032\241\320\264\021"
  64      118ECC8D 
  64      8D1AA1D0 
  64      B411
  65 0129 988FCCAE 		.ascii	"\230\217\314\256\371\265\024[Z\317\306\322\351\304H"
  65      F9B5145B 
  65      5ACFC6D2 
  65      E9C448
  66 0138 9CFE0057 		.ascii	"\234\376\000W\326nP"
  66      D66E50
  67              		.text
  68              		.section	.gnu.lto_ext_lld_stop.5638d35b,"",%progbits
  69 0000 789C9D52 		.ascii	"x\234\235RMHTQ\024>\337\273o\346\315\214\232\333\026"
  69      4D485451 
  69      143EDFBB 
  69      6FE6CD8C 
  69      9ADB16
  70 0013 122E0271 		.ascii	"\022.\002q\323\303\222\002\027m\312B\320\225.Z\010R"
  70      D3C39202 
  70      176DCA42 
  70      D0952E5A 
  70      0852
  71 0025 1A38208C 		.ascii	"\0328 \2144S\264\233\3534jX8\202\244Y\015o\240\304\254"
  71      3453B49B 
  71      EB346A58 
ARM GAS  C:\Users\CYIRKO~1\AppData\Local\Temp\ccD1hwzt.s 			page 5


  71      3882A459 
  71      0D6FA0C4 
  72 003a FC2B2D47 		.ascii	"\374+-G\205\206\011\024\244\214\334H\177\0249\224C\271"
  72      85860914 
  72      A48CDC48 
  72      7F143994 
  72      43B9
  73 004c 08067451 		.ascii	"\010\006tQ3\235\373\306\312m]\270\334s\356=\347\373"
  73      339DFBC6 
  73      CA6D5DB8 
  73      DC73EE3D 
  73      E7FB
  74 005e 395C0769 		.ascii	"9\\\007i\364Q#\252#\242J\336p\020\264\276\025\242\016"
  74      F45123AA 
  74      23A24ADE 
  74      7010B4BE 
  74      15A20E
  75 0071 97A689C5 		.ascii	"\227\246\211\305b\222\036}\371(\311B\001=\177\255\003"
  75      62921E7D 
  75      F928C942 
  75      013D7FAD 
  75      03
  76 0082 2A902E50 		.ascii	"*\220.PP\023:\202\210\210A\201d\367\347\270V>\"y%\006"
  76      50133A82 
  76      88884181 
  76      64F7E7B8 
  76      563E2279 
  77 0098 A78D2ED9 		.ascii	"\247\215.\331\271\327\022DC\274\325\302\010\312\271"
  77      B9D71244 
  77      43BCD5C2 
  77      08CAB9
  78 00a7 EA5578F2 		.ascii	"\352Ux\362\226\350\025\226\000tN\277\277\270\261\276"
  78      96E81596 
  78      00744EBF 
  78      BFB8B1BE 
  79 00b7 47A51A4A 		.ascii	"G\245\032J9\265\2726o\012Q\003\342x\255\357iU\331\260"
  79      39B5BA36 
  79      6F0A5103 
  79      E278ADEF 
  79      6955D9B0 
  80 00cb 942199C8 		.ascii	"\224!\231\310\364\013\271\337\022\002\367 \030\017\243"
  80      F40BB9DF 
  80      1202F720 
  80      180FA3
  81 00da 28C15D94 		.ascii	"(\301]\224\020_\021\356\243L\225\177\232\312^+r\352"
  81      105F11EE 
  81      A34C957F 
  81      9ACA5E2B 
  81      72EA
  82 00ec 793E3C80 		.ascii	"y><\200\023|N\254\"!\263\271n\231H\335\301\373\223n"
  82      137C4EAC 
  82      2221B3B9 
  82      6E9948DD 
  82      C1FB936E 
  83 0100 66E5729D 		.ascii	"f\345r\235\033u\242\036\256TF\256\010M\235\"\215\320"
  83      1B75A21E 
  83      AE5446AE 
ARM GAS  C:\Users\CYIRKO~1\AppData\Local\Temp\ccD1hwzt.s 			page 6


  83      084D9D22 
  83      8DD0
  84 0112 5CFADDBA 		.ascii	"\\\372\335\272S5G\205R7\320\231|i(u\302V\264\265\264"
  84      53354785 
  84      5237D099 
  84      7C692875 
  84      C256B4B5 
  85 0127 7CB9D042 		.ascii	"|\271\320B\264\203-\226Z\302\021\345\3731\226\241\336"
  85      B4832D96 
  85      5AC211E5 
  85      FB3196A1 
  85      DE
  86 0138 8653A171 		.ascii	"\206S\241q\303\034\223\371''\306a\341\272m\035\0230"
  86      C31C93F9 
  86      2727C661 
  86      E1BA6D1D 
  86      1330
  87 014a 2985F09B 		.ascii	")\205\360\233g\225\177\221\027\254\253\243\036\205\354"
  87      67957F91 
  87      17ACABA3 
  87      1E85EC
  88 0159 84864985 		.ascii	"\204\206I\205AJ\210\240\305b\361\025\227b[\275\016U"
  88      414A88A0 
  88      C562F115 
  88      97625BBD 
  88      0E55
  89 016b AC90E3F1 		.ascii	"\254\220\343\361oo\215\340O\351\262\2041\304B\010S\010"
  89      6F6F8DE0 
  89      4FE9B284 
  89      31C44208 
  89      5308
  90 017d B20397DD 		.ascii	"\262\003\227\335\241\357HOf6>\3346T\317n\335n[\367\312"
  90      A1EF484F 
  90      66363EDC 
  90      3654CF6E 
  90      DD6E5BF7 
  91 0192 C07CBF9E 		.ascii	"\300|\277\236O\345vX*\376\255\331\314k\367\216\225\330"
  91      4FE57658 
  91      2AFEADD9 
  91      CC6BF78E 
  91      95D8
  92 01a4 3E4B78F0 		.ascii	">Kx\360\210g\372p\307\314\363Hz\306\311f\302\035\312"
  92      8867FA70 
  92      C7CCF348 
  92      7AC6C966 
  92      C21DCA
  93 01b7 4C01A66D 		.ascii	"L\001\246m3j\240\230\201\271\233\240\000\204\307\334"
  93      336AA098 
  93      81B99BA0 
  93      0084C7DC 
  94 01c7 650BD8F8 		.ascii	"e\013\330\370#\340\337\340\237\330\360\232\202\237\265"
  94      23E0DFE0 
  94      9FD8F09A 
  94      829FB5
  95 01d6 E1B34B3F 		.ascii	"\341\263K?\"\310\3033\300v1\342\277)\322\377I1gS\330"
  95      22C8C333 
  95      C07631E2 
ARM GAS  C:\Users\CYIRKO~1\AppData\Local\Temp\ccD1hwzt.s 			page 7


  95      BF29D2FF 
  95      49316753 
  96 01eb 5F63DEA6 		.ascii	"_c\336\246X\315}Y)\312S\344r9\003\013\334\270\211Pl"
  96      58CD7D59 
  96      29CA53E4 
  96      7239030B 
  96      DCB88950 
  97 0200 3E027BF0 		.ascii	">\002{\360j\365\260e\236.\013;Q]\325x\254\325{\306["
  97      6AF5B065 
  97      9E2E0B3B 
  97      515DD578 
  97      ACD57BC6 
  98 0215 1F38DFE2 		.ascii	"\0378\337\342\36556\253\330\347\2578r\330\364\371\315"
  98      F53536AB 
  98      D8E7AF38 
  98      72D8F4F9 
  98      CD
  99 0226 D6D36D66 		.ascii	"\326\323mf\273\357\\\300o\3267\324\035:h\326\326\036"
  99      BBEF5CC0 
  99      6FD637D4 
  99      1D3A68D6 
  99      D61E
 100 0238 37AB4F35 		.ascii	"7\253O5\324\\\250POMg/\006\232\332\332Z\0164\223\316"
 100      D45CA850 
 100      4F4D672F 
 100      069ADADA 
 100      5A0E3493 
 101 024d 61FB2FCF 		.ascii	"a\373/\317\274\020\207"
 101      BC1087
 102              		.text
 103              		.section	.gnu.lto_ext_lld_channel_enable.5638d35b,"",%progbits
 104 0000 789C9D57 		.ascii	"x\234\235WiP\024W\020\236\236\231\235Y\366\004\017\260"
 104      69501457 
 104      109E9E99 
 104      9D59F604 
 104      0FB0
 105 0012 14F10AE2 		.ascii	"\024\361\012\342Q\272\205\224F\251\344Wb\252\254J\362"
 105      51BA8594 
 105      46A9E457 
 105      62AAAC4A 
 105      F2
 106 0023 472BE50F 		.ascii	"G+\345\017+\226A+Z1hE\223\362\237#\342z%\321\304x`\202"
 106      2B96412B 
 106      5A316845 
 106      93F29F23 
 106      E27A25D1 
 107 003b 50310824 		.ascii	"P1\010$\\\236\0014H\000\2255\212\301\033A\203\007&\030"
 107      5C9E0134 
 107      48009535 
 107      8AC11B41 
 107      83072618 
 108 004f 3002CA61 		.ascii	"0\002\312a8\322\375\336\354\316\272\212\251e\013zg\372"
 108      38D2FDDE 
 108      ECCEBA8A 
 108      A9650B7A 
 108      67FA
 109 0061 757FAFFB 		.ascii	"u\177\257\373\353o\336\200I\020\205%NA\370P\020\204"
ARM GAS  C:\Users\CYIRKO~1\AppData\Local\Temp\ccD1hwzt.s 			page 8


 109      EB6FDE80 
 109      49108525 
 109      4E41F850 
 109      1084
 110 0073 1CFC05A7 		.ascii	"\034\374\005\247\000\342\366*AXg\026EiS\214\240Yd\262"
 110      00E2F62A 
 110      41586716 
 110      4569538C 
 110      A05964B2 
 111 0087 360964EE 		.ascii	"6\011d\356\226E\307\211(t\233.\273\320m\022\025\026"
 111      9645C789 
 111      28749B2E 
 111      BBD06D12 
 111      1516
 112 0099 A4B22005 		.ascii	"\244\262 \005\314<H\365^\230\305\020\266na\353!`\345"
 112      CC3C48F5 
 112      5E98C510 
 112      B66E61EB 
 112      2160E5
 113 00ac 6E8BF7C2 		.ascii	"n\213\367\302*\332R_\307u{[(\256\333\300\301\335v\357"
 113      2ADA525F 
 113      C7757B5B 
 113      28AEDBC0 
 113      C1DD76EF 
 114 00c0 8503802E 		.ascii	"\205\003\200.43\010kEI6)\2529\304b\265\331\035\260\026"
 114      3433086B 
 114      45493629 
 114      AA39C462 
 114      B5D91DB0 
 115 00d5 B649BB25 		.ascii	"\266I\273%(\333x\277H\234\230\251\341\247t\367v\213"
 115      28DB78BF 
 115      489C98A9 
 115      E1A774F7 
 115      768B
 116 00e7 5BDB302C 		.ascii	"[\3330,M\022\204\024\374\245\017d\302D\214\252N.\370"
 116      4D128414 
 116      FCA50F64 
 116      C2448CAA 
 116      4E2EF8
 117 00fa 4EFA524A 		.ascii	"N\372RJ\223\000d\274m9\277\367\256\203nE\030\215\267"
 117      930064BC 
 117      6D39BFF7 
 117      AE836E45 
 117      188DB7
 118 010d 69EEE66F 		.ascii	"i\356\346o%i\016\010x}m\373\311\370\230\014MK\322J+"
 118      25690E08 
 118      787D6DFB 
 118      C9F8980C 
 118      4D4BD24A 
 119 0122 764ADA2B 		.ascii	"vJ\332+i\222\004?\202\204x\220\015\221\220\005\221\002"
 119      6992043F 
 119      82847890 
 119      0D919005 
 119      9102
 120 0134 BA04F809 		.ascii	"\272\004\370\011b0:\247\256\374\226\"\275\3132\037\236"
 120      62303AA7 
 120      AEFC9622 
ARM GAS  C:\Users\CYIRKO~1\AppData\Local\Temp\ccD1hwzt.s 			page 9


 120      BDCB321F 
 120      9E
 121 0145 6B2F0AD1 		.ascii	"k/\012\321S\353v\263T\031r\002Se\001r!\206\342\033R"
 121      53EB76B3 
 121      54197202 
 121      53650172 
 121      2186E21B 
 122 015a 9A36ABD2 		.ascii	"\2326\253\322{,\367Nve\257\030\275\237\345Ve\015\373"
 122      7B2CF74E 
 122      7665AF18 
 122      BD9FE556 
 122      650DFB
 123 016d 6ABD56A9 		.ascii	"j\275V\251\311i\222\011\362\236\315\247\017\205\037"
 123      C9699209 
 123      F29ECDA7 
 123      0F851F
 124 017c ECDD6957 		.ascii	"\354\335iWd\310\207h\336)\024\200\002\202\300<\270\336"
 124      64C88768 
 124      DE291480 
 124      0282C03C 
 124      B8DE
 125 018e A37DB3CB 		.ascii	"\243}\263\313!-`\320]\365=\007L:\364\303\254H\003\372"
 125      212D60D0 
 125      5DF53D07 
 125      4C3AF4C3 
 125      AC4803FA 
 126 01a2 E0F3D070 		.ascii	"\340\363\320p\210\245\367\035(\330l\226\336g\351\017"
 126      88A5F71D 
 126      28D86C96 
 126      DE67E90F 
 127 01b2 0EB779BC 		.ascii	"\016\267y\274\225\265NH\321J\223GS\362\341\027$\037"
 127      95B54E48 
 127      D14A9347 
 127      53F2E117 
 127      241F
 128 01c4 61C9E555 		.ascii	"a\311\345U}\205\026)\201%\3276\364\356\267\352\311O"
 128      7D851629 
 128      8125D736 
 128      F4EEB7EA 
 128      C94F
 129 01d6 8DE4A32F 		.ascii	"\215\344\243/H>\006\321\371\027\241T\353\355\333\250"
 129      483E06D1 
 129      F917A154 
 129      EBEDDBA8 
 130 01e6 959E9EF0 		.ascii	"\225\236\236\360y\371\325\"\3615\023\020Y\012\322\246"
 130      79F9D522 
 130      F1351310 
 130      590AD2A6 
 131 01f6 A86854B3 		.ascii	"\250hT\263@\015ZX\235V\362\332\310\330i\311A\306\311"
 131      400D5A58 
 131      9D56F2DA 
 131      C8D869C9 
 131      41C6C9
 132 0209 8A08059A 		.ascii	"\212\010\005\232N\030:\314\203h}0\231!d\206\262}\302"
 132      4E183ACC 
 132      83687D30 
 132      99216486 
ARM GAS  C:\Users\CYIRKO~1\AppData\Local\Temp\ccD1hwzt.s 			page 10


 132      B27DC2
 133 021c E93282CC 		.ascii	"\3512\202\31402\303\311\214\240h\232\2172\222L\024\231"
 133      3032C3C9 
 133      8CA0689A 
 133      8F32924C 
 133      1499
 134 022e 5164C690 		.ascii	"Qd\306\220\031Kf\034\231h2\343\311\304\220\231Hf\022"
 134      194B661C 
 134      996832E3 
 134      C9C49099 
 134      486612
 135 0241 99C964A6 		.ascii	"\231\311d\246\240\011\231JW.2\261d\246\221\211#3\235"
 135      A009994A 
 135      572E32B1 
 135      64A69189 
 135      23339D
 136 0254 CC0C3233 		.ascii	"\314\01423\311\314\"\023OF\020\266\340\020I\347[%\221"
 136      C9CC2213 
 136      4F4610B6 
 136      E01049E7 
 136      5B2591
 137 0267 BEA54658 		.ascii	"\276\245FX\337\355N\255\316\021i\260\251\022\376\230"
 137      DFED4EAD 
 137      CE1169B0 
 137      A912FE98 
 138 0277 90CE1D3F 		.ascii	"\220\316\035?\344\025\331I\266\012\214\202\237\2219"
 138      E415D949 
 138      B60A8C82 
 138      9F9139
 139 0286 0C7BE4EE 		.ascii	"\014{\344\3562\361 \025&Gb(:\223Z7z$\3564\243_h\200"
 139      32F12015 
 139      26476228 
 139      3A935A37 
 139      7A24EE34 
 140 029e A4D14C21 		.ascii	"\244\321L!H\036\272\204{\220|\241\374~\226\215\207\020"
 140      481EBA84 
 140      7B907CA1 
 140      FC7E968D 
 140      8710
 141 02b0 72CE8196 		.ascii	"r\316\201\226R'!\313\340\204B}&[Q\347\233b\250\226V"
 141      522721CB 
 141      E084427D 
 141      265B51E7 
 141      9B62A896 
 142 02c5 F7CDEA35 		.ascii	"\367\315\3525~\272C\372\211h\"\223I\017\347WDP\026\216"
 142      7EBA43FA 
 142      89682293 
 142      490FE757 
 142      4450168E 
 143 02d9 76AAAF83 		.ascii	"v\252\257\203\243\251 B1\242\261\0020\202\0221J`\355"
 143      A3A92042 
 143      31A2B102 
 143      30821231 
 143      4A60ED
 144 02ec 3557D78B 		.ascii	"5W\327\213<\315\312\323\312Z\0132m\274=\011\216\363"
 144      3CCDCAD3 
 144      CA5A0B32 
ARM GAS  C:\Users\CYIRKO~1\AppData\Local\Temp\ccD1hwzt.s 			page 11


 144      6DBC3D09 
 144      8EF3
 145 02fe F6F6BA6B 		.ascii	"\366\366\272k\254<\310\206q\376O\262\0022\234\360rP"
 145      AC3CC886 
 145      71FE4FB2 
 145      02329CF0 
 145      7250
 146 0310 A4F2203B 		.ascii	"\244\362 ;F\344\265>\316S\370\356N\370\005\220\023\033"
 146      46E4B53E 
 146      CE53F8EE 
 146      4EF80590 
 146      131B
 147 0322 71D2EBAE 		.ascii	"q\322\353\2561\361 \007\306q\226\032%\356q\242\323("
 147      31F12007 
 147      C671961A 
 147      25EE71A2 
 147      D328
 148 0334 F20815E9 		.ascii	"\362\010\025\351\244\210\342\306m\015\016\036\022\206"
 148      A488E2C6 
 148      6D0D0E1E 
 148      1286
 149 0342 C8BB3694 		.ascii	"\310\2736\224]P\011Yb\352\3568sv\223-\015R\327\341\331"
 149      5D500959 
 149      62EAEE38 
 149      7376932D 
 149      0D52D7E1 
 150 0357 83BAC6E6 		.ascii	"\203\272\306\346C\241\204\270\303\265\214{Iy\252+W\343"
 150      43A184B8 
 150      C3B58C7B 
 150      4979AA2B 
 150      57E3
 151 0369 4B663809 		.ascii	"Kf8\011i\260\207\235IP\012.\206\355I\344\310\203\374"
 151      69B0879D 
 151      49500A2E 
 151      86ED49E4 
 151      C883FC
 152 037c 91CDCF21 		.ascii	"\221\315\317!\247\347\211\250\021\244(\014~\325\301"
 152      A7E789A8 
 152      11A4280C 
 152      7ED5C1
 153 038b F7ED296C 		.ascii	"\367\355)ls \370v\006n\2032\006\016\374l\360xZ.\213"
 153      7320F876 
 153      066E8332 
 153      060EFC6C 
 153      F0785A2E 
 154 03a0 B1F9B498 		.ascii	"\261\371\264\230\336.\246Iv(\007\027\022\254\037\035"
 154      DE2EA649 
 154      76280717 
 154      12AC1F1D 
 155 03b0 67929ED4 		.ascii	"g\222\236\324\231xnz1n\350\200\012\210\335\203\262\303"
 155      99786E7A 
 155      316EE880 
 155      0A88DD83 
 155      B2C3
 156 03c2 CA4EB1CA 		.ascii	"\312N\261\312p\332_\\j\322G3\230\327\347c]E\326Os\326"
 156      70DA5F5C 
 156      6AD24733 
ARM GAS  C:\Users\CYIRKO~1\AppData\Local\Temp\ccD1hwzt.s 			page 12


 156      98D7E763 
 156      5D45D64F 
 157 03d8 BBDDC063 		.ascii	"\273\335\300c\206`\230?\357\012\362~\306;\231\236\352"
 157      8660983F 
 157      EF0AF27E 
 157      C63B999E 
 157      EA
 158 03e9 353C6A28 		.ascii	"5<j(\013\264\0314\037#\232\207bTYI\343\276\015\341<"
 158      0BB41934 
 158      1F239A87 
 158      62545949 
 158      E3BE0DE1 
 159 03fe 2ADC9F0C 		.ascii	"*\334\237\014'##7\271\274\317\311o\265G\311\032\235"
 159      27232337 
 159      B9BCCFC9 
 159      6FB547C9 
 159      1A9D
 160 0410 DF87EE7F 		.ascii	"\337\207\356\177\275\305\352\345\347{\342'\024<x\232"
 160      BDC5EAE5 
 160      E77BE227 
 160      143C789A 
 161 0420 54EA0495 		.ascii	"T\352\004\225\325\365\226\330\261\311\344uDP\030\234"
 161      D5F596D8 
 161      B1C9E475 
 161      4450189C 
 162 0430 6504499C 		.ascii	"e\004I\234\201\303\267\333\332U$\010\027\323\357 A\203"
 162      81C3B7DB 
 162      DA552408 
 162      17D3EF20 
 162      4183
 163 0442 E03722C8 		.ascii	"\3407\"\310\302\206s\016byo\036]v\021L\035\341\344\354"
 163      C286730E 
 163      62796F1E 
 163      5D76114C 
 163      1DE1E4EC 
 164 0456 747BECDC 		.ascii	"t{\354\3349\214\265\023A\265\357\362\270\310\027XT\342"
 164      398CB513 
 164      41B5EFF2 
 164      B8C81758 
 164      54E2
 165 0468 FFD674BE 		.ascii	"\377\326t\276\277\232\362\200j\2522j\272\000\261\270"
 165      BF9AF280 
 165      6AAA326A 
 165      BA00B1B8 
 166 0478 257B2065 		.ascii	"%{ e\343th\276\222\016\374\001\036\216\3174\275O\232"
 166      E37468BE 
 166      920EFC01 
 166      1E8ECF34 
 166      BD4F9A
 167 048b EAAF3B39 		.ascii	"\352\257;9\377XA\247\023~\307\235\361Q\257-\257\360"
 167      FF5841A7 
 167      137EC79D 
 167      F151AF2D 
 167      AFF0
 168 049d 0662547E 		.ascii	"\006bT~SQ\227~\206\010P\355{\322M\302e\227\304\024\177"
 168      5351977E 
 168      860850ED 
ARM GAS  C:\Users\CYIRKO~1\AppData\Local\Temp\ccD1hwzt.s 			page 13


 168      7BD24DC2 
 168      6597C414 
 169 04b2 3C43E5D1 		.ascii	"<C\345\321#\202\224\370EC\342\227\274\022\237\317\241"
 169      238294F8 
 169      4543E297 
 169      BC129FCF 
 169      A1
 170 04c3 2203357D 		.ascii	"\"\0035}\014\270\246G\364\253\351\313\375i\272\027H"
 170      0CB8A647 
 170      F4ABE9CB 
 170      FD69BA17 
 170      48
 171 04d4 D357FAD3 		.ascii	"\323W\372\3234M\324\001W}\232\276\3065\335\355n\264"
 171      344DD401 
 171      577D9ABE 
 171      C635DDED 
 171      6EB4
 172 04e6 F25A46F2 		.ascii	"\362ZF\362r\216T\234q\2339\017\000\327\003\231\032\351"
 172      728E549C 
 172      719B390F 
 172      00D70399 
 172      1AE9
 173 04f8 478D223C 		.ascii	"G\215\"<\210@j\312\212\033O\234\262\360\345(\177\225"
 173      88406ACA 
 173      8A1B4F9C 
 173      B2F0E528 
 173      7F95
 174 050a 0E662AAD 		.ascii	"\016f*\255\332u|\207\314o\265N\256\322\216\302\3075"
 174      DA757C87 
 174      CC6FB54E 
 174      AED28EC2 
 174      C735
 175 051c 21067943 		.ascii	"!\006yC\340\006\312\241F\357\367\334\266\306\243\012"
 175      E006CAA1 
 175      46EFF7DC 
 175      B6C6A30A 
 176 052c C9814DBB 		.ascii	"\311\201M\273\226u+S\301u\274\340N\267^\312(v\210G1"
 176      96752B53 
 176      C175BCE0 
 176      4EB75ECA 
 176      28768847 
 177 0541 AD85902B 		.ascii	"\255\205\220+8\344\233\006\362-\342l\024\353I\365\366"
 177      38E49B06 
 177      F22DE26C 
 177      14EB49F5 
 177      F6
 178 0552 945DA2BF 		.ascii	"\224]\242\277=\306\004\007\373\207\001[\317\207\315"
 178      3DC60407 
 178      FB87015B 
 178      CF87CD
 179 0561 CE570635 		.ascii	"\316W\0065\226\3361\214\363l\3353\016\361\321?\320\036"
 179      96DE318C 
 179      F36CDD33 
 179      0EF1D13F 
 179      D01E
 180 0573 6E1B9BDD 		.ascii	"n\033\233\335\241\036\306\261\036\314\\\262\270M\317"
 180      A11EC6B1 
ARM GAS  C:\Users\CYIRKO~1\AppData\Local\Temp\ccD1hwzt.s 			page 14


 180      1ECC5CB2 
 180      B84DCF
 181 0582 B54EFD45 		.ascii	"\265N\375E\031\315\207\353{\001)\370\002\272\0338\334"
 181      19CD87EB 
 181      7B0129F8 
 181      02BA1B38 
 181      DC
 182 0593 68BFE186 		.ascii	"h\277\341\206\370\206[\351\035\356\370\340\212\273\307"
 182      F8865BE9 
 182      1DEEF8E0 
 182      8ABBC7
 183 05a2 8A232942 		.ascii	"\212#)BC\300\350b\330\350\306\017\264\355\373\006\362"
 183      43C0E862 
 183      D8E8C60F 
 183      B4EDFB06 
 183      F2
 184 05b3 9FD4760C 		.ascii	"\237\324v\014\253\330\342\033\335Y\235\335\211\301\301"
 184      ABD8E21B 
 184      DD599DDD 
 184      89C1C1
 185 05c2 FE65C036 		.ascii	"\376e\3006\006\216n\322s\243\233\214\370\350\037h\017"
 185      068E6ED2 
 185      73A39B8C 
 185      F8E81F68 
 185      0F
 186 05d3 0F8CCDFE 		.ascii	"\017\214\315\376\246\036&\263\036\254\276\323\346<\036"
 186      A61E26B3 
 186      1EACBED3 
 186      E63C1E
 187 05e2 FC6C9F29 		.ascii	"\374l\237)\301\037\021M/?\"\232_vD\014\205\207tD(T\330"
 187      C11F114D 
 187      2F3F229A 
 187      5F76440C 
 187      85877444 
 188 05f9 3FC8C233 		.ascii	"?\310\3023\002\231\342\377x\207\3439\371\310\247\027"
 188      0299E2FF 
 188      7887E339 
 188      F9C8A717 
 189 0609 9B901BCD 		.ascii	"\233\220\033\315\365R\225\241\353ejp\214\264\260\252"
 189      F55295A1 
 189      EB656A70 
 189      8CB4B0AA 
 190 0619 55DAB835 		.ascii	"U\332\2705@/.\246\227\251\003\345\272\315@~L\275\023"
 190      402F2EA6 
 190      97A903E5 
 190      BACD407E 
 190      4CBD13
 191 062c 38CAE482 		.ascii	"8\312\344\202>\311\330\340\320\236043\241\265{e\342"
 191      3EC9D8E0 
 191      D09E3034 
 191      33A1B57B 
 191      65E2
 192 063e D1A1A6F9 		.ascii	"\321\241\246\371d\222\242{\342\020\037\375\003-\275"
 192      6492A27B 
 192      E2101FFD 
 192      032DBD
 193 064d C3D8AC93 		.ascii	"\303\330\254\223J\217cd\333\205L\013\227\372\015}\233"
ARM GAS  C:\Users\CYIRKO~1\AppData\Local\Temp\ccD1hwzt.s 			page 15


 193      4A8F6364 
 193      DB854C0B 
 193      97FA0D7D 
 193      9B
 194 065e E9C1C176 		.ascii	"\351\301\301v\031\260O\003\270\236\301\270\236>\320"
 194      19B04F03 
 194      B89EC1B8 
 194      9E3ED0
 195 066d 82FF3590 		.ascii	"\202\3775\220\273\251\340\031\234\353Z\275\316\231\301"
 195      BBA9E019 
 195      9CEB5ABD 
 195      CE99C1
 196 067c A1F51893 		.ascii	"\241\365\030\223\353\015\344z\326s\\\307#>\372\007Z"
 196      EB0DE47A 
 196      D6735CC7 
 196      233EFA07 
 196      5A
 197 068d 7A9FB199 		.ascii	"z\237\261\231&b\351\361\214k\007\373\313\242\031D\376"
 197      2662E9F1 
 197      8C6B07FB 
 197      CBA21944 
 197      FE
 198 069e 7FF3167C 		.ascii	"\177\363\026|\256\320\201wo\315\216_\360\306\322e\037"
 198      AED08177 
 198      6FCD8E5F 
 198      F0C6D265 
 198      1F
 199 06af 2C9BBBFA 		.ascii	",\233\273\372\323\305\313V,H\240\353\025\253b_\235\341"
 199      D3C5CB56 
 199      2C48A0EB 
 199      15AB625F 
 199      9DE1
 200 06c1 5AB1CAB5 		.ascii	"Z\261\312\265t\321r\327\312\025\237\254^\345\232;\357"
 200      74D172D7 
 200      CA159FAC 
 200      5EE59A3B 
 200      EF
 201 06d2 9DB869AE 		.ascii	"\235\270i\256\267\337~\3235{\376\2749\237\305\322\322"
 201      B7DF7ED3 
 201      357BFEBC 
 201      399FC5D2 
 201      D2
 202 06e3 C2256B56 		.ascii	"\302%kV/\\\276|\361\324\004A\306\313\225j\302\322E\211"
 202      2F5CBE7C 
 202      F1D40441 
 202      C6CB956A 
 202      C2D24589 
 203 06f7 894B969B 		.ascii	"\211K\226\233\022>^\264\352#H\224\351K\246\374\377\000"
 203      123E5EB4 
 203      EA234894 
 203      E94BA6FC 
 203      FF00
 204 0709 60D10BF2 		.ascii	"`\321\013\362"
 205              		.text
 206              		.section	.gnu.lto_ext_lld_start.5638d35b,"",%progbits
 207 0000 789C9D96 		.ascii	"x\234\235\226]LTG\024\307\347\334\331\275\367\356\335"
 207      5D4C5447 
ARM GAS  C:\Users\CYIRKO~1\AppData\Local\Temp\ccD1hwzt.s 			page 16


 207      14C7E7DC 
 207      D9BDF7EE 
 207      DD
 208 0011 75F9FE0C 		.ascii	"u\371\376\014Iy(1\246I7\364\213\304\327\326&&\332\027"
 208      49792831 
 208      A64937F4 
 208      8BC4D7D6 
 208      2626DA17 
 209 0025 7C681313 		.ascii	"|h\023\023K\321FR\012\246\330\246o\\`\201*QiI\221E\351"
 209      4BD14652 
 209      0AA6D8A6 
 209      6F5C6081 
 209      2A516949 
 210 003c 6ED21A4A 		.ascii	"n\322\032J\313\227Z\220\345CV\326\012(HUZ+\320\306\010"
 210      CB975A90 
 210      E54356D6 
 210      0A284855 
 210      5A2BD0C6 
 211 0051 B425D5B6 		.ascii	"\264%\325\266\"\250M)\35593\027\012\352\003\365&\234"
 211      22A84D29 
 211      ED393317 
 211      0AEA03F5 
 211      269C
 212 0063 9D3B73E6 		.ascii	"\235;s\3467\377s\346\314\\\354LaWt\306^g\214U\340\037"
 212      37FF73E6 
 212      CC5CEC4C 
 212      615774C6 
 212      5E678C55 
 213 0079 B8182895 		.ascii	"\270\030(\225\027\031+\322\025\205\217\033\3144\034"
 213      17192BD2 
 213      15858F1B 
 213      CC341C
 214 0088 6D61C64C 		.ascii	"ma\306L\027\007\207\354w\200\223\032`W\324\321x\034"
 214      170787EC 
 214      7780931A 
 214      6057D4D1 
 214      781C
 215 009a D7BA3370 		.ascii	"\327\2723pX\005]\016kK\015]\372\235\321\235\212\335"
 215      58055D0E 
 215      6B4B0D5D 
 215      FA9DD19D 
 215      8ADD
 216 00ac BC8008C3 		.ascii	"\274\200\010\303\250\344\350i\000P\277\251\003+T\270"
 216      A8E4E869 
 216      0050BFA9 
 216      032B54B8 
 217 00bc C3AE6ABA 		.ascii	"\303\256j\272\323\200B\305\311 d\203DaP\011;\304\017"
 217      D38042C5 
 217      C9206483 
 217      44615009 
 217      3BC40F
 218 00cf 73E82BFF 		.ascii	"s\350+\377)\250l\2507\361\011\035\036S\313\314\322D"
 218      29A86CA8 
 218      37F1091D 
 218      1E53CBCC 
 218      D244
 219 00e1 3F67CCC7 		.ascii	"?g\314\307\231x\240\0366\240\327%o\353Q~\220\3739\200"
ARM GAS  C:\Users\CYIRKO~1\AppData\Local\Temp\ccD1hwzt.s 			page 17


 219      9978A01E 
 219      36A0D725 
 219      6FEB517E 
 219      90FB3980 
 220 00f5 0D5F6F0F 		.ascii	"\015_o\017\327N\272\351U\201T|\365\227\335:\302\371"
 220      D74EBAE9 
 220      5581547C 
 220      F597DD3A 
 220      C2F9
 221 0107 6660D8BE 		.ascii	"f`\330\276Z\331\273q\3751\323,6C\013U\334|\322\3179"
 221      5AD9BB71 
 221      FD31D32C 
 221      36430B55 
 221      DC7CD2CF 
 222 011c 7C011C79 		.ascii	"|\001\034y\320\000)\3609\2440\354b\360%\254'\367#\213"
 222      D00029F0 
 222      39A430EC 
 222      62F025AC 
 222      27F7238B 
 223 0130 B365C05F 		.ascii	"\263e\300_\021S\003u\327\357F\244}*\346\336\255\215"
 223      11530375 
 223      D7EF46A4 
 223      7D2AE6DE 
 223      AD8D
 224 0142 FCA8C41C 		.ascii	"\374\250\304\0340m~n\203\306\325\363\351A\367\033\307"
 224      306D7E6E 
 224      83C6D5F3 
 224      E941F71B 
 224      C7
 225 0153 173F5EA7 		.ascii	"\027?^\247\332\240\011\322\244\\h\006\025\030S\250\007"
 225      DAA009D2 
 225      A45C6806 
 225      151853A8 
 225      07
 226 0164 C7A77D37 		.ascii	"\307\247}7\367i<S\240o4\014,*\026\372\267\316\304\017"
 226      F7693C53 
 226      A06F340C 
 226      2C2A16FA 
 226      B7CEC40F 
 227 0178 2DB41D5A 		.ascii	"-\264\035Z\036FC+\244\265\\\206\220\271\370O9z'\017"
 227      1E46432B 
 227      A4B55C86 
 227      90B9F84F 
 227      397A270F 
 228 018c CF4D45A5 		.ascii	"\317ME\245\002#\252\"\254\012\244^\3038T\003\215\346"
 228      0223AA22 
 228      AC0AA45E 
 228      C3385403 
 228      8DE6
 229 019e 44A3BBC8 		.ascii	"D\243\273\310\270\305x\0045#\3218\242\004,\232\336c"
 229      B8C57804 
 229      3523D138 
 229      A2042C9A 
 229      DE63
 230 01b0 C8C49289 		.ascii	"\310\304\222\211#\023O&\201L\"\231$2\311d\030\333\217"
 230      23134F26 
 230      814C2299 
ARM GAS  C:\Users\CYIRKO~1\AppData\Local\Temp\ccD1hwzt.s 			page 18


 230      2432C964 
 230      18DB8F
 231 01c3 B1E03E56 		.ascii	"\261\340>Vp\005\177\370\014\024w\316tL\252\024\\\035"
 231      70057FF8 
 231      0C1477CE 
 231      744CAA14 
 231      5C1D
 232 01d5 D73096EA 		.ascii	"\3270\226\352\322\276\021\215\222\317Eh\367\372\317"
 232      D2BE118D 
 232      92CF4568 
 232      F7FACF
 233 01e4 7FE0F243 		.ascii	"\177\340\362C]\021\356`\252\237\033u\\\205\343\024\012"
 233      5D11EE60 
 233      AA9F1B75 
 233      5C85E314 
 233      0A
 234 01f5 8E1D9B2A 		.ascii	"\216\035\233*n\326<M\246\034r\302\011\360C\215\330Y"
 234      6ED63C4D 
 234      A61C72C2 
 234      09F0438D 
 234      D859
 235 0207 38091E36 		.ascii	"8\011\0366\005\336\261\360s\377\221\333\312\207\216"
 235      05DEB1F0 
 235      73FF91DB 
 235      CA878E
 236 0216 1B447602 		.ascii	"\033Dv\002\300WV:*p\2672\370\257P\022\370\371\200\235"
 236      C057563A 
 236      2A70B732 
 236      F8AF5012 
 236      F8F9809D 
 237 022a 7C091C0C 		.ascii	"|\011\034\014\336\034\327\012\3776u?w\371P\007\2036"
 237      DE1CD70A 
 237      FF36753F 
 237      77F95007 
 237      8336
 238 023c 2844F9EB 		.ascii	"(D\371\353\304\004\007\011g\363\240\254Tk\303\024\266"
 238      C4040709 
 238      67F3A0AC 
 238      546BC314 
 238      B6
 239 024d 430AAFFD 		.ascii	"C\012\257\375\375\027\240\206\242\240\247\235a\341\212"
 239      FD17A086 
 239      A2A0A79D 
 239      61E18A
 240 025c 181B7AB8 		.ascii	"\030\033z\270\024b\374\257\23048%b\002\212\251\003c"
 240      1462FCAF 
 240      98343825 
 240      62028AA9 
 240      0363
 241 026e 22D6E056 		.ascii	"\"\326\340V\211r\256\\_{([\201v@\311n\\\022\202\026"
 241      8972AE5C 
 241      5F7B285B 
 241      817640C9 
 241      6E5C1282 
 242 0283 FC939A8E 		.ascii	"\374\223\232\216;n\204W\012x\004t\012\270\"\013np\360"
 242      3B6E8457 
 242      0A780474 
ARM GAS  C:\Users\CYIRKO~1\AppData\Local\Temp\ccD1hwzt.s 			page 19


 242      0AB8220B 
 242      6E70F0
 243 0296 F6A892DE 		.ascii	"\366\250\222\336B\203\201E\360\363H\350\002O\235X\232"
 243      42838145 
 243      F0F348E8 
 243      024F9D58 
 243      9A
 244 02a7 86FB8BE7 		.ascii	"\206\373\213\347'\354rn\240]\361\363(\350\206\364\032"
 244      27EC726E 
 244      A05DF1F3 
 244      28E886F4 
 244      1A
 245 02b8 2E2AB347 		.ascii	".*\263G(+Y(\013:\2454\227T\267|\256t\260\301i\024\201"
 245      282B5928 
 245      0B3AA534 
 245      9754B77C 
 245      AE74B0C1 
 246 02cf 5B321E3E 		.ascii	"[2\036>\013\226\023z\264\334\014\376\271Nz0\350]\336"
 246      0B96137A 
 246      B4DC0CFE 
 246      B94E7A30 
 246      E85DDE
 247 02e2 13955D8F 		.ascii	"\023\225]\217\303M)\015\374u@{\304\246D\373H4\204pS"
 247      C34D290D 
 247      FC75407B 
 247      C4A644FB 
 247      48348470 
 248 02f7 3077A8D1 		.ascii	"0w\250\321\317c\304<\215\005\236\347\323\240\220\377"
 248      CF63C43C 
 248      8D059EE7 
 248      D3A090FF 
 249 0307 64DFE41C 		.ascii	"d\337\344\034_:\024\265.\237\031\362\246>\342\270\212"
 249      5F3A14B5 
 249      2E9F19F2 
 249      A63EE2B8 
 249      8A
 250 0318 72390369 		.ascii	"r9\003i\010b\326\314\306\211\360\217*\177Md\364\316"
 250      0862D6CC 
 250      C689F08F 
 250      2A7F4D64 
 250      F4CE
 251 032a 89AEFB4B 		.ascii	"\211\256\373K\247v\000\254\023\333\367\010D\230\020"
 251      A77600AC 
 251      13DBF708 
 251      449810
 252 0339 20D3F0C3 		.ascii	" \323\360\303|\243\262|\204\275\342\3629w\324M.\264"
 252      7CA3B27C 
 252      84BDE2F2 
 252      3977D44D 
 252      2EB4
 253 034b 9238C93E 		.ascii	"\2228\311>\314\334\212S\336J\335g1P\006_Sn\"\220\205"
 253      CCDC8A53 
 253      DE4ADD67 
 253      3150065F 
 253      536E2290 
 254 0360 C3559F35 		.ascii	"\303U\2375\007\255\364<\001\347p)\304\377\201\370n\220"
 254      07ADF43C 
ARM GAS  C:\Users\CYIRKO~1\AppData\Local\Temp\ccD1hwzt.s 			page 20


 254      01E77029 
 254      C4FF81F8 
 254      6E90
 255 0372 6E91F054 		.ascii	"n\221\360T\012:SY\314\226\017r\331\031\205\375\030J"
 255      0A3A5359 
 255      CC960F72 
 255      D91985FD 
 255      184A
 256 0384 712ABD12 		.ascii	"q*\275\022\031\273\320\243\257s\246\273\334\220.\321"
 256      19BBD0A3 
 256      AF73A6BB 
 256      DC902ED1 
 257 0394 2B4B2756 		.ascii	"+K'V\004z\261\272\253\312&_\315\373^\223\356\301{\035"
 257      047AB1BA 
 257      ABCA265F 
 257      CDFB5E93 
 257      EEC17B1D 
 258 03a8 73D71C58 		.ascii	"s\327\034XM\230\3368\030\300`\373\255:\032:4\323\246"
 258      4D98DE38 
 258      18C060FB 
 258      AD3A1A3A 
 258      34D3A6
 259 03bb 622D7871 		.ascii	"b-xq$\036\006E\025\331\244~8/\253t\261,h\227k\305\310"
 259      241E0645 
 259      15D9A47E 
 259      382FAB74 
 259      B12C6897 
 260 03d2 E5312DFB 		.ascii	"\3451-\373\254\236X\024\200\375\244\251\332A]k_\353"
 260      AC9E5814 
 260      80FDA4A9 
 260      DA415D6B 
 260      5FEB
 261 03e4 C2AAB586 		.ascii	"\302\252\265\206\250@cEl\015=\232\204\307\255\0356,"
 261      A8406345 
 261      6C0D3D9A 
 261      84C7AD1D 
 261      362C
 262 03f6 60760B76 		.ascii	"`v\013vq\251\210\255\334\306\013\351q\217\243rd\025"
 262      71A988AD 
 262      DCC60BE9 
 262      718FA372 
 262      6415
 263 0408 F81B5219 		.ascii	"\370\033R\031/U\236\266T&\254\035vI\300T\013v\371\001"
 263      2F559EB6 
 263      5426AC1D 
 263      7649C054 
 263      0B76F901 
 264 041c 95894265 		.ascii	"\225\211Be\302\343\250\274\262\012<J*\023\245\312^K"
 264      C2E3A8BC 
 264      B20A3C4A 
 264      2A13A5CA 
 264      5E4B
 265 042e 65D2DA61 		.ascii	"e\322\332a\337\012\230f\301\276{@e\262P\231\3648*\257"
 265      DF0A9866 
 265      C1BE7B40 
 265      65B25099 
 265      F4382AAF 
ARM GAS  C:\Users\CYIRKO~1\AppData\Local\Temp\ccD1hwzt.s 			page 21


 266 0442 AE027F4F 		.ascii	"\256\002\177O*\223\005gf\240\336X3\252\310\014\274I"
 266      2A930567 
 266      66A0DE58 
 266      33AAC80C 
 266      BC49
 267 0454 B46B82A6 		.ascii	"\264k\202\246[\2641\242E\211\233C\267\256\352\222\352"
 267      5BB431A2 
 267      45899B43 
 267      B7AEEA92 
 267      EA
 268 0465 B2E1530B 		.ascii	"\262\341S\013\212\274\241\334\362\024.\1778l\370\341"
 268      8ABCA1DC 
 268      F2142E7F 
 268      386CF8E1 
 269 0475 1847B438 		.ascii	"\030G\2648\\\3649n\242\303\345\026\000'\303\377J\200"
 269      5CF4396E 
 269      A2C3E516 
 269      0027C3FF 
 269      4A80
 270 0487 6E10D90B 		.ascii	"n\020\331\013t\331\215\204S$\2110\223\276\351N\247\304"
 270      74D98D84 
 270      53248930 
 270      93BEE94E 
 270      A7C4
 271 0499 24C084BC 		.ascii	"$\300\204\2747\346\001\352\270\342\300k\314\255\317"
 271      37E601EA 
 271      B8E2C06B 
 271      CCADCF
 272 04a8 2620C6A0 		.ascii	"& \306\240\217\313-(\016\324\037\024\327\244\270\\\366"
 272      8FCB2D28 
 272      0ED41F14 
 272      D7A4B85C 
 272      F6
 273 04b9 23AD92AE 		.ascii	"#\255\222\256\274\2277m\334\376\342\356\2347r2\367\276"
 273      BC97376D 
 273      DCFEE2EE 
 273      9C377232 
 273      F7BE
 274 04cb BB33277F 		.ascii	"\2733'\177{6\265\363\013\3223^\360\344\027xvg\345z\366"
 274      7B36B5F3 
 274      0BD2335E 
 274      F0E41778 
 274      7667E57A 
 275 04e0 E4BFB3B7 		.ascii	"\344\277\263\267\300\223\271m\353\263\317x\266ly\311"
 275      C093B96D 
 275      EBB3CF78 
 275      B66C79C9 
 276 04f0 B3E9D56D 		.ascii	"\263\351\325m\233\337K\247\241\035\273\336\337\273#"
 276      9BDF4BA7 
 276      A11DBBDE 
 276      DFBB23
 277 04ff 3777E7D3 		.ascii	"7w\347\323\331\314\206\315=\266\334\234\274]\366\354"
 277      D9CC86CD 
 277      3DB6DC9C 
 277      BC5DF6EC 
 278 050f B7B30ADE 		.ascii	"\267\263\012\336\322\262wg\345\345\355\312\375\027\225"
 278      D2B27767 
ARM GAS  C:\Users\CYIRKO~1\AppData\Local\Temp\ccD1hwzt.s 			page 22


 278      E5E5EDCA 
 278      FD1795
 279 051e 35DCE3   		.ascii	"5\334\343"
 280              		.text
 281              		.section	.gnu.lto_ext_lld_channel_disable.5638d35b,"",%progbits
 282 0000 789C9D94 		.ascii	"x\234\235\224]H\024Q\024\307\357\231;;\263\273\262\213"
 282      5D481451 
 282      14C7EF99 
 282      3B3BB3BB 
 282      B28B
 283 0012 420F8242 		.ascii	"B\017\202B>$\"A\203\005\005\276\226\201`\275(\021$\210"
 283      3E242241 
 283      830505BE 
 283      968160BD 
 283      28112488 
 284 0026 AD86D2E6 		.ascii	"\255\206\322\346Jk\321\233\263\253\356\242Q\032\242"
 284      4A6BD19B 
 284      B3ABEEA2 
 284      511AA2
 285 0035 66652354 		.ascii	"fe#T\230\345ge\271~nk\201\201\031\365RA\371P),\244}"
 285      98E56765 
 285      B97E6E6B 
 285      818119F5 
 285      5241F950 
 286 004d D027C4D6 		.ascii	"\320'\304\3269w\026\226\244\036\326\013s\346\3363\347"
 286      39771696 
 286      A41ED60B 
 286      73E6DE33 
 286      E7
 287 005e FCCFEF9E 		.ascii	"\374\317\357\236;3\026&\261\014\013c\207\030c\031x\001"
 287      3B331626 
 287      B10C0B63 
 287      87186319 
 287      7801
 288 0070 6720B52D 		.ascii	"g \265-2\346\263J\0004\321\255\300\352%\250\207V\336"
 288      32E6B34A 
 288      0034D1AD 
 288      C0EA25A8 
 288      8756DE
 289 0083 C521125C 		.ascii	"\305!\022\\\011I\271}:\216p\327\013g@oJ78c\335x\321"
 289      0949B97D 
 289      3A8E70D7 
 289      0B67406F 
 289      4A373863 
 290 009a 803EC8C5 		.ascii	"\200>\310\305\250\247\215#\227\370Ynp\000\031\227\237"
 290      A8A78D23 
 290      97F8596E 
 290      70001997 
 290      9F
 291 00ab 1E5F78EB 		.ascii	"\036_x\353\244\245\004Y\2704\002\253\0279/\004\206\363"
 291      A4A50459 
 291      B83402AB 
 291      17392F04 
 291      86F3
 292 00bd E76DB3F9 		.ascii	"\347m\263\3719\327t\335\257\207\027:\270\276\305\340"
 292      39D774DD 
 292      AF87173A 
ARM GAS  C:\Users\CYIRKO~1\AppData\Local\Temp\ccD1hwzt.s 			page 23


 292      B8BEC5E0 
 293 00cd 1C6E0047 		.ascii	"\034n\000G=\350\207L\270\016\231\014]\014nB\016F\017"
 293      3DE8874C 
 293      B80E990C 
 293      5D0C6E42 
 293      0E460F
 294 00e0 BC9A5B52 		.ascii	"\274\232[R\370~\221\271\266\360-d\213\247\276\353\022"
 294      F87E91B9 
 294      B6F02D64 
 294      8BA7BEEB 
 294      12
 295 00f1 A9320CAC 		.ascii	"\2512\014\254O\225\031\014B\016\305/w\277oV\371\001"
 295      4F95190C 
 295      420EC52F 
 295      77BF6F56 
 295      F901
 296 0103 91FBA67F 		.ascii	"\221\373\246\177>&e_\021\271k\023\351\347\032\364y]"
 296      3E26655F 
 296      11B96B13 
 296      E9E71AF4 
 296      795D
 297 0115 36B80586 		.ascii	"6\270\005\206\376\316\247A\341\243\261\016\207\"\303"
 297      FECEA741 
 297      E1A3B10E 
 297      8722C3
 298 0124 30649B3B 		.ascii	"0d\233;\205\021P\000o\344\031~\006a=\366;\250\207W\362"
 298      85115000 
 298      6FE4197E 
 298      06613DF6 
 298      3BA88757 
 299 0139 CFCC2D4D 		.ascii	"\317\314-MK\233\000\250\246\204\325\025\216FE\006\214"
 299      4B9B00A8 
 299      A684D515 
 299      8E464506 
 299      8C
 300 014a 5368AD92 		.ascii	"Sh\255\222\261\222\261\223I!\343 \343$\223J&\215\014"
 300      B192B193 
 300      4921E320 
 300      E324934A 
 300      268D0C
 301 015d 632D5887 		.ascii	"c-X\207\332\177\232Kt\347Qh\370\025x\375u@\242\332="
 301      DA7F9A4B 
 301      74E75168 
 301      F81578FD 
 301      7540A2DA 
 302 0172 5CEAE180 		.ascii	"\\\352\341\200d\355W\207B\016\352\254\002\233a\024\211"
 302      64ED5787 
 302      420EEAAC 
 302      029B6114 
 302      89
 303 0183 31EC63E0 		.ascii	"1\354c\340\247\305\014\342\2605\023C\321\351\377\034"
 303      A7C50CE2 
 303      B0351343 
 303      D1E9FF1C 
 304 0193 7CC44DA7 		.ascii	"|\304M\247\214~\266\014\376,\261\011\004C\027FD&\242"
 304      8C7EB60C 
 304      FE2CB109 
ARM GAS  C:\Users\CYIRKO~1\AppData\Local\Temp\ccD1hwzt.s 			page 24


 304      04431746 
 304      4426A2
 305 01a6 5341BB19 		.ascii	"SA\273\031\242\240rgS\344\211J\312V\321\261\305\316"
 305      A2A07267 
 305      53E4894A 
 305      CA56D1B1 
 305      C5CE
 306 01b8 C976D95C 		.ascii	"\311v\331\\\352?\032u:\325\357\343_^\332\014\350\361"
 306      EA3F1A75 
 306      3AD5EFE3 
 306      5F5EDA0C 
 306      E8F1
 307 01ca E1BB9065 		.ascii	"\341\273\220ep\033\334\306\256\335\242\256\341\303\205"
 307      701BDCC6 
 307      AEDDA2AE 
 307      E1C385
 308 01d9 D6E898A2 		.ascii	"\326\350\230\242\015\352\215`p;\334\001\003\316\213"
 308      0DEA8D60 
 308      703BDC01 
 308      03CE8B
 309 01e8 5704C640 		.ascii	"W\004\306@#\236X \024\207T\315\372\270\273\346\270\307"
 309      239E5820 
 309      148754CD 
 309      FAB8BBE6 
 309      B8C7
 310 01fa 8A04E827 		.ascii	"\212\004\350'\250N\033\271\222+v7Q\354\036h('v\327?"
 310      A84E1BB9 
 310      922B7637 
 310      51EC1E68 
 310      282776D7 
 311 020f AD9AEAF6 		.ascii	"\255\232\352\366\344\324\306\205\032\220ZH\240#(\230"
 311      E4D4C685 
 311      1A905A48 
 311      A0232898 
 312 021f 4A2902DE 		.ascii	"J)\002\336\276Q\316\211\204\362$q\246\230\2343qNGrj"
 312      BE51CE89 
 312      84F22471 
 312      A6989C33 
 312      714E4772 
 313 0234 53424D22 		.ascii	"SBM\"\265\351u\234N\301\351\330(\347LBy\2268\235&\347"
 313      B5E9759C 
 313      4EC1E9D8 
 313      28E74C42 
 313      7996389D 
 314 024a 6C9C3335 		.ascii	"l\234359\265\260P\023\037\321\375u\234i\2023u\243\234"
 314      39B5B050 
 314      131FD1FD 
 314      759C6982 
 314      3375A39C 
 315 025e 9184F21C 		.ascii	"\221\204\362\034q\246\011\241\350|\237\375\037Z\275"
 315      71A609A1 
 315      E87C9FFD 
 315      1F5ABD
 316 026d 47D87FD5 		.ascii	"G\330\177\325|T\311\016\017\204\236Lz\017IOf\253\340"
 316      7C54C90E 
 316      0F849E4C 
 316      7A0F494F 
ARM GAS  C:\Users\CYIRKO~1\AppData\Local\Temp\ccD1hwzt.s 			page 25


 316      66ABE0
 317 0280 EFFD7059 		.ascii	"\357\375pY\320\212_C\013\236\036~\233\330\232\275\005"
 317      D08A5F43 
 317      0B9E1E7E 
 317      9BD89ABD 
 317      05
 318 0291 F9A5BBAB 		.ascii	"\371\245\273\253\252\017W\027\327\235\250\250\366\224"
 318      AA0F5717 
 318      D79DA8A8 
 318      F694
 319 029f BA68EEF1 		.ascii	"\272h\356\361\346\355\332\251y\274ZU\271[\253\365\034"
 319      E6EDDAA9 
 319      79BC5A55 
 319      B95BABF5 
 319      1C
 320 02b0 AFF36AC5 		.ascii	"\257\363j\305%\373vl\327\212\212\366h\005\007K\012O"
 320      25FB766C 
 320      D78A8AF6 
 320      6805074B 
 320      0A4F
 321 02c2 E6D1A3B2 		.ascii	"\346\321\243\262\312Suenw\3056\027\223qZ\253\272\252"
 321      CA537565 
 321      6E77C536 
 321      1793715A 
 321      ABBAAA
 322 02d5 CA6B6A2A 		.ascii	"\312kj*\335\026\327\261r\357\321?J1\262:"
 322      DD16D7B1 
 322      72EFD13F 
 322      4A31B23A 
 323              		.text
 324              		.section	.gnu.lto_.symbol_nodes.5638d35b,"",%progbits
 325 0000 789C55C9 		.ascii	"x\234U\311\273\015\0021\024D\321\353y\366.\005\020\022"
 325      BB0D0231 
 325      1444D1EB 
 325      79F62E05 
 325      1012
 326 0012 510954F6 		.ascii	"Q\011T\366LBL\001|\227\355\001\011Q\003\025\020\020"
 326      4C424C01 
 326      7C97ED01 
 326      09510315 
 326      1010
 327 0024 B8046284 		.ascii	"\270\004b\204!\302\223\214tnB\\\250\323N\016\233;\324"
 327      21C2938C 
 327      746E425C 
 327      A8D34E0E 
 327      9B3BD4
 328 0037 BBE625A4 		.ascii	"\273\346%\244\255X\315\277\351 \017M\322Q\256V\366r"
 328      AD58CDBF 
 328      E9200F4D 
 328      D251AE56 
 328      F672
 329 0049 6BE5248F 		.ascii	"k\345$\217\215\204A\236~\0029/*\214\362\256\201\263"
 329      8D84419E 
 329      7E02392F 
 329      2A8CF2AE 
 329      81B3
 330 005b BCFF07A3 		.ascii	"\274\377\007\243c|\276\203\251\247\334f\026'\2242\265"
ARM GAS  C:\Users\CYIRKO~1\AppData\Local\Temp\ccD1hwzt.s 			page 26


 330      637CBE83 
 330      A9A7DC66 
 330      16279432 
 330      B5
 331 006c 680CEBD7 		.ascii	"h\014\353\327\303\370\000\363\020-\020"
 331      C3F800F3 
 331      102D10
 332              		.text
 333              		.section	.gnu.lto_.refs.5638d35b,"",%progbits
 334 0000 789C6365 		.ascii	"x\234ce`b`c```d`bdd\000\000\000\273\000\023"
 334      60626063 
 334      60606064 
 334      60626464 
 334      000000BB 
 335              		.text
 336              		.section	.gnu.lto_.decls.5638d35b,"",%progbits
 337 0000 789CAD57 		.ascii	"x\234\255W{P\024G\032\237\236\036`\031V\240\026+r\206"
 337      7B501447 
 337      1A9F9E1E 
 337      601956A0 
 337      162B7286 
 338 0014 249447CE 		.ascii	"$\224G\316\275GD\264*^yWW\271C\314Q\025\022\012\210"
 338      BD4744B4 
 338      2A5E7957 
 338      57B943CC 
 338      5115120A 
 339 0029 775747D5 		.ascii	"wWG\325\026\2175\356\035\260\206]S\346\277\341!\202"
 339      168F35EE 
 339      1DB0865D 
 339      53E6BFE1 
 339      2182
 340 003b 26201009 		.ascii	"& \020\011\020\360\001\276x(\242\"\242h\220\030\036"
 340      10F001BE 
 340      7828A222 
 340      A2689018 
 340      1E
 341 004c 9E1AC144 		.ascii	"\236\032\301D\024\303SE\243\006\025\014\017_\334\327"
 341      14C35345 
 341      A306150C 
 341      0F5FDCD7 
 342 005c DD33ECB0 		.ascii	"\3353\354\260\356\306\244*S|l\367\314\257\177\337\257"
 342      EEC6A42A 
 342      537C6CF7 
 342      CCAF7FDF 
 342      AF
 343 006d BFFEBE9E 		.ascii	"\277\376\276\236\036\027\216\347\262}8\256\036s\334"
 343      1E178EE7 
 343      B27D38AE 
 343      1E73DC
 344 007c 219EE3A6 		.ascii	"!\236\343\246\340r\3458n/\030\334\342.\203\325\203\235"
 344      E072E538 
 344      6E2F18DC 
 344      E22E83D5 
 344      839D
 345 008e E5D8A501 		.ascii	"\345\330\245\001\033\005\033\007\233\004{\004\366\004"
 345      1B051B07 
 345      9B047B04 
ARM GAS  C:\Users\CYIRKO~1\AppData\Local\Temp\ccD1hwzt.s 			page 27


 345      F604
 346 009c 6C0A0C21 		.ascii	"l\012\014!\030\003\006\177\234\013\342f\\7\240\357\002"
 346      1803067F 
 346      9C0BE266 
 346      5C37A0EF 
 346      02
 347 00ad BF2BC05C 		.ascii	"\277+\300\\\021\343\355\006\033\223\237\3632/\345q0"
 347      11E3ED06 
 347      1B939FF3 
 347      322FE571 
 347      30
 348 00be FE2EF4B5 		.ascii	"\376.\364\265\362x\035\330lY[\235\314C4\272\001f\004"
 348      F2781DD8 
 348      6C595B9D 
 348      CC4334BA 
 348      016604
 349 00d1 7E5F82DF 		.ascii	"~_\202\337\027\301D0\001\372=d\014\264}\300\346 \346"
 349      17C14430 
 349      01FA3D64 
 349      0CB47DC0 
 349      E620E6
 350 00e4 6B5CD66B 		.ascii	"k\\\326k\177\215\022\214\003?d\376\355`\363\301\302"
 350      7F8D128C 
 350      033F64FE 
 350      ED60F3C1 
 350      C2
 351 00f5 C1FAC02E 		.ascii	"\301\372\300.\312\276\373\301^\201q/\203\371\203-\005"
 351      CABEFBC1 
 351      5E81712F 
 351      83F9832D 
 351      05
 352 0106 FB23D86F 		.ascii	"\373#\330oe\015\212\236?\201\375\031\314\035\360W\300"
 352      650D8A9E 
 352      3F81FD19 
 352      CC1DF057 
 352      C0
 353 0117 06C06E82 		.ascii	"\006\300n\202\005\302\275_\201\275\0006\3041\235:9\216"
 353      05C2BD5F 
 353      81BD0036 
 353      C4319D3A 
 353      398E
 354 0129 93CF4AE4 		.ascii	"\223\317J\344\306\237\243\261N\326\247h\265\217\217"
 354      C69FA3B1 
 354      4ED6A768 
 354      B58F8F
 355 0138 BD5E328F 		.ascii	"\275^2\217.\273\270\271\313qS\353Tt)Z\347\310\361%9"
 355      2EBBB8B9 
 355      CB7153EB 
 355      5474295A 
 355      E7C8F125 
 356 014d 40D69D68 		.ascii	"@\326\235h}\342@\357#x\346\361\023b\252\366\357\342"
 356      7DE240EF 
 356      2378E6F1 
 356      1362AAF6 
 356      EFE2
 357 015f C41F72E2 		.ascii	"\304\037r\342\343S\214:\322\367\227\340l\214t\"\022"
 357      E3538C3A 
ARM GAS  C:\Users\CYIRKO~1\AppData\Local\Temp\ccD1hwzt.s 			page 28


 357      D2F797E0 
 357      6C8C7422 
 357      12
 358 0170 A07BFF6C 		.ascii	"\240{\377l\361UO\350\316\026\221?t{J\357\216\012\230"
 358      F1554FE8 
 358      CE16913F 
 358      747B4AEF 
 358      8E0A98
 359 0183 470459B3 		.ascii	"G\004Y\263\356Z\205\006\036\371\211h\012\221\376\235"
 359      EE5A8506 
 359      1EF98968 
 359      0A91FE9D 
 360 0193 86C959AC 		.ascii	"\206\311Y\254O\036\17795\336\344\005\335p\021\361\320"
 360      4F1E7F39 
 360      35DEE405 
 360      DD7011F1 
 360      D0
 361 01a4 DD70B526 		.ascii	"\335p\265&\327\035k\350\243k\315y\003\036\002\317\241"
 361      D71D6BE8 
 361      A36BCD79 
 361      031E02CF 
 361      A1
 362 01b5 BD08A36A 		.ascii	"\275\010\243j\344G\035\027\265\376p\314\003\373P\300"
 362      E4471D17 
 362      B5FE70CC 
 362      03FB50C0 
 363 01c5 572303B9 		.ascii	"W#\003\271\002\001\324\000\340\367~h\037\022\310\355"
 363      0201D400 
 363      E0F77E68 
 363      1F12C8ED 
 364 01d5 E1AE8151 		.ascii	"\341\256\201Q\015\366\243\220\214\276\276\002\236@j"
 364      0DF6A390 
 364      8CBEBE02 
 364      9E406A
 365 01e4 01F23B3F 		.ascii	"\001\362;?\264\237A\372&\367,_P-\261K\363\316\364\274"
 365      B49F41FA 
 365      26F72C5F 
 365      502DB14B 
 365      F3CEF4BC 
 366 01f8 F8FCB11D 		.ascii	"\370\374\261\035[D\244\327\354\"\017\232Z3\346\015\244"
 366      5B44A4D7 
 366      EC220F9A 
 366      5A33E60D 
 366      A4
 367 0209 49128FEA 		.ascii	"I\022\217\352\220\206C\007\321\002\031\230!I\251\322"
 367      90864307 
 367      D1021998 
 367      2149A9D2 
 368 0219 BDD414EC 		.ascii	"\275\324\024\354\313\241\305~h!H#\020\202@\207\220\036"
 368      CBA1C57E 
 368      68214823 
 368      10824087 
 368      901E
 369 022b 1D4002AA 		.ascii	"\035@\002\252B~\250\022D\203\267\201\253e\233D\034O"
 369      427EA812 
 369      4483B781 
 369      AB659B44 
ARM GAS  C:\Users\CYIRKO~1\AppData\Local\Temp\ccD1hwzt.s 			page 29


 369      1C4F
 370 023d 04F1B777 		.ascii	"\004\361\267w\346otC\032\375\263\024\350\010\214t\306"
 370      E66F7443 
 370      1AFDB314 
 370      E8088C74 
 370      C6
 371 024e C2F40C15 		.ascii	"\302\364\014\025\272\202\\T\017\240\3030\037&\210\212"
 371      BA825C54 
 371      0FA0C330 
 371      1F26888A 
 372 025e A3B1192A 		.ascii	"\243\261\031*\357\036\322`3\235x\361\261\007\247]\330"
 372      EF1ED260 
 372      339D78F1 
 372      B107A75D 
 372      D8
 373 026f 0269A05B 		.ascii	"\002i\240[?\\U?\213-P\023y\374\335\323\232\033\002\376"
 373      3F5C553F 
 373      8B2D5013 
 373      79FCDDD3 
 373      9A1B02FE 
 374 0283 9042F737 		.ascii	"\220B\3677\246\177\357\311\240Md\205Z\357\\lwcXIKVl"
 374      A67FEFC9 
 374      A04D6485 
 374      5AEF5C6C 
 374      77635849 
 375 029a A4A2DC0D 		.ascii	"\244\242\334\015K\210\202G?]\227\245a\3409\320m\373"
 375      4B888247 
 375      3F5D97A5 
 375      61E039D0 
 375      6DFB
 376 02ac ACE46531 		.ascii	"\254\344e1\223\210\333\224&\271\377\235\334\336\003"
 376      9388DB94 
 376      26B9FF9D 
 376      DCDE03
 377 02bb 927793D5 		.ascii	"\222w\223\325B'\221\010\377\003\375\200\226\306a\364"
 377      42279108 
 377      FF03FD80 
 377      96C661F4 
 378 02cb E0CE7C0F 		.ascii	"\340\316|\017\234\305\210z\332*\252H\006\315\207\274"
 378      9CC5887A 
 378      DA2AAA48 
 378      06CD87BC 
 379 02db 80CB4B95 		.ascii	"\200\313K\225\032\363Yjt\346\214\354p\303\331\024\316"
 379      1AF3596A 
 379      74E68CEC 
 379      70C3D914 
 379      CE
 380 02ec 179DEE6A 		.ascii	"\027\235\356j\026\220^d\201\370\252\352/E#\222\344\217"
 380      16905E64 
 380      81F8AAEA 
 380      2F452392 
 380      E48F
 381 02fe 5A9188BE 		.ascii	"Z\221\210\276\264\205b>8\3442Ih\251\034nZ\014j\201\200"
 381      B485623E 
 381      38E43249 
 381      68A91C6E 
 381      5A0C6A81 
ARM GAS  C:\Users\CYIRKO~1\AppData\Local\Temp\ccD1hwzt.s 			page 30


 382 0313 022FC1A1 		.ascii	"\002/\301\241Sp\363\013&\251bGn\231+\226h\252\362-'"
 382      5370F30B 
 382      26A96247 
 382      6E992B96 
 382      68AAF22D 
 383 0328 AE5C1290 		.ascii	"\256\\\022\220\250wHp\332\001\201,\246}^\313:\222%\355"
 383      A8774870 
 383      DA01812C 
 383      A67D5ECB 
 383      3A9225ED 
 384 033c 20A6CD26 		.ascii	" \246\315&\246\225L\2378i>\237U\340\205\257\263zX_p"
 384      A6954C9F 
 384      38693E9F 
 384      55E085AF 
 384      B37A585F 
 385 0351 669F06DF 		.ascii	"f\237\006\337d\036\353\362\272\356\361\316<\236s\352"
 385      641EEBF2 
 385      BAEEF1CE 
 385      3C9E73EA 
 386 0361 F16E6F40 		.ascii	"\361no@\321\327d\372g\301\343\031\233\307v\305\343\343"
 386      D1D764FA 
 386      67C1E319 
 386      9BC776C5 
 386      E3E3
 387 0373 EB6D2F42 		.ascii	"\353m/B\326s\024\020+\250\013M\307\012\255\363\336\231"
 387      D6731410 
 387      2BA80B4D 
 387      C70AADF3 
 387      DE99
 388 0385 520FB6C8 		.ascii	"R\017\266\310\336\320\275\333\260a\314\0037bV\223\371"
 388      DED0BDDB 
 388      B061CC03 
 388      37625693 
 388      F9
 389 0396 EB7DF169 		.ascii	"\353}\361i\326\336\323\323\221\252\305Whgn_\337\351"
 389      D6DED3D3 
 389      91AAC557 
 389      68676E5F 
 389      DFE9
 390 03a8 2C2DD26B 		.ascii	",-\322k}\005\255O\200O\200\236\374\327\353XS\257\367"
 390      7D05AD4F 
 390      804F809E 
 390      FCD7EB58 
 390      53AFF7
 391 03bb D13375E7 		.ascii	"\3213u\347\212\275S%H\227[H\213:m\342.\"\362N\3310="
 391      8ABD5325 
 391      48975B48 
 391      8B3A6DE2 
 391      2E22F24E 
 392 03d2 53D4857C 		.ascii	"S\324\205|U\311\002\217ed\001\255\3124\311\233G+^@\035"
 392      55C9028F 
 392      656401AD 
 392      CA34C99B 
 392      472B5E40 
 393 03e7 80384F11 		.ascii	"\2008O\021\200\207\377\227\020\331\006\311\334.\303"
 393      8087FF97 
 393      10D906C9 
ARM GAS  C:\Users\CYIRKO~1\AppData\Local\Temp\ccD1hwzt.s 			page 31


 393      DC2EC3
 394 03f6 88AFA0A7 		.ascii	"\210\257\240\247\242\354F>*\312\313\324#\227K\323S\222"
 394      A2EC463E 
 394      2ACACBD4 
 394      23974BD3 
 394      5392
 395 0408 DE103874 		.ascii	"\336\0208t\014\036\036%\301\035\206\340~\013hRl\275"
 395      0C1E1E25 
 395      C11D86E0 
 395      7E0B6852 
 395      6CBD
 396 041a D0EE4101 		.ascii	"\320\356A\001\350\012\012\240\345]F\010\233z\267\372"
 396      E80A0AA0 
 396      E55D4608 
 396      9B7AB7FA 
 397 042a E5A7496D 		.ascii	"\345\247Im\013Q\037\370i\204y|\253\"\207\254\346\350"
 397      0B511FF8 
 397      6984797C 
 397      AB2287AC 
 397      E6E8
 398 043c 5239E36F 		.ascii	"R9\343o\220\0078\347\177\272e\356h\252T\270\220\226"
 398      900738E7 
 398      7FBA65EE 
 398      68AA54B8 
 398      9096
 399 044e 73850C97 		.ascii	"s\205\014\227\267\002\312\036D\310YH{\267x\247\220\220"
 399      B702CA1E 
 399      44C85948 
 399      7BB778A7 
 399      9090
 400 0460 0244BD0F 		.ascii	"\002D\275\017\251f\336?c\346}3f\236I\224\235\200\207"
 400      A966DE3F 
 400      63E67D33 
 400      669E4994 
 400      9D8087
 401 0473 C789B23B 		.ascii	"\307\211\262;\240f\220)\343\320\200M\022\331_Ju\371"
 401      A0669029 
 401      E3D0804D 
 401      12D95F4A 
 401      75F9
 402 0485 1299F235 		.ascii	"\022\231\3625\244C\237\203$\202\233\036h\023\245\236"
 402      A4439F83 
 402      24829B1E 
 402      6813A59E 
 403 0495 B1F29853 		.ascii	"\261\362\230SH\321Up\240\3602\371-\245:*\177p\246\374"
 403      48D15570 
 403      A0F032F9 
 403      2DA53A2A 
 403      7F70A6FC 
 404 04a9 4D328DBF 		.ascii	"M2\215\277\200\256\253\034q\304\275\262}8\216\356mp"
 404      80AEAB1C 
 404      71C4BDB2 
 404      7D388EEE 
 404      6D70
 405 04bb 714376F7 		.ascii	"qCv\367\035\264oBt\207fD\367\\\211\216\255\036\311\302"
 405      1DB46F42 
 405      74876644 
ARM GAS  C:\Users\CYIRKO~1\AppData\Local\Temp\ccD1hwzt.s 			page 32


 405      F75C898E 
 405      AD1EC9C2 
 406 04cf FFC1546E 		.ascii	"\377\301Tn\374\214\325\343\236C\336\371b\221\324\224"
 406      FC8CD5E3 
 406      9E43DEF9 
 406      6291D494 
 407 04df 8E69C137 		.ascii	"\216i\3017;\344V\255\335X1\233\374\015\247k\247.\004"
 407      3BE456AD 
 407      DD58319B 
 407      FC0DA76B 
 407      A72E04
 408 04f2 F40D78B4 		.ascii	"\364\015x\264\325\002\243\270XB\367}\022\244\013\266"
 408      D502A3B8 
 408      5842F77D 
 408      12A40BB6 
 409 0502 8222840A 		.ascii	"\202\"\204\012b\344%\002\370\036\000_\333\000\203\024"
 409      62E42502 
 409      F81E005F 
 409      DB008314 
 410 0512 E068B1D4 		.ascii	"\340h\261\324I\340`\275Zw\375f\373z\262\243\221zj\260"
 410      49E060BD 
 410      5A77FD66 
 410      FB7AB2A3 
 410      917A6AB0 
 411 0526 117E4B09 		.ascii	"\021~K\011I]\301\316p\370\343S\307\371^\270Gj\321\233"
 411      495DC1CE 
 411      70F8E353 
 411      C7F95EB8 
 411      476AD19B 
 412 053a 8E66873C 		.ascii	"\216f\207<\004?\304hwJ\271\020\242\367\341.\317\311"
 412      043FC468 
 412      774AB910 
 412      A2F7E12E 
 412      CFC9
 413 054c 670BE516 		.ascii	"g\013\345\026RF\310}^\356\3622%\375\223\007#\025#{\314"
 413      5246C87D 
 413      5EEEF232 
 413      25FD9307 
 413      2315237B 
 414 0561 3C2917C7 		.ascii	"<)\027\307\340\362q\223\262\263\321\210\2679@H=@E\310"
 414      E0F27193 
 414      B2B3D188 
 414      B7394048 
 414      3D4045C8 
 415 0575 64CBCFA7 		.ascii	"d\313\317\247\365q\266\311!\345\000t\277\350\314\220"
 415      F571B6C9 
 415      21E50074 
 415      BFE8CC90 
 416 0585 D807650D 		.ascii	"\330\007e\015w\266\275\201\350=i\344~\256\007\276\316"
 416      77B6BD81 
 416      E83D69E4 
 416      7EAE07BE 
 416      CE
 417 0596 36CE8994 		.ascii	"6\316\211\224oN\212\276\316\366\262\021\272\227\305"
 417      6F4E8ABE 
 417      CEF6B211 
 417      BA97C5
ARM GAS  C:\Users\CYIRKO~1\AppData\Local\Temp\ccD1hwzt.s 			page 33


 418 05a5 0A8C6CEB 		.ascii	"\012\214l\353\305\361k^\363\266I\333\372\245\246\256"
 418      C5F16B5E 
 418      F3B649DB 
 418      FAA5A6AE 
 419 05b5 A7FE45D5 		.ascii	"\247\376E\325\031\322y\030\366\006\305\241\373\266\005"
 419      19D27918 
 419      F606C5A1 
 419      FBB605
 420 05c4 8026FCBF 		.ascii	"\200&\374\277\007\365\215\356\302\266\302\241Q4\017"
 420      07F58DEE 
 420      C2B6C2A1 
 420      51340F
 421 05d3 C6976C4F 		.ascii	"\306\227lO}\0057\010\354m\376\305\235#\356\202\262?"
 421      7D053708 
 421      EC6DFEC5 
 421      9D23EE82 
 421      B23F
 422 05e5 B2BDFFF3 		.ascii	"\262\275\377\363\023'\347:\2252F\245\374\200d-\267\033"
 422      1327E73A 
 422      953246A5 
 422      FC80642D 
 422      B71B
 423 05f7 6B4FBACA 		.ascii	"kO\272\312Z:_\202<\207\275\0342\001P\350\201M\310\003"
 423      5A3A5F82 
 423      3C87BD1C 
 423      320150E8 
 423      814DC803 
 424 060b 7B21E354 		.ascii	"{!\343TH\365\276\007\327<p\013Sr${\370\210'0\365\003"
 424      48F5BE07 
 424      D73C700B 
 424      5372247B 
 424      F8882730 
 425 0621 53B37E9A 		.ascii	"S\263~\232\211d\373\204\215i\302\236i\2222\035\374$"
 425      8964FB84 
 425      8D69C29E 
 425      6992321D 
 425      FC24
 426 0633 75AB27EE 		.ascii	"u\253'\356aLg\316u4z\312\232n\315\235\241\351\241\215"
 426      614C67CE 
 426      75347ACA 
 426      9A6ECD9D 
 426      A1E9A18D 
 427 0647 E9A13DD3 		.ascii	"\351\241=\323#\246\251\255\270\306\035\337fL\351\007"
 427      23A6A9AD 
 427      B8C61DDF 
 427      664CE907 
 428 0657 D7DF1264 		.ascii	"\327\337\022dM\203K\031S\012\323\364\330\306\364\330"
 428      4D834B19 
 428      530AD3F4 
 428      D8C6F4D8 
 429 0667 9EE90965 		.ascii	"\236\351\011ejn\271\374\261\210\323\\(S\321\325;M<a"
 429      6A6EB9FC 
 429      B188D35C 
 429      2853D1D5 
 429      3B4D3C61 
 430 067b 22F532F4 		.ascii	"\"\3652\364\353\324\362\214\246p\032L\364\324F\364\224"
 430      EBD4F28C 
ARM GAS  C:\Users\CYIRKO~1\AppData\Local\Temp\ccD1hwzt.s 			page 34


 430      A6701A4C 
 430      F4D446F4 
 430      94
 431 068c 1091C614 		.ascii	"\020\221\306\024%h\332\270Qr\307\271\214\240'oh\277"
 431      2568DAB8 
 431      5172C7B9 
 431      8CA0276F 
 431      68BF
 432 069e BB4C7061 		.ascii	"\273Lpa/\276\264\223\022\220\005\227\370i\002h2\202"
 432      2FBEB493 
 432      12900597 
 432      F8690268 
 432      3282
 433 06b0 149E106C 		.ascii	"\024\236\020l\255N\357\364\302\017\030\301\341\301\362"
 433      AD4EEFF4 
 433      C20F18C1 
 433      E1C1F2
 434 06bf 0685E0E1 		.ascii	"\006\205\340\341\037\212\244f\236\216N\265\215NUF\247"
 434      1F8AA466 
 434      9E8E4EB5 
 434      8D4E5546 
 434      A7
 435 06d0 D1D1C7CF 		.ascii	"\321\321\307\317\225_\360\304\037\271\322\321\017\262"
 435      955FF0C4 
 435      1FB9D2D1 
 435      0FB2
 436 06de F64AE2AB 		.ascii	"\366J\342\253\345R\177\023\311\271\200\303\345\260I"
 436      E5527F13 
 436      C9B980C3 
 436      E5B049
 437 06ed 205AF0E9 		.ascii	" Z\360\351\214@\265\033\246\023\036\264\216\177\025"
 437      8C40B51B 
 437      A6131EB4 
 437      8E7F15
 438 06fc C6E55D68 		.ascii	"\306\345]h8\306kU\273\327\330\214\327x\006O\337<\344"
 438      38C66B55 
 438      BBD7D88C 
 438      D778064F 
 438      DF3CE4
 439 070f 979CB327 		.ascii	"\227\234\263'\272z\265j\360\310\014\360z^\331\347HS"
 439      BA7AB56A 
 439      F0C80CF0 
 439      7A5ED9E7 
 439      4853
 440 0721 752AD1B1 		.ascii	"u*\321\261SIz\317\325u\0368\217\011\316\254\316\376"
 440      53497ACF 
 440      D5751E38 
 440      8F09CEAC 
 440      CEFE
 441 0733 0293B366 		.ascii	"\002\223\263f\332O:\233\221\217\211\342m\005\032\\\310"
 441      DA4F3A9B 
 441      918F89E2 
 441      6D051A5C 
 441      C8
 442 0744 860F9674 		.ascii	"\206\017\226t\024\010\270\224u\016\355\314\201\343N"
 442      1408B894 
 442      750EEDCC 
ARM GAS  C:\Users\CYIRKO~1\AppData\Local\Temp\ccD1hwzt.s 			page 35


 442      81E34E
 443 0753 994C7C63 		.ascii	"\231L|c\363\0017\274\213u\206\323\257\367\313\012|U"
 443      F30137BC 
 443      8B7586D3 
 443      AFF7CB0A 
 443      7C55
 444 0765 67E3D9F2 		.ascii	"g\343\331\362\331\270\246\365\350\224\200+)Vs\252\373"
 444      D9B8A6F5 
 444      E894802B 
 444      295673AA 
 444      FB
 445 0776 B1170A80 		.ascii	"\261\027\012\200#P\000\\eRz\032\234\314\316\342\311"
 445      2350005C 
 445      65527A1A 
 445      9CCCCEE2 
 445      C9
 446 0787 DA1DED29 		.ascii	"\332\035\355)\322\016_\264\201\027\321\307\020\313O"
 446      D20E5FB4 
 446      8117D1C7 
 446      10CB4F
 447 0796 78C76F1E 		.ascii	"x\307o\0366\2429\007\263\227\011\201g;\204?\363\316"
 447      36A23907 
 447      B3970981 
 447      673B843F 
 447      F3CE
 448 07a8 DDC4FBA1 		.ascii	"\335\304\373\241\034\236<\"`\262V\233y=\312\347\003"
 448      1C9E3C22 
 448      60B2569B 
 448      793DCAE7 
 448      03
 449 07b9 501E5811 		.ascii	"P\036X\021X\001X!\330\247\274z_\037\313\006_\2227\031"
 449      58015821 
 449      D8A7BC7A 
 449      5F1FCB06 
 449      5F923719 
 450 07cd A57E15   		.ascii	"\245~\025"
 451 07d0 3121BD39 		.ascii	"1!\2759\270\342\200$e\271R%\033\355\225\260LP+\277\245"
 451      B8E28024 
 451      65B95225 
 451      1BED95B0 
 451      4C502BBF 
 452 07e5 569E6B8F 		.ascii	"V\236k\217\317\344\355\361\203j|\226c|\220\015\336\251"
 452      CFE4EDF1 
 452      836A7C96 
 452      637C900D 
 452      DEA9
 453 07f7 867FE458 		.ascii	"\206\177\344X\016\205\303\262\234\332\276\247\030\341"
 453      0E85C3B2 
 453      9CDABEA7 
 453      18E1
 454 0805 71BA2C7C 		.ascii	"q\272,|G\363`\225\210|\364\216\"\206J P?3h98\215\274"
 454      47F36095 
 454      887CF48E 
 454      22864A20 
 454      503F3368 
 455 081d BF3F8351 		.ascii	"\277?\203Q\305\266\332\"1\244\276?\272{\376\266F\235"
 455      C5B6DA22 
ARM GAS  C:\Users\CYIRKO~1\AppData\Local\Temp\ccD1hwzt.s 			page 36


 455      31A4BE3F 
 455      BA7BFEB6 
 455      469D
 456 082f E39FF1EA 		.ascii	"\343\237\361\352\243X\251\\\020\2454\301w\267\334\354"
 456      A358A95C 
 456      10A534C1 
 456      77B7DCEC 
 457 083f 107CD4E7 		.ascii	"\020|\324\3472Gg\032n\306\231\003\206\325\025^\252\367"
 457      3247671A 
 457      6EC69903 
 457      86D5155E 
 457      AAF7
 458 0851 D0A9CE4B 		.ascii	"\320\251\316K[xg\347%\264\225\327\301\210\233\367\207"
 458      5B7867E7 
 458      25B495D7 
 458      C1889BF7 
 458      87
 459 0862 8A3C44F9 		.ascii	"\212<D\371\273\"\363\271\325\202\266\361\242\352;^\307"
 459      BB22F3B9 
 459      D582B6F1 
 459      A2EA3B5E 
 459      C7
 460 0873 BEE34B2A 		.ascii	"\276\343K*\263zg\341t7V\031\315y&\234\311\332\207\207"
 460      B37A67E1 
 460      74375619 
 460      CD79269C 
 460      C9DA8787 
 461 0887 DA5B44F9 		.ascii	"\332[D\371\023\221\224\305w\033Jz\2658\227=l\036\331"
 461      139194C5 
 461      771B4A7A 
 461      B538973D 
 461      6C1ED9
 462 089a BF5BCB48 		.ascii	"\277[\313H0)\257\242\221\363^N\277\021w\363\3627\342"
 462      3029AFA2 
 462      91F35E4E 
 462      BF1177F3 
 462      F237E2
 463 08ad 2E9ED6EC 		.ascii	".\236\326\354\345\211/\273]\3243%g\254\035\260zr>\361"
 463      E5892FBB 
 463      5DD43325 
 463      67AC1DB0 
 463      7A723EF1 
 464 08c1 3A6510FD 		.ascii	":e\020\375R\331<\354\251\006\223Tq\012>>\331;\216q!"
 464      52D93CEC 
 464      A9069354 
 464      710A3E3E 
 464      D93B8E71 
 465 08d6 135978E5 		.ascii	"\023Yx\345\034\354\255%\2543\321\330Q\3063\305\001\320"
 465      1CECAD25 
 465      AC33D1D8 
 465      51C633C5 
 465      01D0
 466 08e8 AD6CDAD8 		.ascii	"\255l\332\330\206\331\354\266\221o\245\263\335\023{"
 466      86D9ECB6 
 466      916FA5B3 
 466      DD137B
 467 08f7 055C4EB1 		.ascii	"\005\\N\261\232;\305\217\352\005R\365P\363zR\365)p\276"
ARM GAS  C:\Users\CYIRKO~1\AppData\Local\Temp\ccD1hwzt.s 			page 37


 467      9A3BC58F 
 467      EA0552F5 
 467      50F37A52 
 467      F52970BE 
 468 090b ADC215A9 		.ascii	"\255\302\025\251\264t*x\035\332\011IR\013\353\243\010"
 468      B4742A78 
 468      1DDA0949 
 468      520BEBA3 
 468      08
 469 091c 51E72A4B 		.ascii	"Q\347*K\355\207\225\252\324\256\224\341\317;\234\356"
 469      ED8795AA 
 469      D4AE94E1 
 469      CF3B9CEE 
 470 092c 05BA6A3A 		.ascii	"\005\272j:\257Z9\177\353 \177\017C\276\356\007\253\001"
 470      AF5A397F 
 470      EB207F0F 
 470      43BEEE07 
 470      AB01
 471 093e 3B047600 		.ascii	";\004v\000\354 \037\240\252\353\316*\225\2632{g9\317"
 471      EC201FA0 
 471      AAEBCE2A 
 471      95B3327B 
 471      6739CF
 472 0951 9469B71A 		.ascii	"\224i\267\032\277\317\036\277]]\246\344,|Z\201\223\205"
 472      BFCF1EBF 
 472      5D5DA6E4 
 472      2C7C5A81 
 472      9385
 473 0963 2A774CAF 		.ascii	"*wL\257:\015\017U\262-\250\326\321\0264V\251\336\202"
 473      3A0D0F55 
 473      B22DA8D6 
 473      D1163456 
 473      A9DE82
 474 0976 AA1C0646 		.ascii	"\252\034\006F)\371\272\3423-<\256\240\213\302\257\033"
 474      29F9BAE2 
 474      332D3CAE 
 474      A08BC2AF 
 474      1B
 475 0987 7E5225D8 		.ascii	"~R%\330\225\274\022/\324\000a\372\251!\223EV\261\222"
 475      95BC122F 
 475      D40061FA 
 475      A9219345 
 475      56B192
 476 099a 3F02A3EA 		.ascii	"?\002\243\352m%_\253\224|\325\261\215\303X]\362Gf\224"
 476      6D255FAB 
 476      947CD5B1 
 476      8DC3585D 
 476      F2476694 
 477 09ae FC51B9E4 		.ascii	"\374Q\271\344\217\322\222\357\357\314\312\020\024p\346"
 477      8FD292EF 
 477      EFCCCA10 
 477      1470E6
 478 09bd 8F7CF7A2 		.ascii	"\217|\367\242c\024?\225]\330,:\303\333}\036\240Fp\345"
 478      63143F95 
 478      5DD82C3A 
 478      C3DB7D1E 
 478      A04670E5 
ARM GAS  C:\Users\CYIRKO~1\AppData\Local\Temp\ccD1hwzt.s 			page 38


 479 09d1 62B1C658 		.ascii	"b\261\306X\215b\310?\243\014\177\015\216\012]\021\242"
 479      8D62C83F 
 479      A30C7F0D 
 479      8E0A5D11 
 479      A2
 480 09e2 21CDC8A8 		.ascii	"!\315\310\250w\302\351\275w\337\016};4J\363\346\333"
 480      77C2E9BD 
 480      77DF0E7D 
 480      3B344AF3 
 480      E6DB
 481 09f4 EFFA0707 		.ascii	"\357\372\007\007\005q\213C\226F\007\2572\305\232\"\255"
 481      05718B43 
 481      964607AF 
 481      32C59A22 
 481      AD
 482 0a05 6BE24DE6 		.ascii	"k\342M\346\3508\3226[\202\226\274\036h\266\004\256\212"
 482      E838D236 
 482      5B8296BC 
 482      1E68B604 
 482      AE8A
 483 0a17 49083425 		.ascii	"I\0104%\305%\254\2117\222\266\301\270\326\272`\025'"
 483      C525AC89 
 483      3792B6C1 
 483      B8D6BA60 
 483      1527
 484 0a29 C20F7562 		.ascii	"\302\017ub\260\272\003\345\262d\323\007\306d\3278s\322"
 484      B0BA03E5 
 484      B264D307 
 484      C664D738 
 484      73D2
 485 0a3b 4AD37B9A 		.ascii	"J\323{\232\270U1II\306\004\213\220h\2167\212\006\303"
 485      B8553149 
 485      49C6048B 
 485      90688E37 
 485      8A06C3
 486 0a4e 1A539275 		.ascii	"\032S\222u\361\"\203u\245q)#\2670GV\2639\301\022\375"
 486      F1228375 
 486      A5712923 
 486      B7304756 
 486      B339C112 
 487 0a63 5ED21A7F 		.ascii	"^\322\032\177\332\362\217IN\3647&\306\032\343\343\215"
 487      DAF28F49 
 487      4EF43726 
 487      C61AE3E3 
 487      8D
 488 0a74 F1D1AF2F 		.ascii	"\361\321\257/X\354\277ha\320\222\367\203\242\341\376"
 488      58ECBF68 
 488      61D092F7 
 488      83A2E1FE 
 489 0a84 6B49E624 		.ascii	"kI\346$\343k\306\230XS\264,&:1\006\270\222\214\321\206"
 489      E36BC698 
 489      5853B42C 
 489      263A3106 
 489      B8928CD1 
 490 0a99 78E3CA98 		.ascii	"x\343\312\2305\011V\203\365\303\325F\013h\323(\376\376"
 490      35095683 
 490      F5C3D546 
ARM GAS  C:\Users\CYIRKO~1\AppData\Local\Temp\ccD1hwzt.s 			page 39


 490      0B68D328 
 490      FEFE
 491 0aab FD8BFAB3 		.ascii	"\375\213\372\263|h\2116X\254\361@\016N\370\270X\255"
 491      7C688936 
 491      58ACF140 
 491      0E4EF8B8 
 491      58AD
 492 0abd 71ED6A79 		.ascii	"q\355jy\252\006\353\362\347\006q\2659\331j\011\214\214"
 492      AA06EBF2 
 492      E70671B5 
 492      39D96A09 
 492      8C8C
 493 0acf 0A5BBC28 		.ascii	"\012[\274(\360\255\267\226\005B\330B?\010RbjHH\210\007"
 493      F0ADB796 
 493      0542D842 
 493      3F085262 
 493      6A484888 
 494 0ae4 DA59D08C 		.ascii	"\332Y\320\214\213IH\210\215\211\373\257\301\352\015"
 494      8B494888 
 494      8D89FBAF 
 494      C1EA0D
 495 0af3 9860E621 		.ascii	"\230`\346!\230\206\226\304\232\265\264\362\030\203)"
 495      988696C4 
 495      9AB5B4F2 
 495      188329
 496 0b02 C9F4CB38 		.ascii	"\311\364\3138\217\343\2469-V\363\352\027\224\2162Ec"
 496      8FE3A639 
 496      2D56F3EA 
 496      17948E32 
 496      4563
 497 0b14 524C6C82 		.ascii	"RLl\202q\226\015\023\223l\235c\017\2127Y\024\324;\261"
 497      71960D13 
 497      936C9D63 
 497      0F8A3759 
 497      14D43BB1 
 498 0b28 FF31C659 		.ascii	"\3771\306YCA\236\257\202\202_\223\301\224\374\276\002"
 498      43419EAF 
 498      82825F93 
 498      C194FCBE 
 498      02
 499 0b39 0BFD59BA 		.ascii	"\013\375Y\272\351\377\345K\326\256U\3136\230,\311\020"
 499      E9FFE54B 
 499      D6AE55CB 
 499      36982CC9 
 499      10
 500 0b4a B739CFB8 		.ascii	"\2679\317\270`r]Hr\006\271D\376#4$BX\036\025\031!D\300"
 500      60725D48 
 500      7206B944 
 500      FE233424 
 500      42581E15 
 501 0b62 3F1C1216 		.ascii	"?\034\022\026\201C\303\"\370\360\210\037\227\020gNL"
 501      8143C322 
 501      F8F0881F 
 501      9710674E 
 501      4C
 502 0b73 34270502 		.ascii	"4'\005\002i`pXdh$hP\311\260X\023\027/Z\271\344uh\203"
 502      69607058 
ARM GAS  C:\Users\CYIRKO~1\AppData\Local\Temp\ccD1hwzt.s 			page 40


 502      64682468 
 502      50C9B058 
 502      13172F5A 
 503 0b8c 042D89A9 		.ascii	"\004-\211\251!\012\222p\231q%\016\376[\204&\"$2$bE\310"
 503      210A9270 
 503      9971250E 
 503      FE5B8426 
 503      22243224 
 504 0ba3 3257F224 		.ascii	"2W\362$8\002\207\207\005\273\206\201\353\260p\227\340"
 504      38028787 
 504      05BB8681 
 504      EBB07097 
 504      E0
 505 0bb4 B0F0E008 		.ascii	"\260\360\340\010\317\310\177E\006/\177S\031\363\177"
 505      CFC87F45 
 505      062F7F53 
 505      19F37F
 506 0bc3 322ED39A 		.ascii	"2.\323\232"
 507              		.text
 508              		.section	.gnu.lto_.symtab.5638d35b,"",%progbits
 509 0000 6578745F 		.ascii	"ext_lld_init\000"
 509      6C6C645F 
 509      696E6974 
 509      00
 510 000d 00       		.ascii	"\000"
 511 000e 00       		.ascii	"\000"
 512 000f 00       		.ascii	"\000"
 513 0010 00000000 		.ascii	"\000\000\000\000\000\000\000\000"
 513      00000000 
 514 0018 F3000000 		.ascii	"\363\000\000\000"
 515 001c 45585444 		.ascii	"EXTD1\000"
 515      3100
 516 0022 00       		.ascii	"\000"
 517 0023 00       		.ascii	"\000"
 518 0024 00       		.ascii	"\000"
 519 0025 00000000 		.ascii	"\000\000\000\000\000\000\000\000"
 519      00000000 
 520 002d 05010000 		.ascii	"\005\001\000\000"
 521 0031 6578745F 		.ascii	"ext_lld_stop\000"
 521      6C6C645F 
 521      73746F70 
 521      00
 522 003e 00       		.ascii	"\000"
 523 003f 00       		.ascii	"\000"
 524 0040 00       		.ascii	"\000"
 525 0041 00000000 		.ascii	"\000\000\000\000\000\000\000\000"
 525      00000000 
 526 0049 F7000000 		.ascii	"\367\000\000\000"
 527 004d 6578745F 		.ascii	"ext_lld_channel_enable\000"
 527      6C6C645F 
 527      6368616E 
 527      6E656C5F 
 527      656E6162 
 528 0064 00       		.ascii	"\000"
 529 0065 00       		.ascii	"\000"
 530 0066 00       		.ascii	"\000"
 531 0067 00000000 		.ascii	"\000\000\000\000\000\000\000\000"
ARM GAS  C:\Users\CYIRKO~1\AppData\Local\Temp\ccD1hwzt.s 			page 41


 531      00000000 
 532 006f F9000000 		.ascii	"\371\000\000\000"
 533 0073 6578745F 		.ascii	"ext_lld_start\000"
 533      6C6C645F 
 533      73746172 
 533      7400
 534 0081 00       		.ascii	"\000"
 535 0082 00       		.ascii	"\000"
 536 0083 00       		.ascii	"\000"
 537 0084 00000000 		.ascii	"\000\000\000\000\000\000\000\000"
 537      00000000 
 538 008c FB000000 		.ascii	"\373\000\000\000"
 539 0090 6578745F 		.ascii	"ext_lld_channel_disable\000"
 539      6C6C645F 
 539      6368616E 
 539      6E656C5F 
 539      64697361 
 540 00a8 00       		.ascii	"\000"
 541 00a9 00       		.ascii	"\000"
 542 00aa 00       		.ascii	"\000"
 543 00ab 00000000 		.ascii	"\000\000\000\000\000\000\000\000"
 543      00000000 
 544 00b3 FD000000 		.ascii	"\375\000\000\000"
 545 00b7 6578744F 		.ascii	"extObjectInit\000"
 545      626A6563 
 545      74496E69 
 545      7400
 546 00c5 00       		.ascii	"\000"
 547 00c6 02       		.ascii	"\002"
 548 00c7 00       		.ascii	"\000"
 549 00c8 00000000 		.ascii	"\000\000\000\000\000\000\000\000"
 549      00000000 
 550 00d0 FF000000 		.ascii	"\377\000\000\000"
 551 00d4 6578745F 		.ascii	"ext_lld_exti_irq_disable\000"
 551      6C6C645F 
 551      65787469 
 551      5F697271 
 551      5F646973 
 552 00ed 00       		.ascii	"\000"
 553 00ee 02       		.ascii	"\002"
 554 00ef 00       		.ascii	"\000"
 555 00f0 00000000 		.ascii	"\000\000\000\000\000\000\000\000"
 555      00000000 
 556 00f8 01010000 		.ascii	"\001\001\000\000"
 557 00fc 6578745F 		.ascii	"ext_lld_exti_irq_enable\000"
 557      6C6C645F 
 557      65787469 
 557      5F697271 
 557      5F656E61 
 558 0114 00       		.ascii	"\000"
 559 0115 02       		.ascii	"\002"
 560 0116 00       		.ascii	"\000"
 561 0117 00000000 		.ascii	"\000\000\000\000\000\000\000\000"
 561      00000000 
 562 011f 03010000 		.ascii	"\003\001\000\000"
 563              		.text
 564              		.section	.gnu.lto_.opts,"",%progbits
ARM GAS  C:\Users\CYIRKO~1\AppData\Local\Temp\ccD1hwzt.s 			page 42


 565 0000 272D666D 		.ascii	"'-fmath-errno' '-fsigned-zeros' '-ftrapping-math' '"
 565      6174682D 
 565      6572726E 
 565      6F272027 
 565      2D667369 
 566 0033 2D666E6F 		.ascii	"-fno-trapv' '-fno-openmp' '-fno-openacc' '-mcpu=cor"
 566      2D747261 
 566      70762720 
 566      272D666E 
 566      6F2D6F70 
 567 0066 7465782D 		.ascii	"tex-m7' '-mno-thumb-interwork' '-mthumb' '-ggdb' '-"
 567      6D372720 
 567      272D6D6E 
 567      6F2D7468 
 567      756D622D 
 568 0099 4F322720 		.ascii	"O2' '-fomit-frame-pointer' '-falign-functions=16' '"
 568      272D666F 
 568      6D69742D 
 568      6672616D 
 568      652D706F 
 569 00cc 2D666675 		.ascii	"-ffunction-sections' '-fdata-sections' '-fno-common"
 569      6E637469 
 569      6F6E2D73 
 569      65637469 
 569      6F6E7327 
 570 00ff 2720272D 		.ascii	"' '-flto'\000"
 570      666C746F 
 570      2700
 571              		.text
 572              		.comm	__gnu_lto_v1,1,1
 573              		.comm	__gnu_lto_slim,1,1
 574              		.ident	"GCC: (GNU Tools for ARM Embedded Processors 6-2017-q1-update) 6.3.1 20170215 (release) [AR
ARM GAS  C:\Users\CYIRKO~1\AppData\Local\Temp\ccD1hwzt.s 			page 43


DEFINED SYMBOLS
                            *ABS*:00000000 hal_ext_lld.c
                            *COM*:00000001 __gnu_lto_v1
                            *COM*:00000001 __gnu_lto_slim

NO UNDEFINED SYMBOLS
