ARM GAS  C:\Users\CYIRKO~1\AppData\Local\Temp\ccZB1lOa.s 			page 1


   1              		.cpu cortex-m7
   2              		.eabi_attribute 20, 1
   3              		.eabi_attribute 21, 1
   4              		.eabi_attribute 23, 3
   5              		.eabi_attribute 24, 1
   6              		.eabi_attribute 25, 1
   7              		.eabi_attribute 26, 1
   8              		.eabi_attribute 30, 2
   9              		.eabi_attribute 34, 1
  10              		.eabi_attribute 18, 4
  11              		.file	"hal_pal.c"
  12              		.text
  13              	.Ltext0:
  14              		.section	.gnu.lto_.profile.5638c099,"",%progbits
  15 0000 789C6365 		.ascii	"x\234ce`b`a```d\320\220\001\000\000\354\000Q"
  15      60626061 
  15      60606064 
  15      D0900100 
  15      00EC0051 
  16              		.text
  17              		.section	.gnu.lto_.icf.5638c099,"",%progbits
  18 0000 789C6365 		.ascii	"x\234ce`b\020a@\000f\206\343\227n\235fc\334\276\377"
  18      60621061 
  18      40006686 
  18      E3976E9D 
  18      6663DCBE 
  19 0015 D00F76A6 		.ascii	"\320\017v\246u;\036\256\342e\000\000hQ\011\233"
  19      753B1EAE 
  19      E2650000 
  19      6851099B 
  20              		.text
  21              		.section	.gnu.lto_.jmpfuncs.5638c099,"",%progbits
  22 0000 789C6365 		.ascii	"x\234ce`bPb@\000f\006FF\306zF&FF\346\372z&0\305\310"
  22      60625062 
  22      40006606 
  22      4646C67A 
  22      46264646 
  23 001b 069162AA 		.ascii	"\006\221b\252d\004Q\0009\324\002\300"
  23      64045100 
  23      39D402C0 
  24              		.text
  25              		.section	.gnu.lto_.inline.5638c099,"",%progbits
  26 0000 789C6365 		.ascii	"x\234ce`b\370\316\200\000\314\014\014\234\034\214\314"
  26      6062F8CE 
  26      8000CC0C 
  26      0C9C1C8C 
  26      CC
  27 0011 0C0A8C20 		.ascii	"\014\012\214 &\210t\000\223\012\034l\037\364\030\330"
  27      26887400 
  27      930A1C6C 
  27      1FF418D8 
  28 0021 16C83331 		.ascii	"\026\310310\276`g\201\220 \202\003\314\344\000\021\002"
  28      30BE6067 
  28      81902082 
  28      03CCE400 
  28      1102
  29 0033 60A600C8 		.ascii	"`\246\000\310\030F\006>^F\026\210)\214@\022b\224\002"
ARM GAS  C:\Users\CYIRKO~1\AppData\Local\Temp\ccZB1lOa.s 			page 2


  29      1846063E 
  29      5E461688 
  29      298C4012 
  29      629402
  30 0046 C4406EA6 		.ascii	"\304@n\246\013\374\030F\001\305P\014aY /\001b)010\357"
  30      0BFC1846 
  30      01C5500C 
  30      6159202F 
  30      01622930 
  31 005d 10576000 		.ascii	"\020W`\000Zo\0012\231\211\201[\030\305}PC9\201r\304"
  31      5A6F0132 
  31      9989815B 
  31      18C57D50 
  31      43398172 
  32 0072 390F6893 		.ascii	"9\017h\223\004\310$\026^\240w'\370\201 \003\000\006"
  32      04C82416 
  32      5EA07727 
  32      F8812003 
  32      0006
  33 0084 0820CB   		.ascii	"\010 \313"
  34              		.text
  35              		.section	.gnu.lto_.pureconst.5638c099,"",%progbits
  36 0000 789C6365 		.ascii	"x\234ce`b`g```f\220b\224b\222\004\000\001\307\000b"
  36      60626067 
  36      60606066 
  36      90629462 
  36      92040001 
  37              		.text
  38              		.section	.gnu.lto_palReadBus.5638c099,"",%progbits
  39 0000 789C9591 		.ascii	"x\234\225\221\277O\024Q\020\307\347\373fowO\320\177"
  39      BF4F1451 
  39      10C7E7FB 
  39      666F774F 
  39      D07F
  40 0012 408A2B4C 		.ascii	"@\212+L\010\215\033M\320\304\226\350?`KB\340,\270\204"
  40      088D1B4D 
  40      D0C496E8 
  40      3F604B42 
  40      E02CB884 
  41 0026 E48C2B35 		.ascii	"\344\214+5\357V@\205(\306\250\207\302\271\205\022D\345"
  41      EF564085 
  41      28C6A887 
  41      C2B98512 
  41      44E5
  42 0038 A73F0AAA 		.ascii	"\247?\012\252\013\230\230\220\250@ce$hs\211\026^cc\320"
  42      0B989890 
  42      A8406365 
  42      24687389 
  42      165E6363 
  43 004d 9977905C 		.ascii	"\231w\220\\aC\261\363f\336\314|f\276\3732d(6D\235Dt"
  43      6143B1F3 
  43      66DECC7C 
  43      66BEFB32 
  43      64283644 
  44 0064 5C3E30C1 		.ascii	"\\>0\301\334\371HT\012\015\240\216\015AC\006C\230\340"
  44      DCF94854 
  44      0A0DA08E 
ARM GAS  C:\Users\CYIRKO~1\AppData\Local\Temp\ccZB1lOa.s 			page 3


  44      0D414306 
  44      4398E0
  45 0077 32636B78 		.ascii	"2ckxi\232os*e\236\204\277><\372vLC '\341\224\335\276"
  45      699A6F73 
  45      2A659E84 
  45      BF3E3CFA 
  45      764C4320 
  46 0090 1974CC5A 		.ascii	"\031t\314Z\233\330j\371\256\377xe\323fS6\364P\312\237"
  46      9BD86AF9 
  46      AEFF7865 
  46      D3665336 
  46      F450CA9F 
  47 00a4 A10DB368 		.ascii	"\241\015\263h\323\031s\350\220\342\221\255\362(\363"
  47      D31973E8 
  47      90E291AD 
  47      F228F3
  48 00b3 6990F85F 		.ascii	"i\220\370_\276\356\314\205\3553\256\361\335=\266'Rf"
  48      BEEECC85 
  48      ED33AEF1 
  48      DD3DB627 
  48      5266
  49 00c5 3C073737 		.ascii	"<\00777\312\025\341\005\332\265~wy\357\376Q\337{\302"
  49      CA15E105 
  49      DAB57E77 
  49      79EFFE51 
  49      DF7BC2
  50 00d8 A46C41BE 		.ascii	"\244lA\276\204\0179\027\267Q\265{\177\257\333\352\217"
  50      840F3917 
  50      B751B57B 
  50      7FAFDBEA 
  50      8F
  51 00e9 A7A85CC8 		.ascii	"\247\250\\\310\212\006\351`\351\365<1\231\214\030\337"
  51      8A06E960 
  51      E9F53C31 
  51      998C18DF 
  52 00f9 572F5013 		.ascii	"W/P\023\222nGc\202P\251\343\022\310\3115$\253\265[\353"
  52      926E4763 
  52      8250A9E3 
  52      12C8C935 
  52      24ABB55B 
  53 010e BE522BAC 		.ascii	"\276R+\254\262\037\214\254}\012T'\273u\177\277\337\270"
  53      B21F8CAC 
  53      7D0A5427 
  53      BB757FBF 
  53      DFB8
  54 0120 D19AA252 		.ascii	"\321\232\242R\262\326\346R\016*l0\257\332$7\363=Y\010"
  54      B2D6E652 
  54      0E2A6C30 
  54      AFDA2437 
  54      F33D5908 
  55 0134 A279DB48 		.ascii	"\242y\333H\205X@\212I\335\221\260\210\210jX[\3156\300"
  55      8558408A 
  55      49DD91B0 
  55      88886A58 
  55      5BCD36C0 
  56 0148 5E3338FC 		.ascii	"^38\374\0378+\323\261\264\017\376\\\257\257\267\012"
  56      1F382BD3 
ARM GAS  C:\Users\CYIRKO~1\AppData\Local\Temp\ccZB1lOa.s 			page 4


  56      B1B40FFE 
  56      5CAFAFB7 
  56      0A
  57 0159 78B8A4A9 		.ascii	"x\270\244\251#Xv`U\215\025\007N\016\300\231C\255\330"
  57      23587660 
  57      558D1507 
  57      4E0EC099 
  57      43ADD8
  58 016c 82578E64 		.ascii	"\202W\216d\224\364\332\221\256\325G\321@\351\232\002"
  58      94F4DA91 
  58      AED547D1 
  58      40E99A02 
  59 017c 6CA60787 		.ascii	"l\246\007\207\242\033\274qt\367Jo\033\364?\007\364\320"
  59      A21BBC71 
  59      74F74A6F 
  59      1BF43F07 
  59      F4D0
  60 018e 0D08E827 		.ascii	"\015\010\350'\222\334\376\215\376\2501Q%\357 \013E\347"
  60      92DCFE8D 
  60      FEA83151 
  60      25EF200B 
  60      45E7
  61 01a0 CF7577F5 		.ascii	"\317uw\365\027\372\012\027\257\016^*\024\273\363\352"
  61      17FA0A17 
  61      AF0E5E2A 
  61      14BBF3EA 
  62 01b0 17E35367 		.ascii	"\027\343Sg\317D\3058\352\357\035\210\342+y={.\367\016"
  62      CF44C538 
  62      EAEF1D88 
  62      E22B793D 
  62      7B2EF70E 
  63 01c4 9CCC13F7 		.ascii	"\234\314\023\367\015\306\377\000\237i\317\302"
  63      0DC6FF00 
  63      9F69CFC2 
  64              		.text
  65              		.section	.gnu.lto_palWriteBus.5638c099,"",%progbits
  66 0000 789C9553 		.ascii	"x\234\225SMh\023A\024\236og\263?\311F=\012\366\320\203"
  66      4D681341 
  66      149E6F67 
  66      B33FC946 
  66      3D0AF6D0 
  67 0015 107A71D1 		.ascii	"\020zq\321C\205^E\217^\274\026\244\211\207\006\012\021"
  67      43855E45 
  67      8F5EBC16 
  67      A4898706 
  67      0A11
  68 0027 D39EBB89 		.ascii	"\323\236\273\211M*-UA\232T\351\262\242\324\032\265\177"
  68      4D2A2D55 
  68      419A54E9 
  68      B2A2D41A 
  68      B57F
  69 0039 FEA70709 		.ascii	"\376\247\007\011\361P\220\252\264\007\275(\212V\241"
  69      F15090AA 
  69      B407BD28 
  69      8A56A1
  70 0048 07A11641 		.ascii	"\007\241\026A\017\222\370\336l\243U\274t`\336\314\373"
  70      0F92F8DE 
ARM GAS  C:\Users\CYIRKO~1\AppData\Local\Temp\ccZB1lOa.s 			page 5


  70      6CA355BC 
  70      7460DECC 
  70      FB
  71 0059 FBE6BDEF 		.ascii	"\373\346\275\357\355F\204&\216K!\272\204\020\373hC\012"
  71      ED468426 
  71      8E4B21BA 
  71      8410FB68 
  71      430A
  72 006b 68175F08 		.ascii	"h\027_\010\221\2634\200/\236\0051\250a\020\027dY\242"
  72      91B33480 
  72      2F9E0531 
  72      A8611017 
  72      6459A2
  73 007e 3EFCB9AA 		.ascii	">\374\271\252uL{\264j\345oF\321+\354\015(\3752m^\230"
  73      754C7BB4 
  73      6AE56F46 
  73      D12BEC0D 
  73      28FD326D 
  74 0094 460745AD 		.ascii	"F\007E\255\014\315O\312\3632\220\200N\352\327\347W>"
  74      0CCD4FCA 
  74      F3329080 
  74      4EEAD7E7 
  74      573E
  75 00a6 EE625543 		.ascii	"\356bUC;\251\205\225rQ\312C\020t\177\373\356}\305JL"
  75      3BA98595 
  75      7251CA43 
  75      10747FFB 
  75      EE7DC54A 
  76 00bb 795EDEAB 		.ascii	"y^\336\253-_\222\336\376@J\334\202$@T\320\206\233h\023"
  76      2D5F92DE 
  76      FE404ADC 
  76      82244054 
  76      D0869B68 
  77 00d0 6412B88D 		.ascii	"d\022\270\215\004\205\373\215kK1\331\251R\253\301d\305"
  77      0485FB8D 
  77      6B4B31D9 
  77      A952ABC1 
  77      64C5
  78 00e2 D84A7D33 		.ascii	"\330J}3\256Ru\334\3717U\027\230A\202\343?,4\306\343"
  78      AE5275DC 
  78      F9375517 
  78      984182E3 
  78      3F2C34C6 
  79 00f7 867EBD55 		.ascii	"\206~\275U.fa\200\316\271U\324\274Fs\230\012\270\201"
  79      2E666180 
  79      CEB955D4 
  79      BC467398 
  79      0AB881
  80 010a E6B1DDD4 		.ascii	"\346\261\335\3247=&)7\242\203\223#t5\014\026&\013\213"
  80      373D2629 
  80      37A28393 
  80      2374350C 
  80      16260B8B 
  81 011e 8469B388 		.ascii	"\204i\263\210\262\032c\341\260\210\263\020b\204\300"
  81      B21A63E1 
  81      B088B310 
  81      6284C0
ARM GAS  C:\Users\CYIRKO~1\AppData\Local\Temp\ccZB1lOa.s 			page 6


  82 012d 99B851A9 		.ascii	"\231\270Q\251\361)\327\221_\\\177\222\342\347|\311\034"
  82      F129D791 
  82      5F5C7F92 
  82      E2E77CC9 
  82      1C
  83 013e 960AF597 		.ascii	"\226\012\365\227&\323!U\037\337\227\236\235s\002\370"
  83      26D32155 
  83      1FDF979E 
  83      9D7302F8 
  84 014e 39E2B43D 		.ascii	"9\342\264=\220\226O4\315Q\355\354\233Z\313\317\232\356"
  84      90964F34 
  84      CD51EDEC 
  84      9B5ACBCF 
  84      9AEE
  85 0160 8C17BA6C 		.ascii	"\214\027\272l\314#\300\204\342\032\013p\005A7\212\010"
  85      CC23C084 
  85      E21A0B70 
  85      0541378A 
  85      08
  86 0171 91233EF5 		.ascii	"\221#>\365\312o\331\241n\354\010Z\307]\005\315\204\340"
  86      CA6FD9A1 
  86      6EEC085A 
  86      C75D05CD 
  86      84E0
  87 0183 9E823EFB 		.ascii	"\236\202>\373\263\005m*tc;\272\265#\364(\356+t\215\321"
  87      B3056D2A 
  87      74633BBA 
  87      B523F428 
  87      EE2B748D 
  88 0198 1F84E8A5 		.ascii	"\037\204\350\245\026\272\035\242\255n,\3731f\305\304"
  88      16BA1DA2 
  88      AD6E2CFB 
  88      3166C5C4 
  89 01a8 1E3C2418 		.ascii	"\036<$\030\212\331h\305DU\021\366_U\305\250\341\260"
  89      8AD968C5 
  89      445511F6 
  89      5F55C5A8 
  89      E1B0
  90 01ba AA3F718E 		.ascii	"\252?q\2162[l\373\321\262\305U\272C\266zIU\277}\004"
  90      325B6CFB 
  90      D1B2C555 
  90      BA43B67A 
  90      4955BF7D 
  91 01cf F6FF4640 		.ascii	"\366\377F@\020\022\217\266:y\275\271\371\324\241N\206"
  91      10128FB6 
  91      3A79BDB9 
  91      F9D4A14E 
  91      86
  92 01e0 72EC72F0 		.ascii	"r\354r\360Xu\3023 \347\350\332\247W\221\337\3168\252"
  92      5875C233 
  92      20E7E8DA 
  92      A75791DF 
  92      CE38AA
  93 01f3 7027680C 		.ascii	"p'h\014\324\345\"\\zZ|A\376jsLU\242~\220\021b\230>\012"
  93      D4E5225C 
  93      7A5A7C41 
  93      FE6A734C 
ARM GAS  C:\Users\CYIRKO~1\AppData\Local\Temp\ccZB1lOa.s 			page 7


  93      55A27E90 
  94 020c 22C23DDA 		.ascii	"\"\302=\332\325}\2447\235L\237\350\0378\225\316t\247"
  94      D57DA437 
  94      9D4C9FE8 
  94      1F3895CE 
  94      74A7
  95 021e F89EC91E 		.ascii	"\370\236\311\036<\334\351f\262noO\237\233=\223\342\363"
  95      3CDCE966 
  95      B26E6F4F 
  95      9F9B3D93 
  95      E2F3
  96 0230 E4E99EBE 		.ascii	"\344\351\236\276\003)!\223\003Y=\231\356\317\376\002"
  96      03292193 
  96      03593D99 
  96      EECFFE02 
  97 0240 F9EC1011 		.ascii	"\371\354\020\021"
  98              		.text
  99              		.section	.gnu.lto_palSetBusMode.5638c099,"",%progbits
 100 0000 789C9592 		.ascii	"x\234\225\222\315kSA\024\305\357\231\373\222\367b[\327"
 100      CD6B5341 
 100      14C5EF99 
 100      FB92F762 
 100      5BD7
 101 0012 825D6421 		.ascii	"\202]d!\204n|\350\242B\267\"\376\001n\\\024\244M\204"
 101      846E7CE8 
 101      A242B722 
 101      FE016E5C 
 101      14A44D84 
 102 0026 065A22C6 		.ascii	"\006Z\"\306\2563\215&\225\012\255Pj\254\030^\241\204"
 102      AE338D26 
 102      950AAD50 
 102      6AAC185E 
 102      A184
 103 0038 5AB5DF2A 		.ascii	"Z\265\337*\304R\010\335\010~\322n\265(*B\321\202\342"
 103      C45208DD 
 103      087ED26E 
 103      B5282A42 
 103      D182E2
 104 004b C28DADDE 		.ascii	"\302\215\255\336;\321\205\356:03wf\356\371\315\235\303"
 104      3BD185EE 
 104      3A303377 
 104      66EEF9CD 
 104      9DC3
 105 005d C4C850C6 		.ascii	"\304\310P\306\020u\021\321a\351`\202\271\376\222h(0"
 105      107511D1 
 105      61E96082 
 105      B9FE9268 
 105      2830
 106 006f 80063600 		.ascii	"\200\0066\000\025\014\012\030\343\012c}\370S\335t\314"
 106      150C0A18 
 106      E30A637D 
 106      F853DD74 
 106      CC
 107 0080 58698DCA 		.ascii	"Xi\215\312\246_\266\245C\021\023MJ\327\206\031tH\326"
 107      A65FB6A5 
 107      4311134D 
 107      4AD78619 
ARM GAS  C:\Users\CYIRKO~1\AppData\Local\Temp\ccZB1lOa.s 			page 8


 107      7448D6
 108 0093 C695C5DB 		.ascii	"\306\225\305\333<\312\021\003\236,\277\275\270\365\341"
 108      3CCA1103 
 108      9E2CBFBD 
 108      B8F5E1
 109 00a2 A02E0D92 		.ascii	"\240.\015\222\262,mT\312\314\307A\022o\275}7\033\244"
 109      B22C6D54 
 109      CACCC741 
 109      126FBD7D 
 109      371BA4
 110 00b5 6AD6166D 		.ascii	"j\326\026m\343\3158\333#\0213\356\202\005\210Y\264\343"
 110      E3CD38DB 
 110      231133EE 
 110      82058859 
 110      B4E3
 111 00c7 0EDA49B6 		.ascii	"\016\332I\266\010\367\220\222\364\357+\265\361\026\356"
 111      08F79092 
 111      F4EF2BB5 
 111      F116EE
 112 00d6 74D267A3 		.ascii	"t\322g\243kg\377(\237O8\245\207\373\377+=\302\034R\232"
 112      6B67FF28 
 112      9F4F38A5 
 112      87FBFF2B 
 112      3DC21C52 
 113 00eb FE7E696F 		.ascii	"\376~io\242-\356M\377\255\026\363\210C\346\205M4\354"
 113      A22DEE4D 
 113      FFAD16F3 
 113      8843E685 
 113      4D34EC
 114 00fe DEAF61DB 		.ascii	"\336\257a\333\370Y\303\326\351\204<[\356b\321\306<\031"
 114      F859C3D6 
 114      E9843C5B 
 114      EE62D1C6 
 114      3C19
 115 0110 E23119FC 		.ascii	"\3421\031\374\270F>\034\213FD\256\316\\c\2433o\243\370"
 115      B8463E1C 
 115      8B4644AE 
 115      CE5C63A3 
 115      336FA3F8 
 116 0124 787B27AD 		.ascii	"x{'\255\300*\253I7J\353\257|}/\273B\177<yz\2655BuHL"
 116      C02AAB49 
 116      374AEBAF 
 116      7C7D2FBB 
 116      427F3C79 
 117 013f 4B461C54 		.ascii	"KF\034T\305\207\005\251N\317j\037\213\363~8g\233G\011"
 117      C58705A9 
 117      4ECF6A1F 
 117      8BF37E38 
 117      679B4709 
 118 0153 2C22C24D 		.ascii	",\"\302Mg&\226\020\222\242\023M\260\267/\322\001,;\222"
 118      67269610 
 118      92A2134D 
 118      B0B72FD2 
 118      012C3B92 
 119 0167 BE102BFF 		.ascii	"\276\020+\377\222b\373\"\265\340\201#\031%=t\244\313"
 119      9262FB22 
 119      B5E08123 
ARM GAS  C:\Users\CYIRKO~1\AppData\Local\Temp\ccZB1lOa.s 			page 9


 119      19253D74 
 119      A4CB
 120 0179 5FCB68A2 		.ascii	"_\313h\242\264.\001\322g\224\223\272\243\362z\375\313"
 120      B42E01D2 
 120      679493BA 
 120      A3F27AFD 
 120      CB
 121 018a 6BBFB06B 		.ascii	"k\277\260k\203\210['\265\000<B\201\304\031\227\356G"
 121      83885B27 
 121      B5003C42 
 121      81C41997 
 121      EE47
 122 019c DC463B28 		.ascii	"\334F;(N\255\2169\206\3736#\222&N\312\025\341\251\256"
 122      4EAD8E39 
 122      86FB3623 
 122      92264ECA 
 122      15E1A9AE 
 123 01b0 EE937DD9 		.ascii	"\356\223}\331\336\354\231K\203\231l\256;\255q.\177\354"
 123      DEEC994B 
 123      83996CAE 
 123      3BAD712E 
 123      7FEC
 124 01c2 446798CB 		.ascii	"Dg\230\313\207}=\375a\376bZ\347s\027z\372\217\246\211"
 124      877D3DFD 
 124      61FE625A 
 124      E773177A 
 124      FA8FA689 
 125 01d6 7B07F3DE 		.ascii	"{\007\363\336@.s\3767\254/\315\203"
 125      402E73FE 
 125      37AC2FCD 
 125      83
 126              		.text
 127              		.section	.gnu.lto_.symbol_nodes.5638c099,"",%progbits
 128 0000 789C6365 		.ascii	"x\234ce`b\010d\000\002\2469L\365\014\014\023\31610\000"
 128      60620864 
 128      0002A639 
 128      4CF50C0C 
 128      13CE3130 
 129 0015 A95D0D8E 		.ascii	"\251]\015\216@\221\271L\365\214\250\"\363\230\352\231"
 129      4091B94C 
 129      F58CA822 
 129      F398EA99 
 130 0025 50441817 		.ascii	"PD\030\0272\3253\203E\030\030\032\032\034\030\030\230"
 130      32D53383 
 130      4518181A 
 130      1A1C1818 
 130      98
 131 0036 99981996 		.ascii	"\231\230\031\226<\374\307\310\000\000A\023\024\024"
 131      3CFCC7C8 
 131      00004113 
 131      1414
 132              		.text
 133              		.section	.gnu.lto_.refs.5638c099,"",%progbits
 134 0000 789C6365 		.ascii	"x\234ce`b`d\000\002\000\000I\000\011"
 134      60626064 
 134      00020000 
 134      490009
ARM GAS  C:\Users\CYIRKO~1\AppData\Local\Temp\ccZB1lOa.s 			page 10


 135              		.text
 136              		.section	.gnu.lto_.decls.5638c099,"",%progbits
 137 0000 789CAD58 		.ascii	"x\234\255XyP\024W\032\357\257\337\014\014\315\200\026"
 137      79501457 
 137      1AEFAFDF 
 137      0C0CCD80 
 137      16
 138 0011 B859AB62 		.ascii	"\270Y\253bRl\012uvk\025\301\315Q9\252\334Ds\324\352"
 138      526C0A75 
 138      766B15C1 
 138      CD5139AA 
 138      DC4473D4 
 139 0026 628D3976 		.ascii	"b\2159vk\251\232B\030#\265\310\270\314\260U\371k\033"
 139      6BA99A42 
 139      1823B5C8 
 139      B8CCB055 
 139      F96B1B
 140 0039 0683B7A0 		.ascii	"\006\203\267\240\006\005\324 x\001\036h\274\020P\002"
 140      0605D420 
 140      78011E68 
 140      BC105002 
 141 0049 880AE281 		.ascii	"\210\012\342\201\007\207 (\342\021\211\"\022D\214\262"
 141      07872028 
 141      E2118922 
 141      12448CB2 
 142 0059 DF7BAF67 		.ascii	"\337{\257g\272\235\314$[\265\351\342\365\353\367\372"
 142      BA9DCC24 
 142      5BB5E9E2 
 142      F5EBF7FA 
 143 0069 F77DDFEF 		.ascii	"\367}\337\357;\336\3537\350\005Q\010\014\025\004\177"
 143      3BDEEB37 
 143      E8055108 
 143      0C15047F 
 144 0079 22083208 		.ascii	"\"\0102\010\302\010^:A\020v\011\352E\307\201\370n4\266"
 144      C2085E3A 
 144      41107609 
 144      EA45C781 
 144      F86E34B6 
 145 008d B1D85E06 		.ascii	"\261\330^\006\341'\327oEA0b\037\202m\014\2662l\006\304"
 145      E127D76F 
 145      45413062 
 145      1F826D0C 
 145      B6326C06 
 146 00a2 0D603F11 		.ascii	"\015`?\021[46\177\034?\302\276\037\333Ql\317\024\335"
 146      5B34367F 
 146      1C3FC2BE 
 146      1FDB516C 
 146      CF14DD
 147 00b5 80F377A9 		.ascii	"\200\363w\251\022\354E`\035\263G\373I\036\266~\207v"
 147      12EC4560 
 147      1DB347FB 
 147      491EB67E 
 147      8776
 148 00c7 82B1FF54 		.ascii	"\202\261\377Tc\213\332\241\366\274\331z\246\330kUl\352"
 148      638BDAA1 
 148      F6BCD97A 
 148      A6D86B55 
ARM GAS  C:\Users\CYIRKO~1\AppData\Local\Temp\ccZB1lOa.s 			page 11


 148      6CEA
 149 00d9 157BD40E 		.ascii	"\025{\324\0165p\017\273\026\376\310\374\243}\224\207"
 149      35700FBB 
 149      16FEC8FC 
 149      A37D9487 
 150 00e9 CD481F36 		.ascii	"\315H\0376C}\370W\246\330\235\212\343\227\260\021\017"
 150      437DF857 
 150      A6D89D8A 
 150      E397B011 
 150      0F
 151 00fa 9BA8CE1D 		.ascii	"\233\250\316\035G:\365\226\207\275u\004\016\256\250"
 151      473AF596 
 151      87BD7504 
 151      0EAEA8
 152 0109 AD14AF42 		.ascii	"\255\024\257B; \026F\263Y\000~\007\326\330p\304u\001"
 152      3B201646 
 152      B359007E 
 152      07D6D870 
 152      C47501
 153 011c B0799C15 		.ascii	"\260y\234\025\005E\251k\012\\\022\312XT\206\242\242"
 153      0545A96B 
 153      0A5C12CA 
 153      585486A2 
 153      A2
 154 012d 92FD29C2 		.ascii	"\222\375)\302\240\321\310_sK\256\213\323\347\017L\314"
 154      A0D1C85F 
 154      734BAE8B 
 154      D3E70F4C 
 154      CC
 155 013e 250DA26A 		.ascii	"%\015\242j\000@+\240Q\310i+\357\335\374\004\3259py\377"
 155      00402BA0 
 155      51C8692B 
 155      EFDDFC04 
 155      D5397079 
 156 0153 20E7F44D 		.ascii	" \347\364M\251\023:\350l\3764`s\327\232*\236\032\010"
 156      A9133AE8 
 156      6CFE3460 
 156      73D79A2A 
 156      9E1A08
 157 0166 86109F3B 		.ascii	"\206\020\237;\037\357x\177\362N\231_\206\227\324\260"
 157      1FEF787F 
 157      F24E995F 
 157      8697D4B0 
 158 0176 9D4F2FDD 		.ascii	"\235O/\335@V\022\010\221@G\3654\346v\007\343p\214\004"
 158      40561208 
 158      914047F5 
 158      34E67607 
 158      E3708C04 
 159 018a 6138CC2D 		.ascii	"a8\314-\037\250\327\363\267\006\034\216l+]b /0\215\035"
 159      1FA8D7F3 
 159      B7061C8E 
 159      6C2B5D62 
 159      202F308D 
 160 019f 278B4AA8 		.ascii	"'\213J\250\340D\011(\331Q8\265\247\267\354q\020\237"
 160      E0440928 
 160      D95138B5 
 160      A7B7EC71 
ARM GAS  C:\Users\CYIRKO~1\AppData\Local\Temp\ccZB1lOa.s 			page 12


 160      109F
 161 01b1 A288A655 		.ascii	"\242\210\246U\375[\374\311\213\364Y\314\251o\256\326"
 161      FD5BFCC9 
 161      8BF459CC 
 161      A96FAED6 
 162 01c1 8149DA46 		.ascii	"\201I\332F\355W=\032\230\230\225!\313\"|\003\022\354"
 162      ED573D1A 
 162      98989521 
 162      CB227C03 
 162      12EC
 163 01d3 0502C530 		.ascii	"\005\002\3050\231z3Q\302\373bYN\2233\235r\300\207\002"
 163      997A3351 
 163      C2FB6259 
 163      4E93339D 
 163      72C08702 
 164 01e7 EC847150 		.ascii	"\354\204qP\002\343\004\330\007&\252\226\342\240\024"
 164      02E304D8 
 164      0726AA96 
 164      E2A014
 165 01f6 27F7E024 		.ascii	"'\367\340$\232(\332\222U\340GV\000\263Qw\364J\213\016"
 165      9A28DA92 
 165      55E04756 
 165      00B35177 
 165      F44A8B0E 
 166 020a 24935705 		.ascii	"$\223W\005\007\275(P\310\024\277R\267\210\2229\200d"
 166      07BD2850 
 166      C814BF52 
 166      B7889239 
 166      8064
 167 021c F6AB6490 		.ascii	"\366\253d\220\033\017Qz\355`V\020\351\347FV\036?\361"
 167      1B0F517A 
 167      ED605610 
 167      E9E74656 
 167      1E3FF1
 168 022f 58EF7664 		.ascii	"X\357vd\344\330\333g/\312r\030\224\241\354!U\366\000"
 168      E4D8DB67 
 168      2FCA7218 
 168      94A1EC21 
 168      55F600
 169 0242 F8F4E4B0 		.ascii	"\370\364\344\260wO.=\350\317\016&u<[y\017;\356\004\360"
 169      774F2E3D 
 169      E8CF0E26 
 169      753C5B79 
 169      0F3BEE04 
 170 0257 B09B3449 		.ascii	"\260\2334I\011\341I\031\332|c\265H\0329t\361\316\225"
 170      09E14919 
 170      DA7C63B5 
 170      481A3974 
 170      F1CE95
 171 026a 3544424B 		.ascii	"5DBK\316\377\311e\224(\035Y\333\025D\232\270\370\275"
 171      CEFFC965 
 171      94281D59 
 171      DB15449A 
 171      B8F8BD
 172 027d F49EAE40 		.ascii	"\364\236\256@\256z,\016w\015u\036\324\223f\376n\305"
 172      AE7A2C0E 
 172      770D751E 
ARM GAS  C:\Users\CYIRKO~1\AppData\Local\Temp\ccZB1lOa.s 			page 13


 172      D49366FE 
 172      6EC5
 173 028f DAEA6A1D 		.ascii	"\332\352j\035i\347\203\302\234\254\014=\271\306\007"
 173      69E783C2 
 173      9CAC0C3D 
 173      B9C607
 174 029e 45AB334B 		.ascii	"E\2533K%\322\315\007M}\2477\006\362\222\031\215\303"
 174      25D2CD07 
 174      4D7DA737 
 174      06F29219 
 174      8DC3
 175 02b0 E3238FAA 		.ascii	"\343#\217\252Fq\215\"\016\327\0277\017\007\220\036\016"
 175      46718D22 
 175      0ED71737 
 175      0F07901E 
 175      0E
 176 02c1 DD3AFCA4 		.ascii	"\335:\374\244\217\326\314\004Z3DS1\023x\305\034k8\265"
 176      8FD6CC04 
 176      5A334453 
 176      311378C5 
 176      1C6B38B5 
 177 02d5 CD48EE32 		.ascii	"\315H\3562\260\230\271\271dY\200+\235\350\236\336$\300"
 177      B098B9B9 
 177      6459802B 
 177      9DE89EDE 
 177      24C0
 178 02e7 7174A38E 		.ascii	"qt\243\216\372v\032}\233\240\370v\012'O\252\351\334"
 178      FA761A7D 
 178      9BA0F876 
 178      0A274FAA 
 178      E9DC
 179 02f9 FF72992C 		.ascii	"\377r\231,\217\206\006\314H\275\232\221\011J2\217f]"
 179      8F8606CC 
 179      48BD9A91 
 179      094A328F 
 179      665D
 180 030b B9299141 		.ascii	"\271)\221An\342Gg\366}MU\026G\325\262B8\213\242\215"
 180      6EE24767 
 180      F67D4D55 
 180      1647D5B2 
 180      42388BA2 
 181 0320 AA68839A 		.ascii	"\252h\203\232LO\032g\274\320@#iC\005\025\0062\302\214"
 181      4C4F1A67 
 181      BCD04023 
 181      69430515 
 181      0632C28C 
 182 0334 E81E0E2E 		.ascii	"\350\036\016.o\223 4<\334\224E\315d\312\3624Q\315\222"
 182      6F932034 
 182      3CDC9445 
 182      CD64CAF2 
 182      3451CD92 
 183 0348 00E72194 		.ascii	"\000\347!\224*\200\213\250\353\002\204C\023\204\263"
 183      2A808BA8 
 183      EB028443 
 183      1384B3
 184 0357 C559400D 		.ascii	"\305Y@\015b\205\205W\366w\311\362R#\243u\002iQ\0017"
 184      62858557 
ARM GAS  C:\Users\CYIRKO~1\AppData\Local\Temp\ccZB1lOa.s 			page 14


 184      F677C9F2 
 184      5223A375 
 184      02695101 
 185 036c 8308AAE2 		.ascii	"\203\010\252\3428U\244\010T\277\263^\256J#\014}\316"
 185      3855A408 
 185      54BFB35E 
 185      AE4A230C 
 185      7DCE
 186 037e 2B3A9282 		.ascii	"+:\222\202\271\313\317*$\334\016(FP\274\345\333\202"
 186      B9CBCF2A 
 186      24DC0E28 
 186      4650BCE5 
 186      DB82
 187 0390 EEE2D57B 		.ascii	"\356\342\325{\253\001\302\307\230\302\013\030\360re"
 187      AB01C2C7 
 187      98C20B18 
 187      F07265
 188 039f 702A534B 		.ascii	"p*SK\325\325\242\332\3130F\2554U\355j\346\242S\236\246"
 188      D5D5A2DA 
 188      CB3046AD 
 188      3455ED6A 
 188      E6A2539E 
 189 03b4 D3BA48C1 		.ascii	"\323\272H\301\324\305ft\261\005]\274\244\270\310I\334"
 189      D4C56674 
 189      B1055DBC 
 189      A4B8C849 
 189      DC
 190 03c5 AB189B2A 		.ascii	"\253\030\233*\313@QZ\026\334\235\301\212\2205N\371\344"
 190      CB40515A 
 190      16DC9DC1 
 190      8A90354E 
 190      F9E4
 191 03d7 14B63A6B 		.ascii	"\024\266:k|\033\306\250\367W4\234\026\307 \203T\237"
 191      7C1BC6A8 
 191      F757349C 
 191      16C72083 
 191      549F
 192 03e9 0C84E7CC 		.ascii	"\014\204\347\314k\2127\204\027oz\315\245\003F\342$\254"
 192      6B8A3784 
 192      176F7ACD 
 192      A50346E2 
 192      24AC
 193 03fb 1A7B1AF6 		.ascii	"\032{\032\366\244\031H\006\037lj\334\335\240'\313\370"
 193      A4194806 
 193      1F6C6ADC 
 193      DDA027CB 
 193      F8
 194 040c A0BC6477 		.ascii	"\240\274dw\223H\262\370`gY\3372 9|\360 c\217\203\344"
 194      9348B2F8 
 194      606759DF 
 194      3220397C 
 194      F020638F 
 195 0422 F3E7F48D 		.ascii	"\363\347\364\215\231gE\256\373\2178\314^\262\241K\307"
 195      996745AE 
 195      FB8F38CC 
 195      5EB2A14B 
 195      C7
ARM GAS  C:\Users\CYIRKO~1\AppData\Local\Temp\ccZB1lOa.s 			page 15


 196 0433 D749175D 		.ascii	"\327I\027]\031\373.\357(7\220m\014\033\224Y\224yH\202"
 196      19FB2EEF 
 196      2837906D 
 196      0C1B9459 
 196      94794882 
 197 0447 70BC42C3 		.ascii	"p\274B\303\371e*\220\323\235\230\316\267s\344\252t\254"
 197      F9652A90 
 197      D39D98CE 
 197      B773E4AA 
 197      74AC
 198 0459 5B74BF13 		.ascii	"[t\277\023\335\277\215\361\177\336\375\235J\362)z\370"
 198      DDBF8DF1 
 198      7FDEFD9D 
 198      4AF2297A 
 198      F8
 199 046a 1D15DDED 		.ascii	"\035\025\335\355\211.\007w\2648\372;\015\372\230'\272"
 199      892E0777 
 199      B438FA3B 
 199      0DFA9827 
 199      BA
 200 047b C213DDAF 		.ascii	"\302\023\335\257AWzGs*\3562\307\014\\G\3005\366\356"
 200      41577A47 
 200      732AEE32 
 200      C70C5C47 
 200      C035F6EE 
 201 048f B652E67D 		.ascii	"\266R\346}X\003\275\230\204\033\330\356`\373\036\333"
 201      5803BD98 
 201      841BD8EE 
 201      60FB1EDB 
 202 049f 5D6CF7B1 		.ascii	"]l\367\261\335\303\366\035\266\233\330na\353q/\005J"
 202      DDC3F61D 
 202      B69BD86E 
 202      61EB712F 
 202      054A
 203 04b1 A05E138A 		.ascii	"\240^\023\212\253\236\004vy\322\275\256\241\373\255"
 203      AB9E0476 
 203      79D2BDAE 
 203      A1FBAD
 204 04c0 27BA0A3C 		.ascii	"'\272\012<#\327\246Q\336\356\011o\363T>\374\226\212"
 204      23D7A651 
 204      DEEE096F 
 204      F3543EFC 
 204      968A
 205 04d2 EEF29A15 		.ascii	"\356\362\232\025\015\270I\243\272\303;o7\023\\dW+%\216"
 205      0DB849A3 
 205      BAC33B6F 
 205      37135C64 
 205      572B258E 
 206 04e6 6FC59AAD 		.ascii	"o\305\232\255\366\316\\\243\375\246k\201P\365W\2743"
 206      F6CE5CA3 
 206      FDA66B81 
 206      50F557BC 
 206      33
 207 04f7 E7EA95D5 		.ascii	"\347\352\225\325V\036\302V\333m\3175\017U\215C\373\365"
 207      561EC256 
 207      DB6DCF35 
 207      0F558D43 
ARM GAS  C:\Users\CYIRKO~1\AppData\Local\Temp\ccZB1lOa.s 			page 16


 207      FBF5
 208 0509 A49815A4 		.ascii	"\244\230\025\244x'\357v\211?\204\232\274%\023\036b\016"
 208      7827EF76 
 208      893F849A 
 208      BC25131E 
 208      620E
 209 051b FF9F7C72 		.ascii	"\377\237|r&uG\375\350\346\323\217\212\036\250\273-\345"
 209      267547FD 
 209      E8E6D38F 
 209      8A1EA8BB 
 209      2DE5
 210 052d C5E82CAD 		.ascii	"\305\350,\255o[\025l\\\352\376\2062\240\272\242\007"
 210      6F5B156C 
 210      5CEAFE86 
 210      32A0BAA2 
 210      07
 211 053e C0A88820 		.ascii	"\300\250\210 \366\320\222\365\267\202\310!N\375\322"
 211      F6D092F5 
 211      B782C821 
 211      4EFDD2
 212 054d 990765C1 		.ascii	"\231\007e\301`2r+g\332F;\251\277\217\020\377\203j\006"
 212      6032722B 
 212      67DA463B 
 212      A9BF8F10 
 212      FF836A06 
 213 0561 C5B1F3A1 		.ascii	"\305\261\363\241\035\006\321\251\347\014<\271\275\266"
 213      1D06D1A9 
 213      E70C3CB9 
 213      BDB6
 214 056f 15F85A36 		.ascii	"\025\370Z6\322\015\276\2745k\224\262\226\351\353\201"
 214      D20DBEBC 
 214      356B94B2 
 214      96E9EB81 
 215 057f 356D9DC1 		.ascii	"5m\235\301\244\232<w2\212\376\351\311(\232\177\347z"
 215      A49A3C77 
 215      328AFEE9 
 215      C9289A7F 
 215      E77A
 216 0591 CF9DBD00 		.ascii	"\317\235\275\000\344\024\247[\273\251{\237\237\257c"
 216      E414A75B 
 216      BBA97B9F 
 216      9FAF63
 217 05a0 CB081289 		.ascii	"\313\010\022\211V>0?\342\344\023\365;7\0345\310\316"
 217      563E303F 
 217      E2E413F5 
 217      3B371C35 
 217      C8CE
 218 05b2 50CF30EF 		.ascii	"P\3170\357OU\307\242\371\207N\177\261\262~\275\236\356"
 218      4F55C7A2 
 218      F9874E7F 
 218      B1B27EBD 
 218      9EEE
 219 05c4 28A126BE 		.ascii	"(\241&\276\223\336_A\016o=\263\\\316\257\006&3\2142"
 219      93DE5F41 
 219      0E6F3DB3 
 219      5CCEAF06 
 219      26338C32 
ARM GAS  C:\Users\CYIRKO~1\AppData\Local\Temp\ccZB1lOa.s 			page 17


 220 05d8 4ED1D712 		.ascii	"N\321\327\022\242\022\375\277\347\205HCw\304\023\035"
 220      A212FDBF 
 220      E7854843 
 220      77C4131D 
 221 05e8 E101BEFE 		.ascii	"\341\001\276\376\007\016\246'\241\335^\301?\335\035"
 221      070EA627 
 221      A1DD5EC1 
 221      3FDD1D
 222 05f7 1EE3FB21 		.ascii	"\036\343\373!f\225\242i5\245\213&H\025\303!\015\233"
 222      6695A269 
 222      35A58B26 
 222      4815C321 
 222      0D9B
 223 0609 2C6AABE5 		.ascii	",j\253\345r\021\257[Dz\324\355\343\242\207\003\204\\"
 223      7211AF5B 
 223      447AD4ED 
 223      E3A28703 
 223      845C
 224 061b D3F1F3D9 		.ascii	"\323\361\363\331\275\241\\\003\230B\225\344\227\260"
 224      BDA15C03 
 224      984295E4 
 224      97B0
 225 0629 12CB40ED 		.ascii	"\022\313@\355\213Dw\210\250\012\357D\340K\264\377s\\"
 225      8B447788 
 225      A80AEF44 
 225      E04BB4FF 
 225      735C
 226 063b D0DCE5CC 		.ascii	"\320\334\345\314\225;\002\265u\231!j\353r\261hT\200"
 226      953B02B5 
 226      7599216A 
 226      EB72B168 
 226      5480
 227 064d 475AEEDE 		.ascii	"GZ\356\336\020u\"\237\203\271::\267lU\345\226\200\261"
 227      1075229F 
 227      83B93A3A 
 227      B76C55E5 
 227      9680B1
 228 0660 D9EC18EE 		.ascii	"\331\354\030\356\224G\213,\\\256\317\263\000K\305\261"
 228      94478B2C 
 228      5CAECFB3 
 228      004BC5B1 
 229 0670 785F22EA 		.ascii	"x_\"\352\270\206\305\355\207O\300+\371r~\027\036\004"
 229      B886C5ED 
 229      874FC02B 
 229      F9727E17 
 229      1E04
 230 0682 36902535 		.ascii	"6\220%5'0}0\215\302\240HM9>\342}\007~\037`;\356\214"
 230      27307D30 
 230      8DC2A048 
 230      4D393EE2 
 230      7D077E1F 
 231 069a 022C135F 		.ascii	"\002,\023_A\351\355\353\235\015\201d\235\236\225\\n"
 231      41E9EDEB 
 231      9D0D8164 
 231      9D9E955C 
 231      6E
 232 06ab 47FB0D89 		.ascii	"G\373\015\211\221\241\0269\231\363\035\247O\351\334"
ARM GAS  C:\Users\CYIRKO~1\AppData\Local\Temp\ccZB1lOa.s 			page 18


 232      91A11639 
 232      99F31DA7 
 232      4FE9DC
 233 06ba 0457886C 		.ascii	"\004W\210l\362B\371\366*\203\226\341\247/h\010\256b"
 233      F242F9F6 
 233      2A8396E1 
 233      A72F6808 
 233      AE62
 234 06cc 0457BA08 		.ascii	"\004W\272\010^Jk(#\012\301\313yF\254\000<#aM\"\014\226"
 234      5E4A6B28 
 234      230AC1CB 
 234      7946AC00 
 234      3C23614D 
 235 06e3 AB01C7C7 		.ascii	"\253\001\307\307\347\011f2\202O\257v\367\213\244\220"
 235      E7096632 
 235      824FAF76 
 235      F78BA490 
 236 06f3 132C6E2C 		.ascii	"\023,n,\372QG\366\262\201\270\242zC\257\321\327\232"
 236      FA5147F6 
 236      B281B8A2 
 236      7A43AFD1 
 236      D79A
 237 0705 582BFA3A 		.ascii	"X+\372:\312\217\034\233\322\302\216\343kD\011V\213\036"
 237      CA8F1C9B 
 237      D2C28EE3 
 237      6B440956 
 237      8B1E
 238 0717 C7719A92 		.ascii	"\307q\232\222U[\207\010\363\230\"x\024:\345\376^\342"
 238      555B8708 
 238      F3982278 
 238      143AE5FE 
 238      5EE2
 239 0729 8EC2573C 		.ascii	"\216\302W<\012=\367\207\327\371\373\214\302:\026\205"
 239      0A3DF787 
 239      D7F9FB8C 
 239      C23A1685 
 240 0739 6C57140E 		.ascii	"lW\024\016\347\265o\362W\323t\247\246G\226%\035EA\226"
 240      E7B56FF2 
 240      57D374A7 
 240      A6479625 
 240      1D454196 
 241 074d 4A22CB33 		.ascii	"J\"\3133\010\353Y\020\276\337\352\\3\212\034\341A\360"
 241      08EB5910 
 241      BEDFEA5C 
 241      338A1CE1 
 241      41F0
 242 075f C6EF878C 		.ascii	"\306\357\207\214\2363\340\316\\.\347\267\271\245{c0"
 242      9E33E0CE 
 242      5C2EE7B7 
 242      B9A57B63 
 242      30
 243 0770 9BA48B33 		.ascii	"\233\244\2133\217O\236\311\336ZO|\222\336\310Hop\221"
 243      8F4F9EC9 
 243      DE5A4F7C 
 243      92DEC848 
 243      6F7091
 244 0783 7E70BE77 		.ascii	"~p\276w\227\037\222\356\342q[\356\254[.o\006\006\203"
ARM GAS  C:\Users\CYIRKO~1\AppData\Local\Temp\ccZB1lOa.s 			page 19


 244      971F92EE 
 244      E2715BEE 
 244      AC5B2E6F 
 244      060683
 245 0796 1C95750E 		.ascii	"\034\225u\016eM\03761\266\003\271\362\032=9\307\331"
 245      654D1F36 
 245      31B603B9 
 245      F21A3D39 
 245      C7D9
 246 07a8 36B7A697 		.ascii	"6\267\246\227)\233b \335\204\257}u,\200o\212-\214c\343"
 246      299B6220 
 246      DD84AF7D 
 246      752C806F 
 246      8A2D8C63 
 247 07bd C36C895C 		.ascii	"\303l\211\\\345\330\247}\347\236\0329V\242\216\246\225"
 247      E5D8A77D 
 247      E79E1A39 
 247      56A28EA6 
 247      95
 248 07ce 76EA     		.ascii	"v\352"
 249 07d0 E9CF1659 		.ascii	"\351\317\026YYD8\257\256\241-\"\346\0137\015(\024\371"
 249      594438AF 
 249      AEA12D22 
 249      E60B370D 
 249      2814F9
 250 07e3 8FA3A1CA 		.ascii	"\217\243\241\312a#\271\3054\351\272\012\373\357\372"
 250      6123B9C5 
 250      34E9BA0A 
 250      FBEFFA
 251 07f2 81691C80 		.ascii	"\201i\034\200\204m\233\3537-\206\026C\266U\241\213W"
 251      846D9BEB 
 251      372D8616 
 251      43B655A1 
 251      8B57
 252 0804 AE8CEAFB 		.ascii	"\256\214\352\373\376C\247\371\341\275\257@&c\005\230"
 252      FE43A7F9 
 252      E1BDAF40 
 252      26630598 
 253 0814 3A0EA660 		.ascii	":\016\246`\025m\303*\332\301\354\024\211\343`;\032\312"
 253      156DC32A 
 253      DAC1EC14 
 253      89E3603B 
 253      1ACA
 254 0826 C59D82CE 		.ascii	"\305\235\202\316\240\301\326\225\203\355\272\220Le\207"
 254      A0C1D695 
 254      83EDBA90 
 254      4C6587
 255 0835 0803A67B 		.ascii	"\010\003\246{3\342\362E\312\257X\014q\261\244\350\314"
 255      33E2F245 
 255      CAAF580C 
 255      71B1A4E8 
 255      CC
 256 0846 C6CD7901 		.ascii	"\306\315y\001\222bc\361\317\332@tM\353@E\220Vw\311\317"
 256      926263F1 
 256      CFDA4074 
 256      4DEB4045 
 256      905677C9 
ARM GAS  C:\Users\CYIRKO~1\AppData\Local\Temp\ccZB1lOa.s 			page 20


 257 085b E95E9497 		.ascii	"\351^\224\227\277\211\214/\224\317U\261\332Z\326\235"
 257      BF898C2F 
 257      94CF55B1 
 257      DA5AD69D 
 258 086b 2EA77E89 		.ascii	".\247~\211\333\340N1\004\0120M\270\3245\302_\343\314"
 258      DBE04E31 
 258      040A304D 
 258      B8D435C2 
 258      5FE3CC
 259 087e C7F8EB62 		.ascii	"\307\370\353b\2278\236\256\357\332\223y@zy\0022\033"
 259      97389EAE 
 259      EFDA9379 
 259      407A7902 
 259      321B
 260 0890 3AFFE633 		.ascii	":\377\3463\340{\\\001\317\347\034S\037\026\336\015\362"
 260      E07B5C01 
 260      CFE71C53 
 260      1F16DE0D 
 260      F2
 261 08a1 F45FDDAD 		.ascii	"\364_\335\255K\031\307=.\216\315\371\267j\215\236\036"
 261      4B19C73D 
 261      2E8ECDF9 
 261      B76A8D9E 
 261      1E
 262 08b2 F9442FDF 		.ascii	"\371D/\337]W&*\036]\17715\277*5\014\366*\336\340\276"
 262      5D57262A 
 262      1E5D7F31 
 262      35BF2A35 
 262      0CF62ADE 
 263 08c8 A011DCAD 		.ascii	"\240\021\334\255x\263\217ys\362D\365%\242\335wi\245"
 263      78B38F79 
 263      73F244F5 
 263      25A2DD77 
 263      69A5
 264 08da AA2E7CC3 		.ascii	"\252.|\303\367]\332#\370\353\013\355\251\0062\254\324"
 264      F75DDA23 
 264      F8EB0BED 
 264      A90632AC 
 264      D4
 265 08eb 5E7BEA33 		.ascii	"^{\3523\345 \036L\377\213q\247\265P\251\323>\366\323"
 265      E5201E4C 
 265      FF8B71A7 
 265      B550A9D3 
 265      3EF6D3
 266 08fe F6BBB21A 		.ascii	"\366\273\262\032\345\237\034A8|V\333\327\034\3443R\207"
 266      E59F1C41 
 266      387C56DB 
 266      D71CE433 
 266      5287
 267 0910 5D913AC4 		.ascii	"]\221:\304#\265\252\271#-\3003R\0071!\007XB\312\230"
 267      23B5AAB9 
 267      232DC033 
 267      52073121 
 267      075842CA 
 268 0925 EF875DBE 		.ascii	"\357\207]\276\327^L\277B<#\345\023\375\355\205}\325"
 268      D75E4CBF 
 268      423C23E5 
ARM GAS  C:\Users\CYIRKO~1\AppData\Local\Temp\ccZB1lOa.s 			page 21


 268      13FDED85 
 268      7DD5
 269 0937 7A25526D 		.ascii	"z%Rm/\363H\035Q\"\205\233\207Fp\277\022\251rq\274 -"
 269      2FF3481D 
 269      5122859B 
 269      874670BF 
 269      12A97271 
 270 094e 8C4D345B 		.ascii	"\214M4[c\343\337M\261\033>\370\353'a\357EF\012\272\005"
 270      63E3DF4D 
 270      B11B3EF8 
 270      EB2761EF 
 270      45460ABA 
 271 0963 B1F67F4A 		.ascii	"\261\366\177J\026KJB\222cj\224\3051\317\372fL\334\374"
 271      164B4A42 
 271      92636A94 
 271      C531CFFA 
 271      664CDCFC 
 272 0977 84B90976 		.ascii	"\204\271\011vGJ|\202-\306a\263%\332c>OJ\011cOa\261\311"
 272      474A7C82 
 272      2DC661B3 
 272      25DA633E 
 272      4F4A0963 
 273 098f 0BC2AC0B 		.ascii	"\013\302\254\013\346Z\343\343\255\3611\257M\236\032"
 273      E65AE3E3 
 273      ADF131AF 
 273      4D9E1A
 274 099e 163525F2 		.ascii	"\0265%\362\365\177E\306\340\374\244$[\222u\2225vnBL"
 274      F57F45C6 
 274      E0FCA424 
 274      5B927592 
 274      35766E42 
 275 09b3 42525C62 		.ascii	"BR\\bJ\2745fA,\352J\262\306X\342\255\363bS\022\035\026"
 275      4ABC3566 
 275      412CEA4A 
 275      B2C658E2 
 275      ADF36253 
 276 09ca C7170BAD 		.ascii	"\307\027\013\255\366\311\363\005\203\313\336?~U{\366"
 276      F6C9F305 
 276      83CBDE3F 
 276      7E557BF6 
 277 09da 2FEC3116 		.ascii	"/\3541\026\273#\036\225\243\021c\202m\241-\331A=\264"
 277      BB231E95 
 277      A3116382 
 277      6DA12DD9 
 277      413DB4
 278 09ed 38DE9FF1 		.ascii	"8\336\237\361f\314{\324\320\034n\210\031\265\331#_\177"
 278      66CC7BD4 
 278      D01C6E88 
 278      19B5D923 
 278      5F7F
 279 09ff 2DC2668F 		.ascii	"-\302f\217\230\037\233\030A\261\366\2109\037\317\232"
 279      981F9B18 
 279      41B1F688 
 279      391FCF9A 
 280 0a0f 1A153173 		.ascii	"\032\0251s\346\364\210\017f\177\024\375\357(\372\312"
 280      E6F4880F 
 280      667F14FD 
ARM GAS  C:\Users\CYIRKO~1\AppData\Local\Temp\ccZB1lOa.s 			page 22


 280      EF28FACA 
 281 0a1f 8281B324 		.ascii	"\202\201\263$&\306\243N?\212J\210\327\375\371}\363\207"
 281      26C6A34E 
 281      3F8A4A88 
 281      D7FDF97D 
 281      F387
 282 0a31 F4365337 		.ascii	"\3646S7\363\275\277\230u\357\3161\233\3413\370P\037"
 282      F3BDBF98 
 282      75EFCE31 
 282      9BE133F8 
 282      501F
 283 0a43 97688D4D 		.ascii	"\227h\215MV\342\031\371\232\305ap=\020\273\325A\242"
 283      56E219F9 
 283      9AC56170 
 283      3D10BBD5 
 283      41A2
 284 0a55 A79BC947 		.ascii	"\247\233\311G\323\315\372\331\237\314\236n\366\217\236"
 284      D3CDFAD9 
 284      9FCC9E6E 
 284      F68F9E
 285 0a64 337BC68C 		.ascii	"3{\306\214\351f\277\350\217\377>{\206Y?+z\372\0143y"
 285      E966BFE8 
 285      8FFF3E7B 
 285      86593F2B 
 285      7AFA0C33 
 286 0a79 D76C36DA 		.ascii	"\327l6\332\035\01306\237/L\260Y\034\022w\"!\336\342"
 286      1D0B3036 
 286      9F2F4CB0 
 286      591C1277 
 286      2221DEE2 
 287 0a8d F0B3CD9B 		.ascii	"\360\263\315\233\207Z\214T\245e^\254\335\361\206\305"
 287      875A8C54 
 287      A5655EAC 
 287      DDF186C5 
 288 0a9d F1E9AF1B 		.ascii	"\361\351\257\033?W\350\246\376b\264\024\021WxPF\377"
 288      3F57E8A6 
 288      FE62B414 
 288      11577850 
 288      46FF
 289 0aaf 51345656 		.ascii	"Q4VV\304/J\332\223\343\334RqB v\237%'8\254(\033\204"
 289      C42F4ADA 
 289      93E3DC52 
 289      71422076 
 289      9F252738 
 290 0ac7 CF73AC0E 		.ascii	"\317s\254\016|\232e\213\267\032\022l\013\260\2638~\343"
 290      7C9A658B 
 290      B71A126C 
 290      0BB0B338 
 290      7EE3
 291 0ad9 8ABF05BD 		.ascii	"\212\277\005\275\377<\331\226\262\220\316\007Y,\363"
 291      FF3CD996 
 291      B290CE07 
 291      592CF3
 292 0ae8 5292E22C 		.ascii	"R\222\342,\226\311oL\371\323\253\006\327H\0277?6Y\373"
 292      96C96F4C 
 292      F9D3AB06 
 292      D7481737 
ARM GAS  C:\Users\CYIRKO~1\AppData\Local\Temp\ccZB1lOa.s 			page 23


 292      3F3659FB 
 293 0afc EED529CF 		.ascii	"\356\325)\317\215^\375/+\370_\032"
 293      8D5EFD2F 
 293      2BF85F1A 
 294              		.text
 295              		.section	.gnu.lto_.symtab.5638c099,"",%progbits
 296 0000 70616C52 		.ascii	"palReadBus\000"
 296      65616442 
 296      757300
 297 000b 00       		.ascii	"\000"
 298 000c 00       		.ascii	"\000"
 299 000d 00       		.ascii	"\000"
 300 000e 00000000 		.ascii	"\000\000\000\000\000\000\000\000"
 300      00000000 
 301 0016 0B010000 		.ascii	"\013\001\000\000"
 302 001a 70616C57 		.ascii	"palWriteBus\000"
 302      72697465 
 302      42757300 
 303 0026 00       		.ascii	"\000"
 304 0027 00       		.ascii	"\000"
 305 0028 00       		.ascii	"\000"
 306 0029 00000000 		.ascii	"\000\000\000\000\000\000\000\000"
 306      00000000 
 307 0031 10010000 		.ascii	"\020\001\000\000"
 308 0035 70616C53 		.ascii	"palSetBusMode\000"
 308      65744275 
 308      734D6F64 
 308      6500
 309 0043 00       		.ascii	"\000"
 310 0044 00       		.ascii	"\000"
 311 0045 00       		.ascii	"\000"
 312 0046 00000000 		.ascii	"\000\000\000\000\000\000\000\000"
 312      00000000 
 313 004e 18010000 		.ascii	"\030\001\000\000"
 314 0052 5F70616C 		.ascii	"_pal_lld_setgroupmode\000"
 314      5F6C6C64 
 314      5F736574 
 314      67726F75 
 314      706D6F64 
 315 0068 00       		.ascii	"\000"
 316 0069 02       		.ascii	"\002"
 317 006a 00       		.ascii	"\000"
 318 006b 00000000 		.ascii	"\000\000\000\000\000\000\000\000"
 318      00000000 
 319 0073 1E010000 		.ascii	"\036\001\000\000"
 320              		.text
 321              		.section	.gnu.lto_.opts,"",%progbits
 322 0000 272D666D 		.ascii	"'-fmath-errno' '-fsigned-zeros' '-ftrapping-math' '"
 322      6174682D 
 322      6572726E 
 322      6F272027 
 322      2D667369 
 323 0033 2D666E6F 		.ascii	"-fno-trapv' '-fno-openmp' '-fno-openacc' '-mcpu=cor"
 323      2D747261 
 323      70762720 
 323      272D666E 
 323      6F2D6F70 
ARM GAS  C:\Users\CYIRKO~1\AppData\Local\Temp\ccZB1lOa.s 			page 24


 324 0066 7465782D 		.ascii	"tex-m7' '-mno-thumb-interwork' '-mthumb' '-ggdb' '-"
 324      6D372720 
 324      272D6D6E 
 324      6F2D7468 
 324      756D622D 
 325 0099 4F322720 		.ascii	"O2' '-fomit-frame-pointer' '-falign-functions=16' '"
 325      272D666F 
 325      6D69742D 
 325      6672616D 
 325      652D706F 
 326 00cc 2D666675 		.ascii	"-ffunction-sections' '-fdata-sections' '-fno-common"
 326      6E637469 
 326      6F6E2D73 
 326      65637469 
 326      6F6E7327 
 327 00ff 2720272D 		.ascii	"' '-flto'\000"
 327      666C746F 
 327      2700
 328              		.text
 329              		.comm	__gnu_lto_v1,1,1
 330              		.comm	__gnu_lto_slim,1,1
 331              		.ident	"GCC: (GNU Tools for ARM Embedded Processors 6-2017-q1-update) 6.3.1 20170215 (release) [AR
ARM GAS  C:\Users\CYIRKO~1\AppData\Local\Temp\ccZB1lOa.s 			page 25


DEFINED SYMBOLS
                            *ABS*:00000000 hal_pal.c
                            *COM*:00000001 __gnu_lto_v1
                            *COM*:00000001 __gnu_lto_slim

NO UNDEFINED SYMBOLS
