ARM GAS  C:\Users\CYIRKO~1\AppData\Local\Temp\ccE46biy.s 			page 1


   1              		.cpu cortex-m7
   2              		.eabi_attribute 20, 1
   3              		.eabi_attribute 21, 1
   4              		.eabi_attribute 23, 3
   5              		.eabi_attribute 24, 1
   6              		.eabi_attribute 25, 1
   7              		.eabi_attribute 26, 1
   8              		.eabi_attribute 30, 2
   9              		.eabi_attribute 34, 1
  10              		.eabi_attribute 18, 4
  11              		.file	"hal_lld.c"
  12              		.text
  13              	.Ltext0:
  14              		.section	.gnu.lto_.profile.5638dd91,"",%progbits
  15 0000 789C6365 		.ascii	"x\234ce`b`e```dhb\314\005\000\002\213\000\376"
  15      60626065 
  15      60606064 
  15      6862CC05 
  15      00028B00 
  16              		.text
  17              		.section	.gnu.lto_.icf.5638dd91,"",%progbits
  18 0000 789C6365 		.ascii	"x\234ce`b\220b@\000\026\206\177\007\177_\342`\374\371"
  18      60629062 
  18      40001686 
  18      7F077F5F 
  18      E260FCF9 
  19 0014 E4C94D46 		.ascii	"\344\311MF\246\035\255\307\27601\237\336|\1777+\003"
  19      A61DADC7 
  19      BE30319F 
  19      DE7C7F37 
  19      2B03
  20 0026 00BEBF0D 		.ascii	"\000\276\277\015q"
  20      71
  21              		.text
  22              		.section	.gnu.lto_.jmpfuncs.5638dd91,"",%progbits
  23 0000 789C6365 		.ascii	"x\234ce`b\340e@\000f f\0041\230\200\030\000\002a\000"
  23      6062E065 
  23      40006620 
  23      66043198 
  23      80180002 
  24 0016 1B       		.ascii	"\033"
  25              		.text
  26              		.section	.gnu.lto_.inline.5638dd91,"",%progbits
  27 0000 789C6365 		.ascii	"x\234ce`b\360f@\000f\006\0061[F\006&\265\216\031\354"
  27      6062F066 
  27      40006606 
  27      06315B46 
  27      0626B58E 
  28 0016 0C6C0BE4 		.ascii	"\014l\013\344\231@\202\214\014B\312@1\251\011\247\031"
  28      9940828C 
  28      0C42CA40 
  28      31A909A7 
  28      19
  29 0027 11625C30 		.ascii	"\021b\\0\202\211\3414C\0373P~\002\343\201%\006p\005"
  29      8289E134 
  29      431F3350 
  29      7E02E381 
ARM GAS  C:\Users\CYIRKO~1\AppData\Local\Temp\ccE46biy.s 			page 2


  29      25067005 
  30 003b 0C00695D 		.ascii	"\014\000i]\011\231"
  30      0999
  31              		.text
  32              		.section	.gnu.lto_.pureconst.5638dd91,"",%progbits
  33 0000 789C6365 		.ascii	"x\234ce`b`g```f\220b\224b\222\002\000\001\310\000c"
  33      60626067 
  33      60606066 
  33      90629462 
  33      92020001 
  34              		.text
  35              		.section	.gnu.lto_hal_lld_backup_domain_init.5638dd91,"",%progbits
  36 0000 789C9D94 		.ascii	"x\234\235\224MHTQ\024\307\317\271\367}8\243\343H\020"
  36      4D485451 
  36      14C7CFB9 
  36      F77D38A3 
  36      E34810
  37 0013 14B868EB 		.ascii	"\024\270h\353\246G_*-\002\221j\325\312\226\202\244."
  37      A6475F2A 
  37      2D02916A 
  37      D5CA9682 
  37      A42E
  38 0025 14848934 		.ascii	"\024\204\2114p\347\235\032?pB\333\344Xdo\"\304\264t"
  38      70E79D1A 
  38      3F7042DB 
  38      E458646F 
  38      22C4B474 
  39 0039 B2EC63B4 		.ascii	"\262\354c\264r\232\321,\020\215\240\205%$!\242T 5`\242"
  39      729AD12C 
  39      108DA085 
  39      252421A2 
  39      54203560 
  40 004e 39DDFBEE 		.ascii	"9\335\373\356\033_\270\251\361\301\234\367\336}\207"
  40      1B5FB8A9 
  40      F1C19CF7 
  40      DE7D87
  41 005d F3FBFFCF 		.ascii	"\363\373\377\317=wT P\240\002\224\002@\005\377a\026"
  41      3D775420 
  41      50A00294 
  41      024005FF 
  41      6116
  42 006f 20B93A03 		.ascii	" \271:\003\340\317\"\204\206\213\201\271\225\325\275"
  42      E0CF2284 
  42      868B81B9 
  42      95D5BD
  43 007e C072282A 		.ascii	"\300r(*rYAU>\250D\2772\005<A\013\350<A\227\353%\032"
  43      72594155 
  43      3EA844BF 
  43      32053C41 
  43      0BE83C41 
  44 0096 A2B8B32C 		.ascii	"\242\270\263,\204&B\025U\327\260\211p\202uu\322\020"
  44      84264215 
  44      55D7B089 
  44      70827575 
  44      D210
  45 00a8 C578EB52 		.ascii	"\305x\353R\224\024\3641~\305B\363\307\374\254y\237I"
  45      9414F431 
ARM GAS  C:\Users\CYIRKO~1\AppData\Local\Temp\ccE46biy.s 			page 3


  45      7EC542F3 
  45      C7FCAC79 
  45      9F49
  46 00ba 01AE5399 		.ascii	"\001\256S\231\203}X\000<\355\313\360\3265\217\246\310"
  46      837D5800 
  46      3CEDCBF0 
  46      D6358FA6 
  46      C8
  47 00cb 75BC8B1A 		.ascii	"u\274\213\032\362{\344=\306\330V\252\225\305\222\275"
  47      F27BE43D 
  47      C6D856AA 
  47      95C592BD 
  48 00db 183ABD87 		.ascii	"\030:\275\207\202\311\225\211\240\211\240\213\340\026"
  48      82C99589 
  48      A089A08B 
  48      E016
  49 00e9 215B048F 		.ascii	"![\004\217\010\271\"xE\310\023\001\240\235\027\344\222"
  49      08B92278 
  49      45C81301 
  49      A09D17E4 
  49      92
  50 00fa 8394F01B 		.ascii	"\203\224\360\033]\301\370\350\312z\261\000\364P!\257"
  50      5DC1F8E8 
  50      CA7AB100 
  50      F45021AF 
  51 010a AB393EAB 		.ascii	"\2539>\253wP\223\022\0242n\377\016\014\271\344+[\360"
  51      77509312 
  51      14326EFF 
  51      0E0CB9E4 
  51      2B5BF0
  52 011d 33852FDD 		.ascii	"3\205/\335\232\236\237p\233\330\343\347\016\016\230"
  52      9A9E9F70 
  52      9BD8E3E7 
  52      0E0E98
  53 012c 94E200E6 		.ascii	"\224\342\000\346c?\346\203\310\237\231mO\352\306 \013"
  53      633FE683 
  53      C89F996D 
  53      4FEAC620 
  53      0B
  54 013d A04915BC 		.ascii	"\240I\025\274\207&v[\306\360>\032\260\202\227\177\265"
  54      8726765B 
  54      C6F03E1A 
  54      B082977F 
  54      B5
  55 014e A0642912 		.ascii	"\240d)\0227\264<~\323-\352#2\202\203\274\012W\324\345"
  55      37B43C7E 
  55      D32DEA23 
  55      328283BC 
  55      0A57D4E5 
  56 0162 123999A1 		.ascii	"\0229\231\241\206\034T\004\015^\037,k\233\205\022\247"
  56      861C5404 
  56      0D5E1F2C 
  56      6B9B8512 
  56      A7
  57 0173 FD6D4DB5 		.ascii	"\375mM\265\254\005z&\227\\\362\225\255\266Y\326\276"
  57      AC057A26 
  57      975CF295 
ARM GAS  C:\Users\CYIRKO~1\AppData\Local\Temp\ccE46biy.s 			page 4


  57      ADB659D6 
  57      BE
  58 0184 7EDE88AA 		.ascii	"~\336\210\252\016O\303a\316{`\363~t\275[\310\021<\277"
  58      0E4FC361 
  58      CE7B60F3 
  58      7E74BD5B 
  58      C8113CBF 
  59 0198 F8A6E043 		.ascii	"\370\246\340C\213(\266\005\037Is\233-\375\252\304\351"
  59      8B28B605 
  59      1F49739B 
  59      2DFDAAC4 
  59      E9
  60 01a9 92B8D8BB 		.ascii	"\222\270\330\273\030v\331\3564\034\341\205\0261\360"
  60      1876D9EE 
  60      341CE185 
  60      1631F0
  61 01b8 2971D44E 		.ascii	")q\324N\262\374\212+H)\264\251b3\222\313['l\363\177"
  61      B2FC8A2B 
  61      4829B4A9 
  61      623392CB 
  61      5B276CF3 
  62 01cd 8B0957C2 		.ascii	"\213\011W\302\277\344<v\344<A\203'\014\254\231?\025"
  62      BFE43C76 
  62      E43C4183 
  62      270CAC99 
  62      3F15
  63 01df 01579031 		.ascii	"\001W\2201\005\237\312\336&\227S\273\004<s\000Q\013"
  63      059FCADE 
  63      269753BB 
  63      043C7300 
  63      510B
  64 01f1 B0DD4F05 		.ascii	"\260\335O\005\001G-+A\336\367\364Tu\337\321\245O\367"
  64      01472D2B 
  64      41DEF7F4 
  64      5475DFD1 
  64      A54FF7
  65 0204 7F77D6DA 		.ascii	"\177w\326\332\3111\207\363|\307\320d\313b\311\320\364"
  65      C93187F3 
  65      7CC7D064 
  65      CB62C9D0 
  65      F4
  66 0215 9C57B675 		.ascii	"\234W\266u?\276\33013\031\220^:\244q13\331\226\003\025"
  66      3FBED831 
  66      3319905E 
  66      3AA47131 
  66      33D99603 
  67 022a F8099616 		.ascii	"\370\011\226\026n$l\013\236L\207#\346\224~\225\036\216"
  67      6E246C0B 
  67      9E4C8723 
  67      E6947E95 
  67      1E8E
  68 023c 397B3872 		.ascii	"9{8re\275\311\324Z\314vA0.g\343cb\332\266\232\3133\""
  68      65BDC9D4 
  68      5ACC7641 
  68      302E67E3 
  68      6362DAB6 
  69 0254 DFA2EB1E 		.ascii	"\337\242\353\036\231\001\230\260g\245\235\352\300\377"
ARM GAS  C:\Users\CYIRKO~1\AppData\Local\Temp\ccE46biy.s 			page 5


  69      990198B0 
  69      67A59DEA 
  69      C0FF
  70 0262 793048B5 		.ascii	"y0H\265\355V\277M\267\332\233\331\241\231\260T\022\241"
  70      ED56BF4D 
  70      B7DA9BD9 
  70      A199B054 
  70      12A1
  71 0274 7232ADD2 		.ascii	"r2\255\322\346\347\311b#\235c\037l\011\251\215T\312"
  71      E6E7C962 
  71      239D631F 
  71      6C09A98D 
  71      54CA
  72 0286 8BAF777F 		.ascii	"\213\257w\177D\247\034\332\033\321\356<\370\216\227"
  72      44A71CDA 
  72      1BD1EE3C 
  72      F88E97
  73 0295 C2910E8B 		.ascii	"\302\221\016\213h{C\356\211g\224\234<^^ZS[Y[\326p\261"
  73      687B43EE 
  73      8967949C 
  73      3C5E5E5A 
  73      535B595B 
  74 02ac BAD6575E 		.ascii	"\272\326W^%\236}\365\207\212\012\015_\275Qs\256\316"
  74      259E7DF5 
  74      878A0A0D 
  74      5FBD5173 
  74      AECE
  75 02be 38EFBBD0 		.ascii	"8\357\273\320Po\224\235=s\344\260\214\247\212\032\033"
  75      506F949D 
  75      3D73E4B0 
  75      8CA78A1A 
  75      1B
  76 02cf C5978ABA 		.ascii	"\305\227\212\272\272\352\203U\360\007\347G\276{"
  76      BAEA8355 
  76      F007E747 
  76      BE7B
  77              		.text
  78              		.section	.gnu.lto_hal_lld_init.5638dd91,"",%progbits
  79 0000 789CA594 		.ascii	"x\234\245\224Kh\023Q\024\206\317\177\357$\231@\264\270"
  79      4B681351 
  79      1486CF7F 
  79      EF249940 
  79      B4B8
  80 0012 13ECC26D 		.ascii	"\023\354\302m7\016*Xp'E\027\202\253\272,\210\246\213"
  80      370E2A58 
  80      70274517 
  80      82ABBA2C 
  80      88A68B
  81 0025 06021153 		.ascii	"\006\002\021S\241\273L\354K*>6M\355\"L\301E\215\265"
  81      A1BB4CEC 
  81      4B2A3E36 
  81      4DED224C 
  81      C1458DB5 
  82 0039 D6FA9ED4 		.ascii	"\326\372\236\324G\032\255\272\020\025\351NJ\305E\241"
  82      471AADBA 
  82      1015E94E 
  82      4AC545A1 
ARM GAS  C:\Users\CYIRKO~1\AppData\Local\Temp\ccE46biy.s 			page 6


  83 0049 D4372E2A 		.ascii	"\3247.*\222\326sfB\247\033\027\223^\270g\036\367\334"
  83      92D67366 
  83      42A71B17 
  83      935EB867 
  83      1EF7DC
  84 005c EF9CF39F 		.ascii	"\357\234\363\237\231\033!E\363\006Q\033\021\355\342"
  84      991B2145 
  84      F306511B 
  84      11EDE2
  85 006b 094D5057 		.ascii	"\011MPW\336\022\345M\005\310\215m\202r\0129\\\326#\032"
  85      DE12E54D 
  85      05C88D6D 
  85      82720A39 
  85      5CD6231A 
  86 007f D5C12557 		.ascii	"\325\301%W\265\214\333<*#\363\261\001\273\177\247\243"
  86      B58CDB3C 
  86      2A23F3B1 
  86      01BB7FA7 
  86      A3
  87 0090 894679CA 		.ascii	"\211Fy\312\3008Z\210\335>O\257\015o\213\032\376{\\G"
  87      C0385A88 
  87      DD3E4FAF 
  87      0D6F8B1A 
  87      FE7B5C47 
  88 00a4 147C9DFA 		.ascii	"\024|\235\372\200\212\275\266>hW\336\\\303\302\321\035"
  88      808ABDB6 
  88      3E6857DE 
  88      5CC3C2D1 
  88      1D
  89 00b5 8A1C8D88 		.ascii	"\212\034\215\210\030SL\\LB\014\321\020\357\223\340\027"
  89      18534C5C 
  89      4C420CD1 
  89      10EF93E0 
  89      17
  90 00c6 B492AB5E 		.ascii	"\264\222\253^F\265\274\374-)\244\242V\034\240\320_}"
  90      46B5BCFC 
  90      2D29A4A2 
  90      561CA0D0 
  90      5F7D
  91 00d8 17BBA41D 		.ascii	"\027\273\244\035\255 \361\372\212sKq\377\321\376q\336"
  91      AD20F1FA 
  91      8A734B71 
  91      FFD1FE71 
  91      DE
  92 00e9 36F8D5CA 		.ascii	"6\370\325\312\342_7\342\240\230\347Tw;Z\343\006\232"
  92      E25F37E2 
  92      A098E754 
  92      773B5AE3 
  92      069A
  93 00fb 51423389 		.ascii	"QB3\211\377\257\302\373O\011k\322\356\203\243\015L\300"
  93      FFAFC2FB 
  93      4F096BD2 
  93      EE83A30D 
  93      4CC0
  94 010d C155AF02 		.ascii	"\301U\257\002\334\204E\034\354\267)\241\302Q&\003\312"
  94      DC84451C 
  94      ECB729A1 
ARM GAS  C:\Users\CYIRKO~1\AppData\Local\Temp\ccE46biy.s 			page 7


  94      C2512603 
  94      CA
  95 011e 2D58BCBC 		.ascii	"-X\274\274\360\2724\241%)`\235G\023\246x_xx^\326\014"
  95      F0BA34A1 
  95      2529609D 
  95      4713A678 
  95      5F78785E 
  96 0134 DC0EF0D3 		.ascii	"\334\016\360\323\036~C\002\003\204;>\272\\\372\256}"
  96      1E7E4302 
  96      03843B3E 
  96      BA5CFAAE 
  96      7D
  97 0145 9122E192 		.ascii	"\221\"\341\222\277\353\321\245K\270\327\270\004\367"
  97      BFEBD1A5 
  97      4BB8D7B8 
  97      04F7
  98 0153 03CA0358 		.ascii	"\003\312\003X[\253\367a\300z\304\254\215\002W\353\005"
  98      5BABF761 
  98      C07AC4AC 
  98      8D0257EB 
  98      05
  99 0164 9AE15273 		.ascii	"\232\341Rs=\234\022\\\331+\260wu\000>)\356\303.\326"
  99      3D9C125C 
  99      D92BB077 
  99      75003E29 
  99      EEC32ED6 
 100 0178 166737B5 		.ascii	"\026g7\265k;f\374\220\205xx!\036\007\321\236\300\342"
 100      6B3B66FC 
 100      90857878 
 100      211E07D1 
 100      9EC0E2
 101 018b 108DEBF0 		.ascii	"\020\215\353\3604@=\333\254\303\237\272\016\211p\231"
 101      34403DDB 
 101      ACC39FBA 
 101      0E897099 
 102 019b 553C9CF7 		.ascii	"U<\234\367[\3166\336\350j@y\276\325F\277\010Xs\365\002"
 102      5BCE36DE 
 102      E86A4079 
 102      BED546BF 
 102      085873F5 
 103 01b0 57D03BF6 		.ascii	"W\320;\366\263I`\262\301u\277|\214\345j\266\351\350"
 103      B34960B2 
 103      C175BF7C 
 103      8CE56AB6 
 103      E9E8
 104 01c2 C8A87C11 		.ascii	"\310\250|\021x\211\034\237\023Q\317\257\366\037?V\014"
 104      78891C9F 
 104      1351CFAF 
 104      F61F3F56 
 104      0C
 105 01d3 AFEA7E5F 		.ascii	"\257\352~_qnlf\330k\267wL\0151\205\217\025v9t\370`G"
 105      716E6C66 
 105      D86BB777 
 105      4C0D3185 
 105      8F157639 
 106 01eb 5B57EA54 		.ascii	"[W\352T\252\275\373lg*\323\221\224\373Lvo\353\001+\223"
 106      AABDFB6C 
ARM GAS  C:\Users\CYIRKO~1\AppData\Local\Temp\ccE46biy.s 			page 8


 106      672AD391 
 106      94FB4C76 
 106      6FEB012B 
 107 0200 B5BA4EA6 		.ascii	"\265\272N\246\255\323\2313\335Y\253\375\370\261\375"
 107      ADD39933 
 107      DD59ABFD 
 107      F8B1FD
 108 020f FB7C7BA4 		.ascii	"\373|{\244\265\247GVN\244\323\235{\222\364\017k\330"
 108      B5A74756 
 108      4EA4D39D 
 108      7B92F40F 
 108      6BD8
 109 0221 A4FE     		.ascii	"\244\376"
 110              		.text
 111              		.section	.gnu.lto_stm32_clock_init.5638dd91,"",%progbits
 112 0000 789CA558 		.ascii	"x\234\245X[P\024G\024\235;\263\317aaY\236\013(R*\245"
 112      5B501447 
 112      149D3BB3 
 112      CF616159 
 112      9E0B2852 
 113 0016 F89155D1 		.ascii	"\370\221U\321`\371\267\225\307W\362e>S\225\212X\211"
 113      60F9B795 
 113      C757F265 
 113      3E53958A 
 113      5889
 114 0028 54AC22A5 		.ascii	"T\254\"\245&\345\237\003.\017\201\2501F\215\025\\S\306"
 114      26E59F03 
 114      2E0F81A8 
 114      31468D15 
 114      5C53C6
 115 003b 28098246 		.ascii	"(\011\202FcD\215\022\224\360\020E\015I\020\215\030\224"
 115      63448D12 
 115      94F01045 
 115      0D49108D 
 115      1894
 116 004d C7C6B721 		.ascii	"\307\306\267!>@!}\273{\266\3271)\235\315~\334\336\355"
 116      3E40217D 
 116      BB7BB6D7 
 116      31299DCD 
 116      7EDCDEED 
 117 0061 3B73EEB9 		.ascii	";s\356\271\347\336\356\236Y\253$K\007<\222\364\232$"
 117      E7DEEE9E 
 117      59AB244B 
 117      073C92F4 
 117      9A24
 118 0073 494B4192 		.ascii	"IKA\222 C\002y\335iI*r\310\240\260/\212\234^\325\"I"
 118      20430279 
 118      DD69492A 
 118      72C8A0B0 
 118      2F8A9C5E 
 119 008a 9A6A09D8 		.ascii	"\232j\011\330%\315\225\316\346\375\026\2602\277UNc~"
 119      25CD95CE 
 119      E6FD16B0 
 119      32BF554E 
 119      637E
 120 009c 1BF5A7B1 		.ascii	"\033\365\247\261y\277\015\354\314o\227\275\314\357\240"
 120      79BF0DEC 
ARM GAS  C:\Users\CYIRKO~1\AppData\Local\Temp\ccE46biy.s 			page 9


 120      CC6F97BD 
 120      CCEFA0
 121 00ab 7E2F9BF7 		.ascii	"~/\233\367;\300\311\374N9\225\371U\352Oe\363~\025b\230"
 121      3BC0C9FC 
 121      4E3995F9 
 121      55EA4F65 
 121      F37E1562 
 122 00c0 3F464E61 		.ascii	"?FNa~\027\365\247\260y\277\013b\231?VNf\3768\352Of\363"
 122      7E17F5A7 
 122      B079BF0B 
 122      62993F56 
 122      4E66FE38 
 123 00d8 FE3848C0 		.ascii	"\3768H\300\021\022\344$\346vSw\022\233\366\273!\236"
 123      1112E424 
 123      E6765377 
 123      129BF6BB 
 123      219E
 124 00ea DD1E2F27 		.ascii	"\335\036/'2\277\207\372\023\331\274\337\003\200\243"
 124      32BF87FA 
 124      13D9BCDF 
 124      0380A3
 125 00f9 E60069A5 		.ascii	"\346\000i\245\254\244[\254i6\273\327\341LUcR\\\261\311"
 125      ACA45BAC 
 125      6936BBD7 
 125      E14C5563 
 125      525CB1C9 
 126 010d 710949EE 		.ascii	"q\011I\356\370D\017\254t*\022\373X\371h\347\243\223"
 126      F8440FAC 
 126      742A12FB 
 126      58F968E7 
 126      A393
 127 011f 8F317C8C 		.ascii	"\2171|\214\345c\002\037\343\371\270V\331\244@S\331@"
 127      E563021F 
 127      E3F9B856 
 127      D9A44053 
 127      D940
 128 0131 839CB353 		.ascii	"\203\234\263S#\237\306Mcj\251V\342\015\022\340\3178"
 128      239FC64D 
 128      636AA956 
 128      E20D12E0 
 128      CF38
 129 0143 38EC841C 		.ascii	"8\354\204\034\211\\\326\267w\354\323X\233\205\315\303"
 129      895CD6B7 
 129      77ECD358 
 129      9B85CDC3 
 130 0153 2EB0918A 		.ascii	".\260\221\212I\365\347\240Q\033\033/\323\032\257o\207"
 130      49F5E7A0 
 130      511B1B2F 
 130      D31AAF6F 
 130      87
 131 0164 7D0BE65B 		.ascii	"}\013\346[\244\240\002V4v4\0164N4*\032\027\23284n4\361"
 131      A4A00256 
 131      3476340E 
 131      344E342A 
 131      1A179A38 
 132 017c 683C6892 		.ascii	"h<h\222\320$\243IE\343E\223\216&\003\315D4\231h&\241"
 132      D024A349 
ARM GAS  C:\Users\CYIRKO~1\AppData\Local\Temp\ccE46biy.s 			page 10


 132      45E34593 
 132      8E2603CD 
 132      44349968 
 133 0192 C9423319 		.ascii	"\311B3\031\315\0244S\321d\243\231\206f:\232\03443\320"
 133      CD143453 
 133      D164A399 
 133      86663A9A 
 133      1C3433D0 
 134 01a6 F8D0CC44 		.ascii	"\370\320\314D3\033M.\2329h\346\242\311C3\017\215$U\220"
 134      331B4D2E 
 134      9A3968E6 
 134      A2C94333 
 134      0F8D2455 
 135 01bb BC48112A 		.ascii	"\274H\021*\025\231\014J\010\232\206\207:JTL\224$\277"
 135      15990C4A 
 135      089A8687 
 135      3A4A544C 
 135      9424BF
 136 01ce B1A4A9D3 		.ascii	"\261\244\251\323\276F\011*2\240\026\201\352\346\001"
 136      BE46092A 
 136      32A01681 
 136      EAE601
 137 01dd 27FBA9DD 		.ascii	"'\373\251\335.\327,d\352Z\357h\2035\010\325ED\306m\351"
 137      2ED72C64 
 137      EA5AEF68 
 137      833508D5 
 137      4544C66D 
 138 01f2 414581AF 		.ascii	"AE\201\257a\002\324\300\004\011o\270\273\361\314e\227"
 138      6102D4C0 
 138      04096FB8 
 138      BBF1CC65 
 138      97
 139 0203 6FB71628 		.ascii	"o\267\026(\322\262\202\212\005\276\201 l\246\002C-\370"
 139      D2B2828A 
 139      05BE8120 
 139      6CA60243 
 139      2DF8
 140 0215 C8053DFB 		.ascii	"\310\005=\373\202\251\010h\001\255\\\323\000v\223\033"
 140      82A90868 
 140      01AD5CD3 
 140      0076931B 
 141 0225 29879E12 		.ascii	")\207\236\022\273\221\203\225r\370\342q\240\316\311"
 141      BB918395 
 141      72F8E271 
 141      A0CEC9
 142 0234 7E6A978B 		.ascii	"~j\227\213(\207\255\035\027O\250\021\034lPO8\324q\016"
 142      2887AD1D 
 142      174FA811 
 142      1C6C504F 
 142      38D4710E 
 143 0248 A73B2B86 		.ascii	"\247;+\206\355\021\034\366P\016XE\330K94\327\215\364"
 143      ED111CF6 
 143      500E5845 
 143      D84B3934 
 143      D78DF4
 144 025b 3939094D 		.ascii	"99\011M\201o\031\205C\241K\3756\244P\255\030\363\314"
 144      816F1985 
ARM GAS  C:\Users\CYIRKO~1\AppData\Local\Temp\ccE46biy.s 			page 11


 144      43A14BFD 
 144      36A450AD 
 144      18F3CC
 145 026e FACF3401 		.ascii	"\372\3174\001A\366\321\0002\006\330O\012\021\202U\017"
 145      41F6D100 
 145      3206D84F 
 145      0A118255 
 145      0F
 146 027f 4A812159 		.ascii	"J\201!Y\031\330\376\023-\245\016\214\010\344\363\035"
 146      19D8FE13 
 146      2DA50E8C 
 146      08E4F31D 
 147 028f 8BB7D1C9 		.ascii	"\213\267\321\311\3635\021\351\200\210\364=\370\010<"
 147      F33511E9 
 147      8088F43D 
 147      F8083C
 148 029e F956A928 		.ascii	"\371V\251(\022YD\012M\241\267\337\316\002\333\237\033"
 148      1259440A 
 148      4DA1B7DF 
 148      CE02DB9F 
 148      1B
 149 02af 98AB7450 		.ascii	"\230\253tP@7\260$\036\225\266Y\031\230\203\3415\217"
 149      4037B024 
 149      1E95B659 
 149      199883E1 
 149      358F
 150 02c1 DF6F74B3 		.ascii	"\337ot\263,d8Dp\256B\240\347x\007O\325A\256\250\277"
 150      2C643844 
 150      70AE42A0 
 150      E778074F 
 150      D541AEA8 
 151 02d6 DEF03096 		.ascii	"\336\3600\226]!\301a\214$a\303\245Kd\361C\245b\341\035"
 151      5D21C161 
 151      8C2461C3 
 151      A54B64F1 
 151      43A562E1 
 152 02eb 77287463 		.ascii	"w(tc\007\347\3514'\300\021\312\222\256\314\037t\226"
 152      07E7E934 
 152      27C011CA 
 152      92AECC1F 
 152      7496
 153 02fd 3CBECAC0 		.ascii	"<\276\312\300\216\336+\371\2201x4>>\356\206\243\321"
 153      8EDE2BF9 
 153      90317834 
 153      3E3EEE86 
 153      A3D1
 154 030f AB7D4C04 		.ascii	"\253}L\004kD\265U\332&57\271*.sh?\012\264&J=*N\307\005"
 154      6B44B555 
 154      DA263537 
 154      B92A2E73 
 154      683F0AB4 
 155 032a CA09E4E4 		.ascii	"\312\011\344\344\242\035`\025\035p\253\231+\033g\266"
 155      A21D6015 
 155      1D70AB99 
 155      2B1B67B6 
 156 033a 039A05F4 		.ascii	"\003\232\005\364O\272\266\347y\256n\2067:\264\341<0"
 156      4FBAB6E7 
ARM GAS  C:\Users\CYIRKO~1\AppData\Local\Temp\ccE46biy.s 			page 12


 156      79AE6E86 
 156      373AB4E1 
 156      3C30
 157 034c 755DD0C2 		.ascii	"u]\320\302:\340B\270\003\334\021%O\343%\267\205K>\252"
 157      3AE042B8 
 157      03DC1125 
 157      4FE325B7 
 157      854B3EAA 
 158 0360 AFAE7873 		.ascii	"\257\256xs\031\267\212\306l3\224\334\303\300\352\333"
 158      19B78AC6 
 158      6C3394DC 
 158      C3C0EADB 
 159 0370 4A5A38AB 		.ascii	"JZ8\253\207\000\355\321\027\374\244\010\325\201\342"
 159      8700EDD1 
 159      17FCA408 
 159      D581E2
 160 037f 7AD8D6F4 		.ascii	"z\330\326\364h\207\375_\260\236\275\371\235\022\202"
 160      6887FD5F 
 160      B09EBDF9 
 160      9D1282
 161 038e 9EA61B4F 		.ascii	"\236\246\033Oxg\263\220\345\321\251o;\025\203\\\230"
 161      7867B390 
 161      E5D1A96F 
 161      3B15835C 
 161      98
 162 039f 24736CCF 		.ascii	"$sl\317\010\266g\015\333N2\003\273\333\333[\034\307"
 162      08B6670D 
 162      DB4E3203 
 162      BBDBDB5B 
 162      1CC7
 163 03b1 84D1B424 		.ascii	"\204\321\264$8\027\2752?\213X]\250L2m;\273h\273\265"
 163      3817BD32 
 163      3F8B585D 
 163      A84C326D 
 163      3BBB68BB 
 164 03c6 2DBCED52 		.ascii	"-\274\355R\315\266\335/\002\372W\275\276\015\274\355"
 164      CDB6DD2F 
 164      02FA57BD 
 164      BE0DBCED 
 165 03d6 BC0CEFF8 		.ascii	"\274\014\357\370\326\255\001Y\317\303\001\277\031\267"
 165      D6AD0159 
 165      CFC301BF 
 165      19B7
 166 03e4 1E6F44E3 		.ascii	"\036oD\343yy\3439\302\247[m\231\032U\371\272)1\013\022"
 166      7979E339 
 166      C2A75B6D 
 166      991A55F9 
 166      BA29310B 
 167 03f9 3B4FCB77 		.ascii	";O\313w\2562T\244\260\362\225w\027\265K\320\243\227"
 167      AE3254A4 
 167      B0F29577 
 167      17B54BD0 
 167      A397
 168 040b B04E2F61 		.ascii	"\260N/a\2729Y/\210\334/\032J\230\301\300\316\366\217"
 168      BA39592F 
 168      88DC2F1A 
 168      4A98C1C0 
ARM GAS  C:\Users\CYIRKO~1\AppData\Local\Temp\ccE46biy.s 			page 13


 168      CEF68F
 169 041e 743AF5D4 		.ascii	"t:\365\324I\356\277G_\303K\"X/\3260\203\326\320)j\330"
 169      49EEBF47 
 169      5FC34B22 
 169      582FD630 
 169      83D6D029 
 170 0434 A0D770A2 		.ascii	"\240\327p\242\341\214\315z\326\021{\231B\343i\004\177"
 170      E18CCD7A 
 170      D6117B99 
 170      42E36904 
 170      7F
 171 0445 18B78E4C 		.ascii	"\030\267\216L\206w\241\375`\227]O\004\240\317X\303\314"
 171      8677A1FD 
 171      60975D4F 
 171      04A0CF58 
 171      C3CC
 172 0457 881AA6F2 		.ascii	"\210\032\246\362\032\252\341\315\343X\031\2476\351\271"
 172      1AAAE1CD 
 172      E35819A7 
 172      36E9B9
 173 0466 A9D19CAF 		.ascii	"\251\321\234\257\210\263\377\252A\340,\0066x\263\266"
 173      88B3FFAA 
 173      41E02C06 
 173      3678B3B6 
 174 0476 2ACCCB02 		.ascii	"*\314\313\002\375\006}M\304\032\020\261\006Q\337,\252"
 174      FD067D4D 
 174      C41A10B1 
 174      0651DF2C 
 174      AA
 175 0487 6F8CD0B7 		.ascii	"o\214\320\267u\220'1\331\254\276CB\337\220\256o\210"
 175      75902731 
 175      D9ACBE43 
 175      42DF90AE 
 175      6F88
 176 0499 EB3B85E0 		.ascii	"\353;\205\340Q\332O\3109%B\316\024.\247+,g\273.\347"
 176      51DA4FC8 
 176      392542CE 
 176      142EA72B 
 176      2C67BB2E 
 177 04ae 547329FE 		.ascii	"Ts)\376)R\274f\2203\233\200\321\225\031\245z\327\005"
 177      2952BC66 
 177      90339B80 
 177      D19519A5 
 177      7AD705
 178 04c1 F40D542F 		.ascii	"\364\015T/\233\252\027+\324;\251\2537\315\254z7\205"
 178      9BAA172B 
 178      D43BA9AB 
 178      37CDAC7A 
 178      3785
 179 04d3 7AB78CEA 		.ascii	"z\267\214\352M'xOo(\323#\324K\246\352U(q\250^\245\222"
 179      4D27784F 
 179      6F28D323 
 179      D44BA6EA 
 179      552871A8 
 180 04ea 808C8032 		.ascii	"\200\214\2002\352\326\031\345\230\335\363n\213\245x"
 180      EAD619E5 
 180      98DDF36E 
ARM GAS  C:\Users\CYIRKO~1\AppData\Local\Temp\ccE46biy.s 			page 14


 180      8BA578
 181 04f9 C7F8B035 		.ascii	"\307\370\2605\203\341\235\034\257\272e\015/\374x\270"
 181      83E19D1C 
 181      AFBA650D 
 181      2FFC78B8 
 182 0509 6BE43823 		.ascii	"k\3448#\202c\022\257\260;\274\351U\324Dwf\375%\316\254"
 182      826312AF 
 182      B03BBCE9 
 182      55D44477 
 182      66FD25CE 
 183 051e 61BAE975 		.ascii	"a\272\351u\034\253\217\341\317\312\273\006\002\012\374"
 183      1CAB8FE1 
 183      CFCABB06 
 183      020AFC
 184 052d 4D6EEC87 		.ascii	"Mn\354\207\342m\203_f\342\366\024\330\3639\335\022\355"
 184      E26D835F 
 184      66E2F614 
 184      D8F339DD 
 184      12ED
 185 053f 80CFB977 		.ascii	"\200\317\271wNm\271B\017\034\007d\341\301\334W\331\254"
 185      4E6DB942 
 185      0F1C0764 
 185      E1C1DC57 
 185      D9AC
 186 0551 2A2FD3C7 		.ascii	"*/\323\307\370\235\325]![\366vM+\326\032[\241U\263\004"
 186      F89DD55D 
 186      215BF676 
 186      4D2BD61A 
 186      5BA155B3 
 187 0566 15273C00 		.ascii	"\025'<\000\205\274f\301}B\350\036OF\274\201\221\303"
 187      85BC66C1 
 187      7D42E81E 
 187      4F46BC81 
 187      91C3
 188 0578 3C9BBE80 		.ascii	"<\233\276\200\021.#\3445\214\374\304\020\353\207\272"
 188      112E23E4 
 188      358CFCC4 
 188      10EB87BA 
 189 0588 68442714 		.ascii	"hD'\024[`\2247\\hWH\305\213\214\371.\224\236\225\360"
 189      5B609437 
 189      5C685748 
 189      C58B8CF9 
 189      2E949E95 
 190 059d 239AB00D 		.ascii	"#\232\260\015\023~\014>\035\220\234\0325\321\235\032"
 190      137E0C3E 
 190      1D909C1A 
 190      35D19D1A 
 191 05ad 63140F5F 		.ascii	"c\024\017_Pa\234\340u\352xG\332\236z\277Q\2510C{ZFb"
 191      50619CE0 
 191      75EA7847 
 191      DA9E7ABF 
 191      51A93043 
 192 05c5 D94FED01 		.ascii	"\331O\355\001{\307j\331\254\355U#S\210\201\"y\002h2"
 192      7BC76AD9 
 192      ACED5523 
 192      53888122 
 192      79026832 
ARM GAS  C:\Users\CYIRKO~1\AppData\Local\Temp\ccE46biy.s 			page 15


 193 05d9 0B19B8D7 		.ascii	"\013\031\270\327\262\301\026\021\262X\306\220\016\014"
 193      B2C11611 
 193      B258C690 
 193      0E0C
 194 05e7 B94AC69A 		.ascii	"\271J\306\232\035\274:P\313\213\266\332\006\001\231"
 194      1DBC3A50 
 194      CB8BB6DA 
 194      060199
 195 05f6 9F52AD35 		.ascii	"\237R\2555\274_}\346\016\216\0229\334\023\245\362\223"
 195      BC5F7DE6 
 195      0E8E1239 
 195      DC13A5F2 
 195      93
 196 0607 AB7E2601 		.ascii	"\253~&\001\243\257\002Q\236Ie\002\272\\&\253~&]\365"
 196      A3AF0251 
 196      9E496502 
 196      BA5C26AB 
 196      7E265DF5 
 197 061b F162D5B7 		.ascii	"\361b\325\267\265q\316\263\315\256\261\325\002\272B"
 197      B571CEB3 
 197      CDAEB1D5 
 197      02BA42
 198 062a 369C49B9 		.ascii	"6\234I\271\004\357\351\347\327\\\202\262\345\360p;_"
 198      04EFE9E7 
 198      D75C82B2 
 198      E5F0703B 
 198      5F
 199 063b 760EA894 		.ascii	"v\016\250\224\365\005\226\310\027\230'\274\205v\027"
 199      F50596C8 
 199      179827BC 
 199      857617
 200 064a B09BE698 		.ascii	"\260\233\346\230K\270\212\262\302\377-\340#\203\226"
 200      4BB88AB2 
 200      C2FF2DE0 
 200      238396
 201 0659 7309183D 		.ascii	"s\011\030=\027\243\324r\215\200^\213Z\316\245Uw2\360"
 201      17A3D472 
 201      8D805E8B 
 201      5ACEA555 
 201      7732F0
 202 066c 3C7358EB 		.ascii	"<sX\353(\226\212X\037\033h\316#`\377\207\346z\001\375"
 202      28968A58 
 202      1F1B68CE 
 202      2360FF87 
 202      E67A01FD 
 203 0680 09D29C27 		.ascii	"\011\322\234'\335\300\355\344+`K\235\312\015Df\262;"
 203      DDC0EDE4 
 203      2B604B9D 
 203      CA0D4466 
 203      B23B
 204 0692 FA5F99FF 		.ascii	"\372_\231\377\346K\213\013\026\026,X\376\301\242\202"
 204      E64B8B0B 
 204      16162C58 
 204      FEC1A282 
 205 06a2 C237F3F1 		.ascii	"\3027\363\361{\341\262Yy/\372\012\227\371\026\277\275"
 205      7BE1B259 
 205      792FFA0A 
ARM GAS  C:\Users\CYIRKO~1\AppData\Local\Temp\ccE46biy.s 			page 16


 205      97F916BF 
 205      BD
 206 06b3 C4F77EE1 		.ascii	"\304\367~\341\322\345\313|\013\336x=w6\263\257\346\255"
 206      D2E5CB7C 
 206      0BDE783D 
 206      7736B3AF 
 206      E6AD
 207 06c5 58819EB7 		.ascii	"X\201\236\267\226,Y\364B\276\344X\224\377^\376;\357"
 207      962C59F4 
 207      42BEE458 
 207      94FF5EFE 
 207      3BEF
 208 06d7 2E9DF50F 		.ascii	".\235\365\017\202\365\336\020"
 208      82F5DE10 
 209              		.text
 210              		.section	.gnu.lto_.symbol_nodes.5638dd91,"",%progbits
 211 0000 789C6365 		.ascii	"x\234ce`bHa\000\002\246\271L\365\014\014\023\31610\000"
 211      60624861 
 211      0002A6B9 
 211      4CF50C0C 
 211      13CE3130 
 212 0015 A99D0D07 		.ascii	"\251\235\015\007\033\330\200b\363\230\352\031ab\273"
 212      1BD88062 
 212      F398EA19 
 212      6162BB
 213 0024 1A1C8122 		.ascii	"\032\034\201\"\363\231\352\231PDX\347014*\001\015`\\"
 213      F399EA99 
 213      504458E7 
 213      3031342A 
 213      010D605C 
 214 0038 C054CF0C 		.ascii	"\300T\317\014\226b`hhp```fd`8\324\376F\236\231\221\205"
 214      96626068 
 214      68706060 
 214      60666460 
 214      38D4FE46 
 215 0050 E1099066 		.ascii	"\341\011\220f\000\000\377\233\030\276"
 215      0000FF9B 
 215      18BE
 216              		.text
 217              		.section	.gnu.lto_.refs.5638dd91,"",%progbits
 218 0000 789C6365 		.ascii	"x\234ce`b`d\000\002\000\000I\000\011"
 218      60626064 
 218      00020000 
 218      490009
 219              		.text
 220              		.section	.gnu.lto_.decls.5638dd91,"",%progbits
 221 0000 789CCD58 		.ascii	"x\234\315XyPT\311\031\177\375z8f\030\301\202\255-+\361"
 221      795054C9 
 221      197FFD7A 
 221      386618C1 
 221      82AD2D2B 
 222 0015 0FCA654B 		.ascii	"\017\312eKR\311\212\203\033MmUR\213\203\212\265\272"
 222      52C98A83 
 222      1B4D6D55 
 222      528B838A 
 222      B5BA
 223 0027 6BCD1853 		.ascii	"k\315\030S\251\220\242\020\306H-\207\021H\351\177\217"
ARM GAS  C:\Users\CYIRKO~1\AppData\Local\Temp\ccE46biy.s 			page 17


 223      A990A210 
 223      C6482D87 
 223      1148E97F 
 223      8F
 224 0038 4345BC0F 		.ascii	"CE\274\017V\021QP\\E\020\361\340\222k\004\034\021\324"
 224      56115150 
 224      5C4510F1 
 224      E0926B04 
 224      1C11D4
 225 004b 45F0E274 		.ascii	"E\360\342t\024E<\027\305\223u%_w\277\3074of7\331\252"
 225      14453C17 
 225      C5937525 
 225      5F77BFC7 
 225      346F6637 
 226 0061 FC91577E 		.ascii	"\374\221W~o\372\353\376\365\257\277\253\3735\272\011"
 226      6FFAEBFE 
 226      F5AFBFAB 
 226      FB35BA09 
 227 0071 A250FC81 		.ascii	"\242P\374\201 $bA\010G\2020\012\217F\020\204c\202\343"
 227      20246241 
 227      08478230 
 227      0A8F4610 
 227      846382E3 
 228 0085 217A0948 		.ascii	"!z\011H)\310I\220\323 \000\025\316\012\343\237\277C"
 228      29C84990 
 228      D3200015 
 228      CE0AE39F 
 228      BF43
 229 0097 A707FC2E 		.ascii	"\247\007\374.\001\231\012\322\001r\005\244\011d:\214"
 229      01990AD2 
 229      017205A4 
 229      09643A8C 
 230 00a7 4D038165 		.ascii	"M\003\201e\204\026\220\017\241\375\235\314S\"8?\221"
 230      8416900F 
 230      A1FD9DCC 
 230      5322383F 
 230      91
 231 00b8 2A2E653E 		.ascii	"*.e>\3412 f\037\261k\012\264\247\202\374\016d\202\314"
 231      E1322066 
 231      1FB16B0A 
 231      B4A782FC 
 231      0E6482CC 
 232 00cc 5F2A739E 		.ascii	"_*s\236v\301k\001\214\376'x\025{}A $B-\310\\\030\013"
 232      76C16B01 
 232      8CFE2778 
 232      157B7D41 
 232      2024422D 
 233 00e4 05F182F6 		.ascii	"\005\361\202\366d\304l\377\015\374\372\202\370\311>"
 233      64C46CFF 
 233      0DFCFA82 
 233      F8C93E
 234 00f3 F8937190 		.ascii	"\370\223q\220\020\302\015\342\203\230_']\254\277\013"
 234      10C20DE2 
 234      83985F27 
 234      5DACBF0B 
 235 0103 A3F24D4D 		.ascii	"\243\362MM\265b\037\352A\"\300&\322^\204\330\033Q\241"
 235      B5621FEA 
ARM GAS  C:\Users\CYIRKO~1\AppData\Local\Temp\ccE46biy.s 			page 18


 235      4122C026 
 235      D25E84D8 
 235      1B51A1
 236 0116 EAA8F220 		.ascii	"\352\250\362 D\373\241W\024db\245\013)3d]\224UQ\246"
 236      44FBA157 
 236      146462A5 
 236      0B293364 
 236      5D945551 
 237 012b A4FFE4C9 		.ascii	"\244\377\344\311\210cd\303l%\345a\271`\015:M\231\215"
 237      886364C3 
 237      6C25E561 
 237      B9600D3A 
 237      4D998D
 238 013e 44C70208 		.ascii	"D\307\002\010\361\0238Bf\266<>f\237\340p\016)\336?\313"
 238      F1133842 
 238      66B63C3E 
 238      669FE070 
 238      0E29DE3F 
 239 0153 BE38A0BB 		.ascii	"\2768\240\273\205zIo\336\347\210\366\345\336<P'b\021"
 239      857A496F 
 239      DEE788F6 
 239      E5DE3C50 
 239      276211
 240 0166 91F6ADB7 		.ascii	"\221\366\255\267G\346N+\226\330\343\371GG\330\316\215"
 240      47E64E2B 
 240      96D8E3F9 
 240      4747D8CE 
 240      8D
 241 0177 BEB6FA6C 		.ascii	"\276\266\372l\306\310W\207DP\333\207.\346z\201\372\201"
 241      C6C85787 
 241      4450DB87 
 241      2EE67A81 
 241      FA81
 242 0189 0E4D04F5 		.ascii	"\016M\004\365M\312\265\263\272I\337\320Yi\322D\021-"
 242      4DCAB5B3 
 242      BA49DFD0 
 242      5969D244 
 242      112D
 243 019b F91015A3 		.ascii	"\371\020\025\243\311\250\010M\206\305\217\241I\360^"
 243      C9A8084D 
 243      86C58FA1 
 243      49F05E
 244 01aa AA614C39 		.ascii	"\252aL9]\225\265>S\362$\253]\262\276n\372u\356IIZ\003"
 244      5D95B53E 
 244      53F224AB 
 244      5DB2BE6E 
 244      FA75EE49 
 245 01c1 D3340486 		.ascii	"\3234\004\206\012\021FG\3214b24\341}\004\335B\3500\352"
 245      0A114647 
 245      D1346232 
 245      34E17D04 
 245      DD42E830 
 246 01d6 03874AD0 		.ascii	"\003\207J\320\024\230\236\275oK)\306\313\251\265)\235"
 246      14989EBD 
 246      6F4B29C6 
 246      CBA9B529 
 246      9D
ARM GAS  C:\Users\CYIRKO~1\AppData\Local\Temp\ccE46biy.s 			page 19


 247 01e7 87F66880 		.ascii	"\207\366h\200*\017\250\256\357\323gK\326T`\022)\323"
 247      2A0FA8AE 
 247      EFD3674B 
 247      D6546012 
 247      29D3
 248 01f9 7107D371 		.ascii	"q\007\323q5S)e\222\006\253{|p2eZw\314~D/3\215\374v\034"
 248      35532965 
 248      9206AB7B 
 248      7C703265 
 248      5A77CC7E 
 249 0214 D10907D1 		.ascii	"\321\011\007\321\0115\321IJt\341~C\037\306k\021e\272"
 249      0935D149 
 249      4A74E17E 
 249      431FC66B 
 249      1165BA
 250 0227 5E58B29B 		.ascii	"^X\262\233\330d\227\300\275B\377\2424\333F)\037\321"
 250      D86497C0 
 250      BD42FFA2 
 250      34DB4629 
 250      1FD1
 251 0239 20A0530E 		.ascii	" \240S\016\252S\204\2124NS\212\336\346\302\"\014\361"
 251      AA53848A 
 251      344E538A 
 251      DEE6C222 
 251      0CF1
 252 024b 9CAA4324 		.ascii	"\234\252C$\245>\320u\374q\325\333\011\254\213\360\266"
 252      A53ED075 
 252      FC71D5DB 
 252      09AC8BF0 
 252      B6
 253 025c 6F795EE0 		.ascii	"oy^\340\201\333\331\"W\322K\367b\226\015\015\311\352"
 253      81DBD922 
 253      57D24BF7 
 253      62960D0D 
 253      C9EA
 254 026e A53DFDDE 		.ascii	"\245=\375\336,\033\376\273\260\230\335r\243A\203\002"
 254      2C1BFEBB 
 254      B098DD72 
 254      A3418302 
 255 027e 75DF9274 		.ascii	"u\337\222tX\277\257\376S\366sI\362G\325H\207*\034\026"
 255      58BFAFFE 
 255      53F67349 
 255      F247D548 
 255      872A1C16 
 256 0292 4CD5C13B 		.ascii	"L\325\301;C\222R\245\255i\2226L@U\220\260JH\030:\203"
 256      439252A5 
 256      AD699236 
 256      4C405590 
 256      B04A4818 
 257 02a8 02C9AA04 		.ascii	"\002\311\252\004\207\312\241\263\014:a\225\302\202m"
 257      87CAA1B3 
 257      0C3A6195 
 257      C2826D
 258 02b7 07DC7113 		.ascii	"\007\334q\023-\024\321V\327}S\203t\201.\011\352\\\020"
 258      2D14D156 
 258      D77D5383 
 258      74812E09 
ARM GAS  C:\Users\CYIRKO~1\AppData\Local\Temp\ccE46biy.s 			page 20


 258      EA5C10
 259 02ca C8C6744E 		.ascii	"\310\306tN\261\255!\221\255\005cj\034\306\200m\254:"
 259      B1AD2191 
 259      AD05636A 
 259      1CC6806D 
 259      AC3A
 260 02dc 72AD236F 		.ascii	"r\255#o\364\340\012\031\227.\216\016\220\276\322\202"
 260      F4E00A19 
 260      972E8E0E 
 260      90BED282 
 261 02ec 7B1FE142 		.ascii	"{\037\341BL=\1771\232\237\345\365\361A)\257\001\302"
 261      4C3D7F31 
 261      9A9FE5F5 
 261      F14129AF 
 261      01C2
 262 02fe 7BD76F0F 		.ascii	"{\327o\017T\217\226\202\255\214l\314\010\201\366\324"
 262      548F9682 
 262      AD8C6CCC 
 262      0881F6D4 
 263 030e 1373CEA2 		.ascii	"\023s\316\242\217a\346\236\352\027-n,f\236\240^\255"
 263      8F61E69E 
 263      EA172D6E 
 263      2C669EA0 
 263      5EAD
 264 0320 BA96E185 		.ascii	"\272\226\341\205\253\030kF\361\346F\254\313 \305\373"
 264      AB186B46 
 264      F1E646AC 
 264      CB20C5FB 
 265 0330 DFF80233 		.ascii	"\337\370\0023\236\364\017\345\370\340Zy\372\211\023"
 265      9EF40FE5 
 265      F8E05A79 
 265      FA8913
 266 033f BBBD7003 		.ascii	"\273\275p\003S\224\255\341\313\266F\371\300\005\233"
 266      5394ADE1 
 266      CBB646F9 
 266      C0059B
 267 034e 8EE54642 		.ascii	"\216\345FB$u\227\3626h\260\215b\335\207z\363w\350P@"
 267      247597F2 
 267      3668B08D 
 267      62DD877A 
 267      F377E850 
 268 0363 4040A05F 		.ascii	"@@\240_\300\001)=M\262\336z\373i\335\301\226\215\340"
 268      C001293D 
 268      4DB2DE7A 
 268      FB69DDC1 
 268      968DE0
 269 0376 1F424DE0 		.ascii	"\037BM\340\226\015\234\270\214\374\034\366\004\021\327"
 269      960D9CB8 
 269      8CFC1CF6 
 269      0411D7
 270 0385 0CF012D8 		.ascii	"\014\360\022\330\204\221:\014\345\232\216)\272Q\215"
 270      84913A0C 
 270      E59A8E29 
 270      BA518D
 271 0394 6E402A78 		.ascii	"n@*xC=\007\277\340\032^E\336r\302\372\010\2754\221\300"
 271      433D07BF 
 271      E01A5E45 
ARM GAS  C:\Users\CYIRKO~1\AppData\Local\Temp\ccE46biy.s 			page 21


 271      DE72C2FA 
 271      08BD3491 
 272 03a9 043959E4 		.ascii	"\0049Y\344\331F\006\267J\322\347\032\0015\303\354\363"
 272      D94606B7 
 272      4AD2E71A 
 272      0135C3EC 
 272      F3
 273 03ba 7422E122 		.ascii	"t\"\341\"9\270\0041kA\001\350;\220V\220\213(\200\316"
 273      39B80431 
 273      6B4101E8 
 273      3B905690 
 273      8B2880CE 
 274 03ce 6226BCAA 		.ascii	"b&\274\252\303\205\220\266\365\356\324\206s.\035d&\220"
 274      C38590B6 
 274      F5EED486 
 274      732E1D64 
 274      2690
 275 03e0 AC9D6CAA 		.ascii	"\254\235l\252\367\300Y\032Vt\345\255[D\344\027\350j"
 275      F7C0591A 
 275      5674E5AD 
 275      5B44E417 
 275      E86A
 276 03f2 75D40E8B 		.ascii	"u\324\016\213\376'\003\230O\227\353q\232$!t\005\320"
 276      FE270398 
 276      4F97EB71 
 276      9A242174 
 276      05D0
 277 0404 6D8E1A24 		.ascii	"m\216\032$.\3225\007\262*+\274\364\231c\225M\201\216"
 277      2ED23507 
 277      B22A2BBC 
 277      F4996395 
 277      4D818E
 278 0417 BAEA407A 		.ascii	"\272\352@z\272s\341\027\300\303MG\206\345\203q+\311"
 278      BA73E117 
 278      C0C34D47 
 278      86E58371 
 278      2BC9
 279 0429 6FF1A5F3 		.ascii	"o\361\245\363=\362\326\314 z\363\321\235\327\2648\237"
 279      3DF2D6CC 
 279      207AF3D1 
 279      9DD7B438 
 279      9F
 280 043a 3A80F276 		.ascii	":\200\362v7\247\212\370(S\224\312\360\225+\243\240\322"
 280      37A78AF8 
 280      285394CA 
 280      F0952BA3 
 280      A0D2
 281 044c FE0EE132 		.ascii	"\376\016\34126h\265m|\202\260\225)\031\267\327u\310"
 281      3668B56D 
 281      7C82B095 
 281      2919B7D7 
 281      75C8
 282 045e C83744AF 		.ascii	"\3107D\257xZT1\201\325\224\225\350\243\015\257oN\300"
 282      785A5431 
 282      81D59495 
 282      E8A30DAF 
 282      6F4EC0
ARM GAS  C:\Users\CYIRKO~1\AppData\Local\Temp\ccE46biy.s 			page 22


 283 0471 3606CE2C 		.ascii	"6\006\316,\357\350\323\220Z\226d\353a\226\303\370>\262"
 283      EFE8D390 
 283      5A9664EB 
 283      6196C3F8 
 283      3EB2
 284 0483 D120C668 		.ascii	"\321 \306h:-\343\254\332\2542o\337\255r<\3755t+\365"
 284      3A2DE3AC 
 284      DAAC326F 
 284      DFAD723C 
 284      FD35742B 
 285 0498 009A55C2 		.ascii	"\000\232U\302-\344\253\314\241\353<\350<\250ev\014\021"
 285      2DE4ABCC 
 285      A1EB3CE8 
 285      3CA86576 
 285      0C11
 286 04aa 7D57D59D 		.ascii	"}W\325\235!o\334\306\326\335\326\370r\330\013_eJ\317"
 286      216FDCC6 
 286      D6DDD6F8 
 286      72D80B5F 
 286      654ACF
 287 04bd 819D8734 		.ascii	"\201\235\2074\0149H\267\365\273w\351\032\334\311\006"
 287      0C3948B7 
 287      F5BB77E9 
 287      1ADCC906 
 288 04cd 53AB3BB7 		.ascii	"S\253;\267\311!\263\323\035\223\272\243\300\035\367"
 288      C921B3D3 
 288      1D93BAA3 
 288      C01DF7
 289 04dc B3C11F9E 		.ascii	"\263\301\037\236\036\036r\307O\230Rq;\253^^\360&\321"
 289      1E1E72C7 
 289      4F985271 
 289      3BAB5E5E 
 289      F026D1
 290 04ef 1B87F73E 		.ascii	"\033\207\367>\323\343\327lpM\301\325\215\0368\305\215"
 290      D3E3D76C 
 290      704DC1D5 
 290      8D1E38C5 
 290      8D
 291 0500 2A1D03F9 		.ascii	"*\035\003\371\351z\206l#\372p\367&\233\036o`\203M\315"
 291      E97A866C 
 291      23FA70F7 
 291      269B1E6F 
 291      60834DCD 
 292 0514 FD1D9E38 		.ascii	"\375\035\2368\213)\033\316\225\331\344\0045\323\217"
 292      8B291BCE 
 292      95D9E404 
 292      35D38F
 293 0523 C860E93A 		.ascii	"\310`\351:\214\367\263A%\262\276rd\237\2655fjq!\033"
 293      8CF7B341 
 293      25B2BE72 
 293      649FB535 
 293      666A7121 
 294 0538 BCB47E7B 		.ascii	"\274\264~{\226\210O0\345\310\300\336\315\362\202\177"
 294      96884F30 
 294      E5C8C0DE 
 294      CDF2827F 
 295 0548 20A1C919 		.ascii	" \241\311\031\312\325\343*6VspM\241'ndJuE\215M>w\246"
ARM GAS  C:\Users\CYIRKO~1\AppData\Local\Temp\ccE46biy.s 			page 23


 295      CAD5E32A 
 295      36567370 
 295      4DA1276E 
 295      644A7545 
 296 0561 839A7E79 		.ascii	"\203\232~yS\217\036\267\262\261\222\301uV\017\334\301"
 296      538F1EB7 
 296      B2B192C1 
 296      75560FDC 
 296      C1
 297 0572 949CE1DE 		.ascii	"\224\234\341\336\007\262\263\201\204\344\322\333bo\334"
 297      07B2B381 
 297      84E4D2DB 
 297      626FDC
 298 0581 CDC69413 		.ascii	"\315\306\224\023\336\227\236\360\250\246\273,\010\337"
 298      DE979EF0 
 298      A8A6BB2C 
 298      08DF
 299 058f 6343F983 		.ascii	"cC\371\203U;|\360S\246<M\277g\227\017\237I\240\336\356"
 299      553B7CF0 
 299      53A63C4D 
 299      BF67970F 
 299      9F49A0DE 
 300 05a4 BD9FE98D 		.ascii	"\275\237\351\215_\263\261\265\365Y\265Z\234\342\316"
 300      5FB3B1B5 
 300      F559B55A 
 300      9CE2CE
 301 05b3 4262EF43 		.ascii	"Bb\357C8\223\265\037eZ;E\274\203)\205U\233n\273\341"
 301      3893B51F 
 301      655A3B45 
 301      BC832985 
 301      559B6EBB 
 302 05c8 BD4CE9AF 		.ascii	"\275L\351\257H\177\245\301yL)z\267\257M\213\0171\245"
 302      487FA5C1 
 302      794C297A 
 302      B7AF4D8B 
 302      0F31A5
 303 05db ED8CFD9E 		.ascii	"\355\214\375\2367>\306\224\207\365k\357\312\011\335"
 303      373EC694 
 303      87F56BEF 
 303      CA09DD
 304 05ea 49F7C035 		.ascii	"I\367\3005\273\035\261\372\314\323\222\361\015\373\012"
 304      BB1DB1FA 
 304      CCD392F1 
 304      0DFB0A
 305 05f9 34B89482 		.ascii	"4\270\224\202?\032\276\227v\303\235\234y\312\343\247"
 305      3F1ABE97 
 305      76C39D9C 
 305      79CAE3A7 
 306 0609 340203C6 		.ascii	"4\002\003\306=\362i\321\312\237\026]\260]\263D\356\264"
 306      3DF269D1 
 306      CA9F165D 
 306      B05DB344 
 306      EEB4
 307 061b B8A93EE0 		.ascii	"\270\251>\340\332/r\007\334zQ\005\277\352\004o\341\340"
 307      DA2F7207 
 307      DC7A5105 
 307      BFEA046F 
ARM GAS  C:\Users\CYIRKO~1\AppData\Local\Temp\ccE46biy.s 			page 24


 307      E1E0
 308 062d CFD4EC43 		.ascii	"\317\324\354C\334y\310\360]\0278\374;5\376\007'|\003"
 308      DC79C8F0 
 308      5D1738FC 
 308      3B35FE07 
 308      277C03
 309 0640 8F97D4E6 		.ascii	"\217\227\324\346\274W\233\323\322\312\301\007\324\364"
 309      BC579BD3 
 309      D2CAC107 
 309      D4F4
 310 064e F79CE847 		.ascii	"\367\234\350Gx|\247\353\340(xr\364=l\305)\024\017;\033"
 310      787CA7EB 
 310      E0287872 
 310      F43D6CC5 
 310      29140F3B 
 311 0663 6E810CAF 		.ascii	"n\201\014\257\354w\324\2556\347N3G\237\256\266\336\351"
 311      EC77D4AD 
 311      36E74E33 
 311      479FAEB6 
 311      DEE9
 312 0675 E3D2C5C3 		.ascii	"\343\322\305\303\327\250\341Aj\343\357\360\261\177\242"
 312      D7A8E141 
 312      6AE3EFF0 
 312      B17FA2
 313 0684 36FE9183 		.ascii	"6\376\221\203\235?\3573\304\311h\235H\206\010\232\034"
 313      9D3FEF33 
 313      C4C9689D 
 313      4886089A 
 313      1C
 314 0695 F6FBC440 		.ascii	"\366\373\304@T(\006\240\035 \333ArA\016\200\034\006"
 314      542806A0 
 314      1D20DB41 
 314      72410E80 
 314      1C06
 315 06a7 D90C7214 		.ascii	"\331\014r\024\244\030d\023\310\036\220C \331 \007A\366"
 315      A4186413 
 315      C81E9043 
 315      20D92007 
 315      41F6
 316 06b9 83EC05D9 		.ascii	"\203\354\005\331\010R\000\262\023$\037d7\310\021\220"
 316      085200B2 
 316      13241F64 
 316      37C81190 
 317 06c9 6F41B680 		.ascii	"oA\266\200\024\201|\003\222\003\262\015$\023d+\310."
 317      14817C03 
 317      9203B20D 
 317      2413642B 
 317      C82E
 318 06db 903C900D 		.ascii	"\220<\220\015\"\377\205\353\342\263rG\355\230\335\351"
 318      22FF85EB 
 318      E2B37247 
 318      ED98DDE9 
 319 06eb 9BCC97EC 		.ascii	"\233\314\227\354\0155\374\232\032\376\234\017\333C5"
 319      0D35FC9A 
 319      1AFE9C0F 
 319      DB4335
 320 06fa 7CD009CE 		.ascii	"|\320\011\316W\340k5\374\225S\211\334\271\300\225\310"
ARM GAS  C:\Users\CYIRKO~1\AppData\Local\Temp\ccE46biy.s 			page 25


 320      57E06B35 
 320      FC955389 
 320      DCB9C095 
 320      C8
 321 070b 88BA44DE 		.ascii	"\210\272D\336:\225\010\357\353m\327\276\362Io\341\255"
 321      3A9508EF 
 321      EB6DD7BE 
 321      F2496FE1 
 321      AD
 322 071c 7FEE7AC3 		.ascii	"\177\356z\303q\364\017\371\222Js]\201\374}\305\326\314"
 322      71F40FF9 
 322      924A735D 
 322      81FC7DC5 
 322      D6CC
 323 072e EE2B00E3 		.ascii	"\356+\000\343\357+\007\310\307\334jkQ\316\022\362\231"
 323      EF2B07C8 
 323      C7DC6A6B 
 323      51CE12F2 
 323      99
 324 073f 7BA15E7C 		.ascii	"{\241^|\330\331X>3\327]g\206\307?\344\235{\354\272\242"
 324      D8D9583E 
 324      33D75D67 
 324      86C73FE4 
 324      9D7BECBA 
 325 0754 79FC73DE 		.ascii	"y\374s\336\273T\265w\347\325\301\030\341S\371\322\265"
 325      BB54B577 
 325      E7D5C118 
 325      E153F9D2 
 325      B5
 326 0765 F9064726 		.ascii	"\371\006G&\273Z\270L~\257\316\344S\247P\363\354o\\\027"
 326      BB5AB84C 
 326      7EAFCEE4 
 326      53A750F3 
 326      EC6F5C17 
 327 0779 0A5FB57C 		.ascii	"\012_\265|\342\357\273>\252x\333yWS\\\273:V\206\220"
 327      E2EFBB3E 
 327      AA78DB79 
 327      57535CBB 
 327      3A568690 
 328 078d AB112594 		.ascii	"\253\021%\224$U\017\\W9\037\312v\236\177\255\313\263"
 328      24550F5C 
 328      57391FCA 
 328      769E7FAD 
 328      CBB3
 329 079f C7E0606F 		.ascii	"\307\340`o\271\300\261\217\252\331\337;m\212v\376\334"
 329      B9C0B18F 
 329      AAD9DF3B 
 329      6D8A76FE 
 329      DC
 330 07b0 BCAB0E65 		.ascii	"\274\253\016e\277\323W\205\017\345\217\256\277\022\006"
 330      BFD35785 
 330      0FE58FAE 
 330      BF1206
 331 07bf F986FBB2 		.ascii	"\371\206\373\262\270\270\027\376\020\241\037GqW~F\231"
 331      B8B817FE 
 331      10A11F47 
 331      71577E46 
ARM GAS  C:\Users\CYIRKO~1\AppData\Local\Temp\ccE46biy.s 			page 26


 331      99
 332 07d0 5675C355 		.ascii	"Vu\303UN<t\034\016\272\377\307C\217\355\274\201\213"
 332      4E3C741C 
 332      0EBAFFC7 
 332      438FEDBC 
 332      818B
 333 07e2 EC565D02 		.ascii	"\354V]\002\026\036\023\307n\325d#R?\373\017=.\363\346"
 333      161E13C7 
 333      6ED56423 
 333      523FFB0F 
 333      3D2EF3E6 
 334 07f6 6FD52522 		.ascii	"o\325%\"\177\253.\025\331\255\032~\311\377C\274\271"
 334      7FAB2E15 
 334      D9AD1A7E 
 334      C9FF43BC 
 334      B9
 335 0807 D1A7E7C1 		.ascii	"\321\247\347\301\344\317g\007\370\204\250\037\373\233"
 335      E4CF6707 
 335      F884A81F 
 335      FB9B
 336 0815 9CE2AF3F 		.ascii	"\234\342\257?\311\335\356\206\317\261\353\310\363=\266"
 336      C9DDEE86 
 336      CFB1EBC8 
 336      F33DB6
 337 0824 473ADCCA 		.ascii	"G:\334\312\224\234\222\243\351\030_fJOMJ\2237\276\316"
 337      949C92A3 
 337      E9185F66 
 337      4A4F4D4A 
 337      9337BECE 
 338 0838 94DBFB53 		.ascii	"\224\333\373S\357\272\341n\246T\326>\011f7\230\311\240"
 338      EFBAE16E 
 338      A654D63E 
 338      09663798 
 338      C9A0
 339 084a 9DE97D66 		.ascii	"\235\351}f\225\377{\303N.4\373\037\015\332\275\360-"
 339      95FF7BC3 
 339      4E2E34FB 
 339      1F0DDABD 
 339      F02D
 340 085c 0AD5FE58 		.ascii	"\012\325\376X\331\224\017\027\030?\371\312\3022\376"
 340      D9940F17 
 340      183FF9CA 
 340      C232FE
 341 086b 7E377F4D 		.ascii	"~7\177M)\003\377\253\177\342\333\307\247\266\022R[A"
 341      2903FFAB 
 341      7FE2DBC7 
 341      A7B61252 
 341      5B41
 342 087d 3F66D572 		.ascii	"?f\325r^\255\220\327\263\020\3333 \265 \015 u \365 "
 342      5EAD90D7 
 342      B310DB33 
 342      20B5200D 
 342      207520F5 
 343 0892 35E33E32 		.ascii	"5\343>2w\262\271\032\253R/\350t\263h\340\341\247\325"
 343      77B2B91A 
 343      AB522FE8 
 343      74B368E0 
ARM GAS  C:\Users\CYIRKO~1\AppData\Local\Temp\ccE46biy.s 			page 27


 343      E1A7D5
 344 08a5 70A74F79 		.ascii	"p\247Oy{\266j;U\377\354\311\324\305\303O\272\206\363"
 344      7BB66A3B 
 344      55FFECC9 
 344      D4C5C34F 
 344      BA86F3
 345 08b8 C7F4C06E 		.ascii	"\307\364\300nvLW\253\217iz\345\033\027\313r\227\261"
 345      764C57AB 
 345      8F697AE5 
 345      1B17CB72 
 345      97B1
 346 08ca E4EF4CFC 		.ascii	"\344\357L\374\332\247\\{6\366\367\344\332N\351\246\027"
 346      DAA75C7B 
 346      36F6F7E4 
 346      DA4EE9A6 
 346      17
 347 08db 1E60BBAD 		.ascii	"\036`\273\255yp\260\310K\265\333\224\224\240s\220\211"
 347      7970B0C8 
 347      4BB5DB94 
 347      94A07390 
 347      89
 348 08ec 5F9215E6 		.ascii	"_\222\025\346\330\323l\266\013\232`f\243c\027T+\273"
 348      D8D36CB6 
 348      0B9A6066 
 348      A3631754 
 348      2BBB
 349 08fe A0ADBBB0 		.ascii	"\240\255\273\260h\334.h\032\267\013l\362. \277\277Z"
 349      68DC2E68 
 349      1AB70B6C 
 349      F22E20BF 
 349      BF5A
 350 0910 1E191B11 		.ascii	"\036\031\033\021\033\033\035\26142\352\353\344\025\021"
 350      1B1B1DB1 
 350      3432EAEB 
 350      E41511
 351 091f D1097191 		.ascii	"\321\011q\2211\361\0211\3611I\236\363\276\374\263\277"
 351      31F11131 
 351      F131499E 
 351      F3BEFCB3 
 351      BF
 352 0930 D1601042 		.ascii	"\321`\020B\346|\026n\\\036\2634\306\234\224\034\035"
 352      E67C166E 
 352      5C1EB334 
 352      C69C941C 
 352      1D
 353 0941 93101E45 		.ascii	"\223\020\036E\332\011\211\206Y3\203\022\022\203\200"
 353      DA098986 
 353      59338312 
 353      128380
 354 0950 206845C2 		.ascii	" hE\302\312\244\304 \363\342\2053\202\331{\356\254U"
 354      CAA4C420 
 354      F3E28533 
 354      82D97BEE 
 354      AC55
 355 0962 AB8264EA 		.ascii	"\253\202d\352iQ\202^Y\205\360NLL\212\233\021\034\021"
 355      6951825E 
 355      5985F04E 
ARM GAS  C:\Users\CYIRKO~1\AppData\Local\Temp\ccE46biy.s 			page 28


 355      4C4C8A9B 
 355      111C11
 356 0975 159B10F5 		.ascii	"\025\233\020\3655\355\360\210\216\213\234\017\277\306"
 356      35EDF088 
 356      8E8B9C0F 
 356      BFC6
 357 0983 5FB4CE82 		.ascii	"_\264\316\202\005\241A\241\013C\376\025\034\304\370"
 357      05A141A1 
 357      0B43FE15 
 357      1CC4F8
 358 0992 8064DA72 		.ascii	"\200d\332rA\027\021\221\034\023\237\004z\3222\313g\214"
 358      41171191 
 358      1C139F04 
 358      7AD232CB 
 358      678C
 359 09a4 2291D125 		.ascii	"\"\221\321%%$\304&\206\377#>\331\237\266\374#W\306\371"
 359      2524C426 
 359      86FF233E 
 359      D99FB6FC 
 359      2357C6F9 
 360 09b8 5BE2965A 		.ascii	"[\342\226Z\242\243-\321\3413\247\315\360\017\236n\230"
 360      A2A32DD1 
 360      E133A7CD 
 360      F00F9E6E 
 360      98
 361 09c9 F54F4338 		.ascii	"\365OC8\364\177\022\237\020o\371\304\022\2714&<&>*6"
 361      F47F129F 
 361      106FF9C4 
 361      12B93426 
 361      3C263E2A 
 362 09de 39DA121E 		.ascii	"9\332\022\036\027\011\\\361\226\360\210h\313\262\310"
 362      17095CF1 
 362      96F08868 
 362      CBB2C8
 363 09ed E4D8A488 		.ascii	"\344\330\244\210\244\325+,\211\260\242\247\262\336\337"
 363      A4D52B2C 
 363      89B0A2A7 
 363      B2DEDF
 364 09fc FEA7EB25 		.ascii	"\376\247\353%\256N\014\217HL\212\006rX\304\307\274:"
 364      AE4E0C8F 
 364      484C8A06 
 364      7258C4C7 
 364      BC3A
 365 0a0e 31C91267 		.ascii	"1\311\022gLXi1\222\270a\243)Xc4\233\014\3200\220F\360"
 365      4C586931 
 365      92B861A3 
 365      29586334 
 365      9B0CD030 
 366 0a25 FC9F0D5E 		.ascii	"\374\237\015^TB\\\\B|\220eUR\220q\241y\276\031b\310"
 366      54425C5C 
 366      427C9065 
 366      55529071 
 366      A179BE19 
 367 0a3b 258A0670 		.ascii	"%\212\006p\331\254\231\320\206\265\274\026\375\305\024"
 367      D9AC99D0 
 367      86B5BC16 
 367      FDC514
ARM GAS  C:\Users\CYIRKO~1\AppData\Local\Temp\ccE46biy.s 			page 29


 368 0a4a B118BC0B 		.ascii	"\261\030\274\013\265,\363\0145~a\234;\317d\320-Z\260"
 368      B52CF30C 
 368      357E619C 
 368      3BCF64D0 
 368      2D5AB0
 369 0a5d C01C329F 		.ascii	"\300\0342\237\264Is~\260\2314\335\314f\343<\223\326"
 369      B449737E 
 369      B09934DD 
 369      CC66E33C 
 369      93D6
 370 0a6f 34C73CC7 		.ascii	"4\307<\307\264dN\350L\014\226hf\207\032\035]\277\327"
 370      B4644EE8 
 370      4C0C9668 
 370      66871A1D 
 370      5DBFD7
 371 0a82 862C9A1D 		.ascii	"\206,\232\035\274`\321\234/M\244e`-e\364SmH\330\354"
 371      BC60D19C 
 371      2F4DA465 
 371      602D65F4 
 371      536D48D8 
 372 0a97 19F268D8 		.ascii	"\031\362h\330\030.L\215\233\341AX\240\207\374\032\370"
 372      182E4C8D 
 372      9BE14158 
 372      A087FC1A 
 372      F8
 373 0aa8 91600FC2 		.ascii	"\221`\017\302@G\302dD\330x\204\301\223\3145\231\027"
 373      4047C264 
 373      44D87884 
 373      C193CC35 
 373      9917
 374 0aba 9B48C340 		.ascii	"\233H\303@\032cc\323=\311l6\026\246\200\302\030\010"
 374      1A6363D3 
 374      3DC96C36 
 374      16A680C2 
 374      1808
 375 0acc 1BE79B34 		.ascii	"\033\347\2334\304I\017\360\227\374\212F\223\022\216"
 375      C4490FF0 
 375      97FC8A46 
 375      93128E
 376 0adb 602F93D1 		.ascii	"`/\223\321\250\304\310\355\253E\213\215&\321l\362\200"
 376      A8C4C8ED 
 376      AB458B8D 
 376      26D16CF2 
 376      80
 377 0aec C61773FE 		.ascii	"\306\027s\376j\322\220\027\0161\232\334\351\210a\302"
 377      6AD29017 
 377      0E319ADC 
 377      E98861C2 
 378 0afc DC0521E6 		.ascii	"\334\005!\3460\005\376o\272\022\336\232"
 378      3005FE6F 
 378      BA12DE9A 
 379              		.text
 380              		.section	.gnu.lto_.symtab.5638dd91,"",%progbits
 381 0000 68616C5F 		.ascii	"hal_lld_init\000"
 381      6C6C645F 
 381      696E6974 
 381      00
ARM GAS  C:\Users\CYIRKO~1\AppData\Local\Temp\ccE46biy.s 			page 30


 382 000d 00       		.ascii	"\000"
 383 000e 00       		.ascii	"\000"
 384 000f 00       		.ascii	"\000"
 385 0010 00000000 		.ascii	"\000\000\000\000\000\000\000\000"
 385      00000000 
 386 0018 B0000000 		.ascii	"\260\000\000\000"
 387 001c 73746D33 		.ascii	"stm32_clock_init\000"
 387      325F636C 
 387      6F636B5F 
 387      696E6974 
 387      00
 388 002d 00       		.ascii	"\000"
 389 002e 00       		.ascii	"\000"
 390 002f 00       		.ascii	"\000"
 391 0030 00000000 		.ascii	"\000\000\000\000\000\000\000\000"
 391      00000000 
 392 0038 B2000000 		.ascii	"\262\000\000\000"
 393 003c 53797374 		.ascii	"SystemCoreClock\000"
 393      656D436F 
 393      7265436C 
 393      6F636B00 
 394 004c 00       		.ascii	"\000"
 395 004d 00       		.ascii	"\000"
 396 004e 00       		.ascii	"\000"
 397 004f 00000000 		.ascii	"\000\000\000\000\000\000\000\000"
 397      00000000 
 398 0057 C1000000 		.ascii	"\301\000\000\000"
 399 005b 646D6149 		.ascii	"dmaInit\000"
 399      6E697400 
 400 0063 00       		.ascii	"\000"
 401 0064 02       		.ascii	"\002"
 402 0065 00       		.ascii	"\000"
 403 0066 00000000 		.ascii	"\000\000\000\000\000\000\000\000"
 403      00000000 
 404 006e B4000000 		.ascii	"\264\000\000\000"
 405              		.text
 406              		.section	.gnu.lto_.opts,"",%progbits
 407 0000 272D666D 		.ascii	"'-fmath-errno' '-fsigned-zeros' '-ftrapping-math' '"
 407      6174682D 
 407      6572726E 
 407      6F272027 
 407      2D667369 
 408 0033 2D666E6F 		.ascii	"-fno-trapv' '-fno-openmp' '-fno-openacc' '-mcpu=cor"
 408      2D747261 
 408      70762720 
 408      272D666E 
 408      6F2D6F70 
 409 0066 7465782D 		.ascii	"tex-m7' '-mno-thumb-interwork' '-mthumb' '-ggdb' '-"
 409      6D372720 
 409      272D6D6E 
 409      6F2D7468 
 409      756D622D 
 410 0099 4F322720 		.ascii	"O2' '-fomit-frame-pointer' '-falign-functions=16' '"
 410      272D666F 
 410      6D69742D 
 410      6672616D 
 410      652D706F 
ARM GAS  C:\Users\CYIRKO~1\AppData\Local\Temp\ccE46biy.s 			page 31


 411 00cc 2D666675 		.ascii	"-ffunction-sections' '-fdata-sections' '-fno-common"
 411      6E637469 
 411      6F6E2D73 
 411      65637469 
 411      6F6E7327 
 412 00ff 2720272D 		.ascii	"' '-flto'\000"
 412      666C746F 
 412      2700
 413              		.text
 414              		.comm	__gnu_lto_v1,1,1
 415              		.comm	__gnu_lto_slim,1,1
 416              		.ident	"GCC: (GNU Tools for ARM Embedded Processors 6-2017-q1-update) 6.3.1 20170215 (release) [AR
ARM GAS  C:\Users\CYIRKO~1\AppData\Local\Temp\ccE46biy.s 			page 32


DEFINED SYMBOLS
                            *ABS*:00000000 hal_lld.c
                            *COM*:00000001 __gnu_lto_v1
                            *COM*:00000001 __gnu_lto_slim

NO UNDEFINED SYMBOLS
