ARM GAS  C:\Users\CYIRKO~1\AppData\Local\Temp\ccxyePdy.s 			page 1


   1              		.cpu cortex-m7
   2              		.eabi_attribute 20, 1
   3              		.eabi_attribute 21, 1
   4              		.eabi_attribute 23, 3
   5              		.eabi_attribute 24, 1
   6              		.eabi_attribute 25, 1
   7              		.eabi_attribute 26, 1
   8              		.eabi_attribute 30, 2
   9              		.eabi_attribute 34, 1
  10              		.eabi_attribute 18, 4
  11              		.file	"hal_pal_lld.c"
  12              		.text
  13              	.Ltext0:
  14              		.section	.gnu.lto_.profile.5638dfef,"",%progbits
  15 0000 789C6365 		.ascii	"x\234ce`b`c```dx\317\370\226\021\000\006H\001\355"
  15      60626063 
  15      60606064 
  15      78CFF896 
  15      11000648 
  16              		.text
  17              		.section	.gnu.lto_.icf.5638dfef,"",%progbits
  18 0000 789C6365 		.ascii	"x\234ce`b\340c@\000&\206'\315{\233\370\030\257?^\373"
  18      6062E063 
  18      40002686 
  18      27CD7B9B 
  18      F818AF3F 
  19 0016 90950100 		.ascii	"\220\225\001\000.\012\006\032"
  19      2E0A061A 
  20              		.text
  21              		.section	.gnu.lto_.jmpfuncs.5638dfef,"",%progbits
  22 0000 789C6365 		.ascii	"x\234ce`b\020`@\000&\006FF\306zFf \311^__\317\000\000"
  22      60621060 
  22      40002606 
  22      4646C67A 
  22      466620C9 
  23 001a 0D4C0227 		.ascii	"\015L\002'"
  24              		.text
  25              		.section	.gnu.lto_.inline.5638dfef,"",%progbits
  26 0000 789C6365 		.ascii	"x\234ce`b\330\305\200\000L\014\014\213\031\02712\262"
  26      6062D8C5 
  26      80004C0C 
  26      0C8B1917 
  26      3132B2
  27 0013 33283032 		.ascii	"3(020+\200I\0070\231\000&\033\030\301\324\002\010u\000"
  27      302B8049 
  27      07309900 
  27      261B18C1 
  27      D4020875 
  28 0028 423108BC 		.ascii	"B1\010\274a|\260\231\217\301g\302!\026&\006\306\027"
  28      617CB099 
  28      8FC167C2 
  28      21162606 
  28      C617
  29 003a EC501244 		.ascii	"\354P\022Dp\200\231\034 B\000\314\024\000\021\012`\246"
  29      7080991C 
  29      204200CC 
  29      1400110A 
ARM GAS  C:\Users\CYIRKO~1\AppData\Local\Temp\ccxyePdy.s 			page 2


  29      60A6
  30 004c 02887000 		.ascii	"\002\210p\0003\035@D\003#\023\204\002\223L\020\016\023"
  30      331D4044 
  30      03231384 
  30      02934C10 
  30      0E13
  31 005e C8598C0C 		.ascii	"\310Y\214\014\347\030\3662122\001\255c`\316k9\257\300"
  31      E718F632 
  31      31323201 
  31      AD6360CE 
  31      6B39AFC0 
  32 0072 2031E722 		.ascii	" 1\347\"3\023\203\330\234]L,`\227\003\0000\" \263"
  32      331383D8 
  32      9C5D4C2C 
  32      60970300 
  32      302220B3 
  33              		.text
  34              		.section	.gnu.lto_.pureconst.5638dfef,"",%progbits
  35 0000 789C6365 		.ascii	"x\234ce`b`e`\000\222R\214R\000\001\005\000D"
  35      60626065 
  35      60009252 
  35      8C520001 
  35      050044
  36              		.text
  37              		.section	.gnu.lto__pal_lld_init.5638dfef,"",%progbits
  38 0000 789CA59B 		.ascii	"x\234\245\233iPTW\032\206\373\334{Av\327DcLb\022\215"
  38      69505457 
  38      1A86FBDC 
  38      7B4176D7 
  38      44634C62 
  39 0016 D124124D 		.ascii	"\321$\022M\242\306\354\256\321h\324h\376\245jf\222T"
  39      A2C6ECAE 
  39      D168D468 
  39      FEA56A66 
  39      9254
  40 0028 3256A546 		.ascii	"2V\245Fk\222\231\2776\210\212\373\276\240\"(*(**\342"
  40      6B9299BF 
  40      36888AFB 
  40      BEA02228 
  40      2A282A2A 
  41 003d 8628A220 		.ascii	"\206(\242 n\270\200\373\276\000\342\206\212;\012s\276"
  41      6EB880FB 
  41      BE00E286 
  41      8A3B0A73 
  41      BE
  42 004e B7CFE1DC 		.ascii	"\267\317\341\334\026\272\350{\306*?\351\346\362\334"
  42      16BAE87B 
  42      C62A3FE9 
  42      E6F2DC
  43 005d A76F7F3E 		.ascii	"\247o\177>B#\001.\303\365[\017\227\353G\227\313\365"
  43      4223012E 
  43      C3F55B0F 
  43      97EB4797 
  43      CBF5
  44 006f 2AFFCD4C 		.ascii	"*\377\315L\0273\246\025\270\\QA\006c\364\206;\210\271"
  44      1733A615 
  44      B85C5141 
ARM GAS  C:\Users\CYIRKO~1\AppData\Local\Temp\ccxyePdy.s 			page 3


  44      0663F486 
  44      3B88B9
  45 0082 46196C14 		.ascii	"F\031l\024\233j\3165Y\316\270\222-F\373d7\377\225=\367"
  45      9B6ACE35 
  45      59CEB892 
  45      2D46FB64 
  45      37FF953D 
  46 0097 4EE058F7 		.ascii	"N\340X\367\230\026\011\246\313\025\307\177\323/\226"
  46      981609A6 
  46      CB15C77F 
  46      D32F96
  47 00a6 CCDAF3A3 		.ascii	"\314\332\363\243\216\304\254]hN1\023L\306,~\363\356"
  47      8EC4AC5D 
  47      684E3113 
  47      4CC62C7E 
  47      F3EE
  48 00b8 C1F95722 		.ascii	"\301\371W\"\350\246\301Z\363\233eUi\245\226\331\217"
  48      E8A6C15A 
  48      F39B6555 
  48      69A596D9 
  48      8F
  49 00c9 B9F8DB2B 		.ascii	"\271\370\333+\316/\030\322n\231\333\035\355\316\276"
  49      CE2F18D2 
  49      6E99DB1D 
  49      EDCEBE
  50 00d8 39CB74B7 		.ascii	"9\313t\267I0M\266\222\231\234\307V\260V,\205\265r\361"
  50      49304DB6 
  50      92999CC7 
  50      56B0562C 
  50      85B572F1 
  51 00ec BB5C2C95 		.ascii	"\273\\,\225\265\243\303/\257\253\232\035\036hy\316\307"
  51      B5A3C32F 
  51      AFAB9A1D 
  51      1E6879CE 
  51      C7
  52 00fd 56B140C6 		.ascii	"V\261@\306\377L;\312\262\335U\325\3438b\031;\322?\211"
  52      FF4C3BCA 
  52      B2DD55D5 
  52      E3386219 
  52      3BD23F89 
  53 0111 19FC632C 		.ascii	"\031\374c,\223F\000\215@\032A\214\030\301\364f\010\215"
  53      9346008D 
  53      401A418C 
  53      18C1F466 
  53      088D
  54 0123 501A6134 		.ascii	"P\032a4\302iD\320hH\243\021\215\3064\232\320hJ\243\031"
  54      C26944D0 
  54      6848A311 
  54      8DC6349A 
  54      D0684AA3 
  55 0138 8D9768BC 		.ascii	"\215\227h\274L\2439\215\0264^\241\321\222\306\2534H"
  55      4CA3398D 
  55      16345EA1 
  55      D192C6AB 
  55      3448
  56 014a D67A8DC6 		.ascii	"\326z\215\306\3534\336\240\321\232\306\2334\336\242"
  56      EB34DEA0 
ARM GAS  C:\Users\CYIRKO~1\AppData\Local\Temp\ccxyePdy.s 			page 4


  56      D19AC69B 
  56      34DEA2
  57 0159 F1368D36 		.ascii	"\3616\21564\332\322x\207F;\032\357\322hO\243\003\215"
  57      34DAD278 
  57      87463B1A 
  57      EFD2684F 
  57      A3038D
  58 016c F768BC4F 		.ascii	"\367h\274O\343\003\032\035iD\322\370\220F'\032\235i"
  58      E3031A1D 
  58      6944D2F8 
  58      9046271A 
  58      9D69
  59 017e 7C44E363 		.ascii	"|D\343c\032\237\320\350B\243+\215n4>\245\321\235\306"
  59      1A9FD0E8 
  59      42A32B8D 
  59      6E343EA5 
  59      D19DC6
  60 0191 67343EA7 		.ascii	"g4>\247\361\005\215/i|E\343k\032\337\320\350A\243'\215"
  60      F1058D2F 
  60      697C45E3 
  60      6B1ADFD0 
  60      E841A327 
  61 01a6 5E347AD3 		.ascii	"^4z\323\350C\243/\215oi\364\243\321\237\306w4\006\320"
  61      E843A32F 
  61      8D6F69F4 
  61      A3D19FC6 
  61      773406D0 
  62 01ba 1848E37B 		.ascii	"\030H\343{\032\203h\014\2461\204\306\0174\206\322\030"
  62      1A83680C 
  62      A63184C6 
  62      0F3486D2 
  62      18
  63 01cb 46E3471A 		.ascii	"F\343G\032.\327\004\376\324\321^M4\015\372\323,c9[\313"
  63      2ED704FE 
  63      D4D15E4D 
  63      340DFAD3 
  63      2C63395B 
  64 01e0 4EEE0AA1 		.ascii	"N\356\012\241g3\3364\370\223<gL\316\241\006\264.\001"
  64      6733DE34 
  64      F8933C67 
  64      4CCEA106 
  64      B42E01
  65 01f3 589198F8 		.ascii	"X\221\230\370\334\222`\317M\367\235X7-\324\215\013\225"
  65      DC9260CF 
  65      4DF79D58 
  65      372DD48D 
  65      0B95
  66 0205 5B021258 		.ascii	"[\002\022X|\024_\303\326\011f [\303we5\337\025:\376"
  66      7C145FC3 
  66      D6096620 
  66      5BC37765 
  66      35DF153A 
  67 021a DE9CC317 		.ascii	"\336\234\303\027\303\"W\273cX\202\331\200\245\261\004"
  67      C32257BB 
  67      635882D9 
  67      80A5B104 
  68 022a 360FDBC9 		.ascii	"6\017\333\311\326\262HW\031\033\375x,\363\234\313\364"
ARM GAS  C:\Users\CYIRKO~1\AppData\Local\Temp\ccxyePdy.s 			page 5


  68      D6B24857 
  68      191BFD78 
  68      2CF39CCB 
  68      F4
  69 023b 9C6E5959 		.ascii	"\234nYY\322\003l\247\305\252\033\262u\234\302\225\346"
  69      D2036CA7 
  69      C5AA1BB2 
  69      759CC295 
  69      E6
  70 024c 04D331CE 		.ascii	"\004\3231\316N\265^\235*\235Er>\201\266\2568ezN\027"
  70      4EB55E9D 
  70      2A9D4572 
  70      3E81B6AE 
  70      38657A4E 
  71 0261 E08CB601 		.ascii	"\340\214\266\0014\332o\226\361\2028\301\376\037\321"
  71      34DA6F96 
  71      F18238C1 
  71      FE1FD1
  72 0270 8D0ABD89 		.ascii	"\215\012\275\211D\003]\305,:1i\252)P'\226l\237\031\321"
  72      44035DC5 
  72      2C3A3169 
  72      AA295027 
  72      966C9F19 
  73 0285 21057FC9 		.ascii	"!\005\177\311\363\266\032q\211A\011f\220K\374\015\337"
  73      F3B61A71 
  73      89410966 
  73      904BFC0D 
  73      DF
  74 0296 CC3AD89F 		.ascii	"\314:\330\237#\023\317\321\243=\373b\303\304\3119\210"
  74      2313CFD1 
  74      A33DFB62 
  74      C3C4C939 
  74      88
  75 02a7 362E38DE 		.ascii	"6.8\336\014b[\304\371\027\315\333\\\021\301\317?\015"
  75      0C625BC4 
  75      F917CDDB 
  75      5C11C1CF 
  75      3F0D
  76 02b9 6E216C2B 		.ascii	"n!l+\014\014\027\336\231\261mw\367Q\317\351}\211\021"
  76      0C0C17DE 
  76      99B16D77 
  76      F751CFE9 
  76      7D8911
  77 02cc FC442C93 		.ascii	"\374D,\223E\222\210\213mc\243\310\254\265\320\232X\234"
  77      4592888B 
  77      6D63A3C8 
  77      ACB5D09A 
  77      589C
  78 02de 12659883 		.ascii	"\022e\230\203q\302\362#;G\263\266I\010G\336\202\260"
  78      71C2F223 
  78      3B47B3B6 
  78      490847DE 
  78      82B0
  79 02f0 3877760C 		.ascii	"8wv\014\007\207\262,\357v\300x;k\313?\342\376\231\313"
  79      0787B22C 
  79      EF76C078 
  79      3B6BCB3F 
ARM GAS  C:\Users\CYIRKO~1\AppData\Local\Temp\ccxyePdy.s 			page 6


  79      E2FE99CB 
  80 0304 058C8C43 		.ascii	"\005\214\214C\231\333\315\327\210\355\340\357\367~\334"
  80      99DBCDD7 
  80      88EDE0EF 
  80      F77EDC
  81 0313 B3ABC624 		.ascii	"\263\253\306$\207\324\202\006\275\030$@\263Y[\272\024"
  81      87D48206 
  81      BD182440 
  81      B3595BBA 
  81      14
  82 0324 FC2988DE 		.ascii	"\374)\210\336ZV\375WM\233b<WmQ \216\340\247F\246\342"
  82      5A56FD57 
  82      4D9B623C 
  82      576D5120 
  82      8EE0A746 
  83 033a 3C9749E6 		.ascii	"<\227I\346\213\355\344\017\317\305r\350\311\034d\277"
  83      8BEDE40F 
  83      CFC572E8 
  83      C91C64BF 
  84 034a 9A415E57 		.ascii	"\232A^W\223?Yat\025w\325\276\212\211\325\205\374\360"
  84      933F5961 
  84      741577D5 
  84      BE8A89D5 
  84      85FCF0
  85 035d 70B61B17 		.ascii	"p\266\033\027\322\364\020Y.\026%g\316\336\016\304\266"
  85      D2F41059 
  85      2E162567 
  85      CEDE0EC4 
  85      B6
  86 036e 8343018E 		.ascii	"\203C\001\216\312\270:=\304\003\216\240\307\317\362"
  86      CAB83A3D 
  86      C4038EA0 
  86      C7CFF2
  87 037d 04F9F9E3 		.ascii	"\004\371\371\343K\323\033\322~D\271\023\177\246\025"
  87      4BD31BD2 
  87      7E44B913 
  87      7FA615
  88 038c D903AE30 		.ascii	"\331\003\2560e\371\264%\203<\2175vW\204G|\260\177\246"
  88      65F9B425 
  88      833C8F35 
  88      76578447 
  88      7CB07FA6 
  89 03a0 AD49732F 		.ascii	"\255Is/p\001\002\267\357EM\377\275\366\003\024(@\007"
  89      700102B7 
  89      EF454DFF 
  89      BDF60314 
  89      284007
  90 03b3 C86BB0C7 		.ascii	"\310k\260\307k\274\364\032\342\300\353 p\015\004\256"
  90      6BBCF41A 
  90      E2C0EB20 
  90      700D04AE 
  91 03c3 40DFEB10 		.ascii	"@\337\353\020@A\002t\230\274\206x\274&H\257\037\034"
  91      40410274 
  91      98BC8678 
  91      BC2648AF 
  91      1F1C
  92 03d5 781D012E 		.ascii	"x\035\001.X\340\216\352{\025\002\024\"@E\344\365\203"
ARM GAS  C:\Users\CYIRKO~1\AppData\Local\Temp\ccxyePdy.s 			page 7


  92      58E08EEA 
  92      7B150214 
  92      224045E4 
  92      F583
  93 03e7 C76BA2F4 		.ascii	"\307k\242\364\032\352\300\353\030p\241\002w\\\337\353"
  93      1AEAC0EB 
  93      1870A102 
  93      775CDFEB 
  94 03f7 04406102 		.ascii	"\004@a\002t\222\274\206z\274&I\257a\016\274N\001\027"
  94      7492BC86 
  94      7ABC2649 
  94      AF610EBC 
  94      4E0117
  95 040a 2E70A7F5 		.ascii	".p\247\365\275\316\000\024!@g\311k\230\307k\262\364"
  95      BDCE0014 
  95      214067C9 
  95      6B98C76B 
  95      B2F4
  96 041c FAD181D7 		.ascii	"\372\321\201\3279\340\032\012\334y}\257\013\0005\022"
  96      39E01A0A 
  96      DC797DAF 
  96      0B003512 
  97 042c A08BE4F5 		.ascii	"\240\213\344\365\243\275^(MM,\251=\270\225\270\272\241"
  97      A3BD5E28 
  97      4D4D2CA9 
  97      3DB895B8 
  97      BAA1
  98 043e 3F4DBF84 		.ascii	"?M\277\204\246{E<\255\376\210_\206S\343\272#~EF\374"
  98      A67B453C 
  98      ADFE885F 
  98      8653E3BA 
  98      237E4546 
  99 0453 AA77C49D 		.ascii	"\252w\304\235\204\273\030\341\236\237S\271+X\204;\226"
  99      84BB18E1 
  99      9E9F53B9 
  99      2B58843B 
  99      96
 100 0464 C25D22C2 		.ascii	"\302]\"\302\235\246\025\356R\236\345K>\303}\236\207"
 100      9DA615EE 
 100      529EE54B 
 100      3EC37D9E 
 100      87
 101 0475 9B8E28F6 		.ascii	"\233\216(\366\021\356k\010w\031\355\301\267\374\376"
 101      11EE6B08 
 101      7719EDC1 
 101      B7FCFE
 102 0484 E2BD33C7 		.ascii	"\342\2753\307\206y\302\335\212\337\2743}g\005\263\255"
 102      8679C2DD 
 102      8ADFBC33 
 102      7D6705B3 
 102      AD
 103 0495 C57571E5 		.ascii	"\305uq\345\366M]\032\027\346\035\356\0332\334Dd7\325"
 103      F64D5D1A 
 103      17E61DEE 
 103      1B32DC44 
 103      6437D5
 104 04a8 6694E111 		.ascii	"f\224\341\021E\037\213/\017\227\233Qb\333\214\222\335"
ARM GAS  C:\Users\CYIRKO~1\AppData\Local\Temp\ccxyePdy.s 			page 8


 104      451F8B2F 
 104      0F979B51 
 104      62DB8C92 
 104      DD
 105 04b9 E31659F6 		.ascii	"\343\026Y\366\315\270%K\015\320m\332\214oU\251a\332"
 105      CDB8254B 
 105      0DD06DDA 
 105      8C6F55A9 
 105      61DA
 106 04cb CF3F356C 		.ascii	"\317?5ll\271,5pw\364\275\356\312R\003t\217\274\372\251"
 106      6CB92C35 
 106      7077F4BD 
 106      EECA5203 
 106      748FBCFA 
 107 04e0 52C3ABBF 		.ascii	"R\303\253\277\003\257\012Yj\340\356\353{=\220\245\006"
 107      03AF0A59 
 107      6AE0EEEB 
 107      7B3D90A5 
 107      06
 108 04f1 E82179F5 		.ascii	"\350!y\365W\245\206\327w\016\274\036\311R\003\367X\337"
 108      57A586D7 
 108      770EBC1E 
 108      C95203F7 
 108      58DF
 109 0503 EB892C35 		.ascii	"\353\211,5@O\311\353;Ujx\015p\340U)K\015\3343}\257\347"
 109      404FC9EB 
 109      3B556A78 
 109      0D70E055 
 109      294B0DDC 
 110 051b B2D40055 		.ascii	"\262\324\000U\221\327\000Ujx\015t\340U-K\015\234\333"
 110      91D70055 
 110      6A780D74 
 110      E0552D4B 
 110      0D9CDB
 111 052e D0F68A32 		.ascii	"\320\366\2122D\251\001\2126\270\327@Ujx}\357\300k\264"
 111      44A9018A 
 111      36B8D740 
 111      556A787D 
 111      EFC06BB4 
 112 0542 214A0D5C 		.ascii	"!J\015\\\214\276\327\030C\224\032\240\261\344\365\275"
 112      8CBED718 
 112      43941AA0 
 112      B1E4F5BD 
 113 0552 3D57488B 		.ascii	"=WH\213*u\251,\365\026\277J=\316\250U\352\314\372K\035"
 113      2A75A92C 
 113      F516BF4A 
 113      3DCEA855 
 113      EACCFA4B 
 114 0567 0BA72675 		.ascii	"\013\247&u\227z\274!J=\301\320.\365D\203J=+'\256(\\"
 114      977ABC21 
 114      4A3DC1D0 
 114      2EF54483 
 114      4A3D2B27 
 115 057e 947A1A95 		.ascii	"\224z\032\225z\222\341)u\246V\251'\033m\351\361\372"
 115      7A92E129 
 115      75A656A9 
 115      271B6DE9 
ARM GAS  C:\Users\CYIRKO~1\AppData\Local\Temp\ccxyePdy.s 			page 9


 115      F1FA
 116 0590 28F5435E 		.ascii	"(\365C^j:\202\237\272\316RO1\250\324S\015\276\007\337"
 116      6A3A829F 
 116      BACE524F 
 116      31A8D453 
 116      0DBE07DF 
 117 05a4 50A98F6E 		.ascii	"P\251\217n\334\023\341)u7\372\227\327}f\231\375\037"
 117      DC13E129 
 117      7537FA97 
 117      D77D6699 
 117      FD1F
 118 05b6 F06986E7 		.ascii	"\360i\206\347\312\215\317_t;\324\273\324\323\015Qj\""
 118      CA8DCF5F 
 118      743BD4BB 
 118      D4D30D51 
 118      6A22
 119 05c8 B2196A33 		.ascii	"\262\031j38\233\236\256\222$\365o8\177\3005\233\261"
 119      389B9EAE 
 119      9224F56F 
 119      387FC035 
 119      9BB1
 120 05da F2FEA4F4 		.ascii	"\362\376\244\364`\373f\3144D\251\001\232E\233\361\215"
 120      60FB66CC 
 120      3444A901 
 120      9A459BF1 
 120      8D
 121 05eb 2A354C7B 		.ascii	"*5L{\370\247\206\215\235m\210R\0037G\337k\256!J\015"
 121      F8A7868D 
 121      9D6D8852 
 121      033747DF 
 121      6BAE214A 
 122 0600 D03CF2EA 		.ascii	"\320<\362\352\241J\015\257\236\016\274\342\014Qj\340"
 122      A14A0DAF 
 122      9E0EBCE2 
 122      0C516AE0 
 123 0610 E6EB7B2D 		.ascii	"\346\353{-0D\251\001ZH^=U\251\341\325\313\201W\274!"
 123      3044A901 
 123      5A485E3D 
 123      55A9E1D5 
 123      CB8157BC 
 124 0625 4A0DDC22 		.ascii	"J\015\334\"}\257\004C\224\032\240D\362\352\245J\015"
 124      7DAF0443 
 124      941AA044 
 124      F2EAA54A 
 124      0D
 125 0636 AFDE0EBC 		.ascii	"\257\336\016\274\026\033\242\324\300-\321\367J2D\251"
 125      161BA2D4 
 125      C02DD1F7 
 125      4A3244A9 
 126 0646 015A4A5E 		.ascii	"\001ZJ^\275U\251\341\325\307\201\3272C\224\032\270\345"
 126      BD55A9E1 
 126      D5C781D7 
 126      3243941A 
 126      B8E5
 127 0658 FA5EC9B2 		.ascii	"\372^\311\262\324\000\245\220W\037Ujx\365u\340\265B"
 127      D400A590 
 127      571F556A 
ARM GAS  C:\Users\CYIRKO~1\AppData\Local\Temp\ccxyePdy.s 			page 10


 127      78F575E0 
 127      B542
 128 066a 961AB895 		.ascii	"\226\032\270\225\372^\251\262\324\000\255\"\257\276"
 128      FA5EA9B2 
 128      D400AD22 
 128      AFBE
 129 0678 F65C212D 		.ascii	"\366\\!-\252\324\223\305\255\304b\277J\275\272v\251"
 129      AAD493C5 
 129      ADC462BF 
 129      4ABDBA76 
 129      A9
 130 0689 4BEB2FF5 		.ascii	"K\353/\365\03285\255\273\324i\262\324k\365K\275\016"
 130      1A3835AD 
 130      BBD469B2 
 130      D46BF54B 
 130      BD0E
 131 069b A58E4D9D 		.ascii	"\245\216M\235\225d\212R\317\243R\257\027\245.\325*u"
 131      95648A52 
 131      CFA352AF 
 131      17A52ED5 
 131      2A75
 132 06ad 3AEFF06A 		.ascii	":\357\360j\237\245.H\010\304\021\353|\224z\003J\235"
 132      9FA52E48 
 132      08C411EB 
 132      7C947A03 
 132      4A9D
 133 06bf 417BD09D 		.ascii	"A{\320\235\337\3774}M\231\370\234\272\210\216+|\220"
 133      DFFF347D 
 133      4D99F89C 
 133      BA888E2B 
 133      7C90
 134 06d1 5E1660DB 		.ascii	"^\026`\333\213\215b/\256\227\257\317\013\361N\365&\231"
 134      8B8D622F 
 134      AE97AFCF 
 134      0BF14EF5 
 134      2699
 135 06e3 6A42B2CD 		.ascii	"jB\262\315j52\260\032\013&V\025\007\312\325Xo[\215c"
 135      6A3532B0 
 135      1A0B2656 
 135      1507CAD5 
 135      586F5B8D 
 136 06f8 15DBA706 		.ascii	"\025\333\247\006\332Wc\213L5@[i5\272\253TC\3653\377"
 136      DA57638B 
 136      4C35405B 
 136      6935BAAB 
 136      5443F533 
 137 070d D4B0B299 		.ascii	"\324\260\262\2312\325\300m\323\367\312\222\251\006h"
 137      32D5C06D 
 137      D3F7CA92 
 137      A90668
 138 071c 3B797DA6 		.ascii	";y}\246R\015\257\317\035x\355\220\251\006.[\337k\247"
 138      520DAFCF 
 138      1D78ED90 
 138      A9062E5B 
 138      DF6BA7
 139 072f 4C354039 		.ascii	"L5@9\344\365\271J5\274\276p\340\265K\246\032\270\335"
 139      E4F5B94A 
ARM GAS  C:\Users\CYIRKO~1\AppData\Local\Temp\ccxyePdy.s 			page 11


 139      35BCBE70 
 139      E0B54BA6 
 139      1AB8DD
 140 0742 FA5EB932 		.ascii	"\372^\2712\325\000\345\221\327\027*\325\360\372\322"
 140      D500E591 
 140      D7172AD5 
 140      F0FAD2
 141 0751 81D71E99 		.ascii	"\201\327\036\231j\340\362\365\275\366\312T\003\264\217"
 141      6AE0F2F5 
 141      BDF6CA54 
 141      03B48F
 142 0760 BCBE54A9 		.ascii	"\274\276T\251\206\327W\016\274\366\313T\003w@\337\353"
 142      86D7570E 
 142      BCF6CB54 
 142      037740DF 
 142      EB
 143 0771 A04C3540 		.ascii	"\240L5@\005\344\365\225J5\274\276v\340uH\246\032\270"
 143      05E4F595 
 143      4A35BCBE 
 143      76E07548 
 143      A61AB8
 144 0784 C3FA5E47 		.ascii	"\303\372^Gd\252\001:J^_\333{\205\266\250T\247\313T\337"
 144      64AA013A 
 144      4A5E5FDB 
 144      7B85B6A8 
 144      54A7CB54 
 145 0799 F52BD585 		.ascii	"\365+\325\205\265S]Q\177\252\213\340\324\254\356T\037"
 145      B5535D51 
 145      7FAA8BE0 
 145      D4ACEE54 
 145      1F
 146 07aa 93A93EAE 		.ascii	"\223\251>\256\237\352\023H\365\231\264\2037\202D\252"
 146      9FEA1348 
 146      F599B483 
 146      378244AA 
 147 07ba 1329D527 		.ascii	"\023)\325'E\252+\264R}\212\207\270\320g\252Kx\252\351"
 147      45AA2BB4 
 147      527D8A87 
 147      B8D067AA 
 147      4B78AAE9 
 148 07ce 8813     		.ascii	"\210\023"
 149 07d0 3E527D1A 		.ascii	">R}\032\251>C{\360\021\277\377R\324\241k\241\236T\337"
 149      A93E437B 
 149      F011BFFF 
 149      52D4A16B 
 149      A19E54DF 
 150 07e4 C15558B7 		.ascii	"\301UX\267\2640\310\266\027g\345^\224\255\271\032\350"
 150      B430C8B6 
 150      1767E55E 
 150      94ADB91A 
 150      E8
 151 07f5 9DEA7332 		.ascii	"\235\352s2\325\204d\347\325j\234\301j\\\316\237P\363"
 151      D58464E7 
 151      D56A9CC1 
 151      6A5CCE9F 
 151      50F3
 152 0807 E5D649DB 		.ascii	"\345\326I\333f\354\234rmy\270\327\013c\262\324\340\\"
ARM GAS  C:\Users\CYIRKO~1\AppData\Local\Temp\ccxyePdy.s 			page 12


 152      66EC9C72 
 152      6D79B8D7 
 152      0B63B2D4 
 152      E05C
 153 0819 A4CDF848 		.ascii	"\244\315\370H\225\032\246\037\373g\206\215\275$K\015"
 153      951AA61F 
 153      FB67868D 
 153      BD244B0D 
 154 0829 DC656DAD 		.ascii	"\334em\255+2\324\340\\%\255\217U\250\241\365\211\003"
 154      2B32D4E0 
 154      5C25AD8F 
 154      55A8A1F5 
 154      8903
 155 083b AD62196A 		.ascii	"\255b\031j\340J\264\265Je\247\301\271FZ\237\250NC\253"
 155      E04AB4B5 
 155      4A65A7C1 
 155      B9465A9F 
 155      A84E43AB 
 156 084f 8B03AD32 		.ascii	"\213\003\2552\331i\340\256kk\335\220\231\006\347&iu"
 156      D969E0AE 
 156      6B6BDD90 
 156      9906E726 
 156      6975
 157 0861 51998656 		.ascii	"Q\231\206VW\007Z\267d\246\201\273\255\255U.+\015\316"
 157      57075AB7 
 157      64A681BB 
 157      ADAD552E 
 157      2B0DCE
 158 0874 1DD2EAAA 		.ascii	"\035\322\352\252*\015\255n\016\264\356\312J\003wO[\253"
 158      2A0DAD6E 
 158      0EB4EECA 
 158      4A03774F 
 158      5BAB
 159 0886 42461A9C 		.ascii	"BF\032\234\373\244\325ME\032Z\237:\320z #\015\334Cm"
 159      FBA4D54D 
 159      451A5A9F 
 159      3AD07A20 
 159      230DDC43 
 160 089b AD47B2D1 		.ascii	"\255G\262\321\340<&\255O\355\241BTT\243O\311F?\367\253"
 160      E03C26AD 
 160      4FEDA142 
 160      5454A34F 
 160      C9463FF7 
 161 08b0 D14F6A37 		.ascii	"\321Oj7\272\272\376F?\205\323Ku7\272R6\372\231~\243"
 161      BABAFE46 
 161      3F85D34B 
 161      7537BA52 
 161      36FA997E 
 162 08c5 9FA3D187 		.ascii	"\237\243\321\207\223Kc\003D\243S\250\321U\242\321\325"
 162      934B6303 
 162      44A353A8 
 162      D155A2D1 
 162      D5
 163 08d6 5A8DAEE6 		.ascii	"Z\215\256\346\005~\342\263\321U\274\321t\304s\037\215"
 163      057EE2B3 
 163      D155BCD1 
 163      74C4731F 
ARM GAS  C:\Users\CYIRKO~1\AppData\Local\Temp\ccxyePdy.s 			page 13


 163      8D
 164 08e7 769BD4E8 		.ascii	"v\233\324\350(\372.\361\373\374\3765\217\226\357e\236"
 164      28FA2EF1 
 164      FBFCFE35 
 164      8F96EF65 
 164      9E
 165 08f8 464F62F4 		.ascii	"FOb\364\350\262\362\334\015mk\021mz.]Y\322\214\325/"
 165      E8B2F2DC 
 165      0D6D6B11 
 165      6D7A2E5D 
 165      59D28CD5 
 166 090d BCF231DA 		.ascii	"\274\3621\332\024\215&$\2131k6\203\303\351\245\257\351"
 166      148D2624 
 166      8B316B36 
 166      83C3E9A5 
 166      AFE9
 167 091f C9E782E5 		.ascii	"\311\347\202\345jT\331V\343\336\335\023\007\203\274"
 167      6A54D956 
 167      E3DEDD13 
 167      0783BC
 168 092e 5E133345 		.ascii	"^\0233E\244\001\032k\362\325x_E\032\252\037\370\247"
 168      A4011A6B 
 168      F2D5785F 
 168      451AAA1F 
 168      F8A7
 169 0940 868D1D67 		.ascii	"\206\215\035g\212H\003\027\253\3575\336\024\225\006"
 169      8A480317 
 169      ABEF35DE 
 169      149506
 170 094f 6802797D 		.ascii	"h\002y}\240*\015\257\216\016\274&\232\242\322\300M\322"
 170      A02A0DAF 
 170      8E0EBC26 
 170      9AA2D2C0 
 170      4DD2
 171 0961 F79A6C8A 		.ascii	"\367\232l\212L\0034\205\274:\252L\303+\322\201\327T"
 171      4C033485 
 171      BC3AAA4C 
 171      C32BD281 
 171      D754
 172 0973 53641AB8 		.ascii	"Sd\032\270i\372^\323M\321i\200f\220W\244\3524\274>t"
 172      69FA5ED3 
 172      4DD16980 
 172      669057A4 
 172      EA34BC3E 
 173 0988 E035D314 		.ascii	"\3405\323\024\235\006n\226\276\327lS\204\032\2409\344"
 173      9D066E96 
 173      BED76C53 
 173      841AA039 
 173      E4
 174 0999 F5A10A35 		.ascii	"\365\241\0125\274:9\360\232k\212P\0037O\337+\316\024"
 174      BC3A39F0 
 174      9A6B8A50 
 174      03374FDF 
 174      2BCE14
 175 09ac A506683E 		.ascii	"\245\006h>yuR\245\206Wg\007^\013LQj\340\026\352{\305"
 175      797552A5 
 175      86576707 
ARM GAS  C:\Users\CYIRKO~1\AppData\Local\Temp\ccxyePdy.s 			page 14


 175      5E0B4C51 
 175      6AE016EA 
 176 09c2 9B22D500 		.ascii	"\233\"\325\000-\"\257\316\366^\241-*\325\3252\325+\232"
 176      2D22AFCE 
 176      F65EA12D 
 176      2AD5D532 
 176      D52B9A
 177 09d5 F993EA04 		.ascii	"\371\223\352\004\263V\252Sg\325\233\352D8\275\\w\252"
 177      B356AA53 
 177      67D59BEA 
 177      4438BD5C 
 177      77AA
 178 09e7 179B22D5 		.ascii	"\027\233\"\325KL\355T'\231\224\352\231\017\222/\311"
 178      4B4CED54 
 178      279994EA 
 178      990F922F 
 178      C9
 179 09f8 54AFA554 		.ascii	"T\257\245T/5=\251N\235\245\223\352ef[z\274>R}<%\020"
 179      2F353DA9 
 179      4E9DA593 
 179      EA65665B 
 179      7ABC3E52 
 180 0a10 47F053D7 		.ascii	"G\360S\327\231\352\345Hu2\355\001\271\025WW\233\236"
 180      99EAE548 
 180      7532ED01 
 180      B9155757 
 180      9B9E
 181 0a22 52A750A9 		.ascii	"R\247P\251\237<8\2746\304\266\026)b-\236\315\277p\274"
 181      9F3C38BC 
 181      36C4B616 
 181      29622D9E 
 181      CDBF70BC 
 182 0a36 8177A957 		.ascii	"\201w\251W\310R\023\221\255T\233\221\214\315\310\232"
 182      C8521391 
 182      AD549B91 
 182      8CCDC89A 
 183 0a46 91BEB1E6 		.ascii	"\221\276\261\34651\376\200k6#\351\336\252L\257/\264"
 183      3531FE80 
 183      6B3623E9 
 183      DEAA4CAF 
 183      2FB4
 184 0a58 5265A901 		.ascii	"Re\251\001ZE\233\321V\225\032\246\357\370\247\206\215"
 184      5A459BD1 
 184      56951AA6 
 184      EFF8A786 
 184      8D
 185 0a69 5D2D4B0D 		.ascii	"]-K\015\334\032}\2574Yj\200\326\222\327;\252\324\360"
 185      DC1A7DAF 
 185      34596A80 
 185      D692D73B 
 185      AAD4F0
 186 0a7c 6AE7C06B 		.ascii	"j\347\300k\235,5p\353\365\275\322e\251\001\332@^\355"
 186      9D2C3570 
 186      EBF5BDD2 
 186      65A901DA 
 186      405EED
 187 0a8f 54A9E1F5 		.ascii	"T\251\341\365\256\003\257\014Yj\3406\352{m\222\245\006"
ARM GAS  C:\Users\CYIRKO~1\AppData\Local\Temp\ccxyePdy.s 			page 15


 187      AE03AF0C 
 187      596AE036 
 187      EA7B6D92 
 187      A506
 188 0aa1 683379BD 		.ascii	"h3y\275\253J\015\257\366\016\274\266\310R\003\267U\337"
 188      AB4A0DAF 
 188      F60EBCB6 
 188      C85203B7 
 188      55DF
 189 0ab3 2B53961A 		.ascii	"+S\226\032\240m\344\325^\225\032^\035\034xe\311R\003"
 189      A06DE4D5 
 189      5E951A5E 
 189      1D1C7865 
 189      C95203
 190 0ac6 B75DDF6B 		.ascii	"\267]\337k\207,5@\331\344\325A\225\032^\3579\360\332"
 190      872C3540 
 190      D9E4D541 
 190      951A5EEF 
 190      39F0DA
 191 0ad9 294B0D5C 		.ascii	")K\015\\\216\276\327.Yj\200v\223\327{\366\\!-\252\324"
 191      8EBED72E 
 191      596A8076 
 191      93D77BF6 
 191      5C212DAA 
 192 0aee CBC4ADC4 		.ascii	"\313\304\255\304\014\277J\235[\273\324\233\352/u\036"
 192      0CBF4A9D 
 192      5BBBD49B 
 192      EA2F751E 
 193 0afe 9C9AD75D 		.ascii	"\234\232\327]\352=\262\324\371\372\245\336\213\032\346"
 193      EA3DB2D4 
 193      F9FAA5DE 
 193      8B1AE6
 194 0b0d 6E482D92 		.ascii	"nH-\222\245\336L\245\336'J\275I\253\324\373y\207s}\226"
 194      A5DE4CA5 
 194      DE274ABD 
 194      49ABD4FB 
 194      7987737D 
 195 0b22 FA362F35 		.ascii	"\3726/5\035\261\327G\251\017\240\324\007i\017^\247\027"
 195      1DB1D747 
 195      A90FA0D4 
 195      07690F5E 
 195      A717
 196 0b34 A852A3D2 		.ascii	"\250R\243\322\203<\251\336M\251~\370\344\371{\266\265"
 196      833CA9DE 
 196      4DA97EF8 
 196      E4F97BB6 
 196      B5
 197 0b45 28106B91 		.ascii	"(\020k\221\2201\201\1771\353U\352C\262\324Dd\207\325"
 197      9031817F 
 197      31EB55EA 
 197      43B2D444 
 197      6487D5
 198 0b58 661CC466 		.ascii	"f\034\304f\334\254\314*\253yIl\237m3F\257)*\365\372"
 198      DCACCC2A 
 198      AB79496C 
 198      9F6D3346 
 198      AF292AF5 
ARM GAS  C:\Users\CYIRKO~1\AppData\Local\Temp\ccxyePdy.s 			page 16


 199 0b6d 3EF31159 		.ascii	">\363\021Yj\200\216\322f\274\256J\015\3237\3742\303"
 199      6A808ED2 
 199      66BCAE4A 
 199      0DD337FC 
 199      32C3
 200 0b7f C216CA50 		.ascii	"\302\026\312P\203V\244\257uL\206\032\240\343\244\365"
 200      8356A4AF 
 200      754C861A 
 200      A0E3A4F5 
 201 0b8f 860A35B4 		.ascii	"\206\0125\264Z\373\257uBv\032\264\223\372Z\247d\247"
 201      5AFBAF75 
 201      42761AB4 
 201      93FA5AA7 
 201      64A7
 202 0ba1 013A4D5A 		.ascii	"\001:MZ\255U\247\241\365\246\377Zgd\246A;\253\257uN"
 202      AD55A7A1 
 202      F5A6FF5A 
 202      6764A641 
 202      3BABAF75 
 203 0bb6 661AA0F3 		.ascii	"f\032\240\363\244\365\246\3124\264\336\362_\353\202"
 203      A4F5A6CA 
 203      34B4DEF2 
 203      5FEB82
 204 0bc5 AC346817 		.ascii	"\2544h\027\365\265.\311J\003t\231\264\336R\225\206\326"
 204      F5B52EC9 
 204      4A037499 
 204      B4DE5295 
 204      86D6
 205 0bd7 DBFE6B5D 		.ascii	"\333\376k]\221\221\006\355\252\276V\261\2144@%\244\365"
 205      919106ED 
 205      AABE56B1 
 205      8C344025 
 205      A4F5
 206 0be9 B68A34B4 		.ascii	"\266\2124\264\332\370\257U*\033\015\3325}\2552\331h"
 206      DAF8AF55 
 206      2A1B0DDA 
 206      357DAD32 
 206      D968
 207 0bfb 80AE9356 		.ascii	"\200\256\223V\033{\250\020\025\325\350\375\262\321\227"
 207      1B7BA810 
 207      15D5E8FD 
 207      B2D197
 208 0c0a FC6AF48D 		.ascii	"\374j\364\215\332\215\276R\177\243o\302\251E\335\215"
 208      DA8DBE52 
 208      7FA36FC2 
 208      A945DD8D 
 209 0c1a BE251B7D 		.ascii	"\276%\033}[\277\321\345h\364\323\342\334\211\362\305"
 209      5BBFD1E5 
 209      68F4D3E2 
 209      DC89F2C5 
 210 0c2a E96C6AF4 		.ascii	"\351lj\364\035\321\350+Z\215\276\313\013|\303g\243\363"
 210      1DD1E82B 
 210      5A8DBECB 
 210      0B7CC367 
 210      A3F3
 211 0c3c 5604E288 		.ascii	"V\004\342\210r\037\215\276\207FW\320\0324\347\367\037"
 211      721F8DBE 
ARM GAS  C:\Users\CYIRKO~1\AppData\Local\Temp\ccxyePdy.s 			page 17


 211      874657D0 
 211      1A34E7F7 
 211      1F
 212 0c4d 2FCA5A2C 		.ascii	"/\312Z,^\370\270H\215.\314<@\237\335\326\354\305}\261"
 212      5EF8B848 
 212      8D2ECC3C 
 212      409FDDD6 
 212      ECC57DB1 
 213 0c61 1773D34E 		.ascii	"\027s\323NG\275\360\351\364\003\031iB\262\207j5*\260"
 213      47BDF0E9 
 213      F4031969 
 213      42B2876A 
 213      352AB0
 214 0c74 1AB39F5D 		.ascii	"\032\263\237]\245\327\362<\253q\307\266\032\225\261"
 214      A5D7F23C 
 214      AB71C7B6 
 214      1A95B1
 215 0c83 1763BCBE 		.ascii	"\027c\274\276\320z$#\015\320cZ\215\346*\322Pm\341\237"
 215      D07A2423 
 215      0DD0635A 
 215      8DE62AD2 
 215      506DE19F 
 216 0c97 1A56F689 		.ascii	"\032V\366\211\2544pO\365\275*e\245\001zF^-T\245\341"
 216      AC34704F 
 216      F5BD2A65 
 216      A5017A46 
 216      5E2D54A5 
 217 0cac F58A03AF 		.ascii	"\365\212\003\257\3472\323\300U\351{U\313L\003\344\266"
 217      E732D3C0 
 217      55E97B55 
 217      CB4C03E4 
 217      B6
 218 0cbd B8D72B2A 		.ascii	"\270\327+*\323\360j\351\300+\312\022\235\006.\332\322"
 218      D3F06AE9 
 218      C02BCA12 
 218      9D062EDA 
 218      D2
 219 0cce F61A6D89 		.ascii	"\366\032m\211N\003\024C^-U\247\341\365\252\003\2571"
 219      4E031443 
 219      5E2D55A7 
 219      E1F5AA03 
 219      AF31
 220 0ce0 96083570 		.ascii	"\226\0105pc\365\275\306Y\"\324\000\305\222\327\253*"
 220      63F5BDC6 
 220      5922D400 
 220      C592D7AB 
 220      2A
 221 0cf1 D4F06AE5 		.ascii	"\324\360j\345\300k\274%J\015\334\004}\257\211\226(5"
 221      C06BBC25 
 221      4A0DDC04 
 221      7DAF8996 
 221      2835
 222 0d03 4093C8AB 		.ascii	"@\223\310\253\225*5\274^s\3405\331\022\251\006n\212"
 222      952A35BC 
 222      5E73E035 
 222      D912A906 
 222      6E8A
ARM GAS  C:\Users\CYIRKO~1\AppData\Local\Temp\ccxyePdy.s 			page 18


 223 0d15 BED7544B 		.ascii	"\276\327TK\244\032\240i\344\365\232\275Wh\213J\365]"
 223      A41AA069 
 223      E4F59ABD 
 223      57688B4A 
 223      F55D
 224 0d27 99EA5B7E 		.ascii	"\231\352[~\245z\272U+\325\345\365\247z\006\234^\251"
 224      A57ABA55 
 224      2BD5E5F5 
 224      A77A069C 
 224      5EA9
 225 0d39 3BD5332D 		.ascii	";\3253-\221\352Y\226v\252g[\224\352\351\027\343\377"
 225      91EA5996 
 225      76AA675B 
 225      94EAE917 
 225      E3FF
 226 0d4b 2E4A9D4F 		.ascii	".J\235O\245\236cyJ]\256U\352\271V[z\270\276\376\027"
 226      A59E6379 
 226      4A5DAE55 
 226      EAB9565B 
 226      7AB8BEFE 
 227 0d60 352F351D 		.ascii	"5/5\035\301\317\\g\251\347YT\3528\213\257A#~\377\375"
 227      C1CF5C67 
 227      A9E75954 
 227      EA388BAF 
 227      41237EFF 
 228 0d75 556BC705 		.ascii	"Uk\307\005{J\375\214J\275+\372x\251e[\213\371\226\347"
 228      7B4AFD8C 
 228      4ABD2BFA 
 228      78A9655B 
 228      8BF996E7 
 229 0d89 CAED3FB5 		.ascii	"\312\355?\265}\263\345]\352\005\226(5!\331B\265\031"
 229      7DB3E55D 
 229      EA059628 
 229      3521D942 
 229      B519
 230 0d9b 1CCE3F62 		.ascii	"\034\316?bC\364\322E5/\211\361G\\\263\031\251\005\371"
 230      43F4D245 
 230      352F89F1 
 230      475CB319 
 230      A905F9
 231 0dae D7BCFE33 		.ascii	"\327\274\3763P\274%J\015\320\"\332\214F\252\324Pm\354"
 231      50BC254A 
 231      0DD022DA 
 231      8C46AAD4 
 231      506DEC
 232 0dc1 9F1A3636 		.ascii	"\237\03266\301\022\245\006.Q\337k\261%J\015\320\022"
 232      C112A506 
 232      2E51DF6B 
 232      B1254A0D 
 232      D012
 233 0dd3 F26AAC4A 		.ascii	"\362j\254J\015\257&\016\274\222,Qj\340\226\352{-\263"
 233      0DAF260E 
 233      BC922C51 
 233      6AE096EA 
 233      7B2DB3
 234 0de6 44A9015A 		.ascii	"D\251\001ZN^MT\251\341\325\324\201W\262,5p)\372^+d\251"
 234      4E5E4D54 
ARM GAS  C:\Users\CYIRKO~1\AppData\Local\Temp\ccxyePdy.s 			page 19


 234      A9E1D5D4 
 234      8157B22C 
 234      357029FA 
 235 0dfe 015A495E 		.ascii	"\001ZI^MU\251\341\325\314\201W\252,5p\253\364\275V\313"
 235      4D55A9E1 
 235      D5CC8157 
 235      AA2C3570 
 235      ABF4BD56 
 236 0e13 5203B486 		.ascii	"R\003\264\206\274\232\251R\303\353%\007^i\262\324\300"
 236      BC9AA952 
 236      C3EB2507 
 236      5E69B2D4 
 236      C0
 237 0e24 ADD5F75A 		.ascii	"\255\325\367Z'K\015\320z\362zI\225\032^/;\360J\227\245"
 237      274B0DD0 
 237      7AF27A49 
 237      951A5E2F 
 237      3BF04A97 
 238 0e39 066E83BE 		.ascii	"\006n\203\276W\206,5@\033\311\353e{\257\320\026U\352"
 238      57862C35 
 238      401BC9EB 
 238      657BAFD0 
 238      1655EA
 239 0e4c B9E256E2 		.ascii	"\271\342V\342\023\277J\275\251v\251+\353/\365f8\265"
 239      13BF4ABD 
 239      A976A92B 
 239      EB2FF566 
 239      38B5
 240 0e5e ACBBD45B 		.ascii	"\254\273\324[d\251\267\352\227:\023\245\216\33347/P"
 240      64A9B7EA 
 240      973A13A5 
 240      8EDB3437 
 240      2F50
 241 0e70 A4FA30A5 		.ascii	"\244\3720\245z\233Hu\245V\252\263x\2107\371L\365C\236"
 241      7A9B4875 
 241      A556AAB3 
 241      788837F9 
 241      4CF5439E 
 242 0e84 6A3A22D3 		.ascii	"j:\"\323G\252\267#\325;h\017\202\371\375\363\242\247"
 242      47AAB723 
 242      D53B680F 
 242      82F9FDF3 
 242      A2A7
 243 0e96 CEB03CA9 		.ascii	"\316\260<\251\236G?<;e\177\3361\3737\231\263\305^\234"
 243      9E473F3C 
 243      3B657FDE 
 243      31FB3799 
 243      B3C55E9C 
 244 0eaa BB3227FF 		.ascii	"\2732'\377\205O\252w\312T\023\222\345\250\325\330\201"
 244      854FAA77 
 244      CA541392 
 244      E5A8D5D8 
 244      81
 245 0ebb D5884FBB 		.ascii	"\325\210O\273w\250\346\033\315\333l\253\2610\367\362"
 245      77A8E61B 
 245      CDDB6CAB 
 245      B130F7F2 
ARM GAS  C:\Users\CYIRKO~1\AppData\Local\Temp\ccxyePdy.s 			page 20


 246 0ecb 4EEFD7C4 		.ascii	"N\357\327\304d\252\001\332M\253\021\254R\015\325\020"
 246      64AA01DA 
 246      4DAB11AC 
 246      520DD510 
 247 0edb FFD4B0B2 		.ascii	"\377\324\260\262\2712\325\300\345\351{\355\221\251\006"
 247      B932D5C0 
 247      E5E97BED 
 247      91A906
 248 0eea 289FBC42 		.ascii	"(\237\274BT\252\341\025\352\300k\257L5p\373\364\275"
 248      54AAE115 
 248      EAC06BAF 
 248      4C3570FB 
 248      F4BD
 249 0efc F6CB5403 		.ascii	"\366\313T\003t\200\274BU\252\341\025\346\300\353\240"
 249      7480BC42 
 249      55AAE115 
 249      E6C0EBA0 
 250 0f0c 4C357005 		.ascii	"L5p\005\372^\207d\252\001:L^a*\325\360\012w\340uD\246"
 250      FA5E8764 
 250      AA013A4C 
 250      5E612AD5 
 250      F00A77E0 
 251 0f23 1AB8A3FA 		.ascii	"\032\270\243\372^\2052\325\000\025\221W\270J5\274\""
 251      5E8532D5 
 251      00159157 
 251      B84A35BC 
 251      22
 252 0f34 1C781D93 		.ascii	"\034x\035\223\251\006\356\270\276\327\011\231j\200N"
 252      A906EEB8 
 252      BED70999 
 252      6A804E
 253 0f43 9257844A 		.ascii	"\222W\204J5\274\032:\360:%S\015\334i}\25732\325\000"
 253      35BC1A3A 
 253      F03A2553 
 253      0DDC697D 
 253      AF3332D5 
 254 0f58 9D25AF86 		.ascii	"\235%\257\206\366^\241-*\325Yt\353\026\375\350\342l"
 254      F65EA12D 
 254      2AD55974 
 254      EB16FDE8 
 254      E26C
 255 0f6a FC3C3B2A 		.ascii	"\374<;*5\201ggZ\201\313p\271\372\364\356\376S\317\177"
 255      35816767 
 255      5A81CB70 
 255      B9FAF4EE 
 255      FE53CF7F 
 256 0f7e 0EFF79F8 		.ascii	"\016\377y\370\320\277\376\363\353\360\021?\375Bo\217"
 256      D0BFFEF3 
 256      EBF0113F 
 256      FD426F8F 
 257 0f8e F8B353D7 		.ascii	"\370\263S\327.\221#\376\214\374\347?\376\210\0349\342"
 257      2E9123FE 
 257      8CFCE73F 
 257      FE881C39 
 257      E2
 258 0f9f DF       		.ascii	"\337"
 259 0fa0 7FFD1939 		.ascii	"\177\375\0319t\330\300\217:G\016\030\320+\262\357\340"
ARM GAS  C:\Users\CYIRKO~1\AppData\Local\Temp\ccxyePdy.s 			page 21


 259      74D8C08F 
 259      3A470E18 
 259      D02BB2EF 
 259      E0
 260 0fb1 7E83FEDB 		.ascii	"~\203\376\333\231\336\365\267\221\374\367\037\177\374"
 260      99DEF5B7 
 260      91FCF71F 
 260      7FFC
 261 0fbf DAF11757 		.ascii	"\332\361\027W\340/#\376\365\333\360\337\003~\0379|\304"
 261      E02F23FE 
 261      F5DBF0DF 
 261      037E1F39 
 261      7CC4
 262 0fd1 C8FF01EE 		.ascii	"\310\377\001\356i\021P"
 262      691150
 263              		.text
 264              		.section	.gnu.lto__pal_lld_setgroupmode.5638dfef,"",%progbits
 265 0000 789CA557 		.ascii	"x\234\245WkPU\327\025\336\353\354s\037\\\356\005\037"
 265      6B5055D7 
 265      15DEEBEC 
 265      731F5CEE 
 265      051F
 266 0012 A9314A0C 		.ascii	"\2511J\014I\244D\203\242\230(c\034u\242VqxY\373#?\234"
 266      49A44483 
 266      A2982863 
 266      1C75A256 
 266      717859FB 
 267 0029 694D70AA 		.ascii	"iMp\252S(\014\020\247\235q\332\253\300\025\237\261\361"
 267      53280C10 
 267      A79D71DA 
 267      ABC0159F 
 267      B1F1
 268 003b 159930D0 		.ascii	"\025\2310\3206\206hD!`\002V[\004\0241\001C4M\200\230"
 268      36866844 
 268      21600256 
 268      5B041431 
 268      0143344D 
 269 0051 F844D158 		.ascii	"\370D\321X\025\264\"A\350Zk\237\313}H\307a`\346,\366"
 269      15B42241 
 269      E85A6B9F 
 269      CB7D48C7 
 269      6160E62C 
 270 0066 59FBFBD6 		.ascii	"Y\373\373\326^\337\336k\357\263\257Ih\"e\204\020[\204"
 270      5EDFDE6B 
 270      EFB3AF49 
 270      68226584 
 270      105B84
 271 0079 1087F181 		.ascii	"\020\207\361\201`\001\332\266F!\326Z5\220\252!5=7\\"
 271      6001DAB6 
 271      4621D65A 
 271      3590AA21 
 271      353D375C 
 272 008d 386D76B2 		.ascii	"8mv\262v]3\335\371\031\276\005\024F\343\233I3s\237\205"
 272      765D33DD 
 272      F919BE05 
 272      1446E39B 
 272      4933739F 
ARM GAS  C:\Users\CYIRKO~1\AppData\Local\Temp\ccxyePdy.s 			page 22


 273 00a2 FBCC6055 		.ascii	"\373\314`U\024\213\273a\005\273j\004h6\006\0062\320"
 273      148BBB61 
 273      05BB6A04 
 273      68360606 
 273      32D0
 274 00b4 E67607BA 		.ascii	"\346v\007\272\033v-(\333\202\375\216\315u\002\001\016"
 274      1B762D28 
 274      DB82FD8E 
 274      CD750201 
 274      0E
 275 00c5 35F8716B 		.ascii	"5\370qk\020\0005\234V\020\177\326\244n2[\254\001\266"
 275      1000359C 
 275      56107FD6 
 275      A46E325B 
 275      AC01B6
 276 00d8 40BB2308 		.ascii	"@\273#\010\360U\250\277w\344n\011\325\353\333*\265\011"
 276      F055A8BF 
 276      77E46E09 
 276      D5EBDB2A 
 276      B509
 277 00ea 454EFCAB 		.ascii	"EN\374\253\332\335ks9sF\027 `\217\001\202\"\230\200"
 277      DADD6B73 
 277      39734617 
 277      20608F01 
 277      82229880 
 278 00fe A8A6EC92 		.ascii	"\250\246\354\222\367\345VY \001t|\275\333\220w9\210"
 278      F7E55659 
 278      2001747C 
 278      BDDB9077 
 278      3988
 279 0110 5E3508C5 		.ascii	"^5\010\305\327\232\306\276\012\233\214\001\201\355u"
 279      D79AC6BE 
 279      0A9B8C01 
 279      81ED75
 280 011f 7FDB53EB 		.ascii	"\177\333S\353\010\337\353t\256sV\365\354\220\316\361"
 280      08DFEB74 
 280      AE7356F5 
 280      EC90CEF1 
 281 012f 0552C27E 		.ascii	"\005R\302~\220\030\020\366A\010|\004!\002]\002>\206"
 281      901810F6 
 281      41087C04 
 281      21025D02 
 281      3E86
 282 0141 7084F77D 		.ascii	"p\204\367}X\262\301*\343\231\372p\347\251|0\250'\017"
 282      58B2C12A 
 282      E399FA70 
 282      E7A97C30 
 282      A8270F
 283 0154 8CD899E5 		.ascii	"\214\330\231\345\\T u8\340O\326\005\0243\271\263l\357"
 283      5C542075 
 283      38E04FD6 
 283      051433B9 
 283      B36CEF
 284 0167 F640B994 		.ascii	"\366@\271\224\311\237o=\366\206\301m<0f\007sMp\320\237"
 284      C99F6F3D 
 284      F686C16D 
 284      3C306607 
ARM GAS  C:\Users\CYIRKO~1\AppData\Local\Temp\ccxyePdy.s 			page 23


 284      734D70D0 
 285 017c 6B127008 		.ascii	"k\022p\010\302\211\260y\355\276\013R\276\301\344\253"
 285      C289B079 
 285      EDBE0B52 
 285      BEC1E4AB 
 286 018c 672F5F87 		.ascii	"g/_\207\260\277\253\221\213G\377%\313y\312\251\027H"
 286      B0BFAB91 
 286      8B47FF25 
 286      CB79CAA9 
 286      1748
 287 019e 3394F8F2 		.ascii	"3\224\370\362\351\017\341\373\372\316\274k\225\313\230"
 287      E90FE1FB 
 287      FACEBC6B 
 287      95CB98
 288 01ad FAD3973D 		.ascii	"\372\323\227=.\253A\355\216\330\343\254\312\016%\342"
 288      2EAB41ED 
 288      8ED8E3AC 
 288      CA0E25E2 
 289 01bd 2703126F 		.ascii	"'\003\022oo?\321\240\311\345L\334Z\320p1\310 vx\210"
 289      6F3FD1A0 
 289      C9E54CDC 
 289      5AD07031 
 289      C8207678 
 290 01d2 E50312DB 		.ascii	"\345\003\022\333\276\315\332c\226\277e\342\215\255\345"
 290      BECDDA63 
 290      96BF65E2 
 290      8DADE5
 291 01e1 676D06F1 		.ascii	"gm\006\361\206\207\370\351\200\304m\217\232\235f\231"
 291      8687F8E9 
 291      80C46D8F 
 291      9A9D6699 
 292 01f1 CAC4A6CE 		.ascii	"\312\304\246\316\262\375\272A\274\344!V\014H\334r\273"
 292      B2FDBA41 
 292      BCE42156 
 292      0C48DC72 
 292      BB
 293 0202 EBAFBA5C 		.ascii	"\353\257\272\\\315\304\272\357\232\256\273Sm\361\020"
 293      CDC4BAEF 
 293      9AAEBB53 
 293      6DF110
 294 0211 8F0C48BC 		.ascii	"\217\014H\274T\332\273\323a\326\341\037\020\006\225"
 294      54DABBD3 
 294      61D6E11F 
 294      100695
 295 0220 F87C86CF 		.ascii	"\370|\206\317a|\312\360)\2050UYp\024\314 \204\355\377"
 295      617CCAF0 
 295      29853055 
 295      597014CC 
 295      2084EDFF 
 296 0234 A130CEA3 		.ascii	"\2410\316\243\366\322\217mr\015'\360\341\321G[\334\011"
 296      F6D28F6D 
 296      720D27F0 
 296      E1D1475B 
 296      DC09
 297 0246 7C5F3CEC 		.ascii	"|_<\354\335\376\3659\366x\012\360O\246\357lo+\325e\016"
 297      DDFEF539 
 297      F6780AF0 
ARM GAS  C:\Users\CYIRKO~1\AppData\Local\Temp\ccxyePdy.s 			page 24


 297      4FA6EF6C 
 297      6F2BD565 
 298 025b 30BFA3F7 		.ascii	"0\277\243\367\344\017\356\365=\267]:?pj\304\376\327"
 298      E40FEEF5 
 298      3DB75D3A 
 298      3F706AC4 
 298      FED7
 299 026d 00EC2A66 		.ascii	"\000\354*fo\271\371\316&\220\271\212}\315u3\313n\260"
 299      6FB9F9CE 
 299      2690B98A 
 299      7DCD7533 
 299      CB6EB0
 300 0280 EF79D8C7 		.ascii	"\357y\330\307\007`W3{\363\305\302\242\000\271I\2617"
 300      07605733 
 300      7BF3C5C2 
 300      A200B949 
 300      B137
 301 0292 565CF9B9 		.ascii	"V\\\371\271{\350\035\375\344\232\001\310\265\020v\350"
 301      7BE81DFD 
 301      E49A01C8 
 301      B51076E8 
 302 02a2 2BA872F6 		.ascii	"+\250r\366\366\255\307\"\216h-?7\362\227\300\265\256"
 302      F6ADC722 
 302      8E682D3F 
 302      37F297C0 
 302      B5AE
 303 02b4 099A28C4 		.ascii	"\011\232(\304\343Ta\365\343da\035\343t\231\005M\226"
 303      E35461F5 
 303      E364611D 
 303      E3749905 
 303      4D96
 304 02c6 0DA8A603 		.ascii	"\015\250\246\003\031c\307\032\2678\030\030D\315`F\017"
 304      1963C71A 
 304      B7381818 
 304      44CD6046 
 304      0F
 305 02d7 A3E670A6 		.ascii	"\243\346p\246\214\240\346HA\023\375\024P\354Q\344x\232"
 305      8CA0E648 
 305      4113FD14 
 305      50EC51E4 
 305      789A
 306 02e9 CC6832CF 		.ascii	"\314h2\317\360\004\216\301\246u,\317\006\355\032\313"
 306      F0048EC1 
 306      A6752CCF 
 306      06ED1ACB 
 307 02f9 B3F43E8E 		.ascii	"\263\364>\216\365=G\315P\316\366y\240]\374\002\001^"
 307      F53D47CD 
 307      50CEF679 
 307      A05DFC02 
 307      015E
 308 030b 24339E4C 		.ascii	"$3\236L\030\231p2/\221\231@f\"\231\0102\223\310L&3\205"
 308      18997032 
 308      2F919940 
 308      66229908 
 308      3293C84C 
 309 0322 CC543251 		.ascii	"\314T2Qd\246\221y\225\314t23\310D\223\231I\34652\263"
 309      64A69179 
ARM GAS  C:\Users\CYIRKO~1\AppData\Local\Temp\ccxyePdy.s 			page 25


 309      95CC7432 
 309      33C84493 
 309      9949E635 
 310 0338 C8CC2633 		.ascii	"\310\314&3\207\314\\2\257\223\231Gf>\231\005d\026\222"
 310      87CC5C32 
 310      AF939947 
 310      663E9905 
 310      641692
 311 034b 59442686 		.ascii	"YD&\206\314b2\261<\217q<1\361<'\011<\035\211<kKx\036"
 311      CC6232B1 
 311      3C8F713C 
 311      31F13C27 
 311      093C1D89 
 312 0364 85D888B5 		.ascii	"\205\330\210\265\211\307\351&\251\341?\331\016Y=\256"
 312      89C7E926 
 312      A9E13FD9 
 312      0E593DAE 
 313 0374 63CD6954 		.ascii	"c\315iT\254\37120_\332\350\274\354()\262\323\321g\001"
 313      ACF93230 
 313      5FDAE8BC 
 313      EC2829B2 
 313      D3D16701 
 314 0388 092770E9 		.ascii	"\011'p\351\256\302\272P.g\214\203(\201\254\016WCs\211"
 314      AEC2BA50 
 314      2E678C83 
 314      2881AC0E 
 314      57437389 
 315 039c 5434BBA2 		.ascii	"T4\273\242\235\350{P\025L4+hp\022i\034\274\336\0009"
 315      9DE87B50 
 315      154C342B 
 315      68701269 
 315      1CBCDE00 
 316 03b1 1087A0F2 		.ascii	"\020\207\240\362\332:\227U\305\006\250\363\216]I\261"
 316      DA3A9755 
 316      C506A8F3 
 316      8E5D49B1 
 317 03c1 1D2AF6F9 		.ascii	"\035*\366\371\346r\203\026\204\261!\302/V0\372}\023"
 317      E6728316 
 317      84B121C2 
 317      2F5630FA 
 317      7D13
 318 03d3 FB8CC8C1 		.ascii	"\373\214\310\301\212|\253?\261a*\261\372\017\216\364"
 318      8A7CAB3F 
 318      B1612AB1 
 318      FA0F8EF4 
 319 03e3 D8556226 		.ascii	"\330Ub&8\345\237\330p\304\371\006;L\301\206\253`\217"
 319      38E59FD8 
 319      70C4F906 
 319      3B4CC186 
 319      AB608F
 320 03f6 9A2F18B8 		.ascii	"\232/\030\270\021*\330\275\2159\017\244\012f\201z\377"
 320      112AD8BD 
 320      8D390FA4 
 320      0A66817A 
 320      FF
 321 0407 60231187 		.ascii	"`#\021\207\240\203\035\367\016\232\225\312`8\355\035"
 321      A0831DF7 
ARM GAS  C:\Users\CYIRKO~1\AppData\Local\Temp\ccxyePdy.s 			page 26


 321      0E9A95CA 
 321      6038ED1D 
 322 0417 BB8C628F 		.ascii	"\273\214b\217\244\367\302\213\243\330\243\216\202]9"
 322      A4F7C28B 
 322      A3D8A38E 
 322      825D39
 323 0426 D5672CC4 		.ascii	"\325g,\304\3003\003>\347\355\262\011?!\370\201\223W"
 323      C033033E 
 323      E7EDB209 
 323      3F21F881 
 323      9357
 324 0438 41E3B5CB 		.ascii	"A\343\265\313\227f\301m\316\317\244\332,\\Wm\236A\251"
 324      9766C16D 
 324      CECFA4DA 
 324      2C5C576D 
 324      9E41A9
 325 044b DABC529A 		.ascii	"\332\274R\232jcU\344KP\211\026\267\256Q\231\216B\027"
 325      6A6355E4 
 325      4B508916 
 325      B7AE5199 
 325      8E4217
 326 045e 2FC015C8 		.ascii	"/\300\025\310n\255\251\005\303\213\251\034\372\261\362"
 326      6EADA905 
 326      C38BA91C 
 326      FAB1F2
 327 046d A143252F 		.ascii	"\241C%/\340\013\265s\357\003\344\313\2474\221/c\035"
 327      E00BB573 
 327      EF03E4CB 
 327      A734912F 
 327      631D
 328 047f DD979BE0 		.ascii	"\335\227\233\340>hX\010Z\367'\027\321\237\3508r\255"
 328      3E685808 
 328      5AF72717 
 328      D19FE838 
 328      72AD
 329 0491 195D12D7 		.ascii	"\031]\022\327O\313+#W\234\343t\033zt\\\024m\177\031"
 329      4FCB2B23 
 329      579CE374 
 329      1B7A745C 
 329      146D7F19 
 330 04a5 3AE21DDD 		.ascii	":\342\035\335m\355\3501\341\314j-\214Ip\3441\315Lz\265"
 330      6DEDE831 
 330      E1CC6A2D 
 330      8C4970E4 
 330      31CD4C7A 
 331 04ba BC4FC9B7 		.ascii	"\274O\311\267\304\321r\3558\240t]\344\206\253\352<\337"
 331      C4D172ED 
 331      38A0745D 
 331      E486ABEA 
 331      3CDF
 332 04cc 5AA8799D 		.ascii	"Z\250y\235\271\270si\313\3226\245\375\311\307,\036,"
 332      B9B87369 
 332      CBD236A5 
 332      FDC9C72C 
 332      1E2C
 333 04de 0D94FDD3 		.ascii	"\015\224\375\3238E\336Kd\301%jTK\224\347j\016P\240\321"
 333      3845DE4B 
ARM GAS  C:\Users\CYIRKO~1\AppData\Local\Temp\ccxyePdy.s 			page 27


 333      64C1256A 
 333      544B94E7 
 333      6A0E50A0 
 334 04f3 88F3FEDC 		.ascii	"\210\363\376\334[@\2073\012t\307\265\301\244@\317\360"
 334      5B408733 
 334      0A74C7B5 
 334      C1A440CF 
 334      F0
 335 0504 528E56EB 		.ascii	"R\216V\353\206\036\032\026\275\012t\253\365\017\012"
 335      861E1A16 
 335      BD0A74AB 
 335      F50F0A
 336 0513 35065E0E 		.ascii	"5\006^\016\241Ui\207u\035\353\367I\345\034\213~\017"
 336      A1556987 
 336      751DEBF7 
 336      49E51C8B 
 336      7E0F
 337 0525 AF8A7863 		.ascii	"\257\212xcU\006\217Z+@aBT\242\375;\306\202;\346Kw\016"
 337      55068F5A 
 337      2B406142 
 337      54A2FD3B 
 337      C6823BE6 
 338 053c ED46A067 		.ascii	"\355F\240g\261\356\021\352\033}\034\372=\321\253)\372"
 338      B1EE11EA 
 338      1B7D1CFA 
 338      3DD1AB29 
 338      FA
 339 054d 3845DB72 		.ascii	"8E\333r~\215\202<\347]\200V,\300&\010!->qB\021\347\211"
 339      7E8D823C 
 339      E75D8056 
 339      2CC02608 
 339      212D3E71 
 340 0565 534B7142 		.ascii	"SKqB\021Q}\244\275='XA^\360.K\311\007\375\203\272\323"
 340      11517DA4 
 340      BD3D2758 
 340      415EF02E 
 340      4BC907FD 
 341 057c B9F602C8 		.ascii	"\271\366\002\310_\213W)\374>\006\344\313\347\341+\252"
 341      5F8B5729 
 341      FC3E06E4 
 341      CBE7E12B 
 341      AA
 342 058d 10ECFBA6 		.ascii	"\020\354\373\246\243\243\306\036Y\354\314^K]68\013\005"
 342      A3A3C61E 
 342      59ECCC5E 
 342      4B5D3638 
 342      0B05
 343 059f F01E5FB1 		.ascii	"\360\036_\261\340\034D\322\350\275\256\207\306\032\274"
 343      E01C44D2 
 343      E8BDAE87 
 343      C61ABC
 344 05ae 68CC494F 		.ascii	"h\314IO\377\252\214\307\361\320O\316.W}\240rR9c\027"
 344      FFAA8CC7 
 344      F1D04FCE 
 344      2E577DA0 
 344      72523963 
 345 05c3 E5B5AB7E 		.ascii	"\345\265\253~\022\371\374r(\374\275xB\026_{\262\370"
ARM GAS  C:\Users\CYIRKO~1\AppData\Local\Temp\ccxyePdy.s 			page 28


 345      12F9FC72 
 345      28FCBD78 
 345      42165F7B 
 345      B2F8
 346 05d5 37446248 		.ascii	"7DbH%\362\206[d\370 U}\303\361\200\342}\353V\265\301"
 346      25F2865B 
 346      64F82055 
 346      7DC3F180 
 346      E27DEB56 
 347 05eb 48F72563 		.ascii	"H\367%c-z\\\355\206\252\0118\000\372\225\252f\0036\021"
 347      2D7A5CED 
 347      86AA0938 
 347      00FA95AA 
 347      66033611 
 348 05ff 372C760D 		.ascii	"7,v\015EU\263'\213\026R5Q\251\272\351V\0251HU\255\034"
 348      4555B327 
 348      8B165235 
 348      51A9BAE9 
 348      56153148 
 349 0616 4FA378DF 		.ascii	"O\243x\337\261*:\322\014\015\223XX\204\322Pih\230\214"
 349      B12A3AD2 
 349      0C0D9358 
 349      5884D250 
 349      6968988C 
 350 062a 0710760D 		.ascii	"\007\020v\015E\303y\317\230\337\223\206\311t\022\265"
 350      45C379CF 
 350      98DF9386 
 350      C97412B5 
 351 063a D4B41D7C 		.ascii	"\324\264\035|E\015\021\310;B\360Ah\022]6\211\335gjz"
 351      450D11C8 
 351      3B42F041 
 351      68125D36 
 351      89DD676A 
 352 064f 0F46AB6E 		.ascii	"\017F\253n\032\260\376\364\356\217\354\352\320\264\300"
 352      1AB0FEF4 
 352      EE8FECEA 
 352      D0B4C0
 353 065e 0FFD68B3 		.ascii	"\017\375h\2638j\222<!]{\215\011\2312\310\011\271\300"
 353      386A923C 
 353      215D7B8D 
 353      099932C8 
 353      09B9C0
 354 0671 C9F135EE 		.ascii	"\311\3615\356\242{\231\335\213:Um\025\257)\212\302\001"
 354      A27B99DD 
 354      8B3A556D 
 354      15AF298A 
 354      C201
 355 0683 D0EF3B45 		.ascii	"\320\357;E\323\370\024\211RS4y\240)\372\323\223\246"
 355      D3F81489 
 355      52533479 
 355      A029FAD3 
 355      93A6
 356 0695 E892278B 		.ascii	"\350\222'\213\3134E\323X\236\245_^\267[\336\253\203"
 356      CB3445D3 
 356      589EA55F 
 356      5EB75BDE 
 356      AB83
ARM GAS  C:\Users\CYIRKO~1\AppData\Local\Temp\ccxyePdy.s 			page 29


 357 06a7 94778503 		.ascii	"\224w\205\003\353\024\370\252\277\274\351\217\311\233"
 357      EB14F8AA 
 357      BFBCE98F 
 357      C99B
 358 06b5 8103A0DF 		.ascii	"\201\003\240\337W^4\313\2331\024ym\236,\256\221\274"
 358      575E34CB 
 358      9B311479 
 358      6D9E2CAE 
 358      91BC
 359 06c7 689667A5 		.ascii	"h\226g\245\265fy?\2350\344\315\034\244\274\353\034\330"
 359      B566793F 
 359      9D30E4CD 
 359      1CA4BCEB 
 359      1CD8
 360 06d9 4481DBDD 		.ascii	"D\201\333\335\345\354\226\367\032\227\363L\337-9\013"
 360      E5EC96F7 
 360      1A97F34C 
 360      DF2D390B 
 361 06e9 BF95D8A5 		.ascii	"\277\225\330\245\304D\016$f\365\223\304\334\360\214"
 361      C4440E24 
 361      66F593C4 
 361      DCF08C
 362 06f8 7993C4CC 		.ascii	"y\223\304\314b1\001b[\210\022\223[g\210\231=H1?z\002"
 362      62310162 
 362      5B881293 
 362      5B678899 
 362      3D48313F 
 363 070e DFF21733 		.ascii	"\337\362\0273\207\305\314\366\0253\227\305\314\031\212"
 363      87C5CCF6 
 363      153397C5 
 363      CC198A
 364 071d 98FF78C6 		.ascii	"\230\377x\306\274Mb\346\012\336|\215\025\356\315\347"
 364      BC4D62E6 
 364      0ADE7C8D 
 364      15EECDE7 
 365 072d B5DB6C22 		.ascii	"\265\333l\"7HI\334XdH|}\220\022\357x\352\374\256\177"
 365      374849DC 
 365      5864487C 
 365      7D9012EF 
 365      78EAFCAE 
 366 0742 39CE7BAC 		.ascii	"9\316{\254\034\347\343\000\350\367-\307\005\\\216\363"
 366      1CE7E300 
 366      E8F72DC7 
 366      055C8EF3 
 367 0752 87528E1D 		.ascii	"\207R\216\035\236,:I\364\002\226\027\330/o\263[\336"
 367      9E2C3A49 
 367      F4029617 
 367      D82F6FB3 
 367      5BDE
 368 0764 C241CABB 		.ascii	"\302A\312\273\347\251\363\373\376\362\026=&/\006\007"
 368      E7A9F3FB 
 368      FEF2163D 
 368      262F0607 
 369 0774 40BFAFBC 		.ascii	"@\277\257\274\305,/f(\362\376\353\311\342\001\311[\314"
 369      C52C2F66 
 369      28F2FEEB 
 369      C9E201C9 
ARM GAS  C:\Users\CYIRKO~1\AppData\Local\Temp\ccxyePdy.s 			page 30


 369      5BCC
 370 0786 F2EC7CC5 		.ascii	"\362\354|\305TW\335\273+\325%0\226\256\206/{]Z\371\002"
 370      5457DDBB 
 370      2BD52530 
 370      96AE862F 
 370      7B5D5AF9 
 371 079b 19ABCEE7 		.ascii	"\031\253\316\347\223\225S\014\224\367\365@\307\253b"
 371      9395530C 
 371      94F7F540 
 371      C7AB62
 372 07aa 577F4938 		.ascii	"W\177I8\304\346:\016z\307U\334i\374\266\210\303o\271"
 372      C4E63A0E 
 372      7AC755DC 
 372      69FCB688 
 372      C36FB9
 373 07bd 4F50BEAD 		.ascii	"OP\276\255\306\251\273\313\261\316L\205\212\307o#\377"
 373      C6A9BBCB 
 373      B1CE4C85 
 373      8AC76F23 
 373      FF
 374 07ce 76F0     		.ascii	"v\360"
 375 07d0 BDD9C72B 		.ascii	"\275\331\307+XCg\262\202%\340\347\307\027\306w\342\004"
 375      584367B2 
 375      8225E0E7 
 375      C717C677 
 375      E204
 376 07e2 05FB3A43 		.ascii	"\005\373:C\241\022q#\370\242\370V\234H\250]\256[\235"
 376      A1127123 
 376      F8A2F856 
 376      9C48A85D 
 376      AE5B9D
 377 07f5 BF51B025 		.ascii	"\277Q\260%\352crx\375\027\2456\3651\001x\350\315\342"
 377      EA637278 
 377      FD17A536 
 377      F5310178 
 377      E8CDE2
 378 0808 BBF71256 		.ascii	"\273\367\022V\026D?\232n\341\345\375\332\373\026u\363"
 378      16443F9A 
 378      6EE1E5FD 
 378      DAFB1675 
 378      F3
 379 0819 14F4930A 		.ascii	"\024\364\223\012\320\215_\262_,\230\271l\336\312Uo\256"
 379      D08D5FB2 
 379      5F2C98B9 
 379      6CDECA55 
 379      6FAE
 380 082b 5A9AF976 		.ascii	"Z\232\371v\322\252\324eoQ;5c\352\214\351\221\251\031"
 380      D2AAD465 
 380      6F513B35 
 380      63EA8CE9 
 380      91A919
 381 083e 912B9727 		.ascii	"\221+\227'G\246\245\246gfD.\375U\334\264\250\310\330"
 381      47A6A5A6 
 381      6766442E 
 381      FD55DCB4 
 381      A8C8D8
 382 0851 D8F9910B 		.ascii	"\330\371\221\013\023c\022VGQ\327\257\323\360INN\232"
ARM GAS  C:\Users\CYIRKO~1\AppData\Local\Temp\ccxyePdy.s 			page 31


 382      13631256 
 382      4751D7AF 
 382      D3F0494E 
 382      4E9A
 383 0863 FC96D009 		.ascii	"\374\226\320\011\245\247,\317\370\235\236\222\232\264"
 383      A5A72CCF 
 383      F89D9E92 
 383      9AB4
 384 0871 42BEB92A 		.ascii	"B\276\271*S_\236\234\231nJ{;-)\335\222\232\221\266b"
 384      535F9E9C 
 384      996E4A7B 
 384      3B2D29DD 
 384      929A91B6 
 385 0886 4552BA39 		.ascii	"ER\27295\363\217i+\322M\004I\267R?1\264\224\251ZJ\224"
 385      35F38F69 
 385      2BD24D04 
 385      49B7523F 
 385      31B494A9 
 386 089d 96F2CAFF 		.ascii	"\226\362\312\377\000\3247\004\361"
 386      00D43704 
 386      F1
 387              		.text
 388              		.section	.gnu.lto_.symbol_nodes.5638dfef,"",%progbits
 389 0000 789C6365 		.ascii	"x\234ce`bPc\000\002\246\271L\365\014\014\023\31610\000"
 389      60625063 
 389      0002A6B9 
 389      4CF50C0C 
 389      13CE3130 
 390 0015 A95D0D8E 		.ascii	"\251]\015\216@\221yL\365\214(\"\014\000\271[\011 "
 390      4091794C 
 390      F58C2822 
 390      0C00B95B 
 390      0920
 391              		.text
 392              		.section	.gnu.lto_.refs.5638dfef,"",%progbits
 393 0000 789C6365 		.ascii	"x\234ce`b`d\000\002\000\000I\000\011"
 393      60626064 
 393      00020000 
 393      490009
 394              		.text
 395              		.section	.gnu.lto_.decls.5638dfef,"",%progbits
 396 0000 789CCD59 		.ascii	"x\234\315Y{P\224I\222\357\372\252\273\201\346\241\201"
 396      7B509449 
 396      92EFFAAA 
 396      BB81E6A1 
 396      81
 397 0011 EE861737 		.ascii	"\356\206\0277qK\314q3\304\335\316 \270\353l\354\353"
 397      714BCC71 
 397      33C4DDCE 
 397      20B8EB6C 
 397      ECEB
 398 0023 4601C51D 		.ascii	"F\001\305\035f$\232\331\331\330X\"\010Fp\206X\2449h"
 398      66249AD9 
 398      D9D85822 
 398      08467086 
 398      58A43968 
 399 0037 2F66FFB8 		.ascii	"/f\377\270\210\217\207\274\024y\010(\012\256\017\034"
ARM GAS  C:\Users\CYIRKO~1\AppData\Local\Temp\ccxyePdy.s 			page 32


 399      888F87BC 
 399      14790828 
 399      0AAE0F1C 
 400 0047 41509411 		.ascii	"AP\224\021\024\001\355A\344\015\"( \202\"\010\"\"\362"
 400      1401ED41 
 400      E40D2228 
 400      20822208 
 400      2222F2
 401 005a 50798872 		.ascii	"Py\210rYU_\323\305\327\315\355n\354\376q\035dW\345W"
 401      59555FD3 
 401      C5D7CDED 
 401      6EECFE71 
 401      1D6457E5 
 402 006f BF2F332B 		.ascii	"\277/3+3\253*\253Q)\004\305\223\037)\024.J\205\"\010"
 402      33AB2AAB 
 402      512904C5 
 402      931F2914 
 402      2E4A8522 
 403 0084 29148BF0 		.ascii	")\024\213\360\301\012\205\342\254\302\364\021\200\346"
 403      C10A85E2 
 403      ACC2F411 
 403      80E6
 404 0092 807E8D14 		.ascii	"\200~\215\024f\237ix\266\012\332/\200\034\201\326\002"
 404      669F6978 
 404      B60ADA2F 
 404      801C81D6 
 404      02
 405 00a3 BD007A1F 		.ascii	"\275\000z\037(\003\306\322\201\324@Y@\323\360\354 \264"
 405      2803C6D2 
 405      81D44059 
 405      40D3F0EC 
 405      20B4
 406 00b5 3F03CA04 		.ascii	"?\003\312\004:\004\264\021\350\237\341y\"\264\337\000"
 406      3A04B411 
 406      E89FE179 
 406      22B4DF00 
 407 00c5 0D41BF11 		.ascii	"\015A\277\021\310\005\372\365\320~\000m-\264n\320\326"
 407      C805FAF5 
 407      D07E006D 
 407      2DB46ED0 
 407      D6
 408 00d6 41BB01DA 		.ascii	"A\273\001\332&h\377\035\332\032h\377\003\332\033\320"
 408      2668FF1D 
 408      DA1A68FF 
 408      03DA1BD0 
 409 00e6 AE87F609 		.ascii	"\256\207\366\011\264O\201F\200\036\003\215\001=\003"
 409      B44F8146 
 409      801E038D 
 409      013D03
 410 00f5 7A0E340A 		.ascii	"z\0164\012\364\010h\230\233O\256\205\371\374\017\014"
 410      F4086898 
 410      9B4FAE85 
 410      F9FC0F0C 
 411 0105 DACAE6F3 		.ascii	"\332\312\346\363\013\300!\240\005\350WHs\363U0\333\311"
 411      0BC021A0 
 411      05E85748 
 411      73F35530 
ARM GAS  C:\Users\CYIRKO~1\AppData\Local\Temp\ccxyePdy.s 			page 33


 411      DBC9
 412 0117 DCD492BD 		.ascii	"\334\324\222\275\304Vb'\261\215\330ElB+\370\355 Fe\311"
 412      C4566227 
 412      B18DD845 
 412      6C422BF8 
 412      ED204665 
 413 012c 3555C27D 		.ascii	"5U\302}\324\213@%ZM\237\"\304\276\021%\312.\032?\010"
 413      D48B4025 
 413      5A4D9F22 
 413      C4BE1125 
 413      CA2E1A3F 
 414 0141 D1E7F054 		.ascii	"\321\347\360TPH\202\215\217\220\361\015\211\027$V\220"
 414      5048828D 
 414      8F90F10D 
 414      89172456 
 414      90
 415 0152 44D23FE9 		.ascii	"D\322?\351e\304Id\303L\223\361\243`pf\211\202Jgo#\301"
 415      65C44964 
 415      C34C93F1 
 415      A3607066 
 415      89824A67 
 416 0169 A40021FE 		.ascii	"\244\000!\376\005N 3[\032_\262Oa\232\0342\316~2\273"
 416      054E2033 
 416      5B1A5FB2 
 416      4F619A1C 
 416      32CE7E32 
 417 017e 7958F300 		.ascii	"yX\363\000\365\221\247\307>F\364\331\231\242\354!\033"
 417      F591A7C7 
 417      3E46F4D9 
 417      99A2EC21 
 417      1B
 418 018f 2C20D27F 		.ascii	", \322\1770\227\277\345\303\"\221}\254]Ln\273\025{>"
 418      3097BFE5 
 418      C322917D 
 418      AC5D4C6E 
 418      BB157B3E 
 419 01a3 07EFC7C8 		.ascii	"\007\357\307\310Q\203\224DN\313\341A\007`\327j\220\023"
 419      51839444 
 419      4ECBE141 
 419      0760D76A 
 419      9013
 420 01b5 B0C9056F 		.ascii	"\260\311\005o\177\304\006\017\011\300^\256z\346\316"
 420      7FC4060F 
 420      09C05EAE 
 420      7AE6CE
 421 01c4 D87780BB 		.ascii	"\330w\200\273\3227i\260e\330~D\336\025\223\343\355\330"
 421      D23769B0 
 421      65D87E44 
 421      DE1593E3 
 421      EDD8
 422 01d6 F02CE11B 		.ascii	"\360,\341\033:s\3075\370\237\250\376\361\330\241~[6"
 422      3A73C735 
 422      F89FA8FE 
 422      F1D8A17E 
 422      5B36
 423 01e8 B60ED8F6 		.ascii	"\266\016\330\366\211\346\\\211]\015lob\334Q5v\242\310"
 423      89E65C89 
ARM GAS  C:\Users\CYIRKO~1\AppData\Local\Temp\ccxyePdy.s 			page 34


 423      5D0D6C6F 
 423      62DC5135 
 423      76A2C8
 424 01fb BEFA8242 		.ascii	"\276\372\202Bb\320\373\032D\234\260\012\036\025\217"
 424      62D0FB1A 
 424      449CB00A 
 424      1E158F
 425 020a 95CFD9B3 		.ascii	"\225\317\331\263G\004\321\2362\225g\205\377\215\364"
 425      4704D19E 
 425      32956785 
 425      FF8DF4
 426 0219 85ECC6AE 		.ascii	"\205\354\306\256j%r\321|K\346e\250{\365~Z\274(\012\250"
 426      6A2572D1 
 426      7C4BE665 
 426      A87BF57E 
 426      5ABC280A 
 427 022e 1C69D025 		.ascii	"\034i\320%\004.@\037\022/\275\257\201\357\004Q\214\026"
 427      042E401F 
 427      122FBDAF 
 427      81EF0451 
 427      8C16
 428 0240 5363441B 		.ascii	"ScD\033o\005*B\357\240B\364\216\002]F.D,\301\2412xX"
 428      6F052A42 
 428      EFA042F4 
 428      8E025D46 
 428      2E442CC1 
 429 0258 0A0F4145 		.ascii	"\012\017AEA^\332\0115>\210\250\216\332\253\367\272\225"
 429      415EDA09 
 429      353E88A8 
 429      8EDAABF7 
 429      BA95
 430 026a 48E36251 		.ascii	"H\343bQ@\245\005\001\2221E\357\326\356!\306T\2001WL"
 430      40A50501 
 430      923145EF 
 430      D6EE21C6 
 430      54803157 
 431 027f C6806DCC 		.ascii	"\306\200m\314\365\003Wz\243\004\274@\225\240\303\025"
 431      F503577A 
 431      A304BC40 
 431      95A0C315 
 432 028f 2F1A55CC 		.ascii	"/\032U\314#\326\300>?p\243E\300\"\013\336pwL\266\032"
 432      23D6C03E 
 432      3F70A345 
 432      C0220BDE 
 432      70774CB6 
 433 02a4 C73126F5 		.ascii	"\3071&\365\315]Q\215\3673&\371\371\354q%\316d\314\335"
 433      CD5D518D 
 433      F73326F9 
 433      F9EC7125 
 433      CE64CCDD 
 434 02b8 98994E7B 		.ascii	"\230\231N{|\20426q\305\227/\332!g\362Y\343\354\354r"
 434      7C843236 
 434      71C5972F 
 434      DA2167F2 
 434      59E3ECEC 
 435 02cd 82D86EA8 		.ascii	"\202\330n\250k\376q\375\324#QL\267\243F]\007\243\032"
 435      6BFE71FD 
ARM GAS  C:\Users\CYIRKO~1\AppData\Local\Temp\ccxyePdy.s 			page 35


 435      D423514C 
 435      B7A3465D 
 435      07A31A
 436 02e0 D01AD364 		.ascii	"\320\032\323dJ\340K\201\334\340K\301^\230\377u\266h"
 436      4AE04B81 
 436      DCE04BC1 
 436      5E98FF75 
 436      B668
 437 02f2 88C5145D 		.ascii	"\210\305\024]-G\273\312\300\243\377i\002_\223\203\257"
 437      2D47BBCA 
 437      C0A3FF69 
 437      025F9383 
 437      AF
 438 0303 52D14588 		.ascii	"R\321E\210\223\315\301\253\344\360\357\344\226\364p"
 438      93CDC1AB 
 438      E4F0EFE4 
 438      96F470
 439 0312 688365E1 		.ascii	"h\203e\341\024\235F|\237*\212\037+\025\250\030\306\317"
 439      149D467C 
 439      9F2A8A1F 
 439      2B15A818 
 439      C6CF
 440 0324 D1218206 		.ascii	"\321!\202\006\367\243f\210\326\015\344\214\032\201\352"
 440      F7A36688 
 440      D60DE48C 
 440      1A81EA
 441 0333 816A81EA 		.ascii	"\201j\201\352\200\232\200j\2203]\024L_#\247\357{\213"
 441      809A806A 
 441      90335D14 
 441      4C5F23A7 
 441      EF7B8B
 442 0346 33E7E7D2 		.ascii	"3\347\347\322\350mB_\264<\027\006g\2511~\3251J\024\021"
 442      E86D425F 
 442      B43C1706 
 442      67A9317E 
 442      D5314A14 
 443 035b 8129A4B4 		.ascii	"\201)\244\264\220\226\343\265\267\261mj\374\230\306"
 443      9096E3B5 
 443      B7B16D6A 
 443      FC98C6
 444 036a 50C84B6A 		.ascii	"P\310Kj.\263Fk\\,\315\011\335\204\251\374-\323b\232"
 444      2EB3466B 
 444      5C2CCD09 
 444      DD84A9FC 
 444      2DD3629A 
 445 037e 87EBD5B0 		.ascii	"\207\353\325\260\376Q+\274\330bJIb\007Uo\\\322\216\322"
 445      FE512BBC 
 445      D8624A49 
 445      6207556F 
 445      5CD28ED2 
 446 0392 928E6F79 		.ascii	"\222\216oyyZ\300\363,\277\316W\306>s`\203\0062\270w"
 446      795AC0F3 
 446      2CBFCE57 
 446      C63E7360 
 446      830632B8 
 447 03a7 4F4AA215 		.ascii	"OJ\242\025\216\302tp:\277\344\2505\033\314'\203O\336"
 447      8EC27470 
ARM GAS  C:\Users\CYIRKO~1\AppData\Local\Temp\ccxyePdy.s 			page 36


 447      3ABFE4A8 
 447      351BCC27 
 447      834FDE
 448 03ba D43E55E1 		.ascii	"\324>U\341\0046X\324R\327+m2\011d\260c\246-^\203S\330"
 448      043658D4 
 448      52D72B6D 
 448      320964B0 
 448      63A62D5E 
 449 03d1 E0E293BB 		.ascii	"\340\342\223\273'm\330\340\004\341\223J\017\234\\\205"
 449      276DD8E0 
 449      04E1934A 
 449      0F9C5C85 
 450 03e1 B3D860C7 		.ascii	"\263\330`\307\360\361XiOi#\374\376\224\357.hp.\033\314"
 450      F0F15869 
 450      4F6923FC 
 450      FE94EF2E 
 450      68702E1B 
 451 03f6 1FCED92F 		.ascii	"\037\316\331/\015\376\014\330\322\226\313\367U8\217"
 451      0DFE0CD8 
 451      D296CBF7 
 451      55388F
 452 0405 8DF54E75 		.ascii	"\215\365Nu\306\333\342B\306\024/d\234V\343\022\306\264"
 452      C6DBE242 
 452      C6142F64 
 452      9C56E312 
 452      C6B4
 453 0417 E5E41A57 		.ascii	"\345\344\032W\332E\262\251%\027/Z\263]\354\330\032\242"
 453      DA45B2A9 
 453      25172F5A 
 453      B35DECD8 
 453      1AA2
 454 0429 21BBEFBC 		.ascii	"!\273\357\274\006\227S\254\375\233\007/\256\331\242"
 454      069753AC 
 454      FD9B072F 
 454      AED9A2
 455 0438 35CE4B1F 		.ascii	"5\316K\037\027g>\030\017!\030\3754\272\203R$\306!\022"
 455      17673E18 
 455      0F2118FD 
 455      34BA8352 
 455      24C62112 
 456 044c 43E0F527 		.ascii	"C\340\365'@O\201F\200\036\003\215\001=\003z\0164\012"
 456      404F8146 
 456      801E038D 
 456      013D037A 
 456      0E340A
 457 045f F40868D8 		.ascii	"\364\010h\330\224p$2\255\216\007D\261~=\215\315\005"
 457      94702432 
 457      AD8E0744 
 457      B17E3D8D 
 457      CD05
 458 0471 880D11B9 		.ascii	"\210\015\021\271\024\355\363\313\227\017\340\253\177"
 458      14EDF3CB 
 458      970FE0AB 
 458      7F
 459 047e 1345538E 		.ascii	"\023ES\216\300\037\310\341\313\226&\001o7\201\007\344"
 459      C01FC8E1 
 459      CB962601 
ARM GAS  C:\Users\CYIRKO~1\AppData\Local\Temp\ccxyePdy.s 			page 37


 459      6F378107 
 459      E4
 460 048f E0B3488E 		.ascii	"\340\263H\216\3661\241\357\312\321\335r\364\300'&\364"
 460      F631A1EF 
 460      CAD1DD72 
 460      F4C02726 
 460      F4
 461 04a0 3D39BAC7 		.ascii	"=9\272\307\314\356\001\316\356\373rx\211\3714?3\301"
 461      CCEE01CE 
 461      EEFB7278 
 461      89F9343F 
 461      33C1
 462 04b2 6FC9E16D 		.ascii	"o\311\341mf\226s\266\364\311\321\275f\226s\363\354\222"
 462      669673B6 
 462      F4C9D1BD 
 462      669673F3 
 462      EC92
 463 04c4 A33BCD4D 		.ascii	"\243;\315M\371\324\004\277#\207\3376\011\227\326x\003"
 463      F9D404BF 
 463      2387DF36 
 463      0997D678 
 463      03
 464 04d5 5BE383CB 		.ascii	"[\343\203\313\327\270\024\354\026.\330\035rY\355\234"
 464      D7B814EC 
 464      162ED81D 
 464      7259ED9C 
 465 04e5 6AC8C8EF 		.ascii	"j\310\310\357\347\306\366\254\302\006\232\221\302\233"
 465      E7C6F6AC 
 465      C2069A91 
 465      C29B
 466 04f3 DE473F95 		.ascii	"\336G?\225m\011\306,DS\220|\177O\"2\303;o\322-b\022"
 466      6D09C62C 
 466      4453907C 
 466      7F4F2232 
 466      C33B6FD2 
 467 050a 044D98B6 		.ascii	"\004M\230\266\210A\343\026\221\333o\030T\255\221\364"
 467      8841E316 
 467      91DB6F18 
 467      54AD91F4 
 468 051a 27ACA45F 		.ascii	"'\254\244_\3617+'G\333\313\212Ll\227\264t\314\242in"
 468      F1372B27 
 468      47DBCB8A 
 468      4C6C97B4 
 468      74CCA269 
 469 052f 1B55A017 		.ascii	"\033U\240\027\310N\002f\337\231\031S+\005\366\014}\251"
 469      C84E0266 
 469      DF991953 
 469      2B05F60C 
 469      7DA9
 470 0541 24CF6E2C 		.ascii	"$\317n,\316\030V\261e-p\025\306ZVa\\o\357NQ\256\313"
 470      CE1856B1 
 470      652D7015 
 470      C65A5661 
 470      5C6FEF4E 
 471 0558 A2E54F8C 		.ascii	"\242\345O\214\270Z@_\374\020\315\200\344WT\362,Z\007"
 471      B85A405F 
 471      FC10CD80 
ARM GAS  C:\Users\CYIRKO~1\AppData\Local\Temp\ccxyePdy.s 			page 38


 471      E45754F2 
 471      2C5A07
 472 056b DF2F9152 		.ascii	"\337/\221Rrxk~\277\325\273\307\304c\375\242\241k\316"
 472      72786B7E 
 472      BFD5BBC7 
 472      C463FDA2 
 472      A16BCE
 473 057e E948519C 		.ascii	"\351HQ\234\330\006\357}L\201\250\300\344\024\350\302"
 473      D806EF7D 
 473      4C81A8C0 
 473      E414E8C2 
 474 058e 773EAC3F 		.ascii	"w>\254?t\032\222Y\201\346\320\273\360\376\263S1\007"
 474      741A9259 
 474      81E6D0BB 
 474      F0FEB353 
 474      3107
 475 05a0 56E13425 		.ascii	"V\3414%\335n\316\264\024,(\361i\312\010\311\3259cv+"
 475      DD6ECEB4 
 475      142C28F1 
 475      69CA08C9 
 475      D5396376 
 476 05b5 95126F56 		.ascii	"\225\022oV.%\232\327w\337\026E'\264\000\347\313k\223"
 476      2E259AD7 
 476      77DF1645 
 476      27B400E7 
 476      CB6B93
 477 05c8 FE0A6329 		.ascii	"\376\012c)q%\345\324,\246\016!\010\346\220\330\232W"
 477      7125E5D4 
 477      2CA60E21 
 477      08E690D8 
 477      9A57
 478 05da 69F6F83C 		.ascii	"i\366\370<S\274\377F\335\234j\251N\232\337N\"\034%@"
 478      53BCFF46 
 478      DD9C6AA9 
 478      4E9ADF4E 
 478      221C2540 
 479 05ee 89251766 		.ascii	"\211%\027f\3212Q\260X%\275\214\037jET+\021\365\026Q"
 479      D13251B0 
 479      5825BD8C 
 479      1F6A4554 
 479      2B11F516 
 480 0603 B547A6FB 		.ascii	"\265G\246\373\236H\333\271\013WP:\262\202r\366\370\243"
 480      9E48DBB9 
 480      0B57503A 
 480      B28272F6 
 480      F8A3
 481 0615 74015731 		.ascii	"t\001W1\327$\024\355\277\2165\011$\"\177MYE\216\240"
 481      D72414ED 
 481      BF8E3509 
 481      24227F4D 
 481      59458EA0 
 482 0629 C58C7E7B 		.ascii	"\305\214~{\\\315^?;\373\240L\205\353\030\223\234Q]\255"
 482      5CCD5E3F 
 482      3BFBA04C 
 482      85EB1893 
 482      9C515DAD 
 483 063d C4CD8C39 		.ascii	"\304\315\2149\231\235\026\257\302\267\030S\220\236\012"
ARM GAS  C:\Users\CYIRKO~1\AppData\Local\Temp\ccxyePdy.s 			page 39


 483      999D16AF 
 483      C2B71853 
 483      909E0A
 484 064c 1B7A0763 		.ascii	"\033z\007c\016\235\351\232\267\301w\030sj\376\365\004"
 484      0E9DE99A 
 484      B7C17718 
 484      736AFEF5 
 484      04
 485 065d 3996DE23 		.ascii	"9\226\336#\245&\346\012\315\367X\241y\255\251\341[;"
 485      A526E60A 
 485      CDF758A1 
 485      79ADA9E1 
 485      5B3B
 486 066f 7C8F7930 		.ascii	"|\217y0\365x\341^\033c\350\300b\225\213b)\203P\0328"
 486      F578E15E 
 486      1B63E8C0 
 486      62958B62 
 486      2983501A 
 487 0684 E83DC9DC 		.ascii	"\350=\311\334\375\302;(YX\012]\331\277\224\213\342j"
 487      FDC23B28 
 487      59580A5D 
 487      D9BF948B 
 487      E26A
 488 0696 940A1E4A 		.ascii	"\224\012\036J\021\226\234\375\236\024\270\253i\367\206"
 488      11969CFD 
 488      9E14B8AB 
 488      69F786
 489 06a5 357898A9 		.ascii	"5x\230\251X\210\311z\316\025\263E\3565\264~\314\200"
 489      5888C97A 
 489      CE15B345 
 489      EE35B47E 
 489      CC80
 490 06b7 57D34DAF 		.ascii	"W\323M\257\202$c\234\344f\034\260`\006(\211\236=Qi\215"
 490      8224639C 
 490      E4661CB0 
 490      60062889 
 490      9E3D5169 
 491 06cc 9F5325CA 		.ascii	"\237S%\312\351W\373z4\344H3\355!\202\202[eY\002\333"
 491      E957FB7A 
 491      34E44833 
 491      ED218282 
 491      5B655902 
 492 06e1 40B241D6 		.ascii	"@\262A\326!\301\031\035\024\370\262\250\256\331\271"
 492      21C1191D 
 492      14F8B2A8 
 492      AED9B9
 493 06f0 6AAA5F14 		.ascii	"j\252_\024\223\354\250Y\373\300,\362\302\222\005\364"
 493      93ECA859 
 493      FBC02CF2 
 493      C29205F4 
 494 0700 E099E12A 		.ascii	"\340\231\341*\243\352_\035\022\015\321\230\2423-\242"
 494      A3EA5F1D 
 494      120DD198 
 494      A2332DA2 
 495 0710 B93DF36D 		.ascii	"\271=\363m\245\206$&`\226\227E\312\333\367\307\323\021"
 495      A5862426 
 495      60969745 
ARM GAS  C:\Users\CYIRKO~1\AppData\Local\Temp\ccxyePdy.s 			page 40


 495      CADBF7C7 
 495      D311
 496 0722 725EEBE2 		.ascii	"r^\353\342\314\366\317\316*\207(*\226\210\333\013b\217"
 496      CCF6CFCE 
 496      2A87282A 
 496      9688DB0B 
 496      628F
 497 0734 086B2D15 		.ascii	"\010k-\025\246\351t\2121t\2334M\221\200\311\024s`\212"
 497      A6E9748A 
 497      31749B34 
 497      4D9180C9 
 497      1473608A 
 498 0748 B930C5C3 		.ascii	"\2710\305\303\002\277\377\215W\256\243\0337\240d\033"
 498      02BFFF8D 
 498      57AEA31B 
 498      37A0641B 
 499 0758 374CE755 		.ascii	"7L\347U\245\343\201\030\262q\223J/ie\305\340\365\251"
 499      A5E38118 
 499      B271934A 
 499      2F6965C5 
 499      E0F5A9
 500 076b CAA66661 		.ascii	"\312\246fa-X\020\265\242\005\212e\352\311\232\275~\247"
 500      2D5810B5 
 500      A2058A65 
 500      EAC99ABD 
 500      7EA7
 501 077d D40E4FB3 		.ascii	"\324\016O\263\364\034j*\216\266\3063\2149\332r\256I"
 501      F41C6A2A 
 501      8EB6C633 
 501      8C39DA72 
 501      AE49
 502 078f 855F33A6 		.ascii	"\205_3\246\242\360\\\273\200\243T\254\270*\237\330\213"
 502      A2F05CBB 
 502      80A354AC 
 502      B82A9FD8 
 502      8B
 503 07a0 70226326 		.ascii	"p\"c&\343\213\3658\225\365csSo\012l\351\375\030\330"
 503      E38BF538 
 503      95F56373 
 503      536F0A6C 
 503      E9FD18D8 
 504 07b4 ACC49C7E 		.ascii	"\254\304\234~\245t]#;dIg~\2055\316\242X\373\324\202"
 504      A5745D23 
 504      3B644967 
 504      7E8535CE 
 504      A258FBD4 
 505 07c9 D44B1A24 		.ascii	"\324K\032$\335\026X"
 505      DD1658
 506 07d0 A573428C 		.ascii	"\245sB\214\215\201\370\375\222U\266q\020\277\2230\337"
 506      8D81F8FD 
 506      9255B671 
 506      10BF9330 
 506      DF
 507 07e1 2261A53A 		.ascii	"\"a\245:\230\240\347\177eB\237\226\243c\004\356\374"
 507      98A0E77F 
 507      65429F96 
 507      A36304EE 
ARM GAS  C:\Users\CYIRKO~1\AppData\Local\Temp\ccxyePdy.s 			page 41


 507      FC
 508 07f2 25E8510E 		.ascii	"%\350Q\016\035/G\307\312\321S\034z\217e43\205?\033\277"
 508      1D2F47C7 
 508      CAD1531C 
 508      7A8F6534 
 508      33853F1B 
 509 0807 8555708A 		.ascii	"\205Up\212\215Iy}\021\202~\036\274\236\017t\026\350"
 509      8D49797D 
 509      11827E1E 
 509      BC9E0F74 
 509      16E8
 510 0819 025031D0 		.ascii	"\002P1\320w@%@\347\200\316\000\025\002\025,\345>1\240"
 510      77402540 
 510      E780CE00 
 510      1502152C 
 510      E53E31A0 
 511 082d 9173C509 		.ascii	"\221s\305\011\271\001\334\025\204\241\0078s\023\344"
 511      B901DC15 
 511      84A10738 
 511      7313E4
 512 083c E8E5750E 		.ascii	"\350\345u\016\201\367p\302\217\311\341\337\311\205\317"
 512      81F770C2 
 512      8FC9E1DF 
 512      C985CF
 513 084b FFC284CE 		.ascii	"\377\302\204\316\263\030\025\016\334\316\211>n\331\356"
 513      B318150E 
 513      DCCE893E 
 513      6ED9EE
 514 085a 254B6055 		.ascii	"%K`U\335\257\3220\374QH\322D\313\226s\322\207\215+\202"
 514      DDAFD230 
 514      FC5148D2 
 514      44CB9673 
 514      D2878D2B 
 515 086f 88FFB365 		.ascii	"\210\377\263e\313\227\335}*X]T$_\344\310\3202{Q\205"
 515      CB97DD7D 
 515      2A585D54 
 515      245FE4C8 
 515      D0327B51 
 516 0884 0FD38414 		.ascii	"\017\323\204\024\236\034\031)\264\222\025:\306`\242"
 516      9E1C1929 
 516      B492153A 
 516      C660A2
 517 0893 4B10C3BF 		.ascii	"K\020\303\277'\236\314\222\332\253\264\320)\003A\245"
 517      279ECC92 
 517      DAABB4D0 
 517      290341A5 
 518 08a3 A6ED95D8 		.ascii	"\246\355\225\330E\315Ij\354Iq\340\253\2212\201\257F"
 518      45CD496A 
 518      EC4971E0 
 518      AB913281 
 518      AF46
 519 08b5 2E0B76D2 		.ascii	".\013v\322+\200\275\224x\350\261=>\315L\277\323:Y\356"
 519      2B80BD94 
 519      78E8B13D 
 519      3ECD4CBF 
 519      D33A59EE 
 520 08c9 805CEC98 		.ascii	"\200\\\354\230\226\326\236\3251d\276\025\200/7\251\201"
ARM GAS  C:\Users\CYIRKO~1\AppData\Local\Temp\ccxyePdy.s 			page 42


 520      96D69ED5 
 520      3164BE15 
 520      802F37A9 
 520      81
 521 08da D7A15941 		.ascii	"\327\241YA:\272\002\223Z\246\340x\367`\256\003=j\211"
 521      3ABA0293 
 521      5AA6E078 
 521      F760AE03 
 521      3D6A89
 522 08ed 9C68811E 		.ascii	"\234h\201\036\265\255Y\247\032\361\212EM\225@\212\232"
 522      B5AD59A7 
 522      1AF18A45 
 522      4D95408A 
 522      9A
 523 08fe 4A412A6A 		.ascii	"JA*j\026*\342\207\225KE\315/\013ME\015\000\321\274\251"
 523      162AE287 
 523      954B45CD 
 523      2F0B4D45 
 523      0D00D1BC 
 524 0913 0E989717 		.ascii	"\016\230\227\0275W\005R\324L\327\344OK\365U*\271\303"
 524      35570552 
 524      D44CD7E4 
 524      4F4BF555 
 524      2AB9C3
 525 0926 D59FC9B8 		.ascii	"\325\237\311\270c\203K\330Vs\354P}\264\200+\030S6\334"
 525      63834BD8 
 525      5673EC50 
 525      7DB4802B 
 525      185336DC 
 526 093a 50AB6148 		.ascii	"P\253aH\221 \363.\367/ \\\313\006\015\265\373\236!|"
 526      9120F32E 
 526      F72F205C 
 526      CB060DB5 
 526      FB9E217C 
 527 094e 8B31090F 		.ascii	"\2131\011\017\343;$\344,u\343x\341%{\266E\031\350\325"
 527      E33B24E4 
 527      2C75E378 
 527      E1257BB6 
 527      4519E8D5 
 528 0962 B07AA6DB 		.ascii	"\260z\246\333\036w1pRY\307}%\251\026D\311c\360\226)"
 528      1E773170 
 528      5259C77D 
 528      25A91644 
 528      C963F096 
 529 0977 1CF5E454 		.ascii	"\034\365\344T\204\324G\353\351\221\227Y\225Y\352\340"
 529      84D447EB 
 529      E9919759 
 529      9559EAE0 
 530 0987 982A258F 		.ascii	"\230*%\217\223\222\356\327\265\220?,\337\033\004G\343"
 530      9392EED7 
 530      B5903F2C 
 530      DF1B0447 
 530      E3
 531 0998 3B047DB0 		.ascii	";\004}\260|`\302\001?dz\322\256\277\234\266\305C\214"
 531      7C60C201 
 531      3F647AD2 
 531      AEBF9CB6 
ARM GAS  C:\Users\CYIRKO~1\AppData\Local\Temp\ccxyePdy.s 			page 43


 531      C5438C
 532 09ab E93D9171 		.ascii	"\351=\221qJ\311,\034\241\325\357\302B\254\022\217\262"
 532      4AC92C1C 
 532      A1D5EFC2 
 532      42AC128F 
 532      B2
 533 09bc C1E88ABB 		.ascii	"\301\350\212\273i\222K\372\351\017S\321\007\362\324"
 533      69924BFA 
 533      E90F53D1 
 533      07F2D4
 534 09cb F8051B7C 		.ascii	"\370\005\033|=~zB\215\3372\346\322\303\314kRQ\324M\370"
 534      3D7E7A42 
 534      8DDF32E6 
 534      D2C3CC6B 
 534      5251D44D 
 535 09e0 EBD33993 		.ascii	"\353\3239\223v8AM\007\367\344\335\336g\205\323\0313"
 535      7638414D 
 535      07F7E4DD 
 535      DE6785D3 
 535      1933
 536 09f2 7D2FB9D6 		.ascii	"}/\271\326\016\3470\246\246~\260\303\032\177\313\230"
 536      0EE730A6 
 536      A67EB0C3 
 536      1A7FCB98 
 537 0a02 BD374A6B 		.ascii	"\2757Jk\245Kt=\341\243F\316\307c|\236\015\032=\347("
 537      A54B743D 
 537      E1A346CE 
 537      C7637C9E 
 537      0D1A3DE7 
 538 0a17 796EB2ED 		.ascii	"yn\262\355z\222\015\276\302\006[\022\323\341\350\255"
 538      7A920DBE 
 538      C2065B12 
 538      D3E1E8AD 
 539 0a27 66CCE291 		.ascii	"f\314\342\221\211\\;\334\310\230\312\223{\012\254\361"
 539      895C3BDC 
 539      C898CA93 
 539      7B0AACF1 
 540 0a37 6DC6545C 		.ascii	"m\306T\\\252\254\225.\306\353\311\361\321\232\334k\207"
 540      AAAC952E 
 540      C6EBC9F1 
 540      D19ADC6B 
 540      87
 541 0a48 7BD9D8B9 		.ascii	"{\331\330\271\221x\203\025~$\275\3252W\344\200\307$"
 541      91788315 
 541      7E24BDD5 
 541      3257E480 
 541      C724
 542 0a5a E65EA92B 		.ascii	"\346^\251+~\305\372\307G\312\241\360]d\314\303\276\307"
 542      7EC5FAC7 
 542      47CAA1F0 
 542      5D64CCC3 
 542      BEC7
 543 0a6c 490E38C1 		.ascii	"I\0168\301\2122q\3272\253lp:cj\372\341\342w\204\365"
 543      8A3271D7 
 543      32AB6C70 
 543      3A636AFA 
 543      E1E27784 
ARM GAS  C:\Users\CYIRKO~1\AppData\Local\Temp\ccxyePdy.s 			page 44


 544 0a81 9F2619EE 		.ascii	"\237&\031\356\0128\2171\005\345\311\017U\370,c\006/"
 544      0A388F31 
 544      05E5C90F 
 544      55F82C63 
 544      062F
 545 0a93 C5BE52E2 		.ascii	"\305\276R\342\013\214)\\8\332f\203\313\030\323v\245"
 545      0B8C295C 
 545      38DA6683 
 545      CB18D376 
 545      A5
 546 0aa4 7FC8015F 		.ascii	"\177\310\001_e\314\350\265\270GR\0202H\266\025\335\351"
 546      65CCE8B5 
 546      B8475210 
 546      3248B615 
 546      DDE9
 547 0ab6 EF47D27D 		.ascii	"\357G\322}\336\206\214\357=\232\247\304\337S\360\277"
 547      DE868CEF 
 547      3D9AA7C4 
 547      DF53F0BF 
 548 0ac6 4E0FC574 		.ascii	"N\017\305t\251\221\351:\277t\332\301\305~\331\207\355"
 548      A991E93A 
 548      BF74DAC1 
 548      C57ED987 
 548      ED
 549 0ad7 6D5D73F8 		.ascii	"m]s\370jy^C\224\230\267\216no5\260~\347\370uZ-?\244"
 549      6A795E43 
 549      9498B78E 
 549      6E6F35B0 
 549      7EE7F875 
 550 0aef DA9BB169 		.ascii	"\332\233\261i\263}&\207_3\2037r\360\273rx\267`vJ4p\370"
 550      B37D2687 
 550      5F338337 
 550      72F0BB72 
 550      78B76076 
 551 0b07 87727CAC 		.ascii	"\207r|\254\031\276\232\307?\222\343\315\366\362\306"
 551      19BE9AC7 
 551      3F92E3CD 
 551      F6F2C6
 552 0b16 260E7E53 		.ascii	"&\016~S\016o5\023?\317\343\257[v\016\177\203\036m\302"
 552      0E6F3513 
 552      3FCFE3AF 
 552      5B760E7F 
 552      831E6DC2 
 553 0b2a EC0A0DEB 		.ascii	"\354\012\015\353\017\325Ix\343\252D7\344\336\031\250"
 553      0FD54978 
 553      E3AA4437 
 553      E4DE19A8 
 554 0b3a E7C48FC8 		.ascii	"\347\304\217\310\305\233\235\270=<\374\211\034nV\253"
 554      C59B9DB8 
 554      3D3CFC89 
 554      1C6E56AB 
 555 0b4a 0CF0BEBF 		.ascii	"\014\360\276\277#\207\367X\376Iq\014\214}J\355\234\223"
 555      2387F758 
 555      FE49710C 
 555      8C7D4AED 
 555      9C93
 556 0b5c CE9F68EC 		.ascii	"\316\237h\354\202\222\2613\232\201\363\345\025P\024"
ARM GAS  C:\Users\CYIRKO~1\AppData\Local\Temp\ccxyePdy.s 			page 45


 556      8292B133 
 556      9A81F3E5 
 556      155014
 557 0b6b F4E380F6 		.ascii	"\364\343\200\366\002M\001\277\037\332T\240I\350\277"
 557      024D01BF 
 557      1FDA54A0 
 557      49E8BF
 558 0b7a 054A84FE 		.ascii	"\005J\204\376\033h\343\241\215\001\022\201&\200O\200"
 558      1B68E3A1 
 558      8D011281 
 558      26804F80 
 559 0b8a 7616DA3D 		.ascii	"v\026\332=\320.@\273\017\332$\240i\350\247@;\017\355"
 559      D02E40BB 
 559      0FDA24A0 
 559      69E8A740 
 559      3B0FED
 560 0b9d 22D04BA0 		.ascii	"\"\320K\240q\240\027@\257\201ba\354\371\262:\245\207"
 560      71A01740 
 560      AF816261 
 560      ECF9B23A 
 560      A587
 561 0baf 8F4A9359 		.ascii	"\217J\223YR\311\335V\315\247\354\367rx\247\034>\305"
 561      52C9DD56 
 561      CDA7ECF7 
 561      7278A71C 
 561      3EC5
 562 0bc1 BBAD430E 		.ascii	"\273\255C\016\277eV\265\361\031x_\016\3573K\221\201"
 562      BF6556B5 
 562      F119785F 
 562      0EEF334B 
 562      9181
 563 0bd3 062E45FA 		.ascii	"\006.E\372\345)bVB\016\360sm\264<W>\350\215\274\365"
 563      E5296256 
 563      420EF073 
 563      6DB43C57 
 563      3EE88DBC 
 564 0be8 3D96171C 		.ascii	"=\226\027\034_\241\362)\365\330r\006\362\305M-\301\303"
 564      5FA1F229 
 564      F5D87206 
 564      F2C54D2D 
 564      C1C3
 565 0bfa 6D6F4E90 		.ascii	"moN\220\377\350\003w\207\332F\\P\"\212\211jz\030\335"
 565      FFE80377 
 565      87DA465C 
 565      50228A89 
 565      6A7A18DD 
 566 0c0e 934BEB35 		.ascii	"\223K\35357\226\217\214\301rdx\374(?\271\333\2263\232"
 566      37968F8C 
 566      C1726478 
 566      FC283FB9 
 566      DB96339A 
 567 0c22 C74FF1B3 		.ascii	"\307O\361\263\033\226\343\315\213N>\224\275\226\315"
 567      1B96E3CD 
 567      8B4E3E94 
 567      BD96CD
 568 0c31 E77E5DEB 		.ascii	"\347~]\353i\344\"\331%\217d\247\231\253y\351\017,'\012"
 568      69E422D9 
ARM GAS  C:\Users\CYIRKO~1\AppData\Local\Temp\ccxyePdy.s 			page 46


 568      258F64A7 
 568      99AB79E9 
 568      0F2C270A 
 569 0c45 9FB57CE0 		.ascii	"\237\265|\340\333,oU\274\355\374T\207,Ou\331?'\214\256"
 569      DB2C6F55 
 569      BCEDFC54 
 569      872C4F75 
 569      D93F278C 
 570 0c5a 24A16AB7 		.ascii	"$\241j\267\234\345\274+\333y\371\243\026\367\036\356"
 570      9CE5BC2B 
 570      DB79F9A3 
 570      16F71EEE 
 571 0c6a 9F198D0D 		.ascii	"\237\031\215\015\234\364A\313\3332\277(\332\371}\263"
 571      9CF441CB 
 571      DB32BF28 
 571      DAF97DB3 
 572 0c7a 45EECA66 		.ascii	"E\356\312f\263S\205w\345\200\345S\302xK}YT\324g\213"
 572      B3538577 
 572      E580E553 
 572      C2784B7D 
 572      5954D467 
 573 0c8f 33AC69E5 		.ascii	"3\254i\345z\360xB\251\215\254\3506\356x\350\000lt\377"
 573      7AF07842 
 573      A98DACE8 
 573      36EE78E8 
 573      006C74FF 
 574 0ca3 1F373DE9 		.ascii	"\0377=\351\037\033\315\230\226\331\351x\015J\303K\305"
 574      1F1BCD98 
 574      96D9E978 
 574      0D4AC34B 
 574      C5
 575 0cb4 EC9CB19A 		.ascii	"\354\234\261\232\037<5V\272\254\232'@S\371\230\201\351"
 575      1F3C3556 
 575      BAAC9A27 
 575      4053F998 
 575      81E9
 576 0cc6 6F8BA425 		.ascii	"o\213\244%?D\306w<\266_\366\033\247\245\177\273(\376"
 576      3F44C677 
 576      3CB65FF6 
 576      1BA7A57F 
 576      BB28FE
 577 0cd9 E2FF5C40 		.ascii	"\342\377\\@\324\330\302\315\006+^o\3462\275Y\222\336"
 577      D4D8C2CD 
 577      062B5E6F 
 577      E632BD59 
 577      92DE
 578 0ceb 2CAAB7A4 		.ascii	",\252\267\2445?\323\306\242^\305_\257\024\212 \362\177"
 578      353FD3C6 
 578      A25EC55F 
 578      AF148A20 
 578      F27F
 579 0cfd 8C91C9E1 		.ascii	"\214\221\311\341l[\215\364s^\302_\374q\015\035\302\032"
 579      6C5B8DF4 
 579      735EC25F 
 579      FC710D1D 
 579      C21A
 580 0d0f 5264C73D 		.ascii	"Rd\307=\357\302\370\030M\007\364\347t\361\002\373\231"
ARM GAS  C:\Users\CYIRKO~1\AppData\Local\Temp\ccxyePdy.s 			page 47


 580      EFC2F818 
 580      4D07F4E7 
 580      74F102FB 
 580      99
 581 0d20 15CC937E 		.ascii	"\025\314\223~U\234\3579x[E\237\221\373\311aL\037\356"
 581      559CEF39 
 581      785B459F 
 581      91FBC961 
 581      4C1FEE
 582 0d33 ED282AB0 		.ascii	"\355(*\260_\361\"\222\203\311E\344\010\226.\"\305\031"
 582      5FF12292 
 582      83C945E4 
 582      08962E22 
 582      C519
 583 0d45 8D03082E 		.ascii	"\215\003\010.\"\006z\021\371I\327Iz\0219\3661\005\242"
 583      22067A11 
 583      F949D749 
 583      7A1139F6 
 583      3105A2
 584 0d58 6C53ECA0 		.ascii	"lS\354\240\273\374\"\222\213\337U\330\007\204\007\206"
 584      BBFC2292 
 584      8BDF55D8 
 584      07840786 
 585 0d68 06848606 		.ascii	"\006\204\206\006\005\204\204\205\350\255\267~\366['"
 585      05848485 
 585      E8ADB77E 
 585      F65B27
 586 0d77 0F373785 		.ascii	"\01777\205\332\3677\236\201\372@e\340\316\210PM@\300"
 586      DAF7379E 
 586      81FA4065 
 586      E0CE8850 
 586      4D40C0
 587 0d8a EE9030FD 		.ascii	"\356\2200\375\006\367\000\375\316\340\237\373\357\370"
 587      06F700FD 
 587      CEE09FFB 
 587      EFF8
 588 0d98 3AE4CB90 		.ascii	":\344\313\220H\375\356\240\020\235\277^\247\013\215"
 588      48FDEEA0 
 588      109DBF5E 
 588      A70B8D
 589 0da7 F4FF2A6C 		.ascii	"\364\377*l\267\023\3559\005F\354r\012\336\365epPPp\220"
 589      B713ED39 
 589      0546EC72 
 589      0ADEF565 
 589      70505070 
 590 0dbc FFC60F37 		.ascii	"\377\306\01778\271\257w\373\350\277\334\374\341\371"
 590      38B9AF77 
 590      FBE8BFDC 
 590      FCE1F9
 591 0dcb 0761BAB0 		.ascii	"\007a\272\260\340\017\202\003\277\014\361\017\011\333"
 591      E00F8203 
 591      BF0CF10F 
 591      09DB
 592 0dd9 11BA3B28 		.ascii	"\021\272;(\330\177W \310\012\013\366\017\010\012\336"
 592      D87F5720 
 592      C80A0BF6 
 592      0F080ADE 
ARM GAS  C:\Users\CYIRKO~1\AppData\Local\Temp\ccxyePdy.s 			page 48


 593 0de9 19B83B54 		.ascii	"\031\270;T\037\240\377Sxp\344\207_+\254\215\372\376"
 593      1FA0FF53 
 593      7870E487 
 593      5F2BAC8D 
 593      FAFE
 594 0dfb F00FD517 		.ascii	"\360\017\325\027\371\247H\377\200H}\020\010\007%X\027"
 594      F9A748FF 
 594      80487D10 
 594      08072558 
 594      17
 595 0e0c 14A10ADF 		.ascii	"\024\241\012\337\035\036\024a\245\213\014\017\016\016"
 595      1D1E1461 
 595      A58B0C0F 
 595      0E0E
 596 0e1a 8A50EB88 		.ascii	"\212P\353\210\001\021\252]\272\240\340\0102\365\257"
 596      0111AA5D 
 596      BAA0E008 
 596      32F5AF
 597 0e29 B778FDDC 		.ascii	"\267x\375\334\337\203\350\367c\372\251-\272H\267\217"
 597      DF83E8F7 
 597      63FAA92D 
 597      BA48B78F 
 598 0e39 36BAEA22 		.ascii	"6\272\352\"]\277\016\014u\015\327E\350#]\375>\377t\203"
 598      5DBF0E0C 
 598      750DD745 
 598      E8235DFD 
 598      3EFF7483 
 599 0e4d BBAB8F8F 		.ascii	"\273\253\217\217\247\353V\337m\333\377\333\235\014\031"
 599      A7EB56DF 
 599      6DDBFFDB 
 599      9D0C19
 600 0e5c 1D0BAA1C 		.ascii	"\035\013\252\034#\365\273`:_\205\207\350\002\"\203\365"
 600      23F5BB60 
 600      3A5F8587 
 600      E8022283 
 600      F5
 601 0e6d BBC303F4 		.ascii	"\273\303\003\364j\337m\304\301j_o\326le\315\026\326"
 601      6ADF6DC4 
 601      C16A5F6F 
 601      D66C65CD 
 601      16D6
 602 0e7f 78B1C693 		.ascii	"x\261\306\2235\036\254\331\314\232M\254\371\20446\276"
 602      351EACD9 
 602      CC9A4DAC 
 602      F9843436 
 602      BE
 603 0e90 9B7C3C74 		.ascii	"\233|<ta;C\276\372\207X\272C\361\203\245t\000;\277\212"
 603      613B43BE 
 603      FA8758BA 
 603      43F183A5 
 603      74003BBF 
 604 0ea5 D0ED0E27 		.ascii	"\320\355\016'\316\260\016\321\221&@o\027\242#bv\005"
 604      CEB00ED1 
 604      9126406F 
 604      17A22362 
 604      7605
 605 0eb7 46FE3140 		.ascii	"F\3761@\257\334\264E\353M\276|\224>\036\237h\225\233"
ARM GAS  C:\Users\CYIRKO~1\AppData\Local\Temp\ccxyePdy.s 			page 49


 605      AFDCB445 
 605      EB4DBE7C 
 605      943E1E9F 
 605      68959B
 606 0eca FDB45AF4 		.ascii	"\375\264Z\364;\344\255\332\021\032\034\030!e\215\333"
 606      3BE4ADDA 
 606      111A1C18 
 606      21658DDB 
 607 0eda C600BDB5 		.ascii	"\306\000\275\265\261\203A(\336\356\251\305\333<\265"
 607      B1834128 
 607      DEEEA9C5 
 607      DB3CB5
 608 0ee9 2ADFDFFA 		.ascii	"*\337\337\372zj\255\266\373\371zyyj\325\333?\377\275"
 608      7A6AADB6 
 608      FBF97A79 
 608      796AD5DB 
 608      3FFFBD
 609 0efc AF9756F5 		.ascii	"\257\227V\365\351vO/-\336\254\325\332q.\323k\230\332"
 609      E9764F2F 
 609      2DDEACD5 
 609      DA712ED3 
 609      6B98DA
 610 0f0f 902090E5 		.ascii	"\220 \220\345\351\361\211\307\226\255Z7\215\257\217"
 610      E9F189C7 
 610      96AD5A37 
 610      8DAF8F
 611 0f1e 8FDFA66D 		.ascii	"\217\337\246m\244O\272\333\334\375HW\345\347\347\261"
 611      A44FBADB 
 611      DCFD4857 
 611      E5E7E7B1 
 612 0f2e 556BA3F5 		.ascii	"Uk\243\365\362\363\322~\341\345\271\021{\370\201a\236"
 612      F2F3D27E 
 612      E1E5B911 
 612      7BF88161 
 612      9E
 613 0f3f 1EA6473F 		.ascii	"\036\246G?\265\331\344\273\331\335\307\327\3533-\351"
 613      B5D9E4BB 
 613      D9DDC7D7 
 613      EB332DE9 
 614 0f4f B9B19E71 		.ascii	"\271\261\236q\364'6\233\2747o\220F\275\227p\336r\334"
 614      F427369B 
 614      BC376F90 
 614      46BD9770 
 614      DE72DC
 615 0f62 062B2205 		.ascii	"\006+\"\005\236\220\326\215\037q\267\"\022\350\210\267"
 615      9E90D68D 
 615      1F71B722 
 615      12E888B7 
 616 0f72 84F05E8E 		.ascii	"\204\360^\216p\263&\357j\375>\327\222\216\033\351,\215"
 616      70B326EF 
 616      6AFD3ED7 
 616      928E1BE9 
 616      2C8D
 617 0f84 ADB7266F 		.ascii	"\255\267&o\2631o#\310\233\201\260\3076\255\222L\322"
 617      B3316F23 
 617      C89B81B0 
 617      C736AD92 
ARM GAS  C:\Users\CYIRKO~1\AppData\Local\Temp\ccxyePdy.s 			page 50


 617      4CD2
 618 0f96 0AE64B5A 		.ascii	"\012\346KZ\301Ckt\207\373"
 618      C1436B74 
 618      87FB
 619 0fa0 B6FF33FE 		.ascii	"\266\3773\376;t\273v\351\302\\\203\277\321\273z|\352"
 619      3B74BB76 
 619      E9C25C83 
 619      BFD1BB7A 
 619      7CEA
 620 0fb2 B7CD0FD2 		.ascii	"\267\315\017\322\200e\302\226\217\276\371\306\225\272"
 620      8065C296 
 620      8FBEF9C6 
 620      95BA
 621 0fc0 7AE7471B 		.ascii	"z\347G\033\241\017\311j\253\365\360\010\370\034\026"
 621      A10FC96A 
 621      ABF5F008 
 621      F81C16
 622 0fcf 8267F04E 		.ascii	"\202g\360Nk\262)\220\030\374/\236\0261]"
 622      6BB22990 
 622      18FC2F9E 
 622      16315D
 623              		.text
 624              		.section	.gnu.lto_.symtab.5638dfef,"",%progbits
 625 0000 5F70616C 		.ascii	"_pal_lld_init\000"
 625      5F6C6C64 
 625      5F696E69 
 625      7400
 626 000e 00       		.ascii	"\000"
 627 000f 00       		.ascii	"\000"
 628 0010 00       		.ascii	"\000"
 629 0011 00000000 		.ascii	"\000\000\000\000\000\000\000\000"
 629      00000000 
 630 0019 F9000000 		.ascii	"\371\000\000\000"
 631 001d 5F70616C 		.ascii	"_pal_lld_setgroupmode\000"
 631      5F6C6C64 
 631      5F736574 
 631      67726F75 
 631      706D6F64 
 632 0033 00       		.ascii	"\000"
 633 0034 00       		.ascii	"\000"
 634 0035 00       		.ascii	"\000"
 635 0036 00000000 		.ascii	"\000\000\000\000\000\000\000\000"
 635      00000000 
 636 003e 3E010000 		.ascii	">\001\000\000"
 637              		.text
 638              		.section	.gnu.lto_.opts,"",%progbits
 639 0000 272D666D 		.ascii	"'-fmath-errno' '-fsigned-zeros' '-ftrapping-math' '"
 639      6174682D 
 639      6572726E 
 639      6F272027 
 639      2D667369 
 640 0033 2D666E6F 		.ascii	"-fno-trapv' '-fno-openmp' '-fno-openacc' '-mcpu=cor"
 640      2D747261 
 640      70762720 
 640      272D666E 
 640      6F2D6F70 
 641 0066 7465782D 		.ascii	"tex-m7' '-mno-thumb-interwork' '-mthumb' '-ggdb' '-"
ARM GAS  C:\Users\CYIRKO~1\AppData\Local\Temp\ccxyePdy.s 			page 51


 641      6D372720 
 641      272D6D6E 
 641      6F2D7468 
 641      756D622D 
 642 0099 4F322720 		.ascii	"O2' '-fomit-frame-pointer' '-falign-functions=16' '"
 642      272D666F 
 642      6D69742D 
 642      6672616D 
 642      652D706F 
 643 00cc 2D666675 		.ascii	"-ffunction-sections' '-fdata-sections' '-fno-common"
 643      6E637469 
 643      6F6E2D73 
 643      65637469 
 643      6F6E7327 
 644 00ff 2720272D 		.ascii	"' '-flto'\000"
 644      666C746F 
 644      2700
 645              		.text
 646              		.comm	__gnu_lto_v1,1,1
 647              		.comm	__gnu_lto_slim,1,1
 648              		.ident	"GCC: (GNU Tools for ARM Embedded Processors 6-2017-q1-update) 6.3.1 20170215 (release) [AR
ARM GAS  C:\Users\CYIRKO~1\AppData\Local\Temp\ccxyePdy.s 			page 52


DEFINED SYMBOLS
                            *ABS*:00000000 hal_pal_lld.c
                            *COM*:00000001 __gnu_lto_v1
                            *COM*:00000001 __gnu_lto_slim

NO UNDEFINED SYMBOLS
