ARM GAS  C:\Users\CYIRKO~1\AppData\Local\Temp\ccDh7UpL.s 			page 1


   1              		.cpu cortex-m7
   2              		.eabi_attribute 20, 1
   3              		.eabi_attribute 21, 1
   4              		.eabi_attribute 23, 3
   5              		.eabi_attribute 24, 1
   6              		.eabi_attribute 25, 1
   7              		.eabi_attribute 26, 1
   8              		.eabi_attribute 30, 2
   9              		.eabi_attribute 34, 1
  10              		.eabi_attribute 18, 4
  11              		.file	"hal_st_lld.c"
  12              		.text
  13              	.Ltext0:
  14              		.section	.gnu.lto_.profile.5638d755,"",%progbits
  15 0000 789C6365 		.ascii	"x\234ce`b`a```d\320\344\001\000\000\336\000B"
  15      60626061 
  15      60606064 
  15      D0E40100 
  15      00DE0042 
  16              		.text
  17              		.section	.gnu.lto_.icf.5638d755,"",%progbits
  18 0000 789C6365 		.ascii	"x\234ce`b\340c@\000&\206E\013g\257\342g|\333\326\370"
  18      6062E063 
  18      40002686 
  18      450B67AF 
  18      E2677CDB 
  19 0016 8D8D0100 		.ascii	"\215\215\001\000*\234\005\240"
  19      2A9C05A0 
  20              		.text
  21              		.section	.gnu.lto_.jmpfuncs.5638d755,"",%progbits
  22 0000 789C6365 		.ascii	"x\234ce`b0g@\000&0\311\310\300\300\3028\235\231\361"
  22      60623067 
  22      40002630 
  22      C9C8C0C0 
  22      C2389D99 
  23 0015 F78F737B 		.ascii	"\367\217s{\331\373\230\347330r3.g\224\001\312\000E\273"
  23      D9FB98E7 
  23      33333072 
  23      332E6794 
  23      01CA0045 
  24 002a 7E5DEFE3 		.ascii	"~]\357\343\200\210r0\256\000\2112\000\000M\332\013\372"
  24      80887230 
  24      AE008932 
  24      00004DDA 
  24      0BFA
  25              		.text
  26              		.section	.gnu.lto_.inline.5638d755,"",%progbits
  27 0000 789C6365 		.ascii	"x\234ce`b\260d@\000&\006\006v\011F\006&\226\005\362"
  27      6062B064 
  27      40002606 
  27      06760946 
  27      06269605 
  28 0015 0C6C0BE4 		.ascii	"\014l\013\344\231@b\214\\p\202\201S\020(\311\366A\017"
  28      9940628C 
  28      5C708281 
  28      531028C9 
  28      F6410F
ARM GAS  C:\Users\CYIRKO~1\AppData\Local\Temp\ccDh7UpL.s 			page 2


  29 0028 2EC9CC03 		.ascii	".\311\314\003\326\304\000\000\206\345\004\037"
  29      D6C40000 
  29      86E5041F 
  30              		.text
  31              		.section	.gnu.lto_.pureconst.5638d755,"",%progbits
  32 0000 789C6365 		.ascii	"x\234ce`b`c`\000\222\273\030\031\245\000\003\273\000"
  32      60626063 
  32      600092BB 
  32      1819A500 
  32      03BB00
  33 0013 E6       		.ascii	"\346"
  34              		.text
  35              		.section	.gnu.lto_SysTick_Handler.5638d755,"",%progbits
  36 0000 789C8D53 		.ascii	"x\234\215S[H\024Q\030\376\3779\253\273\251\225\217A"
  36      5B481451 
  36      18FEFF39 
  36      ABBBA995 
  36      8F41
  37 0012 3EAC0F42 		.ascii	">\254\017B\2028Z\220\322CP\032!\270\004\256\217\202"
  37      82385A90 
  37      D243501A 
  37      21B804AE 
  37      8F82
  38 0024 E8B8B50B 		.ascii	"\350\270\265\013\273\216\354\254\242O\216\253bZ\224"
  38      BB8EECAC 
  38      A24F8EAB 
  38      625A94
  39 0033 94A5EBA5 		.ascii	"\224\245\353\245\221\012\264\213\3272\333\324m[3\202"
  39      910AB48B 
  39      D732DBD4 
  39      6D5B3382 
  40 0043 6E240682 		.ascii	"n$\006\202=\224b\221\032\335^\204\320:\347\354*\266"
  40      3D946291 
  40      1ADD5E84 
  40      D03AE7EC 
  40      2AB6
  41 0055 0BDA8199 		.ascii	"\013\332\201\2313\347|\377\367\235\377|\037\023\005"
  41      33E77CFF 
  41      F79DFF7C 
  41      1F1305
  42 0064 02CC1280 		.ascii	"\002\314\022\200\\\004\330\017\000H\000\205\346\327"
  42      5C04D80F 
  42      00480085 
  42      E6D7
  43 0072 00350601 		.ascii	"\0005\006\001\221}\250\006\204j\001\253\361\"i%\030"
  43      917DA806 
  43      846A01AB 
  43      F1226925 
  43      18
  44 0083 68F8E415 		.ascii	"h\370\344\025\222{T:\374\255\253{j\324\372}\032\245"
  44      927B543A 
  44      FCADAB7B 
  44      6AD4FA7D 
  44      1AA5
  45 0095 7BE8C306 		.ascii	"{\350\303\006\366`2\320\262\371\241\365+\273\243u\301"
  45      F66032D0 
  45      B2F9A1F5 
ARM GAS  C:\Users\CYIRKO~1\AppData\Local\Temp\ccDh7UpL.s 			page 3


  45      2BBBA375 
  45      C1
  46 00a6 7DECC568 		.ascii	"}\354\305h*\017\003\323\350W\327\3774\250\376\3677\261"
  46      2A0F03D3 
  46      E857D7FF 
  46      34A8FEF7 
  46      37B1
  47 00b8 E3543440 		.ascii	"\343T4@\023\205\331\031\347\210\300f\262\210\002c\277"
  47      1385D919 
  47      E788C066 
  47      B2880263 
  47      BF
  48 00c9 AD1BEC24 		.ascii	"\255\033\354$\027\210F\020ut\371\343U\373\302\036\266"
  48      17884610 
  48      7574F9E3 
  48      55FBC21E 
  48      B6
  49 00da 14D04897 		.ascii	"\024\320H\227\237\307\033f\220\234DV9\342\233m\213I"
  49      9FC71B66 
  49      909C4456 
  49      39E29B6D 
  49      8B49
  50 00ec BAA1AA6E 		.ascii	"\272\241\252n\325\377\315s\240\275\366\305y\265\333"
  50      D5FFCD73 
  50      A0BDF6C5 
  50      79B5DB
  51 00fb 1DAF1182 		.ascii	"\035\257\021\202w\220\320\323\3616&\340-L\010vw\027"
  51      7790D0D3 
  51      F13626E0 
  51      2D4C0876 
  51      7717
  52 010d 9328A9E1 		.ascii	"\223(\251\341\213:\241cz\004\215\330G\261%t\317\377"
  52      8B3AA163 
  52      7A048DD8 
  52      47B12574 
  52      CFFF
  53 011f 6A199CC6 		.ascii	"j\031\234\306\315\316\353\370\005/7\357\345\315{\010"
  53      CDCEEBF8 
  53      052F37EF 
  53      E5CD7B08 
  54 012f 4218F4DB 		.ascii	"B\030\364\333\233r\226\252\3673P\010\007'\237\033\355"
  54      9B7296AA 
  54      F7335008 
  54      07279F1B 
  54      ED
  55 0140 80030C23 		.ascii	"\200\003\014#\341\330\262'\205\032\206\203\014\324\205"
  55      E1D8B227 
  55      851A8683 
  55      0CD485
  56 014f 83D31D84 		.ascii	"\203\323\035\204\365\0108\304\340\250\255N\3420R\303"
  56      F50838C4 
  56      E0A8AD4E 
  56      E23052C3 
  57 015f F01EB312 		.ascii	"\360\036\263\022aH\240\320umx5&1 hj\233Q\013\212\365"
  57      6148A0D0 
  57      756D7835 
  57      26312068 
ARM GAS  C:\Users\CYIRKO~1\AppData\Local\Temp\ccDh7UpL.s 			page 4


  57      6A9B510B 
  58 0175 2D8CA906 		.ascii	"-\214\251\006\235@\013\357c\"\260\235\357+3s\002\335"
  58      9D400BEF 
  58      6322B09D 
  58      EF2B3373 
  58      02DD
  59 0187 C111D4F1 		.ascii	"\301\021\324\361\313\002>\340\256\366\372&\027\343\022"
  59      CB023EE0 
  59      AEF6FA26 
  59      17E312
  60 0196 A7426C7E 		.ascii	"\247Bl~\326\317\376\341w\261\234=\312\330\370\020u\260"
  60      D6CFFEE1 
  60      77B19C3D 
  60      CAD8F810 
  60      75B0
  61 01a8 886E2337 		.ascii	"\210n#7\016`\031k?\254u\016\237\016w\351\322\206K\321"
  61      0E60196B 
  61      3FAC750E 
  61      9F0E77E9 
  61      D2864BD1 
  62 01bc FF34ECE5 		.ascii	"\3774\354\345\015?B\276\353\365\256\314\351\253\327"
  62      0D3F42BE 
  62      EBF5AECC 
  62      E9ABD7
  63 01cb 54834668 		.ascii	"T\203Fh\241\236\2038\206\325\240\021=\204b\017\013\263"
  63      A19E8338 
  63      86D5A011 
  63      3D84620F 
  63      0BB3
  64 01dd 6B8730C7 		.ascii	"k\2070\307y\230W\353\003o\364\3010\001'\266\013\263"
  64      799857EB 
  64      036FF4C1 
  64      300127B6 
  64      0BB3
  65 01ef 65A34D43 		.ascii	"e\243MCd\230\231\215T\335\307\300]\221af\226\002>fX"
  65      6498998D 
  65      54DDC7C0 
  65      5D916166 
  65      96023E66 
  66 0204 4C649899 		.ascii	"Ld\230\231\275\224\350g`l8\270\324EX\217\200O\"\303"
  66      BD94E867 
  66      606C38B8 
  66      D445588F 
  66      804F22C3 
  67 0218 0C706F26 		.ascii	"\014po&\267\204\271\256}\364\305n\3444\301sz\312s\012"
  67      B784B9AE 
  67      7DF4C56E 
  67      E434C173 
  67      7ACA730A 
  68 022c 0F656A33 		.ascii	"\017ej3\224\361\215P\032_\352\331\315\"}\216\243\365"
  68      94F18D50 
  68      1A5FEAD9 
  68      CD227D8E 
  68      A3F5
  69 023e CF42267F 		.ascii	"\317B&\177Ew\367\3505\344\205l4Q\303\350?G\205\263O"
  69      4577F7E8 
  69      35E4856C 
ARM GAS  C:\Users\CYIRKO~1\AppData\Local\Temp\ccDh7UpL.s 			page 5


  69      3451C3E8 
  69      3F4785B3 
  70 0253 1C29C8B2 		.ascii	"\034)\310\262\332\212mfWy\211M.\220\330\267\254\244"
  70      DA8A6D66 
  70      5779894D 
  70      2E90D8B7 
  70      ACA4
  71 0265 671C1665 		.ascii	"g\034\026eE\264\026\331\3052\331\351RDs\276\351\320"
  71      45B416D9 
  71      C532D9E9 
  71      524473BE 
  71      E9D0
  72 0277 41313737 		.ascii	"A177[\314\3171U\2443\244Pq\025\332\355%\251\022DU\024"
  72      5BCCCF31 
  72      55A433A4 
  72      507115DA 
  72      ED25A912 
  73 028e D9CB2D47 		.ascii	"\331\313-G\267\225\222d\207C.\015\251\035\3133e\231"
  73      B7959264 
  73      87432E0D 
  73      A91DCB33 
  73      6599
  74 02a0 2A45C92A 		.ascii	"*E\311*\311NKaE\206#\325\012\307\377\207n\251t\211Y"
  74      C94E4B61 
  74      458623D5 
  74      0AC7FF87 
  74      6EA97489 
  75 02b5 26738E59 		.ascii	"&s\216Y\264\225J\366\362\022\213(9\024\233RxF\222\250"
  75      B4954AF6 
  75      F2128B28 
  75      39149B52 
  75      784692A8 
  76 02c9 44DA8E97 		.ascii	"D\332\216\227\221\025\372r\272\370\274#\201\326m\236"
  76      9115FA72 
  76      BAF8BC23 
  76      81D66D9E 
  77 02d9 6255AA14 		.ascii	"bU\252\024J\2107\231\363\214\305E\212\245\314iK1&\245"
  77      4A883799 
  77      F38CC545 
  77      8AA5CC69 
  77      4B3126A5 
  78 02ed 81E004BD 		.ascii	"\201\340\004\275\303\342\220\235U\360\027%\204\264\015"
  78      C3E2909D 
  78      55F01725 
  78      84B40D
  79              		.text
  80              		.section	.gnu.lto_st_lld_init.5638d755,"",%progbits
  81 0000 789C9D91 		.ascii	"x\234\235\221QH\223Q\024\307\317\377\336\271}\025&\364"
  81      51489351 
  81      14C7CFFF 
  81      DEB97D15 
  81      26F4
  82 0012 14B4875E 		.ascii	"\024\264\207^}\351C\005\005_\265 \320\247\355q \245"
  82      7DE94305 
  82      055FB520 
  82      D0A7ED71 
  82      20A5
ARM GAS  C:\Users\CYIRKO~1\AppData\Local\Temp\ccDh7UpL.s 			page 6


  83 0024 0F2E0613 		.ascii	"\017.\006\023\267z\335\235:\245\0056\210Z>\3107\021"
  83      B77ADD9D 
  83      3AA50536 
  83      885A3EC8 
  83      3711
  84 0036 B6569959 		.ascii	"\266V\231Y\251L\210\326\360\241'M\037J\361A\010\024"
  84      A94C88D6 
  84      F0A1274D 
  84      1F4AF141 
  84      0814
  85 0048 23F54928 		.ascii	"#\365I(\022\265s\276a\357z\340r\357\375\237s~\347\177"
  85      12B573BE 
  85      61EF7AE0 
  85      72EFFD9F 
  85      737EE77F 
  86 005c B935A4A8 		.ascii	"\2715\244\250N\021\335\"\242k\274\240\011*\263D\224"
  86      4E11DD22 
  86      A26BBCA0 
  86      092AB344 
  86      94
  87 006d B4142007 		.ascii	"\264\024 \007c\201\022\012\011<\326Y\215\312\310vI\325"
  87      6381120A 
  87      093CD659 
  87      8DCAC876 
  87      49D5
  88 007f 170C4739 		.ascii	"\027\014G9;we\330\244\256:\232h\214\227\004\012\250"
  88      3B7765D8 
  88      A4AE3A9A 
  88      688C9704 
  88      0AA8
  89 0091 272EFB31 		.ascii	"'.\3731s\374\264\326\353\251\352x\001/x\237^E\331\034"
  89      73FCB4D6 
  89      EBA9EA78 
  89      012F789F 
  89      5E45D91C 
  90 00a5 9F8C98F2 		.ascii	"\237\214\230\362\342$V\002^\2424\247e\306#\255d\327"
  90      E2245602 
  90      5EA234A7 
  90      65C623AD 
  90      64D7
  91 00b7 3F5139D8 		.ascii	"?Q9\330Y.^\224\016\246<KU\226}\243\332\321\200@7\367"
  91      592E5E94 
  91      0EA63C4B 
  91      55967DA3 
  91      DAD18040 
  92 00cd 332717AA 		.ascii	"3'\027\252\327Ly\320\\f\351\311\267\371\005\217\203"
  92      D74C79D0 
  92      5C66E9C9 
  92      B7F9058F 
  92      83
  93 00de F124FBC9 		.ascii	"\361$\373\311\335#G+\274\204\037E\370I:&\276\344?[\366"
  93      DD23472B 
  93      BC841F45 
  93      F8493A26 
  93      BEE43F5B 
  94 00f3 94194A9A 		.ascii	"\224\031J\232\353\216\326x\005\007\317]\253x\015\233"
  94      EB8ED678 
ARM GAS  C:\Users\CYIRKO~1\AppData\Local\Temp\ccDh7UpL.s 			page 7


  94      0507CF5D 
  94      AB780D9B 
  95 0103 0B56BEE6 		.ascii	"\013V\276\346\267<\202\324\370\224\255\305\024\367\271"
  95      B73C82D4 
  95      F894ADC5 
  95      14F7B9
  96 0112 1ED61E9E 		.ascii	"\036\326\036\236z8\343\2047\356\004y-\246\335\011\377"
  96      7A38E384 
  96      37EE0479 
  96      2DA6DD09 
  96      FF
  97 0123 DFC022DE 		.ascii	"\337\300\"\336\236\362\327\213\347\344\317\270|%\374"
  97      9EF2D78B 
  97      E7E4CFB8 
  97      7C25FC
  98 0132 772EFF20 		.ascii	"w.\377 \235\372\255\205\357\201\017\357\271\353\027"
  98      9DFAAD85 
  98      EF810FEF 
  98      B9EB17
  99 0141 52B9C3BC 		.ascii	"R\271\303\274\026\274\000J\245\335\015_\342\310X\216"
  99      16BC004A 
  99      A5DD0D5F 
  99      E2C8588E 
 100 0151 AE191363 		.ascii	"\256\031\023c\370\200\204$\016\377,}t\215yq\011\263"
 100      F8808424 
 100      0EFF2C7D 
 100      748D7971 
 100      09B3
 101 0163 F0B394FE 		.ascii	"\360\263\224\376\373}\324\252J\026\346\340w\264\217"
 101      FB7DD4AA 
 101      4A16E6E0 
 101      77B48F
 102 0172 F630909B 		.ascii	"\3660\220\233,\300\305I\244\231\301_\305\016\332o\266"
 102      2CC0C549 
 102      A499C15F 
 102      C50EDA6F 
 102      B6
 103 0183 86DA7AC3 		.ascii	"\206\332z\303w\303\201\370\375\236p4\324-\347h\254\241"
 103      77C381F8 
 103      FD9E7034 
 103      D42DE768 
 103      ACA1
 104 0195 A5D98EC6 		.ascii	"\245\331\216\306\354\336;\021\273/\332\037\217\331\201"
 104      ECDE3B11 
 104      BB2FDA1F 
 104      8FD981
 105 01a4 606753A3 		.ascii	"`gS\243\335\321\321n\007ow>h\220LW,\336\025\211\364"
 105      DDD1D16E 
 105      076F773E 
 105      68904C57 
 105      2CDE1589 
 106 01b9 DCE8A67F 		.ascii	"\334\350\246\177!\220\305\246"
 106      2190C5A6 
 107              		.text
 108              		.section	.gnu.lto_.symbol_nodes.5638d755,"",%progbits
 109 0000 789C6365 		.ascii	"x\234ce`b(d\000\002\2469L\365\014\014\023\31610\000"
 109      60622864 
ARM GAS  C:\Users\CYIRKO~1\AppData\Local\Temp\ccDh7UpL.s 			page 8


 109      0002A639 
 109      4CF50C0C 
 109      13CE3130 
 110 0015 A95D0D8E 		.ascii	"\251]\015\216@\221\271L\365\214(\"\214\363\230\352\231"
 110      4091B94C 
 110      F58C2822 
 110      8CF398EA 
 110      99
 111 0026 C0220C0C 		.ascii	"\300\"\014\014\015\015\016@\201\371L\365\314(\002\013"
 111      0D0D0E40 
 111      81F94CF5 
 111      CC28020B 
 112 0036 98EA5990 		.ascii	"\230\352Y\220\005\230\201\260\345\341?Ff\240=-mo\344"
 112      059881B0 
 112      E5E13F46 
 112      66A03D2D 
 112      6D6FE4
 113 0049 991959C0 		.ascii	"\231\031Y\300|\006\000 \302\033\237"
 113      7C060020 
 113      C21B9F
 114              		.text
 115              		.section	.gnu.lto_.refs.5638d755,"",%progbits
 116 0000 789C6365 		.ascii	"x\234ce`b`d\000\002\000\000I\000\011"
 116      60626064 
 116      00020000 
 116      490009
 117              		.text
 118              		.section	.gnu.lto_.decls.5638d755,"",%progbits
 119 0000 789CAD96 		.ascii	"x\234\255\226mLTW\032\307\3573g@\030\206\227\240\331"
 119      6D4C5457 
 119      1AC7EF33 
 119      67401886 
 119      97A0D9
 120 0013 F8810FC4 		.ascii	"\370\201\017\304\220\310\2272\240Im\232M#b\273\222\340"
 120      90C89732 
 120      A0496D9A 
 120      4D2362BB 
 120      92E0
 121 0025 B611EA97 		.ascii	"\266\021\352\227%\231\214\303(\223\316\213\316\014\266"
 121      25998CC3 
 121      2893CE8B 
 121      CE0CB6
 122 0034 7CD8EC55 		.ascii	"|\330\354U\240\005\337*\325\276@u\245h\025P*\340\026"
 122      A005DF2A 
 122      D5BE4075 
 122      A5681550 
 122      2AE016
 123 0047 15051110 		.ascii	"\025\005\021\020A\251\362\"\242\250@\021GW\004\021\254"
 123      41A9F222 
 123      A2A84011 
 123      47570411 
 123      AC
 124 0058 20F8B2CF 		.ascii	" \370\262\3179\347^\3560\213\206l\366f\236;\367\234"
 124      39E75EEE 
 124      308B866C 
 124      F6669E3B 
 124      F79C
ARM GAS  C:\Users\CYIRKO~1\AppData\Local\Temp\ccDh7UpL.s 			page 9


 125 006a 799EDFF3 		.ascii	"y\236\337\363?\347<\347\334\361\021TBK\200 4\021AP\203"
 125      3FE73CE7 
 125      DCF11154 
 125      424B8020 
 125      34114150 
 126 007f 20BCC60B 		.ascii	" \274\306\013\037\205R4l\012e\002\277|\320N\241U\241"
 126      1F855234 
 126      6C0A6502 
 126      BF7CD04E 
 126      A155A1
 127 0092 9D45AB41 		.ascii	"\235E\253A\253\027\376\373\332\204A~\370\275\026-\024"
 127      AB17FEFB 
 127      DA84417E 
 127      F8BD162D 
 127      14
 128 00a3 6D81C4B8 		.ascii	"m\201\304\270\204v\025\255\025\355\244\344\033(1\333"
 128      847615AD 
 128      15EDA4E4 
 128      1B2831DB 
 129 00b3 D1AEA15D 		.ascii	"\321\256\241]G\273\201\326\203\326'\345\350G\033@s\243"
 129      47BB81D6 
 129      83D627E5 
 129      E8471B40 
 129      73A3
 130 00c5 3D90727B 		.ascii	"=\220r{_i\0369\247\320&\321\006\321\026\243\275\220"
 130      5F691E39 
 130      A7D026D1 
 130      06D116A3 
 130      BD90
 131 00d7 F2D7A1D1 		.ascii	"\362\327\241\321q\215\241\215\242=CSI\343\231m\034\337"
 131      718DA18D 
 131      A23D4353 
 131      49E3996D 
 131      1CDF
 132 00e9 13B8D354 		.ascii	"\023\270\323T|\224\354\"\260X\003tV\202\261\353\370"
 132      7C94EC22 
 132      B0580374 
 132      5682B1EB 
 132      F8
 133 00fa A3D3CF03 		.ascii	"\243\323\317\003y\027\365\350}^\364Q\3241\221_~*%\264"
 133      7917F5E8 
 133      7D5EF451 
 133      D431915F 
 133      7E2A25B4 
 134 010e FDEBD143 		.ascii	"\375\353\321C\363H\000sj\313,\333G1\241\032Pc\363\311"
 134      F3480073 
 134      6ACB2CDB 
 134      4731A11A 
 134      5063F3C9 
 135 0122 6FF97783 		.ascii	"o\371w\203\260\271@\003\341\337\023U\336\245\256:5D"
 135      B0B94003 
 135      E1DF1355 
 135      DEA5AE3A 
 135      3544
 136 0134 6A0E5344 		.ascii	"j\016SD\355\370\350\342\334\257DQ\005\277\200\006J\200"
 136      EDF8E8E2 
 136      DCAF4451 
ARM GAS  C:\Users\CYIRKO~1\AppData\Local\Temp\ccDh7UpL.s 			page 10


 136      05BF8006 
 136      4A80
 137 0146 403144D1 		.ascii	"@1D\321\205X\254\301{\266(n\025wg\210\376\253\0048\006"
 137      8558ACC1 
 137      7BB6286E 
 137      15776788 
 137      FEAB0438 
 138 015b 617014C2 		.ascii	"ap\024\302\004(\205H\252\206\372A\021v\036\301N\314"
 138      04288548 
 138      AA86FA41 
 138      11761EC1 
 138      4ECC
 139 016d 527C28B7 		.ascii	"R|(\267\320\227\374\235\012P5\326\334\272\241\006M\344"
 139      D097FC9D 
 139      0A5035D6 
 139      DCBAA106 
 139      4DE4
 140 017f ACF1E5B3 		.ascii	"\254\361\345\263\304KZ\212\0265fQ-e\250\345\270\242"
 140      C44B5A8A 
 140      16356651 
 140      2D65A8E5 
 140      B8A2
 141 0191 05A5D12F 		.ascii	"\005\245\321/\354\305<\225;\033\252U=p\033p\360\020"
 141      ECC53C95 
 141      3B1BAA55 
 141      3D701B70 
 141      F010
 142 01a3 C2860FC0 		.ascii	"\302\206\017\300\357\300\2145_\313\027\000\353\307^"
 142      EFC08C35 
 142      5FCB1700 
 142      EBC75E
 143 01b2 15BB7347 		.ascii	"\025\273sG\326\005r\204\324VIM\225\204d\037)\030<\210"
 143      D6057284 
 143      D456494D 
 143      9584641F 
 143      29183C88 
 144 01c6 FC679E49 		.ascii	"\374g\236I\276x\355\362\007\026&G\203JI\000\340\031"
 144      BE78EDF2 
 144      07162647 
 144      834A4900 
 144      E019
 145 01d8 E001E4B2 		.ascii	"\340\001\344\262\245\337\247\365\011\312\340@^\346'"
 145      A5DFA7F5 
 145      09CAE040 
 145      5EE627
 146 01e7 792D6E4D 		.ascii	"y-nM/\334\241\275\005\313\201\3655e\235\030\017\"\375"
 146      2FDCA1BD 
 146      05CB81F5 
 146      35659D18 
 146      0F22FD
 147 01fa C0D6FEC2 		.ascii	"\300\326\376\302\353\361\332`\276\366*Z\026#-\373\003"
 147      EBF1DA60 
 147      BEF62A5A 
 147      16232DFB 
 147      03
 148 020b F8DA8760 		.ascii	"\370\332\207`sbK\347y\315\302\357X\365d\210!*X\373'"
 148      73624BE7 
ARM GAS  C:\Users\CYIRKO~1\AppData\Local\Temp\ccDh7UpL.s 			page 11


 148      79CDC2EF 
 148      58F56488 
 148      212A58FB 
 149 0220 A8C435F8 		.ascii	"\250\3045\370\025\327@\200\223\260\020\357\353\324<"
 149      15D74080 
 149      93B010EF 
 149      EBD43C
 150 022f 5579A3BB 		.ascii	"Uy\243\273J\275\250@,\350\023k\273j\242\317\024~)\266"
 150      4ABDA840 
 150      2CE8136B 
 150      BB6AA2CF 
 150      147E29B6 
 151 0243 62D872E6 		.ascii	"b\330r\346\007\377R\226\007\037\361~\002z\001*\240\007"
 151      07FF5296 
 151      071FF17E 
 151      027A012A 
 151      A007
 152 0255 959F8245 		.ascii	"\225\237\202ET\352\216\307\005\301\344\244\212\311j"
 152      54EA8EC7 
 152      05C1E4A4 
 152      8AC96A
 153 0264 D8B3BFDF 		.ascii	"\330\263\277\337W\202\3654k\363\304\332\255\"]i\212"
 153      5782F534 
 153      6BF3C4DA 
 153      AD225D69 
 153      8A
 154 0275 3AADA04E 		.ascii	":\255\240N{\243\252\030\252wd\354b\000\251\347\250="
 154      7BA3AA18 
 154      AA7764EC 
 154      6200A9E7 
 154      A83D
 155 0287 47BABF52 		.ascii	"G\272\277R!\252\217VLw\344\313\262\0011[\303E\235QH"
 155      21AA8F56 
 155      4C77E4CB 
 155      B201315B 
 155      C3459D51 
 156 029c 6728893E 		.ascii	"g(\211>\234e\204\234\223\365;\011\371\2260\302\330\305"
 156      9C65849C 
 156      93F53B09 
 156      F99630C2 
 156      D8C5
 157 02ae A92C3F89 		.ascii	"\251,?\211P?\024}\245B\314\364a\361\325J|\265\034_\303"
 157      503F147D 
 157      A542CCF4 
 157      61F1D54A 
 157      7CB51C5F 
 158 02c3 E2CB2706 		.ascii	"\342\313'\0063\010\271\311\343\353\236\367\206\250U"
 158      3308B9C9 
 158      E3EB9EF7 
 158      86A855
 159 02d2 BC22E974 		.ascii	"\274\"\351ta\327\266\237\233'\311t_-\260\316\313m\243"
 159      61D7B69F 
 159      9B27C974 
 159      5F2DB0CE 
 159      CB6DA3
 160 02e5 5DDA37CE 		.ascii	"]\3327\316v\035\233\355\363 M\367\3507\265\007\346I"
 160      761D9BED 
ARM GAS  C:\Users\CYIRKO~1\AppData\Local\Temp\ccDh7UpL.s 			page 12


 160      F3204DF7 
 160      E837B507 
 160      E649
 161 02f7 A2C65E85 		.ascii	"\242\306^\205\3473Q\350\003\347\024Q\347dQ\365L\324"
 161      E73351E8 
 161      03E71451 
 161      E76451F5 
 161      4CD4
 162 0309 B6CA8E1E 		.ascii	"\266\312\216\036\265&\233\342\331&\243\213.o3\001\032"
 162      B5269BE2 
 162      D926A38B 
 162      2E6F3301 
 162      1A
 163 031a E8AE015D 		.ascii	"\350\256\001]\030D\263\375\3319Q=\251%'\324t\004\352"
 163      1844B3FD 
 163      D939513D 
 163      A92527D4 
 163      7404EA
 164 032d BE83A383 		.ascii	"\276\203\243\203\276\020\031\006\240A;,\237'\0024\241"
 164      BE101906 
 164      A0413B2C 
 164      9F270234 
 164      A1
 165 033e FA0B5216 		.ascii	"\372\013R\026\274\362E\244\217\374\203v\363\303`\244"
 165      BCF245A4 
 165      8FFC8376 
 165      F3C360A4 
 166 034e 50240B05 		.ascii	"P$\013\005X\312\250\320\210[\271\211\245i\306\264\027"
 166      58CAA8D0 
 166      885BB989 
 166      A569C6B4 
 166      17
 167 035f 316DBEE8 		.ascii	"1m\276\350\307z0\341\216\241\266\037\264\241\273\231"
 167      C77A30E1 
 167      8EA1B61F 
 167      B4A1BB99 
 168 036f 3A510C07 		.ascii	":Q\014\007\306V\206\177\011Be\221\254\201\021\003S\245"
 168      C656867F 
 168      09426591 
 168      AC811103 
 168      53A5
 169 0381 5541BC76 		.ascii	"UA\274v}\2619~\274\340J\340\033\207\327\"\017\3572?"
 169      7DB1397E 
 169      BCE04AE0 
 169      1B87D722 
 169      0FEF323F 
 170 0395 7F9E6ECB 		.ascii	"\177\236n\313\032\227\016\275y\330,r\357\333\245\345"
 170      1A970EBD 
 170      79D82C72 
 170      EFDBA5E5 
 171 03a5 85FF1E36 		.ascii	"\205\377\0366o\265\036k\014\364\026s\005a\2771\330U"
 171      6FB51E6B 
 171      0CF41673 
 171      0561BF31 
 171      D855
 172 03b7 26A6858B 		.ascii	"&\246\205\213\271\312\304\364Nt\365h\265\333\246O0V"
 172      B9CAC4F4 
ARM GAS  C:\Users\CYIRKO~1\AppData\Local\Temp\ccDh7UpL.s 			page 13


 172      4E74F568 
 172      B5DBA64F 
 172      3056
 173 03c9 204AFA56 		.ascii	" J\372V\320\312\253\202\217\350\177\377\210\210\273"
 173      D0CAAB82 
 173      8FE87FFF 
 173      8888BB
 174 03d8 F0149B5F 		.ascii	"\360\024\233_\310)\357(\014\300\305\254\305r\357\315"
 174      C829EF28 
 174      0CC0C5AC 
 174      C572EFCD 
 175 03e8 2339E565 		.ascii	"#9\345e\315[\304\005\231\376\014\322\246,h\233w\275"
 175      CD5BC405 
 175      99FE0CD2 
 175      A62C689B 
 175      77BD
 176 03fa B7B3851D 		.ascii	"\267\263\205\035yv9\227\220\027\234\365\323\245\222"
 176      79763997 
 176      90179CF5 
 176      D3A592
 177 0409 BB4462D5 		.ascii	"\273Db\325\017\2757X!\212xH\342\021NY\035\012\253\303"
 177      0FBD3758 
 177      218A7848 
 177      E2114E59 
 177      1D0AABC3 
 178 041d 9B758DB1 		.ascii	"\233u\215\261\352\237]/\235Gv\3720\326\227{\213_\371"
 178      EA9F5D2F 
 178      9D4776FA 
 178      30D6977B 
 178      8B5FF9
 179 0430 48ACB1EE 		.ascii	"H\254\261\356\210\003\007\331\236.X\305\267O\247\002"
 179      880307D9 
 179      9E2E58C5 
 179      B74FA702 
 180 0440 EBF4865D 		.ascii	"\353\364\206]g\260\303\343\023\333\203H\001\207e\275"
 180      67B0C3E3 
 180      13DB8348 
 180      018765BD 
 181 0450 1CED0B92 		.ascii	"\034\355\013\222`\355\371\204\357\351\237\370\236\356"
 181      60EDF984 
 181      EFE99FF8 
 181      9EEE
 182 045e 52505DDE 		.ascii	"RP]\336\250\033\014\325\345\256K!%\234TR\372\3172\234"
 182      A81B0CD5 
 182      E5AE4B21 
 182      259C5452 
 182      FACF329C 
 183 0472 3BDED85E 		.ascii	";\336\330^W\277\317\027\267\022t\263:\234}\2775\224"
 183      57BFCF17 
 183      B71274B3 
 183      3A9C7DBF 
 183      3594
 184 0484 1D7D19F4 		.ascii	"\035}\031\364\306\255u\207m\255\333\362\326r\377\370"
 184      C6AD7587 
 184      6DADDBF2 
 184      D672FFF8 
 185 0494 5D99BC1A 		.ascii	"]\231\274\032\343\247\310\256\342\236\035b\301\026q"
ARM GAS  C:\Users\CYIRKO~1\AppData\Local\Temp\ccDh7UpL.s 			page 14


 185      E3A7C8AE 
 185      E29E1D62 
 185      C11671
 186 04a3 79938A7A 		.ascii	"y\223\212z\302MY+\334\0025m\315\224\333\303\344N\374"
 186      C24D592B 
 186      DC02356D 
 186      CD94DBC3 
 186      E44EFC
 187 04b6 71FEBC1F 		.ascii	"q\376\274\037\311\361e\022\253+\207:@Y\336\257Ox.o\257"
 187      C9F16512 
 187      AB2B873A 
 187      4059DEAF 
 187      4F782E6F 
 188 04cb 32F45E6F 		.ascii	"2\364^oV\037c\025\336\270Y\341K\366sV\313\217\333\307"
 188      561F6315 
 188      DEB859E1 
 188      4BF67356 
 188      CB8FDBC7 
 189 04df FC25567F 		.ascii	"\374%V\177\316\314Y\374]A\375\356\215\352g\250\275?"
 189      CECC59FC 
 189      5D41FDEE 
 189      8DEA67A8 
 189      BD3F
 190 04f1 5FCC5193 		.ascii	"_\314Q\223\012\216j>7\371\213\317t\245D\016\317\250"
 190      0A8E6A3E 
 190      37F98BCF 
 190      74A5440E 
 190      CFA8
 191 0503 94BB0AEB 		.ascii	"\224\273\012\353\2567k\200\261\232\007J\353\202\310"
 191      AE376B80 
 191      B19A074A 
 191      EB82C8
 192 0512 05CECAEB 		.ascii	"\005\316\312\353\036\374\301\177\272R\242\213fV\312"
 192      1EFCC17F 
 192      BA52A28B 
 192      6656CA
 193 0521 3D0576CF 		.ascii	"=\005v\317\033\346f\260\276\003\367\367\004\222n\016"
 193      1BE666B0 
 193      BE03F7F7 
 193      04926E0E 
 194 0531 BB5C73B0 		.ascii	"\273\\s\260S\026\326\276\177\346\030\357+\250\373\336"
 194      5316D6BE 
 194      7FE618EF 
 194      2BA8FBDE 
 195 0541 A8070C95 		.ascii	"\250\007\014\225\177\346\351%\037\276\263\375\260y\357"
 195      7FE6E925 
 195      1FBEB3FD 
 195      B079EF
 196 0550 D79757B5 		.ascii	"\327\227W\265\304\315\311\331\307v\325\023zFd\314\351"
 196      C4CDC9D9 
 196      C776D513 
 196      7A4664CC 
 196      E9
 197 0561 7F0646DC 		.ascii	"\177\006F\334\336S&\002y\310\303+^\273[\375\310c\336"
 197      DE532602 
 197      79C8C32B 
 197      5EBB5BFD 
ARM GAS  C:\Users\CYIRKO~1\AppData\Local\Temp\ccDh7UpL.s 			page 15


 197      C863DE
 198 0574 90DF95A1 		.ascii	"\220\337\225\241\374]Y\351nn\324\360\023D\004\372\012"
 198      FC5D59E9 
 198      6E6ED4F0 
 198      134404FA 
 198      0A
 199 0585 287DD5A2 		.ascii	"(}\325\242\"O\271o\301\253\334\302\0009o\366\034\362"
 199      224FB96F 
 199      C1ABDCC2 
 199      00396FF6 
 199      1CF2
 200 0597 FA6EADAD 		.ascii	"\372n\255\255\332\015\020\021\021\021\0311\277P\314"
 200      DA0D1011 
 200      11111931 
 200      BF50CC
 201 05a6 CCC0976A 		.ascii	"\314\300\227j/\031\256.\302\3129\264\020\006\261\262"
 201      2F19AE2E 
 201      C2CA39B4 
 201      1006B1B2 
 202 05b6 1FE24C8C 		.ascii	"\037\342L\214\303|\205\364oV\3141x\023x\304\303a:w\231"
 202      C37C85F4 
 202      6F56CC31 
 202      781378C4 
 202      C3613A77 
 203 05cb 84B93FF2 		.ascii	"\204\271?\362v\327Q\357c\300\335\367\242\373\244\354"
 203      76D751EF 
 203      63C0DDF7 
 203      A2FBA4EC 
 204 05db FE04DD47 		.ascii	"\376\004\335Gf\247s\177\376\377\353:\365\027C\250\233"
 204      66A7737F 
 204      FEFFEB3A 
 204      F51743A8 
 204      9B
 205 05ec 20AD8930 		.ascii	" \255\2110\235\333=LJ\260\240p\007\320\344C\263&gRs"
 205      9DDB3D4C 
 205      4AB0A070 
 205      07D0E443 
 205      B3266752 
 206 0601 A54376B9 		.ascii	"\245Cv\271Z\200\307\370\3630\313C\235\021\011\177\340"
 206      5A80C7F8 
 206      F330CB43 
 206      9D11097F 
 206      E0
 207 0612 EC3C8308 		.ascii	"\354<\203\010\030C\033E{\012\021\362\177\233k\015\017"
 207      18431B45 
 207      7B0A11F2 
 207      7F9B6B0D 
 207      0F
 208 0623 F282C9D9 		.ascii	"\362\202\311\331y\354/\344\336\262-\2735\0209\237+k"
 208      79EC2FE4 
 208      DEB22DBB 
 208      3510399F 
 208      2B6B
 209 0635 7C4C3244 		.ascii	"|L2D\021`\022)\023J\301P\241\263'\204\347\230g\0169"
 209      11601229 
 209      134AC150 
 209      A1B32784 
ARM GAS  C:\Users\CYIRKO~1\AppData\Local\Temp\ccDh7UpL.s 			page 16


 209      E798670E 
 210 064a BF6DF9A6 		.ascii	"\277m\371\246\301\327\363\224\237\364\030\224\000S\240"
 210      C1D7F394 
 210      9FF41894 
 210      0053A0
 211 0659 65EFDB29 		.ascii	"e\357\333)v\304?\272]\321\254\366t\256\233\361Jx!9\323"
 211      76C43FBA 
 211      5DD1ACF6 
 211      74AE9BF1 
 211      4A782139 
 212 066e 6FBFBFFC 		.ascii	"o\277\277\374\365\323\360\270\230\030A\243\327\247\231"
 212      F5D3F0B8 
 212      981841A3 
 212      D7A799
 213 067d 6DAEA54B 		.ascii	"m\256\245K\364\256\365\246\367\223\215\251\346uf\247"
 213      F4AEF5A6 
 213      F7938DA9 
 213      E67566A7 
 214 068d 2B2DC56C 		.ascii	"+-\305lOv\331\355\026g\362\006[Z8{\01278\254\341&\353"
 214      4F76D9ED 
 214      1667F206 
 214      5B5A387B 
 214      0A3738AC 
 215 06a4 3A534A8A 		.ascii	":SJ\212)%\371\335\250\245\341K\242c\226m\212I\306\376"
 215      2925F9DD 
 215      A8A5E14B 
 215      A263966D 
 215      8A49C6FE 
 216 06b8 776C769B 		.ascii	"wlv\233\351\035\223a\2359\331l3Z\322RL\311V\003\262"
 216      E91D9361 
 216      9D39D96C 
 216      335AD252 
 216      4CC95603 
 217 06cd 6CA6647D 		.ascii	"l\246d}\212i\275!\315\342\322\273\3227\232\234Q\251"
 217      8A69BD21 
 217      CDE2D2BB 
 217      D2379A9C 
 217      51A9
 218 06df 829F9CEF 		.ascii	"\202\237\234\357o\377\327|\316tg\262\336\351JA8&\011"
 218      6FFFD77C 
 218      CE7467B2 
 218      DEE94A41 
 218      382609
 219 06f2 4E4C7726 		.ascii	"NLw&\231\215\237\351W\031l)\026\223c\345\207\357'\307"
 219      998D9FE9 
 219      57196C29 
 219      169363E5 
 219      87EF27C7 
 220 0706 D15C893C 		.ascii	"\321\\\211<\027\313kw\306,{Wgw\352R\015\026\335F\273"
 220      17CB6B77 
 220      C62C7B57 
 220      6777EA52 
 220      0D16DD46 
 221 071b C3E5D425 		.ascii	"\303\345\324%&\255^\272D\227\220\260R\227\024\277zs"
 221      26AD5EBA 
 221      449790B0 
 221      529714BF 
ARM GAS  C:\Users\CYIRKO~1\AppData\Local\Temp\ccDh7UpL.s 			page 17


 221      7A73
 222 072d 0CFD05A1 		.ascii	"\014\375\005\241z\213%%\312(\004\360'\275\331fv\205"
 222      7A8B2525 
 222      CA2804F0 
 222      27BDD966 
 222      7685
 223 073f EA6980DE 		.ascii	"\352i\200\336\354\330\2447m4[\354\033\322L\037\2745"
 223      ECD8A437 
 223      6D345BEC 
 223      1BD24C1F 
 223      BC35
 224 0751 87D16EB5 		.ascii	"\207\321n\265\332mR\232\3305\253\343V\177\2413\246\032"
 224      DA6D529A 
 224      D835ABE3 
 224      567FA133 
 224      A61A
 225 0763 ED0E937E 		.ascii	"\355\016\223~\3632+J\0165\2462\321V\223C\022\035\037"
 225      F3322B4A 
 225      0E35A632 
 225      D1569343 
 225      121D1F
 226 0776 FD56A2C3 		.ascii	"\375V\242\303\245\223\006\217 \034>2\302l\233\315\306"
 226      A593068F 
 226      201C3E32 
 226      C26C9BCD 
 226      C6
 227 0787 44930B41 		.ascii	"D\223\013A.\223U\302|\3420\333\035fW\372\237\3478\007"
 227      2E9355C2 
 227      7CE230DB 
 227      1D6657FA 
 227      9FE73807 
 228 079b 92524923 		.ascii	"\222RI#%\"YmL58B\355N\203\005\331\011v\343g\0379\354"
 228      2522596D 
 228      4C353842 
 228      ED4E8305 
 228      D90976E3 
 229 07b3 D6F8C435 		.ascii	"\326\370\3045o\227H\2414\206j\245\337\010\012a\303\364"
 229      6F9748A1 
 229      34866AA5 
 229      DF080A61 
 229      C3F4
 230 07c5 2084B289 		.ascii	" \204\262\211\264`\207~=\366\350"
 230      B460877E 
 230      3DF6E8
 231 07d0 CD4E87FF 		.ascii	"\315N\207\377tW\240^\3574\271\364+b\023?\374dM|\240"
 231      7457A05E 
 231      EF34B9F4 
 231      2B62133F 
 231      FC644D7C 
 232 07e5 C1F2B921 		.ascii	"\301\362\271!\335\211\013`\301\322Z1\227\3716}\341\322"
 232      DD890B60 
 232      C1D25A31 
 232      97F9367D 
 232      E1D2
 233 07f7 C5AD4E8C 		.ascii	"\305\255N\214OT\346\312\3524;\365\033\214tT\363\251"
 233      4F54E6CA 
 233      EA343BF5 
ARM GAS  C:\Users\CYIRKO~1\AppData\Local\Temp\ccDh7UpL.s 			page 18


 233      1B8C7454 
 233      F3A9
 234 0809 A88F674E 		.ascii	"\250\217gN\372\002i\220\237\332,\036\"\231\352\031]"
 234      FA026990 
 234      9FDA2C1E 
 234      2299EA19 
 234      5D
 235 081a 0B98C834 		.ascii	"\013\230\3104\333\014\345\001\036\235dml\202:\341\343"
 235      DB0CE501 
 235      1E9D646D 
 235      6C823AE1 
 235      E3
 236 082b D895EAB8 		.ascii	"\330\225\352\270\2445\011>q\261\011\361+b\377G\315\264"
 236      A435093E 
 236      71B109F1 
 236      2B62FF47 
 236      CDB4
 237 083d 4C8CD665 		.ascii	"L\214\326e(Y+Wv\022\356\247\377\000.r\351P"
 237      28592B57 
 237      7612EEA7 
 237      FF002E72 
 237      E950
 238              		.text
 239              		.section	.gnu.lto_.symtab.5638d755,"",%progbits
 240 0000 53797354 		.ascii	"SysTick_Handler\000"
 240      69636B5F 
 240      48616E64 
 240      6C657200 
 241 0010 00       		.ascii	"\000"
 242 0011 00       		.ascii	"\000"
 243 0012 00       		.ascii	"\000"
 244 0013 00000000 		.ascii	"\000\000\000\000\000\000\000\000"
 244      00000000 
 245 001b B8000000 		.ascii	"\270\000\000\000"
 246 001f 73745F6C 		.ascii	"st_lld_init\000"
 246      6C645F69 
 246      6E697400 
 247 002b 00       		.ascii	"\000"
 248 002c 00       		.ascii	"\000"
 249 002d 00       		.ascii	"\000"
 250 002e 00000000 		.ascii	"\000\000\000\000\000\000\000\000"
 250      00000000 
 251 0036 BA000000 		.ascii	"\272\000\000\000"
 252 003a 5F706F72 		.ascii	"_port_irq_epilogue\000"
 252      745F6972 
 252      715F6570 
 252      696C6F67 
 252      756500
 253 004d 00       		.ascii	"\000"
 254 004e 02       		.ascii	"\002"
 255 004f 00       		.ascii	"\000"
 256 0050 00000000 		.ascii	"\000\000\000\000\000\000\000\000"
 256      00000000 
 257 0058 BC000000 		.ascii	"\274\000\000\000"
 258 005c 63685379 		.ascii	"chSysTimerHandlerI\000"
 258      7354696D 
 258      65724861 
ARM GAS  C:\Users\CYIRKO~1\AppData\Local\Temp\ccDh7UpL.s 			page 19


 258      6E646C65 
 258      724900
 259 006f 00       		.ascii	"\000"
 260 0070 02       		.ascii	"\002"
 261 0071 00       		.ascii	"\000"
 262 0072 00000000 		.ascii	"\000\000\000\000\000\000\000\000"
 262      00000000 
 263 007a BE000000 		.ascii	"\276\000\000\000"
 264 007e 6E766963 		.ascii	"nvicSetSystemHandlerPriority\000"
 264      53657453 
 264      79737465 
 264      6D48616E 
 264      646C6572 
 265 009b 00       		.ascii	"\000"
 266 009c 02       		.ascii	"\002"
 267 009d 00       		.ascii	"\000"
 268 009e 00000000 		.ascii	"\000\000\000\000\000\000\000\000"
 268      00000000 
 269 00a6 C3000000 		.ascii	"\303\000\000\000"
 270              		.text
 271              		.section	.gnu.lto_.opts,"",%progbits
 272 0000 272D666D 		.ascii	"'-fmath-errno' '-fsigned-zeros' '-ftrapping-math' '"
 272      6174682D 
 272      6572726E 
 272      6F272027 
 272      2D667369 
 273 0033 2D666E6F 		.ascii	"-fno-trapv' '-fno-openmp' '-fno-openacc' '-mcpu=cor"
 273      2D747261 
 273      70762720 
 273      272D666E 
 273      6F2D6F70 
 274 0066 7465782D 		.ascii	"tex-m7' '-mno-thumb-interwork' '-mthumb' '-ggdb' '-"
 274      6D372720 
 274      272D6D6E 
 274      6F2D7468 
 274      756D622D 
 275 0099 4F322720 		.ascii	"O2' '-fomit-frame-pointer' '-falign-functions=16' '"
 275      272D666F 
 275      6D69742D 
 275      6672616D 
 275      652D706F 
 276 00cc 2D666675 		.ascii	"-ffunction-sections' '-fdata-sections' '-fno-common"
 276      6E637469 
 276      6F6E2D73 
 276      65637469 
 276      6F6E7327 
 277 00ff 2720272D 		.ascii	"' '-flto'\000"
 277      666C746F 
 277      2700
 278              		.text
 279              		.comm	__gnu_lto_v1,1,1
 280              		.comm	__gnu_lto_slim,1,1
 281              		.ident	"GCC: (GNU Tools for ARM Embedded Processors 6-2017-q1-update) 6.3.1 20170215 (release) [AR
ARM GAS  C:\Users\CYIRKO~1\AppData\Local\Temp\ccDh7UpL.s 			page 20


DEFINED SYMBOLS
                            *ABS*:00000000 hal_st_lld.c
                            *COM*:00000001 __gnu_lto_v1
                            *COM*:00000001 __gnu_lto_slim

NO UNDEFINED SYMBOLS
