ARM GAS  C:\Users\CYIRKO~1\AppData\Local\Temp\ccTJA37V.s 			page 1


   1              		.cpu cortex-m7
   2              		.eabi_attribute 20, 1
   3              		.eabi_attribute 21, 1
   4              		.eabi_attribute 23, 3
   5              		.eabi_attribute 24, 1
   6              		.eabi_attribute 25, 1
   7              		.eabi_attribute 26, 1
   8              		.eabi_attribute 30, 2
   9              		.eabi_attribute 34, 1
  10              		.eabi_attribute 18, 4
  11              		.file	"init_ADC.c"
  12              		.text
  13              	.Ltext0:
  14              		.section	.gnu.lto_.profile.bd26d649,"",%progbits
  15 0000 789C6365 		.ascii	"x\234ce`b`e```d\330\315\230\006\000\003/\0010"
  15      60626065 
  15      60606064 
  15      D8CD9806 
  15      00032F01 
  16              		.text
  17              		.section	.gnu.lto_.icf.bd26d649,"",%progbits
  18 0000 789C6365 		.ascii	"x\234ce`b\260`@\000N\206y\277\256\274`a<\363\365\322"
  18      6062B060 
  18      40004E86 
  18      79BFAEBC 
  18      60613CF3 
  19 0016 660EA609 		.ascii	"f\016\246\011\377\037\314`b^\276\371\177+\017\313\366"
  19      FF1FCC60 
  19      625EBEF9 
  19      7F2B0FCB 
  19      F6
  20 0027 AF979BF9 		.ascii	"\257\227\233\371Y75,\275\313\315\006&\331O\034_\265"
  20      5937352C 
  20      BDCBCD06 
  20      26D94F1C 
  20      5FB5
  21 0039 9B8D7375 		.ascii	"\233\215su\313\344\371L\014\000*\204\032\363"
  21      CBE4F94C 
  21      0C002A84 
  21      1AF3
  22              		.text
  23              		.section	.gnu.lto_.jmpfuncs.bd26d649,"",%progbits
  24 0000 789C5DCE 		.ascii	"x\234]\316\271\012\302@\020\006\340\371w7&\332\344\005"
  24      B90AC240 
  24      1006E0F9 
  24      773726DA 
  24      E405
  25 0012 7C125F2E 		.ascii	"|\022_.\213 Z\331\010\0126\012\026\336Waa'\036\225W"
  25      8B205AD9 
  25      080A360A 
  25      16DE5761 
  25      61271E95 
  26 0027 23165A59 		.ascii	"#\026ZYk+\202\022t'\211\007\016l3\377\3167c\221\240"
  26      6B2B8212 
  26      74278907 
  26      0E6C33FF 
  26      CE376391 
ARM GAS  C:\Users\CYIRKO~1\AppData\Local\Temp\ccTJA37V.s 			page 2


  27 003c 14E853CA 		.ascii	"\024\350S\312<\241`\312\365LI\356\011\224$\212\231\351"
  27      3CA160CA 
  27      F54C49EE 
  27      0994248A 
  27      99E9
  28 004e D6CECB8A 		.ascii	"\326\316\313\212$\020\352H\022\331\3467'\343\361\345"
  28      2410EA48 
  28      12D9E637 
  28      27E3F1E5 
  29 005e 687BBE76 		.ascii	"h{\276v*\0225\036@\003\036A\321_(j\322,B3\014c\234\226"
  29      2A12351E 
  29      40031E41 
  29      D15F286A 
  29      D22C4233 
  30 0076 A78F599C 		.ascii	"\247\217Y\234Q\011\235\313i\205\226\201\341\004\223"
  30      51099DCB 
  30      69859681 
  30      E10493
  31 0085 FEFE3C07 		.ascii	"\376\376<\007g\012\332A\2337r{\263\273/]n[H\003\035"
  31      670ADA41 
  31      9B37727B 
  31      B3BB2F5D 
  31      6E5B4803 
  32 009a 6E0754E1 		.ascii	"n\007T\341Z?Y\0215`\252\373\245\026\317\333\304\015"
  32      5A3F5911 
  32      3560AAFB 
  32      A516CFDB 
  32      C40D
  33 00ac 2981DE5B 		.ascii	")\201\336[\032eW\303D(\001\375\017t\354\257\317N\004"
  33      1A6557C3 
  33      442801FD 
  33      0F74ECAF 
  33      CF4E04
  34 00bf 55191AFC 		.ascii	"U\031\032\374\334T=\370Vt\223\026\030\006T8K/\360\217"
  34      DC543DF8 
  34      56749316 
  34      18065438 
  34      4B2FF08F 
  35 00d3 5128     		.ascii	"Q("
  36              		.text
  37              		.section	.gnu.lto_.inline.bd26d649,"",%progbits
  38 0000 789C6365 		.ascii	"x\234ce`bX\306\200\000,@\304\314\310\300\304t\201\237"
  38      606258C6 
  38      80002C40 
  38      C4CCC8C0 
  38      C474819F 
  39 0014 816D813C 		.ascii	"\201m\201<\023H\214\211\301~%'#3\263\002#\220#\300\310"
  39      13488C89 
  39      C17E2527 
  39      2333B302 
  39      239023C0 
  40 0029 C0CCC004 		.ascii	"\300\314\300\004b\262e\257\330?\201\221\201\275C\235"
  40      62B265AF 
  40      D83F8191 
  40      81BD439D 
  41 0039 8981E391 		.ascii	"\211\201\343\221\031\013\003\343\013v\016&0\311\300"
  41      190B03E3 
ARM GAS  C:\Users\CYIRKO~1\AppData\Local\Temp\ccTJA37V.s 			page 3


  41      0B760E26 
  41      30C9C0
  42 0048 74405D80 		.ascii	"t@]\200A\000\250\234\231AR\026h\234\302\246E\214\010"
  42      4100A89C 
  42      99415216 
  42      689CC2A6 
  42      458C08
  43 005b F3B88104 		.ascii	"\363\270\201\004#\027H\226\007\310``g\0202\005\252\001"
  43      23174896 
  43      07C86060 
  43      67103205 
  43      AA01
  44 006d F2612A40 		.ascii	"\362a*@\342@\006\013/\310\000L\232\001\000O\005\016"
  44      E240060B 
  44      2FC8004C 
  44      9A01004F 
  44      050E
  45 007f FB       		.ascii	"\373"
  46              		.text
  47              		.section	.gnu.lto_.pureconst.bd26d649,"",%progbits
  48 0000 789C6365 		.ascii	"x\234ce`b\340d```a`a\222b\226`\227\000\000\002A\000"
  48      6062E064 
  48      60606061 
  48      60619262 
  48      96609700 
  49 0018 6F       		.ascii	"o"
  50              		.text
  51              		.section	.gnu.lto_getADC.bd26d649,"",%progbits
  52 0000 789C2D4F 		.ascii	"x\234-O\273NBA\024<\263\347\002\327w4vR\320\322h\343"
  52      BB4E4241 
  52      143CB3E7 
  52      02D77734 
  52      7652D0D2 
  53 0016 0F18FD0F 		.ascii	"\017\030\375\017\013*\032\013\265\347J4$\232\250\205"
  53      0B2A1A0B 
  53      B5E74A34 
  53      249AA885 
  54 0026 4230922D 		.ascii	"B0\222-,@\300WIwc,}D#\225\211\205V\030-\264\027\235"
  54      2C40C057 
  54      4977632C 
  54      7D442395 
  54      89855618 
  55 003e 13DD64B3 		.ascii	"\023\335d\263;\263sff\023\342d\000\"\343\"2\305\015"
  55      3BB37366 
  55      6613E264 
  55      0022E322 
  55      32C50D
  56 0051 15B8DD5B 		.ascii	"\025\270\335[\221\265\320\001v\211BH\301\241\200\035"
  56      91B5D001 
  56      76894248 
  56      C1A1801D 
  57 0061 AD28EED7 		.ascii	"\255(\356\327\317\017u[=e\001\341\347\315\301\353\250"
  57      CF0F755B 
  57      3D6501E1 
  57      E7CDC1EB 
  57      A8
  58 0072 412043D8 		.ascii	"A C\330\335;m\015g\353\021W\\y\234\2546\342\300\253"
ARM GAS  C:\Users\CYIRKO~1\AppData\Local\Temp\ccTJA37V.s 			page 4


  58      DD3B6D0D 
  58      67EB1157 
  58      5C799CAC 
  58      36E2C0AB 
  59 0086 932AD50D 		.ascii	"\223*\325\015\244QG\332\"\216\221\025\212_.\372\373"
  59      A45147DA 
  59      228E9115 
  59      8A5F2EFA 
  59      FB
  60 0097 23C9C05E 		.ascii	"#\311\300^I6\221d\0159{@\034\365\177JQ\374<\321\034"
  60      49369164 
  60      0D397B40 
  60      1CF57F4A 
  60      51FC3CD1 
  61 00ac 0A9C7855 		.ascii	"\012\234xU\0253\221M\352\254\320\026\001O\355\241X\356"
  61      1533914D 
  61      EAACD016 
  61      014FEDA1 
  61      58EE
  62 00be B5676DB2 		.ascii	"\265gm\262\246\216\206\345\215\313\273\224\225\011`"
  62      A68E86E5 
  62      8DCBBB94 
  62      950960
  63 00cd FE9DCEFB 		.ascii	"\376\235\316\373S\252\360\035\205$\216,\203\334\333"
  63      53AAF01D 
  63      85248E2C 
  63      83DCDB
  64 00dc 75F76AD0 		.ascii	"u\367j\320\243\006\257\011\264\371\251\226U\302\011"
  64      A306AF09 
  64      B4F9A996 
  64      55C209
  65 00eb 3C847E5F 		.ascii	"<\204~_%\374\331)\035\345\003\305\314?\3444\363a\271"
  65      25FCD929 
  65      1DE503C5 
  65      CC3FE434 
  65      F361B9
  66 00fe 6C32B6B2 		.ascii	"l2\266\262\234\233\311/\345W\027\347\026\346\247s\362"
  66      9C9BC92F 
  66      E55717E7 
  66      16E6A773 
  66      F2
  67 010f 0B4C8458 		.ascii	"\013L\204X\207"
  67      87
  68              		.text
  69              		.section	.gnu.lto_smooth.bd26d649,"",%progbits
  70 0000 789C8D57 		.ascii	"x\234\215W\377ST\327\025\277\347\335\375\362v\227\335"
  70      FF5354D7 
  70      15BFE7DD 
  70      FDF27697 
  70      DD
  71 0011 E53B0601 		.ascii	"\345;\006\001!\202\370\015\025EM\214\332 \214\375\245"
  71      2182F80D 
  71      15454D8C 
  71      DA208CFD 
  71      A5
  72 0022 FF4327B5 		.ascii	"\377C'\265NK25ij\352L\177\311\023q5\0325iSTt\003\255"
  72      4E4B3235 
ARM GAS  C:\Users\CYIRKO~1\AppData\Local\Temp\ccTJA37V.s 			page 5


  72      696AEA4C 
  72      7FC91371 
  72      351A3569 
  73 003b 58144BC1 		.ascii	"X\024K\301\370\005\211\001\227/J\000\201\200h*F\323"
  73      F8058901 
  73      972F4A00 
  73      8180682A 
  73      46D3
  74 004d 26A629A4 		.ascii	"&\246)\244tj*\315\350(\364\234s/\013\253;\323\356\314"
  74      746A2ACD 
  74      E828F49C 
  74      732F0BAB 
  74      3BD3EECC 
  75 0061 BBDC77DE 		.ascii	"\273\334w\336\347s\276\237\373\036va\210*\237\020\305"
  75      E773BE9F 
  75      FB1E7661 
  75      882A9F10 
  75      C5
  76 0072 42888D20 		.ascii	"B\210\215 \004\314\022`\274\323'\304v\3230\344\356\\"
  76      04CC1260 
  76      BCD327C4 
  76      76D330E4 
  76      EE5C
  77 0084 61B96DB4 		.ascii	"a\271m\264\306H\260)\261\015\222\324\306n8\370\271\223"
  77      C648B029 
  77      B10D92D4 
  77      C66E38F8 
  77      B993
  78 0096 9F3BC0AD 		.ascii	"\237;\300\255\304N\303d\261\213\305\346\224\3305\265"
  78      C44EC364 
  78      B18BC5E6 
  78      94D835B5 
  79 00a6 71438CDA 		.ascii	"qC\214\332x\324\246\325\2141<ow\012\244x\313\234H\361"
  79      78D4A6D5 
  79      8C313C6F 
  79      770AA478 
  79      CB9C48F1 
  80 00ba 1A7E5610 		.ascii	"\032~V\020\307\012\374\220B(\360\251\277\255f\212\341"
  80      C70AFC90 
  80      4228F0A9 
  80      BFAD668A 
  80      E1
  81 00cb 236C2CDD 		.ascii	"#l,\335Y1\261\020\247\264\305\031\361\314J`V<$*q\302"
  81      5931B110 
  81      A7B4C519 
  81      F1CC4A60 
  81      563C242A 
  82 00e1 D42651B9 		.ascii	"\324&Q\271\335j&\031ve-\231\255%\003\260&\023\304\233"
  82      DD6A2619 
  82      76652D99 
  82      AD2503B0 
  82      2613C49B 
  83 00f5 86B4D91D 		.ascii	"\206\264\331\035N\323\345\366\304x\375\276\224\330\270"
  83      4ED3E5F6 
  83      C478FDBE 
  83      94D8B8
  84 0104 F884C4A4 		.ascii	"\370\204\304\244dx\323\226$ d\203\211\311\311I\247\240"
ARM GAS  C:\Users\CYIRKO~1\AppData\Local\Temp\ccTJA37V.s 			page 6


  84      6478D396 
  84      24206483 
  84      89C9C949 
  84      A7A0
  85 0116 5F0CDF4F 		.ascii	"_\014\337O\206\357S\370^-\364; \017Jh\333\365\267&c"
  85      86EF53F8 
  85      5E2DF43B 
  85      200F4A68 
  85      DBF5B726 
  86 012b 418D85BF 		.ascii	"A\215\205\277\320\301;\263\254\023!\250\224B\034\226"
  86      D0C13BB3 
  86      AC1321A8 
  86      94421C96 
  87 013b 0C115003 		.ascii	"\014\021P\003\013\0205P\326pT\356\227\225\022\300\206"
  87      0B103550 
  87      D67054EE 
  87      979512C0 
  87      86
  88 014c B7F77A2B 		.ascii	"\267\367z+\276\364\321\255\001\231x\373\237\376\256"
  88      BEF4D1AD 
  88      019978FB 
  88      9FFEAE
  89 015b 9D3E190F 		.ascii	"\235>\031\017\002\367__\377\264\305\227{\334\262J\255"
  89      02F75F5F 
  89      FFB4C597 
  89      7BDCB24A 
  89      AD
  90 016c D0FD5F4B 		.ascii	"\320\375_K+\273RJ\250\005\211\012\341$\244\301\011H"
  90      2BBB524A 
  90      A805890A 
  90      E124A4C1 
  90      0948
  91 017e 13281270 		.ascii	"\023(\022p\012r\021\376h\337\355Cv9\213\251'\352\332"
  91      0A7211FE 
  91      68DFED43 
  91      76398BA9 
  91      27EADA
  92 0191 DEF24F51 		.ascii	"\336\362OQ\337\323\324?F\241\3261\365\261\365^\271O"
  92      DFD3D43F 
  92      46A1D631 
  92      F5B1F55E 
  92      B94F
  93 01a3 CE616A6D 		.ascii	"\316ajm\373\300UIT\214b\250\234\2516\370\323\223T\233"
  93      FBC05549 
  93      548C62A8 
  93      9CA936F8 
  93      D393549B 
  94 01b7 807AA6DE 		.ascii	"\200z\246\336\353\271\365\261Gf1u\344\255\243\355nM"
  94      EBB9F5B1 
  94      47663175 
  94      E4ADA3ED 
  94      6E4D
  95 01c9 BD7A5053 		.ascii	"\275zPS\033\242POC.\341+.\336\357\266\253T\230x\333"
  95      1BA2504F 
  95      432EE12B 
  95      2EDEEFB6 
  95      AB549878 
ARM GAS  C:\Users\CYIRKO~1\AppData\Local\Temp\ccTJA37V.s 			page 7


  96 01de F8CF538D 		.ascii	"\370\317S\215^\225\212\020=\376\360j\351\200O\316g\325"
  96      5E958A10 
  96      3DFEF06A 
  96      E9804FCE 
  96      67D5
  97 01f0 0F3AEF8E 		.ascii	"\017:\357\216\0339\307X\365\215\035\366\263V\350\220"
  97      1B39C758 
  97      F58D1DF6 
  97      B356E890 
  98 0200 65AB9476 		.ascii	"e\253\224v8\253\324\237A\365\037\240z\372!|t\370\326"
  98      38ABD49F 
  98      41F51FA0 
  98      7AFA217C 
  98      74F8D6
  99 0213 798F5CC6 		.ascii	"y\217\\\306\324{\207\352\01684\365\263V\207\325\261"
  99      D47B87EA 
  99      0E3834F5 
  99      B35687D5 
  99      B1
 100 0224 3D9388E7 		.ascii	"=\223\210\347\243\022[\366?>o\312\002&V\237\257\266"
 100      A3125BF6 
 100      3F3E6FCA 
 100      0226569F 
 100      AFB6
 101 0236 9C9AD8F7 		.ascii	"\234\232\330\367\245\375\260\025*\313\244\210.DF\244"
 101      A5FDB015 
 101      2ACBA488 
 101      2E4446A4 
 102 0246 993B6BAE 		.ascii	"\231;k\256M\330\345jf\336<\334P\0356\211\225\253\266"
 102      4DD8E56A 
 102      66DE3CDC 
 102      501D3689 
 102      95ABB6
 103 0259 0C227E18 		.ascii	"\014\"~\030\225\370N\377G\357\306\3105L|\177\242\356"
 103      95F84EFF 
 103      47EFC6C8 
 103      354C7C7F 
 103      A2EE
 104 026b AE4D133B 		.ascii	"\256M\023;\246\211\037E%\326\364\374\305\262\313uL\274"
 104      A6891F45 
 104      25D6F4FC 
 104      C5B2CB75 
 104      4CBC
 105 027d F8873323 		.ascii	"\370\2073#^M\274\377n\230\330\022\225xap\274\331+\277"
 105      5E4DBCFF 
 105      6E98D812 
 105      95786170 
 105      BCD92BBF 
 106 0291 C7C4E32D 		.ascii	"\307\304\343-G\206\244&\336\235&\206\242\022\217\367"
 106      4786A426 
 106      DE9D2686 
 106      A2128FF7 
 107 02a1 B4B7F864 		.ascii	"\264\267\370d!\023G\373N\33725qh\232\330\026\225x\377"
 107      211347FB 
 107      4EDF3235 
 107      71689AD8 
 107      169578FF 
ARM GAS  C:\Users\CYIRKO~1\AppData\Local\Temp\ccTJA37V.s 			page 8


 108 02b5 F323A586 		.ascii	"\363#\245\206,b\342\225\317\3527O\2058\315\353\210\312"
 108      2C62E295 
 108      CFEA374F 
 108      8538CDEB 
 108      88CA
 109 02c7 FBE2F4C4 		.ascii	"\373\342\364\304o\275\016\033\\\206\034h\307\253\025"
 109      6FBD0E1B 
 109      5C861C68 
 109      C7AB15
 110 02d6 AF4B7835 		.ascii	"\257Kx5\343u\021\257&\274\032\361:\0079j\316\340\012"
 110      E37511AF 
 110      26BC1AF1 
 110      3A07396A 
 110      CEE00A
 111 02e9 3870245D 		.ascii	"8p$]\377\017\243~\020B\326\304\344.+t%at\323\367\201"
 111      FF0FA37E 
 111      1042D6C4 
 111      E42E2B74 
 111      256174D3 
 112 02ff FBD21044 		.ascii	"\373\322\020DEO\220\214\235\212t\273 \005\016A*\234"
 112      454F908C 
 112      9D8A74BB 
 112      20050E41 
 112      2A9C
 113 0311 82949882 		.ascii	"\202\224\230\202T\270\004)q\363\352\341\325\007\244"
 113      54B80429 
 113      71F3EAE1 
 113      D507A4
 114 0320 C18F3DEE 		.ascii	"\301\217=\356\210\245%\2165\306S\317'\010\262\234\004"
 114      88A5258E 
 114      35C653CF 
 114      2708B29C 
 114      04
 115 0331 34ABC928 		.ascii	"4\253\311(p\246\000\315\3363@\274T\240a\232\315\272"
 115      70A600CD 
 115      DE3340BC 
 115      54A0619A 
 115      CDBA
 116 0343 D3D85A3A 		.ascii	"\323\330Z:q2h\231CK&\033\317b\300\263$\230\313\250l"
 116      71326899 
 116      434B261B 
 116      CF62C0B3 
 116      2498CBA8 
 117 0358 16E7B0C7 		.ascii	"\026\347\260\307\363Pl\346\3222\237&{\001\331X\210\213"
 117      F3506CE6 
 117      D2329F26 
 117      7B01D958 
 117      888B
 118 036a 7D113BBB 		.ascii	"}\021;\273\230C\311#\356\022Z\226\022r\031-\371\004"
 118      9843C923 
 118      EE125A96 
 118      1272192D 
 118      F904
 119 037c 5F4EF015 		.ascii	"_N\360\025\004/\340HV\262\316U\274_M\342\347hy\236\226"
 119      042FE048 
 119      56B2CE55 
 119      BC5F4DE2 
ARM GAS  C:\Users\CYIRKO~1\AppData\Local\Temp\ccTJA37V.s 			page 9


 119      E768799E 
 120 0391 35B4BC40 		.ascii	"5\264\274@\314\265\264\254#\372z\242\277H\267\205\264"
 120      CCB5B4AC 
 120      23FA7AA2 
 120      BF48B785 
 120      B4
 121 03a2 6C205911 		.ascii	"l Y\021\223\213\351\311F\316\246\020{\260B7\205\330"
 121      938BE9C9 
 121      46CEA610 
 121      7BB04237 
 121      85D8
 122 03b4 2B0DFC23 		.ascii	"+\015\374#G\240\364\333]\3155n*YP\372\203\322'F`\307"
 122      47A0F4DB 
 122      5DCD356E 
 122      2A5950FA 
 122      83D22746 
 123 03ca A3002841 		.ascii	"\243\000(A,\312\260\003\316vt\006L:\024\034\000\320"
 123      2CCAB003 
 123      CE767406 
 123      4C3A141C 
 123      00D0
 124 03dc 899D7117 		.ascii	"\211\235q\027\312\206\333\0134\006\001\365\377hz\340"
 124      CA86DB0B 
 124      340601F5 
 124      FF687AE0 
 125 03ec 5500011F 		.ascii	"U\000\001\037\353\326\331\213g[\036Z\330Q\036\350r*"
 125      EBD6D98B 
 125      675B1E5A 
 125      D8511EE8 
 125      722A
 126 03fe 6C1C1A80 		.ascii	"l\034\032\200Ei\342+(\315\344.\301\322\240\224\3016"
 126      4569E22B 
 126      28CDE42E 
 126      C1D2A094 
 126      C136
 127 0410 F2E72B30 		.ascii	"\362\347+0\204\022\202`fo\247\246\306\243\010\362\322"
 127      84128260 
 127      666FA7A6 
 127      C6A308F2 
 127      D2
 128 0421 48DA1028 		.ascii	"H\332\020(Q\262\004\024\243\365\313\223\337\205\374"
 128      51B20414 
 128      A3F5CB93 
 128      DF85FC
 129 0430 64DD0606 		.ascii	"d\335\006\006t\301\014\365XnD!\247\364\341\236\333_"
 129      74C10CF5 
 129      586E4421 
 129      A7F4E19E 
 129      DB5F
 130 0442 EB289391 		.ascii	"\353(\223\221R\276\263\255\337I\024\311\343\360]g\367"
 130      52BEB3AD 
 130      DF4914C9 
 130      E3F05D67 
 130      F7
 131 0453 EE984A08 		.ascii	"\356\230J\010n\307\201\300\343\305\025\224I\320Ma@\017"
 131      6EC781C0 
 131      E3C51594 
ARM GAS  C:\Users\CYIRKO~1\AppData\Local\Temp\ccTJA37V.s 			page 10


 131      49D04D61 
 131      400F
 132 0465 549227A5 		.ascii	"T\222'\245\345]\351\304~\002[\365\262`t\212F_E4\032"
 132      E55DE9C4 
 132      7E025BF5 
 132      B260748A 
 132      465F4534 
 133 047a 2007AA7E 		.ascii	" \007\252~g\260\013\324\377\030\261\030\007|\3423\004"
 133      67B00BD4 
 133      FF18B118 
 133      077CE233 
 133      04
 134 048b 862B1FEE 		.ascii	"\206+\037\356\317\300\200\355\242\314)\011yj\230\323"
 134      CFC080ED 
 134      A2CC2909 
 134      796A98D3 
 135 049b 4D2D82FA 		.ascii	"M-\202\372\017~\321\272\337\223~\30421+Xe\001\275\220"
 135      0F7ED1BA 
 135      DF937EC4 
 135      32312B58 
 135      6501BD90 
 136 04af 4E09EF6B 		.ascii	"N\011\357k\277S-U\004\222\202R)v\2106\311J\316|\253"
 136      BF532D55 
 136      04928252 
 136      29768836 
 136      C94ACE7C 
 137 04c4 94D08C2D 		.ascii	"\224\320\214-\3444U\004\256\273\024~6R\"\023s\221\022"
 137      E4345504 
 137      AEBB147E 
 137      36522213 
 137      739112
 138 04d7 335BA578 		.ascii	"3[\245x\354\244Nq\032\212\"\252s\211Pil\307Iv\030\276"
 138      ECA44E71 
 138      1A8A22AA 
 138      73895069 
 138      6CC74976 
 139 04ed AF47E731 		.ascii	"\257G\3471];\202\276\365\267?\322\035\223\212r\355\232"
 139      5D3B82BE 
 139      F5B73FD2 
 139      1D938A72 
 139      ED9A
 140 04ff 29FE0A44 		.ascii	")\376\012D9\024\010\356\325\224\014\246\244*\273'\355"
 140      391408EE 
 140      D5940CA6 
 140      A42ABB27 
 140      ED
 141 0510 4A388785 		.ascii	"J8\207\205\031J8\242C\314Dy\204/\315\344K\246\002\035"
 141      194A38A2 
 141      43CC4479 
 141      842FCDE4 
 141      4BA6021D 
 142 0524 F7285016 		.ascii	"\367(P\026\352\242\236\210\014+K\260\321\346)\243\317"
 142      EAA29E88 
 142      0C2B4BB0 
 142      D1E629A3 
 142      CF
 143 0535 3250536F 		.ascii	"2PSoj\375sQ\376t\254s\331qW\330\361\261\036\235\232"
ARM GAS  C:\Users\CYIRKO~1\AppData\Local\Temp\ccTJA37V.s 			page 11


 143      6AFD7351 
 143      FE74AC73 
 143      D97157D8 
 143      F1B11E9D 
 144 054a 6C1D6BA4 		.ascii	"l\035k\244;\331\\\350\307\306\264\355t\226\034\373\006"
 144      3BD95CE8 
 144      C7C6B4ED 
 144      74961CFB 
 144      06
 145 055b A67502EB 		.ascii	"\246u\002\353t\253b\033B\341\234\202\367\254\305\241"
 145      74AB621B 
 145      42E19C82 
 145      F7ACC5A1 
 146 056b F60CB633 		.ascii	"\366\014\2663\277\376\337\212\337\252\036c\357\330\261"
 146      BFFEDF8A 
 146      DFAA1E63 
 146      EFD8B1
 147 057a 0E8EE16B 		.ascii	"\016\216\341k>t\321\034MF\245\256=\251\343\210X\230"
 147      3E74D11C 
 147      4D46A5AE 
 147      3DA9E388 
 147      5898
 148 058c E6A8F80D 		.ascii	"\346\250\370\015\216m\246Y\213\322lWw\31288\261\214"
 148      8E6DA659 
 148      8BD26C57 
 148      77CA3838 
 148      B18C
 149 059e 8E5A9C8D 		.ascii	"\216Z\234\215,\263\033\205\351\256\321\024t\300#\360"
 149      2CB31B85 
 149      E9AED114 
 149      74C023F0 
 150 05ae 034CCD7B 		.ascii	"\003L\315{o\235OE5/\210S\307\235\242\253\207s7o\346"
 150      6F9D4F45 
 150      352F8853 
 150      C79DA2AB 
 150      8773376F 
 151 05c3 40993850 		.ascii	"@\2318P}\300\335tt\0123\037\207\003\221j\250\264lA\324"
 151      7DC0DD74 
 151      740A331F 
 151      8703916A 
 151      A8B46C41 
 152 05d8 199AAFA7 		.ascii	"\031\232\257\247\242_\317\320\215@\223.\371B\244\250"
 152      A25FCFD0 
 152      8D40932E 
 152      F942A4A8 
 153 05e8 7A3CD0F5 		.ascii	"z<\320\365X\024\224&\312\247\023\334H\261/R\240\346"
 153      58149426 
 153      CAA713DC 
 153      48B12F52 
 153      A0E6
 154 05fa 298717A3 		.ascii	")\207\027\243\303\021U\343\014-\346\014\307\010\374"
 154      C31155E3 
 154      0C2DE60C 
 154      C708FC
 155 0609 A4542966 		.ascii	"\244T)f\256\251\322\312\010\233j\322\016\355\256\215"
 155      AEA9D2CA 
 155      089B6AD2 
ARM GAS  C:\Users\CYIRKO~1\AppData\Local\Temp\ccTJA37V.s 			page 12


 155      0EEDAE8D 
 156 0619 0A2028AF 		.ascii	"\012 (\257\270s\270\0071c\213=\037\370\306\301\244a"
 156      B873B807 
 156      31638B3D 
 156      1FF8C6C1 
 156      A461
 157 062b 730F0F7A 		.ascii	"s\017\017z\321\264\247\342\226\037\325z\251p\350\305"
 157      D1B4A7E2 
 157      961FD57A 
 157      A970E8C5 
 158 063b 85C0589D 		.ascii	"\205\300X\235n\206<l\006\3724\332q\252\301\253\216\235"
 158      6E863C6C 
 158      06FA34DA 
 158      71AAC1AB 
 158      8E9D
 159 064d 0CF864EA 		.ascii	"\014\370d\352T\034\3226\362h\012\325 \370iv\320\030"
 159      541CD236 
 159      F2680AD5 
 159      20F86976 
 159      D018
 160 065f 3A22BD15 		.ascii	":\"\275\025w\374\343P\024\224\036/=\302\257jU\223\272"
 160      77FCE350 
 160      14941E2F 
 160      3DC2AF6A 
 160      5593BA
 161 0672 7ABFE22D 		.ascii	"z\277\342-\015\342\311<\263&\313P\366T\021\362\361\314"
 161      0DE2C93C 
 161      B326CB50 
 161      F65411F2 
 161      F1CC
 162 0684 C1471145 		.ascii	"\301G\021EX\036\265\010\371\272\010\003\341\"t\351\""
 162      581EB508 
 162      F9BA0803 
 162      E12274E9 
 162      22
 163 0695 AC408ACA 		.ascii	"\254@\212\312\257VP\020$\302\212\351\354\236#\227\013"
 163      AF565010 
 163      24C28AE9 
 163      EC9E2397 
 163      0B
 164 06a6 14665FBF 		.ascii	"\024f_\277\256\301Jt0\242\006\227\011\265\222#M\301"
 164      AEC14A74 
 164      30A20697 
 164      09B59223 
 164      4DC1
 165 06b8 4881D3CE 		.ascii	"H\201\323\316T\227*\001\003\014=\177\332\370\022\225"
 165      54972A01 
 165      030C3D7F 
 165      DAF81295 
 166 06c8 C381EA73 		.ascii	"\303\201\352s\265\206\312\341\217`P\345\260/\234C\003"
 166      B586CAE1 
 166      8F6050E5 
 166      B02F9C43 
 166      03
 167 06d9 71AA4EB8 		.ascii	"q\252N\270\313\361\343\331\271\3227\210eB/\213\350\256"
 167      CBF1E3D9 
 167      B9D23788 
ARM GAS  C:\Users\CYIRKO~1\AppData\Local\Temp\ccTJA37V.s 			page 13


 167      65422F8B 
 167      E8AE
 168 06eb C037FC7E 		.ascii	"\3007\374~2\232\215\325\207\323'\201\336z=\364\253\320"
 168      329A8DD5 
 168      87D32781 
 168      DE7A3DF4 
 168      ABD0
 169 06fd 3A7DCA1F 		.ascii	":}\312\037n\274\355\302\303t\267e\305\332\205\245\177"
 169      6EBCEDC2 
 169      C374B765 
 169      C5DA85A5 
 169      7F
 170 070e FF023E58 		.ascii	"\377\002>X\257A\372\023\261\256\342(\342\302\263\312"
 170      AF41FA13 
 170      B1AEE228 
 170      E2C2B3CA 
 171 071e 42B74ADB 		.ascii	"B\267J\333X\277.\377j\032S\266\246\335|\216{w\265\252"
 171      58BF2EFF 
 171      6A1A53B6 
 171      A6DD7C8E 
 171      7B77B5AA 
 172 0732 5A973E73 		.ascii	"Z\227>s\237G\":\320U\365\367\037h\373\017''\347\010"
 172      9F47223A 
 172      D055F5F7 
 172      1F68FB0F 
 172      2727E708 
 173 0746 ABE1C0CE 		.ascii	"\253\341\300\316O;\333\2769\246\\\030B\0278/MZ\371\032"
 173      4F3BDBBE 
 173      39A65C18 
 173      4217382F 
 173      4D5AF91A 
 174 075a A42199F2 		.ascii	"\244!\231\362\360\347p\036\320\300\032\225\00777\016"
 174      F0E7701E 
 174      D0C01A95 
 174      0737370E 
 175 076a 3A1A5BF1 		.ascii	":\032[\361y\"\272\032\257\"\307\006\332w\272J\243_\300"
 175      7922BA1A 
 175      AF22C706 
 175      DA77BA4A 
 175      A35FC0
 176 077d D44674D0 		.ascii	"\324Ft\320Z\224=\325A\353\270\203\326RlC\341\271\\\257"
 176      5A943DD5 
 176      41EBB883 
 176      D6526C43 
 176      E1B95CAF 
 177 0791 A32D7745 		.ascii	"\243-wE{\331\375\036\324\333n\235n\251\353\374\266["
 177      7BD9FD1E 
 177      D4DB6E9D 
 177      6EA9EBFC 
 177      B65B
 178 07a3 CF394B08 		.ascii	"\3179K\010;r9_\351z\361I7\012Q\366\224\033\033\330\215"
 178      3B72395F 
 178      E97AF149 
 178      370A51F6 
 178      941B1BD8 
 179 07b8 C248378A 		.ascii	"\302H7\2121\344\377\355\306\006\355\306\015v\243\230"
 179      31E4FFED 
ARM GAS  C:\Users\CYIRKO~1\AppData\Local\Temp\ccTJA37V.s 			page 14


 179      C606EDC6 
 179      0D76A398 
 180 07c8 DD48D4D3 		.ascii	"\335H\324\323\212\375\332\245"
 180      8AFDDAA5 
 181 07d0 3B6123BD 		.ascii	";a#\275\374f\366k;\025u#\303\223\304\355\231\225\366"
 181      FC66F66B 
 181      3B157523 
 181      C393C4ED 
 181      9995F6
 182 07e3 A87E6580 		.ascii	"\250~e\200T\255\230\035~\343\246\252\012\220.\333 \351"
 182      54AD981D 
 182      7EE3A6AA 
 182      0A902EDB 
 182      20E9
 183 07f5 4D1C748F 		.ascii	"M\034t\217\203'(\237\261aA\334\211\244/\231\276a\306"
 183      8327289F 
 183      B16141DC 
 183      89A42F99 
 183      BE61C6
 184 0808 F004BFF4 		.ascii	"\360\004\277\3646\307\307\007\300\036|\005\334\304\377"
 184      36C7C707 
 184      C01E7C05 
 184      DCC4FF
 185 0817 F885FF17 		.ascii	"\370\205\377\027\257oZZ\262\245d\353\017\013\213\213"
 185      AF6F5A5A 
 185      B2A564EB 
 185      0F0B8B8B 
 186 0827 966C12F6 		.ascii	"\226l\022\366\222-\257\275\261\325\361\352\033[\361"
 186      922DAFBD 
 186      B1D5F1EA 
 186      1B5BF1
 187 0836 0F6C716C 		.ascii	"\017lql+\331\362\343W\2679_\372\345\346\327_\372\311"
 187      2BD9F2E3 
 187      57B7395F 
 187      FAE5E6D7 
 187      5FFAC9
 188 0849 66B9F567 		.ascii	"f\271\365g\257\031?\335f\274\262\334x%\037~\005/C\011"
 188      AF193FDD 
 188      66BCB2DC 
 188      78251F7E 
 188      052F4309 
 189 085d FCFCBF64 		.ascii	"\374\374\277d\244p\311"
 189      A470C9
 190              		.text
 191              		.section	.gnu.lto_transm.bd26d649,"",%progbits
 192 0000 789C8D54 		.ascii	"x\234\215T\313O\023q\020\236\331\331\335\266\333\255"
 192      CB4F1371 
 192      109ED9D9 
 192      DDB6DBAD 
 193 0010 ABA149D5 		.ascii	"\253\241I\325\020\317\342A/\236M\214\376\037\0368q\361"
 193      10CFE241 
 193      2F9E4D8C 
 193      FE1F1E38 
 193      71F1
 194 0022 A0DEBB52 		.ascii	"\240\336\273R\240\011\210zPH\023\233\255A-\212\312\243"
 194      A009887A 
 194      5048139B 
ARM GAS  C:\Users\CYIRKO~1\AppData\Local\Temp\ccTJA37V.s 			page 15


 194      AD412D8A 
 194      CAA3
 195 0034 22AECF5A 		.ascii	"\"\256\317Z\020_D\023\023=\350M\215\021PPcbLx8\363\333"
 195      105F4413 
 195      133DE84D 
 195      8D115050 
 195      63624C78 
 196 004b BAA1054D 		.ascii	"\272\241\005M7\331\331v~3\337|\363\315\354\032\240\201"
 196      37D9D976 
 196      7E33DF7C 
 196      F3CDEC1A 
 196      A081
 197 005d 63006C01 		.ascii	"c\000l\001\200\275|\243\001\250\235~\001p<\252i4\355"
 197      80BD7CA3 
 197      01A89D7E 
 197      01703CAA 
 197      6934ED
 198 0070 806BE9CF 		.ascii	"\200k\351\317\366\201k\023\352\201[G\224\037n\024!\255"
 198      F6816B13 
 198      EA815B47 
 198      941F6E14 
 198      21AD
 199 0082 918E693C 		.ascii	"\221\216i<E\375\204\225\354'_k)\272|\225\373\307\314"
 199      45FD8495 
 199      EC275F6B 
 199      29BA7C95 
 199      FBC7CC
 200 0095 2EB773AB 		.ascii	".\267s\253G\0009\276\345\302\"\266\000\207\275\037]"
 200      470039BE 
 200      E5C222B6 
 200      0087BD1F 
 200      5D
 201 00a6 399B30F5 		.ascii	"9\2330\365\300\217\203h\"?\207_a\331]Y\315\272\3457"
 201      C08F8368 
 201      223F875F 
 201      61D95D59 
 201      CDBAE537 
 202 00ba DBCE5F4C 		.ascii	"\333\316_Ln\327\301#&\342\221f\262\241\210\230\030\033"
 202      6ED7C123 
 202      26E29166 
 202      B2A18898 
 202      181B
 203 00cc DD928338 		.ascii	"\335\222\2038\033\303\026\223\020\237#\247Mb\222\362"
 203      1BC31693 
 203      109F23A7 
 203      4D6292F2 
 204 00dc 372506A0 		.ascii	"7%\006\240\233\361\205f\017i\362\244y\354(,\236h\221"
 204      9BF18566 
 204      0F69F2A4 
 204      79EC282C 
 204      9E6891
 205 00ef 8A79D299 		.ascii	"\212y\322\231\210\357\177y\027I/\273Q\217\314\0341\013"
 205      88EF7F79 
 205      17492FBB 
 205      518FCC1C 
 205      310B
 206 0101 BC8C6961 		.ascii	"\274\214ia\330\327Yy\0319I\036E\020\360\0126{\024\205"
ARM GAS  C:\Users\CYIRKO~1\AppData\Local\Temp\ccTJA37V.s 			page 16


 206      D8D75979 
 206      1939491E 
 206      4510F00A 
 206      367B1485 
 207 0115 59CC2C99 		.ascii	"Y\314,\231\220'+\310\375\265\360|\016%\004\361\333*"
 207      90272BC8 
 207      FDB5F07C 
 207      0E2504F1 
 207      DB2A
 208 0127 E1103673 		.ascii	"\341\0206sD\373\217\254\037\017\360\015\216\024O\337"
 208      44FB8FAC 
 208      1F0FF00D 
 208      8E144FDF 
 209 0137 D31D81C3 		.ascii	"\323\035\201\303\\\213\033C\250\255\037\033\0201\330"
 209      5C8B1B43 
 209      A8AD1F1B 
 209      1031D8
 210 0146 3737F37A 		.ascii	"77\363z\312\3620\217\036Yx\215\225\275\312\310\200\327"
 210      CAF2308F 
 210      1E59788D 
 210      95BDCAC8 
 210      80D7
 211 0158 D143A1D0 		.ascii	"\321C\241\320\327\205\001\\D\2250U\211\230\270\032\301"
 211      D785015C 
 211      44953055 
 211      8998B81A 
 211      C1
 212 0169 1B0EF146 		.ascii	"\033\016\361F\030\217AT\372\354\271\017U\322\261\265"
 212      188F4154 
 212      FAECB90F 
 212      55D2B1B5 
 213 0179 1CE3F51C 		.ascii	"\034\343\365\034\343\003\242Q-\246\215c\2149\2520K\001"
 213      E303A251 
 213      2DA68D63 
 213      8C39AA30 
 213      4B01
 214 018b 4716A1CA 		.ascii	"G\026\241\3121\316\2105\244m\366q\376xvf\324\222\022"
 214      31CE8835 
 214      A46DF671 
 214      FE787666 
 214      D49212
 215 019e 0622DEF8 		.ascii	"\006\"\336\370\253\\5&\301a\377\352jc\006\343!\203\233"
 215      AB5C3526 
 215      C161FFEA 
 215      6A6306E3 
 215      21839B
 216 01b1 AAAB047C 		.ascii	"\252\253\004|\304\216\267\223\0139\273\212\310\011\027"
 216      C48EB793 
 216      0B39BB8A 
 216      C80917
 217 01c0 2EFD5ED4 		.ascii	".\375^\324\244\244\215I\234\220`\220\305 \230v\210\031"
 217      A4A48D49 
 217      9C906090 
 217      C5209876 
 217      8819
 218 01d2 8E742D97 		.ascii	"\216t-\227\006\253\004\034\326\2053\276/\345'b\222A"
 218      06AB041C 
ARM GAS  C:\Users\CYIRKO~1\AppData\Local\Temp\ccTJA37V.s 			page 17


 218      D68533BE 
 218      2FE52762 
 218      9241
 219 01e4 9C712B20 		.ascii	"\234q+ \331\270\322~\250\364m\305\311\221\364\237\237"
 219      D9B8D27E 
 219      A8F46DC5 
 219      C991F49F 
 219      9F
 220 01f5 07334EA3 		.ascii	"\0073N\243]\335\011\273\272\313\010k\007c\363R\336\343"
 220      5DDD09BB 
 220      BACB086B 
 220      0763F352 
 220      DEE3
 221 0207 9379CC14 		.ascii	"\223y\314\024\212\275\021\001\254\233T\"\307+\017x\237"
 221      8ABD1101 
 221      AC9B5422 
 221      C72B0F78 
 221      9F
 222 0218 B7D9A34D 		.ascii	"\267\331\243M\301\220\2072\325!75\302\377A\310\277\\"
 222      C1908732 
 222      D5213735 
 222      C2FF41C8 
 222      BF5C
 223 022a 3FD52443 		.ascii	"?\325$C\374g@\332\372V\036\206\255T\224\030IE\275\324"
 223      FC6740DA 
 223      FA561E86 
 223      AD549418 
 223      4945BDD4 
 224 023e BB2B004C 		.ascii	"\273+\000L\325b89\036\013\340\244\"\2779x\207vnX\212"
 224      D5623839 
 224      1E0BE0A4 
 224      22BF3978 
 224      87766E58 
 225 0253 D6979A0A 		.ascii	"\326\227\232\012K=R\245R\201\356\376\244\325\350\344"
 225      4B3D52A5 
 225      5281EEFE 
 225      A4D5E8E4 
 226 0263 A6C3CE1F 		.ascii	"\246\303\316\037\327\351n\261\356O\324\352\364\360\347"
 226      D7E96EB1 
 226      EE4FD4EA 
 226      F4F0E7
 227 0272 45BE285F 		.ascii	"E\276(_\261\275P<\243tQ\013\325\315\203d?K\340\034="
 227      B1BD503C 
 227      A374510B 
 227      D5CD8364 
 227      3F4BE01C 
 228 0287 D2BAA7ED 		.ascii	"\322\272\247\355p\333\261C\373\017\036\330\335\012\177"
 228      70DBB143 
 228      FB0F1ED8 
 228      DD0A7F
 229 0296 00C5339B 		.ascii	"\000\3053\233\270"
 229      B8
 230              		.text
 231              		.section	.gnu.lto_initialization.bd26d649,"",%progbits
 232 0000 789C7D92 		.ascii	"x\234}\222MK[A\024\206\317;\223\344\336\304\226\340"
 232      4D4B5B41 
 232      1486CF3B 
ARM GAS  C:\Users\CYIRKO~1\AppData\Local\Temp\ccTJA37V.s 			page 18


 232      93E4DEC4 
 232      96E0
 233 0012 CA42B3E8 		.ascii	"\312B\263\3506\033\375\015R\377\207\213\254\334\270"
 233      361BFD0D 
 233      52FF878B 
 233      ACDCB8
 234 0021 A8DDDF31 		.ascii	"\250\335\3371%&(\330\202\324\020A\356\225,R\265\032"
 234      252628D8 
 234      82D41041 
 234      EE952C52 
 234      B51A
 235 0033 533FDAB4 		.ascii	"S?\332\264\005C\264\253\332\010R\2730\253t!h\352\242"
 235      0543B4AB 
 235      DA0852BB 
 235      30AB7421 
 235      68EAA2
 236 0046 14952A89 		.ascii	"\024\225*\211\316\2717\212\337\007\206\031\336s\346"
 236      CEB9378A 
 236      DF078619 
 236      DE73E6
 237 0055 79CF7CF8 		.ascii	"y\317|\370I\320+A\324NDO\365\200$\2107\025\242AS\000"
 237      49D02B41 
 237      D44E444F 
 237      F5802488 
 237      3715A241 
 238 006b BC5026C8 		.ascii	"\274P&\310\022\260\360Z\246%\312\311\335\242\210\346"
 238      12B0F05A 
 238      A625CAC9 
 238      DDA288E6 
 239 007b 948E527A 		.ascii	"\224\216Rz\247mH%\236\330\222(\243\007\007r\210\222"
 239      A76D4825 
 239      9ED89228 
 239      A3070772 
 239      8892
 240 008d 2EFB5D68 		.ascii	".\373]h\276}\034\360y:\336!\000=\347\267PR\315\263\244"
 240      BE7D1CF0 
 240      793ADE21 
 240      003DE7B7 
 240      5052CDB3 
 241 00a2 2A1D754E 		.ascii	"*\035uN\375\355\010\020\015\3534{\214H\301\263\254c"
 241      FDED0810 
 241      0DEB347B 
 241      8C48C1B3 
 241      AC63
 242 00b4 C8594D1B 		.ascii	"\310YM\033\274\201)\305\342\237\252a5\224iKd\244F`\032"
 242      BC8129C5 
 242      E29FAA61 
 242      3594694B 
 242      64A44660 
 243 00c9 1627AAF9 		.ascii	"\026'\252\371\037usT\332R@9)\345\303\014\"Zn8;\015?"
 243      1F757354 
 243      DA524039 
 243      29E5C30C 
 243      225A6E38 
 244 00e0 CB124A09 		.ascii	"\313\022J\011\314\272\342rr\243\020b\321\007\340=\""
 244      CCBAE272 
 244      72A31062 
ARM GAS  C:\Users\CYIRKO~1\AppData\Local\Temp\ccTJA37V.s 			page 19


 244      D107E03D 
 244      22
 245 00f1 B6F413FB 		.ascii	"\266\364\023\373\324:\356\267\231\363l\306\016s5\177"
 245      D43AEEB7 
 245      99F36CC6 
 245      0E73357F 
 246 0101 CB66816D 		.ascii	"\313f\201m\346]\342\267\263\343R\330\263\021\310#r\225"
 246      E65DE2B7 
 246      B3E352D8 
 246      B311C823 
 246      7295
 247 0113 BAF70075 		.ascii	"\272\367\000u\301\243N\224O\327\202-j\212\251\005\257"
 247      C1A34E94 
 247      4FD7822D 
 247      6A8AA905 
 247      AF
 248 0124 F95FF575 		.ascii	"\371_\365u\264\2327\361\301\325*?O\276\207\275\336\343"
 248      B49A37F1 
 248      C1D52A3F 
 248      4FBE87BD 
 248      DEE3
 249 0136 C0E2854D 		.ascii	"\300\342\205M\3029\270\313&\220\321\327HX\362l\306\023"
 249      C239B8CB 
 249      2690D1D7 
 249      4858F26C 
 249      C613
 250 0148 E54D83F7 		.ascii	"\345M\203\367\032\270Qgd\371U\264\266\277\261\275\036"
 250      1AB85167 
 250      64F955B4 
 250      B6BFB1BD 
 250      1E
 251 0159 B231095B 		.ascii	"\2621\011[\232X\321O\274\214\210\233pN\376o?\322\305"
 251      9A58D14F 
 251      BC8C889B 
 251      704EFE6F 
 251      3FD2C5
 252 016c 29A59E31 		.ascii	")\245\2361\340#l\270\206\370\004\353*;x\223\035\314"
 252      E0236CB8 
 252      86F804EB 
 252      2A3B7893 
 252      1DCC
 253 017e F251AFB3 		.ascii	"\362Q\257\263C\370\254\331\305\333lg\027\214\370rI\377"
 253      43F8ACD9 
 253      C5DB6C67 
 253      178CF872 
 253      49FF
 254 0190 0ACB966D 		.ascii	"\012\313\226mt\200\270\363/\355i\034\303\232\251\277"
 254      7480B8F3 
 254      2FED691C 
 254      C39AA9BF 
 255 01a0 873E5C78 		.ascii	"\207>\\x\340E\254\253\257\277\357eow\317\363\316\030"
 255      E045ACAB 
 255      AFBFEF65 
 255      6F77CFF3 
 255      CE18
 256 01b2 9D03E3C7 		.ascii	"\235\003\343\307\333\261"
 256      DBB1
ARM GAS  C:\Users\CYIRKO~1\AppData\Local\Temp\ccTJA37V.s 			page 20


 257              		.text
 258              		.section	.gnu.lto_pwm2conf.bd26d649,"",%progbits
 259 0000 789C6365 		.ascii	"x\234ce`bHdd`\000\"0\230\316\314\270\376\315\316\237"
 259      60624864 
 259      64600022 
 259      3098CECC 
 259      B8FECDCE 
 260 0015 BC7DCCF3 		.ascii	"\274}\314\363\231\201\202@\356\264\326C\347\331A\\F"
 260      99818240 
 260      EEB4D643 
 260      E7D9415C 
 260      46
 261 0026 30F7D19D 		.ascii	"0\367\321\235\003\263\230-\2665t,hP\230\317\3144\003"
 261      03B3982D 
 261      B635742C 
 261      685098CF 
 261      CC3403
 262 0039 A86A39A3 		.ascii	"\250j9\243\314\014\240\354\012F\031\220\202C\2376,\347"
 262      CC0CA0EC 
 262      0A461990 
 262      82439F36 
 262      2CE7
 263 004b 01A96766 		.ascii	"\001\251gfd\006r\267\0349\336\306\0011\215\021\310\235"
 263      640672B7 
 263      1C39DEC6 
 263      01318D11 
 263      C89D
 264 005d D9FFF93D 		.ascii	"\331\377\371=/\252\366\325(\332\217\376\377~\200\037"
 264      2FAAF6D5 
 264      28DA8FFE 
 264      FF7E801F 
 265 006d A29D8918 		.ascii	"\242\235\211\030\353\010*\230p\250\243\223\037\242\300"
 265      EB082A98 
 265      70A8A393 
 265      1FA2C0
 266 007c 613E330B 		.ascii	"a>3\013\243\241\014\343zF\013F#\031\306u@j-\243\014"
 266      A3A10CE3 
 266      7A460B46 
 266      2319C675 
 266      406A2DA3 
 267 0091 E31A20BD 		.ascii	"\343\032 \275\012H\257d\264\000i\370\373\341\302_\036"
 267      0A48AF64 
 267      B40069F8 
 267      FBE1C25F 
 267      1E
 268 00a2 888BB980 		.ascii	"\210\213\271\200\334Ig\326/\203r?L\346\004\012\034\234"
 268      DC4967D6 
 268      2F83723F 
 268      4CE6040A 
 268      1C9C
 269 00b4 7CE11407 		.ascii	"|\341\024\007\304\300\204\371\314\2543\230\231\0307"
 269      C4C084F9 
 269      CCAC3398 
 269      991837
 270 00c3 816C6466 		.ascii	"\201ldf\334\010\242X@\026\317`fe\334\300h1\203\231\015"
 270      DC08A258 
 270      4016CF60 
ARM GAS  C:\Users\CYIRKO~1\AppData\Local\Temp\ccTJA37V.s 			page 21


 270      6665DCC0 
 270      68318399 
 271 00d8 E21A7610 		.ascii	"\342\032v\020\305\300\270\031h\003\000\373\271l\003"
 271      C5C0B819 
 271      680300FB 
 271      B96C03
 272              		.text
 273              		.section	.gnu.lto_.symbol_nodes.bd26d649,"",%progbits
 274 0000 789C558D 		.ascii	"x\234U\215\313\011\002A\020Dk\252w\\\321\325\030\304"
 274      CB090241 
 274      10446BAA 
 274      775CD1D5 
 274      18C4
 275 0012 4834B21E 		.ascii	"H4\262\036a\0020\010A\024?\353\037<\013\202\2021(\030"
 275      61023008 
 275      41143FEB 
 275      1F3C0B82 
 275      82312818 
 276 0026 C7E238EB 		.ascii	"\307\3428\353\3019\275\342U\321mA\024\006\000\227T`"
 276      C139BDE2 
 276      55D16D41 
 276      14060097 
 276      5460
 277 0038 FC0002CE 		.ascii	"\374\000\002\316n\010\330\0059\352\177\253\025\325$"
 277      6E08D805 
 277      39EA7FAB 
 277      15D524
 278 0047 15D754A6 		.ascii	"\025\327T\246\3439\305\205\261\330\031\263:Lic\340\206"
 278      E339C585 
 278      B1D819B3 
 278      3A4C6963 
 278      E086
 279 0059 2AE9F844 		.ascii	"*\351\370D\364\302a[\322\304\017fO\315\342\004pn\020"
 279      F4C2615B 
 279      D2C40F66 
 279      4FCDE204 
 279      706E10
 280 006c C48E6A13 		.ascii	"\304\216j\023\261\2456\022q\244\346\2118P\233\377B\244"
 280      B1A53612 
 280      71A4E689 
 280      38509BFF 
 280      42A4
 281 007e C0E45919 		.ascii	"\300\344Y\031\2216\374\355*\"-\370{`\336\255}\340\345"
 281      9136FCED 
 281      2A222DF8 
 281      7B60DEAD 
 281      7DE0E5
 282 0091 C7776407 		.ascii	"\307wd\007\376U\031|\000\265T>\262"
 282      FE55197C 
 282      00B5543E 
 282      B2
 283              		.text
 284              		.section	.gnu.lto_.refs.bd26d649,"",%progbits
 285 0000 789C0DC2 		.ascii	"x\234\015\302\201\015\200 \020\004\301\333\367\036\004"
 285      810D8020 
 285      1004C1DB 
 285      F71E04
ARM GAS  C:\Users\CYIRKO~1\AppData\Local\Temp\ccTJA37V.s 			page 22


 286 000f 13093152 		.ascii	"\023\0111R\206\375\227'\223I\205>I\354\364C6.\312J^"
 286      86FD9727 
 286      9349853E 
 286      49ECF443 
 286      362ECA4A 
 287 0024 F826873C 		.ascii	"\370&\207<\341\241\274xE\215\323\321\254\037\035,\001"
 287      E1A1BC78 
 287      458DD3D1 
 287      AC1F1D2C 
 287      01
 288 0035 25       		.ascii	"%"
 289              		.text
 290              		.section	.gnu.lto_.decls.bd26d649,"",%progbits
 291 0000 789CB55A 		.ascii	"x\234\265Z\011PTg\236\357\357}\335\3204\015:\350\246"
 291      09505467 
 291      9EEFEF7D 
 291      DDD0340D 
 291      3AE8A6
 292 0013 DC596AD6 		.ascii	"\334Yj\326J1\221\332\231Q\301\331Lj\216\235\030 \211"
 292      4A3191DA 
 292      9951C1D9 
 292      4C6A8E9D 
 292      182089
 293 0026 3B315AAD 		.ascii	";1Z\255Ifj\234\245\020:\206\015\207\003M6Imm=\016\021"
 293      49666A9C 
 293      A5103A86 
 293      0D87034D 
 293      36496D6D 
 294 003d F0E05051 		.ascii	"\360\340PQ\360\002\0219\024AA\020\001\345P@\004D\024"
 294      F0021139 
 294      14414110 
 294      01E55040 
 294      044414
 295 0050 44904305 		.ascii	"D\220C\005\274\021P\021\361`\377\337\321\375^7\335\311"
 295      BC115011 
 295      F160FFDF 
 295      D1FD5E37 
 295      DDC9
 296 0062 1CBB5DFC 		.ascii	"\034\273]\374\373\275\377{\277\357\177\177g\243R\010"
 296      FBBDFF7B 
 296      BFEF7F7F 
 296      67A35208 
 297 0072 8A39EE0A 		.ascii	"\2129\356\012\305\217T\012\205\267\240PL\303\307N\241"
 297      C58F540A 
 297      85B7A050 
 297      4CC3C74E 
 297      A1
 298 0083 50140091 		.ascii	"P\024\000\221k!\320\277!\205b5\320F\240\005\300\307"
 298      6B21D0BF 
 298      21856235 
 298      D046A005 
 298      C0C7
 299 0095 C3957C1C 		.ascii	"\303\225|\034\200\022\341~?\320\001\240\203@9@y@E@'"
 299      8012E17E 
 299      3FD001A0 
 299      83403940 
 299      79404540 
ARM GAS  C:\Users\CYIRKO~1\AppData\Local\Temp\ccTJA37V.s 			page 23


 300 00aa 806A1093 		.ascii	"\200j\020\223S\007\327s@\015@\355@\035@W\271\034\343"
 300      5307D773 
 300      400D40ED 
 300      401D4057 
 300      B91CE3
 301 00bd E79F31C3 		.ascii	"\347\2371\303\272\000\315\005Z\0114\017h7\340\3228\026"
 301      BA00CD05 
 301      5A09340F 
 301      6837E0D2 
 301      3816
 302 00cf 719DE4DA 		.ascii	"q\235\344\332`\321\376\267\320^\003\327Oe2H[\"\307\007"
 302      60D1FEB7 
 302      D05E03D7 
 302      4F653248 
 302      5B22C707 
 303 00e3 E8332E6F 		.ascii	"\3503.o\205\302\\\336~\0139\344\343\003\262~\300e\275"
 303      85C25CDE 
 303      7E0B39E4 
 303      E303B27E 
 303      C065BD
 304 00f6 C56DB1E3 		.ascii	"\305m\261\343\355\273\001\337\203Xl\012\341z\035\250"
 304      EDBB01DF 
 304      83586C0A 
 304      E17A1DA8 
 305 0106 154976F6 		.ascii	"\025Iv\366\002e\002\365\001\035\342\262\225\012\026"
 305      026502F5 
 305      011DE2B2 
 305      950A16
 306 0115 A3221E1F 		.ascii	"\243\"\036\037\022'\362\314\030\213\006+\361X\0066h"
 306      1227F2CC 
 306      188B062B 
 306      F1580636 
 306      68
 307 0126 B90DFD16 		.ascii	"\271\015\375\026\361\257\006\032@,7\277\345\371Y\016"
 307      F1AF061A 
 307      402C37BF 
 307      E5F9590E 
 308 0136 54C26540 		.ascii	"T\302e@S\232\217\032\236\007A\226\003\371g\023\2179"
 308      539A8F1A 
 308      9E074196 
 308      03F96713 
 308      8F39
 309 0148 91FB2B78 		.ascii	"\221\373+x\367\257\210\305\355\347\\\236\032\356\337"
 309      F7AF88C5 
 309      EDE75C9E 
 309      1AEEDF
 310 0157 81EBDB40 		.ascii	"\201\353\333@\277\003\372w\240e@K\200<\201<\254\304"
 310      BF03FA77 
 310      A065404B 
 310      803C813C 
 310      ACC4
 311 0169 8E7C7662 		.ascii	"\216|vbT\270a0O\275\025#W\015\232F\204\177P\376\334"
 311      54B86130 
 311      4FBD1523 
 311      570D9A46 
 311      847F50FE 
 312 017e 89F1E475 		.ascii	"\211\361\344u\377\363\334\367\027\036\021\331G-H\355"
ARM GAS  C:\Users\CYIRKO~1\AppData\Local\Temp\ccTJA37V.s 			page 24


 312      FFF3DCF7 
 312      171E11D9 
 312      472D48ED 
 313 018e 4AAA1F17 		.ascii	"J\252\037\027(\261#\001\011\245%\203\351\032\344\256"
 313      28B12301 
 313      09A52583 
 313      E91AE4AE 
 314 019e 394440D5 		.ascii	"9D@\325\217\306\3378)\212\263\321\021\244A\371\010\243"
 314      8FC6DF38 
 314      298AB3D1 
 314      11A441F9 
 314      08A3
 315 01b0 3CB490A4 		.ascii	"<\264\220\244\320\225$=N\024\243\304\321\003\"\236\247"
 315      D095243D 
 315      4E14A3C4 
 315      D103229E 
 315      A7
 316 01c1 404B5CD1 		.ascii	"@K\\\321bW\005:\214\334\2112\202B\271\310\025\345 W"
 316      6257053A 
 316      8CDC8932 
 316      8242B9C8 
 316      15E52057 
 317 01d5 223F6F7F 		.ascii	"\"?o\177\356Y'\374\337T~\332\216\232\022g\223\374\333"
 317      EE5927FC 
 317      DF547EDA 
 317      8E9A1267 
 317      93FCDB
 318 01e8 B96F166F 		.ascii	"\271o\026o\020E\001\025\202\202\002I\001\350\263\256"
 318      10450115 
 318      82820249 
 318      01E8B3AE 
 319 01f8 E1A8150D 		.ascii	"\341\250\025\015\2441h\271\024S\264\007\203\267.\032"
 319      A43168B9 
 319      1453B407 
 319      83B72E1A 
 320 0208 A40476AC 		.ascii	"\244\004v\254%\375\2263\260s5h>\260#1C\003\216\354\355"
 320      25FD9633 
 320      B0733568 
 320      3EB02331 
 320      43038EEC 
 321 021d 3C60DB47 		.ascii	"<`\333G\233\367rv6\260Mi\317{\234\361\000\242q\352m"
 321      9BF77276 
 321      36B04D69 
 321      CF7B9CF1 
 321      00A271EA 
 322 0232 CC3B4C04 		.ascii	"\314;L\004-\2000\302g\226,\222\013X$\333\023\307\017"
 322      2D8030C2 
 322      67962C92 
 322      0B5824DB 
 322      13C70F
 323 0245 DAE361C4 		.ascii	"\332\343a\304<j\272Z\253\224ElA\362F\342Q9xT&y\264\300"
 323      3C6ABA5A 
 323      AB94456C 
 323      41F246E2 
 323      51397854 
 324 025d E45052B4 		.ascii	"\344PR\264\350\360\241\002\035\003\353\213\210\365'"
 324      E8F0A102 
ARM GAS  C:\Users\CYIRKO~1\AppData\Local\Temp\ccTJA37V.s 			page 25


 324      1D03EB8B 
 324      88F527
 325 026c C1A505DC 		.ascii	"\301\245\005\334\245Rxx\202\007\355`\362\001;<\306t"
 325      A5527878 
 325      8207ED60 
 325      F2013B3C 
 325      C674
 326 027e D49FEEE9 		.ascii	"\324\237\356\351R\"\215\273U\001\225V\004\230\302[O"
 326      52228DBB 
 326      55019556 
 326      0498C25B 
 326      4F
 327 028f C35B01C6 		.ascii	"\303[\001\306\234\222\214)\247\341%~\215\347e\331\343"
 327      9C928C29 
 327      A7E1257E 
 327      8DE765D9 
 327      E3
 328 02a0 29E6F7D0 		.ascii	")\346\367\320\261\301Hg\034-P\215\343M7\257\3172j4\317"
 328      B1C14867 
 328      1C2D508D 
 328      E34D37AF 
 328      CF326A34 
 329 02b5 41B5951C 		.ascii	"A\265\225\0340}\015M\213\257\267\213\342|t\006\364\235"
 329      307D0D4D 
 329      8BAFB78B 
 329      E27C7406 
 329      F49D
 330 02c7 96F4151A 		.ascii	"\226\364\025\032\365\245W<iR\261\260\253\201\355j\212"
 330      F5A5573C 
 330      6952B1B0 
 330      AB81ED6A 
 330      8A
 331 02d8 4C51E24E 		.ascii	"LQ\342N\252\021\025\237\315=\357\214\373\230\372\333"
 331      AA11159F 
 331      CD3DEF8C 
 331      FB98FADB 
 332 02e8 87464B05 		.ascii	"\207FK\005[\016\237\263\351pk\357\334(QD\350,\350\257"
 332      5B0E9FB3 
 332      E9706BEF 
 332      DC285144 
 332      E82CE8AF 
 333 02fc 93F45718 		.ascii	"\223\364W\030\365\027\247v\354\264\307\367\230\302\227"
 333      F517A776 
 333      ECB4C7F7 
 333      98C297
 334 030b 7DBD0D02 		.ascii	"}\275\015\002\036c\012\207\352\316\235P\331Rx\336\246"
 334      1E630A87 
 334      EACE9D50 
 334      D95278DE 
 334      A6
 335 031c C2F13F41 		.ascii	"\302\361?AWB\215\240\256\301\212\272\273\257\013o+\361"
 335      57428DA0 
 335      AEC18ABA 
 335      BBAF0B6F 
 335      2BF1
 336 032e 14535736 		.ascii	"\024SW6r\270\314\211\371^M\370\334\341=[\265\214\177"
 336      72B8CC89 
ARM GAS  C:\Users\CYIRKO~1\AppData\Local\Temp\ccTJA37V.s 			page 26


 336      F95E4DF8 
 336      DCE13D5B 
 336      B58C7F
 337 0341 07D80D65 		.ascii	"\007\330\015e\211\323\030Gb\212\255(\253\254\347qZL"
 337      89D31847 
 337      628AAD28 
 337      ABACE771 
 337      5A4C
 338 0353 3A68D558 		.ascii	":h\325X\266\003\253e\021\003\177\376\340\251\227\274"
 338      B603AB65 
 338      11037FFE 
 338      E0A997BC 
 339 0363 A90AD887 		.ascii	"\251\012\330\207)q\367\2344q\304 j9yn\264]\201.\021"
 339      2971F79C 
 339      3471C420 
 339      6A39796E 
 339      B45D812E 
 340 0378 6BD02257 		.ascii	"k\320\"W\324\306\012\353qq\3666G\274\201)\212\037z\264"
 340      D4C60AEB 
 340      7171F636 
 340      47BC8129 
 340      8A1F7AB4 
 341 038c 5F8D1328 		.ascii	"_\215\023(#\024]\032\332\354h+\006\0356c0\365G\022\203"
 341      23145D1A 
 341      DAEC682B 
 341      061D3663 
 341      30F54712 
 342 03a1 2B1083CB 		.ascii	"+\020\203\313Vb`t{.w\373~~\367\025g\274\235\251?7\375"
 342      56626074 
 342      7B2E77FB 
 342      7E7EF715 
 342      67BC9DA9 
 343 03b8 AC7A1673 		.ascii	"\254z\026sD\220\365\312\271\254Wn\253\277t\323\001\357"
 343      4490F5CA 
 343      B9AC576E 
 343      ABBF74D3 
 343      01EF
 344 03ca 65D0CEEC 		.ascii	"e\320\316\354\374\215\016\3700c\246_\356\332\353\210"
 344      FC8D0EF8 
 344      3063A65F 
 344      EEDAEB88 
 345 03da 2B19B3A7 		.ascii	"+\031\263\247\277\266\317\201\0119K\370\322\376\355"
 345      BFB6CF81 
 345      09394BF8 
 345      D2FEED
 346 03e9 F15A2625 		.ascii	"\361Z&%\203\214\004\207{\016\357s\300\365\014\274a\313"
 346      838C0487 
 346      7B0EEF73 
 346      C0F50CBC 
 346      61CB
 347 03fb C3428C2F 		.ascii	"\303B\214/0\246w\357\243\307J\334an\313Jf\313\253k\251"
 347      30A677EF 
 347      A3C74ADC 
 347      616ECB4A 
 347      66CBAB6B 
 348 0410 ED4EB887 		.ascii	"\355N\270\207\275\253\352j\273%(\005\005\272\005\036"
 348      BDABEA6A 
ARM GAS  C:\Users\CYIRKO~1\AppData\Local\Temp\ccTJA37V.s 			page 27


 348      BB252805 
 348      05BA051E 
 349 0420 DE246185 		.ascii	"\336$a\205\2079G\272\363\354\360\020C\014\277\330\220"
 349      873947BA 
 349      F3ECF010 
 349      430CBFD8 
 349      90
 350 0431 E4441043 		.ascii	"\344D\020C\200\370\211+\032DJ\362xc\366\201sj<\3020"
 350      80F8892B 
 350      1A444AF2 
 350      7863F681 
 350      736A3CC2 
 351 0446 05E9B7A3 		.ascii	"\005\351\267\243\325\004s\0330\377\342\212\206)F\310"
 351      D504731B 
 351      30FFE28A 
 351      862946C8 
 352 0456 BDFF7ABF 		.ascii	"\275\377z\277=R\273\307\322\256\026\025)u5\005\272\213"
 352      3D52BBC7 
 352      D2AE1615 
 352      29753505 
 352      BA8B
 353 0468 D424A2E8 		.ascii	"\324$\242\350\036D\377\016RZ\364\267\213\323\356i\225"
 353      1E44FF0E 
 353      525AF4B7 
 353      8BD3EE69 
 353      95
 354 0479 A4BF014C 		.ascii	"\244\277\001L\301#\317\307\364\264\355\003\215\316\270"
 354      C123CFC7 
 354      F4B4ED03 
 354      8DCEB8
 355 0488 404913BB 		.ascii	"@I\023\273y\364X\243u\015\350!\010\376n%\023iv$\277"
 355      79F458A3 
 355      750DE821 
 355      08FE6E25 
 355      13697624 
 356 049d 0F00745F 		.ascii	"\017\000t_\312/\321H\025]\353J+\023\360I\252\010\235"
 356      CA2FD148 
 356      155DEB4A 
 356      2B13F049 
 356      AA089D
 357 04b0 AC7AE8C9 		.ascii	"\254z\350\3112\341\012\334\251\336\261j\236\316\001"
 357      32E10ADC 
 357      A9DEB16A 
 357      9ECE01
 358 04bf 321FC55E 		.ascii	"2\037\305^=]\214q-\203\226\335\330q\206g\255\213\360"
 358      3D5D8C71 
 358      2D8396DD 
 358      D8718667 
 358      AD8BF0
 359 04d2 97873363 		.ascii	"\227\2073cxM\267\021\276\256\263aT\211\353\0318\356"
 359      784DB711 
 359      BEAEB361 
 359      5489EB19 
 359      38EE
 360 04e4 C8D63A4C 		.ascii	"\310\326:L*<\372/\032\375\240Es\363\213\026\025nf\315"
 360      2A3CFA2F 
 360      1AFDA045 
ARM GAS  C:\Users\CYIRKO~1\AppData\Local\Temp\ccTJA37V.s 			page 28


 360      73F38B16 
 360      156E66CD 
 361 04f8 379D3B51 		.ascii	"7\235;Q\317\247\206F\302o?UW\341\210/\262\227\267\022"
 361      CFA78646 
 361      C26F3F55 
 361      57E1882F 
 361      B297B712 
 362 050c 6ED6D9E1 		.ascii	"n\326\331\341+\214\331\337\363\264\011\341.\306\224"
 362      2B8CD9DF 
 362      F3B409E1 
 362      2EC694
 363 051b 0E9FAFD7 		.ascii	"\016\237\257\327\360nG\354\257j\277\376.\356e\357j\307"
 363      F06E47EC 
 363      AF6ABFFE 
 363      2EEE65EF 
 363      6AC7
 364 052d 8B72B8B9 		.ascii	"\213r\270\271\244G\306\245\215\267\315\262\331\005_"
 364      A447C6A5 
 364      8DB7CDB2 
 364      D9055F
 365 053c 1BBBE02B 		.ascii	"\033\273\340+f\334\265\311s\335*\227$\212\206\364)\351"
 365      66DCB5C9 
 365      73DD2A97 
 365      248A86F4 
 365      29E9
 366 054e F8FC02E0 		.ascii	"\370\374\002\340\305\024>\215\\\214\215ha\356\030q\226"
 366      C5143E8D 
 366      5C8C8D68 
 366      61EE1871 
 366      96
 367 055f 839F7E17 		.ascii	"\203\237~\027\370hV\366N\015\276\301\214\334\375\270"
 367      F86856F6 
 367      4E0DBEC1 
 367      8CDCFDB8 
 368 056f F72E8FB1 		.ascii	"\367.\217\261;\260\207&*\242\325x\210\275\333vzo\213"
 368      3BB08726 
 368      2AA2D578 
 368      88BDDB76 
 368      7A6F8B
 369 0582 3DBECB18 		.ascii	"=\276\313\030\343d\351\302&\313\250\253\357\341\207"
 369      E364E9C2 
 369      26CBA8AB 
 369      EFE187
 370 0591 ECCD99E4 		.ascii	"\354\315\231\344\224^\204\307\030\263\343\302\375\005"
 370      945E84C7 
 370      18B3E3C2 
 370      FD05
 371 059f 7882DDBF 		.ascii	"x\202\335\277n\254[\200_\262\373\372\322\334\034\204"
 371      6EAC5B80 
 371      5FB2FBFA 
 371      D2DC1C84 
 372 05af A3549419 		.ascii	"\243T\224\031O\257\277\257\301\261\214\311h\337sR\215"
 372      4FAFBFAF 
 372      C1B18CC9 
 372      68DF7352 
 372      8D
 373 05c0 E3197368 		.ascii	"\343\031sh2\365\220\026oe\314\225\362\2168G\274\215"
ARM GAS  C:\Users\CYIRKO~1\AppData\Local\Temp\ccTJA37V.s 			page 29


 373      32F59016 
 373      6F65CC95 
 373      F28E3847 
 373      BC8D
 374 05d2 3171C78E 		.ascii	"1q\307\216\355r\304;\031\023Uq-\231\017\012\003\204"
 374      ED72C43B 
 374      19135571 
 374      2D990F0A 
 374      0384
 375 05e4 1FCC1ECC 		.ascii	"\037\314\036\3140\216~v\300'\2647?Cx7\003'\224^\356"
 375      308E7E76 
 375      C027B437 
 375      3F437837 
 375      0327945E 
 376 05f9 53DA0CFC 		.ascii	"S\332\014\3746\201\007~1\215\373\216\252\035'\234-\343"
 376      3681077E 
 376      318DFB8E 
 376      AA1D279C 
 376      2DE3
 377 060b DE09E81A 		.ascii	"\336\011\350\032\212\336.\270\030\333\020t\333PV\266"
 377      8ADE2EB8 
 377      18DB1074 
 377      DB5056B6 
 378 061b D232F0B6 		.ascii	"\3222\360\266\320o<J\250y\352\204\334\334\334\346\270"
 378      D06F3C4A 
 378      A879EA84 
 378      DCDCDCE6 
 378      B8
 379 062c C93EEEF4 		.ascii	"\311>\356\364\373\200\030\023\015\263\343\021|\247\240"
 379      FB801813 
 379      0DB3E311 
 379      7CA7A0
 380 063b 75B39851 		.ascii	"u\263\230Q\213\250\250)\350Mi\302\034\251\224/P\271"
 380      8BA8A829 
 380      E84D69C2 
 380      1CA9942F 
 380      50B9
 381 064d C7C8B782 		.ascii	"\307\310\267\2025\271\031\222&V\307`\012\177b\011\177"
 381      35B91992 
 381      2656C760 
 381      0A7F6209 
 381      7F
 382 065e 3C03DE24 		.ascii	"<\003\336$\203?\267\204?\243p\017\202N\346>\275\253"
 382      833FB784 
 382      3FA3700F 
 382      824EE63E 
 382      BDAB
 383 0670 54A064C1 		.ascii	"T\240d\301\025%\011\344\025A\223a\340\220\340\216v\013"
 383      152509E4 
 383      15419361 
 383      E090E08E 
 383      760B
 384 0682 6E281DE8 		.ascii	"n(\035\350\000\320~\240=@\371@\373\200\262\2012\200"
 384      00D07EA0 
 384      3D40F940 
 384      FB80B281 
 384      3280
ARM GAS  C:\Users\CYIRKO~1\AppData\Local\Temp\ccTJA37V.s 			page 30


 385 0694 B2807280 		.ascii	"\262\200r\200r\2012\201\016\003\245\002\355\002:\010"
 385      72813281 
 385      0E03A502 
 385      ED023A08 
 386 06a4 B4176827 		.ascii	"\264\027h'P\236\340FG%fcw\220d\343V\301\302\306E\226"
 386      509EE046 
 386      47256663 
 386      779064E3 
 386      56C1C2C6 
 387 06ba 1EB5CBD0 		.ascii	"\036\265\313\320\211V\321\036\022x\\\006\336d\011.F"
 387      8956D11E 
 387      12785C06 
 387      DE64092E 
 387      46
 388 06cb 16E86E59 		.ascii	"\026\350nY\260&\254\307V\206\256\015\226\320\361\226"
 388      B026ACC7 
 388      5686AE0D 
 388      96D0F196 
 389 06db B28F5BA2 		.ascii	"\262\217[\242\357\311,\331l\211\256\231\221\267v\231"
 389      EFC92CD9 
 389      6C89AE99 
 389      91B77699 
 390 06eb F08D96F0 		.ascii	"\360\215\226\360\015\202\245\2332t\244%\272\325\322"
 390      0D82A59B 
 390      3274A425 
 390      BAD5D2
 391 06fa 949B3253 		.ascii	"\224\2332S\266X7E\036\024\231\354X\353\226\230\031."
 391      B6583745 
 391      1E1499EC 
 391      58EB9698 
 391      192E
 392 070c 8BE1A4F5 		.ascii	"\213\341\244\365\2023\253O\231\3648\353Adp\276\232{"
 392      8233AB4F 
 392      99F438EB 
 392      416470BE 
 392      9A7B
 393 071e E0124956 		.ascii	"\340\022IVs\000\223\317nL\326\360C\227m\321b\343b*,"
 393      730093CF 
 393      6E4CD6F0 
 393      43976DD1 
 393      62E3622A 
 394 0733 C6525894 		.ascii	"\306RX\224e\320\356\311TG[G\233,\215\004xH$\205\357"
 394      65D0EEC9 
 394      54475B47 
 394      9B2C8D04 
 394      78482485 
 395 0748 105C500A 		.ascii	"\020\\P\012\207\033\273>\032\267\214\332\224,\306\011"
 395      871BBB3E 
 395      1AB78CDA 
 395      942CC609 
 396 0758 D60B4F2E 		.ascii	"\326\013O.|*\230\011\027A\370K\0365\343\200\316\023"
 396      7C2A9809 
 396      1741F84B 
 396      1E35E380 
 396      CE13
 397 076a C8E06489 		.ascii	"\310\340d\211\322\334\231\353\214\007\351`'\324\356"
 397      D2DC99EB 
ARM GAS  C:\Users\CYIRKO~1\AppData\Local\Temp\ccTJA37V.s 			page 31


 397      8C07E960 
 397      27D4EE
 398 0779 AB4C83AD 		.ascii	"\253L\203\255\306\034>1\217\320\211\371(\264>\"\230"
 398      C61C3E31 
 398      8FD089F9 
 398      28B43E22 
 398      98
 399 078a 2666122C 		.ascii	"&f\022,\353=\034\025@\307\376\377\356\344df\270\233"
 399      EB3D1C15 
 399      40C7FEFF 
 399      EEE46466 
 399      B89B
 400 079c 7843D026 		.ascii	"xC\320&\230\026\221\324BiL.\024\264\014\350V\370\254"
 400      981691D4 
 400      42694C2E 
 400      14B40CE8 
 400      56F8AC
 401 07af 2FD30991 		.ascii	"/\323\011\221\361\322e\016\014\233\356Z\355<\245v\016"
 401      F1D2650E 
 401      0C9BEE5A 
 401      ED3CA576 
 401      0E
 402 07c0 1F40B5E4 		.ascii	"\037@\265\344\342>\307\335\315\035>rw\372@R"
 402      E23EC7DD 
 402      CD1D3E72 
 402      77FA4052 
 403 07d0 2F9554C4 		.ascii	"/\225T\304}i\005_.\200\015M@\347\201\212\201\216\003"
 403      7D69055F 
 403      2E800D4D 
 403      40E7818A 
 403      818E03
 404 07e3 1D330D3C 		.ascii	"\0353\015<`\012lN~\376pjP\024S\264t\330\357\207\300"
 404      600A6C4E 
 404      7EFE706A 
 404      501453B4 
 404      74D8EF87 
 405 07f8 17CD1C7D 		.ascii	"\027\315\034}yVI\203Z\236U\202n\261D7\233e\225\244\243"
 405      79564983 
 405      5A9E5582 
 405      6EB14437 
 405      9B6595A4 
 406 080d FD4B96D5 		.ascii	"\375K\226\325\022\310j\025\207_\004x\253e\237\227\315"
 406      12C86A15 
 406      875F0478 
 406      AB659F97 
 406      CD
 407 081e 28276418 		.ascii	"('d\030\005ii\\\257\233%\320Tx\227\301\3212\356t9\334"
 407      0569695C 
 407      AF9B25D0 
 407      547897C1 
 407      D132EE74 
 408 0834 9F04274B 		.ascii	"\237\004'K\315\234\274\347\313l>%h\321U0\242\314\306"
 408      CD9CBCE7 
 408      CB6C3E25 
 408      68D15530 
 408      A2CCC6
 409 0847 E86A4DBC 		.ascii	"\350jM\274\342{dO\375\007\223MV\372\355Ve{H}\267\257"
ARM GAS  C:\Users\CYIRKO~1\AppData\Local\Temp\ccTJA37V.s 			page 32


 409      E27B644F 
 409      FD07934D 
 409      56FAED56 
 409      657B487D 
 410 085d 8FF5DD32 		.ascii	"\217\365\3352\363\276+\253\212Ja\236\324\274\0354V\200"
 410      F3BE2BAB 
 410      8A4A619E 
 410      D4BC1D34 
 410      5680
 411 086f CD0C6903 		.ascii	"\315\014i\003\245\220AR\351)F\2648[@\237\276\201\256"
 411      A5904152 
 411      E92946B4 
 411      385B409F 
 411      BE81AE
 412 0882 01A28B22 		.ascii	"\001\242\213\"\000\017\337U\0029\352\021\340\3564\264"
 412      000FDF55 
 412      0239EA11 
 412      E0EE34B4 
 413 0892 58AB944B 		.ascii	"X\253\224K<cV\215\247Y5\312\3431\012/\037\021\243.\201"
 413      3C63568D 
 413      A75935CA 
 413      E3310A2F 
 413      1F11A32E 
 414 08a7 51353C24 		.ascii	"Q5<$mp\177\021BR\017t\016\350,P\035P-P\265Y\230\372"
 414      6D707F11 
 414      42520F74 
 414      0EE82C50 
 414      1D502D50 
 415 08bf A65CD9C0 		.ascii	"\246\\\331\300\004\205\216\306 N56\246\012\253:Gx\203"
 415      04858EC6 
 415      204E3536 
 415      A60AAB3A 
 415      477883
 416 08d2 BF4EE7EB 		.ascii	"\277N\347\353\347?d:I\255\226X\3524\037\201h*\277\336"
 416      E73F643A 
 416      49AD9658 
 416      EA341F81 
 416      682ABFDE 
 417 08e6 2956C35E 		.ascii	")V\303^\223\354\323\2538\234o\010\212-\273A\367\327"
 417      93ECD3AB 
 417      389C6F08 
 417      8A2DBB41 
 417      F7D7
 418 08f8 2CED644F 		.ascii	",\355dO]k)\272f\246\350P\006'{\342z\353p\231\360\276"
 418      5D6B29BA 
 418      66A6E850 
 418      06277BE2 
 418      7AEB7099 
 419 090e 473C580D 		.ascii	"G<X\015\020\254&K\270\254`e\011l4K`\203Y\002\343\344"
 419      10AC264B 
 419      B8AC6065 
 419      096C344B 
 419      60835902 
 420 0924 23046A86 		.ascii	"#\004j\206\000\362AB\361\027\214\020\023\367x\024\215"
 420      00F24142 
 420      F1178C10 
 420      13F77814 
ARM GAS  C:\Users\CYIRKO~1\AppData\Local\Temp\ccTJA37V.s 			page 33


 420      8D
 421 0935 BDA7E83B 		.ascii	"\275\247\350;m\257\375OsO\213l\230\316\320\355\201\322"
 421      6DAFFD4F 
 421      734F8B6C 
 421      98CED0ED 
 421      81D2
 422 0947 6872DD2A 		.ascii	"hr\335*Z\326{&\036\322\241\275\0050\003\322\236\253"
 422      5AD67B26 
 422      1ED2A1BD 
 422      053003D2 
 422      9EAB
 423 0959 68C6D06E 		.ascii	"h\306\320n\315\323\357\035\016\231\212\341;\254\203"
 423      CDD3EF1D 
 423      0E998AE1 
 423      3BAC83
 424 0968 16594EAE 		.ascii	"\026YN\256\264\236F~\3708J\334\265\230\356\372n\230"
 424      B49E467E 
 424      F8384ADC 
 424      B598EEFA 
 424      6E98
 425 097a 17C88C9E 		.ascii	"\027\310\214\236>2\233\012\2521\027d\334\241\3764\375"
 425      3E329B0A 
 425      AA311764 
 425      DCA1FE34 
 425      FD
 426 098b 093D1102 		.ascii	"\011=\021\002\001#\222+5\324\025\206\351\334=\233\036"
 426      0123922B 
 426      35D41586 
 426      E9DC3D9B 
 426      1E
 427 099c DA90A877 		.ascii	"\332\220\250w\313N\020hb\215\007K\277\356\217%\007Y"
 427      CB4E1068 
 427      628D074B 
 427      BFEE8F25 
 427      0759
 428 09ae 64C0EC91 		.ascii	"d\300\354\2210eT\014\351\3040\357$\225\034\213T\312"
 428      3065540C 
 428      E9C430EF 
 428      24951C8B 
 428      54CA
 429 09c0 E79D16B3 		.ascii	"\347\235\026\263B\271\302\012\205\\\001<\2319\010\363"
 429      42B9C20A 
 429      855C013C 
 429      993908F3 
 430 09d0 FA28DB44 		.ascii	"\372(\333D\024Mo\037p\302O\031S0\331_\252\302S\214\331"
 430      144D6F1F 
 430      70C24F19 
 430      5330D95F 
 430      AAC2538C 
 431 09e5 B2BDB656 		.ascii	"\262\275\266V\211\247\031\223\225\226\274Q\205c\354"
 431      89A71993 
 431      9596BC51 
 431      8563EC
 432 09f4 28939792 		.ascii	"(\223\227\222T\004\333\034\306\354\312\277:\345\200"
 432      5404DB1C 
 432      C6ECCABF 
 432      3AE580
ARM GAS  C:\Users\CYIRKO~1\AppData\Local\Temp\ccTJA37V.s 			page 34


 433 0a03 E318933D 		.ascii	"\343\030\223=\365b\224\3546\337\"\347\207Xvz\370\026"
 433      F56294EC 
 433      36DF22E7 
 433      8758767A 
 433      F816
 434 0a15 3B3D3C73 		.ascii	";=<s\341<\331\006Q\260\220\224yx\223\203\361\314\005"
 434      E13CD906 
 434      51B09094 
 434      79789383 
 434      F1CC05
 435 0a28 C63395BB 		.ascii	"\3063\225\273\3024\232\241\001\310\344[|o\333\013\263"
 435      C2349AA1 
 435      01C8E45B 
 435      7C6FDB0B 
 435      B3
 436 0a39 F875C1B8 		.ascii	"\370u\301\270)\177t\374G\345\344`\266_\320\240>i\362"
 436      297F74FC 
 436      47E5E460 
 436      B65FD0A0 
 436      3E69F2
 437 0a4c 7F8B6F5D 		.ascii	"\177\213o]N'\367\014kp\032S\3612:\365\221Rv\344\352"
 437      4E27F70C 
 437      6B701A53 
 437      F1323AF5 
 437      915276E4 
 438 0a61 79969E09 		.ascii	"y\226\236\011\336\202\2467\244\246\375\202\351\204\322"
 438      DE82A637 
 438      A4A6FD82 
 438      E984D2
 439 0a70 D28C9B56 		.ascii	"\322\214\233V\314 \373\264\311\003\225j|\200*Q>\236"
 439      CC20FBB4 
 439      C903956A 
 439      7C802A51 
 439      3E9E
 440 0a82 D8DCAD21 		.ascii	"\330\334\255!s\2714W\013\012Y\364\207xq\336\001Y\267"
 440      73B93457 
 440      0B0A59F4 
 440      877871DE 
 440      0159B7
 441 0a95 A11887CD 		.ascii	"\241\030\207\315z\336\263f|-g+l\215j\020\265\253\007"
 441      7ADEB366 
 441      7C2D672B 
 441      6C8D6A10 
 441      B5AB07
 442 0aa8 EC222D4C 		.ascii	"\354\"-L&\320\242\273&\353N\265\277\331%VGa\212\036"
 442      26D0A2BB 
 442      26EB4EB5 
 442      BFD92556 
 442      47618A1E 
 443 0abc B48A9695 		.ascii	"\264\212\226\225\350\353J\015\351NC\346\025\012V_\351"
 443      E8EB4A0D 
 443      E94E43E6 
 443      150A565F 
 443      E9
 444 0acd 1B4941C8 		.ascii	"\033IA\310m\256\273\033\233\303;\253\234#\251X\"\256"
 444      6DAEBB1B 
 444      9BC33BAB 
ARM GAS  C:\Users\CYIRKO~1\AppData\Local\Temp\ccTJA37V.s 			page 35


 444      9C23A958 
 444      22AE
 445 0adf 1BC4DE13 		.ascii	"\033\304\336\023\346Z\353\245)|\277I\372\240\344#\001"
 445      E65AEBA5 
 445      297CBF49 
 445      FAA0E423 
 445      01
 446 0af0 131FEF83 		.ascii	"\023\037\357\203\217\017\300\307\273f\035n\244r\036"
 446      8F0FC0C7 
 446      BB661D6E 
 446      A4721E
 447 0aff ED27809A 		.ascii	"\355'\200\232\331\341&*]\244\001\374\232m\305d\177]"
 447      D9E1262A 
 447      5DA401FC 
 447      9A6DC564 
 447      7F5D
 448 0b11 79A15998 		.ascii	"y\241Y\230\013\026D\332\264@a\246\036\332\304\324u\234"
 448      0B1644DA 
 448      B44061A6 
 448      1EDAC4D4 
 448      759C
 449 0b23 D0E287AC 		.ascii	"\320\342\207\254>\207.\024F\251\361\030c\366\265\034"
 449      3E872E14 
 449      46A9F118 
 449      63F6B51C 
 450 0b33 BDA0C24F 		.ascii	"\275\240\302O\031Sq\370h\273\200_0\346H\371\350&\204"
 450      195371F8 
 450      68BB805F 
 450      30E648F9 
 450      E82684
 451 0b46 A3EDD901 		.ascii	"\243\355\331\001\301\306B\003N`\3671{\223.\012l\177"
 451      C1C64203 
 451      4E60F731 
 451      7B932E0A 
 451      6C7F
 452 0b58 FE536053 		.ascii	"\376S`S\343\367\014(\371)\01798;\336\231[\241\306I\024"
 452      E3F70C28 
 452      F9290F39 
 452      383BDE99 
 452      5BA1C649 
 453 0b6d EB949497 		.ascii	"\353\224\224\227T\246!\273b\323\266\330\235\357\247"
 453      54A621BB 
 453      62D3B6D8 
 453      9DEFA7
 454 0b7c 7E2D2D99 		.ascii	"~--\231\307\301\337\027\337\271\015\234\372\215l\257"
 454      C7C1DF17 
 454      DFB90D9C 
 454      FA8D6CAF 
 455 0b8c 66899EB9 		.ascii	"f\211\236\271\326\227\241;-\3213\267S2t\207u\364\314"
 455      D697A13B 
 455      2DD133B7 
 455      53327487 
 455      75F4CC
 456 0b9f 35D353E8 		.ascii	"5\323S\350\006O\350\273\027\274\260\243\261;\232\206"
 456      064FE8BB 
 456      17BCB0A3 
 456      B13B9A86 
ARM GAS  C:\Users\CYIRKO~1\AppData\Local\Temp\ccTJA37V.s 			page 36


 457 0baf A83F037A 		.ascii	"\250?\003z\011$b7\364\032\256Qp\215\004z\005\367\317"
 457      09246237 
 457      F41AAE51 
 457      708D047A 
 457      05F7CF
 458 0bc2 81A68026 		.ascii	"\201\246\200&\315v\304M\262P\214Y\0320c\207vSf\356U"
 458      CD76C44D 
 458      B2508C59 
 458      1A306387 
 458      765366EE 
 459 0bd7 4BB47C0F 		.ascii	"K\264|\017\3057t2\341\217,\3413\366\304S\277\222\320"
 459      C5377432 
 459      E18F2CE1 
 459      33F6C453 
 459      BF92D0
 460 0bea 8FAD6645 		.ascii	"\217\255fE\006n\227\211\036\265n\267|\327\323W\245a"
 460      066E9789 
 460      1EB56EB7 
 460      7CD7D357 
 460      A561
 461 0bfc F88750A4 		.ascii	"\370\207P\244]\326-\227I\037\256\224\355\357F\254[."
 461      5DD62D97 
 461      491FAE94 
 461      EDEF46AC 
 461      5B2E
 462 0c0e DF2C8E54 		.ascii	"\337,\216T\260\371\354\205e'G\325-\223%*\274\235\026"
 462      B0F9EC85 
 462      652747D5 
 462      2D93252A 
 462      BC9D16
 463 0c21 A47077F7 		.ascii	"\244pw\367\235\303\366h\216\273\265d\242X\310\341\337"
 463      9DC3F668 
 463      8EBBB564 
 463      A258C8E1 
 463      DF
 464 0c32 934F6649 		.ascii	"\223OfI\375i:yo\300sP\0146\215\257/\350TEN\254\232\272"
 464      FD693A79 
 464      6FC07350 
 464      0C368DAF 
 464      2FE85445 
 465 0c4a 139DE5D3 		.ascii	"\023\235\345\323\024\001J]x#6.q\311-\340\363[\362^*"
 465      14014A5D 
 465      7823362E 
 465      71C92DE0 
 465      F35BF25E 
 466 0c5f 7126337F 		.ascii	"q&3\177K\355\236\007Z[G\364\011\330\326\021\375p\027"
 466      4BED9E07 
 466      5A5B47F4 
 466      09D8D611 
 466      FD7017
 467 0c72 FB5D241E 		.ascii	"\373]$\036\303\306\033[\034\322\223\247\344\264s\313"
 467      C3C61B5B 
 467      1CD293A7 
 467      E4B473CB 
 468 0c82 D92AA10F 		.ascii	"\331*\241\017\326&d\331<\233\372\203\020\373F\224(;"
 468      D62664D9 
 468      3C9BFA83 
ARM GAS  C:\Users\CYIRKO~1\AppData\Local\Temp\ccTJA37V.s 			page 37


 468      10FB4694 
 468      283B
 469 0c94 6DFC2044 		.ascii	"m\374 D\237\303SA\301\177\0366>B\306\026\234\0278+p"
 469      9FC35341 
 469      C17F1E36 
 469      3E42C616 
 469      9C17382B 
 470 0ca9 91F48F37 		.ascii	"\221\364\2177F2\211\3545\323d\374(\030\234Y\242\240"
 470      463289EC 
 470      35D364FC 
 470      28189C59 
 470      A2A0
 471 0cbb D2596B24 		.ascii	"\322Yk$H\012\020\2227\220\011df\363\367&\373\024\222"
 471      480A1092 
 471      37900964 
 471      66F3F726 
 471      FB1492
 472 0cce 73C85824 		.ascii	"s\310X$ci\315\303\232~XL\301\223\214w\021}\026\235T"
 472      6369CDC3 
 472      9A7E584C 
 472      C1938C77 
 472      117D169D 
 473 0ce3 54A3C4F9 		.ascii	"T\243\304\371l\324\233\214\354\250\321\314\223m;Vjd"
 473      6CD49B8C 
 473      ECA8D1CC 
 473      936D3B56 
 473      6A64
 474 0cf5 DB8EAD98 		.ascii	"\333\216\255\230l;\326*\231\260\224;c\235\016of\210"
 474      6C3BD62A 
 474      99B0943B 
 474      639D0E6F 
 474      6688
 475 0d07 1903B002 		.ascii	"\031\003\260\002\032\301\371\371\261b\233HfD\202C[\244"
 475      1AC1F9F9 
 475      B1629B48 
 475      66448243 
 475      5BA4
 476 0d19 04C02D7C 		.ascii	"\004\300-|o\306\375\010m\302}`[\"~\223l\372\317\216"
 476      6FC6FD08 
 476      6DC27D60 
 476      5B227E93 
 476      6CFACF8E 
 477 0d2d 5DB0C335 		.ascii	"]\260\3035L\361\321#/\2124J\222\024\320\270\226\376"
 477      4CF1D123 
 477      2F8A344A 
 477      9214D0B8 
 477      96FE
 478 0d3f AA702367 		.ascii	"\252p#g(\302\370$\031\323G\267\016\264f\221Ay\036Yt"
 478      28C2F824 
 478      19D347B7 
 478      0EB46691 
 478      41791E59 
 479 0d54 90C3EAF4 		.ascii	"\220\303\352\364\352\266?1^\024\377\207\374\364\325"
 479      EAB63F31 
 479      5E14FF87 
 479      FCF4D5
 480 0d63 F3244FC0 		.ascii	"\363$O\300\215\254\214\246\322{\3524\254\214\304\031"
ARM GAS  C:\Users\CYIRKO~1\AppData\Local\Temp\ccTJA37V.s 			page 38


 480      8DAC8CA6 
 480      D27BEA34 
 480      AC8CC419 
 481 0d73 D3FD4E28 		.ascii	"\323\375N(\243y\274\214\266cW\264\015\233V\035\343\377"
 481      A379BC8C 
 481      B66357B4 
 481      0D9B561D 
 481      E3FF
 482 0d85 447F0E4E 		.ascii	"D\177\016N\2052\332!y1\217\257:N\354j\331\346\214\333"
 482      8532DA21 
 482      79318FAF 
 482      3A4EEC6A 
 482      D9E68CDB 
 483 0d99 998A3339 		.ascii	"\231\21239\361\347\355m\251H\267\251\342v\356\233%t"
 483      F1E7ED6D 
 483      A948B7A9 
 483      E276EE9B 
 483      2574
 484 0dab 7992063A 		.ascii	"y\222\006:vI:@%S2\374r\350\205\331*\217\000\245\356"
 484      76493A40 
 484      255332FC 
 484      72E885D9 
 484      2A8F00A5 
 485 0dc0 B31BF3D3 		.ascii	"\263\033\363\323\005TQ=>\242\246Q\202g(\205\205\351"
 485      0554513D 
 485      3EA2A651 
 485      82672885 
 485      85E9
 486 0dd2 C4C9CE5D 		.ascii	"\304\311\316]*\323\303=\354a\305x\306c<\317\326\216"
 486      2AD3C33D 
 486      EC61C578 
 486      C6633CCF 
 486      D68E
 487 0de4 721F4DED 		.ascii	"r\037M\355^\314s;t\256|\014I\271-<\302sK\201(I\2628"
 487      5ECC733B 
 487      74AE7C0C 
 487      49B92D3C 
 487      C2734B81 
 488 0dfc C932B7FB 		.ascii	"\3112\267\373in\307b\333'\235q\267\215\2422\323\234"
 488      696EC762 
 488      DB279D71 
 488      B78DA232 
 488      D39C
 489 0e0e 6956547D 		.ascii	"iVT}\245\023Ev\\q\323?\302P\012=\032\342\004 \224!i"
 489      A5134576 
 489      5C71D33F 
 489      C2500A3D 
 489      1AE20420 
 490 0e25 CDB0D47A 		.ascii	"\315\260\324z\200j\235\310\2728h\207o0\255\311)I\227"
 490      806A9DC8 
 490      BA386887 
 490      6F30ADC9 
 490      294997
 491 0e38 B55CD2BD 		.ascii	"\265\\\322\275\205f\222\262$IY\226\222\016RI\233c\343"
 491      856692B2 
 491      24495996 
 491      920E5249 
ARM GAS  C:\Users\CYIRKO~1\AppData\Local\Temp\ccTJA37V.s 			page 39


 491      9B63E3
 492 0e4b 5EC1C299 		.ascii	"^\301\302\231I:\236p\260\300An?I\206\344\300!3\007*"
 492      493A9E70 
 492      B0C0416E 
 492      3F4986E4 
 492      C0213307 
 493 0e60 0F6D6C74 		.ascii	"\017mlt\002\265\003t_\200{\217\017\212q\032\012B\331"
 493      02B50374 
 493      5F807B8F 
 493      0F8A711A 
 493      0A42D9
 494 0e73 92DA6CA2 		.ascii	"\222\332l\242\226\334\344Pu\261\325\225Of\341\315j\252"
 494      96DCE450 
 494      75B1D595 
 494      4F66E1CD 
 494      6AAA
 495 0e85 2E31EF64 		.ascii	".1\357d\277\212Kh\325\247\211\265\314\350\\\251u\256"
 495      BF8A4B68 
 495      D5A789B5 
 495      CCE85CA9 
 495      75AE
 496 0e97 B1751E6D 		.ascii	"\261u\036m}\371\311x'\306\251\254\365X\303\340\016D"
 496      7DF9C978 
 496      27C6A9AC 
 496      F558C3E0 
 496      0E44
 497 0ea9 734FFEDB 		.ascii	"sO\376\333\200\365\244\275Y\027\243\034q\001\005\010"
 497      80F5A4BD 
 497      5917A31C 
 497      71010508 
 498 0eb9 F96D970B 		.ascii	"\371m\227\013U\246\205\362\305DU\337y\2503%:\012N\035"
 498      55A685F2 
 498      C54455DF 
 498      79A83325 
 498      3A0A4E1D 
 499 0ecd 9174DCB2 		.ascii	"\221t\334\262\275R.\300VW\312\215\233\356\014\233\205"
 499      BD522EC0 
 499      5657CA8D 
 499      9BEE0C9B 
 499      85
 500 0ede E9A85998 		.ascii	"\351\250Y\230\012i\230\016\033+l\333\203\224\021-\367"
 500      0A69980E 
 500      1B2B6CDB 
 500      8394112D 
 500      F7
 501 0eef 727ABFAA 		.ascii	"rz\277\252<\247a\263\230\211(\014\345Kf\344\033]-\242"
 501      3CA761B3 
 501      9889280C 
 501      E54B66E4 
 501      1B5D2DA2 
 502 0f03 AEF62717 		.ascii	"\256\366'\027\304\333\341d\007\352\352\340\346\302["
 502      C4DBE164 
 502      07EAEAE0 
 502      E6C25B
 503 0f12 ACF61BD8 		.ascii	"\254\366\033\330\371\007<\353\030\351J\232\2454\236"
 503      F9073CEB 
 503      18E94A9A 
ARM GAS  C:\Users\CYIRKO~1\AppData\Local\Temp\ccTJA37V.s 			page 40


 503      A5349E
 504 0f21 891C67A5 		.ascii	"\211\034g\245_[|\353\271\355\002,\241\206\025\033\015"
 504      5F5B7CEB 
 504      B9ED022C 
 504      A186151B 
 504      0D
 505 0f32 2BBE9B34 		.ascii	"+\276\2334\2515%\320\255\271\210%\020P\350\230d\327"
 505      A93525D0 
 505      ADB98825 
 505      1050E898 
 505      64D7
 506 0f44 31A35D27 		.ascii	"1\243]'\250]\017\263\243\267\315\302\351\314\256S\211"
 506      A85D0FB3 
 506      A3B7CDC2 
 506      E9CCAE53 
 506      89
 507 0f55 D99398DA 		.ascii	"\331\223\230\332@f\"fW\314\331\211d'\\D\001\302\326"
 507      40662266 
 507      57CCD989 
 507      64275C44 
 507      01C2D6
 508 0f68 730DCFA5 		.ascii	"s\015\317\245\024\300\266`\232\245\340\024\300OZN\\"
 508      14C0B660 
 508      9AA5E014 
 508      C04F5A4E 
 508      5C
 509 0f79 5627C172 		.ascii	"V'\301r+\223 hy\272q\250\225%\237\210*c\336\227\305"
 509      2B932068 
 509      79BA71A8 
 509      95259F88 
 509      2A63DE97 
 510 0f8e EFBAED84 		.ascii	"\357\272\355\204\253\230\352\216\326\261rg\344\256\345"
 510      AB98EA8E 
 510      D6B17267 
 510      E4AEE5
 511 0f9d 67CFDD   		.ascii	"g\317\335"
 512 0fa0 B3A3C98C 		.ascii	"\263\243\311\214y\032\206\211JI\361F:\274\330\230\274"
 512      791A8689 
 512      4A49F146 
 512      3ABCD898 
 512      BC
 513 0fb1 5115E896 		.ascii	"Q\025\350\226\346oP\220\331uk\2573\2139<\256`Z[S\263"
 513      E66F5090 
 513      D9756BAF 
 513      338B393C 
 513      AE605A5B 
 514 0fc7 9B6C0F37 		.ascii	"\233l\0177\3254\346g\2141\037\273\364\240\300\216\307"
 514      D534E667 
 514      8C311FBB 
 514      F4A0C08E 
 514      C7
 515 0fd8 7C7833DE 		.ascii	"|x3\336u\\\214Q\021\014*\225\214*5F\274\206F\274yh\350"
 515      755C8C51 
 515      110C2A95 
 515      8C2A3546 
 515      BC8646BC 
 516 0fef B2336E64 		.ascii	"\2623nd\021oI\027\333\204\037g\321\366\015M\357"
ARM GAS  C:\Users\CYIRKO~1\AppData\Local\Temp\ccTJA37V.s 			page 41


 516      116F4917 
 516      DB841F67 
 516      D1F60D4D 
 516      EF
 517 1000 BCBE1223 		.ascii	"\274\276\022#\306\271\320\335x-\023`:zR\220'\360]\207"
 517      C6B9D0DD 
 517      782D1360 
 517      3A7A5290 
 517      27F05D87 
 518 1014 7F4C7ED2 		.ascii	"\177L~\322{<rF\203[\231\220\370\202\204\265DF5\035\362"
 518      7B3C7246 
 518      835B9990 
 518      F88284B5 
 518      4446351D 
 519 1029 5A87EA45 		.ascii	"Z\207\352E1C\240\333\353\263\\\210t(K\236\254\206%\301"
 519      3143A0DB 
 519      EBB35C88 
 519      74284B9E 
 519      AC8625C1 
 520 103d 392A6660 		.ascii	"9*f`g^\023\306W\231\230\003\257\023k\035AN\006\310\231"
 520      675E13C6 
 520      57999803 
 520      AF136B1D 
 520      414E06C8 
 521 1052 48C6B081 		.ascii	"H\306\260\201c\003F=\027\"\005\241\236Z\322@El\330R"
 521      6303463D 
 521      172205A1 
 521      9E5AD240 
 521      456CD852 
 522 1066 B093FC0A 		.ascii	"\260\223\374\012k\307\376\035\307\236\224\367\350T\251"
 522      6BC7FE1D 
 522      C79E94F7 
 522      E854A9
 523 1075 923D2241 		.ascii	"\222=\"A\374\232t\344\264\353\307\234\361 K\345\203"
 523      FC9A74E4 
 523      B4EBC79C 
 523      F1204BE5 
 523      83
 524 1086 1BF1096A 		.ascii	"\033\361\011j\351_r\216/\210\244\377\222\323\014\272"
 524      E95F728E 
 524      2F88A4FF 
 524      92D30CBA 
 525 1096 9AA4B0D9 		.ascii	"\232\244\260\331\361\032\022g\324\320\005\310\243\035"
 525      F11A1267 
 525      D4D005C8 
 525      A31D
 526 10a4 AFA1F330 		.ascii	"\257\241\3630=5bZC\343\317GK\224x\204\351H\2701\376"
 526      3D35625A 
 526      43E3CF47 
 526      4B947884 
 526      E948B831 
 527 10b9 6A96717E 		.ascii	"j\226q~\263\024p\321\212\000\323\366\373\004\235\337"
 527      B31470D1 
 527      8A00D3F6 
 527      FB049DDF 
 528 10c9 5AC19816 		.ascii	"Z\301\230\026\311\230f\343\374\226\226S\370\210\270"
 528      C99866E3 
ARM GAS  C:\Users\CYIRKO~1\AppData\Local\Temp\ccTJA37V.s 			page 42


 528      FC969653 
 528      F888B8
 529 10d8 4BDE133E 		.ascii	"K\336\023>\366U\342u'<\301\"\330WZ0D\262)\262L\354i"
 529      F655E275 
 529      273CC122 
 529      D8575A30 
 529      44B229B2 
 530 10ef 1B144517 		.ascii	"\033\024E\027\012\275\304c(\373\277\017x\322\206\311"
 530      0ABDC463 
 530      28FBBF0F 
 530      78D286C9 
 531 10ff D92A0D63 		.ascii	"\331*\015cRj\321\004,?h\300i\025^\036~)\340H\306\344"
 531      526AD104 
 531      2C3F68C0 
 531      69155E1E 
 531      7E29E048 
 532 1115 3CAF1B50 		.ascii	"<\257\033Pq\271\335\221X\234KaWf\344\205<\271LdvP\231"
 532      71B9DD91 
 532      589C4B61 
 532      5766E485 
 532      3CB94C64 
 533 112c E7FB331F 		.ascii	"\347\3733\037)q*\223q\362\310\364\006\304e4\231dt\316"
 533      29712A93 
 533      71F2C8F4 
 533      06C46534 
 533      996474CE 
 534 1140 90D16994 		.ascii	"\220\321i\224q\225\310\300Y7\022>\206w\344O\223.B4G"
 534      7195C8C0 
 534      5937123E 
 534      8677E44F 
 534      932E4234 
 535 1155 A7A767A1 		.ascii	"\247\247g\241n\010G:,\242\311\325\332H\253\240o\200"
 535      6E08473A 
 535      2CA2C9D5 
 535      DA48ABA0 
 535      6F80
 536 1167 87E07611 		.ascii	"\207\340v\021a\335t\015;|\373P\262\331O\017d\314\224"
 536      61DD740D 
 536      3B7CFB50 
 536      B2D94F0F 
 536      64CC94
 537 117a 42D2C316 		.ascii	"B\322\303\026\007\344J\226L\251\343\331\216rp\253\331"
 537      07E44A96 
 537      4CA9E3D9 
 537      8E7270AB 
 537      D9
 538 118b 4AE23A07 		.ascii	"J\342:\007_\247\340\376\311\253}Z98\323Lr\257\264j\357"
 538      5FA7E0FE 
 538      C9AB7D5A 
 538      3938D34C 
 538      72AFB46A 
 539 11a0 A5F87D45 		.ascii	"\245\370}E)\275\263\344\370Cf\370>.\274\217\202\033"
 539      29BDB3E4 
 539      F84366F8 
 539      3E2EBC8F 
 539      821B
 540 11b2 1B6A3BB0 		.ascii	"\033j;\260\034\\m\006\356\347\340~\012\216\275P\336"
ARM GAS  C:\Users\CYIRKO~1\AppData\Local\Temp\ccTJA37V.s 			page 43


 540      1C5C6D06 
 540      EEE7E07E 
 540      0A8EBD50 
 540      DE
 541 11c3 6AB6002A 		.ascii	"j\266\000*1\003\017p0\271\252?\370\370\223\371^\036"
 541      31030F70 
 541      30B9AA3F 
 541      F8F893F9 
 541      5E1E
 542 11d5 1E0A075F 		.ascii	"\036\012\007_\337\210\300\020\303;\276\206\317\365\277"
 542      DF88C010 
 542      C33BBE86 
 542      CFF5BF
 543 11e4 5CE3FF45 		.ascii	"\\\343\377E\340\332\300pCD@`\350\032ChhP\370\232u!\021"
 543      E0DAC070 
 543      43444060 
 543      E81A4368 
 543      6850F89A 
 544 11fb F3E9DD7C 		.ascii	"\363\351\335|\277\260\340\371\372\340\265\372\200\000"
 544      BFB0E0F9 
 544      FAE0B5FA 
 544      8000
 545 1209 7DC09AB7 		.ascii	"}\300\232\267\027.\231\357\271\330\343\027\177\366X"
 545      172E99EF 
 545      B9D8E317 
 545      7FF658
 546 1218 03CF7F16 		.ascii	"\003\317\177\026\022\032\242\377\231\336om\340\232\300"
 546      121AA2FF 
 546      99DE6F6D 
 546      E09AC0
 547 1227 10FFA088 		.ascii	"\020\377\240\210\000\375\232`?\220\025\242_\343\033"
 547      00FD9A60 
 547      3F9015A2 
 547      5FE31B
 548 1236 A0FFDC2F 		.ascii	"\240\377\334/\"\310\340k\370f\275>|\341\027\012{\256"
 548      22C8E06B 
 548      F866BD3E 
 548      7CE1170A 
 548      7BAE
 549 1248 EE8FFFA7 		.ascii	"\356\217\377\247\352\302\277\011_\343\033n\010\000\331"
 549      EAC2BF09 
 549      5FE31B6E 
 549      0800D9
 550 1257 A043E51F 		.ascii	"\240C\345\037\024\352\377\245\206\271\266\304\323\327"
 550      14EAFFA5 
 550      86B9B6C4 
 550      D3D7
 551 1265 A036DDF8 		.ascii	"\2406\335\370\177\341\027\022\242\017\012\327\256\377"
 551      7FE11712 
 551      A20F0AD7 
 551      AEFF
 552 1273 AF607EEF 		.ascii	"\257`~\357k\360\361\371\345\032/b\313*f\013\265+4\334"
 552      6BF0F1F9 
 552      E51A2F62 
 552      CB2A660B 
 552      B52B34DC 
 553 1287 E3176F2F 		.ascii	"\343\027o/\012\015_\364\205_\320\242\365\241a\206\360"
ARM GAS  C:\Users\CYIRKO~1\AppData\Local\Temp\ccTJA37V.s 			page 44


 553      0A0D5FF4 
 553      855FD0A2 
 553      F5A16186 
 553      F0
 554 1298 45AB562F 		.ascii	"E\253V/_\342\271\350\243\217\274\027\255^\266\374+\017"
 554      5FE2B9E8 
 554      A38FBC17 
 554      AD5EB6FC 
 554      2B0F
 555 12aa F2C617E4 		.ascii	"\362\306\027\344\370\006\005\005\020\317\364!~k\203"
 555      F8060505 
 555      10CFF421 
 555      7E6B83
 556 12b9 F4018E54 		.ascii	"\364\001\216TtHp\370\227\276\006\273\365\372\260\300"
 556      744870F8 
 556      97BE06BB 
 556      F5FAB0C0 
 557 12c9 D0003579 		.ascii	"\320\0005y\024\002A\260\363\017\015\371<p\035\366\017"
 557      140241B0 
 557      F30F0DF9 
 557      3C701DF6 
 557      0F
 558 12da F3540687 		.ascii	"\363T\006\207\006\350\035\340\005\271\022\313\374\202"
 558      06E81DE0 
 558      05B912CB 
 558      FC82
 559 12e8 82D6FAF9 		.ascii	"\202\326\372\371\177\351D\260\374\336\3270{\345g\313"
 559      7FE944B0 
 559      FCDED730 
 559      7BE567CB 
 560 12f8 BD989D5E 		.ascii	"\275\230\235^\264\251\303\347a\372?G\350C\374\277Q\006"
 560      B4A9C3E7 
 560      61FA3F47 
 560      E843FCBF 
 560      5106
 561 130a 04EAC31C 		.ascii	"\004\352\303\034\310{\372B\025n\3603\350\011\357\253"
 561      C87BFA42 
 561      156EF033 
 561      E809EFAB 
 562 131a F359EAFD 		.ascii	"\363Y\352\375\0075\271[\265z\305J\015\271\371\344\343"
 562      0735B95B 
 562      B57AC54A 
 562      0DB9F9E4 
 562      E3
 563 132b 651F2F5B 		.ascii	"e\037/[\275\344{\035\345\0015\272\006ni\340BE\373\032"
 563      BDE47B1D 
 563      E50135BA 
 563      066E69E0 
 563      4245FB1A 
 564 133f 8870EFB0 		.ascii	"\210p\357\260\300\257\364a\330\020\030\254\362\362Z"
 564      C0AFF461 
 564      D81018AC 
 564      F2F25A
 565 134e AE5B22AC 		.ascii	"\256[\"\254\320)\275\227/\325ao/\235\362=\357\325:\354"
 565      D029BD97 
 565      2FD5616F 
 565      2F9DF23D 
ARM GAS  C:\Users\CYIRKO~1\AppData\Local\Temp\ccTJA37V.s 			page 45


 565      EFD53AEC 
 566 1362 E5A5C33A 		.ascii	"\345\245\303:\240\245:\035^\271\312\013{}\274Z\351\345"
 566      A0A53A1D 
 566      5EB9CA0B 
 566      7B7DBC5A 
 566      E9E5
 567 1374 E5A3A378 		.ascii	"\345\243\243xO\372\355\201}>\320\011\253\240\3452\037"
 567      4FFAED81 
 567      7D3ED009 
 567      ABA0E532 
 567      1F
 568 1385 9D72D572 		.ascii	"\235r\325r@{\351<\201<\000\371{\235\327\337\230\217"
 568      407BE93C 
 568      813C00F9 
 568      7B9DD7DF 
 568      988F
 569 1397 70433049 		.ascii	"pC0Ir 1\333\321\304\370\032\224K\337\327}H\276>R~\344"
 569      722031DB 
 569      D1C4F81A 
 569      944BDFD7 
 569      7D48BE3E 
 570 13ae F53B3073 		.ascii	"\365;0s\225N\207>C\037B\235\350\375\302x\235x\274\315"
 570      954E873E 
 570      431F429D 
 570      E8FDC278 
 570      9D78BCCD 
 571 13c2 EB84DCE0 		.ascii	"\353\204\334\340p\275\341\375\277\332\212\017V.[\361"
 571      70BDE1FD 
 571      BFDA8A0F 
 571      562E5BF1 
 572 13d2 95278B1D 		.ascii	"\225'\213\035\020+\013\274\302[\207\227y\353T+?Y\351"
 572      102B0BBC 
 572      C25B8797 
 572      79EB542B 
 572      3F59E9
 573 13e5 ADB35FB1 		.ascii	"\255\263_\261j\245\217\217\267\316n\305\352?\254\204"
 573      6AA58F8F 
 573      B7CE6EC5 
 573      EA3FAC84 
 574 13f5 982C5FE1 		.ascii	"\230,_\341\355\243\303\357\351tZf\357\272\365\201\241"
 574      EDA3C3EF 
 574      E9745A66 
 574      EFBAF581 
 574      A1
 575 1406 60476028 		.ascii	"`G`(\253\012\273uz\303Ro\257Y\341a\376\220\232@\203"
 575      AB0ABB75 
 575      7AC3526F 
 575      AF59E161 
 575      FE909A40 
 576 141b 2F300BFD 		.ascii	"/0\013\375\025v\341\301\241\241\206/\240\363r{\355\371"
 576      1576E1C1 
 576      A1A1862F 
 576      A0F3727B 
 576      EDF9
 577 142d D5CE10E6 		.ascii	"\325\316\020\346\027\022\036\354L\260\201~A\201\337"
 577      17121EEC 
 577      4CB0817E 
ARM GAS  C:\Users\CYIRKO~1\AppData\Local\Temp\ccTJA37V.s 			page 46


 577      4181DF
 578 143c FA190243 		.ascii	"\372\031\002CC\324\364\351\212\010\203\2131\275\301"
 578      43D4F4E9 
 578      8A08838B 
 578      31BDC1
 579 144b A1062F43 		.ascii	"\241\006/CX\020\230\347\360^\230\337\227\372\367#B\374"
 579      581098E7 
 579      F05E98DF 
 579      97FAF723 
 579      42FC
 580 145d DFF00F85 		.ascii	"\337\360\017\205Z\014\001\015\036\237@\363\017\364\206"
 580      5A0C010D 
 580      1E9F40F3 
 580      0FF486
 581 146c 4FFD8222 		.ascii	"O\375\202\"\364\216~\001\376\341~\301\353\203\364\177"
 581      F48E7E01 
 581      FEE17EC1 
 581      EB83F47F 
 582 147c 4B470169 		.ascii	"KG\001i<\" \206G\344\007F+\230BxB\372\307*\203_\230"
 582      3C222086 
 582      47E40746 
 582      2B984278 
 582      42FAC72A 
 583 1493 E11F8C81 		.ascii	"\341\037\214\201\363\205\004\254\013\013\215XO\342\240"
 583      F38504AC 
 583      0B0B8D58 
 583      4FE2A0
 584 14a2 0D0C2572 		.ascii	"\015\014%r\203\375H\227\3220&0\300\327\240\"\365\350"
 584      83FD4897 
 584      D2302630 
 584      C0D7A022 
 584      F5E8
 585 14b4 491A7B92 		.ascii	"I\032{\222~\245\375<\342\333o\277\361\212\010\013\323"
 585      7EA5FD3C 
 585      E2DB6FBF 
 585      F18A080B 
 585      D3
 586 14c5 8718586C 		.ascii	"\207\030XlH\005\330\363+\351\007K\241v\375\326\351\347"
 586      4805D8F3 
 586      2BE9074B 
 586      A176FDD6 
 586      E9E7
 587 14d7 C2EDFB81 		.ascii	"\302\355\373\201A\020\026\022\036\257\320\210\020\203"
 587      41101612 
 587      1EAFD088 
 587      1083
 588 14e5 3E4C1DA6 		.ascii	">L\035\2467\254Z\257\327\007\374/\343\015\015c"
 588      37AC5AAF 
 588      D707FC2F 
 588      E30D0D63 
 589              		.text
 590              		.section	.gnu.lto_.symtab.bd26d649,"",%progbits
 591 0000 67657441 		.ascii	"getADC\000"
 591      444300
 592 0007 00       		.ascii	"\000"
 593 0008 00       		.ascii	"\000"
 594 0009 00       		.ascii	"\000"
ARM GAS  C:\Users\CYIRKO~1\AppData\Local\Temp\ccTJA37V.s 			page 47


 595 000a 00000000 		.ascii	"\000\000\000\000\000\000\000\000"
 595      00000000 
 596 0012 8F010000 		.ascii	"\217\001\000\000"
 597 0016 66757A7A 		.ascii	"fuzzyCurrent\000"
 597      79437572 
 597      72656E74 
 597      00
 598 0023 00       		.ascii	"\000"
 599 0024 00       		.ascii	"\000"
 600 0025 00       		.ascii	"\000"
 601 0026 00000000 		.ascii	"\000\000\000\000\000\000\000\000"
 601      00000000 
 602 002e C7010000 		.ascii	"\307\001\000\000"
 603 0032 736D6F6F 		.ascii	"smooth\000"
 603      746800
 604 0039 00       		.ascii	"\000"
 605 003a 00       		.ascii	"\000"
 606 003b 00       		.ascii	"\000"
 607 003c 00000000 		.ascii	"\000\000\000\000\000\000\000\000"
 607      00000000 
 608 0044 9F010000 		.ascii	"\237\001\000\000"
 609 0048 7472616E 		.ascii	"transm\000"
 609      736D00
 610 004f 00       		.ascii	"\000"
 611 0050 00       		.ascii	"\000"
 612 0051 00       		.ascii	"\000"
 613 0052 00000000 		.ascii	"\000\000\000\000\000\000\000\000"
 613      00000000 
 614 005a A2010000 		.ascii	"\242\001\000\000"
 615 005e 696E6974 		.ascii	"initialization\000"
 615      69616C69 
 615      7A617469 
 615      6F6E00
 616 006d 00       		.ascii	"\000"
 617 006e 00       		.ascii	"\000"
 618 006f 00       		.ascii	"\000"
 619 0070 00000000 		.ascii	"\000\000\000\000\000\000\000\000"
 619      00000000 
 620 0078 A4010000 		.ascii	"\244\001\000\000"
 621 007c 70776D32 		.ascii	"pwm2conf\000"
 621      636F6E66 
 621      00
 622 0085 00       		.ascii	"\000"
 623 0086 00       		.ascii	"\000"
 624 0087 00       		.ascii	"\000"
 625 0088 00000000 		.ascii	"\000\000\000\000\000\000\000\000"
 625      00000000 
 626 0090 C5010000 		.ascii	"\305\001\000\000"
 627 0094 50574D44 		.ascii	"PWMD2\000"
 627      3200
 628 009a 00       		.ascii	"\000"
 629 009b 02       		.ascii	"\002"
 630 009c 00       		.ascii	"\000"
 631 009d 00000000 		.ascii	"\000\000\000\000\000\000\000\000"
 631      00000000 
 632 00a5 C3010000 		.ascii	"\303\001\000\000"
 633 00a9 7472616E 		.ascii	"transOut\000"
ARM GAS  C:\Users\CYIRKO~1\AppData\Local\Temp\ccTJA37V.s 			page 48


 633      734F7574 
 633      00
 634 00b2 00       		.ascii	"\000"
 635 00b3 02       		.ascii	"\002"
 636 00b4 00       		.ascii	"\000"
 637 00b5 00000000 		.ascii	"\000\000\000\000\000\000\000\000"
 637      00000000 
 638 00bd A7010000 		.ascii	"\247\001\000\000"
 639 00c1 4272616B 		.ascii	"BrakeFunc\000"
 639      6546756E 
 639      6300
 640 00cb 00       		.ascii	"\000"
 641 00cc 02       		.ascii	"\002"
 642 00cd 00       		.ascii	"\000"
 643 00ce 00000000 		.ascii	"\000\000\000\000\000\000\000\000"
 643      00000000 
 644 00d6 A9010000 		.ascii	"\251\001\000\000"
 645 00da 636F6D6D 		.ascii	"commonADC1UnitGetValue\000"
 645      6F6E4144 
 645      4331556E 
 645      69744765 
 645      7456616C 
 646 00f1 00       		.ascii	"\000"
 647 00f2 02       		.ascii	"\002"
 648 00f3 00       		.ascii	"\000"
 649 00f4 00000000 		.ascii	"\000\000\000\000\000\000\000\000"
 649      00000000 
 650 00fc B0010000 		.ascii	"\260\001\000\000"
 651 0100 70776D53 		.ascii	"pwmStart\000"
 651      74617274 
 651      00
 652 0109 00       		.ascii	"\000"
 653 010a 02       		.ascii	"\002"
 654 010b 00       		.ascii	"\000"
 655 010c 00000000 		.ascii	"\000\000\000\000\000\000\000\000"
 655      00000000 
 656 0114 B5010000 		.ascii	"\265\001\000\000"
 657 0118 5F70616C 		.ascii	"_pal_lld_setgroupmode\000"
 657      5F6C6C64 
 657      5F736574 
 657      67726F75 
 657      706D6F64 
 658 012e 00       		.ascii	"\000"
 659 012f 02       		.ascii	"\002"
 660 0130 00       		.ascii	"\000"
 661 0131 00000000 		.ascii	"\000\000\000\000\000\000\000\000"
 661      00000000 
 662 0139 C1010000 		.ascii	"\301\001\000\000"
 663              		.text
 664              		.section	.gnu.lto_.opts,"",%progbits
 665 0000 272D666D 		.ascii	"'-fmath-errno' '-fsigned-zeros' '-ftrapping-math' '"
 665      6174682D 
 665      6572726E 
 665      6F272027 
 665      2D667369 
 666 0033 2D666E6F 		.ascii	"-fno-trapv' '-fno-openmp' '-fno-openacc' '-mcpu=cor"
 666      2D747261 
ARM GAS  C:\Users\CYIRKO~1\AppData\Local\Temp\ccTJA37V.s 			page 49


 666      70762720 
 666      272D666E 
 666      6F2D6F70 
 667 0066 7465782D 		.ascii	"tex-m7' '-mno-thumb-interwork' '-mthumb' '-ggdb' '-"
 667      6D372720 
 667      272D6D6E 
 667      6F2D7468 
 667      756D622D 
 668 0099 4F322720 		.ascii	"O2' '-fomit-frame-pointer' '-falign-functions=16' '"
 668      272D666F 
 668      6D69742D 
 668      6672616D 
 668      652D706F 
 669 00cc 2D666675 		.ascii	"-ffunction-sections' '-fdata-sections' '-fno-common"
 669      6E637469 
 669      6F6E2D73 
 669      65637469 
 669      6F6E7327 
 670 00ff 2720272D 		.ascii	"' '-flto'\000"
 670      666C746F 
 670      2700
 671              		.text
 672              		.comm	__gnu_lto_v1,1,1
 673              		.comm	__gnu_lto_slim,1,1
 674              		.ident	"GCC: (GNU Tools for ARM Embedded Processors 6-2017-q1-update) 6.3.1 20170215 (release) [AR
ARM GAS  C:\Users\CYIRKO~1\AppData\Local\Temp\ccTJA37V.s 			page 50


DEFINED SYMBOLS
                            *ABS*:00000000 init_ADC.c
                            *COM*:00000001 __gnu_lto_v1
                            *COM*:00000001 __gnu_lto_slim

NO UNDEFINED SYMBOLS
