ARM GAS  C:\Users\CYIRKO~1\AppData\Local\Temp\cc0qHxOE.s 			page 1


   1              		.cpu cortex-m7
   2              		.eabi_attribute 20, 1
   3              		.eabi_attribute 21, 1
   4              		.eabi_attribute 23, 3
   5              		.eabi_attribute 24, 1
   6              		.eabi_attribute 25, 1
   7              		.eabi_attribute 26, 1
   8              		.eabi_attribute 30, 2
   9              		.eabi_attribute 34, 1
  10              		.eabi_attribute 18, 4
  11              		.file	"memstreams.c"
  12              		.text
  13              	.Ltext0:
  14              		.section	.gnu.lto_.profile.5638ed15,"",%progbits
  15 0000 789C6365 		.ascii	"x\234ce`b`a```d\010\260\004\000\001Y\000\226"
  15      60626061 
  15      60606064 
  15      08B00400 
  15      01590096 
  16              		.text
  17              		.section	.gnu.lto_.icf.5638ed15,"",%progbits
  18 0000 789C6365 		.ascii	"x\234ce`bPc@\0006\206MO/\354\345b\334\371\347\304s^"
  18      60625063 
  18      40003686 
  18      4D4F2FEC 
  18      E562DCF9 
  19 0018 A6F9DFE6 		.ascii	"\246\371\337\346\177\345f\006\223,og\316~\300\317\372"
  19      7FE56606 
  19      932C6F67 
  19      CE7EC0CF 
  19      FA
  20 0029 F5C6F237 		.ascii	"\365\306\3627l\014\000\205\312\023\300"
  20      6C0C0085 
  20      CA13C0
  21              		.text
  22              		.section	.gnu.lto_.jmpfuncs.5638ed15,"",%progbits
  23 0000 789C458B 		.ascii	"x\234E\213\273\021\000 \010C\023@-\235\312\241\254\262"
  23      BB110020 
  23      08431340 
  23      2D9DCAA1 
  23      ACB2
  24 0012 BA5888AF 		.ascii	"\272X\210\257\310]~\015\206\205O\203\221.1\221y\352"
  24      C85D7E0D 
  24      86854F83 
  24      912E3191 
  24      79EA
  25 0024 10D56D93 		.ascii	"\020\325m\223o\342\225\246\251\"\342^\246\022\034\360"
  25      6FE295A6 
  25      A922E25E 
  25      A6121CF0 
  26 0034 C60714   		.ascii	"\306\007\024"
  27              		.text
  28              		.section	.gnu.lto_.inline.5638ed15,"",%progbits
  29 0000 789CB591 		.ascii	"x\234\265\2211\016\3020\014E\277\235\224D4Ua*HHd\002"
  29      310EC230 
  29      0C45BF9D 
  29      94443455 
ARM GAS  C:\Users\CYIRKO~1\AppData\Local\Temp\cc0qHxOE.s 			page 2


  29      612A4848 
  30 0016 A69E8189 		.ascii	"\246\236\201\211\2213p\024\330:vddd\344(\0359\002##"
  30      91337014 
  30      D83A7664 
  30      6464E428 
  30      1D390223 
  31 002b 23D8AD40 		.ascii	"#\330\255@Ht$\221\236\034Ky\266\223\004\214\003\341"
  31      48742491 
  31      9E1C4B79 
  31      B693048C 
  31      03E1
  32 003d BD12200B 		.ascii	"\275\022 \013d\020\011f\255\334)\343pP\227\360M\311"
  32      64100966 
  32      ADDC29E3 
  32      705097F0 
  32      4DC9
  33 004f A09BB32D 		.ascii	"\240\233\263-\005^C\017{\232\007\320\325\215X\011\276"
  33      055E430F 
  33      7B9A07D0 
  33      D58D5809 
  33      BE
  34 0060 E4131112 		.ascii	"\344\023\021\022B\332\371Z\323\236:\241\251\012\270"
  34      42DAF95A 
  34      D39E3AA1 
  34      A90AB8
  35 006f C7E287D0 		.ascii	"\307\342\207\320\034\213~!c<%\373%\344(\023\2505}]\203"
  35      1C8B7E21 
  35      633C25FB 
  35      25E42813 
  35      A8357D5D 
  36 0084 BFF7B6C9 		.ascii	"\277\367\266\311M\036D=\223c\324d\224\344J\3246\003"
  36      4D1E443D 
  36      9363D464 
  36      94E44AD4 
  36      3603
  37 0096 4CBD956D 		.ascii	"L\275\225m>U\272g\370C\021\013\357\010\234TK\244\347"
  37      3E55BA67 
  37      F843110B 
  37      EF089C54 
  37      4BA4E7
  38 00a9 0DEB073C 		.ascii	"\015\353\007<\001\310\1775\215"
  38      01C87F35 
  38      8D
  39              		.text
  40              		.section	.gnu.lto_.pureconst.5638ed15,"",%progbits
  41 0000 789C6365 		.ascii	"x\234ce`b\340f```e\220b\224b\222b\226b\221\002\000\004"
  41      6062E066 
  41      60606065 
  41      90629462 
  41      92629662 
  42 0018 2200A4   		.ascii	"\"\000\244"
  43              		.text
  44              		.section	.gnu.lto__put.5638ed15,"",%progbits
  45 0000 789C9552 		.ascii	"x\234\225R\333K\024Q\030?\2779\2633\273\272m\324S\017"
  45      DB4B1451 
  45      183FBF39 
  45      B333BBBA 
ARM GAS  C:\Users\CYIRKO~1\AppData\Local\Temp\cc0qHxOE.s 			page 3


  45      6DD4530F 
  46 0014 FBE04322 		.ascii	"\373\340C\">\344\024\335@\020\242\360/\350\325\0275"
  46      3EE414DD 
  46      4010A2F0 
  46      2FE8D517 
  46      35
  47 0025 C10517A5 		.ascii	"\301\005\027\245\265\327<\356\332*\335\224.\336\330"
  47      B5D73CEE 
  47      DA2ADD94 
  47      2EDED8
  48 0034 6D8410CB 		.ascii	"m\204\020\313\362\256\245v[\022*M\315\012#z\350!/ e"
  48      F2AEA576 
  48      5B122A4D 
  48      CD0A237A 
  48      E8212F20 
  49 0049 61177AB3 		.ascii	"a\027z\263\276ofA\243\027\035\2303\347\362\375.\337"
  49      BE6F6641 
  49      A3171D98 
  49      33E7F2FD 
  49      2EDF
  50 005b 6F8E4768 		.ascii	"o\216GhbA\012Q(\2048L/<\002Z\323\254\020\265^M\323m"
  50      62410A51 
  50      2884384C 
  50      2F3C025A 
  50      D3AC10B5 
  51 0073 089521D7 		.ascii	"\010\225!\327\246\205P~\011\335\335\327\001\236(/D\215"
  51      A685507E 
  51      09DDDDD7 
  51      019E282F 
  51      448D
  52 0085 2675D4A0 		.ascii	"&u\324\240Q\266H\274\256\353O\310\313\322\226\002:-"
  52      51B648BC 
  52      AEEB4FC8 
  52      CBD29602 
  52      3A2D
  53 0097 D766DA17 		.ascii	"\327f\332\027\002\274\004\262h\2718\026_\325s\273\024"
  53      02BC04B2 
  53      68B93816 
  53      5FD573BB 
  53      14
  54 00a8 3DA9966B 		.ascii	"=\251\226k\306\215\3019\345\263\245&\332\250\374\026"
  54      C68DC139 
  54      E5B3A526 
  54      DAA8FC16 
  55 00b8 82E84290 		.ascii	"\202\350B\220\325o#\227\212\337\316\3147\231\262\000"
  55      D56F2397 
  55      8ADFCECC 
  55      3799B200 
  56 00c8 82E6430D 		.ascii	"\202\346C\015\035c\376\234N\245\242*5}U\252\275\266"
  56      1D63FE9C 
  56      4EA5A22A 
  56      357D55AA 
  56      BDB6
  57 00da 94E886DC 		.ascii	"\224\350\206\334\014\244-\201;\310\241\362D\274{I\312"
  57      0CA42D81 
  57      3BC8A1F2 
  57      44BC7B49 
ARM GAS  C:\Users\CYIRKO~1\AppData\Local\Temp\cc0qHxOE.s 			page 4


  57      CA
  58 00eb 630EF473 		.ascii	"c\016\364s\374\373\327@\032\372\345\247\246\3746\271"
  58      FCFBD740 
  58      1AFAE5A7 
  58      A6FC36B9 
  59 00fb BDEB420F 		.ascii	"\275\353B\017\006\261\237\201\272@\017r\270\372\307"
  59      06B19F81 
  59      BA400F72 
  59      B8FAC7
  60 010a B7F9973E 		.ascii	"\267\371\227>y\334A\332\243\261\366@\366M\007\371\261"
  60      79DC41DA 
  60      A3B1F640 
  60      F64D07F9 
  60      B1
  61 011b 75F79598 		.ascii	"u\367\225\230z\241t[z\320\373\2570?T\376i`\375\372\016"
  61      7AA1745B 
  61      7AD0FBAF 
  61      303F54FE 
  61      6960FDFA 
  62 0130 43471FB2 		.ascii	"CG\037\262\271!\352\243\037\006\350\333\367\006)\265"
  62      B921EAA3 
  62      1F06E8DB 
  62      F70629B5 
  63 0140 FEA75EA5 		.ascii	"\376\247^\245\336\355y?<\263+\000\222\324(\0222\353"
  63      DEED793F 
  63      3CB32B00 
  63      92D42812 
  63      32EB
  64 0152 A1A961F0 		.ascii	"\241\251a\360`\322`zy\360\201\335d\362\246\237\007!"
  64      60D2607A 
  64      79F081DD 
  64      64F2A69F 
  64      0721
  65 0164 CE131DA7 		.ascii	"\316\023\035\247}\201\262\242\257\\B\264\243\357b\256"
  65      7D81B2A2 
  65      AF5C42B4 
  65      A3EF62AE 
  66 0174 23407249 		.ascii	"#@rI\352|\005\321\361\225K\023\006\357%\245\207\374"
  66      EA7C05D1 
  66      F1954B13 
  66      06EF25A5 
  66      87FC
  67 0186 349F7BFA 		.ascii	"4\237{\372\312\344\354=N7\277\237O5\370m$k)\374,[z\011"
  67      CAE4EC3D 
  67      4E37BF9F 
  67      4F35F86D 
  67      246B29FC 
  68 019e 8401764F 		.ascii	"\204\001vOg\235\213\321^\323\352Q\356\221\017\203\260"
  68      679D8BD1 
  68      5ED3EA51 
  68      EE910F83 
  68      B0
  69 01af D1CA2D08 		.ascii	"\321\312-\010\014\301r\270'\363\\fc\233T\303\016\025"
  69      0CC172B8 
  69      27F35C66 
  69      639B54C3 
  69      0E15
ARM GAS  C:\Users\CYIRKO~1\AppData\Local\Temp\cc0qHxOE.s 			page 5


  70 01c1 C78011A2 		.ascii	"\307\200\021\242ZD\335\207\211Ci\223I\356Mp[R\320\365"
  70      5A44DD87 
  70      89436993 
  70      49EE4D70 
  70      5B52D0F5 
  71 01d5 924E0F8D 		.ascii	"\222N\017\215\261t\017\346\266\224L\334s\2244V\272\357"
  71      B1740FE6 
  71      B6944CDC 
  71      73943456 
  71      BAEF
  72 01e7 988E25E2 		.ascii	"\230\216%\342m\036\227\213\200&\253\221B\373d\001\357"
  72      6D1E978B 
  72      8026AB91 
  72      42FB6401 
  72      EF
  73 01f8 6D0EC8FC 		.ascii	"m\016\310\374/\240\216\000]\012\202a\224\3050F\324I"
  73      2FA08E00 
  73      5D0A8261 
  73      94C53046 
  73      D449
  74 020a E973436E 		.ascii	"\351sCn\215\231.i\346\226\014\356\343\024\3067Rx\340"
  74      8D992E69 
  74      E6960CEE 
  74      E314C637 
  74      5278E0
  75 021d 7A6B8EC3 		.ascii	"zk\216\303e\361\273D#\365\323\003\031l\206\376>\036"
  75      65F1BB44 
  75      23F5D303 
  75      196C86FE 
  75      3E1E
  76 022f 12036935 		.ascii	"\022\003i5\373\322N\267\250\362hC\3451,\242v\262\325"
  76      FBD24EB7 
  76      A8F26843 
  76      E5312CA2 
  76      76B2D5
  77 0242 9D2BB30A 		.ascii	"\235+\263\012M$\235\263_\000\301\226\023\303\317v\262"
  77      4D249DB3 
  77      5F00C196 
  77      13C3CF76 
  77      B2
  78 0253 9E86B378 		.ascii	"\236\206\263x\202\2406U\2729\022\015\002)\004\345\370"
  78      82A03655 
  78      BA39120D 
  78      022904E5 
  78      F8
  79 0264 F21CE8FA 		.ascii	"\362\034\350\372\2019(\332\374\302\374\242\023\345\241"
  79      813928DA 
  79      FCC2FCA2 
  79      13E5A1
  80 0273 92D0C9EA 		.ascii	"\222\320\311\3523\247B\225E\245<\257\214\0348z\304\252"
  80      33A74295 
  80      45A53CAF 
  80      8C1C387A 
  80      C4AA
  81 0285 8C58E5C5 		.ascii	"\214X\345\305\025VE\250\304\212T\237.+\016G\254pY8="
  81      155645A8 
  81      C48A549F 
ARM GAS  C:\Users\CYIRKO~1\AppData\Local\Temp\cc0qHxOE.s 			page 6


  81      2E2B0E47 
  81      AC705938 
  82 029a CD2B155A 		.ascii	"\315+\025Z\250\012%2\034\251\372\013c\375K\\"
  82      A80A2532 
  82      1CA9FA0B 
  82      63FD4B5C 
  83              		.text
  84              		.section	.gnu.lto__get.5638ed15,"",%progbits
  85 0000 789C9552 		.ascii	"x\234\225R]K\024a\024~\237yggv\226\325\250\013!X\302"
  85      5D4B1461 
  85      147E9F79 
  85      67677696 
  85      D5A80B21 
  86 0016 8B44BCB0 		.ascii	"\213D\274\260)\372\002!\010\312_\320U\340\215\232\340"
  86      29FA0221 
  86      08CA5FD0 
  86      55E08D9A 
  86      E0
  87 0027 828BD2DA 		.ascii	"\202\213\322\332]\344\270k\253h\224\024\371\305n#\204"
  87      5DE4B86B 
  87      AB689414 
  87      F9C56E23 
  87      84
  88 0038 6896DF6E 		.ascii	"h\226\337n\371\221\260$e\037ZV\030\324U\224\012\026"
  88      F991B024 
  88      651F5A56 
  88      18D45594 
  88      0A16
  89 004a 16F60915 		.ascii	"\026\366\011\025\32693RF790\357\234\367\274\347y\236"
  89      D6393352 
  89      46373930 
  89      EF9CF7BC 
  89      E7799E
  90 005d 739E793D 		.ascii	"s\236y=B\021\343R\210|!\304^z\341\021P\032\037\012Q"
  90      4211E352 
  90      887C21C4 
  90      5E7AE111 
  90      501A1F0A 
  91 0072 ED5514D5 		.ascii	"\355U\024\325\206\260|reZ\010\313/\241\272y\025\340"
  91      86B07C72 
  91      655A08CB 
  91      2FA1BA79 
  91      15E0
  92 0084 C0F24254 		.ascii	"\300\362BT)RE\025\316\311f\211\3075\375qyV\332R@\245"
  92      29524515 
  92      CEC96689 
  92      C735FD71 
  92      7956DA52 
  93 009a EDCA4CDB 		.ascii	"\355\312L\333\353t\336\002\231\264\235\037\215-\253"
  93      EB74DE02 
  93      99B49D1F 
  93      8D2DAB
  94 00a9 399D163D 		.ascii	"9\235\026=\251\346\021\355\322\340\254e\330R\021\255"
  94      A9E611ED 
  94      D2E0AC65 
  94      D85211AD 
  95 00b9 54DE8500 		.ascii	"T\336\205\000:\021`\365+\310\241\342\2473s\215\272<"
ARM GAS  C:\Users\CYIRKO~1\AppData\Local\Temp\cc0qHxOE.s 			page 7


  95      3A1160F5 
  95      2BC8A1E2 
  95      A733738D 
  95      BA3C
  96 00cb 0041F150 		.ascii	"\000A\361P]\373\250?\273\303\262\"Vj\372\202\264\266"
  96      5DFBA83F 
  96      BBC3B222 
  96      566AFA82 
  96      B4B6
  97 00dd DB52A21B 		.ascii	"\333R\242\033r=\220R\002W\221\315\365\037\337\317=0"
  97      723D9052 
  97      025791CD 
  97      F51FDFCF 
  97      3D30
  98 00ef E441076B 		.ascii	"\344A\007k\217D\333\322\263.;\330/\255[\316G\255\273"
  98      8F44DBD2 
  98      B32E3BD8 
  98      2FAD5BCE 
  98      47ADBB
  99 0102 966A53CB 		.ascii	"\226jS\313\327\376\306\363C\345\361X\367\202\224\207"
  99      D7FEC6F3 
  99      43E5F158 
  99      F7829487 
 100 0112 1DE8ED1F 		.ascii	"\035\350\355\037\317\247|k\320w\255\031+\021\253\205"
 100      CFA77C6B 
 100      D077AD19 
 100      2B11AB85 
 101 0122 A11EF4BA 		.ascii	"\241\036\364\272\320\335\001\354\374\015|5\260z1MS\321"
 101      D0DD01EC 
 101      FC0D7C35 
 101      B07A314D 
 101      53D1
 102 0134 872CF420 		.ascii	"\207,\364 \213\207\242Y\372\241\201>\234\355{\202\224"
 102      8B87A259 
 102      FAA1813E 
 102      9CED7B82 
 102      94
 103 0145 B5FAB3D6 		.ascii	"\265\372\263\326J-n\235\370\364ls\032\250g\205\254\241"
 103      4A2D6E9D 
 103      F8F46C73 
 103      1AA86785 
 103      ACA1
 104 0157 A63D146A 		.ascii	"\246=\024j\032/:-\272\227\027C0\312\307I?W\012QO\224"
 104      1A2F3A2D 
 104      BA971743 
 104      30CAC749 
 104      3F570A51 
 105 016d EC7A036D 		.ascii	"\354z\003m\350+\027\020i\377~&\307\021!\311\0049\260"
 105      E82B1710 
 105      69FF7E26 
 105      C71121C9 
 105      0439B0
 106 0180 84C8D852 		.ascii	"\204\310\330R\327\244\306\271\204\364P_M\247o=\322\371"
 106      D7A4C6B9 
 106      84F4505F 
 106      4DA76F3D 
 106      D2F9
ARM GAS  C:\Users\CYIRKO~1\AppData\Local\Temp\cc0qHxOE.s 			page 8


 107 0192 1FA8CE4C 		.ascii	"\037\250\316L_\247\356\327\371m$\252\351'd\332\322K"
 107      5FA7EED7 
 107      F96D24AA 
 107      E92764DA 
 107      D24B
 108 01a4 200CF0F8 		.ascii	" \014\360\370t\3261\037\351\325\315\036\313=20\010\033"
 108      74D6311F 
 108      E9D5CD1E 
 108      CB3D3230 
 108      081B
 109 01b6 2D3C86C0 		.ascii	"-<\206\300\020L\207\373^\256\313\254m\220j\330\241\002"
 109      104C87FB 
 109      5EAECBAC 
 109      6D906AD8 
 109      A102
 110 01c8 5325896A 		.ascii	"S%\211j\0365/&\367\2545Il\216\211\015\324?]3\351\314"
 110      1E352F26 
 110      F7AC3549 
 110      6C8E890D 
 110      D43F5D33 
 111 01de D01DD5DD 		.ascii	"\320\035\325\335c}CJ:\256;J\012+\335p\232\216\306c\317"
 111      637D434A 
 111      3AAE3B4A 
 111      0A2BDD70 
 111      9A8EC663 
 112 01f3 3D2E1701 		.ascii	"=.\027\001uV#\205o\365G\335\234\261\336#\375\037\217"
 112      75562385 
 112      6FF547DD 
 112      9CB1DE23 
 112      FD1F8F
 113 0206 DAB7D9DC 		.ascii	"\332\267\331\334\241\027#\254\207Qb\027\354{\206\343"
 113      A11723AC 
 113      87516217 
 113      EC7B86E3 
 114 0216 7A1FBB6E 		.ascii	"z\037\273n\260HSl\"y\322e\364\271\366$k\247\007|Lj\000"
 114      B048536C 
 114      2279D265 
 114      F4B9F624 
 114      6BA7077C 
 115 022d 182334A9 		.ascii	"\030#4\2516\031\\\362_\023\3452p\374\217m7a\0225\223"
 115      36195CF2 
 115      5F13E532 
 115      70FC8F6D 
 115      37611235 
 116 0242 7CA89D49 		.ascii	"|\250\235I\226\272R~Vg\347T\347B,C\021\011\247\3743"
 116      96BA527E 
 116      5667E754 
 116      E7422C43 
 116      1109A7FC 
 117 0257 404C8BF1 		.ascii	"@L\213\361\341;\233\270\005\005\2470\201\2002\366\346"
 117      E13B9BB8 
 117      0505A730 
 117      818032F6 
 117      E6
 118 0268 250825DB 		.ascii	"%\010%\333\336\316\202\256\023\030EV\345\345\347\025"
 118      DECE82AE 
 118      13184556 
ARM GAS  C:\Users\CYIRKO~1\AppData\Local\Temp\cc0qHxOE.s 			page 9


 118      E5E5E715 
 119 0278 1C2A0D16 		.ascii	"\034*\015\026\005\217T\2368\026,/(\346\270<\274k\377"
 119      058F549E 
 119      38162C2F 
 119      28E6B83C 
 119      BC6BFF
 120 028b 3EB33C6C 		.ascii	">\263<l\226\026\226\231e\301\"3\\y\274\2440\0246C%\241"
 120      96169699 
 120      65C12233 
 120      5C79BCA4 
 120      30143643 
 121 02a1 B57047B1 		.ascii	"\265pG\261P\202\0252\024\256@\321/G\266B\266"
 121      50821532 
 121      14AE40D1 
 121      2F47B642 
 121      B6
 122              		.text
 123              		.section	.gnu.lto__reads.5638ed15,"",%progbits
 124 0000 789C9552 		.ascii	"x\234\225R\317KTQ\024\276\347\336\367\346\315\310\314"
 124      CF4B5451 
 124      14BEE7DE 
 124      F7E6CDC8 
 124      CC
 125 0011 F40F48CC 		.ascii	"\364\017H\314\"\021\027\366\010\206\002\303\010Dp]["
 125      221117F6 
 125      088602C3 
 125      0844705D 
 125      5B
 126 0022 376A8203 		.ascii	"7j\202\003NJc\353\2713\243\2236QF9:\346\360\0041\263"
 126      4E4A63EB 
 126      B933A393 
 126      36514639 
 126      3AE6F004 
 127 0038 F2579639 		.ascii	"\362W\2269f1\030\024e\032\371c\345\"(#\244\242B\302"
 127      66311814 
 127      651AF963 
 127      E5222823 
 127      A4A242C2 
 128 004c 85A89D73 		.ascii	"\205\250\235s\337\224\345J\037\274\373\356=\347|\337"
 128      DF94E54A 
 128      1FBCFBEE 
 128      3DE77CDF 
 129 005c 39DF779F 		.ascii	"9\337w\237\3168\363i\214U0\306\374\370\202\316\200\267"
 129      CE38F369 
 129      8C5530C6 
 129      FCF882CE 
 129      80B7
 130 006e CF331671 		.ascii	"\3173\026qr.\226L&\363\264\351\303L\272\005hvX\003\240"
 130      722E964C 
 130      26F3B4E9 
 130      C34CBA05 
 130      68765803 
 131 0083 8D74020B 		.ascii	"\215t\002\013s\241A\030\256\211N\001\357\232G{\304U"
 131      73A14118 
 131      AE894E01 
 131      EF9A477B 
 131      C455
ARM GAS  C:\Users\CYIRKO~1\AppData\Local\Temp\cc0qHxOE.s 			page 10


 132 0095 6109061A 		.ascii	"a\011\006\032\036\177\316u\177\364\322\021\300\207\307"
 132      1E7FCE75 
 132      7FF4D211 
 132      C087C7
 133 00a4 5B72A1CD 		.ascii	"[r\241\315(\032\2202*\263\235?J\257\307Z*,\301Y\012"
 133      281A9032 
 133      2AB39D3F 
 133      4AAFC75A 
 133      2A2CC159 
 134 00b9 ABEF403E 		.ascii	"\253\357@>\014@>\365\036\204\"\254]\234[n7D)0\334\217"
 134      0C403EF5 
 134      1E8422AC 
 134      5D9C5B6E 
 134      37442930 
 135 00cf B7F666DC 		.ascii	"\267\366f\334\205\375\012\267zC\310#\226\020p\027\304"
 135      85FD0AB7 
 135      7A43C823 
 135      96107017 
 135      C4
 136 00e0 BF400C31 		.ascii	"\277@\0141\270\007\205X\276\231XN\272\304i\005\215\364"
 136      B8078558 
 136      BE99584E 
 136      BAC46905 
 136      8DF4
 137 00f2 4F583C07 		.ascii	"OX<\007}\323\241\240\032\334\337\013\325\030\014)\350"
 137      7DD3A1A0 
 137      1ADCDF0B 
 137      D5180C29 
 137      E8
 138 0103 96BC99F4 		.ascii	"\226\274\231\364\2122\005M\315t\254x\376tM*(\207\341"
 138      8A32054D 
 138      CD74AC78 
 138      FE744D2A 
 138      2887E1
 139 0116 BD50CE60 		.ascii	"\275P\316`\004\012\251~\375\373\362\254K\224+\2545\031"
 139      040AA97E 
 139      FDFBF2AC 
 139      4B942BAC 
 139      3519
 140 0128 EBF616F4 		.ascii	"\353\366\026\364)\354|\247\236\222\331f\237%t\030\375"
 140      29EC7CA7 
 140      9E92D966 
 140      9F257418 
 140      FD
 141 0139 1F4E0F56 		.ascii	"\037N\017V\177\030\333\356\36084\030\203\0022\003=x"
 141      7F18DBEE 
 141      F0383418 
 141      83023203 
 141      3D78
 142 014b 000EC0EF 		.ascii	"\000\016\300\357\310\002d\345\366\316%\231}\261\001"
 142      C80264E5 
 142      F6CE2599 
 142      7DB101
 143 015a B7FBAEC0 		.ascii	"\267\373\256\300!P\3558\220T\015\333;tZ\034\264\030"
 143      2150ED38 
 143      90540DDB 
 143      3B745A1C 
ARM GAS  C:\Users\CYIRKO~1\AppData\Local\Temp\cc0qHxOE.s 			page 11


 143      B418
 144 016c 402927C9 		.ascii	"@)'\311q\321\222\007$\312M)\017-\214]Fn\272\265\004"
 144      71D19207 
 144      24CA4D29 
 144      0F2D8C5D 
 144      466EBAB5 
 145 0181 4E8D5FF1 		.ascii	"N\215_\361\011\242\275\237g\271\352\206\275\323\030"
 145      09A2BD9F 
 145      67B9EA86 
 145      BDD318
 146 0190 5E83E8D4 		.ascii	"^\203\350\324\332\246\237BiAW\230l\231yk\320\025\352"
 146      DAA69F42 
 146      69415798 
 146      6C99796B 
 146      D015EA
 147 01a3 4AD8C6CB 		.ascii	"J\330\306\313\327\255n\013\322\021)%*2\020\003\343\244"
 147      D7AD6E0B 
 147      D2112925 
 147      2A321003 
 147      E3A4
 148 01b5 0473FDAB 		.ascii	"\004s\375\253\321a\303\034\222v\212\303C\260\240\213"
 148      D161C31C 
 148      92768AC3 
 148      43B0A08B 
 149 01c5 E4307804 		.ascii	"\3440x\004\246\242~Ul3\353\007\244\232PTd\011<VT\261"
 149      A6A27E55 
 149      6C33EB07 
 149      A49A5054 
 149      64093C56 
 150 01db AE789B6E 		.ascii	"\256x\233ns\321\240\310\310V\241y\376\271\377o\314P"
 150      73D1A0C8 
 150      C856A179 
 150      FEB9FF6F 
 150      CC50
 151 01ed EE26F0B7 		.ascii	"\356&\360\267X2\225\322\365\223J(z\224&30\245\345\\"
 151      583295D2 
 151      F5934A28 
 151      7A942633 
 151      30A5E55C 
 152 0201 B0EF308D 		.ascii	"\260\3570\215\374J\376\326\031\233\304y\240!5\230TC"
 152      FC4AFED6 
 152      199BC479 
 152      A0213598 
 152      5443
 153 0213 721A3263 		.ascii	"r\0322c\017\331\023\0374l.\027\322\321\220_ \336\353"
 153      0FD9131F 
 153      346C2E17 
 153      D2D1905F 
 153      20DEEB
 154 0226 A5101164 		.ascii	"\245\020\021d2_W\214\360\226tZ\302\231\"u0\005a\226"
 154      325F578C 
 154      F096745A 
 154      C2992275 
 154      30056196 
 155 023a 1679AA1E 		.ascii	"\026y\252\036,\341\262\007\332>e\223\270\3675P1\031"
 155      2CE1B207 
 155      DA3E6593 
ARM GAS  C:\Users\CYIRKO~1\AppData\Local\Temp\cc0qHxOE.s 			page 12


 155      B8F73550 
 155      3119
 156 024c F664D7B0 		.ascii	"\366d\327\260i{\226d\034l\026\017R#\027Q']\024\332?"
 156      697B9664 
 156      1C6C160F 
 156      52231751 
 156      275D14DA 
 157 0261 EBD35DD6 		.ascii	"\353\323]\326g`\"\025\373\206\306\356,\346\230)\361"
 157      67602215 
 157      FB86C6EE 
 157      2CE69829 
 157      F1
 158 0272 0B90DCE0 		.ascii	"\013\220\334\340\250\302!\272\337\013\374\347\200\\"
 158      A8C221BA 
 158      DF0BFCE7 
 158      805C
 159 0280 46574ACA 		.ascii	"FWJ\312K*\313\352\002\325\201\263M\027\317\005\032*"
 159      4B2ACBEA 
 159      02D581B3 
 159      4D17CF05 
 159      1A2A
 160 0292 6B68DF10 		.ascii	"kh\337\020:v\342\270\331\0202\353\252\352\315\372@\265"
 160      3A76E2B8 
 160      D91032EB 
 160      AAEACDFA 
 160      40B5
 161 02a4 196ABA50 		.ascii	"\031j\272P[\025\014\231\301\332`n{\264\206\361@#\257"
 161      5B150C99 
 161      C1DA606E 
 161      7BB486F1 
 161      4023AF
 162 02b7 6E84F322 		.ascii	"n\204\363\"\030j\374\015\202\007V\365"
 162      186AFC0D 
 162      820756F5 
 163              		.text
 164              		.section	.gnu.lto__writes.5638ed15,"",%progbits
 165 0000 789C9552 		.ascii	"x\234\225R\337KSQ\034?\337s\356\335\335\326\266\376"
 165      DF4B5351 
 165      1C3FDF73 
 165      EEDDDDD6 
 165      B6FE
 166 0012 01291F92 		.ascii	"\001)\037\222\341C^\002\2510\204@\004\337{\365\305\231"
 166      E1435E02 
 166      A9308440 
 166      04DF7BF5 
 166      C599
 167 0024 E0C0A534 		.ascii	"\340\300\2454{\336q\352\262\2042\312\351\314q\205\030"
 167      7BDE71EA 
 167      B28432CA 
 167      E9CC7185 
 167      18
 168 0035 56E6AF2C 		.ascii	"V\346\257,uj1,\210\014\215\324\275hO\245\017C#\"\252"
 168      756A312C 
 168      880C8DD4 
 168      BD684FA5 
 168      0F432322 
 169 004a 8750FB7E 		.ascii	"\207P\373~\317\035Y>\351`\347\236\373\375~?\237\363"
ARM GAS  C:\Users\CYIRKO~1\AppData\Local\Temp\cc0qHxOE.s 			page 13


 169      CF1D593E 
 169      E960E79E 
 169      FBFD7E3F 
 169      9FF3
 170 005c F97CCED5 		.ascii	"\371|\316\325\031g'5\306\252\030c\245\370\007\235\001"
 170      19672735 
 170      C6AA1863 
 170      A5F8079D 
 170      01
 171 006d EF5A62AC 		.ascii	"\357Zb\254\305\311\271X5\231tks'\230\364\010\320\354"
 171      C5C9B958 
 171      3599746B 
 171      732798F4 
 171      08D0EC
 172 0080 B206401B 		.ascii	"\262\006@\033\351\004\026\341B\203\010\334\026=\002"
 172      E90416E1 
 172      428308DC 
 172      163D02
 173 008f 3EB48DF5 		.ascii	">\264\215\365\213[\302\022\0144|\375\266\330\367\331"
 173      8B5BC212 
 173      0C347CFD 
 173      B6D8F7D9 
 174 009f 47AF0085 		.ascii	"G\257\000\205\370z_.\3370\212\007\245\214\312L\317\\"
 174      F87A5F2E 
 174      DF308A07 
 174      A58CCA4C 
 174      CF5C
 175 00b1 F99DD6F6 		.ascii	"\371\235\326\366*Kp\226\300\351\207P\000\203P@g?\202"
 175      2A4B7096 
 175      C0E98750 
 175      00835040 
 175      673F82
 176 00c4 629C5D59 		.ascii	"b\234]Y\314v\031\242\034\030\356':\006\322\036\177J"
 176      CC7619A2 
 176      1C18EE27 
 176      3A06D21E 
 176      7F4A
 177 00d6 E1B6EF0A 		.ascii	"\341\266\357\012y\312\022\002\036\203\370\027\210%\006"
 177      79CA1202 
 177      1E83F817 
 177      882506
 178 00e5 43E0C7F1 		.ascii	"C\340\307\361\337\235\331\270K\\T\320\226\324\244\305"
 178      DF9DD9B8 
 178      4B5C54D0 
 178      96D4A4C5 
 179 00f5 F3D0D771 		.ascii	"\363\320\327q\005\325\340\311A\250\306`XAw\344\275\270"
 179      05D5E0C9 
 179      41A8C660 
 179      584177E4 
 179      BDB8
 180 0107 4F542868 		.ascii	"OT(hb\276{\335\233\207~\354QP\016#\007\241\234\301("
 180      62BE7BDD 
 180      9B877EEC 
 180      51500E23 
 180      07A19CC1 
 181 011c F869FEFB 		.ascii	"\370i\376\373\327\354;\227\250TXk\272\265\317W\364@"
 181      D7EC3B97 
ARM GAS  C:\Users\CYIRKO~1\AppData\Local\Temp\cc0qHxOE.s 			page 14


 181      A854586B 
 181      BAB5CF57 
 181      F440
 182 012e 6177BBF5 		.ascii	"aw\273\365\204\314\264\025ZB\207\261\377\341\364\303"
 182      84CCB415 
 182      5A4287B1 
 182      FFE1F4C3 
 183 013e E94FE3BB 		.ascii	"\351O\343\273\335^\207\006\343PDa`\006O\301\001\370"
 183      DD5E8706 
 183      E3504461 
 183      60064FC1 
 183      01F8
 184 0150 1C5D868C 		.ascii	"\034]\206\214\334\335\273.3?7ap\366\330qP\247q \247"
 184      DCDDBB2E 
 184      333F3761 
 184      70F6D871 
 184      50A77120 
 185 0165 1A9EEED0 		.ascii	"\032\236\356\320iq\320b\000\265\234\2705\\\264\270\201"
 185      6971D062 
 185      00B59CB8 
 185      355CB4B8 
 185      81
 186 0176 3C79A8E5 		.ascii	"<y\250\345\245\205\261\233HM\227\326\211\242\361)6!"
 186      A585B19B 
 186      484D97D6 
 186      89A2F129 
 186      3621
 187 0188 3AB0B7C0 		.ascii	":\260\267\300\325axt\022\3139\210\316\344r\245TJ\012"
 187      D5617874 
 187      12CB3988 
 187      CEE472A5 
 187      544A0A
 188 019b BAC178FB 		.ascii	"\272\301x\373\374{\203nPW\276~\275Y\350\360X\220l\221"
 188      FC7B836E 
 188      5057BE7E 
 188      BD59E8F0 
 188      58906C91 
 189 01af 52A22127 		.ascii	"R\242!'b`\202\214`/\265\021\0351\314ai\2678<\003\013"
 189      6260828C 
 189      602FB511 
 189      1D31CC61 
 189      69B7383C 
 190 01c5 7AC90D83 		.ascii	"z\311\015\203\347`*\352\267%6\263~D\252IEE\211\300\224"
 190      E7602AEA 
 190      B72536B3 
 190      7E44AA49 
 190      454589C0 
 191 01da A26AED8D 		.ascii	"\242j\355\215%t\233\213\204\"#\333\200\266\245W\245"
 191      25749B8B 
 191      842223DB 
 191      80B6A557 
 191      A5
 192 01eb 7F6B860A 		.ascii	"\177k\206\012\267\023\277\212US9\035\272\240\214bFI"
 192      B713BF8A 
 192      5553391D 
 192      BAA08C62 
 192      4649
ARM GAS  C:\Users\CYIRKO~1\AppData\Local\Temp\cc0qHxOE.s 			page 15


 193 01fd 0A035B5A 		.ascii	"\012\003[Z>\005\373\012\223\310\257\354o\225\331$\316"
 193      3E05FB0A 
 193      93C8AFEC 
 193      6F95D924 
 193      CE
 194 020e 23893460 		.ascii	"#\2114`Z\211\344$2m\213\354\217\345\362\"]I\302\352"
 194      5A89E424 
 194      326D8BEC 
 194      8FE5F222 
 194      5D49C2EA 
 195 0222 6C0B6203 		.ascii	"l\013b\003>*\021A:\275\275nDv\244\323\022\256\004\271"
 195      3E2A1141 
 195      3ABDBD6E 
 195      4476A4D3 
 195      12AE04B9 
 196 0236 83198830 		.ascii	"\203\031\21005\354F5\226p\333\202\266\317\333$\236C"
 196      35EC4635 
 196      9670DB82 
 196      B6CFDB24 
 196      9E43
 197 0248 093A4D81 		.ascii	"\011:M\201\315\356\0076gk\211\307\300f\361\"5r\021u"
 197      CDEE0736 
 197      676B89C7 
 197      C066F122 
 197      35721175 
 198 025c DC45A5C3 		.ascii	"\334E\245\303\263\276\330g}\011&R\261/\030\354\324J"
 198      B3BED867 
 198      7D092652 
 198      B12F18EC 
 198      D44A
 199 026e 9E991A3F 		.ascii	"\236\231\032?\000\311\015\216.\034bmM\3407\007\2242"
 199      00C90D8E 
 199      2E1C626D 
 199      4DE03707 
 199      9432
 200 0280 A6525659 		.ascii	"\246RVYV]Q\037\014\004/5_\273\034l\254\256\245}c\370"
 200      565D511F 
 200      0C042F35 
 200      5FBB1C6C 
 200      ACAEA57D 
 201 0296 CCB9B366 		.ascii	"\314\271\263fc\330\254\257i0\033\202\0013\334|\265\256"
 201      63D8ACAF 
 201      69301B82 
 201      0133DC7C 
 201      B5AE
 202 02a8 26143643 		.ascii	"&\0246Cu\241\374\266\244\226\361`\023\0174\301\025\021"
 202      75A1FCB6 
 202      A496F160 
 202      130F34C1 
 202      1511
 203 02ba 0A37FD01 		.ascii	"\0127\375\001\204\237Vj"
 203      849F566A 
 204              		.text
 205              		.section	.gnu.lto_msObjectInit.5638ed15,"",%progbits
 206 0000 789C9D93 		.ascii	"x\234\235\223Mh\023A\024\307\347\277\263\311&\332\006"
 206      4D681341 
 206      14C7E7BF 
ARM GAS  C:\Users\CYIRKO~1\AppData\Local\Temp\cc0qHxOE.s 			page 16


 206      B3C926DA 
 206      06
 207 0011 0F1E447B 		.ascii	"\017\036D{\350A\010\275\270xQ(x\020\021{\021\004\257"
 207      E84108BD 
 207      B8785128 
 207      7810117B 
 207      1104AF
 208 0024 BD3435A5 		.ascii	"\27545\245\301\206H\267\275\210\220m\332\032\251\020"
 208      C18648B7 
 208      BD88906D 
 208      DA1AA910 
 209 0034 155B5B43 		.ascii	"\025[[C\343\026%F\255I?\374\254\261&\006Tl\253\242\330"
 209      E3162546 
 209      AD493FFC 
 209      ACB12606 
 209      546CABA2 
 210 0049 83F805B6 		.ascii	"\203\370\005\266\024#\210H\205B\321\3067\223\024\264"
 210      14238848 
 210      8542D1C6 
 210      379314B4 
 211 0059 783103C3 		.ascii	"x1\003\303\274\231}\377\337{\363\336\254\215)l\2203"
 211      BC997DFF 
 211      DF7BF3DE 
 211      AC8D296C 
 211      9033
 212 006b 768031B6 		.ascii	"v\2001\266\205&8\203r\3729c\035\016\005\020\206\351"
 212      85263883 
 212      72FA3963 
 212      1D0E0510 
 212      86E9
 213 007d 000B2A08 		.ascii	"\000\013*\010\342\024\357\347\310\205\027&\224\232\204"
 213      E214EFE7 
 213      C8851726 
 213      949A84
 214 008c 4923DB7F 		.ascii	"I#\333\177A;nvo\262H~\236\246\030H\240\206\274^v\215"
 214      413B6E76 
 214      6FB2487E 
 214      9EA61848 
 214      A086BC5E 
 215 00a2 0EF208B7 		.ascii	"\016\362\010\2678\240\322\366\373\263\350\234Kl\025"
 215      38A0D2F6 
 215      FBB3E89C 
 215      4B6C15
 216 00b1 54D376F1 		.ascii	"T\323v\361\333\354\264\223\357\002#\373Zo\322\345\216"
 216      DBECB493 
 216      EF0223FB 
 216      5A6FD2E5 
 216      8E
 217 00c2 9B66C8CC 		.ascii	"\233f\310\314\316\364rs\253\305\351\014\234x\270\212"
 217      CEF47273 
 217      ABC5E90C 
 217      9C78B88A 
 218 00d2 2A5C4115 		.ascii	"*\\A\025\243#\206a\270\311;\321\225~\343\344\273\245"
 218      A3238661 
 218      B8C93BD1 
 218      957EE3E4 
 218      BBA5
ARM GAS  C:\Users\CYIRKO~1\AppData\Local\Temp\cc0qHxOE.s 			page 17


 219 00e4 F2F5422C 		.ascii	"\362\365B,QQ\222\376\354\223R\025\327\327JU\206\244"
 219      515192FE 
 219      EC935215 
 219      D7D74A55 
 219      86A4
 220 00f6 945EEC98 		.ascii	"\224^\354\230\235\256\344uR\032NN\346W\243>\216m<\333"
 220      9DAEE475 
 220      521A4E4E 
 220      E657A33E 
 220      8E6D3CDB 
 221 010a 69D659DC 		.ascii	"i\326Y\334\206\324Z\261\215aD\212\227\022\271G*\337"
 221      86D45AB1 
 221      8D61448A 
 221      9712B947 
 221      2ADF
 222 011c 2FC51FA7 		.ascii	"/\305\037\247\"g\326\255\306-\246l\303\350?\244cp\013"
 222      2267D6AD 
 222      C62DA66C 
 222      C3E83FA4 
 222      63700B
 223 012f FF4F632B 		.ascii	"\377Oc+}\225v\265X\"\214\303\016ZG^!k\256\024\302fv"
 223      7D9576B5 
 223      58228CC3 
 223      0E5A475E 
 223      216BAE14 
 224 0146 3E8ECCBE 		.ascii	">\216\314\276\365Tk\272\241\012\221\254\035\"\252\003"
 224      F5546BBA 
 224      A10A91AC 
 224      1D22AA03 
 225 0156 12C07A48 		.ascii	"\022\300zH&\332p\222+b\345y\204\226\303\311\3641A\""
 225      26DA7092 
 225      2B62E579 
 225      8496C3C9 
 225      F4314122 
 226 016a FAB9EEDC 		.ascii	"\372\271\356\334\013M\224\226\313\344\226\236L\235\250"
 226      0B4D9496 
 226      CBE4969E 
 226      4C9DA8
 227 0179 B010EBA0 		.ascii	"\260\020\353\240\376\014m\266\270=F5\277A\031\211\217"
 227      FE0C6DB6 
 227      B83D4635 
 227      BF411989 
 227      8F
 228 018a F1F9504A 		.ascii	"\361\371PJ\323\223\242w\325\026\327p\023\026\006d\343"
 228      D393A277 
 228      D516D770 
 228      13160664 
 228      E3
 229 019b 700BFA9F 		.ascii	"p\013\372\2370M\302:\2273\213\256\340/\223:\254]\022"
 229      304DC23A 
 229      97338BAE 
 229      E02F933A 
 229      AC5D12
 230 01ae 7E74F634 		.ascii	"~t\3664:|X\3607X\334\201;\364*n\227\340\205/\343)'9"
 230      3A7C58F0 
 230      3758DC81 
 230      3BF42A6E 
ARM GAS  C:\Users\CYIRKO~1\AppData\Local\Temp\cc0qHxOE.s 			page 18


 230      97E0852F 
 231 01c6 0F50E0CB 		.ascii	"\017P\340\313\020\210\273\204'\364\004\202\214\222\216"
 231      1088BB84 
 231      27F40482 
 231      8C928E
 232 01d5 E6DFCE69 		.ascii	"\346\337\316i\245\244\377#K\025\367d\226\242hHC\217"
 232      A5A4FF23 
 232      4B15F764 
 232      96A26848 
 232      438F
 233 01e7 514725ED 		.ascii	"QG%\355]94\033\356K\232\"h\223\202f/\322\336\227G{ "
 233      5D39341B 
 233      EE4B9A22 
 233      68938266 
 233      2FD2DE97 
 234 01fe 69B2B119 		.ascii	"i\262\261\031As\010\332\217\317\037\312\243e%M\025\264"
 234      417308DA 
 234      8FCF1FCA 
 234      A365254D 
 234      15B4
 235 0210 877FF7C3 		.ascii	"\207\177\367\303\006\206\034\251\276\"4T\210@\300\345"
 235      06861CA9 
 235      BE223454 
 235      8840C0E5 
 236 0220 EFD64375 		.ascii	"\357\326Cu\241GA\327\251\335[[\277\247\331\347\361\035"
 236      A14741D7 
 236      A9DD5B5B 
 236      BFA7D9E7 
 236      F11D
 237 0232 6C6B3FE4 		.ascii	"lk?\344\013\3247\012;`l\337\271C\017\030zsC\213\336"
 237      0BD4370A 
 237      3B606CDF 
 237      B9430F18 
 237      7A73438B 
 238 0247 E2F3E846 		.ascii	"\342\363\350F[\253\267\301o\350~\257\277dnkd\334o\034"
 238      5BABB7C1 
 238      6FE87EAF 
 238      BF646E6B 
 238      64DC6F1C 
 239 025b B17BDA9B 		.ascii	"\261{\332\233\232\274\255\252\341;\352\345\336\200\361"
 239      9ABCADAA 
 239      E13BEAE5 
 239      DE80F1
 240 026a 1B600B46 		.ascii	"\033`\013F\244"
 240      A4
 241              		.text
 242              		.section	.gnu.lto_vmt.5638ed15,"",%progbits
 243 0000 789C6365 		.ascii	"x\234ce`b\230\305\300\300`\303\000\001\323\231\031w"
 243      606298C5 
 243      C0C060C3 
 243      0001D399 
 243      1977
 244 0012 EE7C739B 		.ascii	"\356|s\233\275\376oCGC\303\203\356\365\314\035\314\363"
 244      BDFE6F43 
 244      4743C383 
 244      EEF5CC1D 
 244      CCF3
ARM GAS  C:\Users\CYIRKO~1\AppData\Local\Temp\cc0qHxOE.s 			page 19


 245 0024 99196632 		.ascii	"\231\031f2c\310-x\005\224`\234\311\314\210!\261\012"
 245      63C82D78 
 245      0594609C 
 245      C9CC8821 
 245      B10A
 246 0036 28C13493 		.ascii	"(\3014\223\231\011C\342\031\323|f\346\231\314\314`\211"
 246      990943E2 
 246      19D37C66 
 246      E699CCCC 
 246      6089
 247 0048 AFCF9EEC 		.ascii	"\257\317\236\354\347\260\330\326\320\261\240\301a>3"
 247      E7B0D8D6 
 247      D0B1A0C1 
 247      613E33
 248 0057 CB0C6606 		.ascii	"\313\014f\006\306U\214\3653\230\031\031W\202(&\306\025"
 248      C6558CF5 
 248      33981919 
 248      57822826 
 248      C615
 249 0069 208A9971 		.ascii	" \212\231q9c=\003\343jF\013\006+W\253\030\347\214\314"
 249      39633D03 
 249      E36A460B 
 249      062B57AB 
 249      18E78CCC 
 250 007d A4CCE092 		.ascii	"\244\314\340\222\322\224\314\374\230d\020;\277\330\320"
 250      D294CCFC 
 250      9864103B 
 250      BFD8D0
 251 008c DC4C3FBF 		.ascii	"\334L?\277X?#1G?'3I\277\270\244(51\267X?75\027\312\324"
 251      583F2331 
 251      473F2733 
 251      49BFB8A4 
 251      283531B7 
 252 00a7 4B660000 		.ascii	"Kf\000\000\320_O\320"
 252      D05F4FD0 
 253              		.text
 254              		.section	.gnu.lto_.symbol_nodes.5638ed15,"",%progbits
 255 0000 789C5DC9 		.ascii	"x\234]\311\273\015\2000\020\203a\307G\262\006\022\223"
 255      BB0D8030 
 255      108361C7 
 255      47B20612 
 255      93
 256 0011 C0647715 		.ascii	"\300dw\025%b\000\036\201)\020\035\0130\005%C\020\201"
 256      2562001E 
 256      8129101D 
 256      0B300525 
 256      431081
 257 0024 68E2E697 		.ascii	"h\342\346\227>{\020\035\3228Q\201\376\004R\266xXH6S"
 257      3E7B101D 
 257      D2385181 
 257      FE0452B6 
 257      78584836 
 258 0039 5D6E2395 		.ascii	"]n#\225\271\015T\311m\241\026\277\355\326\000>\022V"
 258      B90D54C9 
 258      6DA116BF 
 258      EDD6003E 
 258      1256
ARM GAS  C:\Users\CYIRKO~1\AppData\Local\Temp\cc0qHxOE.s 			page 20


 259 004b 01E256AA 		.ascii	"\001\342V\252\177/\300\254N\302\200\253\275K\221\257"
 259      7F2FC0AC 
 259      4EC280AB 
 259      BD4B91AF 
 260 005b 7800EC02 		.ascii	"x\000\354\002%\242"
 260      25A2
 261              		.text
 262              		.section	.gnu.lto_.refs.5638ed15,"",%progbits
 263 0000 789C05C1 		.ascii	"x\234\005\301\261\001\000\000\010\303\2404\332\335\377"
 263      B1010000 
 263      08C3A034 
 263      DADDFF
 264 000f AF158A1C 		.ascii	"\257\025\212\034\220\265\331:*\206\007\003e\000<"
 264      90B5D93A 
 264      2A860703 
 264      65003C
 265              		.text
 266              		.section	.gnu.lto_.decls.5638ed15,"",%progbits
 267 0000 789CAD57 		.ascii	"x\234\255WkPTW\022\276}\3170\003\303\000\226\272\226"
 267      6B505457 
 267      12BE7DCF 
 267      3003C300 
 267      96BA96
 268 0013 C9F283B8 		.ascii	"\311\362\203\270\244\226?\001\321\252\270e\355\017\267"
 268      A4963F01 
 268      D1AAB865 
 268      ED0FB7
 269 0022 ACDD6C7E 		.ascii	"\254\335l~\020\2526\321\374X\252fy\0142[\314\014\313"
 269      10AA36D1 
 269      FC58AA66 
 269      790C325B 
 269      CC0CCB
 270 0035 0C9BB8BF 		.ascii	"\014\233\270\277. \212\250\021A\236\"\0204\276\360\201"
 270      2E208AA8 
 270      11419E22 
 270      1034BEF0 
 270      81
 271 0046 4A50832C 		.ascii	"JP\203,\343\003DE\236\212Q@DQV\202\002b@Da\373\234s"
 271      E3034445 
 271      9E8A5140 
 271      44515682 
 271      02624044 
 272 005e 67E6320E 		.ascii	"g\3462\016\331\255Tn\331\334{\372v\177\335\375\235>"
 272      D9AD546E 
 272      D9DC7BFA 
 272      767FDDFD 
 272      9D3E
 273 0070 7D472F41 		.ascii	"}G/A\024\342\003\004\301\237\010\302\337DA\230\305K"
 273      14E20304 
 273      C19F08C2 
 273      DF444198 
 273      C54B
 274 0082 2308C231 		.ascii	"#\010\3021\301u\251Q\032P\256\242\334B\351E\321\202"
 274      C175A951 
 274      1A50AEA2 
 274      DC42E945 
 274      D182
ARM GAS  C:\Users\CYIRKO~1\AppData\Local\Temp\cc0qHxOE.s 			page 21


 275 0094 20BC8B82 		.ascii	" \274\213\202\377\204_\2030\347\332\206k-\336\027\242"
 275      FF845F83 
 275      30E7DA86 
 275      6B2DDE17 
 275      A2
 276 00a5 2C46B984 		.ascii	",F\271\204\262\016\345\024\212\006\337E\342\275\235"
 276      B20EE514 
 276      8A06DF45 
 276      E2BD9D
 277 00b4 E2E2732B 		.ascii	"\342\342s+\336\011u\302\347\031\274\2112f\203\360\366"
 277      DE0975C2 
 277      E719BC89 
 277      326683F0 
 277      F6
 278 00c5 953B0F2E 		.ascii	"\225;\017.\305\244\330\236p)\346\033\005\356U\017\270"
 278      C5A4D89E 
 278      7029E61B 
 278      05EE550F 
 278      B8
 279 00d6 956EB8AD 		.ascii	"\225n\270\2552n\273\"_\212\031\210\262\014\336\306\025"
 279      326EBB22 
 279      5F8A1988 
 279      B20CDEC6 
 279      15
 280 00e7 655EDE85 		.ascii	"e^\336\205\267\261kQ\347\353\001\373\216\007.\224\370"
 280      B7B16B51 
 280      E7EB01FB 
 280      8E072E94 
 280      F8
 281 00f8 4A3E4499 		.ascii	"J>D\231sO\370\277\302\227>x_\257\210Aq\333\345X\024"
 281      734FF8BF 
 281      C2973E78 
 281      5FAF8841 
 281      71DBE558 
 282 010d 770AEF2F 		.ascii	"w\012\357/Q\274(,pL\007\376\033\376\310\366\323\323"
 282      51BC282C 
 282      704C07FE 
 282      1BFEC8F6 
 282      D3D3
 283 011f 5EAE12B9 		.ascii	"^\256\022\271\337\030\312\023\224\037P\236\312x*\224"
 283      DF18CA13 
 283      941F509E 
 283      CA782A94 
 284 012f 49947194 		.ascii	"I\224q\224\027(\023\262\216r\334 \270z\305\375* P\263"
 284      172813B2 
 284      8E72DC20 
 284      B87AC5FD 
 284      2A2050B3 
 285 0143 E3729D78 		.ascii	"\343r\235x\017z\000\341a\001\323\002\360\277\300\204"
 285      0F7A00E1 
 285      6101D302 
 285      F0BFC084 
 286 0153 2D671D17 		.ascii	"-g\035\027\000\323\243V\024\344D\035*px\310kQ^\2122"
 286      00D3A356 
 286      14E4441D 
 286      2A7078C8 
 286      6B515E8A 
ARM GAS  C:\Users\CYIRKO~1\AppData\Local\Temp\cc0qHxOE.s 			page 22


 287 0168 24FB273B 		.ascii	"$\373';\203\002\221\277\346\221\034\027\347\202?07\207"
 287      830291BF 
 287      E6911C17 
 287      E7823F30 
 287      3787
 288 017a 3788AE00 		.ascii	"7\210\256\000\000J\007\005 O[~\357\314Op\025\007\216"
 288      004A0705 
 288      204F5B7E 
 288      EFCC4F70 
 288      15078E
 289 018d EAC78A9A 		.ascii	"\352\307\212\232\037k\373\240\227j\313\327\000\323]"
 289      1F6BFBA0 
 289      976ACBD7 
 289      00D35D
 290 019c A92BB91C 		.ascii	"\251+\271\034@pk\360\271o\352\320\237B\217J\374\362"
 290      40706BF0 
 290      B96FEAD0 
 290      9F428F4A 
 290      FCF2
 291 01ae D6B8683B 		.ascii	"\326\270h;\2211p\330\373+\002\201Z\230\005\272\036>"
 291      913170D8 
 291      FB2B0281 
 291      5A9805BA 
 291      1E3E
 292 01c0 37E5C7D7 		.ascii	"7\345\307\327\364u\265}\374\230\212,\240\317bM\365@"
 292      F475B57D 
 292      FC988A2C 
 292      A0CF624D 
 292      F540
 293 01d2 B11642B4 		.ascii	"\261\026B\264\007(\206\375\366\370\222\263\222\264\000"
 293      072886FD 
 293      F6F892B3 
 293      92B400
 294 01e1 4E80168E 		.ascii	"N\200\026\216\001\201#\020J\023\012\244m\237)Ii\322"
 294      01812310 
 294      4A130AA4 
 294      6D9F2949 
 294      69D2
 295 01f3 68854496 		.ascii	"h\205D\226\012\2602\020\226\007\012p\034B(&\265\202"
 295      0AB03210 
 295      96070A70 
 295      1C422826 
 295      B582
 296 0205 A3100895 		.ascii	"\243\020\010\225\020H\361\017\227\035\272\354GR\201"
 296      1048F10F 
 296      971DBAEC 
 296      475281
 297 0214 0528CABB 		.ascii	"\005(\312\273P\355\357\014\320zx\331\351\014I\022\341"
 297      50EDEF0C 
 297      D07A78D9 
 297      E90C4912 
 297      E1
 298 0225 1446A872 		.ascii	"\024F\250rE\300\200\236C\234\364\034b\354\312@\036\250"
 298      45C0809E 
 298      439CF41C 
 298      62ECCA40 
 298      1EA8
ARM GAS  C:\Users\CYIRKO~1\AppData\Local\Temp\cc0qHxOE.s 			page 23


 299 0237 685750A0 		.ascii	"hWP\240\030\025\325\215\357)\251\366b\272u:8\015L\327"
 299      1815D58D 
 299      EF29A9F6 
 299      62BA753A 
 299      380D4CD7 
 300 024b 303B690F 		.ascii	"0;i\017\300\312\027jA\304e\307h\363^_\\.\326\302\002"
 300      C0CA176A 
 300      41C465C7 
 300      68F35E5F 
 300      5C2ED6C2 
 301 0260 5C66EC38 		.ascii	"\\f\3548V\240\305\245\032y\242\003\015U\003\243\257"
 301      56A0C5A5 
 301      1A79A203 
 301      0D5503A3 
 301      AF
 302 0271 6A545C45 		.ascii	"jT\\E\023\376\022U{\213zN\372\223G\254\034h\337TUB8"
 302      13FE1255 
 302      7B8B7A4E 
 302      FA9347AC 
 302      1C68DF54 
 303 0288 A08AE671 		.ascii	"\240\212\346q\243\370\241?\007\014\302b\207\373\267"
 303      A3F8A13F 
 303      070CC262 
 303      87FBB7
 304 0297 6679BBD8 		.ascii	"fy\273\330<\375\333\324-\264\330:\314\361\234\253X\265"
 304      3CFDDBD4 
 304      2DB4D83A 
 304      CCF19CAB 
 304      58B5
 305 02a9 5CAB2465 		.ascii	"\\\253$e\247K>\177\026\240\026\013\373\016\013\203\363"
 305      A74B3E7F 
 305      16A0160B 
 305      FB0E0B83 
 305      F3
 306 02ba 58AD5AAE 		.ascii	"X\255Z\256\366,*\317\360j\237O\215V\253\310\010'4\253"
 306      F62C2ACF 
 306      F06A9F4F 
 306      8D56ABC8 
 306      082734AB 
 307 02ce FFF99B00 		.ascii	"\377\371\233\000\320\206x\004\260{\000p0\277\342[\306"
 307      D0867804 
 307      B07B0070 
 307      30BFE25B 
 307      C6
 308 02df 7C3D26F3 		.ascii	"|=&\363oW2u\214y\014r{{g\267\232L\362 SCM\307|\235\205"
 308      6F573275 
 308      8C790C72 
 308      7B7B67B7 
 308      9A4CF220 
 309 02fa 8CD40717 		.ascii	"\214\324\007\027\276\222\244 \270\204\276\027\\\276"
 309      BE92A420 
 309      B884BE17 
 309      5CBE
 310 0308 F5306F25 		.ascii	"\3650o%\027=WR5\224\375\215ni>\353\330ti\201\310\020"
 310      173D5752 
 310      3594FD8D 
 310      6E693EEB 
ARM GAS  C:\Users\CYIRKO~1\AppData\Local\Temp\cc0qHxOE.s 			page 24


 310      D8746981 
 311 031e 6BF0FDB7 		.ascii	"k\360\375\267\370^\200\313\260\024\377V\203\212\247"
 311      F85E80CB 
 311      B014FF56 
 311      838AA7
 312 032d 943F5D92 		.ascii	"\224?]\222\003\313\312%\373}\311>\373}H\341\371\001"
 312      03CBCA25 
 312      FB7DC93E 
 312      FB7D48E1 
 312      F901
 313 033f 49D2AAA8 		.ascii	"I\322\252\250\025\034ve\201\217\370\367\020\364\001"
 313      151C7665 
 313      818FF8F7 
 313      10F401
 314 034e 1C847B78 		.ascii	"\034\204{x\230\032`\031:ozP\231\341M\322\010\333\266"
 314      981A6019 
 314      3A6F7A50 
 314      99E14DD2 
 314      08DBB6
 315 0361 E347A7AB 		.ascii	"\343G\247\253\264\216\336\340\355r<\373\351\222\371"
 315      B48EDEE0 
 315      ED723CFB 
 315      E992F9
 316 0370 33696299 		.ascii	"3ib\231\\qdb\377qx\215\234\310\203w\212${\232D\251D"
 316      5C716462 
 316      FF71788D 
 316      9CC88377 
 316      8A247B9A 
 317 0387 23687425 		.ascii	"#ht%\322\350\236\310U\226Hc\367\340\224\232l\341\211"
 317      D2E89EC8 
 317      55964863 
 317      F7E0949A 
 317      6CE189
 318 039a F4361DAE 		.ascii	"\3646\035\256\244\375\023\311[.@q:#\371\351\334?5rF"
 318      A4FD13C9 
 318      5B2E4071 
 318      3A23F9E9 
 318      DC3F3572 
 319 03af 474DE83E 		.ascii	"GM\350>\264\327=\355w5\324\310\320\262\332{t\037Z1\327"
 319      B4D73DED 
 319      7735D4C8 
 319      D0B2DA7B 
 319      741F5A31 
 320 03c4 1BAEC091 		.ascii	"\033\256\300\221\316\303\343\276\015-\270\015\221\362"
 320      CEC3E3BE 
 320      0D2DB80D 
 320      91F2
 321 03d2 3634A3F2 		.ascii	"64\243\362:\337\206\322\213#\251:FG\253\363\370tN\347"
 321      3ADF86D2 
 321      8B23A93A 
 321      4647ABF3 
 321      F8744EE7 
 322 03e6 8C89BA2C 		.ascii	"\214\211\272,'\012;Y\016 \001\332A'O\227\226\027\327"
 322      270A3B59 
 322      0E2001DA 
 322      41274F97 
 322      9617D7
ARM GAS  C:\Users\CYIRKO~1\AppData\Local\Temp\cc0qHxOE.s 			page 25


 323 03f9 27FC9833 		.ascii	"'\374\2303\352\240\215\037\264\322\207\007\352\235\207"
 323      EAA08D1F 
 323      B4D28707 
 323      EA9D87
 324 0408 AF83EB9A 		.ascii	"\257\203\353\232'2.\210J\212[\347P|\223Q\334\351\240"
 324      27322E88 
 324      4A8A5BE7 
 324      507C9351 
 324      DCE9A0
 325 041b 7867EB8D 		.ascii	"xg\353\215\016o\347f\007M\356\333,\265\241\343\032f"
 325      0E6FE766 
 325      074DEEDB 
 325      2CB5A1E3 
 325      1A66
 326 042d 08D75CD5 		.ascii	"\010\327\\\325^s\247\371\026\243\271\363\310\371\004"
 326      5E73A7F9 
 326      16A3B9F3 
 326      C8F904
 327 043c F28AB3EC 		.ascii	"\362\212\263\354\251\276\332\261\361\347\240\225GL\346"
 327      A9BEDAB1 
 327      F1E7A095 
 327      474CE6
 328 044b FF1E3167 		.ascii	"\377\0361g\233\352\207tJ>\276\237\303\307\035'\0379"
 328      9BEA8774 
 328      4A3EBE9F 
 328      C3C71D27 
 328      1F39
 329 045d BDC32DFE 		.ascii	"\275\303-\376,\030\352\3406\257=\277#\255\334\307\301"
 329      2C18EAE0 
 329      36AF3DBF 
 329      23ADDCC7 
 329      C1
 330 046e C75DAE1B 		.ascii	"\307]\256\033\354\277^\0210?\037=\214\217n\007\037\235"
 330      ECBF5E11 
 330      303F1F3D 
 330      8C8F6E07 
 330      1F9D
 331 0480 E5BDC5BE 		.ascii	"\345\275\305\2762\037\317\363\210\264[\242\223\031\215"
 331      321FCFF3 
 331      88B45BA2 
 331      93198D
 332 048f A0CBC545 		.ascii	"\240\313\305E\227;\027\275\214\213\322\374\234\031_"
 332      973B17BD 
 332      8C8BD2FC 
 332      9C195F
 333 049e 92A69A97 		.ascii	"\222\246\232\227\214\272\346\235\307E\247\256\217\347"
 333      8CBAE69D 
 333      C745A7AE 
 333      8FE7
 334 04ac 672FBBD4 		.ascii	"g/\273\324\257vn\354}\256t\214\314\205|d\026\327\276"
 334      AF766EEC 
 334      7DAE748C 
 334      CC857C64 
 334      16D7BE
 335 04bf B8E6C597 		.ascii	"\270\346\305\227\336\270\234<x\261AEv\362@\025\251\267"
 335      DEB89C3C 
 335      78B14145 
ARM GAS  C:\Users\CYIRKO~1\AppData\Local\Temp\cc0qHxOE.s 			page 26


 335      76F24015 
 335      A9B7
 336 04d1 AEFB915C 		.ascii	"\256\373\221\\\2768\270\251\366\216\017)\344\213]\263"
 336      BE38B8A9 
 336      F68E0F29 
 336      E48B5DB3 
 337 04e1 FB6FFA90 		.ascii	"\373o\372\2202\276\230\035\031\277\247#\373\370bt:\375"
 337      32BE981D 
 337      19BFA723 
 337      FBF86274 
 337      3AFD
 338 04f3 B2AF9265 		.ascii	"\262\257\222ez\270],?q\262\374l\363w\275\376\344 \367"
 338      7AB85D2C 
 338      3F71B2FC 
 338      6CF377BD 
 338      FEE420F7 
 339 0507 9A69CC1A 		.ascii	"\232i\314\032\324(\275n\316\361\372\301\351uk\360\334"
 339      D428BD6E 
 339      CEF1FAC1 
 339      E9756BF0 
 339      DC
 340 0518 842F39CA 		.ascii	"\204/9\312\275\266\236|\362\322_\351\3253\307\353\251"
 340      BDB69E7C 
 340      F2D25FE9 
 340      D533C7EB 
 340      A9
 341 0529 D3ABE37C 		.ascii	"\323\253\343|e\213?9\305\275j\036_m\324\362\021/\261"
 341      658B3F39 
 341      C5BD6A1E 
 341      5F6DD4F2 
 341      112FB1
 342 053c 8F696F45 		.ascii	"\217ioE\246\037\251\347/\013JkN\315I\277i\016\344\230"
 342      A61FA9E7 
 342      2F0B4A6B 
 342      4ECD49BF 
 342      690EE498 
 343 0550 03529D97 		.ascii	"\003R\235\227vh\230\300\242\340\340\220\340\340]l`b"
 343      766898C0 
 343      A2E0E090 
 343      E0E05D6C 
 343      6062
 344 0562 6BAB0418 		.ascii	"k\253\004\030A\333\007\364\244>\303M}\016\213\350\306"
 344      41DB07F4 
 344      A43EC34D 
 344      7D0E8BE8 
 344      C6
 345 0573 C28FD891 		.ascii	"\302\217\330\221\223\020\014\343(/P& \230}\332+h\034"
 345      93100CE3 
 345      282F5026 
 345      20987DDA 
 345      2B681C
 346 0586 7B5F2199 		.ascii	"{_!\2319\260Y\312\216\246u\302\220\354\347<\362a4p-"
 346      39B059CA 
 346      8EA675C2 
 346      90ECE73C 
 346      F2613470 
 347 059b 0D2FDB37 		.ascii	"\015/\3337A\323rJ$\374\307\335\364!K2\234\232\362\001"
ARM GAS  C:\Users\CYIRKO~1\AppData\Local\Temp\cc0qHxOE.s 			page 27


 347      41D3724A 
 347      24FCC7DD 
 347      F4214B32 
 347      9C9AF201 
 348 05af F36C0BC1 		.ascii	"\363l\013\301_\022\324H\220;\314\025vb\025\316\275M"
 348      5F12D448 
 348      903BCC15 
 348      766215CE 
 348      BD4D
 349 05c1 84D604A3 		.ascii	"\204\326\004\243\236\221\336\212\212\224\302\260\307"
 349      9E91DE8A 
 349      8A94C2B0 
 349      C7
 350 05ce 04595024 		.ascii	"\004YP$\260\254\353J\255n\221\314H\346|\214\010\036"
 350      B0ACEB4A 
 350      AD6E91CC 
 350      48E67C8C 
 350      081E
 351 05e0 E940F7CC 		.ascii	"\351@\367\314\202\231\033s\016\351KE$\001\246\234[:"
 351      82991B73 
 351      0EE94B45 
 351      2401A69C 
 351      5B3A
 352 05f2 F67AEF19 		.ascii	"\366z\357\031\037\336\267\213q\371\246/;[\3037\265\234"
 352      1FDEB78B 
 352      71F9A62F 
 352      3B5BC337 
 352      B59C
 353 0604 6EEA8BDC 		.ascii	"n\352\213\334\273}\376d\206m\252f\250\276\354s\010\016"
 353      BB7DFE64 
 353      866DAA66 
 353      A8BEEC73 
 353      080E
 354 0616 C6CD0A0E 		.ascii	"\306\315\012\016\341\305\\{\207\327N\017\313kLkVY\317"
 354      E1C55C7B 
 354      87D74E0F 
 354      CB6B4C6B 
 354      5659CF
 355 0629 03178B8A 		.ascii	"\003\027\213\212\322\251\351\200\273\251\222&e\027L"
 355      D2A9E980 
 355      BBA99226 
 355      65174C
 356 0638 A3C12BF6 		.ascii	"\243\301+\366nVn\201t1\004R\305`HC\221Pf\260\3567s\332"
 356      6E566E81 
 356      74310452 
 356      C5604843 
 356      915066B0 
 357 0650 C019E591 		.ascii	"\300\031\345\221\347(\212\204\032\213\002s\323%4G>`"
 357      E7288A84 
 357      1A8B0273 
 357      D3253447 
 357      3E60
 358 0662 D0DD3CCC 		.ascii	"\320\335<\314\315\272\245H\315\253\245S\340\261Gk^\001"
 358      CDBAA548 
 358      CDABA553 
 358      E0B1476B 
 358      5E01
ARM GAS  C:\Users\CYIRKO~1\AppData\Local\Temp\cc0qHxOE.s 			page 28


 359 0674 EF9989C2 		.ascii	"\357\231\211\302\205\251\222\004\324J\3314Hj\336\221"
 359      85A99204 
 359      D44AD934 
 359      486ADE91 
 360 0684 AEDBDE24 		.ascii	"\256\333\336$\303\213}\311\356\356h\353!\020\262\210"
 360      C38B7DC9 
 360      EEEE68EB 
 360      2110B288 
 361 0694 3B7515A9 		.ascii	";u\025\251i\243m\026\027\301&\3219\315(\204gb \003\371"
 361      69A36D16 
 361      17C126D1 
 361      39CD2884 
 361      67622003 
 362 06a9 F87FB8A1 		.ascii	"\370\177\270\241\277\003_ok\322*{\202Fq\365\304\026"
 362      BF035F6F 
 362      6BD22A7B 
 362      824671F5 
 362      C416
 363 06bb D1D1138F 		.ascii	"\321\321\023\217\366\2446\362!\210:\350\347\363.c\262"
 363      F6A436F2 
 363      21883AE8 
 363      E7F32E63 
 363      B2
 364 06cc B063CE47 		.ascii	"\260c\316Gk\375\022\305\214\336*\322\031\235)\3123z"
 364      6BFD12C5 
 364      8CDE2AD2 
 364      199D29CA 
 364      337A
 365 06de F3D88936 		.ascii	"\363\330\2116\021gt9\373f\375\276\344\250\363\233\205"
 365      11677439 
 365      FB66FDBE 
 365      E4A8F39B 
 365      85
 366 06ef 86388F9D 		.ascii	"\2068\217\235\225\335s\237\323Y\"\235\323{\216\324\236"
 366      95DD739F 
 366      D359229D 
 366      D37B8ED4 
 366      9E
 367 0700 56931CC6 		.ascii	"V\223\034\306\020\3348\361d\233\232\024\361E\325\236"
 367      10DC38F1 
 367      649B9A14 
 367      F145D59E 
 368 0710 C7D73498 		.ascii	"\307\3274\230\033l\027\011\217U\225j?\350GJ\371\353"
 368      1B6C1709 
 368      8F55956A 
 368      3FE8474A 
 368      F9EB
 369 0722 8A6F4A3B 		.ascii	"\212oJ;\350\347\005\276\302\327\260CT\3157\350\363;"
 369      E8E705BE 
 369      C2D7B043 
 369      54CD37E8 
 369      F33B
 370 0734 533309D3 		.ascii	"S3\011\323E\350 \233\333=~\235\177_t|\233vq]W\372\366"
 370      45E8209B 
 370      DB3D7E9D 
 370      7F5F747C 
 370      9B76715D 
ARM GAS  C:\Users\CYIRKO~1\AppData\Local\Temp\cc0qHxOE.s 			page 29


 371 074b 09FFF70E 		.ascii	"\011\377\367\016x\225I\336,Z]\321\223\323*f\223+\276"
 371      789549DE 
 371      2C5A5DD1 
 371      93D32A66 
 371      932BBE
 372 075e C734130F 		.ascii	"\3074\023\017v\344j\310!\036\177\254l\374\000\375T@"
 372      76E46AC8 
 372      211E7FAC 
 372      6CFC00FD 
 372      5440
 373 0770 1EEEDE6E 		.ascii	"\036\356\336nJ\007=D=E\347\275H\025\267\250,\330\337"
 373      4A073D44 
 373      3D45E7BD 
 373      4815B7A8 
 373      2CD8DF
 374 0783 C60A28A0 		.ascii	"\306\012(\240\031\346\363(\017\323\253\367\252\224\344"
 374      19E6F328 
 374      0FD3ABF7 
 374      AA94E4
 375 0792 620232B9 		.ascii	"b\0022\271P\210&P\304\370\315q\360\373(\277z\237?\362"
 375      50882650 
 375      C4F8CD71 
 375      F0FB28BF 
 375      7A9F3FF2 
 376 07a6 7B1F3F83 		.ascii	"{\037?\203WN\374\246\266j@\312\314\222\226K\335\"\265"
 376      574EFCA6 
 376      B66A40CA 
 376      CC92964B 
 376      DD22B5
 377 07b9 846D8ED6 		.ascii	"\204m\216\326\201\235\242\212\256\370\177\242\212\031"
 377      819DA28A 
 377      AEF87FA2 
 377      8A19
 378 07c7 B719D9DD 		.ascii	"\267\031\331\335\222\356\375}R"
 378      92EEFD7D 
 378      52
 379 07d0 9B9DED4D 		.ascii	"\233\235\355M\361n\374\365\273\220\315\207A\276/\316"
 379      F16EFCF5 
 379      BB90CD87 
 379      41BE2FCE 
 380 07e0 492330CD 		.ascii	"I#0\315g\230\353\036\361}\364\354\276\325\264s\316/"
 380      6798EB1E 
 380      F17DF4EC 
 380      BED5B473 
 380      CE2F
 381 07f2 211ACBD5 		.ascii	"!\032\313\325@%\274\201\350}\036\322g\317Mu\020\007"
 381      4025BC81 
 381      E87D1ED2 
 381      67CF4D75 
 381      1007
 382 0804 401A027C 		.ascii	"@\032\002|\262D\341\037\341\350\277\255\351\267\233"
 382      B244E11F 
 382      E1E8BFAD 
 382      E9B79B
 383 0813 BD996B29 		.ascii	"\275\231k)\366\337^\321\263\357z\245/\362\305;\212~"
 383      F6DF5ED1 
 383      B3EF7AA5 
ARM GAS  C:\Users\CYIRKO~1\AppData\Local\Temp\cc0qHxOE.s 			page 30


 383      2FF2C53B 
 383      8A7E
 384 0825 AEB7B44C 		.ascii	"\256\267\264L\363\337\264\345\350^\306\335\277\256~"
 384      F3DFB4E5 
 384      E85EC6DD 
 384      BFAE7E
 385 0834 F88CFC14 		.ascii	"\370\214\374\024\303\025\214\341\257\031\303l\241\322"
 385      C3158CE1 
 385      AF19C36C 
 385      A1D2
 386 0842 27A5D8BC 		.ascii	"'\245\330\274?\372d]\320\332\360p\301G\257O1\232m\277"
 386      3FFA645D 
 386      D0DAF070 
 386      C147AF4F 
 386      319A6DBF 
 387 0856 D3DBE20D 		.ascii	"\323\333\342\015\253\243b\023\2141F\253-%\316h\211\262"
 387      ABA36213 
 387      8C3146AB 
 387      2D25CE68 
 387      89B2
 388 0868 592C89D6 		.ascii	"Y,\211\326\250\015\346\224 \366\024\024\235l\0122\230"
 388      A80DE694 
 388      20F61414 
 388      9D6C0A32 
 388      98
 389 0879 620C7171 		.ascii	"b\014qq\206\270\250\017CW\006\255X\036\276\352\037\341"
 389      86B8A80F 
 389      435706AD 
 389      581EBEEA 
 389      1FE1
 390 088b 51A8FFC0 		.ascii	"Q\250\377\300l1\033>0D\307\030\243\214\346\330\304\224"
 390      6C311B3E 
 390      3044C718 
 390      A38CE6D8 
 390      C494
 391 089d 38439429 		.ascii	"8C\224)\032\261\314\206(}\234!>:%\321\246\267mL2XC\023"
 391      1AB1CC86 
 391      287D9C21 
 391      3E3A25D1 
 391      A6B76D4C 
 392 08b5 048D1CEE 		.ascii	"\004\215\034\356\257\277h8\353Fk\224\336j\213Cl\214"
 392      AFBF6838 
 392      EB466B94 
 392      DE6A8B43 
 392      6C8C
 393 08c7 8145E1C3 		.ascii	"\201E\341\303\312\025z\233F\276{\231\254\033\364\266"
 393      CA157A9B 
 393      46BE7B99 
 393      AC1BF4B6 
 394 08d7 8FFFB83A 		.ascii	"\217\377\270:j-\215\371)\217\311\342[\254\341\253>\014"
 394      6A2D8DF9 
 394      298FC9E2 
 394      5BACE1AB 
 394      3E0C
 395 08e9 B358C362 		.ascii	"\263X\303b-&\223\305\034\226dI\266Y\303\376\360\227"
 395      2D2693C5 
 395      1C966449 
ARM GAS  C:\Users\CYIRKO~1\AppData\Local\Temp\cc0qHxOE.s 			page 31


 395      B659C3FE 
 395      F097
 396 08fb 88B5115F 		.ascii	"\210\265\021_R]\2221\321\220l\015\373h\355\332\260\330"
 396      525D9231 
 396      D1906C0D 
 396      FB68EDDA 
 396      B0D8
 397 090d 044715AB 		.ascii	"\004G\025\253\177\022)!:1,\321\030\023f\265%\033\242"
 397      7F122921 
 397      3A312CD1 
 397      181366B5 
 397      251BA2
 398 0920 4DD63093 		.ascii	"M\3260\223\301$?\206\306\"\377\033\0146\265\036\227"
 398      C1243F86 
 398      C622FF1B 
 398      0C36B51E 
 398      97
 399 0931 7156B5D5 		.ascii	"qV\265\325\370/\203\336\026\3673\271\300\030Q\033bc"
 399      F82F83DE 
 399      16F733B9 
 399      C018511B 
 399      6263
 400 0943 DD384183 		.ascii	"\3358A\203\320p\02736\364\212\247\304\353\277H6\332"
 400      D0701733 
 400      36F48AA7 
 400      C4EBBF48 
 400      36DA
 401 0955 0C569DC9 		.ascii	"\014V\235\311\032\031\363wC\254\355c\263\321F\014\026"
 401      1A19F377 
 401      43ACED63 
 401      B3D1460C 
 401      16
 402 0966 AB8A26A1 		.ascii	"\253\212&\241\216I\211\2177$\223\177\232l\004\373CE"
 402      8E49898F 
 402      3724937F 
 402      9A6C04FB 
 402      4345
 403 0978 D3F3620E 		.ascii	"\323\363b\016\272\010\203\351S\226\375\372\210\317\010"
 403      BA0883E9 
 403      5396FDFA 
 403      88CF08
 404 0987 E6FEB36B 		.ascii	"\346\376\263kO\020\324\226\370x\253\301F!-\311\0339"
 404      4F10D496 
 404      F878ABC1 
 404      46212DC9 
 404      1B39
 405 0999 AA1A2D62 		.ascii	"\252\032-b\2236\252\022\015\321\361\032\263\305\226"
 405      9336AA12 
 405      0DD1F11A 
 405      B3C596
 406 09a8 906CF902 		.ascii	"\220l\371\002\3025\361\346 k\222!\0265fsJb\342\372_"
 406      C235F1E6 
 406      206B9221 
 406      16356673 
 406      4A62E2FA 
 407 09bd B65D6CC9 		.ascii	"\266]l\311F\363\006L\350\277\230\302\203`"
 407      46F3064C 
ARM GAS  C:\Users\CYIRKO~1\AppData\Local\Temp\cc0qHxOE.s 			page 32


 407      E8BF98C2 
 407      8360
 408              		.text
 409              		.section	.gnu.lto_.symtab.5638ed15,"",%progbits
 410 0000 6D734F62 		.ascii	"msObjectInit\000"
 410      6A656374 
 410      496E6974 
 410      00
 411 000d 00       		.ascii	"\000"
 412 000e 00       		.ascii	"\000"
 413 000f 00       		.ascii	"\000"
 414 0010 00000000 		.ascii	"\000\000\000\000\000\000\000\000"
 414      00000000 
 415 0018 0A010000 		.ascii	"\012\001\000\000"
 416              		.text
 417              		.section	.gnu.lto_.opts,"",%progbits
 418 0000 272D666D 		.ascii	"'-fmath-errno' '-fsigned-zeros' '-ftrapping-math' '"
 418      6174682D 
 418      6572726E 
 418      6F272027 
 418      2D667369 
 419 0033 2D666E6F 		.ascii	"-fno-trapv' '-fno-openmp' '-fno-openacc' '-mcpu=cor"
 419      2D747261 
 419      70762720 
 419      272D666E 
 419      6F2D6F70 
 420 0066 7465782D 		.ascii	"tex-m7' '-mno-thumb-interwork' '-mthumb' '-ggdb' '-"
 420      6D372720 
 420      272D6D6E 
 420      6F2D7468 
 420      756D622D 
 421 0099 4F322720 		.ascii	"O2' '-fomit-frame-pointer' '-falign-functions=16' '"
 421      272D666F 
 421      6D69742D 
 421      6672616D 
 421      652D706F 
 422 00cc 2D666675 		.ascii	"-ffunction-sections' '-fdata-sections' '-fno-common"
 422      6E637469 
 422      6F6E2D73 
 422      65637469 
 422      6F6E7327 
 423 00ff 2720272D 		.ascii	"' '-flto'\000"
 423      666C746F 
 423      2700
 424              		.text
 425              		.comm	__gnu_lto_v1,1,1
 426              		.comm	__gnu_lto_slim,1,1
 427              		.ident	"GCC: (GNU Tools for ARM Embedded Processors 6-2017-q1-update) 6.3.1 20170215 (release) [AR
ARM GAS  C:\Users\CYIRKO~1\AppData\Local\Temp\cc0qHxOE.s 			page 33


DEFINED SYMBOLS
                            *ABS*:00000000 memstreams.c
                            *COM*:00000001 __gnu_lto_v1
                            *COM*:00000001 __gnu_lto_slim

NO UNDEFINED SYMBOLS
