ARM GAS  C:\Users\CYIRKO~1\AppData\Local\Temp\ccOi4PXE.s 			page 1


   1              		.cpu cortex-m7
   2              		.eabi_attribute 20, 1
   3              		.eabi_attribute 21, 1
   4              		.eabi_attribute 23, 3
   5              		.eabi_attribute 24, 1
   6              		.eabi_attribute 25, 1
   7              		.eabi_attribute 26, 1
   8              		.eabi_attribute 30, 2
   9              		.eabi_attribute 34, 1
  10              		.eabi_attribute 18, 4
  11              		.file	"nullstreams.c"
  12              		.text
  13              	.Ltext0:
  14              		.section	.gnu.lto_.profile.5638f521,"",%progbits
  15 0000 789C6365 		.ascii	"x\234ce`b`a```d\340f\003\000\000\234\000\036"
  15      60626061 
  15      60606064 
  15      E0660300 
  15      009C001E 
  16              		.text
  17              		.section	.gnu.lto_.icf.5638f521,"",%progbits
  18 0000 789C6365 		.ascii	"x\234ce`bPe@\0006\206#\357\033g016\276\377\323\316\313"
  18      60625065 
  18      40003686 
  18      23EF1B67 
  18      303136BE 
  19 0018 34ABFBA7 		.ascii	"4\253\373\247 \363\331\225\015+\270X\256M\352\330\317"
  19      20F3D995 
  19      0D2BB858 
  19      AE4DEAD8 
  19      CF
  20 0029 C6FAF5C6 		.ascii	"\306\372\365\306\3627l\014\000B\264\021\002"
  20      F2376C0C 
  20      0042B411 
  20      02
  21              		.text
  22              		.section	.gnu.lto_.jmpfuncs.5638f521,"",%progbits
  23 0000 789C6365 		.ascii	"x\234ce`bPe@\000V\006fFFF\026\006\206zF\020\003$\304"
  23      60625065 
  23      40005606 
  23      66464646 
  23      1606867A 
  24 0019 C404A699 		.ascii	"\304\004\246\231A$\013P\254\236\001\000\033\012\001"
  24      41240B50 
  24      AC9E0100 
  24      1B0A01
  25 0028 53       		.ascii	"S"
  26              		.text
  27              		.section	.gnu.lto_.inline.5638f521,"",%progbits
  28 0000 789C6365 		.ascii	"x\234ce`b\210e@\000V\006\006f&F\240 \003\003\333\002"
  28      60628865 
  28      40005606 
  28      06662646 
  28      A0200303 
  29 0016 7910C5C0 		.ascii	"y\020\305\300\210!\302\204!\302\214!\302\302\300\302"
  29      8821C284 
  29      21C28C21 
ARM GAS  C:\Users\CYIRKO~1\AppData\Local\Temp\ccOi4PXE.s 			page 2


  29      C2C2C0C2 
  30 0026 0C14617C 		.ascii	"\014\024a|\301\316\300\336\241\016\026b\000\000\355"
  30      C1CEC0DE 
  30      A10E1662 
  30      0000ED
  31 0035 770562   		.ascii	"w\005b"
  32              		.text
  33              		.section	.gnu.lto_.pureconst.5638f521,"",%progbits
  34 0000 789C6365 		.ascii	"x\234ce`b\340f```e``\0042\231\031X\244\000\001\262\000"
  34      6062E066 
  34      60606065 
  34      60600432 
  34      991958A4 
  35 0018 3C       		.ascii	"<"
  36              		.text
  37              		.section	.gnu.lto_writes.5638f521,"",%progbits
  38 0000 789C5D90 		.ascii	"x\234]\220\313KBA\024\207\317\231\361\025\244\377@."
  38      CB4B4241 
  38      1487CF99 
  38      F115A4FF 
  38      402E
  39 0012 5A04E2A6 		.ascii	"Z\004\342\246K\233\202\242 Jh\337*p\243\026x\301T\272"
  39      4B9B82A2 
  39      204A68DF 
  39      2A70A316 
  39      78C154BA 
  40 0026 BA76B4A2 		.ascii	"\272v\264\242\207PF\251\330\203\353F\354\255\021D\355"
  40      875046A9 
  40      D883EB46 
  40      ECAD1144 
  40      ED
  41 0037 A4BD419A 		.ascii	"\244\275A\232\253v\325\262\026\255+\353\314\305E\270"
  41      AB76D5B2 
  41      16AD2BEB 
  41      CCC545B8 
  42 0047 18E67766 		.ascii	"\030\346wf\276o\206s\314\300`\016\001<\000\320G\013"
  42      BE6F8673 
  42      CCC0600E 
  42      013C00D0 
  42      470B
  43 0059 3920CB3C 		.ascii	"9 \313<\000$m\014Q\006aCH0L\3406\317s|\\\251\036\362"
  43      00246D0C 
  43      51066143 
  43      48304CE0 
  43      36CF737C 
  44 0071 2DAE1366 		.ascii	"-\256\023f\242\362\263\276\377\352\220%b?\225\007\242"
  44      A2F2B3BE 
  44      FFEA9025 
  44      623F9507 
  44      A2
  45 0082 B1617597 		.ascii	"\261au\227\205H\211Z\376v|gyuF\347\014\012D\037\243"
  45      8548895A 
  45      FE767C67 
  45      797546E7 
  45      0C0A441F 
  46 0097 13CBE894 		.ascii	"\023\313\350\224_\234\240\233\330f\275\225\261\362\011"
  46      5F9CA09B 
ARM GAS  C:\Users\CYIRKO~1\AppData\Local\Temp\ccOi4PXE.s 			page 3


  46      D866BD95 
  46      B1F209
  47 00a6 04CAD7EB 		.ascii	"\004\312\327\353\305\273^W\311\360\336v\271\030\320"
  47      C5BB5E57 
  47      C9F0DE76 
  47      B918D0
  48 00b5 39C753E4 		.ascii	"9\307S\344\377E:\002<C\027\341_\351V\256\207O\032j\262"
  48      FF453A02 
  48      3C4317E1 
  48      5FE956AE 
  48      874F1A6A 
  49 00ca 74A3B38E 		.ascii	"t\243\263\216\372\2355T\023\236w\253&\300\013C\375\021"
  49      FA9D3554 
  49      139E77AB 
  49      26C00B43 
  49      FD11
  50 00dc 7B39079F 		.ascii	"{9\007\2376\324\302}\366\331\336Q\237\362\206\312\360"
  50      36D4C27D 
  50      F6D9DE51 
  50      9FF286CA 
  50      F0
  51 00ed B25B6580 		.ascii	"\262[e\200\025tI\376\345\252\235\265[L\262\035\352\242"
  51      157449FE 
  51      E5AA9DB5 
  51      5B4CB21D 
  51      EAA2
  52 00ff 8A169A1B 		.ascii	"\212\026\232\033T\032X\023\355\3375Q{/c\313L\2030p\330"
  52      541A5813 
  52      EDDF3551 
  52      7B2F63CB 
  52      4C833070 
  53 0114 24488E2F 		.ascii	"$H\216/M\017\320\316?0U,7QjG\\\212D\240\274a\000c\236"
  53      4D0FD0CE 
  53      3F30552C 
  53      37516A47 
  53      5C8A44A0 
  54 012d 51EF5450 		.ascii	"Q\357TP\365\253\263\261\370\274\032\361\006d\216hC#"
  54      F5ABB3B1 
  54      F8BC1AF1 
  54      06648E68 
  54      4323
  55 013f C34A4453 		.ascii	"\303JDS\202\276\220\022R\375\212\026[Z\360-jJ8\036\012"
  55      82BE9012 
  55      52FD8A16 
  55      5B5AF02D 
  55      6A4A381E 
  56 0154 75F26000 		.ascii	"u\362`\000\230\032e\376(\206\377\000 \275\204E"
  56      981A65FE 
  56      2886FF00 
  56      20BD8445 
  57              		.text
  58              		.section	.gnu.lto_reads.5638f521,"",%progbits
  59 0000 789C5D90 		.ascii	"x\234]\220\313K\202A\024\305\357\231\2614H\377\201\\"
  59      CB4B8241 
  59      14C5EF99 
  59      B13448FF 
  59      815C
ARM GAS  C:\Users\CYIRKO~1\AppData\Local\Temp\ccOi4PXE.s 			page 4


  60 0012 B408A44D 		.ascii	"\264\010\244M\037m\012\212\202\250\240}\3336jA\037\230"
  60      1F6D0A8A 
  60      82A8A07D 
  60      DB366A41 
  60      1F98
  61 0024 4AE6DAB1 		.ascii	"J\346\332\261\007\275\240\007\245a\005\272\261\367C"
  61      07BDA007 
  61      A56105BA 
  61      B1F743
  62 0033 09827622 		.ascii	"\011\202v\"m-J\204\240V\265\214\026A\320\"z\334\371"
  62      6D2D4A84 
  62      A056B58C 
  62      1641D022 
  62      7ADCF9
  63 0046 280817C3 		.ascii	"(\010\027\303\234;s~\367rO\015\011\362\203\250\237\210"
  63      9C3B737E 
  63      F7724F0D 
  63      09F283A8 
  63      9F88
  64 0058 1AF84012 		.ascii	"\032\370@\022\304\312\025Q\334!\000-\224\003\024\023"
  64      C4CA1551 
  64      DC21002D 
  64      94031413 
  65 0068 8861596E 		.ascii	"\210aYnH\334L\347\266\345\222L\263\315\306\345ki\363"
  65      48DC4CE7 
  65      B6E5924C 
  65      B3CDC6E5 
  65      6B69F3
  66 007b C9A54BA0 		.ascii	"\311\245K\240\221\313-u;oo\336UjR\0256\356\272V\247"
  66      91CB2D75 
  66      3B6F6FDE 
  66      556A5215 
  66      36EEBA56 
  67 0090 6606D252 		.ascii	"f\006\322RP\212\335{pc\027n=b\037\315\354-\227*+v\331"
  67      508ADD7B 
  67      7063176E 
  67      3D621FCD 
  67      EC2D972A 
  68 00a7 0D627D36 		.ascii	"\015b}6\227\271\250\367d-\356aM\252\246\264\2248\200"
  68      97B9A8F7 
  68      642DEE61 
  68      4DAAA6B4 
  68      943880
  69 00ba FC0FF213 		.ascii	"\374\017\362\023\341\020\036\266\177,V\222u\262\307"
  69      E1101EB6 
  69      7F2C5692 
  69      75B2C7
  70 00c9 42E3D9F3 		.ascii	"B\343\331\363\264\370E/\023\026j\303Q5j#\034[\350\247"
  70      B4F8452F 
  70      13166AC3 
  70      51356A23 
  70      1C5BE8A7 
  71 00dd 5A4FBA64 		.ascii	"ZO\272d\237\205\246\212\211{\347\337\324\244\205\012"
  71      9F85A68A 
  71      897BE7DF 
  71      D4A4850A 
  72 00ed 9C54A382 		.ascii	"\234T\243\202p\012\217\366?\346\277\022\316Z\233^\207"
ARM GAS  C:\Users\CYIRKO~1\AppData\Local\Temp\ccOi4PXE.s 			page 5


  72      700A8FF6 
  72      3FE6BF12 
  72      CE5A9B5E 
  72      87
  73 00fe B7C8A196 		.ascii	"\267\310\241\226s\243\323[\024\324\327\367\254*\274"
  73      73A3D35B 
  73      14D4D7F7 
  73      AC2ABC
  74 010d EDE0BD46 		.ascii	"\355\340\275F\020-\360\267\016n\221Q\276\345\013&3\317"
  74      102DF0B7 
  74      0E6E9151 
  74      BEE50B26 
  74      33CF
  75 011f 6568809B 		.ascii	"eh\200\233$g\212\327v\235\230\000!o\005\302\004\264"
  75      24678AD7 
  75      769D9800 
  75      216F05C2 
  75      04B4
  76 0131 93D9CEFE 		.ascii	"\223\331\316\376\216\241\336Q\323g\016ND\207\315\320"
  76      8EA1DE51 
  76      D3670E4E 
  76      4487CDD0 
  77 0141 905FEB50 		.ascii	"\220_\353P\244\265\275\315\010E\214Qo\300\010\230>#"
  77      A4B5BDCD 
  77      08458C51 
  77      6FC00898 
  77      3E23
  78 0153 32313EE2 		.ascii	"21>\342\035\213\030\301h \360\253[\374$\314\260\360"
  78      1D8B18C1 
  78      6820F0AB 
  78      5BFC24CC 
  78      B0F0
  79 0165 8511FC01 		.ascii	"\205\021\374\001\3743\210z"
  79      FC33887A 
  80              		.text
  81              		.section	.gnu.lto_put.5638f521,"",%progbits
  82 0000 789C4D8F 		.ascii	"x\234M\217\301/\003A\024\306\337\233Ym\017\325?\200"
  82      C12F0341 
  82      14C6DF9B 
  82      596D0FD5 
  82      3F80
  83 0012 1E1C44D3 		.ascii	"\036\034D\323\213%\022\202D\202\020w\327^\332\222t\223"
  83      8B251282 
  83      44821077 
  83      D75EDA92 
  83      7493
  84 0024 A562DB73 		.ascii	"\245b\333sGi\011BEhH\223\355\201\224\026%N\275m\304"
  84      47690942 
  84      45684893 
  84      ED819416 
  84      254EBD6D 
  85 0039 B504F10F 		.ascii	"\265\004\361\017P'\251\2048\211\2247\325\203I&\363\275"
  85      5027A984 
  85      38899437 
  85      D5834926 
  85      F3BD
  86 004b 99EFF7E6 		.ascii	"\231\357\367\346}M\300\240\003\001F\000\240\2256r@\226"
ARM GAS  C:\Users\CYIRKO~1\AppData\Local\Temp\ccOi4PXE.s 			page 6


  86      7D4DC0A0 
  86      03014600 
  86      A0953672 
  86      4096
  87 005d BA015870 		.ascii	"\272\001Xp0D)\204\003!\3060\206\233<\315\361n\351<\303"
  87      30442984 
  87      0321C630 
  87      869B3CCD 
  87      F16EE93C 
  88 0072 37B84936 		.ascii	"7\270I6\205\312\367\362\376\263K\226\210mTVJ\311\252"
  88      85CAF7F2 
  88      FEB34B96 
  88      886D5456 
  88      4AC9AA
  89 0085 E2CD095A 		.ascii	"\342\315\011ZV\372\253\177k11ar\006{\344>B7\346\320"
  89      56FAAB7F 
  89      6B313161 
  89      72067BE4 
  89      3E4237E6 
  90 009a 2DBF3846 		.ascii	"-\2778F/y\037\312\217);\037B }\271\222-9=\207B\304\205"
  90      2F791FCA 
  90      8F293B1F 
  90      42207DB9 
  90      922D393D 
  91 00b2 75BDCD45 		.ascii	"u\275\315E\273\3119\346\221\377\007\351\012\260\200"
  91      BBC939E6 
  91      91FF07E9 
  91      0AB080
  92 00c1 1EB26792 		.ascii	"\036\262g\222\371\027\316\207\353\350k\362\343\315\325"
  92      F917CE87 
  92      EBE86BF2 
  92      E3CDD5
  93 00d0 402B9F4C 		.ascii	"@+\237L8M\256\340\311\037\332\343\306.\011*\200\247"
  93      384DAEE0 
  93      C91FDAE3 
  93      C62E092A 
  93      80A7
  94 00e2 E891EEA7 		.ascii	"\350\221\356\247\213\332N\263M\221\023\321 gh\243\350"
  94      8BDA4EB3 
  94      4D9113D1 
  94      206768A3 
  94      E8
  95 00f3 50BC474B 		.ascii	"P\274GK\324~\226\205\365}\200\351q\006\260J\3172\373"
  95      D47E9685 
  95      F57D80E9 
  95      7106B04A 
  95      CF32FB
  96 0106 1A0D4F27 		.ascii	"\032\015O'\257b<[Xo\221\0005\331M\\\335\332eh\206\200"
  96      AF623C5B 
  96      586F9100 
  96      35D94D5C 
  96      DDDA6568 
  97 011c C57A2622 		.ascii	"\305z&\"P:\211\035\034\033\360\215\206\264\2006\031"
  97      503A891D 
  97      1C1BF08D 
  97      86B48036 
  97      19
ARM GAS  C:\Users\CYIRKO~1\AppData\Local\Temp\ccOi4PXE.s 			page 7


  98 012d 894E6961 		.ascii	"\211Nia_P\352\260\321\335\327\253\206\0155\344\327U"
  98      5F50EAB0 
  98      D1DDD7AB 
  98      860D35E4 
  98      D755
  99 013f 5D0BA846 		.ascii	"]\013\250Fd~\332?c\250\263Q]o\350\316 0m\016\003\277"
  99      647EDA3F 
  99      63A8B351 
  99      5D6FE8CE 
  99      20306D0E 
 100 0155 39AB75D0 		.ascii	"9\253u\320"
 101              		.text
 102              		.section	.gnu.lto_get.5638f521,"",%progbits
 103 0000 789C6365 		.ascii	"x\234ce`bx\307\300\300\340\000\304\322@\314\310\314"
 103      606278C7 
 103      C0C0E000 
 103      C4D240CC 
 103      C8CC
 104 0012 C0C834E1 		.ascii	"\300\3104\341\034\003C#\007\023##\210\321\300\301\310"
 104      1C034323 
 104      07132323 
 104      88D1C0C1 
 104      C8
 105 0023 50CFC458 		.ascii	"P\317\304X\317\330\317<\235\231\361b\313\2069\314}\314"
 105      CFD8CF3C 
 105      9D99F162 
 105      CB8639CC 
 105      7DCC
 106 0035 F381CA58 		.ascii	"\363\201\312X\200\334\217gg=\346\003q\031\031\025\200"
 106      80DC8F67 
 106      673DE603 
 106      71191915 
 106      80
 107 0046 DC273BDB 		.ascii	"\334';\333\336\262h.o\000\202\003\323g\261\315\333t"
 107      DEB2682E 
 107      6F008203 
 107      D367B1CD 
 107      DB74
 108 0058 A181733E 		.ascii	"\241\201s>3\023\303L\240\362\025\2142\214\313\031e@"
 108      3313C34C 
 108      A0F2158C 
 108      328CCB19 
 108      6540
 109 006a 76AC64D4 		.ascii	"v\254d\324\004*\276|\366\352\004vf;F\006 {s\307\202"
 109      042ABE7C 
 109      F6EA0476 
 109      663B4606 
 109      207B73C7 
 110 007f 9D3CEA4B 		.ascii	"\235<\352K\033\032\232\032\016\034\231\314\334\2402"
 110      1B1A9A1A 
 110      0E1C99CC 
 110      DCA032
 111 008e 9F999971 		.ascii	"\237\231\231q\025#3\262F\240\020\003\343jFu\220\372"
 111      152333B2 
 111      46A01003 
 111      E36A4675 
 111      90FA
ARM GAS  C:\Users\CYIRKO~1\AppData\Local\Temp\ccOi4PXE.s 			page 8


 112 00a0 471BFF4D 		.ascii	"G\033\377M\345ec\001\031\0144o\015#\033#\220^\177\211"
 112      E5656301 
 112      190C346F 
 112      0D231B23 
 112      905E7F89 
 113 00b4 F140C3BF 		.ascii	"\361@\303\277\377\355\015\007\236,f\334\352\306\304"
 113      FFED0D07 
 113      9E2C66DC 
 113      EAC6C4
 114 00c3 C0D00594 		.ascii	"\300\320\005\224\006\371\241\033\350\006 \315\374\226"
 114      06F9A11B 
 114      E80620CD 
 114      FC96
 115 00d1 B169C1F3 		.ascii	"\261i\301\363\036)\220\006\240!\007\037l\372\310\015"
 115      1E299006 
 115      A021071F 
 115      6CFAC80D 
 116 00e1 723C1323 		.ascii	"r<\023#\013\343Z\260\323\200:\030A*\201z\255]\255b\234"
 116      0BE35AB0 
 116      D3803A18 
 116      412A817A 
 116      AD5DAD62 
 117 00f6 33329332 		.ascii	"32\2232\203KJS2\363c\222A\354\374bCs3\375\374b\375\214"
 117      834B4A53 
 117      32F36392 
 117      41ECFC62 
 117      437333FD 
 118 010e C41CFD9C 		.ascii	"\304\034\375\234\314$\375\342\222\242\324\304\334b\375"
 118      CC24FDE2 
 118      92A2D4C4 
 118      DC62FD
 119 011d BCD29C1C 		.ascii	"\274\322\234\034([/\231\201)\263\000\000\222\272e\264"
 119      285B2F99 
 119      8129B300 
 119      0092BA65 
 119      B4
 120              		.text
 121              		.section	.gnu.lto_nullObjectInit.5638f521,"",%progbits
 122 0000 789C4D50 		.ascii	"x\234MPMK[Q\020\235\363\346%\261`C\227R]\270\020$\233"
 122      4D4B5B51 
 122      109DF3E6 
 122      25B16043 
 122      97525DB8 
 123 0017 3EBA69A1 		.ascii	">\272i\241\005AJ\375\003n\335\304\017Hhj\304\227l\334"
 123      05414AFD 
 123      036EDDC4 
 123      0F48686A 
 123      C4976CDC 
 124 002b E426358D 		.ascii	"\344&5\215(6.\324D1<E\203V\233\250qQ\2722\270\021\305"
 124      28362ED4 
 124      44313C45 
 124      83569BA8 
 124      7151BA32 
 125 0042 2AF607B8 		.ascii	"*\366\007\270\320\242\324\326\205\330\"\004\252\316"
 125      D0A2D4D6 
 125      85D82204 
 125      AACE
ARM GAS  C:\Users\CYIRKO~1\AppData\Local\Temp\ccOi4PXE.s 			page 9


 126 0050 4D5DF4C2 		.ascii	"M]\364\302pg\346\236{\346\234q\221Ai\020\265\022Q\275"
 126      7067E69E 
 126      7BE69C71 
 126      91416910 
 126      B51251BD 
 127 0064 0498608C 		.ascii	"\004\230`\214\355\023\305k\014@'\252\006\0243\020C\232"
 127      ED13C56B 
 127      0C4027AA 
 127      06143310 
 127      439A
 128 0076 338CADD4 		.ascii	"3\214\255\324\351\027\303\267\250\344\2243G\356\367"
 128      E917C3B7 
 128      A8E49433 
 128      47EEF7
 129 0085 2A59E730 		.ascii	"*Y\3470\321\224\204>X\204OP\207\203k3\374\201\035\006"
 129      D194843E 
 129      58844F50 
 129      87836B33 
 129      FC811D06 
 130 0099 4C292FBF 		.ascii	"L)/\277N\237xui\240Q\312\263\271\322/\223[@\222g*\203"
 130      4E9F7875 
 130      69A051CA 
 130      B3B9D22F 
 130      935B4092 
 131 00b0 CB66735E 		.ascii	"\313fs^\251\204*\357\215\263jr\230\261\014\026B|D\003"
 131      A9842AEF 
 131      8DB36A72 
 131      98B10C16 
 131      427C4403 
 132 00c4 96D040D2 		.ascii	"\226\320@\322\"\254\240Y\343\217\327o&\036\272\315\177"
 132      22ACA059 
 132      E38FD76F 
 132      261EBACD 
 132      7F
 133 00d5 03F1096E 		.ascii	"\003\361\011n\321N\253\337PV7\267)U\376\275\200?m\246"
 133      D14EABDF 
 133      505637B7 
 133      2955FEBD 
 133      803F6DA6 
 134 00e9 28D7701A 		.ascii	"(\327p\032\026\220\2660\302\206\276\371\007\022\225"
 134      1690B630 
 134      C286BEF9 
 134      071295
 135 00f8 54EE739F 		.ascii	"T\356s\237\376'\\\223\311\255\003\217\226\305U)\327"
 135      FE275C93 
 135      C9AD038F 
 135      96C55529 
 135      D7
 136 0109 DBBB43B5 		.ascii	"\333\273C\265\016rq\3616\373\330a3'z\0132_?\346\277"
 136      0E7271F1 
 136      36FBD861 
 136      33277A0B 
 136      325F3FE6 
 137 011e 278A1EAB 		.ascii	"'\212\036\253\240}7:\354B\021\016\262U\323X\205\365"
 137      A07D373A 
 137      EC42110E 
 137      B255D358 
ARM GAS  C:\Users\CYIRKO~1\AppData\Local\Temp\ccOi4PXE.s 			page 10


 137      85F5
 138 0130 3F99AB4A 		.ascii	"?\231\253J\366\256\262y\345\215\375U\262\035\327\274"
 138      F6AEB279 
 138      E58DFD55 
 138      B21DD7BC 
 139 0140 C6496F67 		.ascii	"\306Iogz\345\215\346\177\344\260\033\353\262\321\265"
 139      7AE58DE6 
 139      7FE4B01B 
 139      EBB2D1B5 
 140 0150 7BF2DBF3 		.ascii	"{\362\333\363R\361\201\200\2632x@3\224\204]\2307\020"
 140      52F18180 
 140      B3327840 
 140      3394845D 
 140      983710
 141 0163 A30B2466 		.ascii	"\243\013$f\177\216BK\256nxX\304\212\027\203\350\345"
 141      7F8E424B 
 141      AE6E7858 
 141      C48A1783 
 141      E8E5
 142 0175 EB171DAF 		.ascii	"\353\027\035\257\002\301\316`{$\332\035\014wt\351<l"
 142      02C1CE60 
 142      7B24DA1D 
 142      0C7774E9 
 142      3C6C
 143 0187 3F7DFECC 		.ascii	"?}\376\314\012\333V\300\037\262B\301N\313\216\364\367"
 143      0ADB56C0 
 143      1FB242C1 
 143      4ECB8EF4 
 143      F7
 144 0198 F8DFDA56 		.ascii	"\370\337\332Vo4\024\272\317\237t\021\367\332}w\365$"
 144      6F3414BA 
 144      CF9F7411 
 144      F7DA7D77 
 144      F524
 145 01aa 9B53     		.ascii	"\233S"
 146              		.text
 147              		.section	.gnu.lto_vmt.5638f521,"",%progbits
 148 0000 789C6365 		.ascii	"x\234ce`b\230\311\300\300`\313\000\001\323\231\031w"
 148      606298C9 
 148      C0C060CB 
 148      0001D399 
 148      1977
 149 0012 EE7C739B 		.ascii	"\356|s\233\275\376oCGC\303\203\3569\314u\363\231\031"
 149      BDFE6F43 
 149      4743C383 
 149      EE39CC75 
 149      F39919
 150 0025 66326348 		.ascii	"f2cH-x\306<\237\231q&3#\206\304*\240\004\323Lf&\014"
 150      2D78C63C 
 150      9F997126 
 150      332386C4 
 150      2AA004D3 
 151 003d 89574CF3 		.ascii	"\211WL\363\231\231g23\203%\276>{\262\237\303b[C\307"
 151      99996732 
 151      338325BE 
 151      3E7BB29F 
 151      C3625B43 
ARM GAS  C:\Users\CYIRKO~1\AppData\Local\Temp\ccOi4PXE.s 			page 11


 152 0052 820687F9 		.ascii	"\202\006\207\371\314,3\230\031\030W1\326\317`fd\\\011"
 152      CC2C3398 
 152      19185731 
 152      D6CF6066 
 152      645C09
 153 0065 A2981857 		.ascii	"\242\230\030W\200(f\306\345\214\365\014\214\253\031"
 153      802866C6 
 153      E58CF50C 
 153      8CAB19
 154 0074 2D18AC5D 		.ascii	"-\030\254]\255b\23432\2232\203KJS2\363c\222A\354\374"
 154      AD629C33 
 154      32933283 
 154      4B4A5332 
 154      F3639241 
 155 008a 62437333 		.ascii	"bCs3\375\374b\375\214\304\034\375\234\314$\375\342\222"
 155      FDFC62FD 
 155      8CC41CFD 
 155      9CCC24FD 
 155      E292
 156 009c A2D4C4DC 		.ascii	"\242\324\304\334b\375\274\322\234\034([/\231\001\000"
 156      62FDBCD2 
 156      9C1C285B 
 156      2F990100 
 157 00ac FDFD502D 		.ascii	"\375\375P-"
 158              		.text
 159              		.section	.gnu.lto_.symbol_nodes.5638f521,"",%progbits
 160 0000 789C6365 		.ascii	"x\234ce`b\310e\000\002\2469L\365\014\014\023\31610\000"
 160      6062C865 
 160      0002A639 
 160      4CF50C0C 
 160      13CE3130 
 161 0015 A91D0B0E 		.ascii	"\251\035\013\0166\260\001\305\3462\3253\242\213\315"
 161      36B001C5 
 161      E632D533 
 161      A28BCD
 162 0024 63AA6742 		.ascii	"c\252gB\027\233\317T\317\214.\266\220\251\236\005&\266"
 162      179BCF54 
 162      CF8C2EB6 
 162      90A99E05 
 162      26B6
 163 0036 ABC19181 		.ascii	"\253\301\221\201\201u\001\023C\203\022\003\0033\003"
 163      81750113 
 163      43831203 
 163      033303
 164 0045 0097641C 		.ascii	"\000\227d\034\271"
 164      B9
 165              		.text
 166              		.section	.gnu.lto_.refs.5638f521,"",%progbits
 167 0000 789C05C1 		.ascii	"x\234\005\301\261\001\000\000\010\303\2404\332\335\377"
 167      B1010000 
 167      08C3A034 
 167      DADDFF
 168 000f AF158A1C 		.ascii	"\257\025\212\034\220\265\331\212Q\207\007\003S\000<"
 168      90B5D98A 
 168      51870703 
 168      53003C
 169              		.text
ARM GAS  C:\Users\CYIRKO~1\AppData\Local\Temp\ccOi4PXE.s 			page 12


 170              		.section	.gnu.lto_.decls.5638f521,"",%progbits
 171 0000 789CAD56 		.ascii	"x\234\255VkPTu\024\277\347\336e\201e\001G\032\207f\230"
 171      6B505475 
 171      14BFE7DE 
 171      65816501 
 171      471A8766 
 172 0015 86717086 		.ascii	"\206qp\206/\261\242\2155\325\207\032\246\327\007s&\037"
 172      2FB1A28D 
 172      35D5871A 
 172      A6D70773 
 172      261F
 173 0027 5FDA991D 		.ascii	"_\332\231\035\036\253l\003\273\306^z}hn\020\344#\015"
 173      1EAB6C03 
 173      BBC65E7A 
 173      7D686E10 
 173      E4230D
 174 003a 54C45531 		.ascii	"T\304U1B3I^&b\202\344b>@\321\300G\244\261\020I\222\204"
 174      4233495E 
 174      266282E4 
 174      623E40D1 
 174      C047A4B1 
 175 0052 BC03118B 		.ascii	"\274\003\021\213\316\377\377\277\257\305\245f\234\356"
 175      CEFFFFBF 
 175      AFC5A566 
 175      9CEE
 176 0060 782EF79E 		.ascii	"x.\367\236{\316\371\375\316\343\177\326 \216\347<a\034"
 176      7BCEF9FD 
 176      CEE37FD6 
 176      208EE73C 
 176      611C
 177 0072 F736CF71 		.ascii	"\3676\317q\265\300q3x\005s\034W\311iW\020\312i\224\026"
 177      B5C07133 
 177      7805731C 
 177      57C96957 
 177      10CA6994 
 178 0087 941B283E 		.ascii	"\224\033(>\224i\0244\347\036p\376W\0360\373\371(\217"
 178      94691434 
 178      E71E70FE 
 178      571E30FB 
 178      F9288F
 179 009a A11C4159 		.ascii	"\241\034AY\215rR\376\016r\254\331\327\3669\374\316\352"
 179      8D7252FE 
 179      0E72ACD9 
 179      D7F639FC 
 179      CEEA
 180 00ac FC5A02F8 		.ascii	"\374Z\002\370\035\235\345\327!\373\325\353\374n\004"
 180      1D9DE5D7 
 180      21FBD5EB 
 180      FC6E04
 181 00bb F06BC00F 		.ascii	"\360k\300\017\206\000~\212\217/\200\317$~ \265Y\243"
 181      86007E8A 
 181      8F2F80CF 
 181      247E20B5 
 181      59A3
 182 00cd F3BB8732 		.ascii	"\363\273\2072\2012\2022,\373\216\312\177\347\252\321"
 182      81328232 
 182      2CFB8ECA 
ARM GAS  C:\Users\CYIRKO~1\AppData\Local\Temp\ccOi4PXE.s 			page 13


 182      7FE7AAD1 
 183 00dd 94CCF90E 		.ascii	"\224\314\371\016J\017\312-\224\337d\177\302i\010\345"
 183      4A0FCA2D 
 183      94DF647F 
 183      C26908E5 
 184 00ed 0F940194 		.ascii	"\017\224\001\224AY\347\223\363 5\010T\277b\001\352\266"
 184      4159E793 
 184      F3203508 
 184      54BF6201 
 184      EAB6
 185 00ff 9C69E4BB 		.ascii	"\234i\344\273\240\023\260\2250\217e\002\354\016T\350"
 185      A013B095 
 185      308F6502 
 185      EC0E54E8 
 186 010f EB8C7201 		.ascii	"\353\214r\001P=jyzg\206T\005\212\207\374\316\313\257"
 186      503D6A79 
 186      7A678654 
 186      058A87FC 
 186      CECBAF
 187 0122 BC1C92FE 		.ascii	"\274\034\222\376\223\235A\027\221}fH\312\305j\300\036"
 187      939D4117 
 187      917D6648 
 187      CAC56AC0 
 187      1E
 188 0133 A89BE20D 		.ascii	"\250\233\342\015\274\006\000\240w\320\005d\264\345\357"
 188      BC0600A0 
 188      77D00564 
 188      B4E5EF
 189 0142 2A3F4E4B 		.ascii	"*?NK\016\224\354G<\255\267M\335\340#\332\322\027\200"
 189      0E94EC47 
 189      3CADB74D 
 189      DDE023DA 
 189      D21780
 190 0155 EA2EEE29 		.ascii	"\352.\356))\004\201\007\362\334=u\350\345\204\012\211"
 190      29048107 
 190      F2DC3D75 
 190      E8E5840A 
 190      89
 191 0166 5D218F6B 		.ascii	"]!\217ke\3635\227\037\026\266\012\260\302\004\0043\022"
 191      65F33597 
 191      1F16B60A 
 191      B0C20404 
 191      3312
 192 0178 55D50327 		.ascii	"U\325\003'\246\302\231\212X\034\230\032:n\026\346\323"
 192      A6C2998A 
 192      581C981A 
 192      3A6E16E6 
 192      D3
 193 0189 E7F68F6B 		.ascii	"\347\366\217k\366\022\353\371&0\020\324K\273oE\340\353"
 193      F612EBF9 
 193      263010D4 
 193      4BBB6F45 
 193      E0EB
 194 019b 6326882D 		.ascii	"c&\210-\026\370\366\306\273=!\020o:H@\274?lO\030\313"
 194      16F8F6C6 
 194      BB3D2110 
 194      6F3A4840 
ARM GAS  C:\Users\CYIRKO~1\AppData\Local\Temp\ccOi4PXE.s 			page 14


 194      BC3F6C4F 
 195 01b1 93241E8E 		.ascii	"\223$\036\216\200\011*A\200\257!\201P^a\302\373\006"
 195      80092A41 
 195      80AF2181 
 195      505E61C2 
 195      FB06
 196 01c3 49CA910A 		.ascii	"I\312\221\012r\245\320W9\250\206\030\250\202\030\016"
 196      72A5D057 
 196      39A88618 
 196      A882180E 
 197 01d3 6A209E80 		.ascii	"j \236\200\022;\250@\345aT\"\312\276\323C\037\231\015"
 197      123BA840 
 197      E5615422 
 197      CABED343 
 197      1F990D
 198 01e6 A4AD2452 		.ascii	"\244\255$R\212\201\350\252\363z\313C\0209\006i\203\216"
 198      8A81E8AA 
 198      F37ACB43 
 198      10390669 
 198      838E
 199 01f8 730CE35C 		.ascii	"s\014\343\\\353\035\2534\010\037\222g\276\256\266w\267"
 199      EB1DAB34 
 199      081F9267 
 199      BEAEB677 
 199      B7
 200 0209 496575BE 		.ascii	"Ieu\276<!\357\023\302\3528\306:\246\261\212QY\015\227"
 200      3C21EF13 
 200      C2EA38C6 
 200      3AA6B18A 
 200      51590D97 
 201 021d 49423407 		.ascii	"IB4\007Kc`1r\252CN12\247Z\344t\224q*\377\374\320\231"
 201      4B636031 
 201      72AA434E 
 201      3132A75A 
 201      E4749471 
 202 0236 70610828 		.ascii	"pa\010(\202\247\250\2516BE\230\371n\341Q\232w=\"|\253"
 202      82A7A8A9 
 202      36424598 
 202      F96EE151 
 202      9A773D22 
 203 024c 21206060 		.ascii	"! ``\210\023\201!\032F\306F\301$\333o\370o\373o\233"
 203      88138121 
 203      1A46C646 
 203      C124DB6F 
 203      F86FFB6F 
 204 0261 4FF59BCD 		.ascii	"O\365\233\315\233\324\302B\003\342+\265\345\340$\230"
 204      9BD4C242 
 204      03E22BB5 
 204      E5E02498 
 205 0271 E5966FF3 		.ascii	"\345\226o\363\015\\\216\240\365D\035|\003\264\240;\257"
 205      0D5C8EA0 
 205      F5441D7C 
 205      03B4A03B 
 205      AF
 206 0282 E4948652 		.ascii	"\344\224\206R\345j342\335\331\231Io$\3536\217\257W\206"
 206      E56A3334 
 206      32DDD999 
ARM GAS  C:\Users\CYIRKO~1\AppData\Local\Temp\ccOi4PXE.s 			page 15


 206      496F24EB 
 206      368FAF57 
 207 0297 5B4BC258 		.ascii	"[K\302X\267\347\341k_\317\305\262\310\350\235t\242r"
 207      B7E7E16B 
 207      5FCFC5B2 
 207      C8E89D74 
 207      A272
 208 02a9 A579ACCF 		.ascii	"\245y\254\317^\304;E\361\232 \032\357\337\201\201\201"
 208      5EC43B45 
 208      F19A201A 
 208      EFDF8181 
 208      81
 209 02ba 7A0EEDE8 		.ascii	"z\016\355\350\014]X*\265\375\"y\273o.\376s\177\276\324"
 209      0C5D582A 
 209      B5FD2279 
 209      BB6F2EFE 
 209      737FBED4 
 210 02ce 868E2F50 		.ascii	"\206\216/PC(\327\312\204\217x?\004\335\000_A\027\316"
 210      4328D7CA 
 210      848F783F 
 210      04DD005F 
 210      4117CE
 211 02e1 FB695888 		.ascii	"\373iX\210\376S\205\227j\203\204\317\004\230k\"\256"
 211      FE538597 
 211      6A8384CF 
 211      04986B22 
 211      AE
 212 02f2 4E6F1BE1 		.ascii	"No\033\341\365\351\327\373\245\177VM\377\362\370\305"
 212      F5E9D7FB 
 212      A57F564D 
 212      FFF2F8C5 
 213 0302 8970EA8C 		.ascii	"\211p\352\214:8\303R\335w\353\340\251 %\375sL\327:\221"
 213      3A38C352 
 213      DD77EBE0 
 213      A92025FD 
 213      734CD73A 
 214 0317 D7C4CF9D 		.ascii	"\327\304\317\235`3M\360\274\222`\303\265]\327Mr\202"
 214      60334DF0 
 214      BC9260C3 
 214      B55DD74D 
 214      7282
 215 0329 BFEE14A4 		.ascii	"\277\356\024\244\035\3505\217\030\301\367Zr\337\317"
 215      1DE8358F 
 215      18C1F75A 
 215      72DFCF
 216 0338 4EAE8526 		.ascii	"N\256\205&734\326e\026\212Xr#\347{\213\200R\251W\223"
 216      373334D6 
 216      65168A58 
 216      7223E77B 
 216      8B8052A9 
 217 034e 1BDBB3B7 		.ascii	"\033\333\263\267V\245w\221\321\313\333RYl\302v\030\331"
 217      56A57791 
 217      D1CBDB52 
 217      596CC276 
 217      18D9
 218 0360 C90D4655 		.ascii	"\311\015FU\357\360\375:\003S\021\322\357\241\252\304"
 218      EFF0FD3A 
ARM GAS  C:\Users\CYIRKO~1\AppData\Local\Temp\ccOi4PXE.s 			page 16


 218      035311D2 
 218      EFA1AAC4 
 219 0370 D3792442 		.ascii	"\323y$B\360\320\320\374@\317\306M!\272\243\260\3143"
 219      F0D0D0FC 
 219      40CFC64D 
 219      21BAA3B0 
 219      CC33
 220 0382 2C49B1D0 		.ascii	",I\261\320\2168?h$\215\362\234J\017\035\3206\234<\243"
 220      8E383F68 
 220      248DF29C 
 220      4A0F1DD0 
 220      369C3CA3 
 221 0396 3C799751 		.ascii	"<y\227Qy\211M\336\350\324p\255A\330\31706\365\214\376"
 221      79894DDE 
 221      E8D470AD 
 221      41D8CF30 
 221      36F58CFE 
 222 03aa 1509A6F8 		.ascii	"\025\011\246\370\200\001\256\005\010\240\234\232%\307"
 222      8001AE05 
 222      08A09C9A 
 222      25C7
 223 03b8 E8A9B98A 		.ascii	"\350\251\271\212d\256hd\332\351\251A\220\216O\257\376"
 223      64AE6864 
 223      DAE9A941 
 223      908E4FAF 
 223      FE
 224 03c9 6C140E33 		.ascii	"l\024\0163\220\251\376\346\3120m\323\014\306\355\272"
 224      90A9FEE6 
 224      CA306DD3 
 224      0CC6EDBA 
 225 03d9 4F12E940 		.ascii	"O\022\351@\337\353\232\357U\2303\223\037\003gR\323_"
 225      DFEB9AEF 
 225      55983393 
 225      1F036752 
 225      D35F
 226 03eb F0A559DF 		.ascii	"\360\245Y\337\362\016\277\226\377D[\336\252\264\274"
 226      F20EBF96 
 226      FF445BDE 
 226      AAB4BC
 227 03fa 62F2F7FA 		.ascii	"b\362\367\3720u\246\237\352\323f\032\015\341\202F\344"
 227      3075A69F 
 227      EAD3661A 
 227      0DE18246 
 227      E4
 228 040b C2ECB6DF 		.ascii	"\302\354\266\337\240m\257\366\225m\010\027\246Y\333"
 228      A06DAFF6 
 228      956D0817 
 228      A659DB
 229 041a AB2AA66B 		.ascii	"\253*\246kLJ\213Y\327\253\012\356.\230\233L'%\363\263"
 229      4C4A8B59 
 229      D7AB0AEE 
 229      2E989B4C 
 229      2725F3B3 
 230 042e 42E6AF96 		.ascii	"B\346\257\226\315\307\2152\231\376h\217\344\315\221"
 230      CDC78D32 
 230      99FE688F 
 230      E4CD91
ARM GAS  C:\Users\CYIRKO~1\AppData\Local\Temp\ccOi4PXE.s 			page 17


 231 043d 4839D10A 		.ascii	"H9\321\012njLn\316f\342\243L\012\266\336\237\016\021"
 231      6E6A4C6E 
 231      CE66E2A3 
 231      4C0AB6DE 
 231      9F0E11
 232 0450 661893C2 		.ascii	"f\030\223\302\231\003\327B\205\255\006\372\262\273a"
 232      9903D742 
 232      85AD06FA 
 232      B2BB61
 233 045f FC4210DB 		.ascii	"\374B\020\333\001!\370:<\235{&L\177\312H\246\332)\353"
 233      0121F83A 
 233      3C9D7B26 
 233      4C7FCA48 
 233      A6DA29EB 
 234 0473 514FD960 		.ascii	"QO\331`~\275/B\330\306\202\374}nS_\260\336\253\331\317"
 234      7EBD2F42 
 234      D8C682FC 
 234      7D6E535F 
 234      B0DEABD9 
 235 0488 EB96EA75 		.ascii	"\353\226\352u\275\357\304D\230P\314\2746\036\271s/B"
 235      BDEFC444 
 235      9850CCBC 
 235      361EB973 
 235      2F42
 236 049a EFD5E4E7 		.ascii	"\357\325\344\347\365\233\352\225S5\336\032!\2240/eK"
 236      F59BEA95 
 236      5335DE1A 
 236      2194302F 
 236      654B
 237 04ac CD675BAA 		.ascii	"\315g[\252\356v\3139\023[Z\022\371\241(\336W\367\215"
 237      EE76CB39 
 237      135B5A12 
 237      F9A128DE 
 237      57F78D
 238 04bf 5F029D7E 		.ascii	"_\002\235~A\357(A\215\005\233\313J\314\020\025\027\027"
 238      41EF2841 
 238      8D059BCB 
 238      4ACC1015 
 238      1717
 239 04d1 1F175748 		.ascii	"\037\027WHG\010;k\340\340w\264\355##t\033\253\332\017"
 239      47083B6B 
 239      E0E077B4 
 239      ED232374 
 239      1BABDA0F 
 240 04e5 51A4B270 		.ascii	"Q\244\262p\027\307i\010\342\340\017\224\001\224A\210"
 240      17C76908 
 240      E2E00F94 
 240      01944188 
 241 04f5 A33FB065 		.ascii	"\243?\260e\004\307\333\275E\030<\230/\025$\223L\341"
 241      04C7DBBD 
 241      45183C98 
 241      2F152493 
 241      4CE1
 242 0507 57D94F9D 		.ascii	"W\331O\235E\013\001\256&\360\262}34/&\245\244#\344g"
 242      450B01AE 
 242      26F0B27D 
 242      33342F26 
ARM GAS  C:\Users\CYIRKO~1\AppData\Local\Temp\ccOi4PXE.s 			page 18


 242      A5A423E4 
 243 051c FA0B2599 		.ascii	"\372\013%\231HL\331\350\017\346\013\370{N\2148\271\305"
 243      484CD9E8 
 243      0FE60BF8 
 243      7B4E8C38 
 243      B9C5
 244 052e 1AECC432 		.ascii	"\032\354\3042\234\202\217\005\222\023\035\201\000\221"
 244      9C828F05 
 244      92131D81 
 244      0091
 245 053c 1E42C5A2 		.ascii	"\036B\305\242Bo@\202\024\224\254\242\374\234\242\360"
 245      426F4082 
 245      1494ACA2 
 245      FC9CA2F0 
 246 054c 28B9221B 		.ascii	"(\271\"\033\346\252\010\027\260\034\350\236\273\367"
 246      E6AA0817 
 246      B01CE89E 
 246      BBF7
 247 055a F4CE507D 		.ascii	"\364\316P}\375\207uH\034\214(\365\027\016\177Q\332\030"
 247      FD877548 
 247      1C8C28F5 
 247      170E7F51 
 247      DA18
 248 056c 0671F151 		.ascii	"\006q\361Q\214\335\271]Ol\317\225\220!Z\340\364\012"
 248      8CDDB95D 
 248      4F6CCF95 
 248      90215AE0 
 248      F40A
 249 057e 301E9821 		.ascii	"0\036\230!+\313D1-\313\270\177Y\012\345M@Hk\220\343"
 249      2BCB4431 
 249      2DCBB87F 
 249      590AE54D 
 249      40486B90 
 250 0593 720FC7B0 		.ascii	"r\017\307\260\207\243\032\321\275[;\353\314B\037\035"
 250      87A31AD1 
 250      BD5B3BEB 
 250      CC421F1D 
 251 05a3 2AFEE8C6 		.ascii	"*\376\350\306c\247x\210\212\017\024\001&\3211P\020F"
 251      63A77888 
 251      8A0F1401 
 251      26D13150 
 251      1046
 252 05b5 E5C75D46 		.ascii	"\345\307]FBe\002\015\376\324\316!a\306\261\237\255\366"
 252      4265020D 
 252      FED4CE21 
 252      61C6B19F 
 252      ADF6
 253 05c7 AE107D3D 		.ascii	"\256\020}=&\374\352qO\035\362\346O&\213x\272\037P'/"
 253      26FCEA71 
 253      4F1DF2E6 
 253      4F268B78 
 253      BA1F5027 
 254 05dc 88C6079B 		.ascii	"\210\306\007\233?5\3507\304\232\005\272\005q\237.\210"
 254      3F35E837 
 254      C49A05BA 
 254      05719F2E 
 254      88
ARM GAS  C:\Users\CYIRKO~1\AppData\Local\Temp\ccOi4PXE.s 			page 19


 255 05ed 296541B4 		.ascii	")eA\264}\344;\031\214\013\242\224n\253\347wW\250\333"
 255      7DE43B19 
 255      8C0BA294 
 255      6EABE777 
 255      57A8DB
 256 0600 0A0D7117 		.ascii	"\012\015q\027\250\334\272f\357\210i\272#Z\333\247\233"
 256      A8DCBA66 
 256      EF8869BA 
 256      235ADBA7 
 256      9B
 257 0611 2217ED97 		.ascii	"\"\027\355\227\332\274\222\367\266g\001\376\276\261"
 257      DABC92F7 
 257      B66701FE 
 257      BEB1
 258 061f E675334F 		.ascii	"\346u3Ou\0148\252Y\205\377\255~\000\2138\343\273Y\016"
 258      750C38AA 
 258      5985FFAD 
 258      7E008B38 
 258      E3BB590E 
 259 0633 D1EE0E79 		.ascii	"\321\356\016y\345\365\325\261I\211\211\234\321\355\370"
 259      E5F5D5B1 
 259      4989899C 
 259      D1EDF8
 260 0642 C06E13D3 		.ascii	"\300n\023\323\354\317ZS\323\035)\016\267\230\235\346"
 260      ECCF5A53 
 260      D31D290E 
 260      B7989DE6 
 261 0652 70594597 		.ascii	"pYE\227+\303m]\347\314\216\245O\261\311Y\231\261\366"
 261      2BC36D5D 
 261      E7CC8EA5 
 261      4FB1C959 
 261      99B1F6
 262 0665 CC147B5A 		.ascii	"\314\024{Z\232=\315\272,ai\354\222\305\211O\277\235"
 262      9A3DCDBA 
 262      2C6169EC 
 262      92C5894F 
 262      BF9D
 263 0677 68CD70A4 		.ascii	"h\315p\244X\327\245\246Z\361\373\223N\227\323\376\244"
 263      58D7A5A6 
 263      5AF1FB93 
 263      4E97D3FE 
 263      A4
 264 0688 3D39C541 		.ascii	"=9\305A\014\022\022\255\016gjFv\232\335\352\026\321"
 264      0C1212AD 
 264      0E676A46 
 264      769ADDEA 
 264      16D1
 265 069a 6B6D423A 		.ascii	"kmB:\027j\263e;\234\34236q\355#\302\371\303(\000\231"
 265      176AB365 
 265      3B9CE233 
 265      3671ED23 
 265      C2F9C328 
 266 06b0 C918CB69 		.ascii	"\311\030\313i\267\332\020&9;C\264\211\357\257\267\273"
 266      B7DA1026 
 266      393B43B4 
 266      89EFAFB7 
 266      BB
ARM GAS  C:\Users\CYIRKO~1\AppData\Local\Temp\ccOi4PXE.s 			page 20


 267 06c1 11305886 		.ascii	"\0210X\206{\363\177\205s\277\357\266\3320)\214\215\030"
 267      7BF37F85 
 267      73BFEFB6 
 267      DA30298C 
 267      8D18
 268 06d3 CFBDF4AC 		.ascii	"\317\275\364\2545\211\304^\311bS\034\227;\361\351e\026"
 268      3589C45E 
 268      C962531C 
 268      973BF1E9 
 268      6516
 269 06e5 97DB929E 		.ascii	"\227\333\222\236\234a\301\032Y\334b\226=9\323mqfgd\310"
 269      9C61C11A 
 269      59DC6296 
 269      3D39D36D 
 269      71666764 
 270 06fa CF09A95C 		.ascii	"\317\011\251\\\020>\244\271\205\365\331\"\226\006\303"
 270      103EA4B9 
 270      85F5D922 
 270      9606C3
 271 0709 2D5D6213 		.ascii	"-]b\023\203\345\277A\231\356u6\361\265\177\215\236\352"
 271      83E5BF41 
 271      99EE7536 
 271      F1B57F8D 
 271      9EEA
 272 071b CACC7439 		.ascii	"\312\314t9-\353]Y\242\333\362\342\033\313\223\226\277"
 272      2DEB5D59 
 272      A2DBF2E2 
 272      1BCB9396 
 272      BF
 273 072c 4774EB1D 		.ascii	"Gt\353\035\031\366,\267\345\225\244$Kj\272R\013a\235"
 273      19F62CB7 
 273      E595A424 
 273      4B6ABA52 
 273      0B619D
 274 073f 5D8C20F0 		.ascii	"]\214 \360+R\336\262\247\212\2579\035\242\360N\246h"
 274      2B52DEB2 
 274      A78AAF39 
 274      1DA2F04E 
 274      A668
 275 0751 201482E8 		.ascii	" \024\202\350P\204\277\216_WRrk\226\257z\364\274\322"
 275      5084BF8E 
 275      5F575272 
 275      6B96AF7A 
 275      F4BCD2
 276 0764 399316E9 		.ascii	"9\223\026\351\037\312w@6"
 276      1FCA7740 
 276      36
 277              		.text
 278              		.section	.gnu.lto_.symtab.5638f521,"",%progbits
 279 0000 6E756C6C 		.ascii	"nullObjectInit\000"
 279      4F626A65 
 279      6374496E 
 279      697400
 280 000f 00       		.ascii	"\000"
 281 0010 00       		.ascii	"\000"
 282 0011 00       		.ascii	"\000"
 283 0012 00000000 		.ascii	"\000\000\000\000\000\000\000\000"
ARM GAS  C:\Users\CYIRKO~1\AppData\Local\Temp\ccOi4PXE.s 			page 21


 283      00000000 
 284 001a FB000000 		.ascii	"\373\000\000\000"
 285              		.text
 286              		.section	.gnu.lto_.opts,"",%progbits
 287 0000 272D666D 		.ascii	"'-fmath-errno' '-fsigned-zeros' '-ftrapping-math' '"
 287      6174682D 
 287      6572726E 
 287      6F272027 
 287      2D667369 
 288 0033 2D666E6F 		.ascii	"-fno-trapv' '-fno-openmp' '-fno-openacc' '-mcpu=cor"
 288      2D747261 
 288      70762720 
 288      272D666E 
 288      6F2D6F70 
 289 0066 7465782D 		.ascii	"tex-m7' '-mno-thumb-interwork' '-mthumb' '-ggdb' '-"
 289      6D372720 
 289      272D6D6E 
 289      6F2D7468 
 289      756D622D 
 290 0099 4F322720 		.ascii	"O2' '-fomit-frame-pointer' '-falign-functions=16' '"
 290      272D666F 
 290      6D69742D 
 290      6672616D 
 290      652D706F 
 291 00cc 2D666675 		.ascii	"-ffunction-sections' '-fdata-sections' '-fno-common"
 291      6E637469 
 291      6F6E2D73 
 291      65637469 
 291      6F6E7327 
 292 00ff 2720272D 		.ascii	"' '-flto'\000"
 292      666C746F 
 292      2700
 293              		.text
 294              		.comm	__gnu_lto_v1,1,1
 295              		.comm	__gnu_lto_slim,1,1
 296              		.ident	"GCC: (GNU Tools for ARM Embedded Processors 6-2017-q1-update) 6.3.1 20170215 (release) [AR
ARM GAS  C:\Users\CYIRKO~1\AppData\Local\Temp\ccOi4PXE.s 			page 22


DEFINED SYMBOLS
                            *ABS*:00000000 nullstreams.c
                            *COM*:00000001 __gnu_lto_v1
                            *COM*:00000001 __gnu_lto_slim

NO UNDEFINED SYMBOLS
