ARM GAS  C:\Users\CYIRKO~1\AppData\Local\Temp\ccUkGCIn.s 			page 1


   1              		.cpu cortex-m7
   2              		.eabi_attribute 20, 1
   3              		.eabi_attribute 21, 1
   4              		.eabi_attribute 23, 3
   5              		.eabi_attribute 24, 1
   6              		.eabi_attribute 25, 1
   7              		.eabi_attribute 26, 1
   8              		.eabi_attribute 30, 2
   9              		.eabi_attribute 34, 1
  10              		.eabi_attribute 18, 4
  11              		.file	"nvic.c"
  12              		.text
  13              	.Ltext0:
  14              		.section	.gnu.lto_.profile.5638d46b,"",%progbits
  15 0000 789C6365 		.ascii	"x\234ce`b`a```d\220\022\003\000\000\312\000="
  15      60626061 
  15      60606064 
  15      90120300 
  15      00CA003D 
  16              		.text
  17              		.section	.gnu.lto_.icf.5638d46b,"",%progbits
  18 0000 789C6365 		.ascii	"x\234ce`b\220b@\000\026\206\027\337\372'q3~\336ur'\033"
  18      60629062 
  18      40001686 
  18      17DFFA27 
  18      71337EDE 
  19 0018 D385E635 		.ascii	"\323\205\3465\217\270\231;\356\375hab\000\000\253P\014"
  19      8FB8993B 
  19      EEFD6861 
  19      620000AB 
  19      500C
  20 002a 3B       		.ascii	";"
  21              		.text
  22              		.section	.gnu.lto_.jmpfuncs.5638d46b,"",%progbits
  23 0000 789C6365 		.ascii	"x\234ce`b\220b@\000\026\006&FF\346\372zF \250g\202\260"
  23      60629062 
  23      40001606 
  23      264646E6 
  23      FA7A4620 
  24 0018 99416C06 		.ascii	"\231Al\006\000)\250\003:"
  24      0029A803 
  24      3A
  25              		.text
  26              		.section	.gnu.lto_.inline.5638d46b,"",%progbits
  27 0000 789C4D8C 		.ascii	"x\234M\214\321\021\2000\014B!M\323\350\217#\324\011"
  27      D1118030 
  27      0C42214D 
  27      D3E88F23 
  27      D409
  28 0012 5CD2453A 		.ascii	"\\\322E:\222\2438\202\261\236U>\270\343\036\220!\330"
  28      92A33882 
  28      B19E553E 
  28      B8E31E90 
  28      21D8
  29 0024 F1498179 		.ascii	"\361I\201y\242pe\204\333\324\316\015\326\252@\216E\021"
  29      A2706584 
  29      DBD4CE0D 
ARM GAS  C:\Users\CYIRKO~1\AppData\Local\Temp\ccUkGCIn.s 			page 2


  29      D6AA408E 
  29      4511
  30 0036 C9833808 		.ascii	"\311\2038\010/d\257$m\365\251\004\325~\"\310J\366\227"
  30      2F64AF24 
  30      6DF5A904 
  30      D57E22C8 
  30      4AF697
  31 0049 14BBDF41 		.ascii	"\024\273\337A(\241\330;\035pLq\001\226\277\015\245"
  31      28A1D83B 
  31      1D704C71 
  31      0196BF0D 
  31      A5
  32              		.text
  33              		.section	.gnu.lto_.pureconst.5638d46b,"",%progbits
  34 0000 789C6365 		.ascii	"x\234ce`b\340d```a\220b\224b\222b\226\002\000\002\321"
  34      6062E064 
  34      60606061 
  34      90629462 
  34      92629602 
  35 0017 0083     		.ascii	"\000\203"
  36              		.text
  37              		.section	.gnu.lto_nvicEnableVector.5638d46b,"",%progbits
  38 0000 789C9D53 		.ascii	"x\234\235SML\023A\024\236o_\267\333B\251g#\021\016&"
  38      4D4C1341 
  38      149E6F5F 
  38      B7DB42A9 
  38      6723110E 
  39 0015 0D1737BD 		.ascii	"\015\0277\275hbL\014\022\274q\321+\027\255\007\232H"
  39      68624C0C 
  39      12BC71D1 
  39      2B17AD07 
  39      9A48
  40 0027 9700126F 		.ascii	"\227\000\022oL\013\226X\215\022\005*\306fk\202\362'"
  40      4C0B9658 
  40      8D12052A 
  40      C6666B82 
  40      F227
  41 0039 94222AA0 		.ascii	"\224\"*\240&MCbz@\243\361f\342A\214\246\007\0146\036"
  41      264D4362 
  41      7A40A3F1 
  41      66E2418C 
  41      A6070C36 
  42 004e 3C00FA66 		.ascii	"<\000\372f\267\211&\352A'\231\231\367\346}\337{\357"
  42      B78926EA 
  42      41279999 
  42      F7E67DDF 
  42      7BEF
  43 0060 9BD9D585 		.ascii	"\233\331\325\205&\216\223\020\255B\210}<A\002\332\360"
  43      268E9310 
  43      AD42887D 
  43      3C4102DA 
  43      F0
  44 0071 0B21E23E 		.ascii	"\013!\342>\015P\206\364A\364k\350\3075J\023\212C\037"
  44      0D5086F4 
  44      41F46BE8 
  44      C7354A13 
  44      8A431F
ARM GAS  C:\Users\CYIRKO~1\AppData\Local\Temp\ccUkGCIn.s 			page 3


  45 0084 57B4A649 		.ascii	"W\264\246I\311\243\220\256\354\225S\005\330L\037\347"
  45      C9A390AE 
  45      EC955305 
  45      D84C1FE7 
  46 0094 A90626D1 		.ascii	"\251\006&\321\304\250W\203\013\267\351*\331\004x\330"
  46      C4A85783 
  46      0BB7E92A 
  46      D90478D8 
  47 00a4 FDB27E6B 		.ascii	"\375\262~k#\250\\\015\215\354\356\310\221\261 \035\203"
  47      23A85C0D 
  47      8DECEEC8 
  47      91B1201D 
  47      83
  48 00b5 607BBC38 		.ascii	"`{\2748\372\266.tW\312\204,\254\215\220<`\023a\006\304"
  48      FAB62E74 
  48      57CA842C 
  48      AC8D903C 
  48      60136106 
  49 00ca 09318D7A 		.ascii	"\0111\215zL\241^\360\221\300,B\014\237M|\332$jv\250"
  49      4CA15EF0 
  49      91C02C42 
  49      0C9F4D7C 
  49      DA246A76 
  50 00df 974A3B1B 		.ascii	"\227J;\033F\225\372a\264J\275\377\007\352\034B\012\377"
  50      4695FA61 
  50      B44ABDFF 
  50      07EA1C42 
  50      0AFF
  51 00f1 3EBF3B5A 		.ascii	">\277;Z\347\365\270\275b\036^\360\236{\215\202\334\375"
  51      E7F5B8BD 
  51      621E5EF0 
  51      9E7B8D82 
  51      DCFD
  52 0103 3E240B6F 		.ascii	">$\013o\356!}\"\000(\270\306D\017\251E\207\252l\260"
  52      EE217D22 
  52      0028B8C6 
  52      440FA945 
  52      87AA6CB0 
  53 0117 A9FBD4E2 		.ascii	"\251\373\324\342\347\305+D\212s\250\313\271L\232\332"
  53      E7C52B44 
  53      8A73A8CB 
  53      B94C9ADA 
  54 0127 A98C4465 		.ascii	"\251\214Deh'W\243\322fH\313\020D\031\003[I\270\007\304"
  54      682757A3 
  54      D26648CB 
  54      10441903 
  54      5B49B807 
  55 013c 67BF5E8B 		.ascii	"g\277^\213\027\036\344\270\2752\212c\245\006\205\341"
  55      171EE4B8 
  55      BD328A63 
  55      A50685E1 
  56 014c E8D8C5E2 		.ascii	"\350\330\305\342KCE\015G\336\322\235\317\337\002\256"
  56      4B43450D 
  56      47DED29D 
  56      CFDF02AE 
  57 015c 2B8B0332 		.ascii	"+\213\0032\310G\3277+\313A\033\2318\337~v\277M>\344"
  57      C847D737 
ARM GAS  C:\Users\CYIRKO~1\AppData\Local\Temp\ccUkGCIn.s 			page 4


  57      2BCB411B 
  57      9938DF7E 
  57      76BF4D3E 
  58 0171 59E70227 		.ascii	"Y\347\002'R\204\365w\213\303{\31499\030\227\2156\371"
  58      5284F577 
  58      8BC37BCC 
  58      39391897 
  58      8D36F9
  59 0184 B1081B37 		.ascii	"\261\010\0337\235wQ\331f\276NQ8\247\202\331\230M5x\000"
  59      9D7751D9 
  59      66BE4E51 
  59      38A782D9 
  59      984D3578 
  60 0199 3343BAF3 		.ascii	"3C\272\363fK\010s\213\252\341J2\223\317V{68\314\304"
  60      664B0873 
  60      8BAAE14A 
  60      3293CF56 
  60      7B3638CC 
  61 01ae D2C4EA76 		.ascii	"\322\304\352v\300\355Y\307C\247\347\201\355\344\264"
  61      C0ED59C7 
  61      43A7E781 
  61      EDE4B4
  62 01bd DF05F95C 		.ascii	"\337\005\371\\\320\215\211\371\225:\005\322\321\200"
  62      D08D89F9 
  62      953A05D2 
  62      D180
  63 01cb 472E682B 		.ascii	"G.h+Y2\\\220_\325_{\236\364\271i\200\307\250g\252\253"
  63      59325C90 
  63      5FD55F7B 
  63      9EF4B969 
  63      80C7A867 
  64 01e1 DEACAAFF 		.ascii	"\336\254\252\377\027m\265Xv\264\341wm}6\005\260\242"
  64      176DB558 
  64      76B4E177 
  64      6D7D3605 
  64      B0A2
  65 01f3 B4198EB6 		.ascii	"\264\031\216\266U\245\315\357\224*\2476j\377\253\330"
  65      55A5CDEF 
  65      942AA736 
  65      6AFFABD8 
  66 0203 13A798F6 		.ascii	"\023\247\230\366\227bO\177\026{\346\026\333D\"\233\273"
  66      97624F7F 
  66      167BE616 
  66      DB44229B 
  66      BB
  67 0214 E25CA3F3 		.ascii	"\342\\\243\363S\244\270Q\376H8\301\321\326#\355-\035"
  67      53A4B851 
  67      FE4838C1 
  67      D1D623ED 
  67      2D1D
  68 0226 D133D153 		.ascii	"\3213\321S\275\347\317F\255\366\210\262\255\236\360"
  68      BDE7CF46 
  68      ADF688B2 
  68      AD9EF0
  69 0235 E143A6D5 		.ascii	"\341C\246\325cv\234>gvY\335\275=f\304\352\354\264bf"
  69      63769C3E 
  69      677659DD 
ARM GAS  C:\Users\CYIRKO~1\AppData\Local\Temp\ccUkGCIn.s 			page 5


  69      BD3D66C4 
  69      EAECB462 
  70 024a F3C9B696 		.ascii	"\363\311\266\226\266\013f\254/\0329\030\021\210y\272"
  70      B60B66AC 
  70      2F1A3918 
  70      118879BA 
  71 025a BAA3D60F 		.ascii	"\272\243\326\017\012\032\035\333"
  71      0A1A1DDB 
  72              		.text
  73              		.section	.gnu.lto_nvicDisableVector.5638d46b,"",%progbits
  74 0000 789C9592 		.ascii	"x\234\225\222Mh\023Q\020\307\337\177g\223lm\023\257"
  74      4D681351 
  74      10C7DF7F 
  74      67936C6D 
  74      13AF
  75 0012 82417B10 		.ascii	"\202A{\020J/.\271(\210\240R\364\326\213^{\321(4`\263"
  75      4A2F2EB9 
  75      2888A052 
  75      F4D68B5E 
  75      7BD12834 
  76 0028 626AF1D6 		.ascii	"bj\361\326\227~\244PQ\213\266\251\025\303F\2104mm\323"
  76      977EA450 
  76      518BB6A9 
  76      15C34688 
  76      346D6DD3 
  77 003c 8FA8ADA7 		.ascii	"\217\250\255\247\260\010\0220\212\202'\301\203\025\321"
  77      B0081230 
  77      8A8227C1 
  77      8315D1
  78 004b 43454B0F 		.ascii	"CEK\017\036juf\327\203\340\311\007\357c\336\376f\376"
  78      1E6A7566 
  78      D783E0C9 
  78      07EF63DE 
  78      FE66FE
  79 005e 33F336A4 		.ascii	"3\3636\244\014u\301P\352\270Rj/O\220\2021\366R\251\254"
  79      0C75C150 
  79      EAB8526A 
  79      2F4F9082 
  79      31F652A9 
  80 0073 650072D0 		.ascii	"e\000r\320\026T\277\201~\334\244I\2027\362i\315h\237"
  80      1654BF81 
  80      7EDCA449 
  80      8237F269 
  80      CD689F
  81 0086 D63C6A93 		.ascii	"\326<j\223\325pN\017\357qI\251)\23620\215v\246^\017"
  81      D5704E0F 
  81      EF7149A9 
  81      299E3230 
  81      8D76A65E 
  82 009b 2DDEA31B 		.ascii	"-\336\243\033\344\022`\262\371\275qw=&\246\201V6\177"
  82      E41260B2 
  82      F9BD7177 
  82      3D26A681 
  82      56367F
  83 00ae EAF17C8C 		.ascii	"\352\361|\214\216A\361y\312\233x\027m{\240\365\200\256"
  83      8E41F179 
  83      CA9B7817 
ARM GAS  C:\Users\CYIRKO~1\AppData\Local\Temp\ccUkGCIn.s 			page 6


  83      6D7BA0F5 
  83      80AE
  84 00c0 BD18277D 		.ascii	"\275\030'}\300%\302,\210\003b\006q\224\021W|\2450\207"
  84      C025C22C 
  84      88036206 
  84      71941157 
  84      7CA53087 
  85 00d4 36E13F2C 		.ascii	"6\341?,\355LD\303f \210\207\010\203\367\312\033\324"
  85      ED4C44C3 
  85      66208887 
  85      0883F7CA 
  85      1BD4
  86 00e6 F4CEAF11 		.ascii	"\364\316\257\021]\373X\302\333S\026 \270\301\216&\311"
  86      5DFB58C2 
  86      DB531620 
  86      B8C18E26 
  86      C9
  87 00f7 62F21252 		.ascii	"b\362\022Rj\224}\244\242kd\310N_0\270\231k\254\024!"
  87      6A947DA4 
  87      A26B64C8 
  87      4E5F30B8 
  87      996BAC14 
  88 010c 710A6414 		.ascii	"q\012d\024\010\254P/=\335n\221dC\010a\236\345\031\333"
  88      08AC502F 
  88      3DDD6E91 
  88      64430861 
  88      9EE519DB 
  89 0120 CECD3405 		.ascii	"\316\3154\005\020\005\320\355\322\302ZT \023\373\261"
  89      1005D0ED 
  89      D2C25A54 
  89      2013FBB1 
  90 0130 1040DF72 		.ascii	"\020@\337r\365H\000I\315\325g\317sV\020\006\250 \316"
  90      F5480049 
  90      CDD567CF 
  90      73561006 
  90      A820CE
  91 0143 AE0C79F9 		.ascii	"\256\014y\371\272-\014\003\371a\357UD\200\260\337\210"
  91      BA2D0C03 
  91      F961EF55 
  91      4480B0DF 
  91      88
  92 0154 EAFDAF3F 		.ascii	"\352\375\257?Z\002S{\203:\306W\26766Wc.\012Ynvq\237"
  92      5A02537B 
  92      833AC657 
  92      B7363657 
  92      632E0A59 
  93 016c 4B112C71 		.ascii	"K\021,qG\026YM\034\032\357\227\307v\333\363z(\253[]"
  93      4716594D 
  93      1C1AEF97 
  93      C776DBF3 
  93      7A28AB5B 
  94 0181 B2B00C17 		.ascii	"\262\260\014\027w\374g\220h\263[eJT\344c\261\317\245"
  94      77FC6790 
  94      68B35B65 
  94      4A54E463 
  94      B1CFA5
  95 0194 26ACC0E6 		.ascii	"&\254\300\346\012\375'\252\"\301)J2[\237\313\353\221"
ARM GAS  C:\Users\CYIRKO~1\AppData\Local\Temp\ccUkGCIn.s 			page 7


  95      0AFD27AA 
  95      22C1294A 
  95      325B9FCB 
  95      EB91
  96 01a6 3FE9FC8F 		.ascii	"?\351\374\217\330.<\362\305\360\257X\332\245f<\0261"
  96      D82E3CF2 
  96      C5F0AF58 
  96      DAA5663C 
  96      1631
  97 01b8 F8624F90 		.ascii	"\370bO\220\370\273\326f(\254r\314\015\014\024\347\256"
  97      F8BBD666 
  97      28AC72CC 
  97      0D0C14E7 
  97      AE
  98 01c9 FB8DF7FF 		.ascii	"\373\215\367\377\233Q\306\371I8\301\243'\217tut\247"
  98      9B51C6F9 
  98      4938C1A3 
  98      278F7475 
  98      74A7
  99 01db CEA5CEF4 		.ascii	"\316\245\316\364^9\237r\272\222rv2\211\303\207l'cw\237"
  99      5E399F72 
  99      BA927276 
  99      3289C387 
  99      6C276377 
 100 01f0 BD685F72 		.ascii	"\275h_r.\367f\354\244\323\323\343\244\355\023\247;;"
 100      2EF766EC 
 100      A4D3D3E3 
 100      A4ED13A7 
 100      3B3B
 101 0202 3AAFDAE9 		.ascii	":\257\332\351\276T\362`R!\375\033\335\"\330\350"
 101      BE54F260 
 101      5221FD1B 
 101      DD22D8E8 
 102              		.text
 103              		.section	.gnu.lto_nvicSetSystemHandlerPriority.5638d46b,"",%progbits
 104 0000 789C6D51 		.ascii	"x\234mQMh\023Q\020\236\357\315f\263\012\366\\\264\207"
 104      4D681351 
 104      109EEFCD 
 104      66B30AF6 
 104      5CB487
 105 0013 1E84D04B 		.ascii	"\036\204\320K\227\\\024D\020\011\342Az\321k/5\025\022"
 105      975C1444 
 105      1009E241 
 105      7AD16B2F 
 105      351512
 106 0026 68B325A9 		.ascii	"h\263%\251\342\255o\223\266\301\012U\3244U\014\033("
 106      E2AD6F93 
 106      B6C10A55 
 106      D434550C 
 106      1B28
 107 0038 526D8D69 		.ascii	"Rm\215i\325K\260H\310\311\034T\364\330\223ZQ\002\006"
 107      D54BB048 
 107      C8C91C54 
 107      F4D8935A 
 107      510206
 108 004b FCE9D5EA 		.ascii	"\374\351\325\352\2745\202\007\037\274}\363\367\315~"
 108      BC358207 
ARM GAS  C:\Users\CYIRKO~1\AppData\Local\Temp\ccUkGCIn.s 			page 8


 108      1FBC7DF3 
 108      F7CD7E
 109 005a DF4C8414 		.ascii	"\337L\204\024uAt\206\210\016\311\005\023\324\365WD\276"
 109      75417486 
 109      880EC905 
 109      13D4F557 
 109      44BE
 110 006c A3006368 		.ascii	"\243\000ch\0074\2430\203k\\f\264\212\237\032jhU\313"
 110      0734A330 
 110      836B5C66 
 110      B48A9F1A 
 110      6A6855CB 
 111 0080 699677ED 		.ascii	"i\226w\355y=\327\0370\321m\271\346`\025CR\365fv\343"
 111      793DD71F 
 111      30D16DB9 
 111      E6601543 
 111      52F56676 
 112 0095 2E2F72C0 		.ascii	"./r\300\200%\356\267\227wv\372\214\2530(n\341\346\363"
 112      8025EEB7 
 112      977776FA 
 112      8CAB3028 
 112      6EE1E6F3 
 113 00a9 2D874F80 		.ascii	"-\207O\200\304\356\352\266o\307\356i\235\327\315\217"
 113      C4EEEAB6 
 113      6FC7EE69 
 113      9DD7CD8F 
 114 00b9 25D68703 		.ascii	"%\326\207\003f\254\201\245!\036`\000\3671@\022\"\254"
 114      66AC81A5 
 114      211E6000 
 114      F7314012 
 114      22AC
 115 00cb 2326E5EB 		.ascii	"#&\345\353\371\317]\346\323!\364J\373\347N\264\007\335"
 115      F9CF5DE6 
 115      D321F44A 
 115      FBE74EB4 
 115      07DD
 116 00dd 2DF7A00F 		.ascii	"-\367\240\017\377\003\255!f\352?l\356\225\016\330\326"
 116      FF03AD21 
 116      66EA3F6C 
 116      EE950ED8 
 116      D6
 117 00ee CA5FBA78 		.ascii	"\312_\272x\004[\224S\375-\232z\357WQ\010\364o\377p\242"
 117      045B9453 
 117      FD2D9A7A 
 117      EF575108 
 117      F46FFF70 
 118 0103 804128C1 		.ascii	"\200A(\301Zl>\021\230\237\023-\010\310\014\344*+\363"
 118      5A6C3E11 
 118      989F132D 
 118      08C80CE4 
 118      2A2BF3
 119 0116 7207F9EF 		.ascii	"r\007\371\357\305Z\343\035L\243\012\253\012\203:(|\235"
 119      C55AE31D 
 119      4CA30AAB 
 119      0A833A28 
 119      7C9D
 120 0128 EF055862 		.ascii	"\357\005Xb\377\316\"\002\013u\341\324Ak\251=lj$\273"
ARM GAS  C:\Users\CYIRKO~1\AppData\Local\Temp\ccUkGCIn.s 			page 9


 120      FFCE2202 
 120      0B75E1D4 
 120      416BA93D 
 120      6C6A24BB 
 121 013c 34D77A1D 		.ascii	"4\327z\0355Y;\324\3447\266nE\376\270z\273\240\373\014"
 121      35593BD4 
 121      E437B66E 
 121      45FEB87A 
 121      BBA0FB0C 
 122 0150 7E39FFDE 		.ascii	"~9\377\336\011P\361e\344\325\203\001G\261)\3426\244"
 122      0950F165 
 122      E4D58301 
 122      47B129E2 
 122      36A4
 123 0162 91017C29 		.ascii	"\221\001|)\275X\333\357\326\364\254\257\007\003v\360"
 123      BD58DBEF 
 123      D6F4ACAF 
 123      070376F0 
 124 0172 180196C3 		.ascii	"\030\001\226\303eHr\345F%\021\257\233\\5\033\360><\201"
 124      654872E5 
 124      462511AF 
 124      9B5C351B 
 124      F03E3C81 
 125 0186 5BE148B8 		.ascii	"[\341H\270\247\247\210\013CY}\276\372l1$\034\356oA4"
 125      A7A7880B 
 125      43597DBE 
 125      FA6C3124 
 125      1CEE6F41 
 126 019b 88364574 		.ascii	"\2106Et\374\324\261\321D*}>}n\372\342x\332\033M\032"
 126      FCD4B1D1 
 126      442A7D3E 
 126      7D6EFAE2 
 126      78DA1B4D 
 127 01b0 DBCBC58F 		.ascii	"\333\313\305\217\036q\275\234\233\032\233p\247\274\354"
 127      1E71BD9C 
 127      9B1A9B70 
 127      A7BCEC
 128 01bf 74CE4D7A 		.ascii	"t\316Mz\223\223^\306=yv$1r\331\315\\J'\207\223\024M"
 128      93935EC6 
 128      3D797624 
 128      3172D9CD 
 128      5C4A2787 
 129 01d6 8D65C627 		.ascii	"\215e\306'.d\255\251l\332\373\015\201\005\264\250"
 129      2E64ADA9 
 129      6CDAFB0D 
 129      8105B4A8 
 130              		.text
 131              		.section	.gnu.lto_nvicClearPending.5638d46b,"",%progbits
 132 0000 789C2D51 		.ascii	"x\234-QMh\023Q\020\236og7I\241\211W\301\240=\010\245"
 132      4D681351 
 132      109E6F67 
 132      3749A189 
 132      57C1A03D 
 133 0016 085D7251 		.ascii	"\010]rQ\020A\245\210\247^\364\332\213\306C\0036+\246"
 133      1041A588 
 133      A75EF4DA 
 133      8BC64303 
ARM GAS  C:\Users\CYIRKO~1\AppData\Local\Temp\ccUkGCIn.s 			page 10


 133      362BA6
 134 0029 166F7D49 		.ascii	"\026o}I\333\004+\330\242mj\305\260\021#\375\3216m\365"
 134      DB042BD8 
 134      A26D6AC5 
 134      B01123FD 
 134      D1366DF5 
 135 003d 60EB252C 		.ascii	"`\353%,^z\250R\257\212\007\005\301C\213\015\036<\264"
 135      5E7AA852 
 135      AF8A0705 
 135      C1438B0D 
 135      1E3CB4
 136 0050 D599AC0F 		.ascii	"\325\231\254\017\336{3\337\373\346\233y3\016Y\264\013"
 136      DE7B33DF 
 136      FBE69B79 
 136      330E59B4 
 136      0B
 137 0061 A20B4474 		.ascii	"\242\013DtL6\230`M~ \312\307,@\015\023\003\015[\030"
 137      4C369860 
 137      4D7E20CA 
 137      C72C400D 
 137      13030D5B 
 138 0076 C604CF30 		.ascii	"\306\004\3170\202\322\217u\253k\316\310j\314lD\213f"
 138      82D28F75 
 138      AB6BCEC8 
 138      6ACC6C44 
 138      8B66
 139 0088 ECA8CF44 		.ascii	"\354\250\317D\263\262ua\016]\302\332\036]y\312\017\330"
 139      B3B27561 
 139      0E5DC2DA 
 139      1E5D79CA 
 139      0FD8
 140 009a 67C01677 		.ascii	"g\300\026wo\353\311\367\204\272\026:\304=0S\345\004"
 140      6FEBC9F7 
 140      84BA163A 
 140      C43D3053 
 140      E504
 141 00ac 9F07893D 		.ascii	"\237\007\211=\033L\177\216w\2760\246`\032\357\247\330"
 141      1B4C7F8E 
 141      77BE30A6 
 141      601AEFA7 
 141      D8
 142 00bd 9CF499B1 		.ascii	"\234\364\231\261\010\026A, \211y$I \302Kt*\377\333\352"
 142      0816412C 
 142      20897924 
 142      4920C24B 
 142      742AFFDB 
 143 00d2 E1743C62 		.ascii	"\341t<b\207\011\361\012\021\251\235\352\237\3200\207"
 143      8709F10A 
 143      11A99DEA 
 143      9FD03087 
 144 00e2 7F4BA6F1 		.ascii	"\177K\246\361\245\206\355\3131@\351\226\004\332\254"
 144      A586EDCB 
 144      3140E996 
 144      04DAAC
 145 00f1 872D87E3 		.ascii	"\207-\207\343\250E4.\201\372\255\373l\351\315?1\322"
 145      A845342E 
 145      81FAADFB 
ARM GAS  C:\Users\CYIRKO~1\AppData\Local\Temp\ccUkGCIn.s 			page 11


 145      6CE9CD3F 
 145      31D2
 146 0103 2C1EBCAB 		.ascii	",\036\274\253B\305*lU\030\222f\263\266\261\337\256\025"
 146      42C52A6C 
 146      55189266 
 146      B3B6B1DF 
 146      AE15
 147 0115 3B70B024 		.ascii	";p\260$5\010m\277x\257-$qHzT[^\217+\311\306\011,\207"
 147      35086DBF 
 147      78AF2D24 
 147      71487A54 
 147      5B5E8F2B 
 148 012e A45FC585 		.ascii	"\244_\305\205hH\262q*)T\001\013\315\322\177uG`\001\202"
 148      6848B271 
 148      2A295401 
 148      0BCDD27F 
 148      75476001 
 149 0143 F266B702 		.ascii	"\362f\267\002\242Q\036\013>FU#\322j\307\233g\273\177"
 149      A2511E0B 
 149      3E465523 
 149      D26AC79B 
 149      67BB7F
 150 0156 DA43D704 		.ascii	"\332C\327\004#&!\320\303\235\346\333\204\217J^Z^=\356"
 150      232621D0 
 150      C39DE6DB 
 150      848F4A5E 
 150      5A5E3DEE 
 151 016a 73142BD2 		.ascii	"s\024+\322\227\272\244\323\200\255\257k\223G\334%3\232"
 151      97BAA4D3 
 151      80ADAF6B 
 151      9347DC25 
 151      339A
 152 017c 371D3EC7 		.ascii	"7\035>\307\260\012\037\217[\303P\265\305\337\363\234"
 152      B00A1F8F 
 152      5BC350B5 
 152      C5DFF39C 
 153 018c AAEB6375 		.ascii	"\252\353cu\310\3476\254\301\225/\266\006\365\032)\251"
 153      C8E736AC 
 153      C1952FB6 
 153      06F51A29 
 153      A9
 154 019d 877650A8 		.ascii	"\207vP\250>\237h\225\327\032\3408C\333\"\234s\227\316"
 154      3E9F6895 
 154      D71AE038 
 154      43DB229C 
 154      7397CE
 155 01b0 F6F5F467 		.ascii	"\366\365\364g\256g\256\016\336\271\221\361\372\322j"
 155      AE67AE0E 
 155      DEB991F1 
 155      FAD26A
 156 01bf 7BB9D499 		.ascii	"{\271\324\231\323\256\227s\373\257\335toy\267\007sn"
 156      D3AE9773 
 156      FBAFDD74 
 156      6F79B707 
 156      736E
 157 01d1 DA1B18F0 		.ascii	"\332\033\030\360\262\356\305+\275=\275w\335\354P&\335"
 157      B2EEC52B 
ARM GAS  C:\Users\CYIRKO~1\AppData\Local\Temp\ccUkGCIn.s 			page 12


 157      BD3DBD77 
 157      DDEC5026 
 157      DD
 158 01e2 9D2664FF 		.ascii	"\235&d\377\001P\300\260\222"
 158      0150C0B0 
 158      92
 159              		.text
 160              		.section	.gnu.lto_.symbol_nodes.5638d46b,"",%progbits
 161 0000 789C6365 		.ascii	"x\234ce`b\360b\000\002\2469L\365\014\014\023\31610\000"
 161      6062F062 
 161      0002A639 
 161      4CF50C0C 
 161      13CE3130 
 162 0015 A95D0D8E 		.ascii	"\251]\015\216@\221\271L\365\214\250\"\363\230\352\231"
 162      4091B94C 
 162      F58CA822 
 162      F398EA99 
 163 0025 5045E633 		.ascii	"PE\3463\3253\243\2100\000\000\276\274\022:"
 163      D533A388 
 163      300000BE 
 163      BC123A
 164              		.text
 165              		.section	.gnu.lto_.refs.5638d46b,"",%progbits
 166 0000 789C6365 		.ascii	"x\234ce`b`d\000\002\000\000I\000\011"
 166      60626064 
 166      00020000 
 166      490009
 167              		.text
 168              		.section	.gnu.lto_.decls.5638d46b,"",%progbits
 169 0000 789CDD59 		.ascii	"x\234\335YiPTY\226\316\2337\023\222\024\320A\242\246"
 169      69505459 
 169      96CE9B37 
 169      139214D0 
 169      41A2A6
 170 0013 A6879E71 		.ascii	"\246\207\236q\034;\212\350\231\026\227\356\322\350\350"
 170      1C3B8AE8 
 170      991697EE 
 170      D2E8E8
 171 0022 88914A74 		.ascii	"\210\221Jt$\242\354&H\265'\242\211 \\\262Z:\024z\004"
 171      24A2EC26 
 171      48B527A2 
 171      89205CB2 
 171      5A3A147A 
 172 0037 67BABA67 		.ascii	"g\272\272g\252\036\002\312\242\010\312b\262(\212,\262"
 172      AA1E02CA 
 172      A208CA62 
 172      B2288A2C 
 172      B2
 173 0048 0808020A 		.ascii	"\010\010\002\012h\212\262*\250\010*\310. \"*\213+ \314"
 173      688AB22A 
 173      A8082AC8 
 173      2E20222A 
 173      8B2B20CC 
 174 005c B9CB231F 		.ascii	"\271\313#\037\217\304\250\037\375k28\357\275s\357\367"
 174      8FC4A81F 
 174      FD6B3238 
 174      EFBD73EF 
ARM GAS  C:\Users\CYIRKO~1\AppData\Local\Temp\ccUkGCIn.s 			page 13


 174      F7
 175 006d CEFDEE39 		.ascii	"\316\375\3569\347n\017\265B\251\310\374g\205\302\037"
 175      E76E0FB5 
 175      42A9C8FC 
 175      6785C21F 
 176 007d 2B142791 		.ascii	"+\024'\221B1\003?\265B\241\310U\230\177*\220+ WAL \225"
 176      4231033F 
 176      B542A1C8 
 176      55987F2A 
 176      902B2057 
 177 0095 8AF9BF03 		.ascii	"\212\371\277\003\360\256\035\334\267\2038\2008\202\024"
 177      F0AE1DDC 
 177      B7833880 
 177      388214
 178 00a4 8238817C 		.ascii	"\2028\201|\001\362\033R\006\230\245 \217\341\271\015"
 178      01F21B52 
 178      0698A520 
 178      8FE1B90D 
 179 00b4 E439C810 		.ascii	"\3449\310\020\0104\255PB\271\015\2105\010\342\355\311"
 179      0834AD50 
 179      42B90D88 
 179      3508E2ED 
 179      C9
 180 00c5 7FFF0B15 		.ascii	"\177\377\013\025\266\026\332\220\333\027\355\212\355"
 180      B616DA90 
 180      DB17ED8A 
 180      ED
 181 00d2 28413488 		.ascii	"(A4\210\265\201x?\344\277@\250\320.\300\237\330.\205"
 181      B581783F 
 181      E4BF40A8 
 181      D02EC09F 
 181      D82E85
 182 00e5 FA6290FF 		.ascii	"\372b\220\377F\314&\261\223\310\355\231\270^\203\346"
 182      46CC26B1 
 182      93C8ED99 
 182      B85E83E6 
 183 00f5 DA0C59C0 		.ascii	"\332\014Y\300&\341\353a\201/y\335\206\333\264\344\343"
 183      26E1EB61 
 183      812F79DD 
 183      86DBB4E4 
 183      E3
 184 0106 788C8A8F 		.ascii	"x\214\212\217\336\254Pv\242v\004}BKh)B\354\212\250P"
 184      DEAC5076 
 184      A276047D 
 184      424B6829 
 184      42EC8AA8 
 185 011b 7546FC21 		.ascii	"uF\374!D\313\241T\251\340\206\305\"$\276\301u%W\225"
 185      44CBA154 
 185      A9E086C5 
 185      2224BEC1 
 185      75255795 
 186 012f DC24FDE3 		.ascii	"\334$\375\343/#\211EV\315Z\022\177\214;{\240\257\211"
 186      2F238945 
 186      56CD5A12 
 186      7F8C3B7B 
 186      A0AF89
 187 0142 6F23A5B9 		.ascii	"o#\245\271\001\204\244/H\0142\332\274~\226\237\302\334"
ARM GAS  C:\Users\CYIRKO~1\AppData\Local\Temp\ccUkGCIn.s 			page 14


 187      0184A42F 
 187      480C32DA 
 187      BC7E969F 
 187      C2DC
 188 0154 3924F67E 		.ascii	"9$\366~\324x{@\333\205:Hi\312\006D\313\022\233{S\225"
 188      D4787B40 
 188      DB853A48 
 188      69CA0644 
 188      CB129B7B 
 189 016a 18420BCF 		.ascii	"\030B\013\317]\03727\255\314\021\330O\363/f\267u\324"
 189      5D1F3237 
 189      ADCC11D8 
 189      4FF32F66 
 189      B775D4
 190 017d 9ECFC691 		.ascii	"\236\317\306\221\030}\241E\244\315\305P\2247|\371\203"
 190      187DA145 
 190      A4CDC550 
 190      94377CF9 
 190      83
 191 018e 1D2B2288 		.ascii	"\035+\"\210\246cc\347\254\261\023}\276\027\234\237D"
 191      A66363E7 
 191      ACB1137D 
 191      BE179C9F 
 191      44
 192 019f D00E5AA4 		.ascii	"\320\016Z\244\"\2556$<\261\007\325Q\213\226\305c\245"
 192      22AD3624 
 192      3CB107D5 
 192      518B96C5 
 192      63A5
 193 01b1 B1FE61A5 		.ascii	"\261\376a\245\0129k\323I#\246\231\327_D\037\026\004"
 193      0A396BD3 
 193      4923A699 
 193      D75F441F 
 193      1604
 194 01c3 252A405A 		.ascii	"%*@Z\224\2130\312B+\011\345/H\340C\005\341\240\020\025"
 194      948B30CA 
 194      422B09E5 
 194      2F48E043 
 194      05E1A010 
 195 01d8 24D86C56 		.ascii	"$\330lV\240<\344\204. '\005\312G\316\244Q\202C9P\230"
 195      A03CE484 
 195      2E202705 
 195      CA47CEA4 
 195      51824339 
 196 01ee 0D85D0CA 		.ascii	"\015\205\320\312\371s\321g\255p$\"\014\224\325W\037"
 196      F973D167 
 196      AD702422 
 196      0C94D557 
 196      1F
 197 01ff 3F5221AD 		.ascii	"?R!\255\263E\003E\026\014p2Y\313\253C\010\231B s\321"
 197      B3450345 
 197      160C7032 
 197      59CBAB43 
 197      08994220 
 198 0215 4C06B831 		.ascii	"L\006\2701?T~\350Z\242\"\251C\000;U\244(<\255n\002\317"
 198      3F547EE8 
 198      5AA222A9 
ARM GAS  C:\Users\CYIRKO~1\AppData\Local\Temp\ccUkGCIn.s 			page 15


 198      43003B55 
 198      A4283CAD 
 199 022c 965D42B4 		.ascii	"\226]B\264\260j\346\235i1\363\200\2228g\344v\362\"\346"
 199      B06AE69D 
 199      6931F380 
 199      923867E4 
 199      76F222E6 
 200 0240 8125A0DE 		.ascii	"\201%\240\336\2727\366\320\366\3638\352\345 a\211\022"
 200      BA37F6D0 
 200      F6F338EA 
 200      E5206189 
 200      12
 201 0251 6DFF0C95 		.ascii	"m\377\014\225\002\221\022 \242@\227\321\347p-F*\326"
 201      02911220 
 201      A24097D1 
 201      E7702D46 
 201      2AD6
 202 0263 E4D4A3C0 		.ascii	"\344\324\243\300a\253\345)BJ\267`\352\272\272\342\351"
 202      61ABE529 
 202      424AB760 
 202      EABABAE2 
 202      E9
 203 0274 4541008A 		.ascii	"EA\000\212\202\212\340\320y3Gx\204k&\352B(\003uB\006"
 203      828AE0D0 
 203      79334778 
 203      846B26EA 
 203      42280375 
 204 028a 5C41CBE1 		.ascii	"\\A\313\341\365\226\316\212\021\214\363Y|-\320\277\231"
 204      F596CE8A 
 204      118CF359 
 204      7C2DD0BF 
 204      99
 205 029b 9FFDD17E 		.ascii	"\237\375\321~A.\025\224K\271\310%\356b\336\264\222s"
 205      412E1594 
 205      4BB9C825 
 205      EE62DEB4 
 205      9273
 206 02ad 69FA3BA3 		.ascii	"i\372;\243`:(\020o\001\012\225\231\231\224\311\231\\"
 206      603A2810 
 206      6F010A95 
 206      999994C9 
 206      995C
 207 02bf A54C0ADE 		.ascii	"\245L\012\336?\017\302\270\2221I\177>q\331V\264\364"
 207      3F0FC2B8 
 207      9231497F 
 207      3E71D956 
 207      B4F4
 208 02d1 F7B39648 		.ascii	"\367\263\226H\237\256\231-]\223[2QK\025\031\361\356"
 208      9FAE992D 
 208      5D935B32 
 208      514B1519 
 208      F1EE
 209 02e3 B88B192A 		.ascii	"\270\213\031*+m{\247\341\206\206~<\207\322u\263\241"
 209      2B6D7BA7 
 209      E186867E 
 209      3C87D275 
 209      B3A1
ARM GAS  C:\Users\CYIRKO~1\AppData\Local\Temp\ccUkGCIn.s 			page 16


 210 02f5 EB724395 		.ascii	"\353rC\225\324PN\313\3512[\026&\301\211d\352\365\303"
 210      D4504ECB 
 210      E9325B16 
 210      26C18964 
 210      EAF5C3
 211 0308 455C1FB1 		.ascii	"E\\\037\261\006=&\367I\011bz\224#\350\203-\031\011v"
 211      063D26F7 
 211      4909627A 
 211      9423E883 
 211      2D190976 
 212 031c 2C8EC219 		.ascii	",\216\302\031\004\005\311SS\301*<\302\250\364<\230\276"
 212      0405C953 
 212      53C12A3C 
 212      C2A8F43C 
 212      98BE
 213 032e C5D33E48 		.ascii	"\305\323>HM\206A\361\263\343\213\264\241\304\2634\005"
 213      4D8641F1 
 213      B3E38BB4 
 213      A1C4B334 
 213      05
 214 033f 49859884 		.ascii	"I\205\230\204\012TGr\012\2718\241Z\226\277\343\217\257"
 214      0A544772 
 214      0AB938A1 
 214      5A96BFE3 
 214      8FAF
 215 0351 A7681DA2 		.ascii	"\247h\035\242(Z\020\226\251h\214\252\001^E\341\365\310"
 215      285A1096 
 215      A9688CAA 
 215      015E45E1 
 215      F5C8
 216 0363 417C89A0 		.ascii	"A|\211\240\373\322\372Rl8s+\320\017E\367\246\332s\346"
 216      FBD2FA52 
 216      6C38732B 
 216      D00F45F7 
 216      A6DA73E6 
 217 0377 84D8DDE8 		.ascii	"\204\330\335\350#'T\234)\031\255\221\017\243\377\015"
 217      2327549C 
 217      2919AD91 
 217      0FA3FF0D 
 218 0387 4F309E8F 		.ascii	"O0\236\217\012N\344\253\031\366\025\301\216N\247\305"
 218      0A4EE4AB 
 218      19F615C1 
 218      8E4EA7C5 
 219 0397 5A2DC8F3 		.ascii	"Z-\310\363\256\310\363\016\343\231\027\322w^\003o;\301"
 219      AEC8F30E 
 219      E39917D2 
 219      775E036F 
 219      3BC1
 220 03a9 548024F3 		.ascii	"T\200$\363\200\023\233\007\212L\343\271*\374\221\266"
 220      80139B07 
 220      8A4CE3B9 
 220      2AFC91B6 
 221 03b9 A42C2EEA 		.ascii	"\244,.\352K\320J\206\372g\245\202\260\004\265@\307\356"
 221      4BD04A86 
 221      FA67A582 
 221      B004B540 
 221      C7EE
ARM GAS  C:\Users\CYIRKO~1\AppData\Local\Temp\ccUkGCIn.s 			page 17


 222 03cb 9B63E334 		.ascii	"\233c\3434;\322G\316\012\370s\005Z\353\204V\3010m\206"
 222      3BD247CE 
 222      0AF87305 
 222      5AEB8456 
 222      C1306D86 
 223 03df 61EAC487 		.ascii	"a\352\304\207i\023\320\271\307\307\371\351\314\233v"
 223      6913D0B9 
 223      C7C7F9E9 
 223      CC9B76
 224 03ee F830A60D 		.ascii	"\3700\246\015\030c\257\027\331\233\033\310Z^H\207\357"
 224      1863AF17 
 224      D99B1BC8 
 224      5A5E4887 
 224      EF
 225 03ff 2368E181 		.ascii	"#h\341\201\271\205\026\264@\023\017-71\336_^be\016\005"
 225      B98516B4 
 225      40130F2D 
 225      3731DE5F 
 225      5E62650E 
 226 0414 A2F61AA0 		.ascii	"\242\366\032\240\3766\365H+\015\305]1\024)9\306ak\342"
 226      FE36F548 
 226      2B0DC55D 
 226      31142939 
 226      C6616BE2 
 227 0428 BEA01F66 		.ascii	"\276\240\037f\275K\010\031\262\226Zo\373\224\365\342"
 227      BD4B0819 
 227      B2965A6F 
 227      FB94F5E2 
 228 0438 AE98309E 		.ascii	"\256\2300\236\222)d2\275\3221jZ\304\364n\342\376\017"
 228      92296432 
 228      BDD2316A 
 228      5AC4F46E 
 228      E2FE0F
 229 044b C3275B34 		.ascii	"\303'[4<\320\366\240\337\030O\032\265\305\3070\033\357"
 229      3CD0F6A0 
 229      DF184F1A 
 229      B5C5C730 
 229      1BEF
 230 045d 8F2B4279 		.ascii	"\217+By\244\327\201zp\250 \321f\301@\367\210\201\356"
 230      A4D7817A 
 230      70A820D1 
 230      66C140F7 
 230      8881EE
 231 0470 663C4306 		.ascii	"f<C\006\222\333\225\362\204\354\004x\007\205\367R\236"
 231      92DB95F2 
 231      84EC0478 
 231      0785F752 
 231      9E
 232 0481 3D22CFF8 		.ascii	"=\"\317\370\027\037~\304\363Q:\347;\3209\037]\030\274"
 232      171F7EC4 
 232      F3513AE7 
 232      3BD0391F 
 232      5D18BC
 233 0494 96A4E52C 		.ascii	"\226\244\345,\311\204x\343~b\266562\226\257\303C\336"
 233      C98478E3 
 233      7E62B635 
 233      363296AF 
ARM GAS  C:\Users\CYIRKO~1\AppData\Local\Temp\ccUkGCIn.s 			page 18


 233      C343DE
 234 04a7 F1714306 		.ascii	"\361qC\006\335\3033\375\357\265\013\262\034\024Y>e,"
 234      DDC333FD 
 234      EFB50BB2 
 234      1C14593E 
 234      652C
 235 04b9 C393CE26 		.ascii	"\303\223\316&[\311Y\366\003\274\217\302\237Q\226\203"
 235      5BC959F6 
 235      03BC8FC2 
 235      9F519683 
 236 04c9 22CBD09C 		.ascii	"\"\313\320\234\310\033\230\305\352\207\254\012\360F"
 236      C81B98C5 
 236      EA87AC0A 
 236      F046
 237 04d7 5D4AB171 		.ascii	"]J\261q\316\260\034\372\224\375w\305\223\217y\267S0"
 237      CEB01CFA 
 237      94FD77C5 
 237      938F79B7 
 237      5330
 238 04e9 F178596B 		.ascii	"\361xYk4_\007\272\245\303\326\221\017\333\300\301\374"
 238      345F07BA 
 238      A5C3D691 
 238      0FDBC0C1 
 238      FC
 239 04fa C3189F62 		.ascii	"\303\030\237b~\030\217\017\011\3230\360\337\202Z\233"
 239      7E188F0F 
 239      09D330F0 
 239      DF825A9B 
 240 050a 98F40F0B 		.ascii	"\230\364\017\013\272aTt\303\010\243y\265\361q\251\215"
 240      BA615474 
 240      C308A379 
 240      B5F171A9 
 240      8D
 241 051b DC0D2F01 		.ascii	"\334\015/\001\376\202\302\307(\315Q\221fQ\305h\2328"
 241      FE82C2C7 
 241      28CD5191 
 241      6651C568 
 241      9A38
 242 052d 7B109AFD 		.ascii	"{\020\232\375\331\275\251Z\234\311hd\231\"jy8RH\254"
 242      D9BDA95A 
 242      9CC96864 
 242      99226A79 
 242      385248AC 
 243 0541 66124792 		.ascii	"f\022G\222mq.\253\024\003\351\300\003y\347Yq\201\022"
 243      6D712EAB 
 243      1403E9C0 
 243      0379E759 
 243      718112
 244 0554 97B0CA8F 		.ascii	"\227\260\312\217]QQ\326\374M\222\233]\255-\005\266\270"
 244      5D5151D6 
 244      FC4D929B 
 244      5DAD2D05 
 244      B6B8
 245 0566 9C55160F 		.ascii	"\234U\026\017\324U\213o\222\312\260\274\336\0105\256"
 245      D4558B6F 
 245      92CAB0BC 
 245      DE0835AE 
ARM GAS  C:\Users\CYIRKO~1\AppData\Local\Temp\ccUkGCIn.s 			page 19


 246 0576 62953D1D 		.ascii	"b\225=\035O\303\355q=Sj\252\017\376\0017\263\347[O\202"
 246      4FC3ED71 
 246      3D536AAA 
 246      0FFE0137 
 246      B3E75B4F 
 247 058b FF95BD14 		.ascii	"\377\225\275\024L&\350\252s\005\2471\363_\012M\377\302"
 247      4C26E8AA 
 247      7305A731 
 247      F35F0A4D 
 247      FFC2
 248 059d EBE1418B 		.ascii	"\353\341A\213q+\005/\276\321\223\221\250A+\370o)\271"
 248      712B052F 
 248      BED19391 
 248      A8412BF8 
 248      6F29B9
 249 05b0 38AF382B 		.ascii	"8\2578+\004\007\012\246w\223\353'\233\203\005\341\220"
 249      04070AA6 
 249      7793EB27 
 249      9B8305E1 
 249      90
 250 05c1 2D7A8C1C 		.ascii	"-z\214\034P#L\016\341\312\245\263\303\016\335\242nZ"
 250      50234C0E 
 250      E1CAA5B3 
 250      C30EDDA2 
 250      6E5A
 251 05d3 4D76ABEC 		.ascii	"Mv\253\354\205\312\277\300%\030\243\347\200~\317\321"
 251      85CABFC0 
 251      2518A3E7 
 251      807ECFD1 
 252 05e3 62D8D1BB 		.ascii	"b\330\321\2739\350 @\377\217\221\242Ir\004*\031z6\263"
 252      39E82040 
 252      FF8F91A2 
 252      4972042A 
 252      197A36B3 
 253 05f7 6E48D164 		.ascii	"nH\321d\236\032\3723\263\015QA\037\271m1V<\257$\350"
 253      9E1AFA33 
 253      B30D5141 
 253      1FB96D31 
 253      563CAF24 
 254 060c FABF98D1 		.ascii	"\372\277\230\321o\345\3507r\336\275\1776\363\236\226"
 254      6FE5E837 
 254      72DEBD7F 
 254      36F39E96 
 255 061c F3769181 		.ascii	"\363v\221\201\307$\340)9xRn\272I\342\222\327r\364\270"
 255      C724E029 
 255      3978526E 
 255      BA49E292 
 255      D772F4B8 
 256 0630 191DCDB3 		.ascii	"\031\035\315\263p\203J\001I\342\004\313\004\251\"h\030"
 256      70834A01 
 256      49E204CB 
 256      04A92268 
 256      18
 257 0641 5CE898D2 		.ascii	"\\\350\230\322\031\035V\256@! \241 \221 A \207@\302"
 257      191D56AE 
 257      402120A1 
 257      20912041 
ARM GAS  C:\Users\CYIRKO~1\AppData\Local\Temp\ccUkGCIn.s 			page 20


 257      208740C2 
 258 0655 4022408E 		.ascii	"@\"@\216\202D\201\034\0049\002\022\254\\Aw\242\314!"
 258      8244811C 
 258      04390212 
 258      AC5C4177 
 258      A2CC21
 259 0668 6D1287BC 		.ascii	"m\022\207\274\222;dX\356\276\011\216\206\005\024\325"
 259      923B6458 
 259      EEBE098E 
 259      860514D5 
 260 0678 70B4B8AC 		.ascii	"p\264\270\254\242\233\363\334'\351\343\200\274\217O"
 260      A29BF3DC 
 260      27E9E380 
 260      BC8F4F
 261 0687 E6D99604 		.ascii	"\346\331\226\004rB\316\344\203\031\315\226\247\007\023"
 261      7242CEE4 
 261      8319CD96 
 261      A70713
 262 0696 0E818280 		.ascii	"\016\201\202\200\010J\301\227&s\247^N:\036\027\204\332"
 262      084AC197 
 262      2673A75E 
 262      4E3A1E17 
 262      84DA
 263 06a8 55645E85 		.ascii	"Ud^\205m\012\263%\316\266p^\231\265\005I?\375\240\353"
 263      6D0AB325 
 263      CEB6705E 
 263      99B50549 
 263      3FFDA0EB 
 264 06bc 26C2292A 		.ascii	"&\302)*\272\004\006\226\237n\\\204\234\227\2626\032"
 264      BA040696 
 264      9F6E5C84 
 264      9C97B236 
 264      1A
 265 06cd A734B073 		.ascii	"\2474\260sG'\340\345h\345\354\002HZ\264\034\027t\034"
 265      4727E0E5 
 265      68E5EC02 
 265      485AB41C 
 265      17741C
 266 06e0 C2F1D708 		.ascii	"\302\361\327\010\015\031\253\221\005c\366\266\341\263"
 266      0D19AB91 
 266      0563F6B6 
 266      E1B3
 267 06ee 5B6ECAC2 		.ascii	"[n\312\302<e\305(m\351\211\004\356\000\256\216\354\210"
 267      3C65C528 
 267      6DE98904 
 267      EE00AE8E 
 267      EC88
 268 0700 E14B5326 		.ascii	"\341KS&\331,5>\271\021\316\327\265\024\242w\204\275"
 268      D92C353E 
 268      B911CED7 
 268      B514A277 
 268      84BD
 269 0712 74C559B4 		.ascii	"t\305Y\264\213(\274\370~\247j\301\251\360\244\222O\205"
 269      8B28BCF8 
 269      7EA76AC1 
 269      A9F0A492 
 269      4F85
ARM GAS  C:\Users\CYIRKO~1\AppData\Local\Temp\ccUkGCIn.s 			page 21


 270 0724 2E7426EC 		.ascii	".t&\354\273\223_\270\230\317\204A\342LhF\033\225\016"
 270      BB935FB8 
 270      98CF8441 
 270      E24C6846 
 270      1B950E
 271 0737 E23B04DD 		.ascii	"\342;\004\335\233\324\373\300\016\027\261v\202s;:\371"
 271      9BD4FBC0 
 271      0E17B176 
 271      82733B3A 
 271      F9
 272 0748 5A7B9270 		.ascii	"Z{\222p\010\311\350\256F\270\214U\276;\324\331\216\261"
 272      08C9E8AE 
 272      46B88C55 
 272      BE3BD4D9 
 272      8EB1
 273 075a 8929E747 		.ascii	"\211)\347G\013\2038\333(\202\034\211\216\015_\214kX"
 273      0B8338DB 
 273      28821C89 
 273      8E0D5F8C 
 273      6B58
 274 076c 6552F2E4 		.ascii	"eR\362\344\217p#{\316\352\310\276\304g\332\367d]|\031"
 274      8F70237B 
 274      CEEAC8BE 
 274      C467DAF7 
 274      645D7C19 
 275 0780 DCDFCD5F 		.ascii	"\334\337\315_\374\034\324\374\362\340\027\374hd\"\323"
 275      FC1CD4FC 
 275      F2E017FC 
 275      686422D3 
 276 0790 D954E6C0 		.ascii	"\331T\346\300g\270\205\275Zw\356\312\024gC\232xq<t\310"
 276      67B885BD 
 276      5A77EECA 
 276      1467439A 
 276      78713C74 
 277 07a5 6E4127A4 		.ascii	"nA'\244\213NHS\262e\353x\177\206\275|=H\205\240\237"
 277      8B4E4853 
 277      B265EB78 
 277      7F86BD7C 
 277      3D4885A0 
 278 07ba 55127806 		.ascii	"U\022x\006\365B\272\350\205'\251UcV|\367HX\036\272w"
 278      F542BAE8 
 278      8527A955 
 278      63567CF7 
 278      48581EBA 
 279 07cf E2       		.ascii	"\342"
 280 07d0 1F7117A3 		.ascii	"\037q\027\243q\25299T\215\007\2302e\2142\361\015\361"
 280      71AA3939 
 280      548D0798 
 280      32658C32 
 280      F10DF1
 281 07e3 20012654 		.ascii	" \001&T\032\367\340W\254n`\274\357\011\302o\230\362"
 281      1AF7E057 
 281      AC6E60BC 
 281      EF09C26F 
 281      98F2
 282 07f5 60A8B38B 		.ascii	"`\250\263\213/\"\335\0048x?\355\251\032\177\344\310"
 282      2F22DD04 
ARM GAS  C:\Users\CYIRKO~1\AppData\Local\Temp\ccUkGCIn.s 			page 22


 282      38783FED 
 282      A91A7FE4 
 282      C8
 283 0806 D8B20A0D 		.ascii	"\330\262\012\015\016QS\245%\346v\274\212!\037\021\344"
 283      0E5153A5 
 283      25E676BC 
 283      8A211F11 
 283      E4
 284 0817 7476DAB4 		.ascii	"tv\332\264\015\216`\225C\306\373)\366\370\004SR\337"
 284      0D8E6095 
 284      43C6FB29 
 284      F6F80453 
 284      52DF
 285 0829 1614F1C5 		.ascii	"\026\024\361\305\365.A\316T\276{d\207\023Y\345\323\346"
 285      F52E41CE 
 285      54BE7B64 
 285      871359E5 
 285      D3E6
 286 083b EC202B9C 		.ascii	"\354 +\234\306\224K\351\205Y\034YK\220/\214#\315\213"
 286      C6944BE9 
 286      85591C59 
 286      4B902F8C 
 286      23CD8B
 287 084e 712EAB4C 		.ascii	"q.\253L\231\216>\273H\334\003\204\376\220=@uOj\002\017"
 287      998E3EBB 
 287      48DC0384 
 287      FE903D40 
 287      754F6A02 
 288 0863 A289987B 		.ascii	"\242\211\230{[n\202\266\012\2319\343\241\312\303V\370"
 288      5B6E82B6 
 288      0A9939E3 
 288      A1CAC356 
 288      F8
 289 0874 32538E05 		.ascii	"2S\216\005u~\307\200\277\002\355\310\311\214(+\026\335"
 289      757EC780 
 289      BF02EDC8 
 289      C98C282B 
 289      16DD
 290 0886 6EB2CC7E 		.ascii	"n\262\314~l\017\234V\262j\262U\233<\330\031\271pDMb"
 290      6C0F9C56 
 290      B26AB255 
 290      9B3CD819 
 290      B970444D 
 291 089b 44AFB188 		.ascii	"D\257\261\210\336I\213\012R\311#z\025\"ZA#z\235F\324"
 291      DE498B0A 
 291      52C9237A 
 291      15225A41 
 291      237A9D46 
 292 08b0 244634A7 		.ascii	"$F4\247\241\246\235\373?\224$Vn\371\2130\336\205\327"
 292      A1A69DFB 
 292      3F942456 
 292      6EF98B30 
 292      DE85D7
 293 08c3 64DD0EAF 		.ascii	"d\335\016\257\351\313[\314\027R\262\331\310>\324\232"
 293      E9CB5BCC 
 293      1752B2D9 
 293      C83ED49A 
ARM GAS  C:\Users\CYIRKO~1\AppData\Local\Temp\ccUkGCIn.s 			page 23


 294 08d3 CCF71EED 		.ascii	"\314\367\036\355\344\375g\245\327\036h\026\344V-r\253"
 294      E4FD67A5 
 294      D71E6816 
 294      E4562D72 
 294      AB
 295 08e4 62DC129A 		.ascii	"b\334\022\232o\206X\313\271\335\004n7(\267\032\312\255"
 295      6F8658CB 
 295      B9DD046E 
 295      3728B71A 
 295      CAAD
 296 08f6 5AE436F4 		.ascii	"Z\3446\364\246\177F\203\2571\217%\025\235\370\003\256"
 296      A67F4683 
 296      AF318F25 
 296      159DF803 
 296      AE
 297 0907 62CF39A3 		.ascii	"b\3179\243\321i\010\337fJh\317\341\373|\277\360\236"
 297      D16908DF 
 297      664A68CF 
 297      E1FB7CBF 
 297      F09E
 298 0919 6E9B23A2 		.ascii	"n\233#\242\033\354\361}VY\035\227\030k\203\0372e\346"
 298      1BECF17D 
 298      56591D97 
 298      186B831F 
 298      3265E6
 299 092c 596B2AEF 		.ascii	"Yk*\357\333\010\375\3121\225\\\302uG\311\256\304\221"
 299      DB08FDCA 
 299      31955CC2 
 299      7547C9AE 
 299      C491
 300 093e EF4A7AC2 		.ascii	"\357Jz\302\023\343\021\356`\357NET\030\027>\3734\211"
 300      13E311EE 
 300      60EF4E45 
 300      5418173E 
 300      FB3489
 301 0951 FDBCC012 		.ascii	"\375\274\300\022\341CpI7\222\367\363.\364\363\016\355"
 301      E1437049 
 301      3792F7F3 
 301      2EF4F30E 
 301      ED
 302 0962 E77DDACF 		.ascii	"\347}\332\317&\261\237a-\355\027\347\240/+?\201\276"
 302      26B19F61 
 302      2DED17E7 
 302      A02F2B3F 
 302      81BE
 303 0974 3F702698 		.ascii	"?p&\230\017\367\273\364\203\012\377f\340\300\276\031"
 303      0FF7BBF4 
 303      830AFF66 
 303      E0C0BE19 
 304 0984 88DB2747 		.ascii	"\210\333'G\276}\032?\026\325\211p?\353E\345X~\006\177"
 304      BE7D1A3F 
 304      16D58970 
 304      3FEB45E5 
 304      587E067F 
 305 0998 97E459A8 		.ascii	"\227\344Y\250q\354\356\342\005;\325&v\252\225\005\257"
 305      71ECEEE2 
 305      053BD526 
ARM GAS  C:\Users\CYIRKO~1\AppData\Local\Temp\ccUkGCIn.s 			page 24


 305      76AA9505 
 305      AF
 306 09a9 F57D559B 		.ascii	"\365}U\233Z\336\251\207@\363\001\245\371\230\322l\023"
 306      5ADEA987 
 306      40F301A5 
 306      F998D26C 
 306      13
 307 09ba 6976161A 		.ascii	"iv\026\032\007\254\345\235Z\020\035Qu\251\232\247a-"
 307      07ACE59D 
 307      5A101D51 
 307      75A99AA7 
 307      612D
 308 09cc D1278B2E 		.ascii	"\321'\213.f\251\3610\037\317\211\231\005\032<\316\224"
 308      66A9F130 
 308      1FCF8999 
 308      051A3CCE 
 308      94
 309 09dd 9297D925 		.ascii	"\222\227\331%v|\214\321\224*{]\317\327\007\215\244\332"
 309      767C8CD1 
 309      942A7B5D 
 309      CFD7078D 
 309      A4DA
 310 09ef 9157571E 		.ascii	"\221WW\036K\335\200'\324?`y\350\023\273\273\212\366"
 310      4BDD8027 
 310      D43F6079 
 310      E813BBBB 
 310      8AF6
 311 0a01 36B622F6 		.ascii	"6\266\"\366\322\274\211\261\027\370\367P\376\375\224"
 311      D2BC89B1 
 311      17F8F750 
 311      FEFD94
 312 0a10 7F9FC8FF 		.ascii	"\177\237\310\377\302\233\361+Zyo\027Dg\016$E\3620\254"
 312      C29BF12B 
 312      5A796F17 
 312      44670E24 
 312      45F230AC 
 313 0a24 07F5E487 		.ascii	"\007\365\344\2073Cv8\320\212\222|\361r*\317\036\037"
 313      33437638 
 313      D08A927C 
 313      F1722ACF 
 313      1E1F
 314 0a36 624A5949 		.ascii	"bJYIy5\357\334*2\370r\2567.\302\021\254n*\352t\241\015"
 314      7935EFDC 
 314      2A32F872 
 314      AE372EC2 
 314      11AC6E2A 
 315 0a4e 8E664AE2 		.ascii	"\216fJ\342x\3073\236\312\316\244\327\251\247\216\333"
 315      78C7339E 
 315      CACEA4D7 
 315      A9A78EDB 
 316 0a5e E0385637 		.ascii	"\3408V7\023\025j\264\306\211L\211i\214I]\204S\23029"
 316      13156AB4 
 316      C6894C89 
 316      698C495D 
 316      84539832 
 317 0a73 18D3CA67 		.ascii	"\030\323\312gi[\311!\304\221\037BL\0311\377\204\323"
 317      695BC921 
ARM GAS  C:\Users\CYIRKO~1\AppData\Local\Temp\ccUkGCIn.s 			page 25


 317      C4911F42 
 317      4C1931FF 
 317      84D3
 318 0a85 19F4616B 		.ascii	"\031\364ak\360e\016]\004j\324\255\256\377X\320\223o"
 318      F0650E5D 
 318      046AD4AD 
 318      AEFF58D0 
 318      936F
 319 0a97 444FBE66 		.ascii	"DO\276f\211S_{\373\250J~L\036\003\347\214R\347\274\245"
 319      89535F7B 
 319      FBA84A7E 
 319      4C1E03E7 
 319      8C52E7BC 
 320 0aac CE79233A 		.ascii	"\316y#:'\325\0304\241\226\037{\027DW4\265o\300\331\214"
 320      27D51834 
 320      A1961F7B 
 320      17445734 
 320      B56FC0D9 
 321 0ac1 E39BC6F6 		.ascii	"\343\233\306\366\036\204\363\230\022|\253.\303\032\027"
 321      1E84F398 
 321      127CAB2E 
 321      C31A17
 322 0ad0 3265F87C 		.ascii	"2e\370|C-\314\275L\351\033\230(\305\370*S\322\207\317"
 322      432DCCBD 
 322      4CE91B98 
 322      28C5F82A 
 322      53D287CF 
 323 0ae4 1EB5C137 		.ascii	"\036\265\3017\230R\223[\027\317Oa9d)\235j\277\366\312"
 323      9852935B 
 323      17CF4F61 
 323      3964299D 
 323      6ABFF6CA 
 324 0af8 963BE4A7 		.ascii	"\226;\344\247d\271\273}\255\301\026\327Q\360\317\323"
 324      64B9BB7D 
 324      ADC116D7 
 324      51F0CFD3 
 325 0b08 E3734AAD 		.ascii	"\343sJ\255g\017\021\237\372-e7gQgG\201\351\010\234u"
 325      670F119F 
 325      FA2D6537 
 325      67516747 
 325      81E9089C 
 326 0b1d 5110C2AC 		.ascii	"Q\020\302\254\350a\340<l\302\322\260\3440\220I{\233"
 326      E861E03C 
 326      6CC2D2B0 
 326      E4309049 
 326      7B9B
 327 0b2f 87D82632 		.ascii	"\207\330&2\006^\030\013\305\354\360@r\253S\216\357\230"
 327      065E180B 
 327      C5ECF040 
 327      72AB538E 
 327      EF98
 328 0b41 83A79BCE 		.ascii	"\203\247\233\316p\216\207\255\014\272$\307\027\315\263"
 328      708E87AD 
 328      0CBA24C7 
 328      17CDB3
 329 0b50 DF162EB1 		.ascii	"\337\026.\261_&\307_\231\203'\035\230\370\316|\226\231"
 329      5F26C75F 
ARM GAS  C:\Users\CYIRKO~1\AppData\Local\Temp\ccUkGCIn.s 			page 26


 329      9983271D 
 329      98F8CE7C 
 329      9699
 330 0b62 92C35DE4 		.ascii	"\222\303]\344\350\2410l\206\327\311\341\354\0141\007"
 330      E8A1306C 
 330      86D7C9E1 
 330      EC0C3107 
 331 0b72 FFBD193E 		.ascii	"\377\275\031>\"\207\367\315\203\267EH\314\347\311\361"
 331      2287F7CD 
 331      83B74548 
 331      CCE7C9F1 
 332 0b82 17E691AF 		.ascii	"\027\346\221\257\014\225\340\207\345\370!\245\354\334"
 332      0C95E087 
 332      E5F821A5 
 332      ECDC
 333 0b90 3624359F 		.ascii	"6$5\237#\207g\3173_/\305_\224\343\013\346\323\221\342"
 333      238767CF 
 333      335F2FC5 
 333      5F94E30B 
 333      E6D391E2 
 334 0ba4 0B2DE3A5 		.ascii	"\013-\343\245t\216H\340\011rx\234\034>!\205\013X\006"
 334      748E48E0 
 334      0972789C 
 334      1C3E2185 
 334      0B5806
 335 0bb7 8F95C3C7 		.ascii	"\217\225\303\307$\256\177%7\376B\216\256\224\240'\345"
 335      24AE7F25 
 335      37FE428E 
 335      AE94A027 
 335      E5
 336 0bc8 E81E299A 		.ascii	"\350\036)\232&\361w\346\034\373h1i\244'\332p\314\316"
 336      26F177E6 
 336      1CFB6831 
 336      69A427DA 
 336      70CCCE
 337 0bdb 4DB069A1 		.ascii	"M\260i\241g\035\202\026\2672\374\224%\365b\2234\250"
 337      671D8216 
 337      B732FC94 
 337      25F56293 
 337      34A8
 338 0bed CFE4D69F 		.ascii	"\317\344\326\237\312\271\014I\007T\227\345\001%=\215"
 338      CAB90C49 
 338      075497E5 
 338      01253D8D 
 339 0bfd 4BC7530D 		.ascii	"K\307S\015\222\301K\346\215\277\3720\011\376\243\034"
 339      92C14BE6 
 339      8DBFFA30 
 339      09FEA31C 
 340 0c0d DF382F07 		.ascii	"\3378/\007z\245QJ\222\323I\234\207o\2228\376\203\034"
 340      7AA5514A 
 340      92D3499C 
 340      876F9238 
 340      FE831C
 341 0c20 FE605E50 		.ascii	"\376`^P\245\343\257V\016\257\224w\266\362\010w=\234"
 341      A5E3AF56 
 341      0EAF9477 
 341      B6F20877 
ARM GAS  C:\Users\CYIRKO~1\AppData\Local\Temp\ccUkGCIn.s 			page 27


 341      3D9C
 342 0c32 00D0390E 		.ascii	"\000\3209\016\027\317\005\350\314\034\353\3448\374="
 342      17CF05E8 
 342      CC1CEBE4 
 342      38FC3D
 343 0c41 5C02E1F0 		.ascii	"\\\002\341\360\003\350q\216\026\347l~\224\220p\351\225"
 343      03E8718E 
 343      16E76C7E 
 343      949070E9 
 343      95
 344 0c52 667BAEE5 		.ascii	"f{\256\345\321$M_IG_Z\316\3079~\221\372\361\264\034"
 344      D1244D5F 
 344      49475F5A 
 344      CEC7397E 
 344      91FAF1B4 
 345 0c67 7F6AFE58 		.ascii	"\177j\376X\225\230\237\260\234\300s\340\322${ny\346"
 345      95989FB0 
 345      9CC073E0 
 345      D2247B6E 
 345      79E6
 346 0c79 904EABBD 		.ascii	"\220N\253\275\322i\265T\216/\221'eS\230\004\336 \207"
 346      D269B554 
 346      8E2F9127 
 346      65539804 
 346      DE2087
 347 0c8c DF9A0797 		.ascii	"\337\232\007\227Z/\267<iK\\\331&\351\353{\3139\303\270"
 347      5A2FB73C 
 347      694B5CD9 
 347      26E9EB7B 
 347      CB39C3B8 
 348 0ca0 4BBF01CC 		.ascii	"K\277\001\314@ \247i\035\201\223\017\0009\330\031E\343"
 348      4020A769 
 348      1D81930F 
 348      0039D819 
 348      45E3
 349 0cb2 15280424 		.ascii	"\025(\004$\012\3444\310I\220s \211 \207A\216\201$\203"
 349      0AE434C8 
 349      49907320 
 349      89208741 
 349      8E812483 
 350 0cc6 8481A480 		.ascii	"\204\201\244\200\234\000\311\003)\000\211\0019\010\222"
 350      9C00C903 
 350      29008901 
 350      390892
 351 0cd5 0E520812 		.ascii	"\016R\010\022\007r\026\344\002\310y\220C F\220|\220"
 351      077216E4 
 351      02C87990 
 351      43204690 
 351      7C90
 352 0ce7 2C90E320 		.ascii	",\220\343 \251 \301 g@bA2A\202@\216\200D\200\024\201"
 352      A920C120 
 352      67406241 
 352      32418240 
 352      8E804480 
 353 0cfd 84822481 		.ascii	"\204\202$\201\204\203\\\004\011\004I\000\311\0069\005"
 353      84835C04 
 353      09044900 
ARM GAS  C:\Users\CYIRKO~1\AppData\Local\Temp\ccUkGCIn.s 			page 28


 353      C9063905 
 354 0d0d 920B120F 		.ascii	"\222\013\022\017r\024$\003$\022\213\337\213b \177'B"
 354      72142403 
 354      24128BDF 
 354      8B62207F 
 354      2742
 355 0d1f 79CEB743 		.ascii	"y\316\267C\026?\342\336\021\267\254\250E>D\306\216H"
 355      163FE2DE 
 355      11B7ACA8 
 355      453E44C6 
 355      8E48
 356 0d31 C677BCE5 		.ascii	"\306w\274\345IX\2328c\341\222\304)\266\274\036K\"\333"
 356      49589A38 
 356      63E192C4 
 356      29B6BC1E 
 356      4B22DB
 357 0d44 2B4D847A 		.ascii	"+M\204z\313\013\246t\032\226Z\017\224\303\237\310\341"
 357      CB0BA674 
 357      1A965A0F 
 357      94C39FC8 
 357      E1
 358 0d55 F5D24192 		.ascii	"\365\322A\222by\220H>I\015L\263OR\200\232\373I\212\330"
 358      62799048 
 358      3E490D4C 
 358      B34F5280 
 358      9AFB498A 
 359 0d6a EA3C22DD 		.ascii	"\352<\"\335\311$[\236\271$=k\223\366\354\266\345\024"
 359      C9245B9E 
 359      B9243D6B 
 359      93F6ECB6 
 359      E514
 360 0d7c 9FB3B64B 		.ascii	"\237\263\266KG\334\240\345i}\316\306'\214\307\021\316"
 360      47DCA0E5 
 360      697DCEC6 
 360      278CC711 
 360      CE
 361 0d8d 93F4C31F 		.ascii	"\223\364\303\037\301\213\247L>\325\315\216P2y\211q\037"
 361      C18BA74C 
 361      3ED5CD8E 
 361      50327989 
 361      711F
 362 0d9f 00FC136E 		.ascii	"\000\374\023n_\334\274\243\356y3\251t\366\312\262\274"
 362      5FDCBCA3 
 362      EE7933A9 
 362      74F6CAB2 
 362      BC
 363 0db0 6F5B6DB6 		.ascii	"o[m\266^)\262i\006\353\3678\\<\335\361\317\356\022\353"
 363      5E29B269 
 363      06EBF738 
 363      5C3CDDF1 
 363      CFEE12EB 
 364 0dc4 4D52EBF9 		.ascii	"MR\353\371\22672\342\367\275\306\256\330F\025\276C\367"
 364      963732E2 
 364      F7BDC6AE 
 364      D84615BE 
 364      43F7
 365 0dd6 A3CA7B3D 		.ascii	"\243\312{=o\343\324h\251\263\245\221\213J`\300\376\177"
ARM GAS  C:\Users\CYIRKO~1\AppData\Local\Temp\ccUkGCIn.s 			page 29


 365      6FE3D468 
 365      A9B3A591 
 365      8B4A60C0 
 365      FE7F
 366 0de8 1DBC2C43 		.ascii	"\035\274,C\253\217\342 \222\241\305\320\313Kx\366\213"
 366      AB8FE220 
 366      92A1C5D0 
 366      CB4B78F6 
 366      8B
 367 0df9 264958EA 		.ascii	"&IX\352\253\346\346\326\243j\351G\307b\211_\025\250"
 367      ABE6E6D6 
 367      A36AE947 
 367      C762895F 
 367      15A8
 368 0e0b 14B38F8E 		.ascii	"\024\263\217\216p'_(\373\343\300\261\217\330\251\340"
 368      70275F28 
 368      FBE3C0B1 
 368      8FD8A9E0 
 369 0e1b EC60431D 		.ascii	"\354`C\035?\204\375\230|\207:1\034\211\330\241`\220"
 369      3F84FD98 
 369      7C873A31 
 369      1C89D8A1 
 369      6090
 370 0e2d 1CB0CF34 		.ascii	"\034\260\3174\214\307i\361\000\303\226V\274X\303\240"
 370      8CC769F1 
 370      00C39656 
 370      BC58C3A0 
 371 0e3d E4BF10F7 		.ascii	"\344\277\020\367N%\364\242\005\217IW1?&U`zLjy_1a\213"
 371      4E25F4A2 
 371      058F4957 
 371      313F2655 
 371      607A4C6A 
 372 0e56 5F5143AA 		.ascii	"_QC\252\356\324\261\347V\310\331\011!-\010\355\"\374"
 372      EED4B1E7 
 372      56C8D909 
 372      212D08ED 
 372      22FC
 373 0e68 3490BE58 		.ascii	"4\220\276X\213\256a\314\007\240\"A\000\363#\337\223"
 373      8BAE61CC 
 373      07A02241 
 373      00F323DF 
 373      93
 374 0e79 624BFFB8 		.ascii	"bK\377\2704A\254+i;7\260\023\272\016\015%\010\032ZB"
 374      3441AC2B 
 374      693B37B0 
 374      13BA0E0D 
 374      25081A5A 
 375 0e8e BE39BE4B 		.ascii	"\2769\276KO\323HOZ\304v\031\340\256`\302\357&v\020Y"
 375      4FD3484F 
 375      5AC47619 
 375      E0AE60C2 
 375      EF267610 
 376 0ea3 127454C3 		.ascii	"\022tT\303\031\366OA\322F\350'\333\000t\\WB\207Vj\273"
 376      19F64F41 
 376      D246E827 
 376      DB00745C 
 376      57428756 
ARM GAS  C:\Users\CYIRKO~1\AppData\Local\Temp\ccUkGCIn.s 			page 30


 377 0eb9 EA53B6D3 		.ascii	"\352S\266\323\352\217\025\343\237\244\012wM\202\351"
 377      EA8F15E3 
 377      9FA40A77 
 377      4D82E9
 378 0ec8 F1D55589 		.ascii	"\361\325U\211\007MB\320\006T\215\035P9\204\322\204\226"
 378      074D42D0 
 378      06548D1D 
 378      503984D2 
 378      8496
 379 0eda 4B5EBD0C 		.ascii	"K^\275\014%[\225\012T\203\177\242X\342\373_>\2736\372"
 379      255B950A 
 379      54837FA2 
 379      58E2FB5F 
 379      3EBB36FA 
 380 0eee EED8B9D7 		.ascii	"\356\330\271\327\260\335\260+\300o\277\346\337\177\275"
 380      B0DDB02B 
 380      C06FBFE6 
 380      DF7FBD
 381 0efd 6D996EF5 		.ascii	"m\231n\365j\205\326\333\373\200\217o\300\3325\336\001"
 381      6A85D6DB 
 381      FB808F6F 
 381      C0DA35DE 
 381      01
 382 0f0e DF187EE9 		.ascii	"\337\030~\351\265k\217\317N\037\377\200\003\273}\374"
 382      B56B8FCF 
 382      4E1FFF80 
 382      03BB7DFC 
 383 0f1e BC02FCFC 		.ascii	"\274\002\374\374\366\372{\375\336\367\3002\372\264l"
 383      F6FA7BFD 
 383      DEF7C032 
 383      FAB46C
 384 0f2d C7FE7DCB 		.ascii	"\307\376}\313\014\373v\032v\3576\354\366\372r\345\332"
 384      0CFB761A 
 384      76EF36EC 
 384      F6FA72E5 
 384      DA
 385 0f3e 656B56AD 		.ascii	"ekV\255^\367\237\253\275\240\374g\276~\276\206\237\031"
 385      5EF79FAB 
 385      BDA0FC67 
 385      BE7EBE86 
 385      9F19
 386 0f50 76ECF4F1 		.ascii	"v\354\364\361\362\361\335\265\367\300n\203\327\276\035"
 386      F2F1DDB5 
 386      F7C06E83 
 386      D7BE1D
 387 0f5f 60CBD7E0 		.ascii	"`\313\327\340\345\275\333\360\315\216\003{\003\274\003"
 387      E5BDDBF0 
 387      CD8E037B 
 387      03BC03
 388 0f6e BEFDA3C1 		.ascii	"\276\375\243\301\177\345\036\205Fl\357w\177\325\366"
 388      7FE51E85 
 388      466CEF77 
 388      7FD5F6
 389 0f7d FCBFF5F7 		.ascii	"\374\277\365\367\362\366\017\330\015\306\241\221_m\374"
 389      F2F60FD8 
 389      0DC6A191 
 389      5F6DFC
ARM GAS  C:\Users\CYIRKO~1\AppData\Local\Temp\ccUkGCIn.s 			page 31


 390 0f8c A5978ED8 		.ascii	"\245\227\216\330\3263\333\264\035?\377\325\353\276t"
 390      D633DBB4 
 390      1D3FFFD5 
 390      EBBE74
 391 0f9b F1F377D9 		.ascii	"\361\363w\331\263"
 391      B3
 392 0fa0 63AFCB1F 		.ascii	"c\257\313\037\375\366\007\370\273\354\362\333\267\317"
 392      FDF607F8 
 392      BBECF2DB 
 392      B7CF
 393 0fae CFD7C5D5 		.ascii	"\317\327\305\325s\213n\313\237\\\210\227V\356R\374\015"
 393      738B6ECB 
 393      9F5C8897 
 393      56EE52FC 
 393      0D
 394 0fbf B9BBF9F8 		.ascii	"\271\273\371\370\233\335\345DJ\364\206\000\375\267\376"
 394      9BDDE544 
 394      4AF48600 
 394      FDB7FE
 395 0fce 01867D9B 		.ascii	"\001\206}\233w\370\356\336k\330\357\261\337\307o\277"
 395      77F8EEDE 
 395      6BD8EFB1 
 395      DFC76FBF 
 396 0fde 4FC0B7D4 		.ascii	"O\300\267\324\271\272\275\206\035\373=\014\276\320\376"
 396      B9BABD86 
 396      1DFB3D0C 
 396      BED0FE
 397 0fed EF6D3C37 		.ascii	"\357m<7\3527zn\337\350\366\013\245\273\207\015s\360"
 397      EA377A6E 
 397      DFE8F60B 
 397      A5BB870D 
 397      73F0
 398 0fff 7A       		.ascii	"z"
 399 1000 EF006B7E 		.ascii	"\357\000k~\237\255\376\271\312\335\365+\317Yu\255\312"
 399      9FADFEB9 
 399      CADDF52B 
 399      CF5975AD 
 399      CA
 400 1011 5DE76156 		.ascii	"]\347aV\327\250\334\365\036\236\032O\246\255\206\312"
 400      D7A8DCF5 
 400      1E9E1A4F 
 400      A6AD86CA 
 401 1021 8DE6CA55 		.ascii	"\215\346\312UP\271\321S\245\337\352\356\351\372\311"
 401      50B9D153 
 401      A5DFEAEE 
 401      E9FAC9
 402 1030 AEF20E1A 		.ascii	"\256\362\016\032\376\024\340\242\333\242w\327\273p\177"
 402      FE14E0A2 
 402      DBA277D7 
 402      BB707F
 403 103f 41C57E83 		.ascii	"A\305~\203\367\256}\353\300Y6\277\336\356\256\363\336"
 403      F7AE7DEB 
 403      C05936BF 
 403      DEEEAEF3 
 403      DE
 404 1050 0AF199B5 		.ascii	"\012\361\231\265\277\336\312u\363Wz\235\247J\347\252"
 404      BFDECA75 
ARM GAS  C:\Users\CYIRKO~1\AppData\Local\Temp\ccUkGCIn.s 			page 32


 404      F3577A9D 
 404      A74AE7AA 
 405 1060 F324CF1E 		.ascii	"\363$\317\036ps\333\252\333\0027wz\233\205\256\263r"
 405      7073DBAA 
 405      DB023777 
 405      7A9B85AE 
 405      B372
 406 1072 D3E9DCF5 		.ascii	"\323\351\334\365\277\325\220\333\226\355\256:5<\350"
 406      BFD590DB 
 406      96EDAE3A 
 406      353CE8
 407 1081 7F6B0D57 		.ascii	"\177k\015W\242\361\3736(u\247\245\024c\355N\357\333"
 407      A2F1FB36 
 407      2875A7A5 
 407      1463ED4E 
 407      EFDB
 408 1093 66AD7C49 		.ascii	"f\255|IJ\\\277\376z\233z\313\366M\236k\350u5\275\256"
 408      4A5CBFFE 
 408      7A9B7ACB 
 408      F64D9E6B 
 408      E87535BD 
 409 10a8 52EB3C08 		.ascii	"R\353<\010\011\235^\277\361k\270\351\364\356n\236X\267"
 409      099D5EBF 
 409      F16BB8E9 
 409      F4EE6E9E 
 409      58B7
 410 10ba D553ADFB 		.ascii	"\325S\255\373\032\236\254\335\335\274\335\365\256@\313"
 410      1A9EACDD 
 410      DDBCDDF5 
 410      AE40CB
 411 10c9 CD7BCB26 		.ascii	"\315{\313&zse77v\363\330\344\251r\335\244\367T}\265"
 411      7A736537 
 411      3776F3D8 
 411      E4A972DD 
 411      A4F7547D 
 412 10de C9D553BD 		.ascii	"\311\325S\275e\013\\UnD\337L.:\270\250\365\233u\360"
 412      650B5C55 
 412      6E44DF4C 
 412      2E3AB8A8 
 412      F59B75F0 
 413 10f2 A8DFEC01 		.ascii	"\250\337\354\001vu\236\030\372\255vu\367\204\336o\337"
 413      76759E18 
 413      FAAD7675 
 413      F784DE6F 
 413      DF
 414 1103 FA1B4F70 		.ascii	"\372\033Op<@t\036\333\334\335\324\256_\001\\\243\327"
 414      3C40741E 
 414      DBDCDDD4 
 414      AE5F015C 
 414      A3D7
 415 1115 7D45BD65 		.ascii	"}E\275e\347\355\375\315\001\337]\336\336+\327\257\372"
 415      E7EDFDCD 
 415      01DF5DDE 
 415      DE2BD7AF 
 415      FA
 416 1126 C55A8DA8 		.ascii	"\305Z\215\250\251v\355\331\261\377\377\000'\351\363"
 416      A976EDD9 
ARM GAS  C:\Users\CYIRKO~1\AppData\Local\Temp\ccUkGCIn.s 			page 33


 416      B1FFFF00 
 416      27E9F3
 417 1135 61       		.ascii	"a"
 418              		.text
 419              		.section	.gnu.lto_.symtab.5638d46b,"",%progbits
 420 0000 6E766963 		.ascii	"nvicEnableVector\000"
 420      456E6162 
 420      6C655665 
 420      63746F72 
 420      00
 421 0011 00       		.ascii	"\000"
 422 0012 00       		.ascii	"\000"
 423 0013 00       		.ascii	"\000"
 424 0014 00000000 		.ascii	"\000\000\000\000\000\000\000\000"
 424      00000000 
 425 001c BA000000 		.ascii	"\272\000\000\000"
 426 0020 6E766963 		.ascii	"nvicDisableVector\000"
 426      44697361 
 426      626C6556 
 426      6563746F 
 426      7200
 427 0032 00       		.ascii	"\000"
 428 0033 00       		.ascii	"\000"
 429 0034 00       		.ascii	"\000"
 430 0035 00000000 		.ascii	"\000\000\000\000\000\000\000\000"
 430      00000000 
 431 003d BE000000 		.ascii	"\276\000\000\000"
 432 0041 6E766963 		.ascii	"nvicSetSystemHandlerPriority\000"
 432      53657453 
 432      79737465 
 432      6D48616E 
 432      646C6572 
 433 005e 00       		.ascii	"\000"
 434 005f 00       		.ascii	"\000"
 435 0060 00       		.ascii	"\000"
 436 0061 00000000 		.ascii	"\000\000\000\000\000\000\000\000"
 436      00000000 
 437 0069 C0000000 		.ascii	"\300\000\000\000"
 438 006d 6E766963 		.ascii	"nvicClearPending\000"
 438      436C6561 
 438      7250656E 
 438      64696E67 
 438      00
 439 007e 00       		.ascii	"\000"
 440 007f 00       		.ascii	"\000"
 441 0080 00       		.ascii	"\000"
 442 0081 00000000 		.ascii	"\000\000\000\000\000\000\000\000"
 442      00000000 
 443 0089 C2000000 		.ascii	"\302\000\000\000"
 444              		.text
 445              		.section	.gnu.lto_.opts,"",%progbits
 446 0000 272D666D 		.ascii	"'-fmath-errno' '-fsigned-zeros' '-ftrapping-math' '"
 446      6174682D 
 446      6572726E 
 446      6F272027 
 446      2D667369 
 447 0033 2D666E6F 		.ascii	"-fno-trapv' '-fno-openmp' '-fno-openacc' '-mcpu=cor"
ARM GAS  C:\Users\CYIRKO~1\AppData\Local\Temp\ccUkGCIn.s 			page 34


 447      2D747261 
 447      70762720 
 447      272D666E 
 447      6F2D6F70 
 448 0066 7465782D 		.ascii	"tex-m7' '-mno-thumb-interwork' '-mthumb' '-ggdb' '-"
 448      6D372720 
 448      272D6D6E 
 448      6F2D7468 
 448      756D622D 
 449 0099 4F322720 		.ascii	"O2' '-fomit-frame-pointer' '-falign-functions=16' '"
 449      272D666F 
 449      6D69742D 
 449      6672616D 
 449      652D706F 
 450 00cc 2D666675 		.ascii	"-ffunction-sections' '-fdata-sections' '-fno-common"
 450      6E637469 
 450      6F6E2D73 
 450      65637469 
 450      6F6E7327 
 451 00ff 2720272D 		.ascii	"' '-flto'\000"
 451      666C746F 
 451      2700
 452              		.text
 453              		.comm	__gnu_lto_v1,1,1
 454              		.comm	__gnu_lto_slim,1,1
 455              		.ident	"GCC: (GNU Tools for ARM Embedded Processors 6-2017-q1-update) 6.3.1 20170215 (release) [AR
ARM GAS  C:\Users\CYIRKO~1\AppData\Local\Temp\ccUkGCIn.s 			page 35


DEFINED SYMBOLS
                            *ABS*:00000000 nvic.c
                            *COM*:00000001 __gnu_lto_v1
                            *COM*:00000001 __gnu_lto_slim

NO UNDEFINED SYMBOLS
