ARM GAS  C:\Users\CYIRKO~1\AppData\Local\Temp\ccM9pKIO.s 			page 1


   1              		.cpu cortex-m7
   2              		.eabi_attribute 20, 1
   3              		.eabi_attribute 21, 1
   4              		.eabi_attribute 23, 3
   5              		.eabi_attribute 24, 1
   6              		.eabi_attribute 25, 1
   7              		.eabi_attribute 26, 1
   8              		.eabi_attribute 30, 2
   9              		.eabi_attribute 34, 1
  10              		.eabi_attribute 18, 4
  11              		.file	"odometry.c"
  12              		.text
  13              	.Ltext0:
  14              		.section	.gnu.lto_.profile.bd26c123,"",%progbits
  15 0000 789C6365 		.ascii	"x\234ce`b`a```d\310\323\002\000\001\206\000\245"
  15      60626061 
  15      60606064 
  15      C8D30200 
  15      018600A5 
  16              		.text
  17              		.section	.gnu.lto_.icf.bd26c123,"",%progbits
  18 0000 789C6365 		.ascii	"x\234ce`bp`@\000n\206\203o\232\236\3622\366\256\351"
  18      60627060 
  18      40006E86 
  18      836F9A9E 
  18      F232F6AE 
  19 0015 16600211 		.ascii	"\026`\002\021\314 \202e\315\362mN\254\263\336-\334\302"
  19      CC208265 
  19      CDF26D4E 
  19      ACB3DE2D 
  19      DCC2
  20 0027 CAB6A465 		.ascii	"\312\266\244e\326_n\3665\177o\\g\343X{\261\345\011\033"
  20      D65F6EF6 
  20      357F6F5C 
  20      67E3587B 
  20      B1E5091B 
  21 003b 67C7823B 		.ascii	"g\307\202;'\330\270n~9\377\224\225\001\000\242\200\035"
  21      27D8B86E 
  21      7E39FF94 
  21      950100A2 
  21      801D
  22 004d C0       		.ascii	"\300"
  23              		.text
  24              		.section	.gnu.lto_.jmpfuncs.bd26c123,"",%progbits
  25 0000 789C6365 		.ascii	"x\234ce`b\260g@\000V\006FF \305\002F\014\214\323\231"
  25      6062B067 
  25      40005606 
  25      464620C5 
  25      02460C8C 
  26 0016 1977EE7C 		.ascii	"\031w\356|s\233\275\376o\003\307|f\206\305\314 \301"
  26      739BBDFE 
  26      6F03C77C 
  26      6686C5CC 
  26      20C1
  27 0028 E58CF50C 		.ascii	"\345\214\365\014\214,`\005 \300\001\304\234@\314\005"
  27      8C2C6005 
  27      20C001C4 
ARM GAS  C:\Users\CYIRKO~1\AppData\Local\Temp\ccM9pKIO.s 			page 2


  27      9C40CC05 
  28 0038 C4005D1A 		.ascii	"\304\000]\032\010\312"
  28      08CA
  29              		.text
  30              		.section	.gnu.lto_.inline.bd26c123,"",%progbits
  31 0000 789C6365 		.ascii	"x\234ce`bhg@\000V\006\006^QF\006&\201\206Z\006\266\005"
  31      60626867 
  31      40005606 
  31      065E5146 
  31      06268186 
  32 0018 F24C2031 		.ascii	"\362L 1&n \301\302\300\257\011\024\347\232\340\007\027"
  32      266E20C1 
  32      C2C0AF09 
  32      14E79AE0 
  32      0717
  33 002a 67E601CA 		.ascii	"g\346\001\312\001\371Pz\202\037#\027P\224\203\201\235"
  33      01F9507A 
  33      821F2317 
  33      50948381 
  33      9D
  34 003b 1FA89065 		.ascii	"\037\250\220e\201<\252\001\234\014\354\234@q\266\017"
  34      813CAA01 
  34      9C0CEC9C 
  34      4071B60F 
  35 004b 7A7071B0 		.ascii	"zpq\260z.\006.!\2408_\303/F\270\004\003\000\274\013"
  35      7A2E062E 
  35      21A0385F 
  35      C32F46B8 
  35      040300BC 
  36 0060 0D92     		.ascii	"\015\222"
  37              		.text
  38              		.section	.gnu.lto_.pureconst.bd26c123,"",%progbits
  39 0000 789C6365 		.ascii	"x\234ce`b\340f```e\220`\221\340\220\340\224\340b\001"
  39      6062E066 
  39      60606065 
  39      906091E0 
  39      90E094E0 
  40 0016 00043C00 		.ascii	"\000\004<\000\233"
  40      9B
  41              		.text
  42              		.section	.gnu.lto_GPT_CB.bd26c123,"",%progbits
  43 0000 789C8D52 		.ascii	"x\234\215RMOSA\024\235\363\246}\257\005j\215\232h\""
  43      4D4F5341 
  43      149DF3A6 
  43      7DAF056A 
  43      8D9A6822 
  44 0014 842E2404 		.ascii	"\204.$\004\023u\345?\361\017\230\226\030\027\212\201"
  44      1375E53F 
  44      F10F9896 
  44      18178A81 
  45 0024 6E5C75F8 		.ascii	"n\\u\370\220\022Td\241\362a\2336!\006\261J)\365\353"
  45      90125464 
  45      A1F2619B 
  45      362106B1 
  45      4A29F5EB 
  46 0038 15348D21 		.ascii	"\0254\215!\222j \201\215\013w\032!D\374\300\030\214"
  46      926A2081 
ARM GAS  C:\Users\CYIRKO~1\AppData\Local\Temp\ccM9pKIO.s 			page 3


  46      8D0B771A 
  46      2144FCC0 
  46      188C
  47 004a 1A5BEF9D 		.ascii	"\032[\357\235\201F\003\013'y\367\275{g\316\271g\316"
  47      8146030B 
  47      2779F7BD 
  47      7B67CEB9 
  47      67CE
  48 005c 7D5E6189 		.ascii	"}^a\211\222\024\242Q\010q\230\036H\001kpQ\210N\237\005"
  48      9214A251 
  48      0871981E 
  48      48016B70 
  48      51884E9F 
  49 0071 F087F241 		.ascii	"\360\207\362A\304,\304pM\016I<\217\257\270V\313\270"
  49      C42CC470 
  49      4D0E493C 
  49      8FAFB856 
  49      CBB8
  50 0083 A2551C1A 		.ascii	"\242U\034\032<\331\251.\035J\021|\204\036^\030G\013"
  50      3CD9A92E 
  50      1D4A117C 
  50      841E5E18 
  50      470B
  51 0095 9D5AEA99 		.ascii	"\235Z\352\231J\310\001\231\222\200\207\322\215\205\321"
  51      4AC80199 
  51      928087D2 
  51      8D85D1
  52 00a4 777B38B5 		.ascii	"w{8\265\020\242\364Ka\363\212#\367A\320\367\333\317"
  52      10A2F44B 
  52      61F38A23 
  52      F741D0F7 
  52      DBCF
  53 00b6 953E34DF 		.ascii	"\225>4\337V\252K\025\347\256Ku$%%\356B\022!&P\217;\250"
  53      56AA4B15 
  53      E7AE4B75 
  53      242525EE 
  53      42122126 
  54 00ce 175412C8 		.ascii	"\027T\022\310\240Y\237\317\225o\004l\217i\210{\260A"
  54      A0599FCF 
  54      956F046C 
  54      8F69887B 
  54      B041
  55 00e0 2FAA67BE 		.ascii	"/\252g\276\307\313\220\0075\347f\361\365\254\277iLk"
  55      C7CB9007 
  55      35E766F1 
  55      F5ACBF69 
  55      4C6B
  56 00f2 5CCCCBBC 		.ascii	"\\\314\313\274*\366\204R\322\203\373\377\322j\275\223"
  56      2AF68452 
  56      D283FBFF 
  56      D26ABD93 
  57 0102 68CA2EA3 		.ascii	"h\312.\243\250\312\2258\035>\360r\177\020\340^\222\272"
  57      A8CA9538 
  57      1D3EF072 
  57      7F10E05E 
  57      92BA
  58 0114 7A6C0E0E 		.ascii	"zl\016\016\007?\207\032\012\336Z\016u\034\002\032-D"
ARM GAS  C:\Users\CYIRKO~1\AppData\Local\Temp\ccM9pKIO.s 			page 4


  58      073F871A 
  58      0ADE5A0E 
  58      751C021A 
  58      2D44
  59 0126 3F4961A3 		.ascii	"?Ia\243.K\213\337\362=\272\322\231ehq\304\224\224\020"
  59      2E4B8BDF 
  59      F23DBAD2 
  59      99656871 
  59      C4949410 
  60 013a 6BE8BAB9 		.ascii	"k\350\272\271\366\352\024\227\222\222m\314\256\273?"
  60      F6EA1497 
  60      92926DCC 
  60      AEBB3F
  61 0149 02EC88AD 		.ascii	"\002\354\210\255\025\377z\221\030\010\306~+\037\025"
  61      15FF7A91 
  61      1808C67E 
  61      2B1F15
  62 0158 C6F86654 		.ascii	"\306\370fT\233\233\377\224\250K!\011\226>E\376gY3rH"
  62      9B9BFF94 
  62      A84B2109 
  62      963E45FE 
  62      67593372 
  63 016d 193E3FB3 		.ascii	"\031>?\263\355\300b'v\272\212\315\023\226\372\213\017"
  63      EDC06227 
  63      76BA8ACD 
  63      1396FA8B 
  63      0F
  64 017e E84EAF6E 		.ascii	"\350N\257nXU;{\264U+\337\274\332\321\021\211\277\234"
  64      58553B7B 
  64      B4552BDF 
  64      BCDAD111 
  64      89BF9C
  65 0191 D677C403 		.ascii	"\326w\304\003\330\204\177\310\362\375\264\347\272\353"
  65      D8847FC8 
  65      F2FDB4E7 
  65      BAEB
  66 019f 6F1CD3D3 		.ascii	"o\034\323\323\031\241\251\3626\036!F\266\370X\334\327"
  66      19A1A9F2 
  66      361E2146 
  66      B6F858DC 
  66      D7
  67 01b0 7872BED6 		.ascii	"xr\276\326\034\257!\004\225\272G{K~S\251\245\"q\024"
  67      1CAF2104 
  67      95BA477B 
  67      4B7E53A9 
  67      A5227114 
  68 01c4 DCF17ED9 		.ascii	"\334\361~\331pK\365)\265\027B\2457V\247\027&\257.\221"
  68      704BF529 
  68      B51742A5 
  68      3756A717 
  68      26AF2E91 
  69 01d8 6492F118 		.ascii	"d\222\361\030\015[\240\200\001\325\021\216@\275\023"
  69      0D5BA080 
  69      01D5118E 
  69      40BD13
  70 01e7 B9C56D50 		.ascii	"\271\305mP\271Ri\024j{\031\334\023\215\243\376\2564"
  70      B9526914 
ARM GAS  C:\Users\CYIRKO~1\AppData\Local\Temp\ccM9pKIO.s 			page 5


  70      6A7B19DC 
  70      138DA3FE 
  70      AE34
  71 01f9 B8004105 		.ascii	"\270\000A\005M$\304)\337\205J\234\247\363?-=!=B\366"
  71      4D24C429 
  71      DF854A9C 
  71      A7F33F2D 
  71      3D213D42 
  72 020e B3746C57 		.ascii	"\263tlWCw\031\206[5\264\240\015\015\230\371.\014\303"
  72      43771986 
  72      5B35B4A0 
  72      0D0D98F9 
  72      2E0CC3
  73 0221 0CF8BFA6 		.ascii	"\014\370\277\2462S%\2315\023\355\036\356\335\302;Z\266"
  73      32532599 
  73      3513ED1E 
  73      EEDDC23B 
  73      5AB6
  74 0233 6D541DDD 		.ascii	"mT\035\335U\225\265\223\360i\225\360\231V\345\210\217"
  74      5595B593 
  74      F06995F0 
  74      9956E588 
  74      8F
  75 0244 74CD991A 		.ascii	"t\315\231\032\306\353\177\275\237d\320\377I\320`G{\370"
  75      C6EB7FBD 
  75      9F64D0FF 
  75      49D06047 
  75      7BF8
  76 0256 445BA4ED 		.ascii	"D[\244\355\\k\264\375\342\361\260\360\234\271\020\215"
  76      5C6BB4FD 
  76      E2F1B0F0 
  76      9CB9108D 
  77 0266 F822673B 		.ascii	"\370\"g;\242\247\317\207[\377\000tA=\""
  77      A2A7CF87 
  77      5BFF0074 
  77      413D22
  78              		.text
  79              		.section	.gnu.lto_lld_Odometry_Init.part.0.bd26c123,"",%progbits
  80 0000 789C8D52 		.ascii	"x\234\215RMk\024A\020\255\3275\263;\216\331\210GA0\327"
  80      4D6B1441 
  80      10ADD735 
  80      B33B8ED9 
  80      88474130 
  81 0015 1C747F89 		.ascii	"\034t\177\211?\300s\364(\201\350E/\323\032\342\352\006"
  81      3FC073F4 
  81      2881E845 
  81      2FD31AE2 
  81      EA06
  82 0027 A21713F7 		.ascii	"\242\027\023\367\020za\017\211\0371\273j4\033=\204\305"
  82      107A610F 
  82      891F31BB 
  82      6A341B3D 
  82      84C5
  83 0039 8B121484 		.ascii	"\213\022\024\204\234\274\211\004\343\027\036T0\352\352"
  83      9CBC8904 
  83      E3171E54 
  83      30EAEA
ARM GAS  C:\Users\CYIRKO~1\AppData\Local\Temp\ccM9pKIO.s 			page 6


  84 0048 AB599164 		.ascii	"\253Y\221dQH\303t\365TW\275W\257\252cq\262\341D\366"
  84      5148C374 
  84      F55457BD 
  84      57AFAA63 
  84      71B2E144 
  85 005d 8BC8617E 		.ascii	"\213\310a~\210\005\321\225g<Dp\271uP\263\347\022\005"
  85      8805D195 
  85      673C4470 
  85      B97550B3 
  85      E71205
  86 0070 ECE01348 		.ascii	"\354\340\023H\0269E\206\313:\243\350T6\332nx\316s\255"
  86      16394586 
  86      CB3AA3E8 
  86      5436DA6E 
  86      78CE73AD 
  87 0084 CE7C3AE0 		.ascii	"\316|:\340\347W\021T\244\306\317\026\3460,\014{\325"
  87      E7571154 
  87      A4C6CF16 
  87      E6302C0C 
  87      7BD5
  88 0096 EA5E2D15 		.ascii	"\352^-\025\242\236\037\363(\200v\361\005\274\357\376"
  88      A29E1FF3 
  88      288076F1 
  88      05BCEFFE 
  89 00a6 AA78BF75 		.ascii	"\252x\277u\010)$(\234m\312\315E\266\211T\231`\274U\215"
  89      08292428 
  89      9C6DCACD 
  89      45B68954 
  89      9960BC55 
  90 00bb CCEA249D 		.ascii	"\314\352$\235f7q~z\363{jP\263\0122LOt\236\027\2474\250"
  90      6637717E 
  90      7AF37B6A 
  90      50B30A32 
  90      4C4F749E 
  91 00d3 C208DBED 		.ascii	"\302\010\333\355\367/\213\331O\237\320\3210R\372\336"
  91      F72F8BD9 
  91      4F9FD0D1 
  91      3052FADE 
  92 00e3 AEAD3F4E 		.ascii	"\256\255?N\003fY!p\203\012\256\343 \253\271\211\000"
  92      03665921 
  92      70830AAE 
  92      E320ABB9 
  92      8900
  93 00f5 79878921 		.ascii	"y\207\211!\003\353\313\215j\204\023\334B&}4q?M\334\260"
  93      03EBCB8D 
  93      6A8413DC 
  93      42267D34 
  93      713F4DDC 
  94 010a D09D3405 		.ascii	"\320\2354\005\334&\315\202\321\360\242\276\365m}\200"
  94      DC26CD82 
  94      D1F0A2BE 
  94      F56D7D80 
  95 011a C117BDAF 		.ascii	"\301\027\275\257\177\204A,\222:gE\023Y\320\242\344\262"
  95      7F84412C 
  95      923A6745 
  95      1359D0A2 
  95      E4B2
ARM GAS  C:\Users\CYIRKO~1\AppData\Local\Temp\ccM9pKIO.s 			page 7


  96 012c 7EFC91E5 		.ascii	"~\374\221\345v\243\243\365W\307\035\323A\200\225'G{"
  96      76A3A3F5 
  96      57C71DD3 
  96      41809527 
  96      477B
  97 013e F9BA9B02 		.ascii	"\371\272\233\002\357n+pj\271y))/\3300\207\202&\270G"
  97      EF6E2B70 
  97      6AB97929 
  97      292FD830 
  97      878226B8 
  98 0153 C46BF924 		.ascii	"\304k\371$\261\2042\261\307\233\027\216\365\260\243"
  98      B18432B1 
  98      C79B178E 
  98      F5B0A3
  99 0162 1EFCD3C6 		.ascii	"\036\374\323\306\327Nl\355px-\270O\234\3774rO\315\246"
  99      D74E6CED 
  99      70782DB8 
  99      4F9CFF34 
  99      724FCDA6 
 100 0176 89077923 		.ascii	"\211\007y#\035\363\203\246\214\035\257\177\321\177D"
 100      1DF383A6 
 100      8C1DAF7F 
 100      D17F44
 101 0185 EFAD2969 		.ascii	"\357\255)i\261\314\350\240\003&\352\363\233\356Y\013"
 101      B1CCE8A0 
 101      0326EAF3 
 101      9BEE590B 
 102 0195 DC3E8252 		.ascii	"\334>\202R\377\010J\015#\331\251p\020+T\330\316;\364"
 102      FF084A0D 
 102      23D9A970 
 102      102B54D8 
 102      CE3BF4
 103 01a8 907A78BB 		.ascii	"\220zx\273TYk\245\0060\010\340\221\335\310$\371\354"
 103      54596BA5 
 103      063008E0 
 103      91DDC824 
 103      F9EC
 104 01ba 597DE00B 		.ascii	"Y}\340\013\314W\225\275\242\203\177\373N\215\215\224"
 104      CC5795BD 
 104      A2837FFB 
 104      4E8D8D94 
 105 01ca 478F8F9E 		.ascii	"G\217\217\236<qz\354\314\221\021\371\015\317W\363V"
 105      3C717AEC 
 105      CC9111F9 
 105      0DCF57F3 
 105      56
 106              		.text
 107              		.section	.gnu.lto_GPT_Driver.bd26c123,"",%progbits
 108 0000 789C6365 		.ascii	"x\234ce`b\220g``\020d\200\200\351\314\214;w\276\271"
 108      60629067 
 108      60601064 
 108      8080E9CC 
 108      8C3B77BE 
 109 0015 CD5EFFB7 		.ascii	"\315^\377\267\241\243\241\341A\367M9\226\371\314\014"
 109      A1A3A1E1 
 109      41F74D39 
 109      96F9CC0C 
ARM GAS  C:\Users\CYIRKO~1\AppData\Local\Temp\ccM9pKIO.s 			page 8


 110 0025 8B998152 		.ascii	"\213\231\201R\214\313\031\353\031\370\213\213\222\365"
 110      8CCB19EB 
 110      19F88B8B 
 110      92F5
 111 0033 F353F273 		.ascii	"\363S\362sSK\212*\365\222\031\000\363\337\021\367"
 111      534B8A2A 
 111      F5921900 
 111      F3DF11F7 
 112              		.text
 113              		.section	.gnu.lto_GPT9cfg.bd26c123,"",%progbits
 114 0000 789C6365 		.ascii	"x\234ce`b\310c``\020d\200\200\351\314\214\353\337\354"
 114      6062C863 
 114      60601064 
 114      8080E9CC 
 114      8CEBDFEC 
 115 0014 FCC9DBC7 		.ascii	"\374\311\333\307<\237\231\201\021\304\335\271\363\315"
 115      3C9F9981 
 115      11C4DDB9 
 115      F3CD
 116 0022 6DF6FABF 		.ascii	"m\366\372\277\015\035\015\015\017\272\357I1\315gf\234"
 116      0D1D0D0D 
 116      0FBAEF49 
 116      31CD6766 
 116      9C
 117 0033 C90C5179 		.ascii	"\311\014Qya\335\312\331|\020\225\023\316\201\004>\036"
 117      61DDCAD9 
 117      7C109513 
 117      CE81043E 
 117      1E
 118 0044 7AB981C7 		.ascii	"z\271\201\307b[C\307\202\006\207\371\314L3\200\022+"
 118      625B43C7 
 118      820687F9 
 118      CC4C3380 
 118      122B
 119 0056 19656630 		.ascii	"\031ef032\256`\254\237\301\314\304\270\034\304c\006"
 119      3332AE60 
 119      AC9FC1CC 
 119      C4B81CC4 
 119      6306
 120 0068 510C8CAB 		.ascii	"Q\014\214\253\030-\030\370\213\213\222\365\363S\362"
 120      182D18F8 
 120      8B8B92F5 
 120      F353F2
 121 0077 73534B8A 		.ascii	"sSK\212*\365\222\031\000\353\237*\367"
 121      2AF59219 
 121      00EB9F2A 
 121      F7
 122              		.text
 123              		.section	.gnu.lto_get_distance.bd26c123,"",%progbits
 124 0000 789C5590 		.ascii	"x\234U\220;O\002Q\020\205\347\354,\260\232\240F;\225"
 124      3B4F0251 
 124      1085E7EC 
 124      2CB09AA0 
 124      463B95
 125 0013 48A1858D 		.ascii	"H\241\205\215\376\015\377\206\001\013\0135A\032+\256"
 125      FE0DFF86 
 125      010B0B35 
ARM GAS  C:\Users\CYIRKO~1\AppData\Local\Temp\ccM9pKIO.s 			page 9


 125      411A2BAE 
 126 0023 8860303E 		.ascii	"\210`0>\012\037\361\025H,\360\211\"\025\306b+\215\005"
 126      0A1FF115 
 126      482CF089 
 126      2215C662 
 126      2B8D05
 127 0036 24DA5898 		.ascii	"$\332X\230Xh\014\301G\201\205V\202sY-\274\311\316\336"
 127      58680CC1 
 127      47818556 
 127      8273592D 
 127      BCC9CEDE 
 128 004a 999C6F66 		.ascii	"\231\234of\316u\221AW \352$\242.\371\300\004c\271D4"
 128      CE759141 
 128      5720EA24 
 128      A22EF9C0 
 128      0463B944 
 129 005f 6D1980BE 		.ascii	"m\031\200\276(\013\0241\020\301\022\2573nb\247\333\274"
 129      280B1431 
 129      10C112AF 
 129      336E62A7 
 129      DBBC
 130 0071 C8299199 		.ascii	"\310)\221\231\222V\213\233O-:\005\374\222&V\327V\232"
 130      92568B9B 
 130      4F2D3A05 
 130      FC922656 
 130      D7569A
 131 0084 FB334A8E 		.ascii	"\3733J\216\275\376\320\233\217\317\016\245\330\240\015"
 131      BDFED09B 
 131      8FCF0EA5 
 131      D8A00D
 132 0093 51EFA11B 		.ascii	"Q\357\241\033\031t\353\021\373\350'\021\037~%j\340v"
 132      1974EB11 
 132      FBE82711 
 132      1F7E256A 
 132      E076
 133 00a5 E8FBA77D 		.ascii	"\350\373\247}w\321\324\267\333\000Ky\316+;\346O1\343"
 133      77D1D4B7 
 133      DB004B79 
 133      CE2B3BE6 
 133      4F31E3
 134 00b8 00FC1F26 		.ascii	"\000\374\037&\255~\314\325V\275n\023\207\350\323\275"
 134      AD7ECCD5 
 134      56BD6E13 
 134      87E8D3BD 
 135 00c8 A5E511DC 		.ascii	"\245\345\021\334b\002\272rr\013[\325\352\011e_v\274"
 135      6202BA72 
 135      720B5BD5 
 135      EA09655F 
 135      76BC
 136 00da B4584CD2 		.ascii	"\264XL\322\307\224`\272tp\353\340\241\006JIa\265\305"
 136      C79460BA 
 136      7470EBE0 
 136      A1064A49 
 136      61B5C5
 137 00ed 79D951FE 		.ascii	"y\331Q\376\374\212\231t\271j\350n;\254\335\026\012o"
 137      FC8A9974 
 137      B96AE86E 
ARM GAS  C:\Users\CYIRKO~1\AppData\Local\Temp\ccM9pKIO.s 			page 10


 137      3BACDD16 
 137      0A6F
 138 00ff F79EC8B7 		.ascii	"\367\236\310\267\262R\354\332`=\341\030\021\351\340"
 138      B252ECDA 
 138      603DE118 
 138      11E9E0
 139 010e A60AA21F 		.ascii	"\246\012\242\037\0118JS\304R\230\331\214_79\025\227"
 139      09384A53 
 139      C45298D9 
 139      8C5F3739 
 139      1597
 140 0120 14053F2F 		.ascii	"\024\005?/d\222\354\333RsJ\265\201T\272Z>+f\027n +\020"
 140      6492ECDB 
 140      52734AB5 
 140      8154BA5A 
 140      3E2B6617 
 141 0138 B2F0FD42 		.ascii	"\262\360\375B^\007\322\234@\361\375\\\351\017\252\325"
 141      5E07D29C 
 141      40F1FD5C 
 141      E90FAAD5 
 142 0148 EB3DA4FE 		.ascii	"\353=\244\376\216\303\23548\231^`\207\363\010J\317\210"
 142      8EC39D34 
 142      38995E60 
 142      87F3084A 
 142      CF88
 143 015a FA1BAF20 		.ascii	"\372\033\257 \306\244D\357\210\246+\277\373y\364\263"
 143      C6A444EF 
 143      88A62BBF 
 143      FB79F4B3 
 144 016a 25657DF1 		.ascii	"%e}\361h\020\265N\206\002\203\023\301\211\261\221ph"
 144      6810B54E 
 144      86028313 
 144      C189B191 
 144      7068
 145 017c 6A204056 		.ascii	"j @Vpt2<<\036\030\371\001\322\233\232\317"
 145      7074323C 
 145      3C1E18F9 
 145      01D29B9A 
 145      CF
 146              		.text
 147              		.section	.gnu.lto_lld_Odometry_Init.bd26c123,"",%progbits
 148 0000 789C6D8F 		.ascii	"x\234m\217\275K\003A\020\305\347\355\354%GP\304J\004"
 148      BD4B0341 
 148      10C5E7ED 
 148      EC254750 
 148      C44A04
 149 0013 898D4D1A 		.ascii	"\211\215M\032\003\332\372\337DK\011D\033\253[E\011D"
 149      03DAFADF 
 149      444B0944 
 149      1BAB5B45 
 149      0944
 150 0025 501B1352 		.ascii	"P\033\023R\204-,\022\277\020\313KuDK\211 h\223NDHT\260"
 150      842D2C12 
 150      BF10CB4B 
 150      75444B89 
 150      2068934E 
 151 003d 168CCE24 		.ascii	"\026\214\316$\235\2700\014\373\343\355{o\0032\264\000"
ARM GAS  C:\Users\CYIRKO~1\AppData\Local\Temp\ccM9pKIO.s 			page 11


 151      9DB8300C 
 151      FBE3ED7B 
 151      6F0332B4 
 151      00
 152 004e A269225A 		.ascii	"\242i\"Z\226A@0G]\242\355\320\030\373\224'\227\341v"
 152      96414030 
 152      475DA2ED 
 152      D018FB94 
 152      2797E176 
 153 0062 96DC04C3 		.ascii	"\226\334\004\303*\206\005t\273\020\024\031\266\210p"
 153      2A860574 
 153      BB101419 
 153      B68870
 154 0071 C83546A7 		.ascii	"\3105F\247\374\032\233\\\323\311Ij\237\263\256\225\300"
 154      FC1A9B5C 
 154      D3C9496A 
 154      9FB3AE95 
 154      C0
 155 0082 33515D46 		.ascii	"3Q]F\017\232\310\221\310\236\257\207\307\223);\346h"
 155      0F9AC891 
 155      C89EAF87 
 155      C793293B 
 155      E668
 156 0094 2125D174 		.ascii	"!%\321t\365\200\304\015\177\312.\351\316\014\346\003"
 156      F580C40D 
 156      7FCA2EE9 
 156      CE0CE603 
 157 00a4 439E0557 		.ascii	"C\236\005WD\242I\373lts\037;\325\376\327\222>j\260\021"
 157      44A249FB 
 157      6C74731F 
 157      3BD5FED7 
 157      923E6AB0 
 158 00b9 AFEA5EE7 		.ascii	"\257\352^\347>}\300\236\015\324:\216\337{\351\350\333"
 158      3E7DC09E 
 158      0DD43A8E 
 158      DF7BE9E8 
 158      DB
 159 00ca 85024ED4 		.ascii	"\205\002N\324^\330\340\356\3616\343\321\220.\300\231"
 159      5ED8E0EE 
 159      F136E3D1 
 159      902EC099 
 160 00da 743DC59C 		.ascii	"t=\305\234\344\236\303\203^\260\333\273Y\371\307\016"
 160      E49EC383 
 160      5EB0DBBB 
 160      59F9C70E 
 161 00ea 205CA88E 		.ascii	" \\\250\2164\234\251\235\3457\260\012\377\304p]{\342"
 161      349CA99D 
 161      E537B00A 
 161      FFC4705D 
 161      7BE2
 162 00fc 129134B6 		.ascii	"\022\2214\266#\265\035U\375\200\031\177\273\"\002\001"
 162      23B51D55 
 162      FD80197F 
 162      BB220201 
 163 010c 729BDA28 		.ascii	"r\233\332(\025\362\305\325\342\372\332fik\261@\277\323"
 163      15F2C5D5 
 163      E2FADA66 
ARM GAS  C:\Users\CYIRKO~1\AppData\Local\Temp\ccM9pKIO.s 			page 12


 163      696BB140 
 163      BFD3
 164 011e A36382   		.ascii	"\243c\202"
 165              		.text
 166              		.section	.gnu.lto_get_speed.bd26c123,"",%progbits
 167 0000 789C6D52 		.ascii	"x\234mRMk\023a\020\236\331\331\257\204\304\200\202\004"
 167      4D6B1361 
 167      109ED9D9 
 167      AF84C480 
 167      8204
 168 0012 EC211472 		.ascii	"\354!\024r\350\305\374$\221f\017\202\245\322\346\342"
 168      E8C5FC24 
 168      91660F82 
 168      A5D2E6E2 
 169 0022 296B5AB7 		.ascii	")kZ\267\264\205T\321\246mH\330J\016\265\3264\211\255"
 169      B48554D1 
 169      A66D48D8 
 169      4A0EB5D6 
 169      3489AD
 170 0035 623C855A 		.ascii	"b<\205Z\252\210\326\252(\2107k\204H\025T(T\355\307\314"
 170      AA88D6AA 
 170      2888376B 
 170      84481554 
 170      2854EDC7 
 171 004a BE51115C 		.ascii	"\276Q\021\\\330\335yg\237\217y\2065@\203\262\006\320"
 171      D8DD7967 
 171      9F8F7986 
 171      354083B2 
 171      06D0
 172 005c 0B00A7F8 		.ascii	"\013\000\247\370F\002\324\256l\002\\\2625D)\\\033!\253"
 172      4602D4AE 
 172      6C025CB2 
 172      3544295C 
 172      1B21AB
 173 006f 6116A768 		.ascii	"a\026\247h\206\360\305h\275Dy\362\031\246\363\361\353"
 173      86F0C568 
 173      BD4479F2 
 173      19A6F3F1 
 173      EB
 174 0080 B3E2F631 		.ascii	"\263\342\36619\"&\37086]\270\036\356[p\371j\315\024"
 174      392226F8 
 174      38365DB8 
 174      1EEE5B70 
 174      F96ACD14 
 175 0094 CDE58F5B 		.ascii	"\315\345\217[n\310'\015\346\030~\023{p\001{\304c\021"
 175      6EC8270D 
 175      E6187E13 
 175      7B70017B 
 175      C46311
 176 00a7 FB80D1AF 		.ascii	"\373\200\321\257\276\177\373Et\034\245\236\274z\255"
 176      BE7FFB45 
 176      741CA59E 
 176      BC7AAD
 177 00b6 1D4A5602 		.ascii	"\035JV\002\346\306\334\311\206\347>vu\237\010o!\375"
 177      E6C6DCC9 
 177      86E73E76 
 177      759F086F 
ARM GAS  C:\Users\CYIRKO~1\AppData\Local\Temp\ccM9pKIO.s 			page 13


 177      21FD
 178 00c8 CB0681CF 		.ascii	"\313\006\201\317\257z\036Q<\240\276\255n\356Y]\352\217"
 178      AF7A1E51 
 178      3CA0BEAD 
 178      6EEE595D 
 178      EA8F
 179 00da F88ADB1A 		.ascii	"\370\212\333\032M\010\361\366\177\211\357\033\007\323"
 179      4D08F1F6 
 179      7F89EF1B 
 179      07D3
 180 00e8 5153C72A 		.ascii	"QS\307*&q\011\2232\031\017\264\214&\002h\277\273\265"
 180      26710993 
 180      32190FB4 
 180      8C260268 
 180      BFBBB5
 181 00fb 97D8720F 		.ascii	"\227\330r\017\016\307\334\326n\374F'\022\322\300'\235"
 181      0EC7DCD6 
 181      6EFC4627 
 181      12D2C027 
 181      9D
 182 010c F841BA54 		.ascii	"\370A\272T\206T&\010\332\222\322\206@\012&XK66\311\211"
 182      86542608 
 182      DA92D286 
 182      400A2658 
 182      4B3636C9 
 183 0121 F94D1DCC 		.ascii	"\371M\035\314=\350L=<!\362e\322\330\275py\355\271%\353"
 183      3DE84C3D 
 183      3C21F265 
 183      D2D8BD70 
 183      79EDB925 
 184 0136 3282C99B 		.ascii	"2\202\311\233\315\235wVv\337\265\271Q!5\340\247\247"
 184      CD9D7756 
 184      76DFB5B9 
 184      512135E0 
 184      A7A7
 185 0148 AFD7C33E 		.ascii	"\257\327\303>\226\321'\023\353\274\366\232\014\317\037"
 185      96D12713 
 185      EBBCF69A 
 185      0CCF1F
 186 0157 F2F7EBE3 		.ascii	"\362\367\353\343v\252*19\237\205\015\364qVH\200w0\005"
 186      76AA2A31 
 186      399F850D 
 186      F4715648 
 186      80773005 
 187 016b 6CF6C61B 		.ascii	"l\366\306\033\267\224\027\261\035wF\352\336bTut5\300"
 187      B79417B1 
 187      1D7746EA 
 187      DE625475 
 187      7435C0
 188 017e 93CAEE9A 		.ascii	"\223\312\356\232!\003\350\370\001p\205\245\025\257\213"
 188      2103E8F8 
 188      017085A5 
 188      15AF8B
 189 018d 321828BC 		.ascii	"2\030(\274-\257I\252\243\304\014hc.\021\254\211CsWh"
 189      2DAF49AA 
 189      A3C40C68 
 189      632E11AC 
ARM GAS  C:\Users\CYIRKO~1\AppData\Local\Temp\ccM9pKIO.s 			page 14


 189      89437357 
 190 01a2 85CEEC76 		.ascii	"\205\316\354vL\241,\226\256\3554\367\242\"m\007\331"
 190      4CA12C96 
 190      AEED34F7 
 190      A2226D07 
 190      D9
 191 01b3 7E6E94F2 		.ascii	"~n\224\3621\225\315\256\020\006\021\326\037})ET6\302"
 191      3195CDAE 
 191      100611D6 
 191      1F7D2945 
 191      5436C2
 192 01c6 BB9C6D55 		.ascii	"\273\234mU\262\341=N\"\256\305?\256v`l\375u]\022W\033"
 192      B2E13D4E 
 192      22AEC53F 
 192      AE76606C 
 192      FD755D12 
 193 01dc 3E636EBE 		.ascii	">cn\276\035\351b$\372\004+\363\252\371\007\216\015\017"
 193      1DE96224 
 193      FA042BF3 
 193      AAF9078E 
 193      0D0F
 194 01ee F5A706D3 		.ascii	"\365\247\006\323\203\003Nf\350\342\351~0\206/8N:\234"
 194      83034E66 
 194      E8E2E97E 
 194      30862F38 
 194      4E3A9C
 195 0201 76CE67CE 		.ascii	"v\316g\316\236\311\234\033p\216\000\201\007\327\305"
 195      9EC99C1B 
 195      708E0081 
 195      07D7C5
 196              		.text
 197              		.section	.gnu.lto_.symbol_nodes.bd26c123,"",%progbits
 198 0000 789C558D 		.ascii	"x\234U\215\315\011\302@\024\204gg\2631BT\354@\254\301"
 198      CD09C240 
 198      14846767 
 198      B3314254 
 198      EC40ACC1 
 199 0014 02B4B2B7 		.ascii	"\002\264\262\267B\012\260\204\370\377/\036<\250\267"
 199      420AB084 
 199      F8FF2F1E 
 199      3CA8B7
 200 0023 40CED6A0 		.ascii	"@\316\326\240b\035\342f\243`N\337\343\233a\236\001\321"
 200      621DE266 
 200      A3604EDF 
 200      E39B619E 
 200      01D1
 201 0035 560038A7 		.ascii	"V\0008\247\000\243\033\340pN3\033\002fL5\354\272\320"
 201      00A31BE0 
 201      704E331B 
 201      02664C35 
 201      ECBAD0
 202 0048 4CC8F298 		.ascii	"L\310\362\230R\373\203G\212\372\326\325%\311l\337\205"
 202      52FB8347 
 202      8AFAD6D5 
 202      25C96CDF 
 202      85
 203 0059 0B06D685 		.ascii	"\013\006\326\205\332,\211\262\236\322x\303\031\205\277"
ARM GAS  C:\Users\CYIRKO~1\AppData\Local\Temp\ccM9pKIO.s 			page 15


 203      DA2C89B2 
 203      9ED278C3 
 203      1985BF
 204 0068 F5AB1DB8 		.ascii	"\365\253\035\270\201\025EW\315\232\022T\21490\354\270"
 204      81154557 
 204      CD9A1254 
 204      8C3930EC 
 204      B8
 205 0079 19B5A118 		.ascii	"\031\265\241\030\237\000\266\370\244\266\224\260\"v"
 205      9F00B6F8 
 205      A4B694B0 
 205      2276
 206 0087 945A45EC 		.ascii	"\224ZE\354)\321\277\320\210\221<\336J\007-\274<\233"
 206      29D1BFD0 
 206      88913CDE 
 206      4A072DBC 
 206      3C9B
 207 0099 C83D1BC8 		.ascii	"\310=\033\310\357\216Q\214Y\301z\200\347\251\207\017"
 207      EF8E518C 
 207      59C17A80 
 207      E7A9870F 
 208 00a9 51684053 		.ascii	"Qh@S"
 209              		.text
 210              		.section	.gnu.lto_.refs.bd26c123,"",%progbits
 211 0000 789C0DC7 		.ascii	"x\234\015\307\301\021\200@\014\003\261\265sN\200c\250"
 211      C1118040 
 211      0C03B1B5 
 211      734E8063 
 211      A8
 212 0011 87FE2B03 		.ascii	"\207\376+\003\375\024\314\013\004d\271\244\215o\325"
 212      FD14CC0B 
 212      0464B9A4 
 212      8D6FD5
 213 0020 9345E436 		.ascii	"\223E\3446)zi\016\305[\377u2\362E\213\032>#\375\001"
 213      297A690E 
 213      C55BFF75 
 213      32F2458B 
 213      1A3E23FD 
 214 0035 01       		.ascii	"\001"
 215              		.text
 216              		.section	.gnu.lto_.decls.bd26c123,"",%progbits
 217 0000 789CB559 		.ascii	"x\234\265Y\011P\024W\032\356\327\257\271f\020\014\246"
 217      09501457 
 217      1AEED7AF 
 217      B966100C 
 217      A6
 218 0011 B2568A54 		.ascii	"\262V\212TY)RR\273\211\200\356&\233\354\326Vtd\263V"
 218      59295252 
 218      BB8980EE 
 218      269BECD6 
 218      567464B3 
 219 0026 C56381A4 		.ascii	"\305c\201\244\366\2402\2050\232\251p\230a\310\256[\273"
 219      F6A03285 
 219      309AA970 
 219      9861C8AE 
 219      5BBB
 220 0038 558D7820 		.ascii	"U\215x \036\004O\020A\274E\004D\005T\004\006\020DDP"
ARM GAS  C:\Users\CYIRKO~1\AppData\Local\Temp\ccM9pKIO.s 			page 16


 220      1E044F10 
 220      41BC4504 
 220      44055404 
 220      06104444 
 221 004d 10504044 		.ascii	"\020P@D\203\004\305x\200x\305\205\375\337\3213=\303"
 221      8304C578 
 221      8078C585 
 221      FDDFD133 
 221      3DC3
 222 005f B0C96EED 		.ascii	"\260\311n\355v\361\367\364\377\336\367\276\377x\177"
 222      76F1F7F4 
 222      FFDEF7BE 
 222      FF787F
 223 006e BF7EDDB8 		.ascii	"\277~\335\270\010\242\320\374\272 xJ\202 \213\2020\006"
 223      08A2D0FC 
 223      BA20784A 
 223      82208B82 
 223      3006
 224 0080 87BB2008 		.ascii	"\207\273 \010\371 \010$\210\234\340\360\000\371\005"
 224      F9200824 
 224      889CE0F0 
 224      00F905
 225 008f 5CFF12E4 		.ascii	"\\\377\022\3447 \263A>\002\231\017\022\002\362'\220"
 225      3720B341 
 225      3E02990F 
 225      1202F227 
 225      90
 226 00a0 701037C0 		.ascii	"p\0207\300}\006\277\021 Q KA\214 \313@L\234K9\276\020"
 226      7D06BF11 
 226      2051204B 
 226      418C20CB 
 226      404C9C4B 
 227 00b7 19EFA720 		.ascii	"\031\357\247 > \257\202\274\001\030\035\374\006\203"
 227      3E20AF82 
 227      BC01181D 
 227      FC0683
 228 00c6 CC018907 		.ascii	"\314\001\211\007\375c>\016s\037~\303\355\022]mG}|\011"
 228      FD633E0E 
 228      731F7EC3 
 228      ED125D6D 
 228      477D7C09 
 229 00da DCDE9C9B 		.ascii	"\334\336\234\233pN\207_3\374& \026\323; \277\0079\015"
 229      704E875F 
 229      33FC2620 
 229      16D33B20 
 229      BF07390D 
 230 00ee ED5FC1EF 		.ascii	"\355_\301\357\037A\376\002\362!\310_Ab\020\213\377\247"
 230      1F41FE02 
 230      F221C85F 
 230      4162108B 
 230      FFA7
 231 0100 7082D4D0 		.ascii	"p\202\324\320\270\325q\022\333$\256\317xl\352\243Ud"
 231      B8D57112 
 231      DB24AECF 
 231      786CEAA3 
 231      5564
 232 0112 63DF50B5 		.ascii	"c\337P\265\223K\307\370\313E\306C|{\235\373$q\233\376"
ARM GAS  C:\Users\CYIRKO~1\AppData\Local\Temp\ccM9pKIO.s 			page 17


 232      934BC7F8 
 232      CB45C643 
 232      7C7B9DFB 
 232      24719BFE 
 233 0126 C46790B7 		.ascii	"\304g\220\267\270\037\277p\030K\216\177\210,\337J\356"
 233      B81FBF70 
 233      184B8E7F 
 233      882CDF4A 
 233      EE
 234 0137 7EA5CA9D 		.ascii	"~\245\312\235:o\000\263\346\314\361H\202N\027\236\247"
 234      3A6F00B3 
 234      E6CCF148 
 234      824E179E 
 234      A7
 235 0148 181EFB72 		.ascii	"\030\036\373r\220\367Tcg\363y'M\216\261\246\3629T|\010"
 235      90F75463 
 235      67F37927 
 235      4D8EB1A6 
 235      F239547C 
 236 015d E63E9098 		.ascii	"\346>\220\230\224<\223\034\317\021l\371$\277\244v\010"
 236      943C931C 
 236      CF116CF9 
 236      24BFA476 
 236      08
 237 016e F7674EE6 		.ascii	"\367gN\346n;F\227W\036\335\2117b\344\243A\022\250\217"
 237      6E3B4697 
 237      571EDD89 
 237      3762E4A3 
 237      4112A88F 
 238 0182 2EEEF8C6 		.ascii	".\356\370\306\013\324W5h\032\250;\312\0367\270\260^"
 238      0BD45735 
 238      681AA83B 
 238      CA1E37B8 
 238      B05E
 239 0194 77505795 		.ascii	"wPW\225\246\216a,\"2\360z}n\036\0318]\203H){CS\341\275"
 239      A68E612C 
 239      2232F07A 
 239      7D6E1E19 
 239      385D8348 
 240 01ae 53CF27B1 		.ascii	"S\317'\261&\202\270\361\374\320og\034\221\331\341\356"
 240      2682B8F1 
 240      FCD06F67 
 240      1C91D9E1 
 240      EE
 241 01bf 6AB3D992 		.ascii	"j\263\331\222:\264\317\015{\023\220\230\321\320Q-!\177"
 241      3AB4CF0D 
 241      7B139098 
 241      D1D0512D 
 241      217F
 242 01d1 CD0102B2 		.ascii	"\315\001\002\262t\014OO[#\313\":\2124\250\000a\224\217"
 242      740C4F4F 
 242      5B23CB22 
 242      3A8A34A8 
 242      0061948F 
 243 01e5 669078A6 		.ascii	"f\220x\246k\340\234,\313+\344\257\223d\217\337\011\350"
 243      6BE09C2C 
 243      CB2BE4AF 
ARM GAS  C:\Users\CYIRKO~1\AppData\Local\Temp\ccM9pKIO.s 			page 18


 243      93648FDF 
 243      09E8
 244 01f7 10F24507 		.ascii	"\020\362E\007\221\257\200\012\221?\261Gp\350\0104\346"
 244      91AF800A 
 244      913FB147 
 244      70E80834 
 244      E6
 245 0208 412398C8 		.ascii	"A#\230\310\335\227\266\307\025'\"j\243\256\242\353\252"
 245      DD97B6C7 
 245      1527226A 
 245      A3AEA2EB 
 245      AA
 246 0219 8434FE4E 		.ascii	"\2044\376N\011\216;!\340\316\344\276Y\267\2128s\014"
 246      098E3B21 
 246      E0CEE4BE 
 246      59B78A38 
 246      730C
 247 022b 9C29B239 		.ascii	"\234)\2629\003\276\2618\006\017w^\361\302\375\324\010"
 247      03BEB138 
 247      060F775E 
 247      F1C2FDD4 
 247      08
 248 023c 6AC878DE 		.ascii	"j\310x\336\345\205\0370\345\316h\341\267\022\036a\312"
 248      E5851F30 
 248      E5CE68E1 
 248      B7121E61 
 248      CA
 249 024d D8CBF42C 		.ascii	"\330\313\364,-~\311\224\375E\225\3071^Ms(f\335-K\265"
 249      2D7EC994 
 249      FD4595C7 
 249      315E4D73 
 249      2866DD2D 
 250 0263 057FAEE1 		.ascii	"\005\177\256\341\327\317\257\310\3624t\032\354\235\264"
 250      D7CFAFC8 
 250      F234741A 
 250      EC9DB4
 251 0272 D93B8626 		.ascii	"\331;\206&\214\376\224\363\350\253\033*\033\334p;\233"
 251      8CFE94F3 
 251      E8AB1B2A 
 251      1BDC703B 
 251      9B
 252 0283 A896878D 		.ascii	"\250\226\207\215YZ6\207\223A-\351?_\247a3,#2\217Y\017"
 252      595A3687 
 252      93412DE9 
 252      3F5FA761 
 252      332C2332 
 253 029a 8625DCCB 		.ascii	"\206%\334\313\260\205\253\372r\335\241\323\027&\025"
 253      B085ABFA 
 253      72DDA1D3 
 253      172615
 254 02a9 A966D497 		.ascii	"\251f\324\227\315\250R,\213X\261\264\025=-\234\204\373"
 254      CDA8522C 
 254      8B58B1B4 
 254      153D2D9C 
 254      84FB
 255 02bb 793DB4F5 		.ascii	"y=\264\365\264j$Q@\325\340y\025\370A\032GN6\274\202"
 255      B46A2451 
ARM GAS  C:\Users\CYIRKO~1\AppData\Local\Temp\ccM9pKIO.s 			page 19


 255      40D5E079 
 255      15F8411A 
 255      474E36BC 
 256 02d0 871820B1 		.ascii	"\207\030 \261\343f%\005\234\005\300\333\276\250\006"
 256      E3662505 
 256      9C05C0DB 
 256      BEA806
 257 02df 49A4B976 		.ascii	"I\244\271v\354\251\305\233q\212\240\326\027\024\336"
 257      ECA9C59B 
 257      718AA0D6 
 257      1714DE
 258 02ee F5C08998 		.ascii	"\365\300\211\230\016i.J\353\306d\3109\030R\007\361\325"
 258      0E692E4A 
 258      EBC664C8 
 258      39185207 
 258      F1D5
 259 0300 B231E98F 		.ascii	"\2621\351\217\007\366j\361:\006\332:\220\235\245%\240"
 259      07F66AF1 
 259      3A06DA3A 
 259      909DA525 
 259      A0
 260 0311 F300FA99 		.ascii	"\363\000\372\231/\252g\230\314\222M[4x\013\303\354\336"
 260      2FAA6798 
 260      CC924D5B 
 260      34780BC3 
 260      ECDE
 261 0323 32769312 		.ascii	"2v\223\022]\000\314O}Q\003\305\210\211k\322\356OB\356"
 261      5D00CC4F 
 261      7D5103C5 
 261      88896BD2 
 261      EE4F42EE 
 262 0337 FEAB496E 		.ascii	"\376\253In\037\256H\304S\0054\313\027\005\202\363\350"
 262      1FAE48C4 
 262      530534CB 
 262      170582F3 
 262      E8
 263 0348 22722779 		.ascii	"\"r'yEM\220\342F$!\013\230\257\264\326\306\330\240_"
 263      454D90E2 
 263      4624210B 
 263      98AFB4D6 
 263      C6D8A05F 
 264 035c 7F12A90D 		.ascii	"\177\022\251\015\200\011|\242xugn\276\265\031\343Vj"
 264      80097CA2 
 264      7875676E 
 264      BEB519E3 
 264      566A
 265 036e 582C5CBB 		.ascii	"X,\\\273a\324\005\371\273\263Q\243\357\302\215\200."
 265      61D405F9 
 265      BBB351A3 
 265      EFC28D80 
 265      2E
 266 037f 0373B36D 		.ascii	"\003s\263mz\011\203 \214w\001]\002\313\023y\001v\232"
 266      7A098320 
 266      8C77015D 
 266      02CB1379 
 266      01769A
 267 0392 9ABB533C 		.ascii	"\232\273S<p\017\013puG\005\224\325\000SJon\255\364`"
ARM GAS  C:\Users\CYIRKO~1\AppData\Local\Temp\ccM9pKIO.s 			page 20


 267      700F0B70 
 267      75470594 
 267      D500534A 
 267      6F6EADF4 
 268 03a7 337E95EA 		.ascii	"3~\225\352\367\363J'\261)\267\020\275\265\177\367JO"
 268      F7F34A27 
 268      B129B710 
 268      BDB57FF7 
 268      4A4F
 269 03b9 D67F89E8 		.ascii	"\326\177\211\3505\355\347\036J\370\036\033\234|dc\015"
 269      35EDE71E 
 269      4AF81E1B 
 269      9C7C6463 
 269      0D
 270 03ca D640B525 		.ascii	"\326@\265%\375\250[\005F46~\177\321\005\017\261\341"
 270      FDA85B05 
 270      4634367E 
 270      7FD1050F 
 270      B1E1
 271 03dc EB6A8BEB 		.ascii	"\353j\213\353\370zRO\364-\247k\312\264x\204u~\223r\253"
 271      F87A524F 
 271      F42DA76B 
 271      CAB47884 
 271      757E9372 
 272 03f1 C615BFE0 		.ascii	"\306\025\277\340^r\257|\270W\273\272F\032\020\036e\235"
 272      5E72AF7C 
 272      B857BBBA 
 272      461A101E 
 272      659D
 273 0403 65A567EA 		.ascii	"e\245g\352\370\302\023\010jyK\367\2078I\242]\325CG\017"
 273      F8C21308 
 273      6A794BF7 
 273      873849A2 
 273      5DD54347 
 274 0418 72EF31F1 		.ascii	"r\3571\3617c\350\2227\361Wf\376\222v\305c\001\335\""
 274      3763E892 
 274      37F15766 
 274      FE9276C5 
 274      6301DD22 
 275 042c F70E0AF0 		.ascii	"\367\016\012\360E7\231\257\327\236\325v\272\370|M\321"
 275      453799AF 
 275      D79ED576 
 275      BAF87C4D 
 275      D1
 276 043d 70AB49F4 		.ascii	"p\253I\364\336.\007\370\031\012\377\006\371(\203hmn"
 276      DE2E07F8 
 276      190AFF06 
 276      F9288368 
 276      6D6E
 277 044f BDEFA506 		.ascii	"\275\357\245\006_\375w\340\202\275\373\267k\360\032"
 277      5FFD77E0 
 277      82BDFBB7 
 277      6BF01A
 278 045e E664E6F0 		.ascii	"\346d\346\360\365;|\012\374A=\360\244,\311\035\257c"
 278      F53B7C0A 
 278      FC413DF0 
 278      A42CC91D 
ARM GAS  C:\Users\CYIRKO~1\AppData\Local\Temp\ccM9pKIO.s 			page 21


 278      AF63
 279 0470 7D9B2BB2 		.ascii	"}\233+\262.\272\341T\246(\013\256\017[pWt\314\301\233"
 279      2EBAE154 
 279      A6280BAE 
 279      0F5B7057 
 279      74CCC19B 
 280 0484 594F65DA 		.ascii	"YOe\332\246\353\020!S\356\257\274\335\313o\342\251\244"
 280      A6EB1021 
 280      53EEAFBC 
 280      DDCB6FE2 
 280      A9A4
 281 0496 E62F0C4E 		.ascii	"\346/\014N\307;Y\327h}\315t\274\207]\327\225\034:\210"
 281      C73B59D7 
 281      687DCD74 
 281      BC875DD7 
 281      951C3A88 
 282 04aa F021A60C 		.ascii	"\360!\246\014\355\250\033\324\340#L\311i\331y\322\035"
 282      EDA81BD4 
 282      E0234CC9 
 282      69D979D2 
 282      1D
 283 04bb 1732E5C0 		.ascii	"\0272\345\300\263m\007<\361\011\246\\9\325\226\254\305"
 283      B36D073C 
 283      F109A65C 
 283      39D596AC 
 283      C5
 284 04cc A798925C 		.ascii	"\247\230\222\\T\224\256\305\345LYQv-\315\233\031\355"
 284      5494AEC5 
 284      E54C5951 
 284      762DCD9B 
 284      19ED
 285 04de 257ADFFE 		.ascii	"%z\337\376\276\034\017\276t\270\202\236\322\322\370"
 285      BE1C0FBE 
 285      74B8829E 
 285      D2D2F8
 286 04ed 14E12A06 		.ascii	"\024\341*\006N)i\355\221&\234\207g\312<\004\322i\330"
 286      4E2969ED 
 286      91269C87 
 286      67CA3C04 
 286      D269D8
 287 0500 5ABEB5D8 		.ascii	"Z\276\265\330\313q\032\332\000\235K\321\317if\237)\231"
 287      CB711ADA 
 287      009D4BD1 
 287      CF69669F 
 287      2999
 288 0512 BD747BEF 		.ascii	"\275t{\357~\311q\036&B\277\366 \245jd\022\362\363\363"
 288      7EC9711E 
 288      2642BFF6 
 288      20A56A64 
 288      12F2F3F3 
 289 0526 9BE2A73A 		.ascii	"\233\342\247:\374\351y\217\2742I\266<M\307\003\371M"
 289      FCE9798F 
 289      BC3249B6 
 289      3C4DC703 
 289      F94D
 290 0538 EBE59C6A 		.ascii	"\353\345\234jD\251z\340f\034ESl\205~\235\362\036\"g"
 290      44A97AE0 
ARM GAS  C:\Users\CYIRKO~1\AppData\Local\Temp\ccM9pKIO.s 			page 22


 290      661C4553 
 290      6C857E9D 
 290      F21E2267 
 291 054c 810DB915 		.ascii	"\201\015\271\025\233![Vb\012\357p\204\267\217\2037\250"
 291      9B215B56 
 291      620AEF70 
 291      84B78F83 
 291      37A8
 292 055e E0DD8EF0 		.ascii	"\340\335\216\360N\012\017\"\3504\036\323\207\222\200"
 292      4E0A0F22 
 292      E8341ED3 
 292      879280
 293 056d 9E40FF08 		.ascii	"\236@\377\010\355\"hr\323\257\023\375\221,\372\301R"
 293      ED226872 
 293      D3AF13FD 
 293      912CFAC1 
 293      52
 294 057e EC87D6C0 		.ascii	"\354\207\326\300\357J\220D\220T\220$\220\024\220U \311"
 294      EF4A9044 
 294      90549024 
 294      90149055 
 294      20C9
 295 0590 20EB4136 		.ascii	" \353A6\200\254\006\371\032\344{\030\363O\220\265p\275"
 295      80AC06F9 
 295      1AE47B18 
 295      F34F90B5 
 295      70BD
 296 05a2 02E4255C 		.ascii	"\002\344%\\o\024\375\350\"\305|\354\214\266\3718\354"
 296      6F14FDE8 
 296      22C57CEC 
 296      8CB6F938 
 296      EC
 297 05b3 E8638063 		.ascii	"\350c\200cD-*\364c\247\350 \033xH\005~\350\010>\203"
 297      442D2AF4 
 297      63A7E820 
 297      1B784805 
 297      7EE8083E 
 298 05c8 1CD09DAA 		.ascii	"\034\320\235\252d]s\236[\025\272:\306\206\276\357\210"
 298      645D739E 
 298      5B15BA3A 
 298      C686BEEF 
 298      88
 299 05d9 BEE788BE 		.ascii	"\276\347\210\276\253\362\344\221#:w\334\274\265\250"
 299      ABF2E491 
 299      233A77DC 
 299      BCB5A8
 300 05e8 C8071DE1 		.ascii	"\310\007\035\341w\034\311\207T\350\333\216\350\033\216"
 300      771CC987 
 300      54E8DB8E 
 300      E81B8E
 301 05f7 E85B2A57 		.ascii	"\350[*W\206\234\273\242N\212\212\373\256sO\354\034W"
 301      869CBBA2 
 301      4E8A8AFB 
 301      AE734FEC 
 301      1C57
 302 0609 E5B0CB79 		.ascii	"\345\260\313y\301\331\325\247\212\375;\347Idp\366\334"
 302      C1D9D5A7 
ARM GAS  C:\Users\CYIRKO~1\AppData\Local\Temp\ccM9pKIO.s 			page 23


 302      8AFD3BE7 
 302      496470F6 
 302      DC
 303 061a 6ABAE793 		.ascii	"j\272\347\223(\313\210\300\324\017;\306\325\377\235"
 303      28CB88C0 
 303      D40F3BC6 
 303      D5FF9D
 304 0629 CFE624B9 		.ascii	"\317\346$\271>\220\222\0158\222\365\217\233\021\225"
 304      3E90920D 
 304      3892F58F 
 304      9B1195
 305 0638 E96F9DA3 		.ascii	"\351o\235\243\255\236&\002<6\221\302_ \037\364\224\303"
 305      AD9E2602 
 305      3C3691C2 
 305      5F201FF4 
 305      94C3
 306 064a 955B1F5D 		.ascii	"\225[\037]q$\177\241\312\361\003\347\205\247&\177\021"
 306      71247FA1 
 306      CAF103E7 
 306      85A7267F 
 306      11
 307 065b C3C8FB80 		.ascii	"\303\310\373\200\274\227\303\225\365\235O \203\223\375"
 307      BC97C395 
 307      F59D4F20 
 307      8393FD
 308 066a 4D63FB21 		.ascii	"Mc\373!/\234\342B\037\353\325\331g2`\3436\205\245\347"
 308      2F9CE242 
 308      1FEBD5D9 
 308      673260E3 
 308      3685A5E7 
 309 067e C97D57F2 		.ascii	"\311}W\362\\\337,NAi\242\365\271N\222\345\374\016G\233"
 309      5CDF2C4E 
 309      4169A2F5 
 309      B94E92E5 
 309      FC0E479B 
 310 0692 E0C6FE7F 		.ascii	"\340\306\376\177\337\344\344\311p'\365\246\350\231b"
 310      DFE4E4C9 
 310      7027F5A6 
 310      E89962
 311 06a1 DD38520F 		.ascii	"\3358R\017mk\362\026\321\223\003\225=\230\017\333\203"
 311      6D6BF216 
 311      D1930395 
 311      3D980FDB 
 311      83
 312 06b2 293BC657 		.ascii	");\306W\331\216\361HU\352M\017\274\215F\216\362\272"
 312      D98EF148 
 312      55EA4D0F 
 312      BC8D468E 
 312      F2BA
 313 06c4 F2B23DF0 		.ascii	"\362\262=\360>\252L-\333\224\3773\344\3579U\362\234"
 313      3EAA4C2D 
 313      DB94FF33 
 313      E4EF3955 
 313      F29C
 314 06d6 42565B7E 		.ascii	"BV[~\366\363\367\237\002\242l\224\336N\277D6\265\271"
 314      F6F3F79F 
 314      02A26C94 
ARM GAS  C:\Users\CYIRKO~1\AppData\Local\Temp\ccM9pKIO.s 			page 24


 314      DE4EBF44 
 314      36B5B9
 315 06e9 A227DA6E 		.ascii	"\242'\332n\313\316\016j\\\345[\2468U\345\033ts\3446"
 315      CBCE0E6A 
 315      5CE55BA6 
 315      3855E51B 
 315      7473E436 
 316 06fd FAFA9024 		.ascii	"\372\372\220$O\026\321\247\257\241m\242/\332*\022\004"
 316      4F16D1A7 
 316      AFA16DA2 
 316      2FDA2A12 
 316      04
 317 070e E0E1BC53 		.ascii	"\340\341\274S\224\330\273\023\312\202\021\213%5c\266"
 317      94D8BB13 
 317      CA82118B 
 317      253563B6 
 318 071e 5DB4592C 		.ascii	"]\264Y,Z\365|X\247\372(\314A\216\310\346\243\020\256"
 318      5AF57C58 
 318      A7FA28CC 
 318      418EC8E6 
 318      A310AE
 319 0731 0B20977B 		.ascii	"\013 \227{@v\203\354\262.\232@\014{\364\237\257\255"
 319      407683EC 
 319      B22E9A40 
 319      0C7BF49F 
 319      AFAD
 320 0743 69668F0E 		.ascii	"if\217\016\310\037j\205\252\311\021'XS\234\332j\341"
 320      C81F6A85 
 320      AAC91127 
 320      58539CDA 
 320      6AE1
 321 0755 237ED856 		.ascii	"#~\330V\323Z\\~L\226\327\272\322\247c\261sK\274\370"
 321      D35A5C7E 
 321      4C96D7BA 
 321      D2A763B1 
 321      734BBCF8 
 322 0769 293E1957 		.ascii	")>\031W0\374^\360\254\304\021\257Z\322UI\332g\227\244"
 322      30FC5EF0 
 322      ACC411AF 
 322      5AD25549 
 322      DA6797A4 
 323 077d BD76494A 		.ascii	"\275vIJ\266s\374\0108{\2009.\240\303\340\355!\220\203"
 323      B673FC08 
 323      387B8039 
 323      2EA0C3E0 
 323      ED219083 
 324 0791 20FBEDBC 		.ascii	" \373\355\274\356\031}\235-\007\304\351t\230\360\003"
 324      EE197D9D 
 324      2D07C4E9 
 324      7498F003 
 325 07a1 FF497A04 		.ascii	"\377Iz\004\305\004\312\003s\023[\271\373\017v\243\023"
 325      C504CA03 
 325      73135BB9 
 325      FB0F76A3 
 325      13
 326 07b2 23879153 		.ascii	"#\207\221S#\252\314\274\370;C\223\032<\341\210v\236"
 326      23AACCBC 
ARM GAS  C:\Users\CYIRKO~1\AppData\Local\Temp\ccM9pKIO.s 			page 25


 326      F83B4393 
 326      1A3CE188 
 326      769E
 327 07c4 177539A2 		.ascii	"\027u9\242\014\360\305V\221\214\263\232"
 327      0CF0C556 
 327      918CB39A 
 328 07d0 739297B5 		.ascii	"s\222\227\265R\247\234A\266\005\264\375{\266\200\002"
 328      52A79C41 
 328      B605B4FD 
 328      7BB68002 
 329 07e0 48BD80B2 		.ascii	"H\275\200\262\316\376Q\272|\344\003A\231\355\265\200"
 329      CEFE51BA 
 329      7CE40341 
 329      99EDB580 
 330 07f0 40272821 		.ascii	"@'(!\325L\374@\232\356\217\275>\274BN\017\244\357\034"
 330      D54CFC40 
 330      9AEE8FBD 
 330      3EBC424E 
 330      0FA4EF1C 
 331 0804 15BC22F8 		.ascii	"\025\274\"\370\353\205\243\217Mc\223\251\2179\316|\034"
 331      EB85A38F 
 331      4D6393A9 
 331      8F39CE7C 
 331      1C
 332 0815 1B0C3C48 		.ascii	"\033\014<H_\314\311M\325b\3632\207zI6\250]E5H\275\326"
 332      5FCCC94D 
 332      D562F332 
 332      877A4936 
 332      A85D4535 
 333 082c E4DB1556 		.ascii	"\344\333\025V\021+,\362K\336A7\234-\027{`gDn\334\311"
 333      112B2CF2 
 333      4BDE4137 
 333      9C2D177B 
 333      6067446E 
 334 0842 D40C42EC 		.ascii	"\324\014B\354\214\250PuL9\020\242\355\320*\012\374\253"
 334      8CA85075 
 334      4C3910A2 
 334      EDD02A0A 
 334      FCAB
 335 0854 86D28494 		.ascii	"\206\322\204\224\021\\\027\271*rJ\372\307\007#\025#"
 335      115C17B9 
 335      2A724AFA 
 335      C7072315 
 335      23
 336 0865 EB669694 		.ascii	"\353f\226\224C`p\346\211@\331\331h$\332\014 \244\036"
 336      436070E6 
 336      8940D9D9 
 336      6824DA0C 
 336      20A41E
 337 0878 A022646E 		.ascii	"\240\"dn\363~\253\177\202-8\244,\313\2172\032\37357"
 337      F37EAB7F 
 337      822D38A4 
 337      2CCB8F32 
 337      1AFB3537 
 338 088c 6093092D 		.ascii	"`\223\011-9\3443\030\264\345\027\247\254\360\304\271"
 338      39E43318 
 338      B4E517A7 
ARM GAS  C:\Users\CYIRKO~1\AppData\Local\Temp\ccM9pKIO.s 			page 26


 338      ACF0C4B9 
 339 089c 6C8D9533 		.ascii	"l\215\2253\007\263\361\2339\262\245\027\026\234\002"
 339      07B3F19B 
 339      39B2A517 
 339      169C02
 340 08ab 5C7FBA4F 		.ascii	"\\\177\272O\2265\022-\311\023\266\025\024.\341|\\\274"
 340      9635122D 
 340      C913B615 
 340      142EE17C 
 340      5CBC
 341 08bd 81D03148 		.ascii	"\201\3201H\246\200\212\3057\311+{G\361:\214-\214\351"
 341      A6808AC5 
 341      37C92B7B 
 341      47F13A8C 
 341      2D8CE9
 342 08d0 59625B95 		.ascii	"Yb[\225f\352DKh)]B\027K\314\255\015y\017\012\024\253"
 342      66EA444B 
 342      68295D42 
 342      174BCCAD 
 342      0D790F0A 
 343 08e6 754B3372 		.ascii	"uK3r,+`\020& Tb\263Z\342h\365$\265z\266\340t\235\007"
 343      2C2B6010 
 343      26205462 
 343      B35AE268 
 343      F524B57A 
 344 08ff BEC6ACF6 		.ascii	"\276\306\254\366lx\001\233\336~\366\250\034(\261\264"
 344      6C78019B 
 344      DE7EF6A8 
 344      1C28B1B4 
 345 090f 7923ADFF 		.ascii	"y#\255\377Z\342\303\321\325\366o\224g\240zuZ\245\332"
 345      5AE2C3D1 
 345      D5F66F94 
 345      67A07A75 
 345      5AA5DA
 346 0922 58A93DAD 		.ascii	"X\251=\255\304Y\025\344\211Q&j\321i\233e\235\226\371"
 346      C45915E4 
 346      8951266A 
 346      D1699B65 
 346      9D96F9
 347 0935 597AFB79 		.ascii	"Yz\373y\260:$\002\263\305Tn\027S\316?WUx@L\275,\223"
 347      B03A2402 
 347      B3C5546E 
 347      1753CE3F 
 347      57557840 
 348 094d 85439049 		.ascii	"\205C\220I\250QI\"8t\312F~\3121\254\012\032Vw\227|\026"
 348      A8514922 
 348      3874CA46 
 348      7ECA31AC 
 348      0A1A5677 
 349 0964 E34DAE3F 		.ascii	"\343M\256?\"\231\026;\303\271\243\215\273\274\300p\016"
 349      2299163B 
 349      C3B9A38D 
 349      BBBCC070 
 349      0E
 350 0975 4BA64C92 		.ascii	"K\246L\222\231(\022\020\252\264Y\255t\264ZE\255\356"
 350      99281210 
 350      AAB459AD 
ARM GAS  C:\Users\CYIRKO~1\AppData\Local\Temp\ccM9pKIO.s 			page 27


 350      74B45A45 
 350      ADEE
 351 0987 A96D4ED3 		.ascii	"\251mN\323\342}\314\352\372\215\333:\335q\001U\304\035"
 351      E27DCCEA 
 351      FA8DDB3A 
 351      DD710155 
 351      C41D
 352 0999 DB9B2E8B 		.ascii	"\333\233.\213\310_k\315T6\315T-\244\240\306!SN\363}"
 352      C85F6BCD 
 352      5436CD54 
 352      2DA4A0C6 
 352      21534EF3 
 353 09ae D62EDFC0 		.ascii	"\326.\337\300~&5;\337.\246Z\273l\326\331g\323\322tW"
 353      7E26353B 
 353      DF2EA65A 
 353      BB6CD6D9 
 353      67D3D274 
 354 09c3 CB83826C 		.ascii	"\313\203\202ln\250\271\000\017Bd\221\010\014U\333\354"
 354      6EA8B900 
 354      0F426491 
 354      080C55DB 
 354      EC
 355 09d4 573B8675 		.ascii	"W;\206u\216\206\365\264\355Y\207\027\256aa5f=i\364\304"
 355      8E86F5B4 
 355      ED598717 
 355      AE616135 
 355      663D69F4 
 356 09e9 975858CD 		.ascii	"\227XX\315\373+\012\275\254a\215u\343\3034\254\013\340"
 356      FB2B0ABD 
 356      AC618D75 
 356      E3C334AC 
 356      0BE0
 357 09fb CBF91F13 		.ascii	"\313\371\037\023V\203cX\353\313\017\\F\352\260.\330"
 357      56836358 
 357      EBCB0F5C 
 357      46EAB02E 
 357      D8
 358 0a0c 85D56817 		.ascii	"\205\325h\027V\372\371\372jR\370\275d\021\\\345\226"
 358      56FAF9FA 
 358      6A52F8BD 
 358      64115CE5 
 358      96
 359 0a1d 21578B04 		.ascii	"!W\213\004\201\352m\246\353ID\344\342\"\215\244\352"
 359      81EA6DA6 
 359      EB4944E4 
 359      E2228DA4 
 359      EA
 360 0a2e 417B8D17 		.ascii	"A{\215\027~\302\"I\316,Iw\221D\366\364$\244\320\326"
 360      7EC22249 
 360      CE2C4977 
 360      9144F6F4 
 360      24A4D0D6 
 361 0a42 D979330B 		.ascii	"\331y3\013I\312\266\244Y\244\215/J\362^zOX?\227\251"
 361      49CAB6A4 
 361      59A48D2F 
 361      4AF25E7A 
 361      4F583F97 
ARM GAS  C:\Users\CYIRKO~1\AppData\Local\Temp\ccM9pKIO.s 			page 28


 362 0a57 4F9744EE 		.ascii	"O\227D\356\324\372\316\372*\027\356\024\354\241v\035"
 362      D4FACEFA 
 362      2A17EE14 
 362      ECA1761D 
 363 0a67 ED939335 		.ascii	"\355\223\2235\024\205\232l~5)~\265P\277\212\362\312"
 363      14859A6C 
 363      7E35297E 
 363      B550BF8A 
 363      F2CA
 364 0a79 D2253CC6 		.ascii	"\322%<\306\374\372\366Q\356\210\033\336\344F3\334\177"
 364      FCFAF651 
 364      EE881BDE 
 364      E44633DC 
 364      7F
 365 0a8a ECC61E37 		.ascii	"\354\306\0367\325\227\306\300\027\364Kc\273\250AW\304"
 365      D597C6C0 
 365      17F44B63 
 365      BBA84157 
 365      C4
 366 0a9b 1FF3A5B1 		.ascii	"\037\363\245\261Mt\372\355\247\255lW\262H\003%T,\370"
 366      4D74FAED 
 366      A7AD6C57 
 366      B2480325 
 366      542CF8
 367 0aae F39D374A 		.ascii	"\363\2357J\\\255\301w\260\340\327\247_Lu\2330\370k4"
 367      5CADC177 
 367      B0E0D7A7 
 367      5F4C759B 
 367      30F86B34 
 368 0ac2 F8AB4AF0 		.ascii	"\370\253J\360\327og\347\210\326\340\177\256\004\017"
 368      D76F67E7 
 368      88D6E07F 
 368      AE040F
 369 0ad1 28D46AF3 		.ascii	"(\324j\363\266U\011\276\223\006?xu\030\336|2i\274\250"
 369      B65509BE 
 369      93063F78 
 369      7518DE7C 
 369      3269BCA8 
 370 0ae5 FBD1995A 		.ascii	"\373\321\231Z7\205\241\033\227\037YmYD\357Q\324e#\350"
 370      3785A11B 
 370      971F596D 
 370      5944EF51 
 370      D46523E8 
 371 0af9 5208BA29 		.ascii	"R\010\272)\301\365\261\203\303\223\360\021Fpb}~\226"
 371      C1F5B183 
 371      C393F011 
 371      4670627D 
 371      7E96
 372 0b0b E75B7BE5 		.ascii	"\347[{\345^\013\255\365\356\222\225\262\354C\037j\327"
 372      5E0BADF5 
 372      EE9295B2 
 372      EC431F6A 
 372      D7
 373 0b1c 19816ACB 		.ascii	"\031\201j\313BZ\302\340\321\324#\276\005#\267\337\252"
 373      425AC2E0 
 373      D1D423BE 
 373      0523B7DF 
ARM GAS  C:\Users\CYIRKO~1\AppData\Local\Temp\ccM9pKIO.s 			page 29


 373      AA
 374 0b2d DAA87D23 		.ascii	"\332\250}#Sv\3475\013M\307\223\257\036\326\340\023\214"
 374      5376E735 
 374      0B4DC793 
 374      AF1ED6E0 
 374      138C
 375 0b3f B96777EB 		.ascii	"\271gw\353Z\021\230s\200\271\311t\\\206\373\007j\267"
 375      5A119873 
 375      80B9C974 
 375      5C86FB07 
 375      6AB7
 376 0b51 97B3DA1E 		.ascii	"\227\263\332\036\231\244\345\206\370\206\200nND{\347"
 376      99A4E586 
 376      F886806E 
 376      4E447BE7 
 377 0b61 68D58E49 		.ascii	"h\325\216I\370,\243\275Z\3364\2148m\337qW\331\217\260"
 377      F82CA3BD 
 377      5ADE348C 
 377      386DDF71 
 377      57D98FB0 
 378 0b75 7E338E95 		.ascii	"~3\216\225\264\334\"\254}\023\261\236k\252\354\363\302"
 378      B4DC22AC 
 378      7D13B19E 
 378      6BAAECF3 
 378      C2
 379 0b86 97196B75 		.ascii	"\227\031ku\345\311\031\234\364e1'\355\037GJZn\023\322"
 379      E5C9199C 
 379      F4653127 
 379      ED1F474A 
 379      5A6E13D2 
 380 0b9a 6F29E9C9 		.ascii	"o)\351\3115I\267\264\270\2071\024\364\265?\327\000\205"
 380      3549B7B4 
 380      B8873114 
 380      F4B53FD7 
 380      0085
 381 0bac 5C0DE1DE 		.ascii	"\\\015\341\336v\311 \361\222\272\030\030\3072\300\323"
 381      76C920F1 
 381      92BA1818 
 381      C732C0D3 
 382 0bbc 7887925C 		.ascii	"x\207\222\\\254mMw\303w(\2114P9$\002\216\374y\370\357"
 382      AC6D4D77 
 382      C3772889 
 382      34503924 
 382      028EFC79 
 383 0bd2 80CDD277 		.ascii	"\200\315\322w\242\207\260C\206J\235L/\327\260\257\247"
 383      A287B043 
 383      864A9D4C 
 383      2FD7B0AF 
 383      A7
 384 0be3 5F4F46D6 		.ascii	"_OF\326\257\247\367\241`I\227\200\006\241\314\356\211"
 384      AFA7F7A1 
 384      60499780 
 384      06A1CCEE 
 384      89
 385 0bf4 FCCB2DF9 		.ascii	"\374\313-\371W\204@:\320]>\373\254\344\316\266\246\366"
 385      5784403A 
 385      D05D3EFB 
ARM GAS  C:\Users\CYIRKO~1\AppData\Local\Temp\ccM9pKIO.s 			page 30


 385      ACE4CEB6 
 385      A6F6
 386 0c06 20FC80F9 		.ascii	" \374\200\371\234]\263vL\313}\256k\301\333e\013\242"
 386      9C5DB376 
 386      4CCB7DAE 
 386      6BC1DB65 
 386      0BA2
 387 0c18 431E709F 		.ascii	"C\036p\237\225o\304D\007v\001=\244.\327\265[:D\274\306"
 387      956FC444 
 387      0776013D 
 387      A42ED7B5 
 387      5B3A44BC 
 388 0c2d 9D726C2B 		.ascii	"\235rl+=u\305\205\024\020\275\337\246\355\254i\220\345"
 388      3D75C585 
 388      1410BDDF 
 388      A6EDAC69 
 388      90E5
 389 0c3f DD6CFFF4 		.ascii	"\335l\377\364h\\\005=\242+\346\020e\311,>\\\347\255"
 389      685C053D 
 389      A22BE610 
 389      65C92C3E 
 389      5CE7AD
 390 0c52 DE4935DA 		.ascii	"\336I5\332\275\031\015\363\235\3240\335I\355m\256\325"
 390      BD190DF3 
 390      9DD430DD 
 390      49ED6DAE 
 390      D5
 391 0c63 A9B124B3 		.ascii	"\251\261$\2636\354c\216}L\261\315w\012\322\335\325\340"
 391      36EC638E 
 391      7D4CB1CD 
 391      770AD2DD 
 391      D5E0
 392 0c75 CB76C423 		.ascii	"\313v\304#\034<B\301\3059\347\206\355\336\035\257\331"
 392      1C3C42C1 
 392      C539E786 
 392      EDDE1DAF 
 392      D9
 393 0c86 819F70F0 		.ascii	"\201\237p\360\023\012\276\361\254\243\307S\015\266\330"
 393      130ABEF1 
 393      ACA3C753 
 393      0DB6D8
 394 0c95 819F5AB7 		.ascii	"\201\237Z\267\316\344\222\340O\257k\327\250\361$\271"
 394      CEE492E0 
 394      4FAF6BD7 
 394      A8F124B9 
 395 0ca5 AA8F859C 		.ascii	"\252\217\205\234\374\231s\362R;\362\347\034L~q\244i"
 395      FC9973F2 
 395      523BF2E7 
 395      1C4C7E71 
 395      A469
 396 0cb7 A6FB470B 		.ascii	"\246\373G\013>\231\246\013\012\0224z}\2021\326<k\246"
 396      3E99A60B 
 396      0A12347A 
 396      7D8231D6 
 396      3C6BA6
 397 0cca DEBCC4F0 		.ascii	"\336\274\304\360Ax\344\347\306\305\306xsB\2241.\334"
 397      4178E4E7 
ARM GAS  C:\Users\CYIRKO~1\AppData\Local\Temp\ccM9pKIO.s 			page 31


 397      C6C5C678 
 397      73429431 
 397      2EDC
 398 0cdc 1C17171D 		.ascii	"\034\027\027\035\037\27646a\032\275\232\026a\212\231"
 398      1FBE3436 
 398      611ABD9A 
 398      16618A99 
 399 0cec 6688596C 		.ascii	"f\210Yl\210\2122D\205\277;c\326\264\231\201A\357}\031"
 399      888A3244 
 399      85BF3B63 
 399      D6B49981 
 399      41EF7D19 
 400 0d00 140EEDEF 		.ascii	"\024\016\355\357\304\306\305\032\3361D,6\206\033c#\243"
 400      C4C6C51A 
 400      DE31442C 
 400      36861B63 
 400      23A3
 401 0d12 13A20CE1 		.ascii	"\023\242\014\3411\021\300\025k\010\327G\031\226D$D\233"
 401      3111C015 
 401      6B08D747 
 401      19964424 
 401      449B
 402 0d24 F5E6E5CB 		.ascii	"\365\346\345\313\014\3613>\027\334\025{\177\376\237"
 402      0CF1333E 
 402      17DC157B 
 402      7FFE9F
 403 0d33 DA8B5F1E 		.ascii	"\332\213_\036\037\256\2177G\00191\022\031\021\035\275"
 403      1FAE8F37 
 403      47013931 
 403      1219111D 
 403      BD
 404 0d44 3822F20B 		.ascii	"8\"\362\013\227\310\350\270\310/\\#\343b\227\030\227"
 404      97C8E8B8 
 404      C82F5C23 
 404      E3629718 
 404      97
 405 0d55 7A2C3119 		.ascii	"z,1\031\276L0\304F.\367X\272\314L\024\27598\370\203"
 405      BE4C30C4 
 405      462EF758 
 405      BACC4C14 
 405      BD3938F8 
 406 0d6a 701DF122 		.ascii	"p\035\361\"\224yA=\212\213\017z\357\335\200\270\370"
 406      9479413D 
 406      8A8B0F7A 
 406      EFDD80B8 
 406      F8
 407 0d7b 80CF23A2 		.ascii	"\200\317#\242\003\226\305\231\314\361\001\241a\363g"
 407      0396C599 
 407      CCF101A1 
 407      61F367
 408 0d8a CD0CF8F8 		.ascii	"\315\014\370\370\343\271\001a\363\346\177\025Dz\364"
 408      E3B90161 
 408      F3E67F15 
 408      447AF4
 409 0d99 40A28F8E 		.ascii	"@\242\217\216\216\002{\036\037-\012\323Q\033.\361\346"
 409      8E027B1E 
 409      1F2D0AD3 
ARM GAS  C:\Users\CYIRKO~1\AppData\Local\Temp\ccM9pKIO.s 			page 32


 409      511B2EF1 
 409      E6
 410 0daa 08B3410B 		.ascii	"\010\263A\013\272~\341\202\340\320\337-\014\363\"\327"
 410      BA7EE182 
 410      E0D0DF2D 
 410      0CF322D7 
 411 0dba BA850BC2 		.ascii	"\272\205\013\302\346-\370d\341'\241\004\252\017\011"
 411      E62DF864 
 411      E127A104 
 411      AA0F09
 412 0dc9 9E3DF78F 		.ascii	"\236=\367\217\356\344*4l\341\"\015\271\370d\301\274"
 412      EEE42A34 
 412      6CE1220D 
 412      B9F864C1 
 412      BC
 413 0dda 05F3C266 		.ascii	"\005\363\302f\375\240;<`\305\0010\256\201\037jUo&\344"
 413      FDA03B3C 
 413      60C50130 
 413      AE811F6A 
 413      556F26E4 
 414 0dee 734DC6AF 		.ascii	"sM\306\257\014&l6\306\270\350t\363Cf\211\013C\244\271"
 414      0C266C36 
 414      C6B8E874 
 414      F3436689 
 414      0B43A4B9 
 415 0e02 F36787E0 		.ascii	"\363g\207\340\271\272\020i\316\334\260\020\254\323\205"
 415      B9BA1069 
 415      CEDCB010 
 415      ACD385
 416 0e11 E01090D9 		.ascii	"\340\020\220\331!!xQ\250\016\353\026\204I:]p\010\305"
 416      21217851 
 416      A80EEB16 
 416      84493A5D 
 416      7008C5
 417 0e24 CFA4E720 		.ascii	"\317\244\347 \034\374Q\210\030\012#\347\005\207H\241"
 417      1CFC5188 
 417      180A23E7 
 417      058748A1 
 418 0e34 F301AD0B 		.ascii	"\363\001\255\013\231\011\022\004\310?\204\350\376\313"
 418      99091204 
 418      C83F84E8 
 418      FECB
 419 0e42 ACC59B63 		.ascii	"\254\305\233c\310\324\033c\300m\255U\321\233'A\010\312"
 419      C8D41B63 
 419      C06DAD55 
 419      D19B2741 
 419      08CA
 420 0e54 94E9CD52 		.ascii	"\224\351\315R\224\321`r\245i\233\343\035o\212\014\210"
 420      94D16072 
 420      A5699BE3 
 420      1D6F8A0C 
 420      88
 421 0e65 8B8A8B31 		.ascii	"\213\212\2131\230M\313gD\012S!\341\372\205\\\327\317"
 421      984DCB67 
 421      440A5321 
 421      E1FA855C 
 421      D7CF
ARM GAS  C:\Users\CYIRKO~1\AppData\Local\Temp\ccM9pKIO.s 			page 33


 422 0e77 8B359A67 		.ascii	"\2135\232g,\2130\231g\004z.5\230\365QPL\021\261\221"
 422      2C8B3099 
 422      67047A2E 
 422      3598F551 
 422      504C11B1 
 423 0e8c 869F2823 		.ascii	"\206\237(#\346\362\206O#\242\023 ?S\224\354Y\031?\027"
 423      E6F2864F 
 423      23A21320 
 423      3F5394EC 
 423      59193F17 
 424 0ea0 5E19C7E8 		.ascii	"^\031\307\350A\250\342\227\031\014Q\257*\270P\242q\022"
 424      41A8E297 
 424      190C51AF 
 424      2AB850A2 
 424      7112
 425 0eb2 6AC99C60 		.ascii	"j\311\234`\212\215\203<\277\006\345\024\027e0\205q\235"
 425      8A8D833C 
 425      BF06E514 
 425      17653085 
 425      719D
 426 0ec4 63BC1443 		.ascii	"c\274\024C\320M\352\021\342\0135\203\237>\312\005T\213"
 426      D04DEA11 
 426      E20B3583 
 426      9F3ECA05 
 426      548B
 427 0ed6 D9189B10 		.ascii	"\331\030\233\020\227\020O\372\"c\201q2q$\230\321Q?\334"
 427      97104FFA 
 427      22638171 
 427      32712498 
 427      D1513FDC 
 428 0eea 2005EF47 		.ascii	" \005\357G.Y\352\035\231`2\031b\315J0\236\313L\206\257"
 428      2E59EA1D 
 428      99603219 
 428      62CD4A30 
 428      9ECB4C86 
 429 0eff AC4A9471 		.ascii	"\254J\224q\311\022E\241\225\304\012\300E?\007n\243\237"
 429      C91245A1 
 429      95C40AC0 
 429      453F076E 
 429      A39F
 430 0f11 580333C6 		.ascii	"X\0033\306SNcD\264\361o\206(\027R(\357\377\013\220\271"
 430      534E6344 
 430      B4F16F86 
 430      28175228 
 430      EFFF0B90 
 431 0f26 F727     		.ascii	"\367'"
 432              		.text
 433              		.section	.gnu.lto_.symtab.bd26c123,"",%progbits
 434 0000 63757272 		.ascii	"currentDistance\000"
 434      656E7444 
 434      69737461 
 434      6E636500 
 435 0010 00       		.ascii	"\000"
 436 0011 00       		.ascii	"\000"
 437 0012 00       		.ascii	"\000"
 438 0013 00000000 		.ascii	"\000\000\000\000\000\000\000\000"
 438      00000000 
ARM GAS  C:\Users\CYIRKO~1\AppData\Local\Temp\ccM9pKIO.s 			page 34


 439 001b 61010000 		.ascii	"a\001\000\000"
 440 001f 70726576 		.ascii	"prevDistance\000"
 440      44697374 
 440      616E6365 
 440      00
 441 002c 00       		.ascii	"\000"
 442 002d 00       		.ascii	"\000"
 443 002e 00       		.ascii	"\000"
 444 002f 00000000 		.ascii	"\000\000\000\000\000\000\000\000"
 444      00000000 
 445 0037 64010000 		.ascii	"d\001\000\000"
 446 003b 64696666 		.ascii	"diffDistance\000"
 446      44697374 
 446      616E6365 
 446      00
 447 0048 00       		.ascii	"\000"
 448 0049 00       		.ascii	"\000"
 449 004a 00       		.ascii	"\000"
 450 004b 00000000 		.ascii	"\000\000\000\000\000\000\000\000"
 450      00000000 
 451 0053 67010000 		.ascii	"g\001\000\000"
 452 0057 47505439 		.ascii	"GPT9cfg\000"
 452      63666700 
 453 005f 00       		.ascii	"\000"
 454 0060 00       		.ascii	"\000"
 455 0061 00       		.ascii	"\000"
 456 0062 00000000 		.ascii	"\000\000\000\000\000\000\000\000"
 456      00000000 
 457 006a 5E010000 		.ascii	"^\001\000\000"
 458 006e 6765745F 		.ascii	"get_distance\000"
 458      64697374 
 458      616E6365 
 458      00
 459 007b 00       		.ascii	"\000"
 460 007c 00       		.ascii	"\000"
 461 007d 00       		.ascii	"\000"
 462 007e 00000000 		.ascii	"\000\000\000\000\000\000\000\000"
 462      00000000 
 463 0086 3E010000 		.ascii	">\001\000\000"
 464 008a 6C6C645F 		.ascii	"lld_Odometry_Init\000"
 464      4F646F6D 
 464      65747279 
 464      5F496E69 
 464      7400
 465 009c 00       		.ascii	"\000"
 466 009d 00       		.ascii	"\000"
 467 009e 00       		.ascii	"\000"
 468 009f 00000000 		.ascii	"\000\000\000\000\000\000\000\000"
 468      00000000 
 469 00a7 41010000 		.ascii	"A\001\000\000"
 470 00ab 6765745F 		.ascii	"get_speed\000"
 470      73706565 
 470      6400
 471 00b5 00       		.ascii	"\000"
 472 00b6 00       		.ascii	"\000"
 473 00b7 00       		.ascii	"\000"
 474 00b8 00000000 		.ascii	"\000\000\000\000\000\000\000\000"
ARM GAS  C:\Users\CYIRKO~1\AppData\Local\Temp\ccM9pKIO.s 			page 35


 474      00000000 
 475 00c0 47010000 		.ascii	"G\001\000\000"
 476 00c4 47505444 		.ascii	"GPTD9\000"
 476      3900
 477 00ca 00       		.ascii	"\000"
 478 00cb 02       		.ascii	"\002"
 479 00cc 00       		.ascii	"\000"
 480 00cd 00000000 		.ascii	"\000\000\000\000\000\000\000\000"
 480      00000000 
 481 00d5 72010000 		.ascii	"r\001\000\000"
 482 00d9 6765745F 		.ascii	"get_turnover\000"
 482      7475726E 
 482      6F766572 
 482      00
 483 00e6 00       		.ascii	"\000"
 484 00e7 02       		.ascii	"\002"
 485 00e8 00       		.ascii	"\000"
 486 00e9 00000000 		.ascii	"\000\000\000\000\000\000\000\000"
 486      00000000 
 487 00f1 4D010000 		.ascii	"M\001\000\000"
 488 00f5 67707453 		.ascii	"gptStart\000"
 488      74617274 
 488      00
 489 00fe 00       		.ascii	"\000"
 490 00ff 02       		.ascii	"\002"
 491 0100 00       		.ascii	"\000"
 492 0101 00000000 		.ascii	"\000\000\000\000\000\000\000\000"
 492      00000000 
 493 0109 52010000 		.ascii	"R\001\000\000"
 494 010d 67707453 		.ascii	"gptStartContinuous\000"
 494      74617274 
 494      436F6E74 
 494      696E756F 
 494      757300
 495 0120 00       		.ascii	"\000"
 496 0121 02       		.ascii	"\002"
 497 0122 00       		.ascii	"\000"
 498 0123 00000000 		.ascii	"\000\000\000\000\000\000\000\000"
 498      00000000 
 499 012b 5A010000 		.ascii	"Z\001\000\000"
 500 012f 6C6C645F 		.ascii	"lld_Encoder_Init\000"
 500      456E636F 
 500      6465725F 
 500      496E6974 
 500      00
 501 0140 00       		.ascii	"\000"
 502 0141 02       		.ascii	"\002"
 503 0142 00       		.ascii	"\000"
 504 0143 00000000 		.ascii	"\000\000\000\000\000\000\000\000"
 504      00000000 
 505 014b 5C010000 		.ascii	"\\\001\000\000"
 506              		.text
 507              		.section	.gnu.lto_.opts,"",%progbits
 508 0000 272D666D 		.ascii	"'-fmath-errno' '-fsigned-zeros' '-ftrapping-math' '"
 508      6174682D 
 508      6572726E 
 508      6F272027 
ARM GAS  C:\Users\CYIRKO~1\AppData\Local\Temp\ccM9pKIO.s 			page 36


 508      2D667369 
 509 0033 2D666E6F 		.ascii	"-fno-trapv' '-fno-openmp' '-fno-openacc' '-mcpu=cor"
 509      2D747261 
 509      70762720 
 509      272D666E 
 509      6F2D6F70 
 510 0066 7465782D 		.ascii	"tex-m7' '-mno-thumb-interwork' '-mthumb' '-ggdb' '-"
 510      6D372720 
 510      272D6D6E 
 510      6F2D7468 
 510      756D622D 
 511 0099 4F322720 		.ascii	"O2' '-fomit-frame-pointer' '-falign-functions=16' '"
 511      272D666F 
 511      6D69742D 
 511      6672616D 
 511      652D706F 
 512 00cc 2D666675 		.ascii	"-ffunction-sections' '-fdata-sections' '-fno-common"
 512      6E637469 
 512      6F6E2D73 
 512      65637469 
 512      6F6E7327 
 513 00ff 2720272D 		.ascii	"' '-flto'\000"
 513      666C746F 
 513      2700
 514              		.text
 515              		.comm	__gnu_lto_v1,1,1
 516              		.comm	__gnu_lto_slim,1,1
 517              		.ident	"GCC: (GNU Tools for ARM Embedded Processors 6-2017-q1-update) 6.3.1 20170215 (release) [AR
ARM GAS  C:\Users\CYIRKO~1\AppData\Local\Temp\ccM9pKIO.s 			page 37


DEFINED SYMBOLS
                            *ABS*:00000000 odometry.c
                            *COM*:00000001 __gnu_lto_v1
                            *COM*:00000001 __gnu_lto_slim

NO UNDEFINED SYMBOLS
