ARM GAS  C:\Users\CYIRKO~1\AppData\Local\Temp\ccy1V5Ug.s 			page 1


   1              		.cpu cortex-m7
   2              		.eabi_attribute 20, 1
   3              		.eabi_attribute 21, 1
   4              		.eabi_attribute 23, 3
   5              		.eabi_attribute 24, 1
   6              		.eabi_attribute 25, 1
   7              		.eabi_attribute 26, 1
   8              		.eabi_attribute 30, 2
   9              		.eabi_attribute 34, 1
  10              		.eabi_attribute 18, 4
  11              		.file	"tf_calculation.c"
  12              		.text
  13              	.Ltext0:
  14              		.section	.gnu.lto_.profile.e3a0913,"",%progbits
  15 0000 789C6365 		.ascii	"x\234ce`b`a```d`g\003\000\000\224\000\032"
  15      60626061 
  15      60606064 
  15      60670300 
  15      0094001A 
  16              		.text
  17              		.section	.gnu.lto_.icf.e3a0913,"",%progbits
  18 0000 789C6365 		.ascii	"x\234ce`b\340`@\000F\206\347O;.\3613\000\000\017\373"
  18      6062E060 
  18      40004686 
  18      E74F3B2E 
  18      F1330000 
  19 0016 0346     		.ascii	"\003F"
  20              		.text
  21              		.section	.gnu.lto_.jmpfuncs.e3a0913,"",%progbits
  22 0000 789C6365 		.ascii	"x\234ce`b`g@\000F\006FF\306z\006\000\002J\000\222"
  22      60626067 
  22      40004606 
  22      4646C67A 
  22      0600024A 
  23              		.text
  24              		.section	.gnu.lto_.inline.e3a0913,"",%progbits
  25 0000 789C6365 		.ascii	"x\234ce`b\310a@\000F\006\006\0166Ff\006\205\254\351"
  25      6062C861 
  25      40004606 
  25      060E3646 
  25      660685AC 
  26 0015 CC8C1FF7 		.ascii	"\314\214\037\367\356\275\301/;\273\241\243\241A\200"
  26      EEBDC12F 
  26      3BBBA1A3 
  26      A14180
  27 0024 91A10106 		.ascii	"\221\241\001\006\030\3473\003\025.g\224eV`P\310\206"
  27      18E73303 
  27      152E6794 
  27      65566050 
  27      C886
  28 0036 31181998 		.ascii	"1\030\031\230\0258\200&\260-\220gb`|\301.\300\304\300"
  28      15388026 
  28      B02D9067 
  28      62607CC1 
  28      2EC0C4C0 
  29 004a DAA12EC0 		.ascii	"\332\241.\300\300\370\210\205\203\011L20\2661\2630\201"
  29      C0F88885 
ARM GAS  C:\Users\CYIRKO~1\AppData\Local\Temp\ccy1V5Ug.s 			page 2


  29      83094C32 
  29      30B631B3 
  29      3081
  30 005c 49B05D00 		.ascii	"I\260]\000\217\305\025&"
  30      8FC51526 
  31              		.text
  32              		.section	.gnu.lto_.pureconst.e3a0913,"",%progbits
  33 0000 789C6365 		.ascii	"x\234ce`b`f```d\220\002\000\000\206\000&"
  33      60626066 
  33      60606064 
  33      90020000 
  33      860026
  34              		.text
  35              		.section	.gnu.lto_tfOutCalculation.e3a0913,"",%progbits
  36 0000 789C9D92 		.ascii	"x\234\235\222\317KTQ\024\307\317\367\236\373\306\301"
  36      CF4B5451 
  36      14C7CFF7 
  36      9EFBC6C1 
  37 0010 D4DC042E 		.ascii	"\324\334\004.Fq!\210\233\336?\020\376\021mZ\212\014"
  37      46712188 
  37      9BDE3F10 
  37      FE116D5A 
  37      8A0C
  38 0022 0882A4D4 		.ascii	"\010\202\244\324\330\326\3530\2418\241.\252\311lx\343"
  38      D8D6EB30 
  38      A138A12E 
  38      AAC96C78 
  38      E3
  39 0033 4234CB5F 		.ascii	"B4\313_\345\014\030\016\274l10PQ\314\"\372\261\321\220"
  39      E50C180E 
  39      BC6C3130 
  39      5051CC22 
  39      FAB1D190 
  40 0047 6691E0C6 		.ascii	"f\221\340\306v\332\271\367iB\233\240\013\227{\316\271"
  40      76DAB9F7 
  40      69429BA0 
  40      0B977BCE 
  40      B9
  41 0058 E7DCCFF7 		.ascii	"\347\334\317\367\034\256G\212n(\242\004\021\365\312"
  41      1CAE478A 
  41      6E28A204 
  41      11F5CA
  42 0067 468CA066 		.ascii	"F\214\240f\337\021\215\307\225\342\235\0162\215\272"
  42      DF118DC7 
  42      95E29D0E 
  42      328DBA
  43 0076 E6936962 		.ascii	"\346\223ibxQX\237\033\036`\015\023\007\215)\326\036"
  43      7851589F 
  43      1B1E600D 
  43      13078D29 
  43      D61E
  44 0088 C630C339 		.ascii	"\3060\3039\306\356\304\301\266\352Y2\262\302\\\025f"
  44      C6EEC4C1 
  44      B6EA5932 
  44      B2C25C15 
  44      66
  45 0099 3944C044 		.ascii	"9D\300Ds\262\355\302\022z$\353Cf\343\011Os\300\200\026"
ARM GAS  C:\Users\CYIRKO~1\AppData\Local\Temp\ccy1V5Ug.s 			page 3


  45      73B2EDC2 
  45      127A24EB 
  45      4366E309 
  45      4F73C080 
  46 00ae F7E8EDE3 		.ascii	"\367\350\355\343\375\026\353*t\212[\\\273w\330\314m"
  46      FD16EB2A 
  46      748A5B5C 
  46      BB77D8CC 
  46      6D
  47 00bf 20B14BB9 		.ascii	" \261K\271j\255\245{\321\230\264\011\277\336g\323\025"
  47      6AADA57B 
  47      D198B409 
  47      BFDE67D3 
  47      15
  48 00d0 3063052C 		.ascii	"0c\005,\017\342)\022XF\202$Dx\206n\233\277\267y\362"
  48      0FE22912 
  48      58468224 
  48      4478866E 
  48      9BBFB779 
  49 00e5 A039A623 		.ascii	"\2409\246# \236#\0069\327?\"4'\247\023&,-\240\267A\250"
  49      209E2306 
  49      39D73F22 
  49      3427A713 
  49      262C2DA0 
  50 00fc 92ADA54E 		.ascii	"\222\255\245N\023MI\242\355$\313\312\236\\G\372U\275"
  50      134D49A2 
  50      ED24CBCA 
  50      9E5C47FA 
  50      55BD
  51 010e C2B634CF 		.ascii	"\302\2664\317V\334\303\273\273\357\033\2548v\202~U\252"
  51      56DCC3BB 
  51      BBEF1BAC 
  51      3876827E 
  51      55AA
  52 0120 934D01F2 		.ascii	"\223M\001\362\343\322ag\300^^\342\253\"\302\336}+\357"
  52      E3D26167 
  52      C05E5EE2 
  52      AB22C2DE 
  52      7D2BEF
  53 0133 97D85F35 		.ascii	"\227\330_5\321\225\306\032\002<r\235c\035>}G\346\363"
  53      D195C61A 
  53      023C729D 
  53      631D3E7D 
  53      47E6F3
  54 0146 9B6B172F 		.ascii	"\233k\027/\037\225\313\237.\267\317\233IcZA\346|\301"
  54      1F95CB9F 
  54      2EB7CF9B 
  54      49635A41 
  54      E67CC1
  55 0159 EAC206DA 		.ascii	"\352\302\006\332\335\304\262\322\334N\207\225u\374c"
  55      DDC4B2D2 
  55      DC4E8795 
  55      75FC63
  56 0168 EEBA2DFE 		.ascii	"\356\272-\376KD\341\016\375C\306\246\223a\007\201\027"
  56      4B44E10E 
  56      FD43C6A6 
  56      93610781 
ARM GAS  C:\Users\CYIRKO~1\AppData\Local\Temp\ccy1V5Ug.s 			page 4


  56      17
  57 0179 F02561E5 		.ascii	"\360%a\345\313A\327\031\327\373\303-D\334\227\216\233"
  57      CB41D719 
  57      D7FBC32D 
  57      44DC978E 
  57      9B
  58 018a 15B3E647 		.ascii	"\025\263\346G\324\374\377Q\267.\250EG\315\355\275\236"
  58      D4FCFF51 
  58      B72EA845 
  58      47CDEDBD 
  58      9E
  59 019b BE24D8B8 		.ascii	"\276$\330\270\204\034\252t\206\362\334\340\177\"]8\215"
  59      841CAA74 
  59      86F2DCE0 
  59      7F225D38 
  59      8D
  60 01ac 5B94EB7B 		.ascii	"[\224\353{JJ%,\277\363\312\355[I?5\320\227\354\037J"
  60      4A4A252C 
  60      BFF3CAED 
  60      5B493F35 
  60      D097EC1F 
  61 01c1 8E0EF5A7 		.ascii	"\216\016\365\247\006\207o^M\222\036\351K\015\374\006"
  61      06876F5E 
  61      4D921EE9 
  61      4B0DFC06 
  62 01d1 7813CF4D 		.ascii	"x\023\317M"
  63              		.text
  64              		.section	.gnu.lto_.symbol_nodes.e3a0913,"",%progbits
  65 0000 789C6365 		.ascii	"x\234ce`b\020f\000\002&\206z\006\206\011\347\030@\324"
  65      60621066 
  65      00022686 
  65      7A068609 
  65      E71840D4 
  66 0014 AE0647A0 		.ascii	"\256\006G\240\010\000'\354\003\364"
  66      080027EC 
  66      03F4
  67              		.text
  68              		.section	.gnu.lto_.refs.e3a0913,"",%progbits
  69 0000 789C6365 		.ascii	"x\234ce`b`d\000\002\000\000I\000\011"
  69      60626064 
  69      00020000 
  69      490009
  70              		.text
  71              		.section	.gnu.lto_.decls.e3a0913,"",%progbits
  72 0000 789C7D52 		.ascii	"x\234}R\335K\223Q\030?\277\367lsM\323\245\026\006\243"
  72      DD4B9351 
  72      183FBFF7 
  72      6C734DD3 
  72      A51606A3 
  73 0014 862C1804 		.ascii	"\206,\030\004\023\377\003ad]\325My+\266\222\2441\245"
  73      13FF0361 
  73      645DD54D 
  73      792BB692 
  73      A431A5
  74 0027 B6BB8253 		.ascii	"\266\273\202S\323\013\243\302\010\214\211\301\012,K"
  74      D30BA3C2 
  74      088C89C1 
ARM GAS  C:\Users\CYIRKO~1\AppData\Local\Temp\ccy1V5Ug.s 			page 5


  74      0A2C4B
  75 0036 CDCFFCC8 		.ascii	"\315\317\374\310\264]$\324\260L\315\256l\0132\273\352"
  75      B45D24D4 
  75      B04CCDAE 
  75      6C0B32BB 
  75      EA
  76 0047 C388A4AB 		.ascii	"\303\210\244\253\365\234s\336\265Q\331\303\373\234\367"
  76      F59C73DE 
  76      B551D9C3 
  76      FB9CF7
  77 0056 F9FAFD9E 		.ascii	"\371\372\375\236\347y\317ke\006;\307\031\0130\306ZH"
  77      E779CF6B 
  77      65063BC7 
  77      190B30C6 
  77      5A48
  78 0068 332406BD 		.ascii	"3$\006\275\007HA\352gZ\244=\313\376\226\363\224\260"
  78      074841EA 
  78      675AA43D 
  78      CBFE96F3 
  78      94B0
  79 007a D1BB8EB4 		.ascii	"\321\273\216\264\224\264\234t\312\304M\222J\256\021"
  79      94B49C74 
  79      CAC44D92 
  79      4AAE11
  80 0089 D2B1FF70 		.ascii	"\322\261\377p\334\340\030\277\362t\306Ha\025T\017\247"
  80      DCE018BF 
  80      F274C648 
  80      6115540F 
  80      A7
  81 009a EE087D42 		.ascii	"\356\010}B\251r3Y\001T\234\242\206:u\241\012!\2130}"
  81      A9723359 
  81      01549CA2 
  81      863A75A1 
  81      0A218B30 
  82 00af C3740D93 		.ascii	"\303t\015\223R=&\030y\214:\255;eE\317\254\015\005\313"
  82      523D2618 
  82      798C3AAD 
  82      3B6545CF 
  82      AC0D05CB 
  83 00c3 A261E41A 		.ascii	"\242a\344\032\000\371\200<B=\266\231\377=\037\313-\207"
  83      00F9803C 
  83      423DB699 
  83      FF3D1FCB 
  83      2D87
  84 00d5 ECF61BB1 		.ascii	"\354\366\033\261\371uG\032oe4^\003\025KN\276\036vp\003"
  84      F975471A 
  84      6F65345E 
  84      03154B4E 
  84      BE1E7670 
  85 00ea D24EFFEC 		.ascii	"\322N\377\354\255\365\365\013-\366\375\271\317\266\330"
  85      ADF5F50B 
  85      2DF6FDB9 
  85      CFB6D8
  86 00f9 3AD4CDAF 		.ascii	":\324\315\257r\224:`\221</\272\336\027\223[\356\200"
  86      72943A60 
  86      913C2FBA 
  86      DE17935B 
ARM GAS  C:\Users\CYIRKO~1\AppData\Local\Temp\ccy1V5Ug.s 			page 6


  86      EE80
  87 010b 9BDC2FAB 		.ascii	"\233\334/\253\361\035\334\245\030\326\256\367,\332\370"
  87      F11DDCA5 
  87      18D6AEF7 
  87      2CDAF8
  88 011a 1E65774D 		.ascii	"\036ewM\177OZ5\310N\356\304\347\276\211\355\032\224"
  88      7F4F5A35 
  88      C84EEEC4 
  88      E7BE89ED 
  88      1A94
  89 012c 90E91F0B 		.ascii	"\220\351\037\013\317\333\212\371>Yj\371\270<x\313\001"
  89      CFDB8AF9 
  89      3E596AF9 
  89      B83C78CB 
  89      01
  90 013d 4F99C77B 		.ascii	"O\231\307{[\266N\244\347\012b\353B\264\333\340/\304"
  90      5BB64EA4 
  90      E70A62EB 
  90      42B4DBE0 
  90      2FC4
  91 014f 30384651 		.ascii	"08FQ\206~\270\320\007\027C\225\213v\"\217f\273&\313"
  91      867EB8D0 
  91      07174395 
  91      8B76228F 
  91      66BB26CB 
  92 0163 3B84A8B1 		.ascii	";\204\250\2610\014Q~P\346\037\230\200\373\360\341!\274"
  92      300C517E 
  92      50E61F98 
  92      80FBF0E1 
  92      21BC
  93 0175 18830723 		.ascii	"\030\203\007#\360\250e4\177j\230\217\212D+\227\364\003"
  93      F0A86534 
  93      7F6A988F 
  93      8A442B97 
  93      F403
  94 0187 FFA4AF96 		.ascii	"\377\244\257\226\354wT\361\313\013\234\276\206\254a"
  94      EC7754F1 
  94      CB0B9CBE 
  94      86AC61
  95 0196 9232EF67 		.ascii	"\2222\357gz\265<`\345\007\344\006\306\223\236\356d1"
  95      7AB53C60 
  95      E507E406 
  95      C6939EEE 
  95      6431
  96 01a8 BC651AF2 		.ascii	"\274e\032\362\346\233UB&\211v\234\3505J1l1\362\004\215"
  96      E69B5542 
  96      2689769C 
  96      E8354A31 
  96      6C31F204 
  97 01bd B9D5C8D4 		.ascii	"\271\325\310\324\251}\343\303ZI\321%!.\212\216\250\330"
  97      A97DE3C3 
  97      5A49D125 
  97      212E8A8E 
  97      A8D8
  98 01cf 76483167 		.ascii	"vH1g\007f\230B\221Y\230\270\2742n\267\030:\206\343\026"
  98      07669842 
  98      915998B8 
ARM GAS  C:\Users\CYIRKO~1\AppData\Local\Temp\ccy1V5Ug.s 			page 7


  98      BC326EB7 
  98      183A86E3 
  99 01e4 199BCB6C 		.ascii	"\031\233\313l&J\364=\030\344.}\235\277Y\250\357\301"
  99      264AF43D 
  99      18E42E7D 
  99      9DBF59A8 
  99      EFC1
 100 01f6 496EDB52 		.ascii	"In\333RloE\247\272\361\250p\032\250\333\205\307D<\255"
 100      6C6F45A7 
 100      BAF1A870 
 100      1AA8DB85 
 100      C7443CAD 
 101 020a 88675041 		.ascii	"\210gPA\347#X4\373\324\247g+\005\225q\021\177'\022\233"
 101      E7235834 
 101      FBD4A767 
 101      2B059571 
 101      117F2712 
 102 021f B1F2CEA8 		.ascii	"\261\362\316\250\350%\230[\226\341^nO2\351\354E\032"
 102      E825985B 
 102      96E15E6E 
 102      4F32E9EC 
 102      451A
 103 0231 B88B14FD 		.ascii	"\270\213\024\375\214\263\250d\316p\343\221H\330\337"
 103      8CB3A864 
 103      CE70E391 
 103      48D8DF
 104 0240 100C4482 		.ascii	"\020\014D\202\015\341\246\346\220\375\340\341cn\177"
 104      0DE1A6E6 
 104      90FDE0E1 
 104      636E7F
 105 024f 7535C369 		.ascii	"u5\303i\333\321Z\177s\250\321\332\024j\211\204w7\205"
 105      DBD15A7F 
 105      73A8D1DA 
 105      146A8984 
 105      773785
 106 0262 02C1C889 		.ascii	"\002\301\310\211\223U\341\306\372@\256\334w\212\331"
 106      9355E1C6 
 106      FA40AEDC 
 106      778AD9
 107 0271 75597D78 		.ascii	"uY}x\347\3313\201?\323\001\366\013\264\353\000\\"
 107      E7D93381 
 107      3FD301F6 
 107      0BB4EB00 
 107      5C
 108              		.text
 109              		.section	.gnu.lto_.symtab.e3a0913,"",%progbits
 110 0000 74664F75 		.ascii	"tfOutCalculation\000"
 110      7443616C 
 110      63756C61 
 110      74696F6E 
 110      00
 111 0011 00       		.ascii	"\000"
 112 0012 00       		.ascii	"\000"
 113 0013 00       		.ascii	"\000"
 114 0014 00000000 		.ascii	"\000\000\000\000\000\000\000\000"
 114      00000000 
 115 001c BE000000 		.ascii	"\276\000\000\000"
ARM GAS  C:\Users\CYIRKO~1\AppData\Local\Temp\ccy1V5Ug.s 			page 8


 116              		.text
 117              		.section	.gnu.lto_.opts,"",%progbits
 118 0000 272D666D 		.ascii	"'-fmath-errno' '-fsigned-zeros' '-ftrapping-math' '"
 118      6174682D 
 118      6572726E 
 118      6F272027 
 118      2D667369 
 119 0033 2D666E6F 		.ascii	"-fno-trapv' '-fno-openmp' '-fno-openacc' '-mcpu=cor"
 119      2D747261 
 119      70762720 
 119      272D666E 
 119      6F2D6F70 
 120 0066 7465782D 		.ascii	"tex-m7' '-mno-thumb-interwork' '-mthumb' '-ggdb' '-"
 120      6D372720 
 120      272D6D6E 
 120      6F2D7468 
 120      756D622D 
 121 0099 4F322720 		.ascii	"O2' '-fomit-frame-pointer' '-falign-functions=16' '"
 121      272D666F 
 121      6D69742D 
 121      6672616D 
 121      652D706F 
 122 00cc 2D666675 		.ascii	"-ffunction-sections' '-fdata-sections' '-fno-common"
 122      6E637469 
 122      6F6E2D73 
 122      65637469 
 122      6F6E7327 
 123 00ff 2720272D 		.ascii	"' '-flto'\000"
 123      666C746F 
 123      2700
 124              		.text
 125              		.comm	__gnu_lto_v1,1,1
 126              		.comm	__gnu_lto_slim,1,1
 127              		.ident	"GCC: (GNU Tools for ARM Embedded Processors 6-2017-q1-update) 6.3.1 20170215 (release) [AR
ARM GAS  C:\Users\CYIRKO~1\AppData\Local\Temp\ccy1V5Ug.s 			page 9


DEFINED SYMBOLS
                            *ABS*:00000000 tf_calculation.c
                            *COM*:00000001 __gnu_lto_v1
                            *COM*:00000001 __gnu_lto_slim

NO UNDEFINED SYMBOLS
